Using platform vendor: Intel(R) Corporation
Loop: 0
  Solve: 2.6691ms
  SolveCPU: 24.1816ms
 Island solver: 26.9710ms
Step: 366.8445ms
====================================
Loop: 1
  Solve: 2.6147ms
  SolveCPU: 21.8432ms
 Island solver: 24.5692ms
Step: 183.8835ms
====================================
Loop: 2
  Solve: 2.5862ms
  SolveCPU: 22.9576ms
 Island solver: 25.6594ms
Step: 181.2428ms
====================================
Loop: 3
  Solve: 3.0121ms
  SolveCPU: 21.9662ms
 Island solver: 25.0925ms
Step: 183.6841ms
====================================
Loop: 4
  Solve: 2.9518ms
  SolveCPU: 23.0308ms
 Island solver: 26.1088ms
Step: 184.1693ms
====================================
Loop: 5
  Solve: 2.6960ms
  SolveCPU: 21.9826ms
 Island solver: 24.8139ms
Step: 183.4706ms
====================================
Loop: 6
  Solve: 2.6201ms
  SolveCPU: 22.0508ms
 Island solver: 24.7891ms
Step: 183.3271ms
====================================
Loop: 7
  Solve: 2.6155ms
  SolveCPU: 22.2326ms
 Island solver: 24.9663ms
Step: 182.8830ms
====================================
Loop: 8
  Solve: 2.5808ms
  SolveCPU: 22.5296ms
 Island solver: 25.2270ms
Step: 182.4904ms
====================================
Loop: 9
  Solve: 2.6929ms
  SolveCPU: 23.6591ms
 Island solver: 26.4733ms
Step: 183.8416ms
====================================
Loop: 10
  Solve: 4.0240ms
  SolveCPU: 23.1404ms
 Island solver: 27.3709ms
Step: 185.2010ms
====================================
Loop: 11
  Solve: 2.6027ms
  SolveCPU: 22.0950ms
 Island solver: 24.8217ms
Step: 183.1689ms
====================================
Loop: 12
  Solve: 2.6119ms
  SolveCPU: 21.7789ms
 Island solver: 24.5148ms
Step: 183.7791ms
====================================
Loop: 13
  Solve: 2.6220ms
  SolveCPU: 22.0768ms
 Island solver: 24.8229ms
Step: 180.7484ms
====================================
Loop: 14
  Solve: 3.1873ms
  SolveCPU: 22.7821ms
 Island solver: 26.0829ms
Step: 183.4536ms
====================================
Loop: 15
  Solve: 2.5955ms
  SolveCPU: 22.1977ms
 Island solver: 24.9100ms
Step: 183.6641ms
====================================
Loop: 16
  Solve: 3.3474ms
  SolveCPU: 22.5955ms
 Island solver: 26.0555ms
Step: 182.8117ms
====================================
Loop: 17
  Solve: 2.6298ms
  SolveCPU: 22.1822ms
 Island solver: 24.9335ms
Step: 182.3720ms
====================================
Loop: 18
  Solve: 2.6017ms
  SolveCPU: 21.8936ms
 Island solver: 24.6250ms
Step: 342.9264ms
====================================
Loop: 19
  Solve: 2.7634ms
  SolveCPU: 22.7467ms
 Island solver: 25.6267ms
Step: 182.0456ms
====================================
Loop: 20
  Solve: 2.7625ms
  SolveCPU: 22.3757ms
 Island solver: 25.2596ms
Step: 182.1104ms
====================================
Loop: 21
  Solve: 2.5808ms
  SolveCPU: 23.6868ms
 Island solver: 26.3783ms
Step: 187.0246ms
====================================
Loop: 22
  Solve: 2.7264ms
  SolveCPU: 22.1833ms
 Island solver: 25.0255ms
Step: 182.5994ms
====================================
Loop: 23
  Solve: 2.6228ms
  SolveCPU: 21.9094ms
 Island solver: 24.6487ms
Step: 181.5197ms
====================================
Loop: 24
  Solve: 3.2724ms
  SolveCPU: 21.9386ms
 Island solver: 25.3246ms
Step: 181.6987ms
====================================
Loop: 25
  Solve: 2.6038ms
  SolveCPU: 21.9779ms
 Island solver: 24.6998ms
Step: 182.3759ms
====================================
Loop: 26
  Solve: 2.8017ms
  SolveCPU: 22.0118ms
 Island solver: 24.9342ms
Step: 341.2729ms
====================================
Loop: 27
  Solve: 2.7818ms
  SolveCPU: 22.3089ms
 Island solver: 25.2076ms
Step: 184.1800ms
====================================
Loop: 28
  Solve: 2.6141ms
  SolveCPU: 21.8658ms
 Island solver: 24.5986ms
Step: 180.4692ms
====================================
Loop: 29
  Solve: 3.0733ms
  SolveCPU: 22.4635ms
 Island solver: 25.6664ms
Step: 181.0524ms
====================================
Loop: 30
  Solve: 2.9238ms
  SolveCPU: 23.7617ms
 Island solver: 26.7983ms
Step: 185.5743ms
====================================
Loop: 31
  Solve: 3.4955ms
  SolveCPU: 23.7994ms
 Island solver: 27.4103ms
Step: 185.3596ms
====================================
Loop: 32
  Solve: 3.4836ms
  SolveCPU: 24.1723ms
 Island solver: 27.8720ms
Step: 187.6858ms
====================================
Loop: 33
  Solve: 2.7343ms
  SolveCPU: 22.2728ms
 Island solver: 25.1239ms
Step: 341.1896ms
====================================
Loop: 34
  Solve: 2.6042ms
  SolveCPU: 21.9546ms
 Island solver: 24.6774ms
Step: 184.1412ms
====================================
Loop: 35
  Solve: 2.5561ms
  SolveCPU: 22.0710ms
 Island solver: 24.7466ms
Step: 180.9767ms
====================================
Loop: 36
  Solve: 2.5647ms
  SolveCPU: 21.9354ms
 Island solver: 24.6116ms
Step: 183.0837ms
====================================
Loop: 37
  Solve: 2.5856ms
  SolveCPU: 22.2388ms
 Island solver: 24.9369ms
Step: 187.2077ms
====================================
Loop: 38
  Solve: 2.6770ms
  SolveCPU: 22.1940ms
 Island solver: 24.9813ms
Step: 339.0461ms
====================================
Loop: 39
  Solve: 2.6207ms
  SolveCPU: 22.0405ms
 Island solver: 24.7773ms
Step: 183.7667ms
====================================
Loop: 40
  Solve: 2.6385ms
  SolveCPU: 22.9484ms
 Island solver: 25.7072ms
Step: 182.2157ms
====================================
Loop: 41
  Solve: 2.6967ms
  SolveCPU: 22.7384ms
 Island solver: 25.5517ms
Step: 182.1049ms
====================================
Loop: 42
  Solve: 2.7011ms
  SolveCPU: 22.8082ms
 Island solver: 25.6240ms
Step: 182.7251ms
====================================
Loop: 43
  Solve: 2.6062ms
  SolveCPU: 22.2014ms
 Island solver: 24.9259ms
Step: 343.1173ms
====================================
Loop: 44
  Solve: 3.8619ms
  SolveCPU: 22.4119ms
 Island solver: 26.3952ms
Step: 182.6751ms
====================================
Loop: 45
  Solve: 2.8063ms
  SolveCPU: 22.0896ms
 Island solver: 25.0134ms
Step: 187.7213ms
====================================
Loop: 46
  Solve: 3.6140ms
  SolveCPU: 24.5590ms
 Island solver: 28.2955ms
Step: 186.4768ms
====================================
Loop: 47
  Solve: 4.8935ms
  SolveCPU: 21.8511ms
 Island solver: 26.8893ms
Step: 342.8911ms
====================================
Loop: 48
  Solve: 7.3959ms
  SolveCPU: 22.4682ms
 Island solver: 30.0219ms
Step: 191.8649ms
====================================
Loop: 49
  Solve: 7.0243ms
  SolveCPU: 22.5635ms
 Island solver: 29.7440ms
Step: 189.5929ms
====================================
Loop: 50
  Solve: 8.9074ms
  SolveCPU: 22.6465ms
 Island solver: 31.7343ms
Step: 191.8626ms
====================================
Loop: 51
  Solve: 10.2191ms
  SolveCPU: 22.5479ms
 Island solver: 32.9379ms
Step: 346.0733ms
====================================
Loop: 52
  Solve: 11.9986ms
  SolveCPU: 25.9429ms
 Island solver: 38.1302ms
Step: 200.8224ms
====================================
Loop: 53
  Solve: 12.6335ms
  SolveCPU: 22.8091ms
 Island solver: 35.6485ms
Step: 199.4035ms
====================================
Loop: 54
  Solve: 13.0072ms
  SolveCPU: 22.8999ms
 Island solver: 36.1320ms
Step: 202.2498ms
====================================
Loop: 55
  Solve: 13.3466ms
  SolveCPU: 23.0602ms
 Island solver: 36.6024ms
Step: 347.3118ms
====================================
Loop: 56
  Solve: 14.4550ms
  SolveCPU: 24.2812ms
 Island solver: 38.9534ms
Step: 205.3303ms
====================================
Loop: 57
  Solve: 14.5140ms
  SolveCPU: 24.5502ms
 Island solver: 39.2857ms
Step: 205.9842ms
====================================
Loop: 58
  Solve: 15.4835ms
  SolveCPU: 23.6237ms
 Island solver: 39.3166ms
Step: 210.6604ms
====================================
Loop: 59
  Solve: 16.2253ms
  SolveCPU: 24.2684ms
 Island solver: 40.7197ms
Step: 345.0440ms
====================================
Loop: 60
  Solve: 17.8158ms
  SolveCPU: 25.3837ms
 Island solver: 43.4328ms
Step: 213.4412ms
====================================
Loop: 61
  Solve: 19.4065ms
  SolveCPU: 24.3101ms
 Island solver: 43.9753ms
Step: 216.9236ms
====================================
Loop: 62
  Solve: 17.8277ms
  SolveCPU: 24.0946ms
 Island solver: 42.1787ms
Step: 345.4833ms
====================================
Loop: 63
  Solve: 19.3667ms
  SolveCPU: 24.7372ms
 Island solver: 44.3731ms
Step: 221.4289ms
====================================
Loop: 64
  Solve: 23.5907ms
  SolveCPU: 24.9359ms
 Island solver: 48.8012ms
Step: 227.5588ms
====================================
Loop: 65
  Solve: 23.3676ms
  SolveCPU: 25.5137ms
 Island solver: 49.1546ms
Step: 355.9992ms
====================================
Loop: 66
  Solve: 26.0998ms
  SolveCPU: 27.7864ms
 Island solver: 54.1720ms
Step: 234.6477ms
====================================
Loop: 67
  Solve: 26.9871ms
  SolveCPU: 26.9982ms
 Island solver: 54.2766ms
Step: 230.6976ms
====================================
Loop: 68
  Solve: 27.8646ms
  SolveCPU: 27.0523ms
 Island solver: 55.2443ms
Step: 389.2255ms
====================================
Loop: 69
  Solve: 31.0464ms
  SolveCPU: 27.0528ms
 Island solver: 58.3870ms
Step: 245.9534ms
====================================
Loop: 70
  Solve: 28.2738ms
  SolveCPU: 26.4871ms
 Island solver: 55.0825ms
Step: 247.1600ms
====================================
Loop: 71
  Solve: 37.4503ms
  SolveCPU: 27.2302ms
 Island solver: 65.0032ms
Step: 361.4405ms
====================================
Loop: 72
  Solve: 32.7281ms
  SolveCPU: 26.9829ms
 Island solver: 60.0244ms
Step: 246.0786ms
====================================
Loop: 73
  Solve: 38.8837ms
  SolveCPU: 28.1222ms
 Island solver: 67.3405ms
Step: 257.5157ms
====================================
Loop: 74
  Solve: 36.7545ms
  SolveCPU: 27.5795ms
 Island solver: 64.6654ms
Step: 357.7845ms
====================================
Loop: 75
  Solve: 39.8018ms
  SolveCPU: 28.3744ms
 Island solver: 68.5714ms
Step: 262.2313ms
====================================
Loop: 76
  Solve: 45.3877ms
  SolveCPU: 28.6978ms
 Island solver: 74.4634ms
Step: 269.5679ms
====================================
Loop: 77
  Solve: 41.0503ms
  SolveCPU: 28.2975ms
 Island solver: 69.7377ms
Step: 367.5355ms
====================================
Loop: 78
  Solve: 44.2257ms
  SolveCPU: 33.0520ms
 Island solver: 77.6717ms
Step: 275.9902ms
====================================
Loop: 79
  Solve: 54.5607ms
  SolveCPU: 31.7727ms
 Island solver: 86.7427ms
Step: 287.0439ms
====================================
Loop: 80
  Solve: 55.5265ms
  SolveCPU: 31.8898ms
 Island solver: 87.8475ms
Step: 386.8893ms
====================================
Loop: 81
  Solve: 74.9894ms
  SolveCPU: 33.2054ms
 Island solver: 108.6400ms
Step: 317.7208ms
====================================
Loop: 82
  Solve: 80.6018ms
  SolveCPU: 34.3160ms
 Island solver: 115.2535ms
Step: 323.7149ms
====================================
Loop: 83
  Solve: 87.7374ms
  SolveCPU: 32.7483ms
 Island solver: 120.8549ms
Step: 424.6659ms
====================================
Loop: 84
  Solve: 96.6530ms
  SolveCPU: 34.5569ms
 Island solver: 131.5725ms
Step: 351.1664ms
====================================
Loop: 85
  Solve: 114.3650ms
  SolveCPU: 34.5559ms
 Island solver: 149.3346ms
Step: 369.3804ms
====================================
Loop: 86
  Solve: 109.6605ms
  SolveCPU: 34.5780ms
 Island solver: 144.6526ms
Step: 452.4030ms
====================================
Loop: 87
  Solve: 121.4840ms
  SolveCPU: 35.8987ms
 Island solver: 157.8174ms
Step: 385.2468ms
====================================
Loop: 88
  Solve: 119.3264ms
  SolveCPU: 35.8772ms
 Island solver: 155.5588ms
Step: 389.9914ms
====================================
Loop: 89
  Solve: 128.8769ms
  SolveCPU: 39.3589ms
 Island solver: 168.5023ms
Step: 480.6724ms
====================================
Loop: 90
  Solve: 134.3260ms
  SolveCPU: 39.2054ms
 Island solver: 173.8232ms
Step: 413.5662ms
====================================
Loop: 91
  Solve: 148.2160ms
  SolveCPU: 39.0985ms
 Island solver: 187.6060ms
Step: 430.9484ms
====================================
Loop: 92
  Solve: 155.5898ms
  SolveCPU: 39.6304ms
 Island solver: 195.5401ms
Step: 513.5353ms
====================================
Loop: 93
  Solve: 161.7657ms
  SolveCPU: 39.1075ms
 Island solver: 201.1861ms
Step: 450.9543ms
====================================
Loop: 94
  Solve: 155.6901ms
  SolveCPU: 42.3443ms
 Island solver: 198.3701ms
Step: 519.1857ms
====================================
Loop: 95
  Solve: 165.9091ms
  SolveCPU: 40.5830ms
 Island solver: 206.7392ms
Step: 465.6708ms
====================================
Loop: 96
  Solve: 166.9946ms
  SolveCPU: 43.6973ms
 Island solver: 210.9552ms
Step: 536.8989ms
====================================
Loop: 97
  Solve: 181.0605ms
  SolveCPU: 41.4115ms
 Island solver: 222.7349ms
Step: 491.6394ms
====================================
Loop: 98
  Solve: 184.5550ms
  SolveCPU: 42.2721ms
 Island solver: 227.1015ms
Step: 559.2061ms
====================================
Loop: 99
  Solve: 182.7216ms
  SolveCPU: 44.8821ms
 Island solver: 227.8891ms
Step: 506.8551ms
====================================
Loop: 100
  Solve: 187.9820ms
  SolveCPU: 44.8984ms
 Island solver: 233.1823ms
Step: 571.8606ms
====================================
Loop: 101
  Solve: 184.8508ms
  SolveCPU: 45.4301ms
 Island solver: 230.5806ms
Step: 522.4039ms
====================================
Loop: 102
  Solve: 179.9035ms
  SolveCPU: 47.1622ms
 Island solver: 227.3728ms
Step: 575.8341ms
====================================
Loop: 103
  Solve: 203.1244ms
  SolveCPU: 45.7895ms
 Island solver: 249.2147ms
Step: 555.7830ms
====================================
Loop: 104
  Solve: 188.4657ms
  SolveCPU: 47.3824ms
 Island solver: 236.1858ms
Step: 600.1161ms
====================================
Loop: 105
  Solve: 203.8733ms
  SolveCPU: 50.1493ms
 Island solver: 254.3810ms
Step: 580.3240ms
====================================
Loop: 106
  Solve: 206.3214ms
  SolveCPU: 49.5206ms
 Island solver: 256.2119ms
Step: 631.7624ms
====================================
Loop: 107
  Solve: 205.4980ms
  SolveCPU: 51.2060ms
 Island solver: 257.0928ms
Step: 596.0898ms
====================================
Loop: 108
  Solve: 211.6651ms
  SolveCPU: 51.4310ms
 Island solver: 263.4769ms
Step: 644.6158ms
====================================
Loop: 109
  Solve: 212.1522ms
  SolveCPU: 53.5220ms
 Island solver: 266.0637ms
Step: 620.6928ms
====================================
Loop: 110
  Solve: 226.9029ms
  SolveCPU: 53.6160ms
 Island solver: 280.9303ms
Step: 679.0002ms
====================================
Loop: 111
  Solve: 224.0648ms
  SolveCPU: 57.2690ms
 Island solver: 281.7462ms
Step: 656.2443ms
====================================
Loop: 112
  Solve: 226.1232ms
  SolveCPU: 56.2837ms
 Island solver: 282.8688ms
Step: 698.6389ms
====================================
Loop: 113
  Solve: 237.8227ms
  SolveCPU: 58.2425ms
 Island solver: 296.4988ms
Step: 692.0417ms
====================================
Loop: 114
  Solve: 235.2144ms
  SolveCPU: 59.7310ms
 Island solver: 295.2999ms
Step: 730.5660ms
====================================
Loop: 115
  Solve: 236.0506ms
  SolveCPU: 62.6368ms
 Island solver: 299.0699ms
Step: 716.8004ms
====================================
Loop: 116
  Solve: 232.8464ms
  SolveCPU: 64.7513ms
 Island solver: 298.0027ms
Step: 763.1158ms
====================================
Loop: 117
  Solve: 249.7500ms
  SolveCPU: 64.8745ms
 Island solver: 315.0180ms
Step: 760.6711ms
====================================
Loop: 118
  Solve: 245.2048ms
  SolveCPU: 66.3622ms
 Island solver: 311.9617ms
Step: 788.6613ms
====================================
Loop: 119
  Solve: 251.5698ms
  SolveCPU: 69.4049ms
 Island solver: 321.3891ms
Step: 799.6854ms
====================================
Loop: 120
  Solve: 264.5009ms
  SolveCPU: 71.1323ms
 Island solver: 336.0576ms
Step: 840.5750ms
====================================
Loop: 121
  Solve: 342.6759ms
  SolveCPU: 81.3225ms
 Island solver: 424.5029ms
Step: 1036.5739ms
====================================
Loop: 122
  Solve: 260.4052ms
  SolveCPU: 73.1555ms
 Island solver: 334.0091ms
Step: 868.4202ms
====================================
Loop: 123
  Solve: 263.9988ms
  SolveCPU: 79.8930ms
 Island solver: 344.2545ms
Step: 874.5647ms
====================================
Loop: 124
  Solve: 278.7038ms
  SolveCPU: 77.8712ms
 Island solver: 356.9566ms
Step: 916.0698ms
====================================
Loop: 125
  Solve: 293.2206ms
  SolveCPU: 82.0853ms
 Island solver: 375.6790ms
Step: 931.7076ms
====================================
Loop: 126
  Solve: 289.0328ms
  SolveCPU: 83.9469ms
 Island solver: 373.3687ms
Step: 951.0184ms
====================================
Loop: 127
  Solve: 298.8300ms
  SolveCPU: 84.5127ms
 Island solver: 383.9077ms
Step: 971.3216ms
====================================
Loop: 128
  Solve: 289.7056ms
  SolveCPU: 84.2722ms
 Island solver: 374.3842ms
Step: 970.7957ms
====================================
Loop: 129
  Solve: 290.4656ms
  SolveCPU: 85.5109ms
 Island solver: 376.3736ms
Step: 985.1714ms
====================================
Loop: 130
  Solve: 295.0671ms
  SolveCPU: 87.3907ms
 Island solver: 382.8451ms
Step: 998.8434ms
====================================
Loop: 131
  Solve: 285.4472ms
  SolveCPU: 87.2779ms
 Island solver: 373.1125ms
Step: 1000.0386ms
====================================
Loop: 132
  Solve: 280.7096ms
  SolveCPU: 88.1348ms
 Island solver: 369.2106ms
Step: 998.9221ms
====================================
Loop: 133
  Solve: 292.3705ms
  SolveCPU: 88.8835ms
 Island solver: 381.6343ms
Step: 1014.2105ms
====================================
Loop: 134
  Solve: 275.9171ms
  SolveCPU: 89.7951ms
 Island solver: 366.1449ms
Step: 1007.6660ms
====================================
Loop: 135
  Solve: 281.7981ms
  SolveCPU: 89.9680ms
 Island solver: 372.2013ms
Step: 1018.3915ms
====================================
Loop: 136
  Solve: 260.8842ms
  SolveCPU: 93.2312ms
 Island solver: 354.5264ms
Step: 1001.8246ms
====================================
Loop: 137
  Solve: 258.6364ms
  SolveCPU: 92.8093ms
 Island solver: 351.8523ms
Step: 1008.6857ms
====================================
Loop: 138
  Solve: 247.2716ms
  SolveCPU: 96.4853ms
 Island solver: 344.1491ms
Step: 1000.4936ms
====================================
Loop: 139
  Solve: 244.6212ms
  SolveCPU: 95.7774ms
 Island solver: 340.7828ms
Step: 1006.6680ms
====================================
Loop: 140
  Solve: 232.6297ms
  SolveCPU: 96.7322ms
 Island solver: 329.7360ms
Step: 994.4274ms
====================================
Loop: 141
  Solve: 228.0468ms
  SolveCPU: 96.8203ms
 Island solver: 325.3050ms
Step: 993.9095ms
====================================
Loop: 142
  Solve: 224.3852ms
  SolveCPU: 97.4566ms
 Island solver: 322.2893ms
Step: 997.0330ms
====================================
Loop: 143
  Solve: 222.7738ms
  SolveCPU: 95.9972ms
 Island solver: 319.2049ms
Step: 997.7695ms
====================================
Loop: 144
  Solve: 219.0637ms
  SolveCPU: 95.7629ms
 Island solver: 315.2320ms
Step: 990.1613ms
====================================
Loop: 145
  Solve: 215.9791ms
  SolveCPU: 93.6341ms
 Island solver: 310.0383ms
Step: 991.0950ms
====================================
Loop: 146
  Solve: 203.5764ms
  SolveCPU: 92.1484ms
 Island solver: 296.1139ms
Step: 982.1779ms
====================================
Loop: 147
  Solve: 199.3150ms
  SolveCPU: 91.6591ms
 Island solver: 291.3519ms
Step: 977.2385ms
====================================
Loop: 148
  Solve: 199.1194ms
  SolveCPU: 93.2005ms
 Island solver: 292.7055ms
Step: 976.0541ms
====================================
Loop: 149
  Solve: 197.5815ms
  SolveCPU: 92.9878ms
 Island solver: 290.9237ms
Step: 972.9506ms
====================================
Loop: 150
  Solve: 212.8208ms
  SolveCPU: 95.1163ms
 Island solver: 308.3019ms
Step: 984.5274ms
====================================
Loop: 151
  Solve: 193.1355ms
  SolveCPU: 98.4420ms
 Island solver: 291.9423ms
Step: 972.1912ms
====================================
Loop: 152
  Solve: 186.9435ms
  SolveCPU: 96.2688ms
 Island solver: 283.6339ms
Step: 962.0148ms
====================================
Loop: 153
  Solve: 179.3805ms
  SolveCPU: 93.0604ms
 Island solver: 272.7397ms
Step: 944.2057ms
====================================
Loop: 154
  Solve: 175.8810ms
  SolveCPU: 94.3199ms
 Island solver: 270.5123ms
Step: 947.0984ms
====================================
Loop: 155
  Solve: 178.2599ms
  SolveCPU: 90.5115ms
 Island solver: 269.0558ms
Step: 944.0107ms
====================================
Loop: 156
  Solve: 183.9679ms
  SolveCPU: 90.2711ms
 Island solver: 274.5083ms
Step: 947.2765ms
====================================
Loop: 157
  Solve: 168.3693ms
  SolveCPU: 88.9859ms
 Island solver: 257.6181ms
Step: 924.0870ms
====================================
Loop: 158
  Solve: 158.1412ms
  SolveCPU: 88.7887ms
 Island solver: 247.1894ms
Step: 918.0733ms
====================================
Loop: 159
  Solve: 152.9577ms
  SolveCPU: 91.5877ms
 Island solver: 244.7899ms
Step: 912.4584ms
====================================
Loop: 160
  Solve: 155.5939ms
  SolveCPU: 90.8301ms
 Island solver: 246.6641ms
Step: 914.4547ms
====================================
Loop: 161
  Solve: 163.5398ms
  SolveCPU: 90.1161ms
 Island solver: 253.8858ms
Step: 917.0026ms
====================================
Loop: 162
  Solve: 151.1022ms
  SolveCPU: 87.2927ms
 Island solver: 238.6965ms
Step: 897.8953ms
====================================
Loop: 163
  Solve: 139.2522ms
  SolveCPU: 95.4818ms
 Island solver: 235.1256ms
Step: 894.1554ms
====================================
Loop: 164
  Solve: 147.9404ms
  SolveCPU: 90.2641ms
 Island solver: 238.5768ms
Step: 893.1211ms
====================================
Loop: 165
  Solve: 137.2807ms
  SolveCPU: 90.6662ms
 Island solver: 228.3207ms
Step: 881.8456ms
====================================
Loop: 166
  Solve: 146.6074ms
  SolveCPU: 87.0137ms
 Island solver: 233.9829ms
Step: 888.2947ms
====================================
Loop: 167
  Solve: 132.3397ms
  SolveCPU: 84.0492ms
 Island solver: 216.7625ms
Step: 868.7482ms
====================================
Loop: 168
  Solve: 133.0472ms
  SolveCPU: 86.0175ms
 Island solver: 219.4520ms
Step: 870.3088ms
====================================
Loop: 169
  Solve: 131.5063ms
  SolveCPU: 86.0216ms
 Island solver: 217.9240ms
Step: 866.1246ms
====================================
Loop: 170
  Solve: 128.5652ms
  SolveCPU: 84.6718ms
 Island solver: 213.5791ms
Step: 864.6475ms
====================================
Loop: 171
  Solve: 120.6687ms
  SolveCPU: 90.8273ms
 Island solver: 211.8547ms
Step: 861.9792ms
====================================
Loop: 172
  Solve: 127.5125ms
  SolveCPU: 90.6510ms
 Island solver: 218.5210ms
Step: 858.8512ms
====================================
Loop: 173
  Solve: 128.3889ms
  SolveCPU: 84.8628ms
 Island solver: 213.5853ms
Step: 855.0590ms
====================================
Loop: 174
  Solve: 119.6509ms
  SolveCPU: 80.9550ms
 Island solver: 200.9534ms
Step: 847.7466ms
====================================
Loop: 175
  Solve: 117.8971ms
  SolveCPU: 84.1606ms
 Island solver: 202.4046ms
Step: 847.1599ms
====================================
Loop: 176
  Solve: 128.5689ms
  SolveCPU: 86.0061ms
 Island solver: 214.9249ms
Step: 855.5292ms
====================================
Loop: 177
  Solve: 121.6668ms
  SolveCPU: 81.2118ms
 Island solver: 203.1967ms
Step: 848.2498ms
====================================
Loop: 178
  Solve: 115.7212ms
  SolveCPU: 86.0189ms
 Island solver: 202.0786ms
Step: 835.7310ms
====================================
Loop: 179
  Solve: 116.2444ms
  SolveCPU: 81.7434ms
 Island solver: 198.3624ms
Step: 832.3835ms
====================================
Loop: 180
  Solve: 122.2090ms
  SolveCPU: 79.2465ms
 Island solver: 201.7652ms
Step: 841.4762ms
====================================
Loop: 181
  Solve: 115.3579ms
  SolveCPU: 81.9091ms
 Island solver: 197.5744ms
Step: 833.8063ms
====================================
Loop: 182
  Solve: 116.9111ms
  SolveCPU: 79.8110ms
 Island solver: 197.0371ms
Step: 837.3152ms
====================================
Loop: 183
  Solve: 118.8234ms
  SolveCPU: 79.5100ms
 Island solver: 198.6456ms
Step: 842.5137ms
====================================
Loop: 184
  Solve: 109.2029ms
  SolveCPU: 85.9969ms
 Island solver: 195.5026ms
Step: 832.2214ms
====================================
Loop: 185
  Solve: 111.7587ms
  SolveCPU: 80.9127ms
 Island solver: 192.9701ms
Step: 824.7573ms
====================================
Loop: 186
  Solve: 115.9049ms
  SolveCPU: 80.3499ms
 Island solver: 196.5457ms
Step: 837.4761ms
====================================
Loop: 187
  Solve: 106.5997ms
  SolveCPU: 81.3876ms
 Island solver: 188.2997ms
Step: 817.4543ms
====================================
Loop: 188
  Solve: 117.5506ms
  SolveCPU: 80.2448ms
 Island solver: 198.0936ms
Step: 833.4273ms
====================================
Loop: 189
  Solve: 105.2589ms
  SolveCPU: 77.0182ms
 Island solver: 182.6715ms
Step: 816.0992ms
====================================
Loop: 190
  Solve: 109.4697ms
  SolveCPU: 78.4202ms
 Island solver: 188.2639ms
Step: 820.4196ms
====================================
Loop: 191
  Solve: 113.1110ms
  SolveCPU: 78.2691ms
 Island solver: 191.7332ms
Step: 823.3032ms
====================================
Loop: 192
  Solve: 100.6204ms
  SolveCPU: 76.3673ms
 Island solver: 177.4557ms
Step: 810.9021ms
====================================
Loop: 193
  Solve: 104.7140ms
  SolveCPU: 87.1743ms
 Island solver: 192.2566ms
Step: 821.4331ms
====================================
Loop: 194
  Solve: 108.1692ms
  SolveCPU: 76.1454ms
 Island solver: 184.6935ms
Step: 829.5838ms
====================================
Loop: 195
  Solve: 100.6258ms
  SolveCPU: 79.0132ms
 Island solver: 180.0224ms
Step: 828.3168ms
====================================
Loop: 196
  Solve: 110.5390ms
  SolveCPU: 82.4432ms
 Island solver: 193.3370ms
Step: 830.9981ms
====================================
Loop: 197
  Solve: 108.8647ms
  SolveCPU: 75.0611ms
 Island solver: 184.2936ms
Step: 838.2311ms
====================================
Loop: 198
  Solve: 104.0635ms
  SolveCPU: 75.1205ms
 Island solver: 179.5676ms
Step: 822.3144ms
====================================
Loop: 199
  Solve: 103.5445ms
  SolveCPU: 79.4327ms
 Island solver: 183.3644ms
Step: 826.9469ms
====================================
Loop: 200
  Solve: 110.8873ms
  SolveCPU: 75.4908ms
 Island solver: 186.7430ms
Step: 832.1526ms
====================================
Loop: 201
  Solve: 104.0177ms
  SolveCPU: 80.9108ms
 Island solver: 185.3036ms
Step: 827.0298ms
====================================
Loop: 202
  Solve: 106.1529ms
  SolveCPU: 77.7221ms
 Island solver: 184.2217ms
Step: 833.3458ms
====================================
Loop: 203
  Solve: 109.4824ms
  SolveCPU: 76.0792ms
 Island solver: 185.9808ms
Step: 849.9984ms
====================================
Loop: 204
  Solve: 104.1685ms
  SolveCPU: 76.3684ms
 Island solver: 180.9039ms
Step: 838.2152ms
====================================
Loop: 205
  Solve: 113.9926ms
  SolveCPU: 77.9756ms
 Island solver: 192.3483ms
Step: 845.1692ms
====================================
Loop: 206
  Solve: 110.7827ms
  SolveCPU: 74.1004ms
 Island solver: 185.2514ms
Step: 848.9404ms
====================================
Loop: 207
  Solve: 104.3966ms
  SolveCPU: 75.8594ms
 Island solver: 180.6302ms
Step: 849.7062ms
====================================
Loop: 208
  Solve: 116.3216ms
  SolveCPU: 88.6806ms
 Island solver: 205.3864ms
Step: 864.2050ms
====================================
Loop: 209
  Solve: 111.5440ms
  SolveCPU: 73.3020ms
 Island solver: 185.2635ms
Step: 841.5242ms
====================================
Loop: 210
  Solve: 105.5339ms
  SolveCPU: 74.2770ms
 Island solver: 180.2155ms
Step: 844.2950ms
====================================
Loop: 211
  Solve: 111.9133ms
  SolveCPU: 78.6757ms
 Island solver: 190.9263ms
Step: 841.9426ms
====================================
Loop: 212
  Solve: 120.6465ms
  SolveCPU: 76.1846ms
 Island solver: 197.1539ms
Step: 844.5399ms
====================================
Loop: 213
  Solve: 104.5030ms
  SolveCPU: 73.9072ms
 Island solver: 178.7260ms
Step: 831.5234ms
====================================
Loop: 214
  Solve: 111.1676ms
  SolveCPU: 79.8425ms
 Island solver: 191.3385ms
Step: 842.4902ms
====================================
Loop: 215
  Solve: 112.7269ms
  SolveCPU: 77.8252ms
 Island solver: 190.8654ms
Step: 842.4221ms
====================================
Loop: 216
  Solve: 105.7917ms
  SolveCPU: 73.8067ms
 Island solver: 179.9045ms
Step: 829.0934ms
====================================
Loop: 217
  Solve: 105.3863ms
  SolveCPU: 76.3541ms
 Island solver: 182.0415ms
Step: 830.0909ms
====================================
Loop: 218
  Solve: 118.4274ms
  SolveCPU: 75.7109ms
 Island solver: 194.4423ms
Step: 839.0807ms
====================================
Loop: 219
  Solve: 108.7391ms
  SolveCPU: 74.1013ms
 Island solver: 183.1413ms
Step: 835.8044ms
====================================
Loop: 220
  Solve: 114.4169ms
  SolveCPU: 79.4638ms
 Island solver: 194.2063ms
Step: 847.9716ms
====================================
Loop: 221
  Solve: 118.7681ms
  SolveCPU: 77.0094ms
 Island solver: 196.0700ms
Step: 839.3651ms
====================================
Loop: 222
  Solve: 108.8545ms
  SolveCPU: 74.7468ms
 Island solver: 183.9052ms
Step: 837.2169ms
====================================
Loop: 223
  Solve: 110.1113ms
  SolveCPU: 73.5564ms
 Island solver: 183.9704ms
Step: 832.4082ms
====================================
Loop: 224
  Solve: 123.6512ms
  SolveCPU: 74.7245ms
 Island solver: 198.6870ms
Step: 850.6385ms
====================================
Loop: 225
  Solve: 120.7729ms
  SolveCPU: 72.0957ms
 Island solver: 193.1975ms
Step: 856.7073ms
====================================
Loop: 226
  Solve: 112.8392ms
  SolveCPU: 75.7544ms
 Island solver: 188.9864ms
Step: 851.5010ms
====================================
Loop: 227
  Solve: 126.4473ms
  SolveCPU: 79.0525ms
 Island solver: 205.8499ms
Step: 859.1813ms
====================================
Loop: 228
  Solve: 126.2717ms
  SolveCPU: 74.2512ms
 Island solver: 200.9680ms
Step: 863.1249ms
====================================
Loop: 229
  Solve: 117.7575ms
  SolveCPU: 73.5895ms
 Island solver: 191.6817ms
Step: 857.7540ms
====================================
Loop: 230
  Solve: 117.0828ms
  SolveCPU: 78.1974ms
 Island solver: 195.6287ms
Step: 859.7797ms
====================================
Loop: 231
  Solve: 131.7026ms
  SolveCPU: 76.4470ms
 Island solver: 208.4836ms
Step: 871.7117ms
====================================
Loop: 232
  Solve: 128.4159ms
  SolveCPU: 72.6713ms
 Island solver: 201.4713ms
Step: 875.9277ms
====================================
Loop: 233
  Solve: 121.1110ms
  SolveCPU: 74.6332ms
 Island solver: 196.1623ms
Step: 869.9076ms
====================================
Loop: 234
  Solve: 125.3269ms
  SolveCPU: 85.0145ms
 Island solver: 210.7062ms
Step: 878.3641ms
====================================
Loop: 235
  Solve: 137.1946ms
  SolveCPU: 78.1377ms
 Island solver: 215.6996ms
Step: 882.9589ms
====================================
Loop: 236
  Solve: 135.1618ms
  SolveCPU: 74.6982ms
 Island solver: 210.2195ms
Step: 886.3602ms
====================================
Loop: 237
  Solve: 129.7901ms
  SolveCPU: 74.4995ms
 Island solver: 204.7492ms
Step: 880.2117ms
====================================
Loop: 238
  Solve: 125.5751ms
  SolveCPU: 79.1012ms
 Island solver: 205.0404ms
Step: 880.1459ms
====================================
Loop: 239
  Solve: 133.8126ms
  SolveCPU: 77.7090ms
 Island solver: 211.8826ms
Step: 889.8065ms
====================================
Loop: 240
  Solve: 142.1043ms
  SolveCPU: 76.2685ms
 Island solver: 218.6559ms
Step: 903.6371ms
====================================
Loop: 241
  Solve: 141.9950ms
  SolveCPU: 75.5996ms
 Island solver: 217.8965ms
Step: 905.2153ms
====================================
Loop: 242
  Solve: 132.2766ms
  SolveCPU: 78.5557ms
 Island solver: 211.1538ms
Step: 899.8587ms
====================================
Loop: 243
  Solve: 138.6920ms
  SolveCPU: 86.7068ms
 Island solver: 225.7050ms
Step: 909.7010ms
====================================
Loop: 244
  Solve: 138.3396ms
  SolveCPU: 81.7332ms
 Island solver: 220.3652ms
Step: 906.5377ms
====================================
Loop: 245
  Solve: 149.4664ms
  SolveCPU: 78.2685ms
 Island solver: 228.0273ms
Step: 913.6713ms
====================================
Loop: 246
  Solve: 143.7451ms
  SolveCPU: 77.1999ms
 Island solver: 221.2615ms
Step: 916.3297ms
====================================
Loop: 247
  Solve: 136.5696ms
  SolveCPU: 79.8834ms
 Island solver: 216.7510ms
Step: 913.1550ms
====================================
Loop: 248
  Solve: 137.8644ms
  SolveCPU: 78.0840ms
 Island solver: 216.2438ms
Step: 905.7259ms
====================================
Loop: 249
  Solve: 142.4517ms
  SolveCPU: 91.9251ms
 Island solver: 234.8265ms
Step: 915.9887ms
====================================
Loop: 250
  Solve: 178.4502ms
  SolveCPU: 86.0127ms
 Island solver: 265.1989ms
Step: 959.8829ms
====================================
Loop: 251
  Solve: 157.3116ms
  SolveCPU: 80.1977ms
 Island solver: 238.0573ms
Step: 919.1997ms
====================================
Loop: 252
  Solve: 159.3469ms
  SolveCPU: 79.2265ms
 Island solver: 239.2333ms
Step: 925.3713ms
====================================
Loop: 253
  Solve: 151.2151ms
  SolveCPU: 78.4990ms
 Island solver: 230.4630ms
Step: 921.1210ms
====================================
Loop: 254
  Solve: 145.3560ms
  SolveCPU: 77.1766ms
 Island solver: 223.3749ms
Step: 912.3088ms
====================================
Loop: 255
  Solve: 139.5801ms
  SolveCPU: 83.0757ms
 Island solver: 223.3366ms
Step: 908.7585ms
====================================
Loop: 256
  Solve: 143.5874ms
  SolveCPU: 87.8098ms
 Island solver: 232.0556ms
Step: 918.9650ms
====================================
Loop: 257
  Solve: 157.3027ms
  SolveCPU: 82.9078ms
 Island solver: 240.9576ms
Step: 927.0120ms
====================================
Loop: 258
  Solve: 157.9254ms
  SolveCPU: 79.4793ms
 Island solver: 238.0665ms
Step: 930.4332ms
====================================
Loop: 259
  Solve: 149.2892ms
  SolveCPU: 77.5396ms
 Island solver: 227.5751ms
Step: 923.2634ms
====================================
Loop: 260
  Solve: 148.1335ms
  SolveCPU: 80.1349ms
 Island solver: 229.0182ms
Step: 921.6048ms
====================================
Loop: 261
  Solve: 143.0603ms
  SolveCPU: 78.4826ms
 Island solver: 222.2972ms
Step: 908.7949ms
====================================
Loop: 262
  Solve: 140.8047ms
  SolveCPU: 88.9986ms
 Island solver: 230.3717ms
Step: 913.3845ms
====================================
Loop: 263
  Solve: 147.4240ms
  SolveCPU: 82.0017ms
 Island solver: 229.9929ms
Step: 917.4947ms
====================================
Loop: 264
  Solve: 162.0305ms
  SolveCPU: 77.7706ms
 Island solver: 240.4637ms
Step: 936.1537ms
====================================
Loop: 265
  Solve: 145.1143ms
  SolveCPU: 78.5699ms
 Island solver: 224.2728ms
Step: 914.4860ms
====================================
Loop: 266
  Solve: 137.9942ms
  SolveCPU: 77.8353ms
 Island solver: 216.4517ms
Step: 919.9391ms
====================================
Loop: 267
  Solve: 138.8999ms
  SolveCPU: 80.7729ms
 Island solver: 220.2509ms
Step: 909.5621ms
====================================
Loop: 268
  Solve: 142.6404ms
  SolveCPU: 92.4443ms
 Island solver: 235.8133ms
Step: 922.2822ms
====================================
Loop: 269
  Solve: 152.5973ms
  SolveCPU: 83.2323ms
 Island solver: 236.5961ms
Step: 923.3151ms
====================================
Loop: 270
  Solve: 159.3370ms
  SolveCPU: 80.2943ms
 Island solver: 240.3824ms
Step: 929.4700ms
====================================
Loop: 271
  Solve: 143.5763ms
  SolveCPU: 78.9407ms
 Island solver: 223.2078ms
Step: 925.4471ms
====================================
Loop: 272
  Solve: 143.2044ms
  SolveCPU: 79.6360ms
 Island solver: 223.5343ms
Step: 921.3229ms
====================================
Loop: 273
  Solve: 140.4696ms
  SolveCPU: 80.4274ms
 Island solver: 221.6461ms
Step: 932.3547ms
====================================
Loop: 274
  Solve: 142.7464ms
  SolveCPU: 82.2894ms
 Island solver: 225.8065ms
Step: 928.7191ms
====================================
Loop: 275
  Solve: 144.6469ms
  SolveCPU: 88.4296ms
 Island solver: 233.7544ms
Step: 921.6636ms
====================================
Loop: 276
  Solve: 151.6507ms
  SolveCPU: 83.4210ms
 Island solver: 235.8461ms
Step: 926.2281ms
====================================
Loop: 277
  Solve: 159.0062ms
  SolveCPU: 80.6690ms
 Island solver: 240.3522ms
Step: 934.3643ms
====================================
Loop: 278
  Solve: 148.4776ms
  SolveCPU: 79.7103ms
 Island solver: 228.8569ms
Step: 930.6776ms
====================================
Loop: 279
  Solve: 143.4893ms
  SolveCPU: 82.0425ms
 Island solver: 226.2103ms
Step: 937.7444ms
====================================
Loop: 280
  Solve: 144.4855ms
  SolveCPU: 79.5334ms
 Island solver: 224.7883ms
Step: 941.7429ms
====================================
Loop: 281
  Solve: 148.6639ms
  SolveCPU: 84.9761ms
 Island solver: 234.4131ms
Step: 943.9203ms
====================================
Loop: 282
  Solve: 154.1062ms
  SolveCPU: 91.8791ms
 Island solver: 246.9059ms
Step: 958.2664ms
====================================
Loop: 283
  Solve: 146.6047ms
  SolveCPU: 97.8553ms
 Island solver: 245.2485ms
Step: 946.5884ms
====================================
Loop: 284
  Solve: 158.7012ms
  SolveCPU: 88.3696ms
 Island solver: 247.8414ms
Step: 951.9384ms
====================================
Loop: 285
  Solve: 163.9969ms
  SolveCPU: 81.9330ms
 Island solver: 246.6981ms
Step: 957.4727ms
====================================
Loop: 286
  Solve: 179.9889ms
  SolveCPU: 82.6462ms
 Island solver: 263.3063ms
Step: 974.6001ms
====================================
Loop: 287
  Solve: 181.7927ms
  SolveCPU: 83.4831ms
 Island solver: 266.0166ms
Step: 979.9652ms
====================================
Loop: 288
  Solve: 165.0821ms
  SolveCPU: 82.0222ms
 Island solver: 247.7645ms
Step: 959.5677ms
====================================
Loop: 289
  Solve: 154.5212ms
  SolveCPU: 81.4244ms
 Island solver: 236.7610ms
Step: 947.5521ms
====================================
Loop: 290
  Solve: 154.4068ms
  SolveCPU: 81.6390ms
 Island solver: 236.7077ms
Step: 956.6814ms
====================================
Loop: 291
  Solve: 152.3183ms
  SolveCPU: 83.3200ms
 Island solver: 236.2981ms
Step: 957.3497ms
====================================
Loop: 292
  Solve: 153.3167ms
  SolveCPU: 85.0498ms
 Island solver: 238.9764ms
Step: 952.4906ms
====================================
Loop: 293
  Solve: 151.0956ms
  SolveCPU: 88.1012ms
 Island solver: 239.8108ms
Step: 956.8877ms
====================================
Loop: 294
  Solve: 154.5103ms
  SolveCPU: 96.1788ms
 Island solver: 251.4852ms
Step: 960.4079ms
====================================
Loop: 295
  Solve: 155.4721ms
  SolveCPU: 87.7567ms
 Island solver: 243.9358ms
Step: 952.4937ms
====================================
Loop: 296
  Solve: 162.6199ms
  SolveCPU: 84.7016ms
 Island solver: 247.9915ms
Step: 950.9036ms
====================================
Loop: 297
  Solve: 158.0636ms
  SolveCPU: 83.7570ms
 Island solver: 242.4931ms
Step: 952.3560ms
====================================
Loop: 298
  Solve: 171.7017ms
  SolveCPU: 82.5362ms
 Island solver: 255.3252ms
Step: 967.0623ms
====================================
Loop: 299
  Solve: 161.2201ms
  SolveCPU: 82.8244ms
 Island solver: 244.6570ms
Step: 954.1908ms
====================================
Loop: 300
  Solve: 158.5378ms
  SolveCPU: 82.1700ms
 Island solver: 241.3201ms
Step: 960.3062ms
====================================
Loop: 301
  Solve: 150.7631ms
  SolveCPU: 82.4922ms
 Island solver: 233.8743ms
Step: 948.2195ms
====================================
Loop: 302
  Solve: 154.1956ms
  SolveCPU: 83.0995ms
 Island solver: 238.0020ms
Step: 958.5255ms
====================================
Loop: 303
  Solve: 152.4240ms
  SolveCPU: 83.6108ms
 Island solver: 236.6403ms
Step: 944.8631ms
====================================
Loop: 304
  Solve: 150.0043ms
  SolveCPU: 94.4053ms
 Island solver: 245.0378ms
Step: 948.1331ms
====================================
Loop: 305
  Solve: 151.4282ms
  SolveCPU: 95.5817ms
 Island solver: 247.6910ms
Step: 959.2485ms
====================================
Loop: 306
  Solve: 154.8260ms
  SolveCPU: 92.3817ms
 Island solver: 247.8959ms
Step: 954.6443ms
====================================
Loop: 307
  Solve: 161.9504ms
  SolveCPU: 91.4836ms
 Island solver: 254.0758ms
Step: 963.0634ms
====================================
Loop: 308
  Solve: 168.1030ms
  SolveCPU: 83.7088ms
 Island solver: 252.5309ms
Step: 957.3608ms
====================================
Loop: 309
  Solve: 172.8389ms
  SolveCPU: 84.1575ms
 Island solver: 257.7165ms
Step: 967.8227ms
====================================
Loop: 310
  Solve: 169.0454ms
  SolveCPU: 86.2439ms
 Island solver: 256.1047ms
Step: 967.4404ms
====================================
Loop: 311
  Solve: 168.0030ms
  SolveCPU: 83.6446ms
 Island solver: 252.3715ms
Step: 962.7192ms
====================================
Loop: 312
  Solve: 165.4632ms
  SolveCPU: 84.3665ms
 Island solver: 250.5546ms
Step: 962.3231ms
====================================
Loop: 313
  Solve: 154.3821ms
  SolveCPU: 85.5877ms
 Island solver: 240.6926ms
Step: 961.8479ms
====================================
Loop: 314
  Solve: 156.8763ms
  SolveCPU: 83.8139ms
 Island solver: 241.4192ms
Step: 955.0414ms
====================================
Loop: 315
  Solve: 158.1964ms
  SolveCPU: 86.7365ms
 Island solver: 245.7190ms
Step: 964.8897ms
====================================
Loop: 316
  Solve: 155.0833ms
  SolveCPU: 89.3881ms
 Island solver: 245.0970ms
Step: 964.5375ms
====================================
Loop: 317
  Solve: 155.4348ms
  SolveCPU: 96.4431ms
 Island solver: 252.5955ms
Step: 966.8846ms
====================================
Loop: 318
  Solve: 156.1839ms
  SolveCPU: 90.7468ms
 Island solver: 247.7383ms
Step: 956.3894ms
====================================
Loop: 319
  Solve: 161.0722ms
  SolveCPU: 87.0765ms
 Island solver: 248.8878ms
Step: 964.5084ms
====================================
Loop: 320
  Solve: 172.2863ms
  SolveCPU: 87.8854ms
 Island solver: 260.8904ms
Step: 979.9741ms
====================================
Loop: 321
  Solve: 174.2640ms
  SolveCPU: 86.4369ms
 Island solver: 261.4353ms
Step: 970.4034ms
====================================
Loop: 322
  Solve: 166.6285ms
  SolveCPU: 86.8219ms
 Island solver: 254.1873ms
Step: 972.9471ms
====================================
Loop: 323
  Solve: 181.0368ms
  SolveCPU: 84.2089ms
 Island solver: 266.0551ms
Step: 979.5728ms
====================================
Loop: 324
  Solve: 178.7981ms
  SolveCPU: 85.0889ms
 Island solver: 264.7302ms
Step: 983.4226ms
====================================
Loop: 325
  Solve: 167.8534ms
  SolveCPU: 83.9664ms
 Island solver: 252.6225ms
Step: 968.9766ms
====================================
Loop: 326
  Solve: 167.2982ms
  SolveCPU: 83.7956ms
 Island solver: 252.0444ms
Step: 971.4717ms
====================================
Loop: 327
  Solve: 161.6551ms
  SolveCPU: 84.0083ms
 Island solver: 246.4833ms
Step: 965.4834ms
====================================
Loop: 328
  Solve: 159.4574ms
  SolveCPU: 85.8934ms
 Island solver: 246.1825ms
Step: 965.8513ms
====================================
Loop: 329
  Solve: 155.1902ms
  SolveCPU: 87.2479ms
 Island solver: 243.2606ms
Step: 969.7712ms
====================================
Loop: 330
  Solve: 157.1606ms
  SolveCPU: 84.2479ms
 Island solver: 242.2560ms
Step: 957.2724ms
====================================
Loop: 331
  Solve: 153.6271ms
  SolveCPU: 87.4627ms
 Island solver: 241.9334ms
Step: 962.6664ms
====================================
Loop: 332
  Solve: 155.9900ms
  SolveCPU: 93.7762ms
 Island solver: 250.5997ms
Step: 963.2059ms
====================================
Loop: 333
  Solve: 161.0915ms
  SolveCPU: 92.8200ms
 Island solver: 254.6383ms
Step: 961.8969ms
====================================
Loop: 334
  Solve: 160.7384ms
  SolveCPU: 89.3819ms
 Island solver: 250.9536ms
Step: 958.4012ms
====================================
Loop: 335
  Solve: 167.7480ms
  SolveCPU: 92.5045ms
 Island solver: 261.0130ms
Step: 969.2371ms
====================================
Loop: 336
  Solve: 165.2322ms
  SolveCPU: 98.3248ms
 Island solver: 264.2679ms
Step: 977.3210ms
====================================
Loop: 337
  Solve: 168.4021ms
  SolveCPU: 92.8098ms
 Island solver: 261.9290ms
Step: 972.0176ms
====================================
Loop: 338
  Solve: 175.4927ms
  SolveCPU: 88.6785ms
 Island solver: 264.9124ms
Step: 972.2491ms
====================================
Loop: 339
  Solve: 168.3667ms
  SolveCPU: 84.4359ms
 Island solver: 253.5804ms
Step: 977.4272ms
====================================
Loop: 340
  Solve: 175.1938ms
  SolveCPU: 94.3073ms
 Island solver: 270.1570ms
Step: 1022.1171ms
====================================
Loop: 341
  Solve: 178.7646ms
  SolveCPU: 106.8349ms
 Island solver: 286.3271ms
Step: 1014.3828ms
====================================
Loop: 342
  Solve: 174.5456ms
  SolveCPU: 88.1835ms
 Island solver: 263.4864ms
Step: 1036.1520ms
====================================
Loop: 343
  Solve: 173.7351ms
  SolveCPU: 102.2596ms
 Island solver: 276.6291ms
Step: 1059.9047ms
====================================
Loop: 344
  Solve: 166.5702ms
  SolveCPU: 89.2075ms
 Island solver: 256.4915ms
Step: 990.3894ms
====================================
Loop: 345
  Solve: 169.4273ms
  SolveCPU: 112.2806ms
 Island solver: 282.4476ms
Step: 997.8159ms
====================================
Loop: 346
  Solve: 183.5470ms
  SolveCPU: 95.3198ms
 Island solver: 279.5834ms
Step: 995.3162ms
====================================
Loop: 347
  Solve: 165.4722ms
  SolveCPU: 92.4872ms
 Island solver: 258.6750ms
Step: 976.0558ms
====================================
Loop: 348
  Solve: 168.7136ms
  SolveCPU: 88.7053ms
 Island solver: 258.1686ms
Step: 1028.7855ms
====================================
Loop: 349
  Solve: 200.9808ms
  SolveCPU: 116.9070ms
 Island solver: 318.5423ms
Step: 1036.6844ms
====================================
Loop: 350
  Solve: 222.6090ms
  SolveCPU: 88.8711ms
 Island solver: 312.2661ms
Step: 1042.2699ms
====================================
Loop: 351
  Solve: 159.1673ms
  SolveCPU: 85.9665ms
 Island solver: 245.8455ms
Step: 953.2116ms
====================================
Loop: 352
  Solve: 240.0882ms
  SolveCPU: 102.5949ms
 Island solver: 343.4110ms
Step: 1170.3407ms
====================================
Loop: 353
  Solve: 186.5391ms
  SolveCPU: 115.4442ms
 Island solver: 302.6645ms
Step: 1089.4519ms
====================================
Loop: 354
  Solve: 153.4895ms
  SolveCPU: 82.8326ms
 Island solver: 237.0297ms
Step: 970.2963ms
====================================
Loop: 355
  Solve: 147.9708ms
  SolveCPU: 84.7279ms
 Island solver: 233.3346ms
Step: 931.7432ms
====================================
Loop: 356
  Solve: 149.2162ms
  SolveCPU: 92.0360ms
 Island solver: 241.8644ms
Step: 939.9239ms
====================================
Loop: 357
  Solve: 152.0146ms
  SolveCPU: 88.8047ms
 Island solver: 241.4363ms
Step: 939.0540ms
====================================
Loop: 358
  Solve: 159.9966ms
  SolveCPU: 86.2669ms
 Island solver: 246.9842ms
Step: 940.4686ms
====================================
Loop: 359
  Solve: 162.4682ms
  SolveCPU: 89.1846ms
 Island solver: 252.2617ms
Step: 945.4537ms
====================================
Loop: 360
  Solve: 167.2814ms
  SolveCPU: 91.2302ms
 Island solver: 259.6551ms
Step: 955.0615ms
====================================
Loop: 361
  Solve: 156.5091ms
  SolveCPU: 82.2406ms
 Island solver: 239.3527ms
Step: 930.0967ms
====================================
Loop: 362
  Solve: 156.1779ms
  SolveCPU: 83.2316ms
 Island solver: 240.1142ms
Step: 939.2182ms
====================================
Loop: 363
  Solve: 149.9522ms
  SolveCPU: 81.6983ms
 Island solver: 232.8992ms
Step: 923.5276ms
====================================
Loop: 364
  Solve: 164.3935ms
  SolveCPU: 100.0815ms
 Island solver: 265.0847ms
Step: 962.9299ms
====================================
Loop: 365
  Solve: 214.3292ms
  SolveCPU: 104.2715ms
 Island solver: 319.3182ms
Step: 1065.8062ms
====================================
Loop: 366
  Solve: 170.0136ms
  SolveCPU: 87.0606ms
 Island solver: 257.7448ms
Step: 957.9531ms
====================================
Loop: 367
  Solve: 147.9869ms
  SolveCPU: 92.0309ms
 Island solver: 240.6420ms
Step: 924.8705ms
====================================
Loop: 368
  Solve: 152.4937ms
  SolveCPU: 85.5986ms
 Island solver: 238.7565ms
Step: 937.1346ms
====================================
Loop: 369
  Solve: 161.3637ms
  SolveCPU: 83.0438ms
 Island solver: 245.1735ms
Step: 956.0239ms
====================================
Loop: 370
  Solve: 158.7306ms
  SolveCPU: 116.0400ms
 Island solver: 275.4360ms
Step: 1031.8530ms
====================================
Loop: 371
  Solve: 164.4681ms
  SolveCPU: 80.7002ms
 Island solver: 245.8321ms
Step: 923.3809ms
====================================
Loop: 372
  Solve: 175.4781ms
  SolveCPU: 81.1087ms
 Island solver: 257.1878ms
Step: 959.2371ms
====================================
Loop: 373
  Solve: 155.7624ms
  SolveCPU: 83.0568ms
 Island solver: 239.4739ms
Step: 935.8665ms
====================================
Loop: 374
  Solve: 246.8092ms
  SolveCPU: 129.5573ms
 Island solver: 377.3073ms
Step: 1148.8259ms
====================================
Loop: 375
  Solve: 166.6092ms
  SolveCPU: 79.5982ms
 Island solver: 246.8209ms
Step: 939.9142ms
====================================
Loop: 376
  Solve: 148.8990ms
  SolveCPU: 79.7631ms
 Island solver: 229.3063ms
Step: 910.8381ms
====================================
Loop: 377
  Solve: 145.5016ms
  SolveCPU: 79.2760ms
 Island solver: 225.3595ms
Step: 899.0778ms
====================================
Loop: 378
  Solve: 148.0072ms
  SolveCPU: 88.3423ms
 Island solver: 236.9831ms
Step: 902.3963ms
====================================
Loop: 379
  Solve: 144.7505ms
  SolveCPU: 88.0465ms
 Island solver: 233.3925ms
Step: 902.0192ms
====================================
Loop: 380
  Solve: 154.1955ms
  SolveCPU: 80.6245ms
 Island solver: 235.4160ms
Step: 904.0417ms
====================================
Loop: 381
  Solve: 151.1353ms
  SolveCPU: 84.7164ms
 Island solver: 236.4959ms
Step: 893.1519ms
====================================
Loop: 382
  Solve: 155.1737ms
  SolveCPU: 79.2283ms
 Island solver: 235.0439ms
Step: 894.5042ms
====================================
Loop: 383
  Solve: 140.3678ms
  SolveCPU: 94.3049ms
 Island solver: 235.2971ms
Step: 898.9268ms
====================================
Loop: 384
  Solve: 149.3170ms
  SolveCPU: 80.4952ms
 Island solver: 230.3277ms
Step: 904.8598ms
====================================
Loop: 385
  Solve: 159.7880ms
  SolveCPU: 77.5738ms
 Island solver: 237.9404ms
Step: 902.5280ms
====================================
Loop: 386
  Solve: 145.5027ms
  SolveCPU: 79.2505ms
 Island solver: 225.3466ms
Step: 888.9244ms
====================================
Loop: 387
  Solve: 142.3841ms
  SolveCPU: 76.2087ms
 Island solver: 219.2896ms
Step: 876.8096ms
====================================
Loop: 388
  Solve: 135.6956ms
  SolveCPU: 89.9384ms
 Island solver: 226.2681ms
Step: 881.9107ms
====================================
Loop: 389
  Solve: 143.9483ms
  SolveCPU: 76.3624ms
 Island solver: 220.8188ms
Step: 872.9814ms
====================================
Loop: 390
  Solve: 136.9331ms
  SolveCPU: 82.0079ms
 Island solver: 219.4504ms
Step: 871.2853ms
====================================
Loop: 391
  Solve: 156.3735ms
  SolveCPU: 77.4456ms
 Island solver: 234.4701ms
Step: 872.4952ms
====================================
Loop: 392
  Solve: 143.8604ms
  SolveCPU: 78.4806ms
 Island solver: 222.9503ms
Step: 866.6544ms
====================================
Loop: 393
  Solve: 139.9362ms
  SolveCPU: 82.7261ms
 Island solver: 223.2139ms
Step: 857.1795ms
====================================
Loop: 394
  Solve: 134.2175ms
  SolveCPU: 77.0455ms
 Island solver: 211.8850ms
Step: 857.7496ms
====================================
Loop: 395
  Solve: 135.9087ms
  SolveCPU: 84.0198ms
 Island solver: 220.6411ms
Step: 855.6842ms
====================================
Loop: 396
  Solve: 144.0680ms
  SolveCPU: 77.5704ms
 Island solver: 222.1233ms
Step: 856.1553ms
====================================
Loop: 397
  Solve: 138.8452ms
  SolveCPU: 83.1250ms
 Island solver: 222.5800ms
Step: 847.2314ms
====================================
Loop: 398
  Solve: 148.8975ms
  SolveCPU: 75.9058ms
 Island solver: 225.3702ms
Step: 848.7248ms
====================================
Loop: 399
  Solve: 147.7463ms
  SolveCPU: 78.1630ms
 Island solver: 226.4562ms
Step: 854.6965ms
====================================
Loop: 400
  Solve: 137.3281ms
  SolveCPU: 74.3188ms
 Island solver: 212.1292ms
Step: 837.0939ms
====================================
Loop: 401
  Solve: 128.4750ms
  SolveCPU: 78.1643ms
 Island solver: 207.1842ms
Step: 826.2353ms
====================================
Loop: 402
  Solve: 134.7789ms
  SolveCPU: 81.3233ms
 Island solver: 216.6993ms
Step: 824.6863ms
====================================
Loop: 403
  Solve: 133.7128ms
  SolveCPU: 85.0252ms
 Island solver: 219.2086ms
Step: 829.2233ms
====================================
Loop: 404
  Solve: 134.7350ms
  SolveCPU: 75.2696ms
 Island solver: 210.5487ms
Step: 809.1353ms
====================================
Loop: 405
  Solve: 137.7233ms
  SolveCPU: 74.0714ms
 Island solver: 212.2478ms
Step: 809.8116ms
====================================
Loop: 406
  Solve: 129.0853ms
  SolveCPU: 72.0641ms
 Island solver: 201.7505ms
Step: 802.4985ms
====================================
Loop: 407
  Solve: 128.1844ms
  SolveCPU: 79.8081ms
 Island solver: 208.5846ms
Step: 804.5537ms
====================================
Loop: 408
  Solve: 140.6359ms
  SolveCPU: 73.4001ms
 Island solver: 214.6175ms
Step: 818.8856ms
====================================
Loop: 409
  Solve: 135.4193ms
  SolveCPU: 70.8527ms
 Island solver: 206.8490ms
Step: 797.3250ms
====================================
Loop: 410
  Solve: 135.8072ms
  SolveCPU: 73.1857ms
 Island solver: 209.6534ms
Step: 798.6395ms
====================================
Loop: 411
  Solve: 127.4202ms
  SolveCPU: 71.4290ms
 Island solver: 199.3765ms
Step: 786.6865ms
====================================
Loop: 412
  Solve: 125.9316ms
  SolveCPU: 76.4386ms
 Island solver: 202.9439ms
Step: 784.7785ms
====================================
Loop: 413
  Solve: 132.7514ms
  SolveCPU: 71.6070ms
 Island solver: 205.0349ms
Step: 793.2770ms
====================================
Loop: 414
  Solve: 133.1496ms
  SolveCPU: 75.4937ms
 Island solver: 209.1016ms
Step: 789.8416ms
====================================
Loop: 415
  Solve: 136.8236ms
  SolveCPU: 71.7899ms
 Island solver: 209.4106ms
Step: 788.1828ms
====================================
Loop: 416
  Solve: 123.6306ms
  SolveCPU: 74.7261ms
 Island solver: 198.9213ms
Step: 777.6896ms
====================================
Loop: 417
  Solve: 129.9431ms
  SolveCPU: 78.4031ms
 Island solver: 208.8925ms
Step: 788.4673ms
====================================
Loop: 418
  Solve: 124.6219ms
  SolveCPU: 76.8009ms
 Island solver: 201.9737ms
Step: 766.2719ms
====================================
Loop: 419
  Solve: 130.9139ms
  SolveCPU: 72.8041ms
 Island solver: 204.1772ms
Step: 769.9638ms
====================================
Loop: 420
  Solve: 131.9189ms
  SolveCPU: 69.7846ms
 Island solver: 202.2592ms
Step: 769.9981ms
====================================
Loop: 421
  Solve: 131.5037ms
  SolveCPU: 73.6031ms
 Island solver: 205.6829ms
Step: 763.8345ms
====================================
Loop: 422
  Solve: 127.5308ms
  SolveCPU: 72.0835ms
 Island solver: 200.1254ms
Step: 764.1060ms
====================================
Loop: 423
  Solve: 120.4434ms
  SolveCPU: 77.5689ms
 Island solver: 198.5743ms
Step: 756.6011ms
====================================
Loop: 424
  Solve: 128.4026ms
  SolveCPU: 66.5232ms
 Island solver: 195.4652ms
Step: 757.3817ms
====================================
Loop: 425
  Solve: 125.8471ms
  SolveCPU: 75.9372ms
 Island solver: 202.3253ms
Step: 758.5371ms
====================================
Loop: 426
  Solve: 125.2101ms
  SolveCPU: 67.7961ms
 Island solver: 193.4105ms
Step: 749.8581ms
====================================
Loop: 427
  Solve: 121.1358ms
  SolveCPU: 82.0683ms
 Island solver: 203.7616ms
Step: 746.8058ms
====================================
Loop: 428
  Solve: 128.2440ms
  SolveCPU: 70.3505ms
 Island solver: 199.1267ms
Step: 746.7543ms
====================================
Loop: 429
  Solve: 128.3230ms
  SolveCPU: 74.9211ms
 Island solver: 203.7546ms
Step: 743.8362ms
====================================
Loop: 430
  Solve: 126.9150ms
  SolveCPU: 68.2890ms
 Island solver: 195.7493ms
Step: 749.7169ms
====================================
Loop: 431
  Solve: 123.1347ms
  SolveCPU: 70.1762ms
 Island solver: 193.6949ms
Step: 730.2965ms
====================================
Loop: 432
  Solve: 117.0015ms
  SolveCPU: 65.3335ms
 Island solver: 182.8315ms
Step: 725.1611ms
====================================
Loop: 433
  Solve: 123.2154ms
  SolveCPU: 68.2490ms
 Island solver: 192.0023ms
Step: 727.1638ms
====================================
Loop: 434
  Solve: 118.9805ms
  SolveCPU: 74.4519ms
 Island solver: 193.9236ms
Step: 723.6665ms
====================================
Loop: 435
  Solve: 141.5676ms
  SolveCPU: 65.3424ms
 Island solver: 207.3134ms
Step: 736.7693ms
====================================
Loop: 436
  Solve: 153.7369ms
  SolveCPU: 76.1370ms
 Island solver: 230.3509ms
Step: 778.4481ms
====================================
Loop: 437
  Solve: 174.0632ms
  SolveCPU: 78.4497ms
 Island solver: 252.9861ms
Step: 819.4492ms
====================================
Loop: 438
  Solve: 114.9700ms
  SolveCPU: 70.7510ms
 Island solver: 186.2104ms
Step: 714.4737ms
====================================
Loop: 439
  Solve: 128.9202ms
  SolveCPU: 66.6637ms
 Island solver: 196.1205ms
Step: 717.4108ms
====================================
Loop: 440
  Solve: 118.6242ms
  SolveCPU: 63.3312ms
 Island solver: 182.4721ms
Step: 701.6684ms
====================================
Loop: 441
  Solve: 121.4442ms
  SolveCPU: 63.9407ms
 Island solver: 185.9249ms
Step: 709.0107ms
====================================
Loop: 442
  Solve: 123.4018ms
  SolveCPU: 72.6134ms
 Island solver: 196.3988ms
Step: 707.8526ms
====================================
Loop: 443
  Solve: 116.0966ms
  SolveCPU: 65.8454ms
 Island solver: 182.4258ms
Step: 701.7553ms
====================================
Loop: 444
  Solve: 119.6787ms
  SolveCPU: 65.0634ms
 Island solver: 185.2249ms
Step: 700.8517ms
====================================
Loop: 445
  Solve: 116.9870ms
  SolveCPU: 68.8743ms
 Island solver: 186.3785ms
Step: 703.8677ms
====================================
Loop: 446
  Solve: 124.0987ms
  SolveCPU: 64.9907ms
 Island solver: 189.4624ms
Step: 694.6575ms
====================================
Loop: 447
  Solve: 116.5097ms
  SolveCPU: 71.0361ms
 Island solver: 188.0164ms
Step: 694.7610ms
====================================
Loop: 448
  Solve: 120.4620ms
  SolveCPU: 62.7032ms
 Island solver: 183.6928ms
Step: 694.8154ms
====================================
Loop: 449
  Solve: 129.3725ms
  SolveCPU: 64.1667ms
 Island solver: 194.0023ms
Step: 698.1250ms
====================================
Loop: 450
  Solve: 117.4777ms
  SolveCPU: 62.7919ms
 Island solver: 180.7404ms
Step: 685.5116ms
====================================
Loop: 451
  Solve: 120.8635ms
  SolveCPU: 61.5545ms
 Island solver: 182.8990ms
Step: 688.8127ms
====================================
Loop: 452
  Solve: 118.1107ms
  SolveCPU: 69.1933ms
 Island solver: 187.8143ms
Step: 685.9738ms
====================================
Loop: 453
  Solve: 111.8742ms
  SolveCPU: 61.6655ms
 Island solver: 173.9037ms
Step: 669.6867ms
====================================
Loop: 454
  Solve: 118.4233ms
  SolveCPU: 61.6747ms
 Island solver: 180.5660ms
Step: 680.4422ms
====================================
Loop: 455
  Solve: 128.5907ms
  SolveCPU: 74.4933ms
 Island solver: 203.5649ms
Step: 690.0115ms
====================================
Loop: 456
  Solve: 116.5386ms
  SolveCPU: 60.7177ms
 Island solver: 177.7652ms
Step: 669.1461ms
====================================
Loop: 457
  Solve: 116.4679ms
  SolveCPU: 60.7018ms
 Island solver: 177.5396ms
Step: 671.6198ms
====================================
Loop: 458
  Solve: 124.7239ms
  SolveCPU: 68.2196ms
 Island solver: 193.5522ms
Step: 688.7788ms
====================================
Loop: 459
  Solve: 113.7631ms
  SolveCPU: 61.1516ms
 Island solver: 175.4272ms
Step: 663.6305ms
====================================
Loop: 460
  Solve: 117.2177ms
  SolveCPU: 62.2613ms
 Island solver: 179.8688ms
Step: 671.0308ms
====================================
Loop: 461
  Solve: 121.7716ms
  SolveCPU: 64.9163ms
 Island solver: 187.2024ms
Step: 675.4535ms
====================================
Loop: 462
  Solve: 114.4408ms
  SolveCPU: 59.7393ms
 Island solver: 174.6888ms
Step: 657.6335ms
====================================
Loop: 463
  Solve: 127.2744ms
  SolveCPU: 60.6052ms
 Island solver: 188.3445ms
Step: 673.9276ms
====================================
Loop: 464
  Solve: 119.0071ms
  SolveCPU: 63.5609ms
 Island solver: 183.0442ms
Step: 665.6390ms
====================================
Loop: 465
  Solve: 112.3938ms
  SolveCPU: 60.1402ms
 Island solver: 172.9982ms
Step: 647.2524ms
====================================
Loop: 466
  Solve: 118.2880ms
  SolveCPU: 59.1669ms
 Island solver: 177.9971ms
Step: 655.1318ms
====================================
Loop: 467
  Solve: 117.4697ms
  SolveCPU: 72.3697ms
 Island solver: 190.3112ms
Step: 658.8384ms
====================================
Loop: 468
  Solve: 114.7010ms
  SolveCPU: 58.5928ms
 Island solver: 173.7400ms
Step: 645.5387ms
====================================
Loop: 469
  Solve: 121.9830ms
  SolveCPU: 59.0339ms
 Island solver: 181.4852ms
Step: 657.2701ms
====================================
Loop: 470
  Solve: 114.2303ms
  SolveCPU: 63.7716ms
 Island solver: 178.3625ms
Step: 647.5704ms
====================================
Loop: 471
  Solve: 113.8366ms
  SolveCPU: 60.2333ms
 Island solver: 174.5369ms
Step: 640.8403ms
====================================
Loop: 472
  Solve: 117.5719ms
  SolveCPU: 58.6676ms
 Island solver: 176.7470ms
Step: 648.7524ms
====================================
Loop: 473
  Solve: 124.7208ms
  SolveCPU: 60.3503ms
 Island solver: 185.4427ms
Step: 658.8099ms
====================================
Loop: 474
  Solve: 110.1842ms
  SolveCPU: 60.6742ms
 Island solver: 171.3451ms
Step: 640.1748ms
====================================
Loop: 475
  Solve: 118.3447ms
  SolveCPU: 57.4586ms
 Island solver: 176.2697ms
Step: 640.9654ms
====================================
Loop: 476
  Solve: 117.5513ms
  SolveCPU: 59.1779ms
 Island solver: 177.3951ms
Step: 643.2808ms
====================================
Loop: 477
  Solve: 109.2455ms
  SolveCPU: 56.7272ms
 Island solver: 166.3526ms
Step: 629.2812ms
====================================
Loop: 478
  Solve: 110.2486ms
  SolveCPU: 61.7795ms
 Island solver: 172.4878ms
Step: 629.4431ms
====================================
Loop: 479
  Solve: 110.7216ms
  SolveCPU: 56.8751ms
 Island solver: 167.9806ms
Step: 625.4293ms
====================================
Loop: 480
  Solve: 115.0711ms
  SolveCPU: 57.1188ms
 Island solver: 172.6768ms
Step: 637.5053ms
====================================
Loop: 481
  Solve: 120.2369ms
  SolveCPU: 58.3963ms
 Island solver: 179.1896ms
Step: 626.1852ms
====================================
Loop: 482
  Solve: 126.1414ms
  SolveCPU: 56.8712ms
 Island solver: 183.4559ms
Step: 639.9241ms
====================================
Loop: 483
  Solve: 111.0107ms
  SolveCPU: 56.7925ms
 Island solver: 168.1875ms
Step: 628.3881ms
====================================
Loop: 484
  Solve: 110.4529ms
  SolveCPU: 56.3251ms
 Island solver: 167.4429ms
Step: 622.1890ms
====================================
Loop: 485
  Solve: 106.6340ms
  SolveCPU: 59.0703ms
 Island solver: 166.0788ms
Step: 615.9262ms
====================================
Loop: 486
  Solve: 108.4427ms
  SolveCPU: 64.3960ms
 Island solver: 173.3767ms
Step: 626.9103ms
====================================
Loop: 487
  Solve: 111.0231ms
  SolveCPU: 56.0195ms
 Island solver: 167.5010ms
Step: 617.4388ms
====================================
Loop: 488
  Solve: 110.8009ms
  SolveCPU: 55.7763ms
 Island solver: 167.0600ms
Step: 618.7958ms
====================================
Loop: 489
  Solve: 124.8125ms
  SolveCPU: 61.0583ms
 Island solver: 186.3658ms
Step: 633.5034ms
====================================
Loop: 490
  Solve: 112.2523ms
  SolveCPU: 57.0192ms
 Island solver: 169.7225ms
Step: 610.0982ms
====================================
Loop: 491
  Solve: 109.1624ms
  SolveCPU: 55.2236ms
 Island solver: 164.7473ms
Step: 610.5275ms
====================================
Loop: 492
  Solve: 115.5880ms
  SolveCPU: 56.6055ms
 Island solver: 172.6357ms
Step: 618.8531ms
====================================
Loop: 493
  Solve: 115.5243ms
  SolveCPU: 58.4072ms
 Island solver: 174.3864ms
Step: 609.8173ms
====================================
Loop: 494
  Solve: 110.1187ms
  SolveCPU: 65.0807ms
 Island solver: 175.5525ms
Step: 609.6689ms
====================================
Loop: 495
  Solve: 108.4435ms
  SolveCPU: 54.7114ms
 Island solver: 163.6087ms
Step: 596.9474ms
====================================
Loop: 496
  Solve: 112.2621ms
  SolveCPU: 54.6244ms
 Island solver: 167.3817ms
Step: 611.3751ms
====================================
Loop: 497
  Solve: 115.0323ms
  SolveCPU: 54.0071ms
 Island solver: 169.4858ms
Step: 603.3530ms
====================================
Loop: 498
  Solve: 116.8606ms
  SolveCPU: 57.0922ms
 Island solver: 174.4235ms
Step: 604.3534ms
====================================
Loop: 499
  Solve: 112.6381ms
  SolveCPU: 57.6502ms
 Island solver: 170.7324ms
Step: 605.0283ms
====================================
Loop: 500
  Solve: 108.5428ms
  SolveCPU: 54.1689ms
 Island solver: 163.0650ms
Step: 592.3099ms
====================================
