Loop: 0
  Solve: 4.6765ms
 Island solver: 44.5287ms
Step: 392.0231ms
====================================
Loop: 1
  Solve: 4.1812ms
 Island solver: 38.3588ms
Step: 197.3609ms
====================================
Loop: 2
  Solve: 4.1789ms
 Island solver: 38.5301ms
Step: 195.0458ms
====================================
Loop: 3
  Solve: 4.4967ms
 Island solver: 39.5179ms
Step: 199.4360ms
====================================
Loop: 4
  Solve: 4.2239ms
 Island solver: 38.5785ms
Step: 196.6443ms
====================================
Loop: 5
  Solve: 4.3581ms
 Island solver: 39.5703ms
Step: 198.5091ms
====================================
Loop: 6
  Solve: 4.2712ms
 Island solver: 39.9271ms
Step: 198.7061ms
====================================
Loop: 7
  Solve: 4.4807ms
 Island solver: 39.7739ms
Step: 199.1093ms
====================================
Loop: 8
  Solve: 4.4570ms
 Island solver: 39.0910ms
Step: 198.5320ms
====================================
Loop: 9
  Solve: 4.2004ms
 Island solver: 40.9053ms
Step: 196.9872ms
====================================
Loop: 10
  Solve: 4.2542ms
 Island solver: 39.6930ms
Step: 198.8569ms
====================================
Loop: 11
  Solve: 4.1662ms
 Island solver: 38.2456ms
Step: 195.9154ms
====================================
Loop: 12
  Solve: 4.3113ms
 Island solver: 39.7080ms
Step: 196.4526ms
====================================
Loop: 13
  Solve: 4.2541ms
 Island solver: 38.7106ms
Step: 196.9721ms
====================================
Loop: 14
  Solve: 4.1607ms
 Island solver: 38.4655ms
Step: 194.1140ms
====================================
Loop: 15
  Solve: 4.2361ms
 Island solver: 39.7636ms
Step: 195.9737ms
====================================
Loop: 16
  Solve: 4.4032ms
 Island solver: 38.8028ms
Step: 196.1724ms
====================================
Loop: 17
  Solve: 4.2867ms
 Island solver: 38.5189ms
Step: 195.8929ms
====================================
Loop: 18
  Solve: 4.3722ms
 Island solver: 41.3563ms
Step: 356.2677ms
====================================
Loop: 19
  Solve: 4.1668ms
 Island solver: 38.7070ms
Step: 193.7095ms
====================================
Loop: 20
  Solve: 4.3694ms
 Island solver: 40.1520ms
Step: 197.6951ms
====================================
Loop: 21
  Solve: 4.1760ms
 Island solver: 38.5685ms
Step: 194.4149ms
====================================
Loop: 22
  Solve: 4.2371ms
 Island solver: 39.4140ms
Step: 194.6916ms
====================================
Loop: 23
  Solve: 4.2350ms
 Island solver: 38.9151ms
Step: 194.6893ms
====================================
Loop: 24
  Solve: 4.2126ms
 Island solver: 38.8436ms
Step: 195.1901ms
====================================
Loop: 25
  Solve: 4.2254ms
 Island solver: 41.4891ms
Step: 197.8316ms
====================================
Loop: 26
  Solve: 4.2332ms
 Island solver: 38.6670ms
Step: 353.0857ms
====================================
Loop: 27
  Solve: 4.2708ms
 Island solver: 38.9443ms
Step: 195.0135ms
====================================
Loop: 28
  Solve: 4.2837ms
 Island solver: 38.6614ms
Step: 195.4306ms
====================================
Loop: 29
  Solve: 4.2567ms
 Island solver: 41.8523ms
Step: 199.8827ms
====================================
Loop: 30
  Solve: 4.3138ms
 Island solver: 40.8047ms
Step: 202.5569ms
====================================
Loop: 31
  Solve: 4.1956ms
 Island solver: 40.1623ms
Step: 203.2573ms
====================================
Loop: 32
  Solve: 4.3495ms
 Island solver: 41.6758ms
Step: 200.6302ms
====================================
Loop: 33
  Solve: 4.2095ms
 Island solver: 40.1508ms
Step: 358.6705ms
====================================
Loop: 34
  Solve: 4.5593ms
 Island solver: 41.7305ms
Step: 200.5322ms
====================================
Loop: 35
  Solve: 4.3071ms
 Island solver: 39.3115ms
Step: 196.6480ms
====================================
Loop: 36
  Solve: 4.4370ms
 Island solver: 38.6540ms
Step: 196.0945ms
====================================
Loop: 37
  Solve: 4.3953ms
 Island solver: 39.9355ms
Step: 194.5148ms
====================================
Loop: 38
  Solve: 4.2097ms
 Island solver: 38.8479ms
Step: 352.4763ms
====================================
Loop: 39
  Solve: 4.5321ms
 Island solver: 38.8005ms
Step: 194.0994ms
====================================
Loop: 40
  Solve: 4.3311ms
 Island solver: 42.4189ms
Step: 200.1308ms
====================================
Loop: 41
  Solve: 4.1981ms
 Island solver: 38.4416ms
Step: 194.5262ms
====================================
Loop: 42
  Solve: 4.2558ms
 Island solver: 38.6350ms
Step: 193.7584ms
====================================
Loop: 43
  Solve: 4.2907ms
 Island solver: 39.8871ms
Step: 357.8467ms
====================================
Loop: 44
  Solve: 4.3291ms
 Island solver: 38.9666ms
Step: 196.3016ms
====================================
Loop: 45
  Solve: 4.1892ms
 Island solver: 38.6522ms
Step: 196.4702ms
====================================
Loop: 46
  Solve: 4.3320ms
 Island solver: 38.6842ms
Step: 194.9240ms
====================================
Loop: 47
  Solve: 15.4684ms
 Island solver: 52.0067ms
Step: 373.6660ms
====================================
Loop: 48
  Solve: 26.3737ms
 Island solver: 62.1069ms
Step: 221.1202ms
====================================
Loop: 49
  Solve: 37.5806ms
 Island solver: 72.7622ms
Step: 233.1626ms
====================================
Loop: 50
  Solve: 48.4398ms
 Island solver: 84.4703ms
Step: 244.4434ms
====================================
Loop: 51
  Solve: 59.7380ms
 Island solver: 95.1686ms
Step: 409.0443ms
====================================
Loop: 52
  Solve: 70.6662ms
 Island solver: 106.8929ms
Step: 269.2054ms
====================================
Loop: 53
  Solve: 81.2425ms
 Island solver: 116.5642ms
Step: 277.5799ms
====================================
Loop: 54
  Solve: 92.8796ms
 Island solver: 130.6430ms
Step: 295.7373ms
====================================
Loop: 55
  Solve: 103.8889ms
 Island solver: 140.1091ms
Step: 445.1806ms
====================================
Loop: 56
  Solve: 114.2228ms
 Island solver: 150.5323ms
Step: 316.0574ms
====================================
Loop: 57
  Solve: 126.0234ms
 Island solver: 162.2413ms
Step: 332.1687ms
====================================
Loop: 58
  Solve: 136.5451ms
 Island solver: 172.6527ms
Step: 338.3535ms
====================================
Loop: 59
  Solve: 147.3044ms
 Island solver: 183.9684ms
Step: 484.1472ms
====================================
Loop: 60
  Solve: 160.4219ms
 Island solver: 199.3810ms
Step: 368.9548ms
====================================
Loop: 61
  Solve: 169.2325ms
 Island solver: 205.4441ms
Step: 380.5698ms
====================================
Loop: 62
  Solve: 180.9362ms
 Island solver: 218.0704ms
Step: 515.5947ms
====================================
Loop: 63
  Solve: 191.4644ms
 Island solver: 228.9760ms
Step: 403.4620ms
====================================
Loop: 64
  Solve: 203.2691ms
 Island solver: 241.7122ms
Step: 418.7393ms
====================================
Loop: 65
  Solve: 214.4949ms
 Island solver: 252.4637ms
Step: 548.9432ms
====================================
Loop: 66
  Solve: 225.1687ms
 Island solver: 264.2340ms
Step: 439.0941ms
====================================
Loop: 67
  Solve: 235.7560ms
 Island solver: 273.9965ms
Step: 449.5379ms
====================================
Loop: 68
  Solve: 247.3968ms
 Island solver: 287.7375ms
Step: 584.4749ms
====================================
Loop: 69
  Solve: 258.6456ms
 Island solver: 298.5292ms
Step: 479.9521ms
====================================
Loop: 70
  Solve: 269.3641ms
 Island solver: 308.8194ms
Step: 488.7272ms
====================================
Loop: 71
  Solve: 280.3614ms
 Island solver: 319.8098ms
Step: 611.4333ms
====================================
Loop: 72
  Solve: 291.0112ms
 Island solver: 332.0645ms
Step: 515.4897ms
====================================
Loop: 73
  Solve: 302.5125ms
 Island solver: 343.2905ms
Step: 529.1603ms
====================================
Loop: 74
  Solve: 313.6161ms
 Island solver: 353.8812ms
Step: 643.2960ms
====================================
Loop: 75
  Solve: 324.0004ms
 Island solver: 365.9783ms
Step: 555.1613ms
====================================
Loop: 76
  Solve: 338.1008ms
 Island solver: 379.5361ms
Step: 572.7579ms
====================================
Loop: 77
  Solve: 352.5142ms
 Island solver: 394.1798ms
Step: 683.2318ms
====================================
Loop: 78
  Solve: 362.3425ms
 Island solver: 410.7054ms
Step: 602.6309ms
====================================
Loop: 79
  Solve: 376.2496ms
 Island solver: 418.1144ms
Step: 613.4855ms
====================================
Loop: 80
  Solve: 387.5968ms
 Island solver: 429.9648ms
Step: 725.3111ms
====================================
Loop: 81
  Solve: 415.2052ms
 Island solver: 478.0583ms
Step: 681.8394ms
====================================
Loop: 82
  Solve: 402.0099ms
 Island solver: 447.2660ms
Step: 655.8054ms
====================================
Loop: 83
  Solve: 459.1140ms
 Island solver: 510.3172ms
Step: 800.5300ms
====================================
Loop: 84
  Solve: 503.5268ms
 Island solver: 557.4022ms
Step: 765.2047ms
====================================
Loop: 85
  Solve: 519.7507ms
 Island solver: 572.8012ms
Step: 783.5077ms
====================================
Loop: 86
  Solve: 513.9869ms
 Island solver: 565.2192ms
Step: 864.4075ms
====================================
Loop: 87
  Solve: 523.7308ms
 Island solver: 581.4237ms
Step: 799.7319ms
====================================
Loop: 88
  Solve: 531.2532ms
 Island solver: 584.9814ms
Step: 802.3206ms
====================================
Loop: 89
  Solve: 565.5557ms
 Island solver: 622.2061ms
Step: 923.1134ms
====================================
Loop: 90
  Solve: 584.1607ms
 Island solver: 645.8362ms
Step: 872.1553ms
====================================
Loop: 91
  Solve: 599.2908ms
 Island solver: 657.5070ms
Step: 885.5704ms
====================================
Loop: 92
  Solve: 610.0140ms
 Island solver: 666.7256ms
Step: 968.6341ms
====================================
Loop: 93
  Solve: 617.1198ms
 Island solver: 680.9915ms
Step: 919.2606ms
====================================
Loop: 94
  Solve: 627.9183ms
 Island solver: 686.4540ms
Step: 991.8790ms
====================================
Loop: 95
  Solve: 644.9814ms
 Island solver: 707.2548ms
Step: 950.5679ms
====================================
Loop: 96
  Solve: 668.1736ms
 Island solver: 728.1299ms
Step: 1037.4750ms
====================================
Loop: 97
  Solve: 681.9623ms
 Island solver: 744.1979ms
Step: 994.2254ms
====================================
Loop: 98
  Solve: 702.8506ms
 Island solver: 766.1244ms
Step: 1076.8641ms
====================================
Loop: 99
  Solve: 716.7200ms
 Island solver: 780.8253ms
Step: 1041.5670ms
====================================
Loop: 100
  Solve: 742.1379ms
 Island solver: 807.1108ms
Step: 1124.8901ms
====================================
Loop: 101
  Solve: 760.0147ms
 Island solver: 827.3964ms
Step: 1096.9390ms
====================================
Loop: 102
  Solve: 777.6473ms
 Island solver: 841.8140ms
Step: 1167.6587ms
====================================
Loop: 103
  Solve: 800.1453ms
 Island solver: 869.9155ms
Step: 1156.2245ms
====================================
Loop: 104
  Solve: 820.2495ms
 Island solver: 890.4891ms
Step: 1233.2275ms
====================================
Loop: 105
  Solve: 841.7508ms
 Island solver: 914.0267ms
Step: 1227.8323ms
====================================
Loop: 106
  Solve: 865.2639ms
 Island solver: 937.8476ms
Step: 1301.4025ms
====================================
Loop: 107
  Solve: 884.4824ms
 Island solver: 973.0656ms
Step: 1306.0010ms
====================================
Loop: 108
  Solve: 903.3610ms
 Island solver: 986.2108ms
Step: 1356.4779ms
====================================
Loop: 109
  Solve: 922.8103ms
 Island solver: 1000.9173ms
Step: 1349.1326ms
====================================
Loop: 110
  Solve: 946.8344ms
 Island solver: 1027.2440ms
Step: 1421.6497ms
====================================
Loop: 111
  Solve: 975.2153ms
 Island solver: 1057.8750ms
Step: 1426.2349ms
====================================
Loop: 112
  Solve: 991.8819ms
 Island solver: 1077.6832ms
Step: 1490.2788ms
====================================
Loop: 113
  Solve: 1013.5317ms
 Island solver: 1104.7208ms
Step: 1501.2136ms
====================================
Loop: 114
  Solve: 1030.6512ms
 Island solver: 1123.7397ms
Step: 1569.9353ms
====================================
Loop: 115
  Solve: 1049.5371ms
 Island solver: 1161.4398ms
Step: 1606.6307ms
====================================
Loop: 116
  Solve: 1064.3759ms
 Island solver: 1156.2826ms
Step: 1642.7217ms
====================================
Loop: 117
  Solve: 1083.7474ms
 Island solver: 1188.8568ms
Step: 1674.0896ms
====================================
Loop: 118
  Solve: 1098.5483ms
 Island solver: 1199.0441ms
Step: 1718.4827ms
====================================
Loop: 119
  Solve: 1113.8214ms
 Island solver: 1228.7993ms
Step: 1748.0872ms
====================================
Loop: 120
  Solve: 1135.6134ms
 Island solver: 1251.4640ms
Step: 1804.2323ms
====================================
Loop: 121
  Solve: 1162.1499ms
 Island solver: 1295.9968ms
Step: 1857.7223ms
====================================
Loop: 122
  Solve: 1182.0874ms
 Island solver: 1298.9276ms
Step: 1893.4177ms
====================================
Loop: 123
  Solve: 1207.6641ms
 Island solver: 1321.7817ms
Step: 1927.1428ms
====================================
Loop: 124
  Solve: 1227.7964ms
 Island solver: 1350.1426ms
Step: 1989.3262ms
====================================
Loop: 125
  Solve: 1241.0522ms
 Island solver: 1365.0508ms
Step: 2007.8965ms
====================================
Loop: 126
  Solve: 1251.1096ms
 Island solver: 1390.8684ms
Step: 2062.1201ms
====================================
Loop: 127
  Solve: 1257.4170ms
 Island solver: 1394.1284ms
Step: 2078.4490ms
====================================
Loop: 128
  Solve: 1254.2181ms
 Island solver: 1382.3291ms
Step: 2074.5305ms
====================================
Loop: 129
  Solve: 1236.2413ms
 Island solver: 1366.3987ms
Step: 2064.8923ms
====================================
Loop: 130
  Solve: 1226.7749ms
 Island solver: 1355.3492ms
Step: 2070.9021ms
====================================
Loop: 131
  Solve: 1202.8716ms
 Island solver: 1345.8790ms
Step: 2074.4622ms
====================================
Loop: 132
  Solve: 1177.6014ms
 Island solver: 1319.6483ms
Step: 2053.6096ms
====================================
Loop: 133
  Solve: 1156.3477ms
 Island solver: 1289.7719ms
Step: 2029.4916ms
====================================
Loop: 134
  Solve: 1128.7195ms
 Island solver: 1259.6085ms
Step: 2005.5732ms
====================================
Loop: 135
  Solve: 1102.0210ms
 Island solver: 1232.5464ms
Step: 1986.4092ms
====================================
Loop: 136
  Solve: 1075.3447ms
 Island solver: 1208.7968ms
Step: 1966.2617ms
====================================
Loop: 137
  Solve: 1055.5299ms
 Island solver: 1192.1477ms
Step: 1955.3914ms
====================================
Loop: 138
  Solve: 1033.7489ms
 Island solver: 1170.0393ms
Step: 1925.0667ms
====================================
Loop: 139
  Solve: 1017.1109ms
 Island solver: 1148.0768ms
Step: 1908.5852ms
====================================
Loop: 140
  Solve: 995.6223ms
 Island solver: 1128.6711ms
Step: 1891.1492ms
====================================
Loop: 141
  Solve: 977.5041ms
 Island solver: 1123.4215ms
Step: 1888.7500ms
====================================
Loop: 142
  Solve: 967.4476ms
 Island solver: 1098.2328ms
Step: 1865.3545ms
====================================
Loop: 143
  Solve: 946.3651ms
 Island solver: 1079.8123ms
Step: 1843.0513ms
====================================
Loop: 144
  Solve: 928.7677ms
 Island solver: 1061.6396ms
Step: 1824.2950ms
====================================
Loop: 145
  Solve: 910.4816ms
 Island solver: 1041.7437ms
Step: 1815.7046ms
====================================
Loop: 146
  Solve: 914.1238ms
 Island solver: 1048.3464ms
Step: 1829.6521ms
====================================
Loop: 147
  Solve: 882.1992ms
 Island solver: 1010.5204ms
Step: 1780.2106ms
====================================
Loop: 148
  Solve: 867.7147ms
 Island solver: 1004.2216ms
Step: 1780.0923ms
====================================
Loop: 149
  Solve: 855.6458ms
 Island solver: 990.7474ms
Step: 1764.2810ms
====================================
Loop: 150
  Solve: 841.8714ms
 Island solver: 979.6157ms
Step: 1748.8921ms
====================================
Loop: 151
  Solve: 825.6591ms
 Island solver: 955.5824ms
Step: 1718.6046ms
====================================
Loop: 152
  Solve: 811.4666ms
 Island solver: 961.4504ms
Step: 1732.5381ms
====================================
Loop: 153
  Solve: 796.3188ms
 Island solver: 924.2614ms
Step: 1689.6855ms
====================================
Loop: 154
  Solve: 777.0175ms
 Island solver: 909.5314ms
Step: 1669.9851ms
====================================
Loop: 155
  Solve: 755.8180ms
 Island solver: 885.3939ms
Step: 1656.2556ms
====================================
Loop: 156
  Solve: 737.5267ms
 Island solver: 868.2610ms
Step: 1631.5818ms
====================================
Loop: 157
  Solve: 722.2849ms
 Island solver: 848.5430ms
Step: 1622.2275ms
====================================
Loop: 158
  Solve: 702.7397ms
 Island solver: 833.9657ms
Step: 1595.8101ms
====================================
Loop: 159
  Solve: 685.4332ms
 Island solver: 814.2656ms
Step: 1579.2080ms
====================================
Loop: 160
  Solve: 664.3148ms
 Island solver: 786.5561ms
Step: 1548.6880ms
====================================
Loop: 161
  Solve: 652.0765ms
 Island solver: 778.0233ms
Step: 1559.1970ms
====================================
Loop: 162
  Solve: 635.8489ms
 Island solver: 766.0021ms
Step: 1519.4087ms
====================================
Loop: 163
  Solve: 625.5115ms
 Island solver: 753.4999ms
Step: 1499.4419ms
====================================
Loop: 164
  Solve: 615.5782ms
 Island solver: 739.2804ms
Step: 1490.3760ms
====================================
Loop: 165
  Solve: 602.7020ms
 Island solver: 727.6694ms
Step: 1475.0017ms
====================================
Loop: 166
  Solve: 593.1739ms
 Island solver: 720.7553ms
Step: 1472.2432ms
====================================
Loop: 167
  Solve: 588.0229ms
 Island solver: 710.0052ms
Step: 1451.7146ms
====================================
Loop: 168
  Solve: 578.1724ms
 Island solver: 698.2789ms
Step: 1443.7008ms
====================================
Loop: 169
  Solve: 569.7833ms
 Island solver: 694.2266ms
Step: 1439.5582ms
====================================
Loop: 170
  Solve: 565.3132ms
 Island solver: 691.7724ms
Step: 1433.0325ms
====================================
Loop: 171
  Solve: 560.3681ms
 Island solver: 683.9932ms
Step: 1424.5740ms
====================================
Loop: 172
  Solve: 553.4301ms
 Island solver: 674.3438ms
Step: 1415.3105ms
====================================
Loop: 173
  Solve: 547.2275ms
 Island solver: 667.3743ms
Step: 1407.6897ms
====================================
Loop: 174
  Solve: 541.6801ms
 Island solver: 660.0564ms
Step: 1390.2855ms
====================================
Loop: 175
  Solve: 535.2501ms
 Island solver: 658.8116ms
Step: 1386.3752ms
====================================
Loop: 176
  Solve: 529.5980ms
 Island solver: 647.7170ms
Step: 1379.9275ms
====================================
Loop: 177
  Solve: 522.3143ms
 Island solver: 641.1332ms
Step: 1372.6357ms
====================================
Loop: 178
  Solve: 518.6853ms
 Island solver: 636.3727ms
Step: 1360.3789ms
====================================
Loop: 179
  Solve: 512.0810ms
 Island solver: 634.8854ms
Step: 1357.9323ms
====================================
Loop: 180
  Solve: 509.3115ms
 Island solver: 624.7935ms
Step: 1350.2036ms
====================================
Loop: 181
  Solve: 502.3307ms
 Island solver: 618.1240ms
Step: 1340.0610ms
====================================
Loop: 182
  Solve: 497.4979ms
 Island solver: 617.9553ms
Step: 1333.6489ms
====================================
Loop: 183
  Solve: 495.5314ms
 Island solver: 609.3148ms
Step: 1332.2418ms
====================================
Loop: 184
  Solve: 492.9268ms
 Island solver: 608.3581ms
Step: 1326.3334ms
====================================
Loop: 185
  Solve: 487.2059ms
 Island solver: 605.2727ms
Step: 1322.1226ms
====================================
Loop: 186
  Solve: 481.8496ms
 Island solver: 593.1549ms
Step: 1318.9849ms
====================================
Loop: 187
  Solve: 478.7425ms
 Island solver: 589.7853ms
Step: 1310.0874ms
====================================
Loop: 188
  Solve: 477.1045ms
 Island solver: 591.6251ms
Step: 1312.8717ms
====================================
Loop: 189
  Solve: 474.8128ms
 Island solver: 587.3780ms
Step: 1305.7223ms
====================================
Loop: 190
  Solve: 473.4698ms
 Island solver: 586.9351ms
Step: 1303.9948ms
====================================
Loop: 191
  Solve: 472.9975ms
 Island solver: 583.3437ms
Step: 1298.2179ms
====================================
Loop: 192
  Solve: 470.7997ms
 Island solver: 585.7766ms
Step: 1296.8707ms
====================================
Loop: 193
  Solve: 471.4916ms
 Island solver: 584.4225ms
Step: 1306.2545ms
====================================
Loop: 194
  Solve: 471.4210ms
 Island solver: 580.4481ms
Step: 1304.0237ms
====================================
Loop: 195
  Solve: 465.2779ms
 Island solver: 580.6143ms
Step: 1290.8707ms
====================================
Loop: 196
  Solve: 462.7397ms
 Island solver: 572.3466ms
Step: 1287.2122ms
====================================
Loop: 197
  Solve: 461.0873ms
 Island solver: 572.8190ms
Step: 1285.0396ms
====================================
Loop: 198
  Solve: 461.6153ms
 Island solver: 570.3121ms
Step: 1275.7035ms
====================================
Loop: 199
  Solve: 479.8624ms
 Island solver: 598.3630ms
Step: 1424.9343ms
====================================
Loop: 200
  Solve: 458.0612ms
 Island solver: 568.0859ms
Step: 1277.7268ms
====================================
Loop: 201
  Solve: 457.7425ms
 Island solver: 564.2368ms
Step: 1267.1296ms
====================================
Loop: 202
  Solve: 456.1974ms
 Island solver: 568.6696ms
Step: 1271.2288ms
====================================
Loop: 203
  Solve: 456.3089ms
 Island solver: 564.3305ms
Step: 1279.1853ms
====================================
Loop: 204
  Solve: 456.6375ms
 Island solver: 563.8843ms
Step: 1259.3933ms
====================================
Loop: 205
  Solve: 456.9224ms
 Island solver: 566.4928ms
Step: 1271.8370ms
====================================
Loop: 206
  Solve: 457.0211ms
 Island solver: 566.5204ms
Step: 1272.0995ms
====================================
Loop: 207
  Solve: 454.8095ms
 Island solver: 563.5126ms
Step: 1274.8529ms
====================================
Loop: 208
  Solve: 461.0086ms
 Island solver: 565.5616ms
Step: 1273.6083ms
====================================
Loop: 209
  Solve: 463.3015ms
 Island solver: 577.3787ms
Step: 1282.5145ms
====================================
Loop: 210
  Solve: 466.2287ms
 Island solver: 570.1862ms
Step: 1284.3169ms
====================================
Loop: 211
  Solve: 470.1003ms
 Island solver: 580.2875ms
Step: 1298.2444ms
====================================
Loop: 212
  Solve: 477.3219ms
 Island solver: 582.4609ms
Step: 1310.5344ms
====================================
Loop: 213
  Solve: 479.6615ms
 Island solver: 588.7018ms
Step: 1324.8254ms
====================================
Loop: 214
  Solve: 483.6280ms
 Island solver: 599.6290ms
Step: 1326.5575ms
====================================
Loop: 215
  Solve: 493.2997ms
 Island solver: 600.0923ms
Step: 1326.1869ms
====================================
Loop: 216
  Solve: 496.7060ms
 Island solver: 607.1999ms
Step: 1330.7698ms
====================================
Loop: 217
  Solve: 504.0568ms
 Island solver: 619.0632ms
Step: 1340.6450ms
====================================
Loop: 218
  Solve: 507.8956ms
 Island solver: 615.0554ms
Step: 1342.4430ms
====================================
Loop: 219
  Solve: 509.1293ms
 Island solver: 617.8020ms
Step: 1339.2732ms
====================================
Loop: 220
  Solve: 512.1840ms
 Island solver: 629.1480ms
Step: 1349.7769ms
====================================
Loop: 221
  Solve: 522.9172ms
 Island solver: 630.4492ms
Step: 1353.1753ms
====================================
Loop: 222
  Solve: 525.3448ms
 Island solver: 631.1655ms
Step: 1352.5685ms
====================================
Loop: 223
  Solve: 528.7847ms
 Island solver: 642.7194ms
Step: 1366.5541ms
====================================
Loop: 224
  Solve: 533.0670ms
 Island solver: 647.6489ms
Step: 1374.5967ms
====================================
Loop: 225
  Solve: 532.2949ms
 Island solver: 640.2509ms
Step: 1375.6794ms
====================================
Loop: 226
  Solve: 538.3242ms
 Island solver: 650.2458ms
Step: 1381.5757ms
====================================
Loop: 227
  Solve: 540.9438ms
 Island solver: 660.9055ms
Step: 1381.5991ms
====================================
Loop: 228
  Solve: 546.6386ms
 Island solver: 658.8409ms
Step: 1388.7405ms
====================================
Loop: 229
  Solve: 549.9355ms
 Island solver: 659.1168ms
Step: 1393.6254ms
====================================
Loop: 230
  Solve: 551.0104ms
 Island solver: 671.3672ms
Step: 1406.3523ms
====================================
Loop: 231
  Solve: 555.1099ms
 Island solver: 663.5138ms
Step: 1397.1760ms
====================================
Loop: 232
  Solve: 557.9739ms
 Island solver: 677.4160ms
Step: 1418.8186ms
====================================
Loop: 233
  Solve: 567.1270ms
 Island solver: 683.3381ms
Step: 1433.9810ms
====================================
Loop: 234
  Solve: 573.8987ms
 Island solver: 683.2545ms
Step: 1423.7117ms
====================================
Loop: 235
  Solve: 577.8243ms
 Island solver: 689.7247ms
Step: 1432.7751ms
====================================
Loop: 236
  Solve: 577.4579ms
 Island solver: 687.8575ms
Step: 1431.1030ms
====================================
Loop: 237
  Solve: 578.6547ms
 Island solver: 689.1683ms
Step: 1431.0381ms
====================================
Loop: 238
  Solve: 583.8596ms
 Island solver: 698.5391ms
Step: 1434.9084ms
====================================
Loop: 239
  Solve: 592.0670ms
 Island solver: 713.2737ms
Step: 1448.6187ms
====================================
Loop: 240
  Solve: 594.9513ms
 Island solver: 713.0462ms
Step: 1456.3000ms
====================================
Loop: 241
  Solve: 598.8937ms
 Island solver: 714.9299ms
Step: 1449.9880ms
====================================
Loop: 242
  Solve: 599.6593ms
 Island solver: 712.0507ms
Step: 1452.7946ms
====================================
Loop: 243
  Solve: 601.7334ms
 Island solver: 712.7117ms
Step: 1459.7703ms
====================================
Loop: 244
  Solve: 602.9592ms
 Island solver: 714.8375ms
Step: 1454.4465ms
====================================
Loop: 245
  Solve: 602.0698ms
 Island solver: 715.1569ms
Step: 1460.0460ms
====================================
Loop: 246
  Solve: 603.0057ms
 Island solver: 713.1202ms
Step: 1459.7094ms
====================================
Loop: 247
  Solve: 599.1780ms
 Island solver: 717.7909ms
Step: 1464.7490ms
====================================
Loop: 248
  Solve: 597.2145ms
 Island solver: 714.6682ms
Step: 1466.5852ms
====================================
Loop: 249
  Solve: 593.2939ms
 Island solver: 712.5208ms
Step: 1467.3741ms
====================================
Loop: 250
  Solve: 593.5608ms
 Island solver: 717.3476ms
Step: 1468.1978ms
====================================
Loop: 251
  Solve: 592.4243ms
 Island solver: 715.2574ms
Step: 1460.0326ms
====================================
Loop: 252
  Solve: 592.4748ms
 Island solver: 715.5042ms
Step: 1466.5693ms
====================================
Loop: 253
  Solve: 589.9310ms
 Island solver: 704.2901ms
Step: 1451.8077ms
====================================
Loop: 254
  Solve: 587.3415ms
 Island solver: 703.0950ms
Step: 1451.3215ms
====================================
Loop: 255
  Solve: 586.3640ms
 Island solver: 695.7699ms
Step: 1437.3906ms
====================================
Loop: 256
  Solve: 582.6577ms
 Island solver: 695.9683ms
Step: 1439.1545ms
====================================
Loop: 257
  Solve: 585.0866ms
 Island solver: 696.6033ms
Step: 1438.2175ms
====================================
Loop: 258
  Solve: 582.2295ms
 Island solver: 700.9057ms
Step: 1437.9709ms
====================================
Loop: 259
  Solve: 581.5591ms
 Island solver: 700.1254ms
Step: 1441.9600ms
====================================
Loop: 260
  Solve: 583.5810ms
 Island solver: 703.8500ms
Step: 1439.1653ms
====================================
Loop: 261
  Solve: 578.3497ms
 Island solver: 693.6796ms
Step: 1423.1208ms
====================================
Loop: 262
  Solve: 578.5328ms
 Island solver: 689.8972ms
Step: 1420.7311ms
====================================
Loop: 263
  Solve: 577.2032ms
 Island solver: 687.2774ms
Step: 1425.7371ms
====================================
Loop: 264
  Solve: 575.8135ms
 Island solver: 685.5305ms
Step: 1420.1597ms
====================================
Loop: 265
  Solve: 574.3654ms
 Island solver: 691.9022ms
Step: 1420.8263ms
====================================
Loop: 266
  Solve: 577.8269ms
 Island solver: 698.7414ms
Step: 1433.0256ms
====================================
Loop: 267
  Solve: 577.7411ms
 Island solver: 691.5254ms
Step: 1420.5176ms
====================================
Loop: 268
  Solve: 575.5409ms
 Island solver: 687.9737ms
Step: 1417.4608ms
====================================
Loop: 269
  Solve: 574.4501ms
 Island solver: 684.6393ms
Step: 1414.8302ms
====================================
Loop: 270
  Solve: 574.4264ms
 Island solver: 685.9346ms
Step: 1420.3845ms
====================================
Loop: 271
  Solve: 577.4893ms
 Island solver: 687.8731ms
Step: 1428.8118ms
====================================
Loop: 272
  Solve: 580.7512ms
 Island solver: 706.1990ms
Step: 1441.3043ms
====================================
Loop: 273
  Solve: 579.2316ms
 Island solver: 702.7258ms
Step: 1441.9076ms
====================================
Loop: 274
  Solve: 579.2542ms
 Island solver: 692.6967ms
Step: 1425.5110ms
====================================
Loop: 275
  Solve: 581.7126ms
 Island solver: 693.0781ms
Step: 1432.3171ms
====================================
Loop: 276
  Solve: 585.1965ms
 Island solver: 697.6213ms
Step: 1442.3160ms
====================================
Loop: 277
  Solve: 582.9438ms
 Island solver: 693.9093ms
Step: 1435.3494ms
====================================
Loop: 278
  Solve: 583.4977ms
 Island solver: 694.4324ms
Step: 1445.7489ms
====================================
Loop: 279
  Solve: 586.7017ms
 Island solver: 703.8042ms
Step: 1442.0099ms
====================================
Loop: 280
  Solve: 590.7050ms
 Island solver: 712.7733ms
Step: 1446.4084ms
====================================
Loop: 281
  Solve: 587.4874ms
 Island solver: 704.9549ms
Step: 1442.6724ms
====================================
Loop: 282
  Solve: 589.2122ms
 Island solver: 711.2646ms
Step: 1447.8510ms
====================================
Loop: 283
  Solve: 584.0789ms
 Island solver: 698.9524ms
Step: 1435.4838ms
====================================
Loop: 284
  Solve: 580.8642ms
 Island solver: 692.4376ms
Step: 1428.0707ms
====================================
Loop: 285
  Solve: 581.5097ms
 Island solver: 692.4540ms
Step: 1434.9603ms
====================================
Loop: 286
  Solve: 583.0905ms
 Island solver: 694.0922ms
Step: 1428.7084ms
====================================
Loop: 287
  Solve: 584.1280ms
 Island solver: 700.8110ms
Step: 1445.7501ms
====================================
Loop: 288
  Solve: 580.6672ms
 Island solver: 702.6287ms
Step: 1435.9047ms
====================================
Loop: 289
  Solve: 582.3475ms
 Island solver: 699.7299ms
Step: 1436.8632ms
====================================
Loop: 290
  Solve: 585.8284ms
 Island solver: 700.2859ms
Step: 1433.8597ms
====================================
Loop: 291
  Solve: 589.4084ms
 Island solver: 701.6498ms
Step: 1437.3586ms
====================================
Loop: 292
  Solve: 589.3463ms
 Island solver: 702.6334ms
Step: 1444.7465ms
====================================
Loop: 293
  Solve: 590.4197ms
 Island solver: 702.5253ms
Step: 1444.0403ms
====================================
Loop: 294
  Solve: 594.7946ms
 Island solver: 707.7091ms
Step: 1443.0187ms
====================================
Loop: 295
  Solve: 594.3690ms
 Island solver: 712.2106ms
Step: 1454.3340ms
====================================
Loop: 296
  Solve: 596.9627ms
 Island solver: 719.3394ms
Step: 1460.3101ms
====================================
Loop: 297
  Solve: 596.5657ms
 Island solver: 719.3719ms
Step: 1457.6172ms
====================================
Loop: 298
  Solve: 600.6383ms
 Island solver: 719.5661ms
Step: 1457.4292ms
====================================
Loop: 299
  Solve: 601.3793ms
 Island solver: 717.0140ms
Step: 1448.8280ms
====================================
Loop: 300
  Solve: 602.5653ms
 Island solver: 726.1660ms
Step: 1471.6494ms
====================================
Loop: 301
  Solve: 604.6840ms
 Island solver: 719.4800ms
Step: 1463.3733ms
====================================
Loop: 302
  Solve: 599.9363ms
 Island solver: 711.3461ms
Step: 1452.7368ms
====================================
Loop: 303
  Solve: 598.8558ms
 Island solver: 711.5616ms
Step: 1454.0522ms
====================================
Loop: 304
  Solve: 598.6804ms
 Island solver: 711.8210ms
Step: 1445.8796ms
====================================
Loop: 305
  Solve: 597.2571ms
 Island solver: 713.3504ms
Step: 1450.5961ms
====================================
Loop: 306
  Solve: 595.0262ms
 Island solver: 715.5380ms
Step: 1447.5687ms
====================================
Loop: 307
  Solve: 593.2262ms
 Island solver: 715.1454ms
Step: 1450.1155ms
====================================
Loop: 308
  Solve: 593.0535ms
 Island solver: 710.3967ms
Step: 1437.4478ms
====================================
Loop: 309
  Solve: 591.1672ms
 Island solver: 713.8419ms
Step: 1450.8857ms
====================================
Loop: 310
  Solve: 588.4734ms
 Island solver: 701.2735ms
Step: 1438.7202ms
====================================
Loop: 311
  Solve: 584.0662ms
 Island solver: 698.7379ms
Step: 1432.5189ms
====================================
Loop: 312
  Solve: 585.3211ms
 Island solver: 699.6813ms
Step: 1436.9602ms
====================================
Loop: 313
  Solve: 585.7204ms
 Island solver: 700.1350ms
Step: 1435.0178ms
====================================
Loop: 314
  Solve: 584.3140ms
 Island solver: 703.3769ms
Step: 1448.4927ms
====================================
Loop: 315
  Solve: 585.1430ms
 Island solver: 710.8854ms
Step: 1447.7764ms
====================================
Loop: 316
  Solve: 589.3716ms
 Island solver: 707.7106ms
Step: 1452.0271ms
====================================
Loop: 317
  Solve: 591.5795ms
 Island solver: 708.7034ms
Step: 1449.3599ms
====================================
Loop: 318
  Solve: 588.9417ms
 Island solver: 709.5318ms
Step: 1454.3464ms
====================================
Loop: 319
  Solve: 587.6541ms
 Island solver: 700.8250ms
Step: 1445.6199ms
====================================
Loop: 320
  Solve: 587.8483ms
 Island solver: 702.1198ms
Step: 1447.9557ms
====================================
Loop: 321
  Solve: 585.5588ms
 Island solver: 698.5204ms
Step: 1442.8536ms
====================================
Loop: 322
  Solve: 584.8367ms
 Island solver: 700.3011ms
Step: 1438.4067ms
====================================
Loop: 323
  Solve: 594.3677ms
 Island solver: 718.9774ms
Step: 1463.2063ms
====================================
Loop: 324
  Solve: 587.1239ms
 Island solver: 711.3519ms
Step: 1441.8590ms
====================================
Loop: 325
  Solve: 589.4778ms
 Island solver: 708.5359ms
Step: 1451.5774ms
====================================
Loop: 326
  Solve: 587.3186ms
 Island solver: 702.9537ms
Step: 1430.0647ms
====================================
Loop: 327
  Solve: 586.9712ms
 Island solver: 704.9309ms
Step: 1443.5854ms
====================================
Loop: 328
  Solve: 583.4972ms
 Island solver: 694.5029ms
Step: 1426.4008ms
====================================
Loop: 329
  Solve: 581.8060ms
 Island solver: 694.9783ms
Step: 1437.7192ms
====================================
Loop: 330
  Solve: 582.1059ms
 Island solver: 697.2558ms
Step: 1425.0189ms
====================================
Loop: 331
  Solve: 578.5320ms
 Island solver: 695.7094ms
Step: 1428.1887ms
====================================
Loop: 332
  Solve: 577.0394ms
 Island solver: 700.0804ms
Step: 1434.2406ms
====================================
Loop: 333
  Solve: 581.2241ms
 Island solver: 696.0379ms
Step: 1420.8228ms
====================================
Loop: 334
  Solve: 577.6979ms
 Island solver: 691.7372ms
Step: 1428.9347ms
====================================
Loop: 335
  Solve: 576.2382ms
 Island solver: 687.5636ms
Step: 1421.6125ms
====================================
Loop: 336
  Solve: 573.0312ms
 Island solver: 684.6086ms
Step: 1417.5098ms
====================================
Loop: 337
  Solve: 569.5443ms
 Island solver: 683.7127ms
Step: 1417.1685ms
====================================
Loop: 338
  Solve: 569.3120ms
 Island solver: 691.9711ms
Step: 1418.3456ms
====================================
Loop: 339
  Solve: 568.1395ms
 Island solver: 683.8796ms
Step: 1414.9819ms
====================================
Loop: 340
  Solve: 569.4540ms
 Island solver: 680.9165ms
Step: 1406.4236ms
====================================
Loop: 341
  Solve: 567.0848ms
 Island solver: 683.7952ms
Step: 1413.6832ms
====================================
Loop: 342
  Solve: 567.0444ms
 Island solver: 678.2294ms
Step: 1404.6329ms
====================================
Loop: 343
  Solve: 565.5166ms
 Island solver: 689.4229ms
Step: 1405.8923ms
====================================
Loop: 344
  Solve: 566.8718ms
 Island solver: 680.6689ms
Step: 1402.0146ms
====================================
Loop: 345
  Solve: 566.7074ms
 Island solver: 682.0321ms
Step: 1400.8162ms
====================================
Loop: 346
  Solve: 559.9890ms
 Island solver: 680.4755ms
Step: 1404.6102ms
====================================
Loop: 347
  Solve: 563.5919ms
 Island solver: 675.2477ms
Step: 1396.3994ms
====================================
Loop: 348
  Solve: 560.8087ms
 Island solver: 682.7255ms
Step: 1389.4556ms
====================================
Loop: 349
  Solve: 562.3849ms
 Island solver: 680.4044ms
Step: 1400.1104ms
====================================
Loop: 350
  Solve: 559.5876ms
 Island solver: 668.9692ms
Step: 1373.7262ms
====================================
Loop: 351
  Solve: 558.3799ms
 Island solver: 676.8536ms
Step: 1391.4543ms
====================================
Loop: 352
  Solve: 554.1319ms
 Island solver: 668.9318ms
Step: 1377.4144ms
====================================
Loop: 353
  Solve: 552.7067ms
 Island solver: 670.2509ms
Step: 1368.8154ms
====================================
Loop: 354
  Solve: 548.8699ms
 Island solver: 657.1064ms
Step: 1361.6506ms
====================================
Loop: 355
  Solve: 543.3005ms
 Island solver: 651.5739ms
Step: 1349.2258ms
====================================
Loop: 356
  Solve: 542.3444ms
 Island solver: 666.5734ms
Step: 1361.5095ms
====================================
Loop: 357
  Solve: 540.0037ms
 Island solver: 647.9518ms
Step: 1343.0352ms
====================================
Loop: 358
  Solve: 535.8939ms
 Island solver: 643.3680ms
Step: 1330.2980ms
====================================
Loop: 359
  Solve: 533.3611ms
 Island solver: 654.7836ms
Step: 1341.0737ms
====================================
Loop: 360
  Solve: 532.8831ms
 Island solver: 640.9266ms
Step: 1329.7061ms
====================================
Loop: 361
  Solve: 529.3461ms
 Island solver: 635.4785ms
Step: 1321.1758ms
====================================
Loop: 362
  Solve: 524.7580ms
 Island solver: 643.2941ms
Step: 1325.9299ms
====================================
Loop: 363
  Solve: 520.6239ms
 Island solver: 626.9787ms
Step: 1309.9648ms
====================================
Loop: 364
  Solve: 519.4536ms
 Island solver: 631.8690ms
Step: 1304.9320ms
====================================
Loop: 365
  Solve: 519.4241ms
 Island solver: 635.6663ms
Step: 1296.4193ms
====================================
Loop: 366
  Solve: 519.2636ms
 Island solver: 647.7758ms
Step: 1328.3903ms
====================================
Loop: 367
  Solve: 516.6383ms
 Island solver: 628.4924ms
Step: 1295.7363ms
====================================
Loop: 368
  Solve: 514.1974ms
 Island solver: 618.2830ms
Step: 1285.2366ms
====================================
Loop: 369
  Solve: 509.7986ms
 Island solver: 625.9385ms
Step: 1290.1997ms
====================================
Loop: 370
  Solve: 507.4817ms
 Island solver: 620.9568ms
Step: 1286.3340ms
====================================
Loop: 371
  Solve: 507.2406ms
 Island solver: 612.0562ms
Step: 1273.1412ms
====================================
Loop: 372
  Solve: 502.5993ms
 Island solver: 613.9902ms
Step: 1271.3723ms
====================================
Loop: 373
  Solve: 497.7247ms
 Island solver: 601.6416ms
Step: 1257.8176ms
====================================
Loop: 374
  Solve: 497.5586ms
 Island solver: 611.7368ms
Step: 1259.6323ms
====================================
Loop: 375
  Solve: 494.5982ms
 Island solver: 598.5167ms
Step: 1240.3810ms
====================================
Loop: 376
  Solve: 492.7284ms
 Island solver: 610.2976ms
Step: 1251.8870ms
====================================
Loop: 377
  Solve: 489.5855ms
 Island solver: 590.8420ms
Step: 1268.3704ms
====================================
Loop: 378
  Solve: 487.2871ms
 Island solver: 599.7404ms
Step: 1240.4370ms
====================================
Loop: 379
  Solve: 485.7117ms
 Island solver: 586.1085ms
Step: 1218.3083ms
====================================
Loop: 380
  Solve: 481.8019ms
 Island solver: 587.1470ms
Step: 1211.5079ms
====================================
Loop: 381
  Solve: 479.2360ms
 Island solver: 589.0840ms
Step: 1218.6165ms
====================================
Loop: 382
  Solve: 475.4964ms
 Island solver: 577.2465ms
Step: 1214.6652ms
====================================
Loop: 383
  Solve: 475.4849ms
 Island solver: 580.3871ms
Step: 1207.5460ms
====================================
Loop: 384
  Solve: 473.1743ms
 Island solver: 571.9647ms
Step: 1191.6392ms
====================================
Loop: 385
  Solve: 470.4551ms
 Island solver: 580.3267ms
Step: 1200.4913ms
====================================
Loop: 386
  Solve: 467.1848ms
 Island solver: 569.1454ms
Step: 1183.1344ms
====================================
Loop: 387
  Solve: 463.3064ms
 Island solver: 561.5284ms
Step: 1175.6782ms
====================================
Loop: 388
  Solve: 463.3329ms
 Island solver: 572.7797ms
Step: 1186.3634ms
====================================
Loop: 389
  Solve: 465.9142ms
 Island solver: 564.6036ms
Step: 1168.7723ms
====================================
Loop: 390
  Solve: 461.7596ms
 Island solver: 557.9930ms
Step: 1162.8058ms
====================================
Loop: 391
  Solve: 457.8108ms
 Island solver: 570.2708ms
Step: 1163.8209ms
====================================
Loop: 392
  Solve: 456.4498ms
 Island solver: 557.0596ms
Step: 1151.3079ms
====================================
Loop: 393
  Solve: 454.8424ms
 Island solver: 553.5836ms
Step: 1154.3020ms
====================================
Loop: 394
  Solve: 454.1219ms
 Island solver: 558.6860ms
Step: 1162.2354ms
====================================
Loop: 395
  Solve: 454.8933ms
 Island solver: 551.3253ms
Step: 1143.9447ms
====================================
Loop: 396
  Solve: 453.8190ms
 Island solver: 553.7913ms
Step: 1146.0135ms
====================================
Loop: 397
  Solve: 452.1652ms
 Island solver: 551.0386ms
Step: 1134.5559ms
====================================
Loop: 398
  Solve: 449.0014ms
 Island solver: 561.2758ms
Step: 1139.4949ms
====================================
Loop: 399
  Solve: 446.2298ms
 Island solver: 541.1099ms
Step: 1120.4055ms
====================================
Loop: 400
  Solve: 444.8079ms
 Island solver: 541.1085ms
Step: 1123.9500ms
====================================
Loop: 401
  Solve: 447.0968ms
 Island solver: 548.1529ms
Step: 1131.3644ms
====================================
Loop: 402
  Solve: 445.7597ms
 Island solver: 550.9351ms
Step: 1124.2689ms
====================================
Loop: 403
  Solve: 446.3311ms
 Island solver: 540.9729ms
Step: 1114.7811ms
====================================
Loop: 404
  Solve: 446.8575ms
 Island solver: 541.5564ms
Step: 1112.1495ms
====================================
Loop: 405
  Solve: 444.0197ms
 Island solver: 540.9146ms
Step: 1106.9420ms
====================================
Loop: 406
  Solve: 437.8609ms
 Island solver: 537.5545ms
Step: 1097.3596ms
====================================
Loop: 407
  Solve: 437.5847ms
 Island solver: 539.6274ms
Step: 1105.6024ms
====================================
Loop: 408
  Solve: 437.8135ms
 Island solver: 532.4863ms
Step: 1096.9526ms
====================================
Loop: 409
  Solve: 443.3027ms
 Island solver: 538.0762ms
Step: 1104.5264ms
====================================
Loop: 410
  Solve: 434.4808ms
 Island solver: 526.1331ms
Step: 1085.4609ms
====================================
Loop: 411
  Solve: 433.9398ms
 Island solver: 527.8565ms
Step: 1088.4449ms
====================================
Loop: 412
  Solve: 432.3118ms
 Island solver: 537.2557ms
Step: 1087.9719ms
====================================
Loop: 413
  Solve: 430.8128ms
 Island solver: 522.7173ms
Step: 1072.7560ms
====================================
Loop: 414
  Solve: 434.8477ms
 Island solver: 528.0618ms
Step: 1085.0037ms
====================================
Loop: 415
  Solve: 428.5438ms
 Island solver: 521.2915ms
Step: 1063.4353ms
====================================
Loop: 416
  Solve: 425.4649ms
 Island solver: 516.4197ms
Step: 1061.7013ms
====================================
Loop: 417
  Solve: 423.7226ms
 Island solver: 515.3666ms
Step: 1058.9691ms
====================================
Loop: 418
  Solve: 423.5356ms
 Island solver: 523.0029ms
Step: 1063.5518ms
====================================
Loop: 419
  Solve: 419.0516ms
 Island solver: 522.7822ms
Step: 1055.9559ms
====================================
Loop: 420
  Solve: 420.8422ms
 Island solver: 519.4138ms
Step: 1054.1027ms
====================================
Loop: 421
  Solve: 420.3739ms
 Island solver: 514.2213ms
Step: 1047.2483ms
====================================
Loop: 422
  Solve: 420.3364ms
 Island solver: 510.8410ms
Step: 1041.6375ms
====================================
Loop: 423
  Solve: 421.3405ms
 Island solver: 511.7255ms
Step: 1041.5995ms
====================================
Loop: 424
  Solve: 420.6195ms
 Island solver: 510.5683ms
Step: 1036.1951ms
====================================
Loop: 425
  Solve: 422.0650ms
 Island solver: 510.5378ms
Step: 1036.1116ms
====================================
Loop: 426
  Solve: 420.2890ms
 Island solver: 511.2608ms
Step: 1037.6251ms
====================================
Loop: 427
  Solve: 420.9639ms
 Island solver: 511.7693ms
Step: 1031.8805ms
====================================
Loop: 428
  Solve: 419.5018ms
 Island solver: 507.5394ms
Step: 1026.7604ms
====================================
Loop: 429
  Solve: 418.3283ms
 Island solver: 506.9457ms
Step: 1025.7032ms
====================================
Loop: 430
  Solve: 417.5052ms
 Island solver: 507.7067ms
Step: 1020.9059ms
====================================
Loop: 431
  Solve: 416.4904ms
 Island solver: 506.8799ms
Step: 1024.3727ms
====================================
Loop: 432
  Solve: 416.9881ms
 Island solver: 511.0198ms
Step: 1027.2271ms
====================================
Loop: 433
  Solve: 414.3609ms
 Island solver: 504.8943ms
Step: 1018.6107ms
====================================
Loop: 434
  Solve: 415.9576ms
 Island solver: 504.9395ms
Step: 1016.6103ms
====================================
Loop: 435
  Solve: 414.9634ms
 Island solver: 510.7703ms
Step: 1013.9915ms
====================================
Loop: 436
  Solve: 413.2896ms
 Island solver: 510.7426ms
Step: 1009.4811ms
====================================
Loop: 437
  Solve: 412.2687ms
 Island solver: 508.0433ms
Step: 1011.3745ms
====================================
Loop: 438
  Solve: 414.0699ms
 Island solver: 514.0381ms
Step: 1025.5458ms
====================================
Loop: 439
  Solve: 411.2983ms
 Island solver: 506.3208ms
Step: 1001.1196ms
====================================
Loop: 440
  Solve: 410.5750ms
 Island solver: 506.0190ms
Step: 1000.5740ms
====================================
Loop: 441
  Solve: 411.6398ms
 Island solver: 506.7596ms
Step: 997.0892ms
====================================
Loop: 442
  Solve: 407.1391ms
 Island solver: 505.9262ms
Step: 991.9176ms
====================================
Loop: 443
  Solve: 408.2332ms
 Island solver: 505.1319ms
Step: 992.6119ms
====================================
Loop: 444
  Solve: 407.0367ms
 Island solver: 502.9209ms
Step: 986.6643ms
====================================
Loop: 445
  Solve: 409.2765ms
 Island solver: 500.7417ms
Step: 992.2557ms
====================================
Loop: 446
  Solve: 407.4400ms
 Island solver: 493.5860ms
Step: 978.6512ms
====================================
Loop: 447
  Solve: 407.5007ms
 Island solver: 494.3935ms
Step: 979.2354ms
====================================
Loop: 448
  Solve: 409.1018ms
 Island solver: 496.2878ms
Step: 974.6933ms
====================================
Loop: 449
  Solve: 406.7542ms
 Island solver: 495.0402ms
Step: 977.1902ms
====================================
Loop: 450
  Solve: 407.8683ms
 Island solver: 491.3504ms
Step: 969.9834ms
====================================
Loop: 451
  Solve: 406.1329ms
 Island solver: 489.4358ms
Step: 972.8030ms
====================================
Loop: 452
  Solve: 406.4438ms
 Island solver: 491.2282ms
Step: 977.7999ms
====================================
Loop: 453
  Solve: 403.8642ms
 Island solver: 487.6147ms
Step: 964.9699ms
====================================
Loop: 454
  Solve: 405.3457ms
 Island solver: 488.4487ms
Step: 967.9965ms
====================================
Loop: 455
  Solve: 404.1373ms
 Island solver: 489.8026ms
Step: 969.7172ms
====================================
Loop: 456
  Solve: 403.9795ms
 Island solver: 488.4037ms
Step: 962.9264ms
====================================
Loop: 457
  Solve: 403.4759ms
 Island solver: 486.8732ms
Step: 961.3263ms
====================================
Loop: 458
  Solve: 400.4029ms
 Island solver: 484.2383ms
Step: 955.3281ms
====================================
Loop: 459
  Solve: 400.8748ms
 Island solver: 490.3317ms
Step: 964.1406ms
====================================
Loop: 460
  Solve: 400.9607ms
 Island solver: 493.9297ms
Step: 967.6049ms
====================================
Loop: 461
  Solve: 402.0834ms
 Island solver: 492.8227ms
Step: 961.9138ms
====================================
Loop: 462
  Solve: 400.6447ms
 Island solver: 494.8741ms
Step: 957.6370ms
====================================
Loop: 463
  Solve: 400.5288ms
 Island solver: 483.9972ms
Step: 944.8531ms
====================================
Loop: 464
  Solve: 400.9240ms
 Island solver: 482.6838ms
Step: 943.9417ms
====================================
Loop: 465
  Solve: 401.9925ms
 Island solver: 484.2596ms
Step: 946.6982ms
====================================
Loop: 466
  Solve: 401.2706ms
 Island solver: 482.1541ms
Step: 942.5581ms
====================================
Loop: 467
  Solve: 401.3759ms
 Island solver: 482.2895ms
Step: 940.5710ms
====================================
Loop: 468
  Solve: 401.6528ms
 Island solver: 482.5983ms
Step: 937.6880ms
====================================
Loop: 469
  Solve: 401.9624ms
 Island solver: 489.8691ms
Step: 947.3075ms
====================================
Loop: 470
  Solve: 401.7444ms
 Island solver: 485.5473ms
Step: 939.0870ms
====================================
Loop: 471
  Solve: 403.0598ms
 Island solver: 485.4699ms
Step: 934.8042ms
====================================
Loop: 472
  Solve: 403.8596ms
 Island solver: 484.2123ms
Step: 934.3735ms
====================================
Loop: 473
  Solve: 403.9676ms
 Island solver: 486.1172ms
Step: 941.4814ms
====================================
Loop: 474
  Solve: 403.3144ms
 Island solver: 483.4155ms
Step: 933.3934ms
====================================
Loop: 475
  Solve: 402.8229ms
 Island solver: 484.9192ms
Step: 934.7681ms
====================================
Loop: 476
  Solve: 402.3756ms
 Island solver: 485.0305ms
Step: 932.2494ms
====================================
Loop: 477
  Solve: 403.0682ms
 Island solver: 492.6388ms
Step: 944.8710ms
====================================
Loop: 478
  Solve: 403.9339ms
 Island solver: 488.0373ms
Step: 935.3706ms
====================================
Loop: 479
  Solve: 401.7115ms
 Island solver: 488.2929ms
Step: 932.0369ms
====================================
Loop: 480
  Solve: 403.9767ms
 Island solver: 483.9243ms
Step: 925.6686ms
====================================
Loop: 481
  Solve: 403.2812ms
 Island solver: 482.7487ms
Step: 921.4678ms
====================================
Loop: 482
  Solve: 403.2271ms
 Island solver: 487.5232ms
Step: 926.3773ms
====================================
Loop: 483
  Solve: 402.4872ms
 Island solver: 486.4683ms
Step: 922.2040ms
====================================
Loop: 484
  Solve: 401.7093ms
 Island solver: 486.7973ms
Step: 922.1924ms
====================================
Loop: 485
  Solve: 399.8459ms
 Island solver: 480.8465ms
Step: 916.5848ms
====================================
Loop: 486
  Solve: 400.3951ms
 Island solver: 477.9230ms
Step: 910.8441ms
====================================
Loop: 487
  Solve: 400.4572ms
 Island solver: 478.5256ms
Step: 912.5665ms
====================================
Loop: 488
  Solve: 400.5612ms
 Island solver: 483.7532ms
Step: 922.4311ms
====================================
Loop: 489
  Solve: 399.8331ms
 Island solver: 479.6716ms
Step: 914.0721ms
====================================
Loop: 490
  Solve: 401.0511ms
 Island solver: 484.6243ms
Step: 917.1943ms
====================================
Loop: 491
  Solve: 406.6472ms
 Island solver: 493.2011ms
Step: 919.4250ms
====================================
Loop: 492
  Solve: 402.0106ms
 Island solver: 479.2235ms
Step: 908.5161ms
====================================
Loop: 493
  Solve: 399.6660ms
 Island solver: 477.8383ms
Step: 904.1542ms
====================================
Loop: 494
  Solve: 401.5170ms
 Island solver: 478.8316ms
Step: 908.9214ms
====================================
Loop: 495
  Solve: 399.4549ms
 Island solver: 486.6318ms
Step: 912.4009ms
====================================
Loop: 496
  Solve: 399.3283ms
 Island solver: 479.7903ms
Step: 901.4866ms
====================================
Loop: 497
  Solve: 400.9312ms
 Island solver: 477.6173ms
Step: 898.1972ms
====================================
Loop: 498
  Solve: 399.3228ms
 Island solver: 475.7657ms
Step: 900.6573ms
====================================
Loop: 499
  Solve: 400.6432ms
 Island solver: 482.0743ms
Step: 909.4415ms
====================================
Loop: 500
  Solve: 399.0582ms
 Island solver: 482.2185ms
Step: 910.2869ms
====================================
