Using platform vendor: Intel(R) Corporation
Loop: 0
  Solve: 2.9481ms
  SolveCPU: 22.6394ms
 Island solver: 25.7224ms
Step: 376.5822ms
====================================
Loop: 1
  Solve: 2.6553ms
  SolveCPU: 23.4277ms
 Island solver: 26.2174ms
Step: 192.4902ms
====================================
Loop: 2
  Solve: 2.6927ms
  SolveCPU: 22.8545ms
 Island solver: 25.6704ms
Step: 192.9607ms
====================================
Loop: 3
  Solve: 2.6446ms
  SolveCPU: 24.1879ms
 Island solver: 26.9816ms
Step: 194.7346ms
====================================
Loop: 4
  Solve: 2.6341ms
  SolveCPU: 23.3198ms
 Island solver: 26.0764ms
Step: 194.2994ms
====================================
Loop: 5
  Solve: 2.7969ms
  SolveCPU: 24.5215ms
 Island solver: 27.6562ms
Step: 188.5965ms
====================================
Loop: 6
  Solve: 2.8955ms
  SolveCPU: 23.3183ms
 Island solver: 26.3350ms
Step: 192.1292ms
====================================
Loop: 7
  Solve: 2.6296ms
  SolveCPU: 22.5287ms
 Island solver: 25.2872ms
Step: 194.3085ms
====================================
Loop: 8
  Solve: 2.6452ms
  SolveCPU: 22.4998ms
 Island solver: 25.2824ms
Step: 192.7311ms
====================================
Loop: 9
  Solve: 2.6678ms
  SolveCPU: 22.1392ms
 Island solver: 24.9410ms
Step: 192.4225ms
====================================
Loop: 10
  Solve: 2.6360ms
  SolveCPU: 22.7381ms
 Island solver: 25.4970ms
Step: 191.0577ms
====================================
Loop: 11
  Solve: 2.6428ms
  SolveCPU: 22.9735ms
 Island solver: 25.7419ms
Step: 191.7594ms
====================================
Loop: 12
  Solve: 2.7304ms
  SolveCPU: 22.9850ms
 Island solver: 25.8404ms
Step: 192.8934ms
====================================
Loop: 13
  Solve: 2.6227ms
  SolveCPU: 22.6434ms
 Island solver: 25.3950ms
Step: 198.4706ms
====================================
Loop: 14
  Solve: 2.6422ms
  SolveCPU: 23.0116ms
 Island solver: 25.7861ms
Step: 192.2694ms
====================================
Loop: 15
  Solve: 2.6772ms
  SolveCPU: 22.7962ms
 Island solver: 25.5959ms
Step: 193.0589ms
====================================
Loop: 16
  Solve: 2.6628ms
  SolveCPU: 22.3920ms
 Island solver: 25.1877ms
Step: 186.0952ms
====================================
Loop: 17
  Solve: 3.8745ms
  SolveCPU: 23.8019ms
 Island solver: 27.7985ms
Step: 194.8836ms
====================================
Loop: 18
  Solve: 3.9006ms
  SolveCPU: 24.3337ms
 Island solver: 28.3577ms
Step: 362.1345ms
====================================
Loop: 19
  Solve: 3.6943ms
  SolveCPU: 23.0282ms
 Island solver: 26.8531ms
Step: 193.8388ms
====================================
Loop: 20
  Solve: 2.7844ms
  SolveCPU: 21.6683ms
 Island solver: 24.5718ms
Step: 184.4625ms
====================================
Loop: 21
  Solve: 2.6628ms
  SolveCPU: 23.6441ms
 Island solver: 26.4434ms
Step: 195.0397ms
====================================
Loop: 22
  Solve: 2.6448ms
  SolveCPU: 22.2924ms
 Island solver: 25.0618ms
Step: 194.3524ms
====================================
Loop: 23
  Solve: 2.7397ms
  SolveCPU: 24.4027ms
 Island solver: 27.2765ms
Step: 195.9461ms
====================================
Loop: 24
  Solve: 2.6643ms
  SolveCPU: 24.2873ms
 Island solver: 27.0737ms
Step: 192.6516ms
====================================
Loop: 25
  Solve: 2.6561ms
  SolveCPU: 23.9326ms
 Island solver: 26.7077ms
Step: 186.5032ms
====================================
Loop: 26
  Solve: 2.6720ms
  SolveCPU: 23.0235ms
 Island solver: 25.8304ms
Step: 353.6938ms
====================================
Loop: 27
  Solve: 2.6408ms
  SolveCPU: 22.4403ms
 Island solver: 25.2089ms
Step: 190.7305ms
====================================
Loop: 28
  Solve: 2.6358ms
  SolveCPU: 22.7363ms
 Island solver: 25.4952ms
Step: 192.5456ms
====================================
Loop: 29
  Solve: 2.6105ms
  SolveCPU: 22.1922ms
 Island solver: 24.9304ms
Step: 189.4763ms
====================================
Loop: 30
  Solve: 2.7431ms
  SolveCPU: 22.7757ms
 Island solver: 25.6554ms
Step: 191.2731ms
====================================
Loop: 31
  Solve: 3.3488ms
  SolveCPU: 23.0889ms
 Island solver: 26.5570ms
Step: 190.3701ms
====================================
Loop: 32
  Solve: 2.6569ms
  SolveCPU: 25.0607ms
 Island solver: 27.8344ms
Step: 194.6584ms
====================================
Loop: 33
  Solve: 2.6798ms
  SolveCPU: 22.2587ms
 Island solver: 25.0600ms
Step: 350.6867ms
====================================
Loop: 34
  Solve: 2.6479ms
  SolveCPU: 21.8331ms
 Island solver: 24.5984ms
Step: 183.8444ms
====================================
Loop: 35
  Solve: 2.6364ms
  SolveCPU: 22.9582ms
 Island solver: 25.7240ms
Step: 193.4389ms
====================================
Loop: 36
  Solve: 2.6504ms
  SolveCPU: 22.4814ms
 Island solver: 25.2613ms
Step: 194.8291ms
====================================
Loop: 37
  Solve: 2.6424ms
  SolveCPU: 24.9789ms
 Island solver: 27.7410ms
Step: 198.5532ms
====================================
Loop: 38
  Solve: 2.6210ms
  SolveCPU: 23.3887ms
 Island solver: 26.1381ms
Step: 356.5627ms
====================================
Loop: 39
  Solve: 2.6432ms
  SolveCPU: 23.5212ms
 Island solver: 26.2979ms
Step: 188.6951ms
====================================
Loop: 40
  Solve: 2.6111ms
  SolveCPU: 29.1127ms
 Island solver: 31.8379ms
Step: 202.0715ms
====================================
Loop: 41
  Solve: 2.6252ms
  SolveCPU: 23.1870ms
 Island solver: 25.9462ms
Step: 195.9916ms
====================================
Loop: 42
  Solve: 2.7000ms
  SolveCPU: 23.2789ms
 Island solver: 26.0985ms
Step: 194.7869ms
====================================
Loop: 43
  Solve: 2.6828ms
  SolveCPU: 22.8546ms
 Island solver: 25.6613ms
Step: 356.8131ms
====================================
Loop: 44
  Solve: 2.6642ms
  SolveCPU: 25.4057ms
 Island solver: 28.2015ms
Step: 195.1766ms
====================================
Loop: 45
  Solve: 2.6788ms
  SolveCPU: 24.9590ms
 Island solver: 27.7916ms
Step: 194.8389ms
====================================
Loop: 46
  Solve: 2.6985ms
  SolveCPU: 22.9691ms
 Island solver: 25.7914ms
Step: 194.8623ms
====================================
Loop: 47
  Solve: 12.4945ms
  SolveCPU: 23.3634ms
 Island solver: 36.0220ms
Step: 363.3864ms
====================================
Loop: 48
  Solve: 11.1457ms
  SolveCPU: 23.1678ms
 Island solver: 34.4858ms
Step: 203.7667ms
====================================
Loop: 49
  Solve: 12.8295ms
  SolveCPU: 23.1154ms
 Island solver: 36.1227ms
Step: 208.5664ms
====================================
Loop: 50
  Solve: 12.6347ms
  SolveCPU: 23.1399ms
 Island solver: 35.9654ms
Step: 208.4781ms
====================================
Loop: 51
  Solve: 14.9466ms
  SolveCPU: 23.7814ms
 Island solver: 38.9130ms
Step: 365.3506ms
====================================
Loop: 52
  Solve: 19.0359ms
  SolveCPU: 24.3091ms
 Island solver: 43.5616ms
Step: 207.6921ms
====================================
Loop: 53
  Solve: 19.5338ms
  SolveCPU: 24.0850ms
 Island solver: 43.8328ms
Step: 218.8689ms
====================================
Loop: 54
  Solve: 21.3861ms
  SolveCPU: 22.9765ms
 Island solver: 44.5779ms
Step: 217.3821ms
====================================
Loop: 55
  Solve: 24.2685ms
  SolveCPU: 24.0886ms
 Island solver: 48.5820ms
Step: 358.5323ms
====================================
Loop: 56
  Solve: 29.2468ms
  SolveCPU: 24.4770ms
 Island solver: 53.9540ms
Step: 231.4170ms
====================================
Loop: 57
  Solve: 29.7214ms
  SolveCPU: 25.5202ms
 Island solver: 55.4940ms
Step: 233.4542ms
====================================
Loop: 58
  Solve: 27.4307ms
  SolveCPU: 24.2610ms
 Island solver: 51.9349ms
Step: 229.7887ms
====================================
Loop: 59
  Solve: 23.8049ms
  SolveCPU: 23.3147ms
 Island solver: 47.3799ms
Step: 352.0219ms
====================================
Loop: 60
  Solve: 34.2537ms
  SolveCPU: 26.9383ms
 Island solver: 61.4782ms
Step: 243.8090ms
====================================
Loop: 61
  Solve: 30.7550ms
  SolveCPU: 24.9277ms
 Island solver: 55.9347ms
Step: 239.9628ms
====================================
Loop: 62
  Solve: 33.1565ms
  SolveCPU: 26.1654ms
 Island solver: 59.5946ms
Step: 377.0116ms
====================================
Loop: 63
  Solve: 32.4585ms
  SolveCPU: 26.3764ms
 Island solver: 59.1230ms
Step: 248.4997ms
====================================
Loop: 64
  Solve: 39.7150ms
  SolveCPU: 26.7745ms
 Island solver: 66.7629ms
Step: 258.0792ms
====================================
Loop: 65
  Solve: 39.1554ms
  SolveCPU: 25.8591ms
 Island solver: 65.3053ms
Step: 385.0716ms
====================================
Loop: 66
  Solve: 38.6453ms
  SolveCPU: 25.9284ms
 Island solver: 64.9046ms
Step: 249.8831ms
====================================
Loop: 67
  Solve: 43.3149ms
  SolveCPU: 28.1701ms
 Island solver: 71.7897ms
Step: 262.6256ms
====================================
Loop: 68
  Solve: 57.5528ms
  SolveCPU: 26.6050ms
 Island solver: 84.4727ms
Step: 393.5828ms
====================================
Loop: 69
  Solve: 50.3078ms
  SolveCPU: 27.4401ms
 Island solver: 78.0977ms
Step: 272.2458ms
====================================
Loop: 70
  Solve: 46.7802ms
  SolveCPU: 28.1531ms
 Island solver: 75.3325ms
Step: 269.1823ms
====================================
Loop: 71
  Solve: 52.2283ms
  SolveCPU: 32.1983ms
 Island solver: 84.7384ms
Step: 394.0746ms
====================================
Loop: 72
  Solve: 55.7624ms
  SolveCPU: 28.8267ms
 Island solver: 84.9524ms
Step: 282.1521ms
====================================
Loop: 73
  Solve: 56.9333ms
  SolveCPU: 28.8272ms
 Island solver: 86.1604ms
Step: 278.7318ms
====================================
Loop: 74
  Solve: 62.2889ms
  SolveCPU: 28.0659ms
 Island solver: 90.6910ms
Step: 393.4478ms
====================================
Loop: 75
  Solve: 79.0613ms
  SolveCPU: 29.1047ms
 Island solver: 108.5750ms
Step: 306.2053ms
====================================
Loop: 76
  Solve: 56.1780ms
  SolveCPU: 29.8880ms
 Island solver: 86.4689ms
Step: 283.9912ms
====================================
Loop: 77
  Solve: 65.8211ms
  SolveCPU: 29.4379ms
 Island solver: 95.6404ms
Step: 402.2602ms
====================================
Loop: 78
  Solve: 68.5166ms
  SolveCPU: 31.8490ms
 Island solver: 100.7803ms
Step: 309.6593ms
====================================
Loop: 79
  Solve: 66.7046ms
  SolveCPU: 32.5226ms
 Island solver: 99.6657ms
Step: 314.8039ms
====================================
Loop: 80
  Solve: 77.5972ms
  SolveCPU: 34.7817ms
 Island solver: 112.8335ms
Step: 426.7495ms
====================================
Loop: 81
  Solve: 81.5065ms
  SolveCPU: 34.1313ms
 Island solver: 116.1634ms
Step: 336.9300ms
====================================
Loop: 82
  Solve: 85.5605ms
  SolveCPU: 34.5423ms
 Island solver: 120.5666ms
Step: 342.3866ms
====================================
Loop: 83
  Solve: 86.7639ms
  SolveCPU: 36.0874ms
 Island solver: 123.4006ms
Step: 438.2143ms
====================================
Loop: 84
  Solve: 91.6293ms
  SolveCPU: 35.5291ms
 Island solver: 127.5848ms
Step: 359.6622ms
====================================
Loop: 85
  Solve: 113.2136ms
  SolveCPU: 36.0526ms
 Island solver: 149.6886ms
Step: 384.6458ms
====================================
Loop: 86
  Solve: 93.2086ms
  SolveCPU: 35.9960ms
 Island solver: 129.6865ms
Step: 447.7342ms
====================================
Loop: 87
  Solve: 108.4832ms
  SolveCPU: 37.3618ms
 Island solver: 146.3396ms
Step: 380.3325ms
====================================
Loop: 88
  Solve: 101.9921ms
  SolveCPU: 38.8427ms
 Island solver: 141.3501ms
Step: 386.8555ms
====================================
Loop: 89
  Solve: 107.9669ms
  SolveCPU: 40.0349ms
 Island solver: 148.4880ms
Step: 477.1146ms
====================================
Loop: 90
  Solve: 122.6728ms
  SolveCPU: 40.3576ms
 Island solver: 163.5148ms
Step: 416.9895ms
====================================
Loop: 91
  Solve: 135.1437ms
  SolveCPU: 40.4051ms
 Island solver: 175.9486ms
Step: 433.5249ms
====================================
Loop: 92
  Solve: 121.2729ms
  SolveCPU: 39.9644ms
 Island solver: 161.6843ms
Step: 494.4069ms
====================================
Loop: 93
  Solve: 120.2276ms
  SolveCPU: 41.3222ms
 Island solver: 161.9784ms
Step: 426.4692ms
====================================
Loop: 94
  Solve: 126.8836ms
  SolveCPU: 44.3531ms
 Island solver: 171.7136ms
Step: 508.2202ms
====================================
Loop: 95
  Solve: 136.0822ms
  SolveCPU: 42.2976ms
 Island solver: 178.8551ms
Step: 454.9578ms
====================================
Loop: 96
  Solve: 122.0016ms
  SolveCPU: 42.4245ms
 Island solver: 164.8979ms
Step: 504.0651ms
====================================
Loop: 97
  Solve: 130.7167ms
  SolveCPU: 42.8471ms
 Island solver: 174.0341ms
Step: 452.3616ms
====================================
Loop: 98
  Solve: 163.0080ms
  SolveCPU: 48.8710ms
 Island solver: 212.5247ms
Step: 562.5796ms
====================================
Loop: 99
  Solve: 205.0359ms
  SolveCPU: 44.0033ms
 Island solver: 249.5438ms
Step: 541.9855ms
====================================
Loop: 100
  Solve: 145.0746ms
  SolveCPU: 50.7587ms
 Island solver: 196.3577ms
Step: 602.7036ms
====================================
Loop: 101
  Solve: 176.6963ms
  SolveCPU: 47.4526ms
 Island solver: 224.6924ms
Step: 516.2357ms
====================================
Loop: 102
  Solve: 157.6638ms
  SolveCPU: 48.4910ms
 Island solver: 206.7724ms
Step: 598.9588ms
====================================
Loop: 103
  Solve: 189.1510ms
  SolveCPU: 52.2530ms
 Island solver: 241.9846ms
Step: 553.4772ms
====================================
Loop: 104
  Solve: 184.7070ms
  SolveCPU: 55.7938ms
 Island solver: 241.3804ms
Step: 618.3360ms
====================================
Loop: 105
  Solve: 173.5813ms
  SolveCPU: 57.4100ms
 Island solver: 231.7124ms
Step: 554.4811ms
====================================
Loop: 106
  Solve: 166.8918ms
  SolveCPU: 49.0440ms
 Island solver: 216.6433ms
Step: 589.3808ms
====================================
Loop: 107
  Solve: 164.8769ms
  SolveCPU: 50.7270ms
 Island solver: 216.4371ms
Step: 533.4149ms
====================================
Loop: 108
  Solve: 175.7229ms
  SolveCPU: 50.5505ms
 Island solver: 227.1005ms
Step: 591.3094ms
====================================
Loop: 109
  Solve: 169.2805ms
  SolveCPU: 54.9740ms
 Island solver: 225.2003ms
Step: 567.0569ms
====================================
Loop: 110
  Solve: 170.9738ms
  SolveCPU: 52.6601ms
 Island solver: 224.4473ms
Step: 608.7098ms
====================================
Loop: 111
  Solve: 177.1441ms
  SolveCPU: 54.4067ms
 Island solver: 232.4596ms
Step: 589.8600ms
====================================
Loop: 112
  Solve: 189.8471ms
  SolveCPU: 56.3129ms
 Island solver: 246.9927ms
Step: 646.4983ms
====================================
Loop: 113
  Solve: 178.4313ms
  SolveCPU: 56.7202ms
 Island solver: 235.9951ms
Step: 611.9525ms
====================================
Loop: 114
  Solve: 177.5053ms
  SolveCPU: 61.6352ms
 Island solver: 240.0486ms
Step: 648.8627ms
====================================
Loop: 115
  Solve: 190.6758ms
  SolveCPU: 59.4380ms
 Island solver: 250.9901ms
Step: 642.3368ms
====================================
Loop: 116
  Solve: 202.1439ms
  SolveCPU: 61.1667ms
 Island solver: 264.1829ms
Step: 696.8751ms
====================================
Loop: 117
  Solve: 192.5446ms
  SolveCPU: 65.1874ms
 Island solver: 258.7014ms
Step: 672.2596ms
====================================
Loop: 118
  Solve: 212.4161ms
  SolveCPU: 63.2474ms
 Island solver: 276.6942ms
Step: 726.7572ms
====================================
Loop: 119
  Solve: 197.2112ms
  SolveCPU: 66.8873ms
 Island solver: 265.1012ms
Step: 700.9153ms
====================================
Loop: 120
  Solve: 206.0044ms
  SolveCPU: 65.9754ms
 Island solver: 273.0100ms
Step: 735.4200ms
====================================
Loop: 121
  Solve: 224.9617ms
  SolveCPU: 70.1398ms
 Island solver: 296.0685ms
Step: 748.3162ms
====================================
Loop: 122
  Solve: 218.0890ms
  SolveCPU: 71.2508ms
 Island solver: 290.4107ms
Step: 777.8957ms
====================================
Loop: 123
  Solve: 217.0291ms
  SolveCPU: 71.6123ms
 Island solver: 289.7403ms
Step: 755.8536ms
====================================
Loop: 124
  Solve: 215.2370ms
  SolveCPU: 73.0512ms
 Island solver: 289.3644ms
Step: 794.7998ms
====================================
Loop: 125
  Solve: 225.2131ms
  SolveCPU: 79.6438ms
 Island solver: 305.8371ms
Step: 804.2034ms
====================================
Loop: 126
  Solve: 246.8276ms
  SolveCPU: 77.2958ms
 Island solver: 325.2710ms
Step: 843.1617ms
====================================
Loop: 127
  Solve: 234.1466ms
  SolveCPU: 78.3909ms
 Island solver: 313.6615ms
Step: 848.8751ms
====================================
Loop: 128
  Solve: 226.4025ms
  SolveCPU: 79.6799ms
 Island solver: 307.1984ms
Step: 834.3715ms
====================================
Loop: 129
  Solve: 224.4918ms
  SolveCPU: 81.7856ms
 Island solver: 307.3050ms
Step: 850.1545ms
====================================
Loop: 130
  Solve: 240.2473ms
  SolveCPU: 81.5295ms
 Island solver: 322.8504ms
Step: 864.7333ms
====================================
Loop: 131
  Solve: 227.8853ms
  SolveCPU: 80.7169ms
 Island solver: 309.6216ms
Step: 844.8475ms
====================================
Loop: 132
  Solve: 220.6201ms
  SolveCPU: 84.5873ms
 Island solver: 306.2743ms
Step: 861.4326ms
====================================
Loop: 133
  Solve: 224.7794ms
  SolveCPU: 83.2301ms
 Island solver: 309.0273ms
Step: 852.5595ms
====================================
Loop: 134
  Solve: 219.3613ms
  SolveCPU: 85.5435ms
 Island solver: 305.9243ms
Step: 868.2690ms
====================================
Loop: 135
  Solve: 218.3369ms
  SolveCPU: 83.5315ms
 Island solver: 302.7985ms
Step: 878.1777ms
====================================
Loop: 136
  Solve: 206.4917ms
  SolveCPU: 87.2843ms
 Island solver: 294.8565ms
Step: 862.4607ms
====================================
Loop: 137
  Solve: 205.8232ms
  SolveCPU: 86.6216ms
 Island solver: 293.4789ms
Step: 870.2364ms
====================================
Loop: 138
  Solve: 194.8476ms
  SolveCPU: 86.3469ms
 Island solver: 282.1985ms
Step: 867.0458ms
====================================
Loop: 139
  Solve: 191.8034ms
  SolveCPU: 93.6222ms
 Island solver: 286.3571ms
Step: 880.9263ms
====================================
Loop: 140
  Solve: 202.4482ms
  SolveCPU: 90.8782ms
 Island solver: 294.3365ms
Step: 895.7568ms
====================================
Loop: 141
  Solve: 209.9610ms
  SolveCPU: 89.7241ms
 Island solver: 300.5904ms
Step: 903.7831ms
====================================
Loop: 142
  Solve: 190.7631ms
  SolveCPU: 89.4736ms
 Island solver: 281.1132ms
Step: 889.7288ms
====================================
Loop: 143
  Solve: 183.6472ms
  SolveCPU: 88.7569ms
 Island solver: 273.3170ms
Step: 892.3110ms
====================================
Loop: 144
  Solve: 181.5842ms
  SolveCPU: 94.0337ms
 Island solver: 276.4968ms
Step: 902.9451ms
====================================
Loop: 145
  Solve: 174.9472ms
  SolveCPU: 91.7064ms
 Island solver: 267.6095ms
Step: 891.6979ms
====================================
Loop: 146
  Solve: 189.7585ms
  SolveCPU: 90.7418ms
 Island solver: 281.4115ms
Step: 903.8747ms
====================================
Loop: 147
  Solve: 179.9053ms
  SolveCPU: 89.7751ms
 Island solver: 270.6168ms
Step: 892.9822ms
====================================
Loop: 148
  Solve: 166.0724ms
  SolveCPU: 90.5418ms
 Island solver: 257.4689ms
Step: 886.0474ms
====================================
Loop: 149
  Solve: 170.4165ms
  SolveCPU: 93.3815ms
 Island solver: 264.7079ms
Step: 890.3034ms
====================================
Loop: 150
  Solve: 179.8292ms
  SolveCPU: 90.2692ms
 Island solver: 270.9772ms
Step: 892.4335ms
====================================
Loop: 151
  Solve: 169.0024ms
  SolveCPU: 90.5752ms
 Island solver: 260.5449ms
Step: 883.0695ms
====================================
Loop: 152
  Solve: 165.4034ms
  SolveCPU: 90.9391ms
 Island solver: 257.2008ms
Step: 888.7064ms
====================================
Loop: 153
  Solve: 163.9930ms
  SolveCPU: 94.8623ms
 Island solver: 259.7238ms
Step: 898.8752ms
====================================
Loop: 154
  Solve: 157.3503ms
  SolveCPU: 92.6013ms
 Island solver: 250.7134ms
Step: 885.6451ms
====================================
Loop: 155
  Solve: 164.0236ms
  SolveCPU: 91.5600ms
 Island solver: 256.4274ms
Step: 890.8375ms
====================================
Loop: 156
  Solve: 155.7216ms
  SolveCPU: 91.3136ms
 Island solver: 247.8894ms
Step: 891.9272ms
====================================
Loop: 157
  Solve: 145.9556ms
  SolveCPU: 90.3039ms
 Island solver: 236.9995ms
Step: 866.3266ms
====================================
Loop: 158
  Solve: 153.5469ms
  SolveCPU: 94.5045ms
 Island solver: 248.8301ms
Step: 887.8026ms
====================================
Loop: 159
  Solve: 164.3558ms
  SolveCPU: 92.6261ms
 Island solver: 257.7192ms
Step: 891.8699ms
====================================
Loop: 160
  Solve: 161.8775ms
  SolveCPU: 92.8317ms
 Island solver: 255.4282ms
Step: 897.1543ms
====================================
Loop: 161
  Solve: 145.3677ms
  SolveCPU: 91.1621ms
 Island solver: 237.2874ms
Step: 866.8325ms
====================================
Loop: 162
  Solve: 135.9416ms
  SolveCPU: 95.4329ms
 Island solver: 232.0759ms
Step: 858.8617ms
====================================
Loop: 163
  Solve: 138.2810ms
  SolveCPU: 88.9463ms
 Island solver: 227.9210ms
Step: 853.1660ms
====================================
Loop: 164
  Solve: 139.3611ms
  SolveCPU: 90.9566ms
 Island solver: 231.0307ms
Step: 871.5295ms
====================================
Loop: 165
  Solve: 134.9951ms
  SolveCPU: 92.6833ms
 Island solver: 228.4187ms
Step: 874.0664ms
====================================
Loop: 166
  Solve: 137.6979ms
  SolveCPU: 90.7173ms
 Island solver: 229.1518ms
Step: 866.7472ms
====================================
Loop: 167
  Solve: 137.5550ms
  SolveCPU: 88.9679ms
 Island solver: 227.2547ms
Step: 857.0690ms
====================================
Loop: 168
  Solve: 134.9877ms
  SolveCPU: 90.4708ms
 Island solver: 226.1567ms
Step: 854.7554ms
====================================
Loop: 169
  Solve: 125.0658ms
  SolveCPU: 94.3124ms
 Island solver: 220.1693ms
Step: 860.5735ms
====================================
Loop: 170
  Solve: 128.1348ms
  SolveCPU: 93.8361ms
 Island solver: 222.6071ms
Step: 842.5161ms
====================================
Loop: 171
  Solve: 125.3730ms
  SolveCPU: 88.0061ms
 Island solver: 214.0985ms
Step: 845.3905ms
====================================
Loop: 172
  Solve: 123.1037ms
  SolveCPU: 91.9054ms
 Island solver: 215.7069ms
Step: 853.5189ms
====================================
Loop: 173
  Solve: 129.4270ms
  SolveCPU: 89.6376ms
 Island solver: 219.7033ms
Step: 848.5876ms
====================================
Loop: 174
  Solve: 124.9153ms
  SolveCPU: 88.6425ms
 Island solver: 214.1762ms
Step: 851.2507ms
====================================
Loop: 175
  Solve: 121.3363ms
  SolveCPU: 87.0601ms
 Island solver: 209.0056ms
Step: 832.2638ms
====================================
Loop: 176
  Solve: 118.4042ms
  SolveCPU: 89.9242ms
 Island solver: 208.9860ms
Step: 841.3534ms
====================================
Loop: 177
  Solve: 110.5744ms
  SolveCPU: 87.6053ms
 Island solver: 198.8366ms
Step: 834.1390ms
====================================
Loop: 178
  Solve: 108.7114ms
  SolveCPU: 89.0641ms
 Island solver: 198.4327ms
Step: 826.0765ms
====================================
Loop: 179
  Solve: 121.3397ms
  SolveCPU: 90.2235ms
 Island solver: 212.2886ms
Step: 838.0086ms
====================================
Loop: 180
  Solve: 115.0611ms
  SolveCPU: 86.1193ms
 Island solver: 201.8716ms
Step: 836.8455ms
====================================
Loop: 181
  Solve: 115.5143ms
  SolveCPU: 88.4413ms
 Island solver: 204.5841ms
Step: 841.0291ms
====================================
Loop: 182
  Solve: 110.9701ms
  SolveCPU: 89.2614ms
 Island solver: 200.8646ms
Step: 833.6277ms
====================================
Loop: 183
  Solve: 108.2287ms
  SolveCPU: 86.4816ms
 Island solver: 195.3303ms
Step: 833.2576ms
====================================
Loop: 184
  Solve: 102.0127ms
  SolveCPU: 87.4667ms
 Island solver: 190.0639ms
Step: 813.1517ms
====================================
Loop: 185
  Solve: 116.3387ms
  SolveCPU: 85.4359ms
 Island solver: 202.3425ms
Step: 812.9929ms
====================================
Loop: 186
  Solve: 103.0903ms
  SolveCPU: 87.6194ms
 Island solver: 191.3074ms
Step: 796.4849ms
====================================
Loop: 187
  Solve: 100.5073ms
  SolveCPU: 90.5368ms
 Island solver: 191.6607ms
Step: 813.7753ms
====================================
Loop: 188
  Solve: 102.2365ms
  SolveCPU: 85.3538ms
 Island solver: 188.1667ms
Step: 819.6201ms
====================================
Loop: 189
  Solve: 110.7147ms
  SolveCPU: 82.8362ms
 Island solver: 194.2033ms
Step: 810.7103ms
====================================
Loop: 190
  Solve: 100.2850ms
  SolveCPU: 92.5894ms
 Island solver: 193.4842ms
Step: 808.6655ms
====================================
Loop: 191
  Solve: 95.9063ms
  SolveCPU: 84.6567ms
 Island solver: 181.1402ms
Step: 789.4579ms
====================================
Loop: 192
  Solve: 90.5119ms
  SolveCPU: 88.0929ms
 Island solver: 179.1841ms
Step: 775.2158ms
====================================
Loop: 193
  Solve: 92.7154ms
  SolveCPU: 81.4316ms
 Island solver: 174.7551ms
Step: 787.1295ms
====================================
Loop: 194
  Solve: 88.9469ms
  SolveCPU: 85.5305ms
 Island solver: 175.0665ms
Step: 783.7562ms
====================================
Loop: 195
  Solve: 101.2551ms
  SolveCPU: 82.7082ms
 Island solver: 184.5516ms
Step: 797.4559ms
====================================
Loop: 196
  Solve: 88.0598ms
  SolveCPU: 83.3039ms
 Island solver: 171.9088ms
Step: 806.2968ms
====================================
Loop: 197
  Solve: 92.0831ms
  SolveCPU: 82.2792ms
 Island solver: 174.8582ms
Step: 792.8828ms
====================================
Loop: 198
  Solve: 82.2136ms
  SolveCPU: 80.5685ms
 Island solver: 163.2753ms
Step: 770.1868ms
====================================
Loop: 199
  Solve: 87.1314ms
  SolveCPU: 89.8749ms
 Island solver: 177.4937ms
Step: 787.0610ms
====================================
Loop: 200
  Solve: 88.2620ms
  SolveCPU: 81.9258ms
 Island solver: 170.7835ms
Step: 795.8516ms
====================================
Loop: 201
  Solve: 85.6211ms
  SolveCPU: 81.3980ms
 Island solver: 167.4975ms
Step: 769.3794ms
====================================
Loop: 202
  Solve: 85.5278ms
  SolveCPU: 83.2005ms
 Island solver: 169.2222ms
Step: 796.0800ms
====================================
Loop: 203
  Solve: 79.7579ms
  SolveCPU: 78.8710ms
 Island solver: 159.1064ms
Step: 764.6429ms
====================================
Loop: 204
  Solve: 92.4727ms
  SolveCPU: 87.8247ms
 Island solver: 180.8201ms
Step: 795.2395ms
====================================
Loop: 205
  Solve: 82.4598ms
  SolveCPU: 80.6577ms
 Island solver: 163.5852ms
Step: 775.2636ms
====================================
Loop: 206
  Solve: 80.8061ms
  SolveCPU: 81.3386ms
 Island solver: 162.6004ms
Step: 774.9531ms
====================================
Loop: 207
  Solve: 112.7875ms
  SolveCPU: 77.1423ms
 Island solver: 190.3710ms
Step: 794.9155ms
====================================
Loop: 208
  Solve: 81.3961ms
  SolveCPU: 84.9161ms
 Island solver: 166.7431ms
Step: 757.5120ms
====================================
Loop: 209
  Solve: 77.9150ms
  SolveCPU: 77.2576ms
 Island solver: 155.6369ms
Step: 751.3737ms
====================================
Loop: 210
  Solve: 78.6930ms
  SolveCPU: 85.3298ms
 Island solver: 164.4632ms
Step: 749.6136ms
====================================
Loop: 211
  Solve: 77.1729ms
  SolveCPU: 76.1139ms
 Island solver: 153.7159ms
Step: 761.1005ms
====================================
Loop: 212
  Solve: 77.4188ms
  SolveCPU: 87.2994ms
 Island solver: 165.1678ms
Step: 758.7352ms
====================================
Loop: 213
  Solve: 85.9339ms
  SolveCPU: 82.5684ms
 Island solver: 168.9249ms
Step: 770.8754ms
====================================
Loop: 214
  Solve: 81.5542ms
  SolveCPU: 80.4707ms
 Island solver: 162.4561ms
Step: 751.8134ms
====================================
Loop: 215
  Solve: 91.3781ms
  SolveCPU: 77.4340ms
 Island solver: 169.2095ms
Step: 774.5925ms
====================================
Loop: 216
  Solve: 77.8451ms
  SolveCPU: 76.8354ms
 Island solver: 155.1377ms
Step: 749.5536ms
====================================
Loop: 217
  Solve: 96.2230ms
  SolveCPU: 76.7227ms
 Island solver: 173.5178ms
Step: 779.3420ms
====================================
Loop: 218
  Solve: 84.7197ms
  SolveCPU: 76.7912ms
 Island solver: 162.0878ms
Step: 746.2728ms
====================================
Loop: 219
  Solve: 84.7998ms
  SolveCPU: 74.1441ms
 Island solver: 159.4404ms
Step: 750.0074ms
====================================
Loop: 220
  Solve: 94.2673ms
  SolveCPU: 76.5351ms
 Island solver: 171.3739ms
Step: 774.3729ms
====================================
Loop: 221
  Solve: 78.3065ms
  SolveCPU: 81.9053ms
 Island solver: 160.7148ms
Step: 764.3181ms
====================================
Loop: 222
  Solve: 84.9487ms
  SolveCPU: 75.0414ms
 Island solver: 160.4037ms
Step: 754.6381ms
====================================
Loop: 223
  Solve: 78.7188ms
  SolveCPU: 76.1702ms
 Island solver: 155.4710ms
Step: 753.4453ms
====================================
Loop: 224
  Solve: 80.1270ms
  SolveCPU: 75.3059ms
 Island solver: 155.9628ms
Step: 756.2709ms
====================================
Loop: 225
  Solve: 86.0564ms
  SolveCPU: 82.6855ms
 Island solver: 169.2513ms
Step: 756.8027ms
====================================
Loop: 226
  Solve: 85.8576ms
  SolveCPU: 74.8085ms
 Island solver: 161.3138ms
Step: 756.2302ms
====================================
Loop: 227
  Solve: 89.9500ms
  SolveCPU: 76.3604ms
 Island solver: 166.8582ms
Step: 761.5425ms
====================================
Loop: 228
  Solve: 83.7857ms
  SolveCPU: 74.3233ms
 Island solver: 158.7461ms
Step: 755.5761ms
====================================
Loop: 229
  Solve: 87.0724ms
  SolveCPU: 80.2664ms
 Island solver: 167.8560ms
Step: 760.6397ms
====================================
Loop: 230
  Solve: 82.5820ms
  SolveCPU: 74.6930ms
 Island solver: 157.8239ms
Step: 745.0295ms
====================================
Loop: 231
  Solve: 86.4638ms
  SolveCPU: 76.1766ms
 Island solver: 163.1627ms
Step: 751.6790ms
====================================
Loop: 232
  Solve: 78.5922ms
  SolveCPU: 74.0577ms
 Island solver: 153.1837ms
Step: 748.3058ms
====================================
Loop: 233
  Solve: 80.4683ms
  SolveCPU: 79.0628ms
 Island solver: 160.0805ms
Step: 739.3798ms
====================================
Loop: 234
  Solve: 83.9388ms
  SolveCPU: 73.5442ms
 Island solver: 157.9952ms
Step: 759.2064ms
====================================
Loop: 235
  Solve: 81.4335ms
  SolveCPU: 75.2373ms
 Island solver: 157.1977ms
Step: 754.7369ms
====================================
Loop: 236
  Solve: 76.3050ms
  SolveCPU: 73.7902ms
 Island solver: 150.5783ms
Step: 751.5385ms
====================================
Loop: 237
  Solve: 90.8055ms
  SolveCPU: 76.4432ms
 Island solver: 167.7710ms
Step: 764.2512ms
====================================
Loop: 238
  Solve: 76.3271ms
  SolveCPU: 73.7616ms
 Island solver: 150.6245ms
Step: 749.0634ms
====================================
Loop: 239
  Solve: 84.4063ms
  SolveCPU: 74.6338ms
 Island solver: 159.5716ms
Step: 748.0364ms
====================================
Loop: 240
  Solve: 76.3605ms
  SolveCPU: 72.1321ms
 Island solver: 149.0078ms
Step: 736.4806ms
====================================
Loop: 241
  Solve: 83.2109ms
  SolveCPU: 79.4514ms
 Island solver: 163.2029ms
Step: 754.3956ms
====================================
Loop: 242
  Solve: 79.1686ms
  SolveCPU: 72.4358ms
 Island solver: 152.1062ms
Step: 748.5729ms
====================================
Loop: 243
  Solve: 81.6070ms
  SolveCPU: 75.6654ms
 Island solver: 157.7778ms
Step: 756.0100ms
====================================
Loop: 244
  Solve: 83.4222ms
  SolveCPU: 71.6971ms
 Island solver: 155.6173ms
Step: 749.4651ms
====================================
Loop: 245
  Solve: 80.6662ms
  SolveCPU: 80.8188ms
 Island solver: 162.3543ms
Step: 751.9716ms
====================================
Loop: 246
  Solve: 76.3811ms
  SolveCPU: 72.1209ms
 Island solver: 149.0856ms
Step: 745.9830ms
====================================
Loop: 247
  Solve: 82.2230ms
  SolveCPU: 74.3692ms
 Island solver: 157.1459ms
Step: 777.9691ms
====================================
Loop: 248
  Solve: 75.9784ms
  SolveCPU: 70.2786ms
 Island solver: 146.8753ms
Step: 751.1025ms
====================================
Loop: 249
  Solve: 91.6994ms
  SolveCPU: 76.3099ms
 Island solver: 168.6157ms
Step: 774.4460ms
====================================
Loop: 250
  Solve: 77.0828ms
  SolveCPU: 74.8245ms
 Island solver: 152.4325ms
Step: 780.4858ms
====================================
Loop: 251
  Solve: 85.0168ms
  SolveCPU: 72.4821ms
 Island solver: 158.0712ms
Step: 772.2939ms
====================================
Loop: 252
  Solve: 79.1581ms
  SolveCPU: 71.4697ms
 Island solver: 151.1960ms
Step: 783.9178ms
====================================
Loop: 253
  Solve: 78.6895ms
  SolveCPU: 79.4296ms
 Island solver: 158.7486ms
Step: 770.0110ms
====================================
Loop: 254
  Solve: 82.6064ms
  SolveCPU: 70.0987ms
 Island solver: 153.2628ms
Step: 772.4167ms
====================================
Loop: 255
  Solve: 80.9954ms
  SolveCPU: 74.8391ms
 Island solver: 156.4252ms
Step: 776.6451ms
====================================
Loop: 256
  Solve: 85.9876ms
  SolveCPU: 70.5836ms
 Island solver: 157.1393ms
Step: 784.8008ms
====================================
Loop: 257
  Solve: 78.4956ms
  SolveCPU: 72.7430ms
 Island solver: 151.8598ms
Step: 782.8131ms
====================================
Loop: 258
  Solve: 93.9989ms
  SolveCPU: 77.7085ms
 Island solver: 172.3447ms
Step: 796.0350ms
====================================
Loop: 259
  Solve: 80.9101ms
  SolveCPU: 73.6191ms
 Island solver: 155.1342ms
Step: 794.5104ms
====================================
Loop: 260
  Solve: 82.6510ms
  SolveCPU: 81.0610ms
 Island solver: 164.3431ms
Step: 795.8107ms
====================================
Loop: 261
  Solve: 89.9120ms
  SolveCPU: 73.8354ms
 Island solver: 164.3112ms
Step: 799.7921ms
====================================
Loop: 262
  Solve: 80.3093ms
  SolveCPU: 74.0295ms
 Island solver: 154.9177ms
Step: 793.1529ms
====================================
Loop: 263
  Solve: 88.9733ms
  SolveCPU: 76.9976ms
 Island solver: 166.5268ms
Step: 802.9379ms
====================================
Loop: 264
  Solve: 95.5738ms
  SolveCPU: 79.3419ms
 Island solver: 175.4476ms
Step: 847.2988ms
====================================
Loop: 265
  Solve: 88.9545ms
  SolveCPU: 77.5277ms
 Island solver: 167.1092ms
Step: 832.4474ms
====================================
Loop: 266
  Solve: 89.5817ms
  SolveCPU: 72.6107ms
 Island solver: 162.7849ms
Step: 815.1317ms
====================================
Loop: 267
  Solve: 94.8926ms
  SolveCPU: 73.0694ms
 Island solver: 168.5390ms
Step: 841.2424ms
====================================
Loop: 268
  Solve: 90.1257ms
  SolveCPU: 79.7506ms
 Island solver: 170.5168ms
Step: 828.7133ms
====================================
Loop: 269
  Solve: 89.6320ms
  SolveCPU: 79.9853ms
 Island solver: 170.3197ms
Step: 817.0021ms
====================================
Loop: 270
  Solve: 95.8331ms
  SolveCPU: 80.8919ms
 Island solver: 177.6582ms
Step: 827.3604ms
====================================
Loop: 271
  Solve: 96.1875ms
  SolveCPU: 84.1413ms
 Island solver: 180.9917ms
Step: 837.5196ms
====================================
Loop: 272
  Solve: 94.6282ms
  SolveCPU: 76.6664ms
 Island solver: 171.9861ms
Step: 839.8821ms
====================================
Loop: 273
  Solve: 93.1739ms
  SolveCPU: 74.1735ms
 Island solver: 168.0343ms
Step: 830.4186ms
====================================
Loop: 274
  Solve: 92.2306ms
  SolveCPU: 85.3006ms
 Island solver: 178.1689ms
Step: 835.5587ms
====================================
Loop: 275
  Solve: 91.1199ms
  SolveCPU: 80.1617ms
 Island solver: 171.9609ms
Step: 837.9677ms
====================================
Loop: 276
  Solve: 109.3951ms
  SolveCPU: 80.7811ms
 Island solver: 190.7785ms
Step: 907.3987ms
====================================
Loop: 277
  Solve: 99.0262ms
  SolveCPU: 79.8593ms
 Island solver: 179.5040ms
Step: 855.2061ms
====================================
Loop: 278
  Solve: 100.4156ms
  SolveCPU: 82.6735ms
 Island solver: 183.7099ms
Step: 859.5904ms
====================================
Loop: 279
  Solve: 106.9323ms
  SolveCPU: 76.3139ms
 Island solver: 183.8865ms
Step: 865.0931ms
====================================
Loop: 280
  Solve: 93.8022ms
  SolveCPU: 80.5036ms
 Island solver: 174.9990ms
Step: 857.0493ms
====================================
Loop: 281
  Solve: 94.3335ms
  SolveCPU: 89.6530ms
 Island solver: 184.6035ms
Step: 853.7045ms
====================================
Loop: 282
  Solve: 105.9752ms
  SolveCPU: 82.8274ms
 Island solver: 189.4695ms
Step: 865.2270ms
====================================
Loop: 283
  Solve: 100.8170ms
  SolveCPU: 81.1228ms
 Island solver: 182.5388ms
Step: 867.5538ms
====================================
Loop: 284
  Solve: 102.3514ms
  SolveCPU: 80.2165ms
 Island solver: 183.1777ms
Step: 873.3331ms
====================================
Loop: 285
  Solve: 107.1182ms
  SolveCPU: 88.1595ms
 Island solver: 195.9262ms
Step: 885.2667ms
====================================
Loop: 286
  Solve: 108.5871ms
  SolveCPU: 78.9838ms
 Island solver: 188.1969ms
Step: 873.6918ms
====================================
Loop: 287
  Solve: 113.4347ms
  SolveCPU: 78.7583ms
 Island solver: 192.9358ms
Step: 898.0313ms
====================================
Loop: 288
  Solve: 102.5952ms
  SolveCPU: 79.2004ms
 Island solver: 182.4986ms
Step: 889.5139ms
====================================
Loop: 289
  Solve: 96.9930ms
  SolveCPU: 83.9348ms
 Island solver: 181.5668ms
Step: 871.7838ms
====================================
Loop: 290
  Solve: 114.5646ms
  SolveCPU: 82.7010ms
 Island solver: 197.9631ms
Step: 887.8580ms
====================================
Loop: 291
  Solve: 105.1244ms
  SolveCPU: 88.8540ms
 Island solver: 194.6270ms
Step: 886.5974ms
====================================
Loop: 292
  Solve: 108.6497ms
  SolveCPU: 82.5133ms
 Island solver: 191.7891ms
Step: 893.1370ms
====================================
Loop: 293
  Solve: 104.0586ms
  SolveCPU: 83.0358ms
 Island solver: 187.7362ms
Step: 883.8889ms
====================================
Loop: 294
  Solve: 98.6372ms
  SolveCPU: 88.7416ms
 Island solver: 188.0395ms
Step: 879.8442ms
====================================
Loop: 295
  Solve: 106.0069ms
  SolveCPU: 79.2604ms
 Island solver: 185.9163ms
Step: 865.7070ms
====================================
Loop: 296
  Solve: 99.6732ms
  SolveCPU: 78.8406ms
 Island solver: 179.1435ms
Step: 875.3724ms
====================================
Loop: 297
  Solve: 100.6474ms
  SolveCPU: 82.7457ms
 Island solver: 184.0370ms
Step: 875.6400ms
====================================
Loop: 298
  Solve: 97.7803ms
  SolveCPU: 87.2555ms
 Island solver: 185.6897ms
Step: 876.9354ms
====================================
Loop: 299
  Solve: 105.2751ms
  SolveCPU: 85.5328ms
 Island solver: 191.4173ms
Step: 890.4458ms
====================================
Loop: 300
  Solve: 103.7623ms
  SolveCPU: 88.0812ms
 Island solver: 192.4991ms
Step: 887.9213ms
====================================
Loop: 301
  Solve: 106.5592ms
  SolveCPU: 80.4734ms
 Island solver: 187.6933ms
Step: 875.5628ms
====================================
Loop: 302
  Solve: 106.0969ms
  SolveCPU: 93.4163ms
 Island solver: 200.1951ms
Step: 898.7627ms
====================================
Loop: 303
  Solve: 111.2402ms
  SolveCPU: 84.6320ms
 Island solver: 196.6552ms
Step: 897.1474ms
====================================
Loop: 304
  Solve: 109.7429ms
  SolveCPU: 80.6788ms
 Island solver: 191.0840ms
Step: 892.8948ms
====================================
Loop: 305
  Solve: 104.7150ms
  SolveCPU: 81.3574ms
 Island solver: 186.7737ms
Step: 884.8174ms
====================================
Loop: 306
  Solve: 105.7435ms
  SolveCPU: 86.6954ms
 Island solver: 193.1139ms
Step: 897.7634ms
====================================
Loop: 307
  Solve: 102.8196ms
  SolveCPU: 86.2358ms
 Island solver: 189.7620ms
Step: 888.9573ms
====================================
Loop: 308
  Solve: 114.1394ms
  SolveCPU: 85.3146ms
 Island solver: 200.1143ms
Step: 902.8583ms
====================================
Loop: 309
  Solve: 105.7374ms
  SolveCPU: 90.1036ms
 Island solver: 196.5221ms
Step: 900.5969ms
====================================
Loop: 310
  Solve: 111.5082ms
  SolveCPU: 81.9424ms
 Island solver: 194.0837ms
Step: 888.5806ms
====================================
Loop: 311
  Solve: 106.1808ms
  SolveCPU: 88.8332ms
 Island solver: 195.7040ms
Step: 893.3951ms
====================================
Loop: 312
  Solve: 110.7887ms
  SolveCPU: 88.2443ms
 Island solver: 199.7408ms
Step: 907.8015ms
====================================
Loop: 313
  Solve: 107.1316ms
  SolveCPU: 83.2296ms
 Island solver: 191.0511ms
Step: 905.9738ms
====================================
Loop: 314
  Solve: 110.2425ms
  SolveCPU: 82.5556ms
 Island solver: 193.4317ms
Step: 912.5840ms
====================================
Loop: 315
  Solve: 107.1118ms
  SolveCPU: 84.4075ms
 Island solver: 192.1679ms
Step: 918.2419ms
====================================
Loop: 316
  Solve: 108.6067ms
  SolveCPU: 82.3997ms
 Island solver: 191.6601ms
Step: 906.7642ms
====================================
Loop: 317
  Solve: 106.6179ms
  SolveCPU: 91.8446ms
 Island solver: 199.1780ms
Step: 918.0550ms
====================================
Loop: 318
  Solve: 110.9859ms
  SolveCPU: 85.5413ms
 Island solver: 197.1611ms
Step: 915.2422ms
====================================
Loop: 319
  Solve: 111.2885ms
  SolveCPU: 85.3411ms
 Island solver: 197.3486ms
Step: 922.7105ms
====================================
Loop: 320
  Solve: 101.6099ms
  SolveCPU: 93.3215ms
 Island solver: 195.5761ms
Step: 914.7125ms
====================================
Loop: 321
  Solve: 111.2403ms
  SolveCPU: 83.2990ms
 Island solver: 195.1861ms
Step: 906.3182ms
====================================
Loop: 322
  Solve: 104.2026ms
  SolveCPU: 90.4774ms
 Island solver: 195.3864ms
Step: 905.0251ms
====================================
Loop: 323
  Solve: 105.8778ms
  SolveCPU: 84.9765ms
 Island solver: 191.5492ms
Step: 893.1578ms
====================================
Loop: 324
  Solve: 103.6179ms
  SolveCPU: 82.1660ms
 Island solver: 186.4095ms
Step: 887.6614ms
====================================
Loop: 325
  Solve: 107.0329ms
  SolveCPU: 84.1986ms
 Island solver: 191.8855ms
Step: 905.6335ms
====================================
Loop: 326
  Solve: 103.4638ms
  SolveCPU: 83.2158ms
 Island solver: 187.3464ms
Step: 905.1186ms
====================================
Loop: 327
  Solve: 108.0994ms
  SolveCPU: 88.7854ms
 Island solver: 197.5705ms
Step: 923.5910ms
====================================
Loop: 328
  Solve: 110.6613ms
  SolveCPU: 92.5624ms
 Island solver: 203.8634ms
Step: 919.2319ms
====================================
Loop: 329
  Solve: 125.0818ms
  SolveCPU: 84.9401ms
 Island solver: 210.7668ms
Step: 913.8087ms
====================================
Loop: 330
  Solve: 119.3040ms
  SolveCPU: 87.6148ms
 Island solver: 207.6317ms
Step: 932.0215ms
====================================
Loop: 331
  Solve: 110.4080ms
  SolveCPU: 94.8830ms
 Island solver: 206.0214ms
Step: 931.6689ms
====================================
Loop: 332
  Solve: 117.0085ms
  SolveCPU: 87.1587ms
 Island solver: 204.8794ms
Step: 915.7636ms
====================================
Loop: 333
  Solve: 127.0246ms
  SolveCPU: 86.7671ms
 Island solver: 214.6128ms
Step: 938.1478ms
====================================
Loop: 334
  Solve: 109.6738ms
  SolveCPU: 95.6641ms
 Island solver: 206.0999ms
Step: 928.8066ms
====================================
Loop: 335
  Solve: 116.1517ms
  SolveCPU: 89.4828ms
 Island solver: 206.4580ms
Step: 926.0976ms
====================================
Loop: 336
  Solve: 125.1227ms
  SolveCPU: 86.0831ms
 Island solver: 211.8748ms
Step: 926.8461ms
====================================
Loop: 337
  Solve: 110.4621ms
  SolveCPU: 82.5600ms
 Island solver: 193.7265ms
Step: 908.9230ms
====================================
Loop: 338
  Solve: 109.0874ms
  SolveCPU: 84.8200ms
 Island solver: 194.6902ms
Step: 914.7956ms
====================================
Loop: 339
  Solve: 109.8260ms
  SolveCPU: 86.3217ms
 Island solver: 196.8168ms
Step: 923.9880ms
====================================
Loop: 340
  Solve: 107.7854ms
  SolveCPU: 93.3785ms
 Island solver: 202.0434ms
Step: 922.7001ms
====================================
Loop: 341
  Solve: 115.2444ms
  SolveCPU: 95.5671ms
 Island solver: 211.6092ms
Step: 940.9381ms
====================================
Loop: 342
  Solve: 120.4297ms
  SolveCPU: 88.9176ms
 Island solver: 210.0833ms
Step: 938.5157ms
====================================
Loop: 343
  Solve: 138.9999ms
  SolveCPU: 88.3522ms
 Island solver: 228.0168ms
Step: 956.3484ms
====================================
Loop: 344
  Solve: 113.3946ms
  SolveCPU: 85.2982ms
 Island solver: 199.3879ms
Step: 907.2265ms
====================================
Loop: 345
  Solve: 110.3981ms
  SolveCPU: 97.9112ms
 Island solver: 209.0112ms
Step: 928.3171ms
====================================
Loop: 346
  Solve: 112.3032ms
  SolveCPU: 86.6871ms
 Island solver: 199.7243ms
Step: 913.3036ms
====================================
Loop: 347
  Solve: 124.0169ms
  SolveCPU: 95.0165ms
 Island solver: 219.7753ms
Step: 946.5969ms
====================================
Loop: 348
  Solve: 110.0508ms
  SolveCPU: 94.9421ms
 Island solver: 205.7590ms
Step: 921.5536ms
====================================
Loop: 349
  Solve: 121.3119ms
  SolveCPU: 88.3254ms
 Island solver: 210.3692ms
Step: 938.9312ms
====================================
Loop: 350
  Solve: 110.1257ms
  SolveCPU: 85.1918ms
 Island solver: 196.0521ms
Step: 924.4349ms
====================================
Loop: 351
  Solve: 124.0559ms
  SolveCPU: 84.0603ms
 Island solver: 208.8263ms
Step: 925.3597ms
====================================
Loop: 352
  Solve: 114.5998ms
  SolveCPU: 89.9763ms
 Island solver: 205.5202ms
Step: 945.6313ms
====================================
Loop: 353
  Solve: 109.2445ms
  SolveCPU: 85.7102ms
 Island solver: 195.5805ms
Step: 925.1268ms
====================================
Loop: 354
  Solve: 106.4123ms
  SolveCPU: 89.8857ms
 Island solver: 196.9321ms
Step: 926.1277ms
====================================
Loop: 355
  Solve: 123.2866ms
  SolveCPU: 96.6637ms
 Island solver: 220.5913ms
Step: 948.3600ms
====================================
Loop: 356
  Solve: 120.4551ms
  SolveCPU: 91.8794ms
 Island solver: 213.0087ms
Step: 948.7486ms
====================================
Loop: 357
  Solve: 120.8084ms
  SolveCPU: 90.2534ms
 Island solver: 211.8175ms
Step: 944.2906ms
====================================
Loop: 358
  Solve: 116.2410ms
  SolveCPU: 86.2966ms
 Island solver: 203.2839ms
Step: 933.3817ms
====================================
Loop: 359
  Solve: 115.1768ms
  SolveCPU: 89.3909ms
 Island solver: 205.3375ms
Step: 931.7612ms
====================================
Loop: 360
  Solve: 113.4645ms
  SolveCPU: 99.5939ms
 Island solver: 213.8216ms
Step: 949.2922ms
====================================
Loop: 361
  Solve: 112.8618ms
  SolveCPU: 95.1616ms
 Island solver: 208.7380ms
Step: 940.8789ms
====================================
Loop: 362
  Solve: 117.6675ms
  SolveCPU: 88.7159ms
 Island solver: 207.1391ms
Step: 938.5008ms
====================================
Loop: 363
  Solve: 118.2369ms
  SolveCPU: 97.3594ms
 Island solver: 216.2823ms
Step: 941.4517ms
====================================
Loop: 364
  Solve: 116.3389ms
  SolveCPU: 88.5890ms
 Island solver: 205.6313ms
Step: 931.7916ms
====================================
Loop: 365
  Solve: 134.2075ms
  SolveCPU: 87.9406ms
 Island solver: 222.9685ms
Step: 956.1623ms
====================================
Loop: 366
  Solve: 107.6840ms
  SolveCPU: 88.3990ms
 Island solver: 196.7178ms
Step: 929.8286ms
====================================
Loop: 367
  Solve: 123.8249ms
  SolveCPU: 86.7059ms
 Island solver: 211.3166ms
Step: 944.3191ms
====================================
Loop: 368
  Solve: 109.5079ms
  SolveCPU: 86.1654ms
 Island solver: 196.3208ms
Step: 941.5421ms
====================================
Loop: 369
  Solve: 109.1484ms
  SolveCPU: 86.0871ms
 Island solver: 195.8878ms
Step: 942.7893ms
====================================
Loop: 370
  Solve: 111.4531ms
  SolveCPU: 87.8842ms
 Island solver: 200.0116ms
Step: 938.8835ms
====================================
Loop: 371
  Solve: 108.8102ms
  SolveCPU: 101.2953ms
 Island solver: 210.7711ms
Step: 937.6247ms
====================================
Loop: 372
  Solve: 113.7539ms
  SolveCPU: 91.4162ms
 Island solver: 205.8188ms
Step: 932.0921ms
====================================
Loop: 373
  Solve: 121.9066ms
  SolveCPU: 90.7036ms
 Island solver: 213.3212ms
Step: 939.8507ms
====================================
Loop: 374
  Solve: 116.2533ms
  SolveCPU: 85.5941ms
 Island solver: 202.5419ms
Step: 934.1161ms
====================================
Loop: 375
  Solve: 106.9058ms
  SolveCPU: 86.2551ms
 Island solver: 193.8576ms
Step: 918.2950ms
====================================
Loop: 376
  Solve: 110.3623ms
  SolveCPU: 94.9440ms
 Island solver: 206.0208ms
Step: 932.1849ms
====================================
Loop: 377
  Solve: 121.2818ms
  SolveCPU: 97.5901ms
 Island solver: 219.7171ms
Step: 948.7039ms
====================================
Loop: 378
  Solve: 117.1365ms
  SolveCPU: 90.5760ms
 Island solver: 208.6664ms
Step: 951.1044ms
====================================
Loop: 379
  Solve: 123.1094ms
  SolveCPU: 99.5279ms
 Island solver: 223.3739ms
Step: 951.0146ms
====================================
Loop: 380
  Solve: 116.5831ms
  SolveCPU: 95.0205ms
 Island solver: 212.4471ms
Step: 946.7624ms
====================================
Loop: 381
  Solve: 123.9516ms
  SolveCPU: 90.3278ms
 Island solver: 215.0111ms
Step: 952.4534ms
====================================
Loop: 382
  Solve: 122.8241ms
  SolveCPU: 85.5028ms
 Island solver: 209.1211ms
Step: 942.8257ms
====================================
Loop: 383
  Solve: 118.7022ms
  SolveCPU: 88.1191ms
 Island solver: 207.6848ms
Step: 934.9551ms
====================================
Loop: 384
  Solve: 107.6307ms
  SolveCPU: 86.3632ms
 Island solver: 195.0028ms
Step: 931.8757ms
====================================
Loop: 385
  Solve: 110.0186ms
  SolveCPU: 86.0183ms
 Island solver: 196.7899ms
Step: 925.8920ms
====================================
Loop: 386
  Solve: 112.8546ms
  SolveCPU: 90.3482ms
 Island solver: 203.9332ms
Step: 939.6879ms
====================================
Loop: 387
  Solve: 113.4305ms
  SolveCPU: 96.8818ms
 Island solver: 211.0131ms
Step: 930.3058ms
====================================
Loop: 388
  Solve: 131.7301ms
  SolveCPU: 88.8194ms
 Island solver: 221.3475ms
Step: 939.1793ms
====================================
Loop: 389
  Solve: 129.7360ms
  SolveCPU: 86.5034ms
 Island solver: 217.2697ms
Step: 923.3697ms
====================================
Loop: 390
  Solve: 119.3188ms
  SolveCPU: 85.8618ms
 Island solver: 205.9713ms
Step: 930.6290ms
====================================
Loop: 391
  Solve: 115.6281ms
  SolveCPU: 89.5802ms
 Island solver: 205.9355ms
Step: 934.7873ms
====================================
Loop: 392
  Solve: 117.4800ms
  SolveCPU: 93.0486ms
 Island solver: 211.2309ms
Step: 932.9063ms
====================================
Loop: 393
  Solve: 112.4934ms
  SolveCPU: 95.6110ms
 Island solver: 208.9106ms
Step: 928.8436ms
====================================
Loop: 394
  Solve: 127.3563ms
  SolveCPU: 98.8240ms
 Island solver: 226.9106ms
Step: 944.9521ms
====================================
Loop: 395
  Solve: 125.5031ms
  SolveCPU: 95.8825ms
 Island solver: 222.1228ms
Step: 943.6071ms
====================================
Loop: 396
  Solve: 123.2695ms
  SolveCPU: 89.6806ms
 Island solver: 213.7982ms
Step: 931.2870ms
====================================
Loop: 397
  Solve: 116.1572ms
  SolveCPU: 85.3681ms
 Island solver: 202.2261ms
Step: 920.5652ms
====================================
Loop: 398
  Solve: 117.3900ms
  SolveCPU: 88.9207ms
 Island solver: 207.0281ms
Step: 931.2449ms
====================================
Loop: 399
  Solve: 109.7262ms
  SolveCPU: 84.3919ms
 Island solver: 194.9012ms
Step: 908.8899ms
====================================
Loop: 400
  Solve: 110.8953ms
  SolveCPU: 88.4793ms
 Island solver: 200.1042ms
Step: 914.4651ms
====================================
Loop: 401
  Solve: 111.9451ms
  SolveCPU: 100.5815ms
 Island solver: 213.2780ms
Step: 929.7393ms
====================================
Loop: 402
  Solve: 117.3323ms
  SolveCPU: 88.3539ms
 Island solver: 206.3993ms
Step: 925.9428ms
====================================
Loop: 403
  Solve: 104.5672ms
  SolveCPU: 85.7638ms
 Island solver: 191.0413ms
Step: 898.4839ms
====================================
Loop: 404
  Solve: 107.9006ms
  SolveCPU: 87.4781ms
 Island solver: 196.1524ms
Step: 904.7222ms
====================================
Loop: 405
  Solve: 111.5000ms
  SolveCPU: 89.6232ms
 Island solver: 201.9324ms
Step: 916.0262ms
====================================
Loop: 406
  Solve: 109.5551ms
  SolveCPU: 100.5625ms
 Island solver: 210.8455ms
Step: 919.0577ms
====================================
Loop: 407
  Solve: 114.9681ms
  SolveCPU: 89.4732ms
 Island solver: 205.1601ms
Step: 904.3022ms
====================================
Loop: 408
  Solve: 115.2852ms
  SolveCPU: 86.5281ms
 Island solver: 202.9314ms
Step: 917.4414ms
====================================
Loop: 409
  Solve: 119.1983ms
  SolveCPU: 85.3625ms
 Island solver: 205.3192ms
Step: 923.1331ms
====================================
Loop: 410
  Solve: 108.3504ms
  SolveCPU: 82.5420ms
 Island solver: 191.5787ms
Step: 891.4313ms
====================================
Loop: 411
  Solve: 117.1325ms
  SolveCPU: 88.3332ms
 Island solver: 206.1452ms
Step: 915.3453ms
====================================
Loop: 412
  Solve: 109.2903ms
  SolveCPU: 98.4730ms
 Island solver: 208.5721ms
Step: 907.0813ms
====================================
Loop: 413
  Solve: 114.2362ms
  SolveCPU: 87.8833ms
 Island solver: 202.8492ms
Step: 901.2018ms
====================================
Loop: 414
  Solve: 115.7831ms
  SolveCPU: 83.2848ms
 Island solver: 199.7922ms
Step: 900.8076ms
====================================
Loop: 415
  Solve: 107.1640ms
  SolveCPU: 84.7226ms
 Island solver: 192.6098ms
Step: 885.4102ms
====================================
Loop: 416
  Solve: 107.0843ms
  SolveCPU: 89.7490ms
 Island solver: 197.5200ms
Step: 887.6756ms
====================================
Loop: 417
  Solve: 107.9535ms
  SolveCPU: 92.9367ms
 Island solver: 201.5562ms
Step: 898.7587ms
====================================
Loop: 418
  Solve: 110.4165ms
  SolveCPU: 81.8410ms
 Island solver: 192.9226ms
Step: 878.0496ms
====================================
Loop: 419
  Solve: 104.6797ms
  SolveCPU: 83.2079ms
 Island solver: 188.5808ms
Step: 892.4698ms
====================================
Loop: 420
  Solve: 107.2709ms
  SolveCPU: 82.6823ms
 Island solver: 190.7646ms
Step: 878.6770ms
====================================
Loop: 421
  Solve: 108.8070ms
  SolveCPU: 93.4720ms
 Island solver: 203.0396ms
Step: 873.4610ms
====================================
Loop: 422
  Solve: 107.7668ms
  SolveCPU: 80.7505ms
 Island solver: 189.2616ms
Step: 851.7286ms
====================================
Loop: 423
  Solve: 103.2283ms
  SolveCPU: 82.3906ms
 Island solver: 186.3821ms
Step: 866.9653ms
====================================
Loop: 424
  Solve: 106.2421ms
  SolveCPU: 87.7853ms
 Island solver: 194.7052ms
Step: 875.6126ms
====================================
Loop: 425
  Solve: 109.7025ms
  SolveCPU: 84.1963ms
 Island solver: 194.6018ms
Step: 866.1136ms
====================================
Loop: 426
  Solve: 108.1014ms
  SolveCPU: 80.1372ms
 Island solver: 188.9624ms
Step: 854.1677ms
====================================
Loop: 427
  Solve: 103.1977ms
  SolveCPU: 82.9714ms
 Island solver: 186.9052ms
Step: 853.4048ms
====================================
Loop: 428
  Solve: 107.0739ms
  SolveCPU: 92.0234ms
 Island solver: 199.8568ms
Step: 861.1019ms
====================================
Loop: 429
  Solve: 105.4748ms
  SolveCPU: 80.7713ms
 Island solver: 187.0099ms
Step: 839.2456ms
====================================
Loop: 430
  Solve: 99.7938ms
  SolveCPU: 81.9227ms
 Island solver: 182.3683ms
Step: 848.2379ms
====================================
Loop: 431
  Solve: 104.8781ms
  SolveCPU: 85.1422ms
 Island solver: 190.7300ms
Step: 849.2091ms
====================================
Loop: 432
  Solve: 113.7548ms
  SolveCPU: 82.7657ms
 Island solver: 197.2483ms
Step: 849.8885ms
====================================
Loop: 433
  Solve: 98.1537ms
  SolveCPU: 77.8623ms
 Island solver: 176.6468ms
Step: 831.3913ms
====================================
Loop: 434
  Solve: 104.5487ms
  SolveCPU: 80.2929ms
 Island solver: 185.5293ms
Step: 827.4778ms
====================================
Loop: 435
  Solve: 105.6145ms
  SolveCPU: 80.5294ms
 Island solver: 186.7793ms
Step: 810.0151ms
====================================
Loop: 436
  Solve: 98.5185ms
  SolveCPU: 78.2673ms
 Island solver: 177.4322ms
Step: 814.1458ms
====================================
Loop: 437
  Solve: 93.6671ms
  SolveCPU: 90.2317ms
 Island solver: 184.5456ms
Step: 815.5519ms
====================================
Loop: 438
  Solve: 99.1296ms
  SolveCPU: 76.2751ms
 Island solver: 175.9850ms
Step: 801.7136ms
====================================
Loop: 439
  Solve: 99.5702ms
  SolveCPU: 78.2673ms
 Island solver: 178.4705ms
Step: 810.0084ms
====================================
Loop: 440
  Solve: 107.8303ms
  SolveCPU: 80.4432ms
 Island solver: 188.9509ms
Step: 805.6188ms
====================================
Loop: 441
  Solve: 96.3397ms
  SolveCPU: 76.7010ms
 Island solver: 173.7253ms
Step: 807.9948ms
====================================
Loop: 442
  Solve: 95.7465ms
  SolveCPU: 86.7756ms
 Island solver: 183.1975ms
Step: 795.3247ms
====================================
Loop: 443
  Solve: 102.7688ms
  SolveCPU: 77.1328ms
 Island solver: 180.6171ms
Step: 791.0140ms
====================================
Loop: 444
  Solve: 93.9877ms
  SolveCPU: 74.7000ms
 Island solver: 169.3871ms
Step: 777.1129ms
====================================
Loop: 445
  Solve: 101.8906ms
  SolveCPU: 78.8509ms
 Island solver: 181.4187ms
Step: 796.6048ms
====================================
Loop: 446
  Solve: 92.7525ms
  SolveCPU: 76.8218ms
 Island solver: 170.1969ms
Step: 781.6464ms
====================================
Loop: 447
  Solve: 103.2092ms
  SolveCPU: 80.1608ms
 Island solver: 183.9866ms
Step: 785.5119ms
====================================
Loop: 448
  Solve: 100.8194ms
  SolveCPU: 73.8153ms
 Island solver: 175.3383ms
Step: 791.1376ms
====================================
Loop: 449
  Solve: 97.9238ms
  SolveCPU: 81.4996ms
 Island solver: 180.0979ms
Step: 780.5263ms
====================================
Loop: 450
  Solve: 102.1930ms
  SolveCPU: 78.7090ms
 Island solver: 181.5337ms
Step: 783.0394ms
====================================
Loop: 451
  Solve: 96.1901ms
  SolveCPU: 75.5754ms
 Island solver: 172.4960ms
Step: 766.3093ms
====================================
Loop: 452
  Solve: 97.8390ms
  SolveCPU: 72.9179ms
 Island solver: 171.3546ms
Step: 768.8394ms
====================================
Loop: 453
  Solve: 89.7998ms
  SolveCPU: 73.8820ms
 Island solver: 164.3922ms
Step: 758.8560ms
====================================
Loop: 454
  Solve: 93.9033ms
  SolveCPU: 76.2013ms
 Island solver: 171.2816ms
Step: 757.3017ms
====================================
Loop: 455
  Solve: 96.7379ms
  SolveCPU: 73.1186ms
 Island solver: 170.4017ms
Step: 757.5568ms
====================================
Loop: 456
  Solve: 105.8934ms
  SolveCPU: 75.1965ms
 Island solver: 181.4982ms
Step: 753.5913ms
====================================
Loop: 457
  Solve: 87.7520ms
  SolveCPU: 73.6208ms
 Island solver: 161.7797ms
Step: 733.8757ms
====================================
Loop: 458
  Solve: 86.3915ms
  SolveCPU: 70.2206ms
 Island solver: 157.0787ms
Step: 746.2814ms
====================================
Loop: 459
  Solve: 82.9081ms
  SolveCPU: 70.2243ms
 Island solver: 153.5620ms
Step: 728.2936ms
====================================
Loop: 460
  Solve: 92.3864ms
  SolveCPU: 71.6507ms
 Island solver: 164.4463ms
Step: 735.9618ms
====================================
Loop: 461
  Solve: 85.4233ms
  SolveCPU: 78.0218ms
 Island solver: 163.8633ms
Step: 731.6220ms
====================================
Loop: 462
  Solve: 91.0475ms
  SolveCPU: 70.5761ms
 Island solver: 162.0461ms
Step: 736.7861ms
====================================
Loop: 463
  Solve: 89.3421ms
  SolveCPU: 76.4279ms
 Island solver: 166.1894ms
Step: 738.9768ms
====================================
Loop: 464
  Solve: 91.5892ms
  SolveCPU: 68.7568ms
 Island solver: 160.7353ms
Step: 732.1950ms
====================================
Loop: 465
  Solve: 82.1201ms
  SolveCPU: 79.8167ms
 Island solver: 162.4049ms
Step: 717.8822ms
====================================
Loop: 466
  Solve: 93.8105ms
  SolveCPU: 71.2983ms
 Island solver: 165.7385ms
Step: 727.6019ms
====================================
Loop: 467
  Solve: 100.6565ms
  SolveCPU: 80.2694ms
 Island solver: 181.6099ms
Step: 744.3809ms
====================================
Loop: 468
  Solve: 91.4226ms
  SolveCPU: 71.0404ms
 Island solver: 163.0881ms
Step: 723.5831ms
====================================
Loop: 469
  Solve: 104.7787ms
  SolveCPU: 72.8326ms
 Island solver: 178.4804ms
Step: 737.7252ms
====================================
Loop: 470
  Solve: 98.8414ms
  SolveCPU: 67.3413ms
 Island solver: 166.8285ms
Step: 710.9774ms
====================================
Loop: 471
  Solve: 103.0902ms
  SolveCPU: 67.5786ms
 Island solver: 171.2873ms
Step: 713.6861ms
====================================
Loop: 472
  Solve: 91.8057ms
  SolveCPU: 76.6339ms
 Island solver: 169.1468ms
Step: 720.5626ms
====================================
Loop: 473
  Solve: 88.1371ms
  SolveCPU: 66.7681ms
 Island solver: 155.6256ms
Step: 700.1597ms
====================================
Loop: 474
  Solve: 93.2707ms
  SolveCPU: 78.6272ms
 Island solver: 172.5705ms
Step: 705.4626ms
====================================
Loop: 475
  Solve: 90.5762ms
  SolveCPU: 69.0363ms
 Island solver: 160.3358ms
Step: 694.6422ms
====================================
Loop: 476
  Solve: 87.1520ms
  SolveCPU: 66.8431ms
 Island solver: 154.6926ms
Step: 694.8094ms
====================================
Loop: 477
  Solve: 90.5795ms
  SolveCPU: 70.2599ms
 Island solver: 161.5415ms
Step: 709.5547ms
====================================
Loop: 478
  Solve: 89.8056ms
  SolveCPU: 66.7458ms
 Island solver: 157.1991ms
Step: 695.3059ms
====================================
Loop: 479
  Solve: 92.3429ms
  SolveCPU: 69.9870ms
 Island solver: 163.0135ms
Step: 693.4121ms
====================================
Loop: 480
  Solve: 89.1333ms
  SolveCPU: 67.0334ms
 Island solver: 156.8472ms
Step: 690.0595ms
====================================
Loop: 481
  Solve: 103.7002ms
  SolveCPU: 69.0213ms
 Island solver: 173.5601ms
Step: 707.7820ms
====================================
Loop: 482
  Solve: 87.6359ms
  SolveCPU: 74.4516ms
 Island solver: 162.6888ms
Step: 691.9557ms
====================================
Loop: 483
  Solve: 88.5800ms
  SolveCPU: 68.7019ms
 Island solver: 157.6929ms
Step: 694.9721ms
====================================
Loop: 484
  Solve: 88.8276ms
  SolveCPU: 76.5635ms
 Island solver: 165.8183ms
Step: 689.5910ms
====================================
Loop: 485
  Solve: 85.3989ms
  SolveCPU: 72.2678ms
 Island solver: 158.0795ms
Step: 690.0260ms
====================================
Loop: 486
  Solve: 90.7176ms
  SolveCPU: 65.9155ms
 Island solver: 157.0371ms
Step: 697.1876ms
====================================
Loop: 487
  Solve: 79.2513ms
  SolveCPU: 76.0884ms
 Island solver: 155.7457ms
Step: 682.9844ms
====================================
Loop: 488
  Solve: 85.6326ms
  SolveCPU: 65.1286ms
 Island solver: 151.1622ms
Step: 665.4045ms
====================================
Loop: 489
  Solve: 87.4902ms
  SolveCPU: 64.2313ms
 Island solver: 152.1188ms
Step: 681.3311ms
====================================
Loop: 490
  Solve: 82.6866ms
  SolveCPU: 76.1747ms
 Island solver: 159.2655ms
Step: 675.7125ms
====================================
Loop: 491
  Solve: 90.7408ms
  SolveCPU: 65.2968ms
 Island solver: 156.4336ms
Step: 670.2292ms
====================================
Loop: 492
  Solve: 90.6792ms
  SolveCPU: 64.4548ms
 Island solver: 155.6574ms
Step: 678.9938ms
====================================
Loop: 493
  Solve: 81.6940ms
  SolveCPU: 74.8563ms
 Island solver: 157.0648ms
Step: 665.3965ms
====================================
Loop: 494
  Solve: 86.5199ms
  SolveCPU: 64.9813ms
 Island solver: 152.0459ms
Step: 669.9247ms
====================================
Loop: 495
  Solve: 82.6728ms
  SolveCPU: 64.8388ms
 Island solver: 148.1562ms
Step: 666.2692ms
====================================
Loop: 496
  Solve: 85.0079ms
  SolveCPU: 72.2998ms
 Island solver: 157.9276ms
Step: 665.5416ms
====================================
Loop: 497
  Solve: 86.8134ms
  SolveCPU: 64.1356ms
 Island solver: 151.5442ms
Step: 662.9504ms
====================================
Loop: 498
  Solve: 88.0560ms
  SolveCPU: 63.6784ms
 Island solver: 152.3495ms
Step: 665.6426ms
====================================
Loop: 499
  Solve: 84.1202ms
  SolveCPU: 72.7363ms
 Island solver: 157.4327ms
Step: 650.7302ms
====================================
Loop: 500
  Solve: 91.8307ms
  SolveCPU: 64.0821ms
 Island solver: 156.4882ms
Step: 664.0870ms
====================================
