Using platform vendor: NVIDIA Corporation
Loop: 0
  Solve: 5.8273ms
  SolveCPU: 27.0943ms
 Island solver: 34.2538ms
Step: 385.8765ms
====================================
Loop: 1
  Solve: 5.6623ms
  SolveCPU: 24.2216ms
 Island solver: 31.1616ms
Step: 197.9862ms
====================================
Loop: 2
  Solve: 5.8161ms
  SolveCPU: 22.6932ms
 Island solver: 29.7049ms
Step: 199.4643ms
====================================
Loop: 3
  Solve: 5.6387ms
  SolveCPU: 22.2321ms
 Island solver: 29.0965ms
Step: 191.9221ms
====================================
Loop: 4
  Solve: 5.5617ms
  SolveCPU: 22.6791ms
 Island solver: 29.4586ms
Step: 188.0757ms
====================================
Loop: 5
  Solve: 6.2637ms
  SolveCPU: 24.9413ms
 Island solver: 32.5003ms
Step: 197.3056ms
====================================
Loop: 6
  Solve: 5.6941ms
  SolveCPU: 24.9405ms
 Island solver: 31.8335ms
Step: 195.5393ms
====================================
Loop: 7
  Solve: 6.1034ms
  SolveCPU: 23.2083ms
 Island solver: 30.5909ms
Step: 194.3483ms
====================================
Loop: 8
  Solve: 5.5876ms
  SolveCPU: 21.6142ms
 Island solver: 28.4000ms
Step: 192.7608ms
====================================
Loop: 9
  Solve: 5.9836ms
  SolveCPU: 22.2926ms
 Island solver: 29.4441ms
Step: 191.1215ms
====================================
Loop: 10
  Solve: 5.5837ms
  SolveCPU: 22.2106ms
 Island solver: 28.9838ms
Step: 191.0929ms
====================================
Loop: 11
  Solve: 5.6290ms
  SolveCPU: 22.8287ms
 Island solver: 29.7007ms
Step: 191.2992ms
====================================
Loop: 12
  Solve: 5.6460ms
  SolveCPU: 22.6879ms
 Island solver: 29.5402ms
Step: 187.1805ms
====================================
Loop: 13
  Solve: 5.6099ms
  SolveCPU: 25.6799ms
 Island solver: 32.5252ms
Step: 196.9099ms
====================================
Loop: 14
  Solve: 5.6382ms
  SolveCPU: 22.2543ms
 Island solver: 29.0447ms
Step: 188.1583ms
====================================
Loop: 15
  Solve: 5.6175ms
  SolveCPU: 22.6382ms
 Island solver: 29.4516ms
Step: 188.0675ms
====================================
Loop: 16
  Solve: 5.5619ms
  SolveCPU: 22.9084ms
 Island solver: 29.6286ms
Step: 190.0714ms
====================================
Loop: 17
  Solve: 5.6020ms
  SolveCPU: 22.5499ms
 Island solver: 29.3423ms
Step: 189.4711ms
====================================
Loop: 18
  Solve: 5.7921ms
  SolveCPU: 22.8300ms
 Island solver: 29.8294ms
Step: 350.1463ms
====================================
Loop: 19
  Solve: 5.6966ms
  SolveCPU: 22.3194ms
 Island solver: 29.2147ms
Step: 186.6310ms
====================================
Loop: 20
  Solve: 6.6973ms
  SolveCPU: 21.6361ms
 Island solver: 29.4921ms
Step: 192.4790ms
====================================
Loop: 21
  Solve: 5.6152ms
  SolveCPU: 21.9055ms
 Island solver: 28.7085ms
Step: 188.3699ms
====================================
Loop: 22
  Solve: 5.5956ms
  SolveCPU: 23.2768ms
 Island solver: 30.0346ms
Step: 188.9095ms
====================================
Loop: 23
  Solve: 5.6605ms
  SolveCPU: 21.7430ms
 Island solver: 28.6699ms
Step: 194.3158ms
====================================
Loop: 24
  Solve: 5.6075ms
  SolveCPU: 22.8275ms
 Island solver: 29.6787ms
Step: 188.6299ms
====================================
Loop: 25
  Solve: 5.6280ms
  SolveCPU: 22.3057ms
 Island solver: 29.1392ms
Step: 187.8429ms
====================================
Loop: 26
  Solve: 5.6359ms
  SolveCPU: 22.4171ms
 Island solver: 29.2808ms
Step: 347.6544ms
====================================
Loop: 27
  Solve: 5.5861ms
  SolveCPU: 26.2075ms
 Island solver: 33.3227ms
Step: 194.9430ms
====================================
Loop: 28
  Solve: 5.5438ms
  SolveCPU: 22.3726ms
 Island solver: 29.0878ms
Step: 187.2008ms
====================================
Loop: 29
  Solve: 5.6913ms
  SolveCPU: 22.2813ms
 Island solver: 29.4489ms
Step: 186.8306ms
====================================
Loop: 30
  Solve: 5.7350ms
  SolveCPU: 23.0810ms
 Island solver: 29.9877ms
Step: 192.4505ms
====================================
Loop: 31
  Solve: 5.6024ms
  SolveCPU: 24.3967ms
 Island solver: 31.2554ms
Step: 195.9500ms
====================================
Loop: 32
  Solve: 5.7094ms
  SolveCPU: 22.9445ms
 Island solver: 29.8836ms
Step: 193.0993ms
====================================
Loop: 33
  Solve: 5.6182ms
  SolveCPU: 22.5387ms
 Island solver: 29.3305ms
Step: 351.1489ms
====================================
Loop: 34
  Solve: 5.7361ms
  SolveCPU: 24.3083ms
 Island solver: 31.3057ms
Step: 198.2826ms
====================================
Loop: 35
  Solve: 5.7270ms
  SolveCPU: 23.0292ms
 Island solver: 29.9912ms
Step: 193.8159ms
====================================
Loop: 36
  Solve: 5.7193ms
  SolveCPU: 23.7048ms
 Island solver: 30.5414ms
Step: 197.3922ms
====================================
Loop: 37
  Solve: 5.6576ms
  SolveCPU: 22.9903ms
 Island solver: 29.8143ms
Step: 196.6828ms
====================================
Loop: 38
  Solve: 5.5862ms
  SolveCPU: 23.4173ms
 Island solver: 30.1977ms
Step: 359.1844ms
====================================
Loop: 39
  Solve: 5.7465ms
  SolveCPU: 25.0029ms
 Island solver: 32.0619ms
Step: 197.9910ms
====================================
Loop: 40
  Solve: 5.6223ms
  SolveCPU: 23.4016ms
 Island solver: 30.3301ms
Step: 196.0928ms
====================================
Loop: 41
  Solve: 5.6711ms
  SolveCPU: 22.6314ms
 Island solver: 29.5675ms
Step: 200.8808ms
====================================
Loop: 42
  Solve: 5.9758ms
  SolveCPU: 23.3201ms
 Island solver: 30.5349ms
Step: 198.1014ms
====================================
Loop: 43
  Solve: 5.7983ms
  SolveCPU: 23.5249ms
 Island solver: 30.5564ms
Step: 361.4436ms
====================================
Loop: 44
  Solve: 5.7101ms
  SolveCPU: 23.1945ms
 Island solver: 30.1638ms
Step: 197.5465ms
====================================
Loop: 45
  Solve: 6.6106ms
  SolveCPU: 25.4693ms
 Island solver: 33.2929ms
Step: 199.0466ms
====================================
Loop: 46
  Solve: 5.6358ms
  SolveCPU: 22.7818ms
 Island solver: 30.7131ms
Step: 191.8871ms
====================================
Loop: 47
  Solve: 18.3194ms
  SolveCPU: 23.2375ms
 Island solver: 43.0690ms
Step: 363.9408ms
====================================
Loop: 48
  Solve: 31.2703ms
  SolveCPU: 23.3339ms
 Island solver: 56.0072ms
Step: 221.4279ms
====================================
Loop: 49
  Solve: 33.9097ms
  SolveCPU: 26.2290ms
 Island solver: 61.5873ms
Step: 231.8061ms
====================================
Loop: 50
  Solve: 33.1355ms
  SolveCPU: 24.4001ms
 Island solver: 58.9244ms
Step: 226.7715ms
====================================
Loop: 51
  Solve: 33.8724ms
  SolveCPU: 24.2911ms
 Island solver: 59.7072ms
Step: 381.5998ms
====================================
Loop: 52
  Solve: 34.6469ms
  SolveCPU: 24.5767ms
 Island solver: 60.7856ms
Step: 234.9031ms
====================================
Loop: 53
  Solve: 35.0523ms
  SolveCPU: 24.2630ms
 Island solver: 60.7649ms
Step: 237.1832ms
====================================
Loop: 54
  Solve: 35.9557ms
  SolveCPU: 23.8813ms
 Island solver: 61.6756ms
Step: 231.2427ms
====================================
Loop: 55
  Solve: 37.7338ms
  SolveCPU: 25.2673ms
 Island solver: 64.9152ms
Step: 381.4025ms
====================================
Loop: 56
  Solve: 39.2547ms
  SolveCPU: 26.2735ms
 Island solver: 67.3256ms
Step: 234.7131ms
====================================
Loop: 57
  Solve: 40.2004ms
  SolveCPU: 24.6324ms
 Island solver: 66.6494ms
Step: 238.0518ms
====================================
Loop: 58
  Solve: 40.3910ms
  SolveCPU: 24.8430ms
 Island solver: 67.0742ms
Step: 235.9926ms
====================================
Loop: 59
  Solve: 41.1081ms
  SolveCPU: 24.7021ms
 Island solver: 67.6453ms
Step: 374.1706ms
====================================
Loop: 60
  Solve: 43.1627ms
  SolveCPU: 27.3100ms
 Island solver: 72.4152ms
Step: 247.4044ms
====================================
Loop: 61
  Solve: 42.8573ms
  SolveCPU: 25.1300ms
 Island solver: 69.8755ms
Step: 243.1370ms
====================================
Loop: 62
  Solve: 46.1718ms
  SolveCPU: 27.7652ms
 Island solver: 75.9609ms
Step: 393.9100ms
====================================
Loop: 63
  Solve: 45.6070ms
  SolveCPU: 26.6721ms
 Island solver: 74.0584ms
Step: 250.8085ms
====================================
Loop: 64
  Solve: 46.8402ms
  SolveCPU: 25.6157ms
 Island solver: 74.2898ms
Step: 256.7955ms
====================================
Loop: 65
  Solve: 50.9637ms
  SolveCPU: 26.8486ms
 Island solver: 80.0712ms
Step: 388.2246ms
====================================
Loop: 66
  Solve: 50.6724ms
  SolveCPU: 27.6302ms
 Island solver: 80.4788ms
Step: 272.6989ms
====================================
Loop: 67
  Solve: 51.0979ms
  SolveCPU: 26.3443ms
 Island solver: 79.5625ms
Step: 265.2554ms
====================================
Loop: 68
  Solve: 52.8407ms
  SolveCPU: 26.9628ms
 Island solver: 82.1164ms
Step: 387.2879ms
====================================
Loop: 69
  Solve: 52.9971ms
  SolveCPU: 27.5443ms
 Island solver: 82.7092ms
Step: 278.1245ms
====================================
Loop: 70
  Solve: 55.8912ms
  SolveCPU: 29.6449ms
 Island solver: 87.7207ms
Step: 280.9986ms
====================================
Loop: 71
  Solve: 60.5560ms
  SolveCPU: 28.1164ms
 Island solver: 90.9309ms
Step: 388.4330ms
====================================
Loop: 72
  Solve: 64.1629ms
  SolveCPU: 28.9349ms
 Island solver: 95.4395ms
Step: 286.5852ms
====================================
Loop: 73
  Solve: 69.8389ms
  SolveCPU: 29.6195ms
 Island solver: 101.6770ms
Step: 296.8177ms
====================================
Loop: 74
  Solve: 70.8274ms
  SolveCPU: 28.7239ms
 Island solver: 101.8096ms
Step: 399.6888ms
====================================
Loop: 75
  Solve: 73.2295ms
  SolveCPU: 32.5895ms
 Island solver: 108.0400ms
Step: 316.7585ms
====================================
Loop: 76
  Solve: 79.5485ms
  SolveCPU: 31.2431ms
 Island solver: 113.2573ms
Step: 316.0968ms
====================================
Loop: 77
  Solve: 84.5507ms
  SolveCPU: 30.5473ms
 Island solver: 117.5740ms
Step: 414.9654ms
====================================
Loop: 78
  Solve: 85.8223ms
  SolveCPU: 32.5713ms
 Island solver: 120.9125ms
Step: 327.6471ms
====================================
Loop: 79
  Solve: 90.6902ms
  SolveCPU: 32.1595ms
 Island solver: 125.2005ms
Step: 339.3470ms
====================================
Loop: 80
  Solve: 109.7868ms
  SolveCPU: 34.4804ms
 Island solver: 146.7730ms
Step: 446.4853ms
====================================
Loop: 81
  Solve: 124.5799ms
  SolveCPU: 35.6166ms
 Island solver: 162.8664ms
Step: 382.8672ms
====================================
Loop: 82
  Solve: 130.4386ms
  SolveCPU: 34.7689ms
 Island solver: 167.8964ms
Step: 383.5161ms
====================================
Loop: 83
  Solve: 134.9480ms
  SolveCPU: 35.3624ms
 Island solver: 172.9405ms
Step: 484.5948ms
====================================
Loop: 84
  Solve: 134.4407ms
  SolveCPU: 35.5970ms
 Island solver: 172.7894ms
Step: 403.8412ms
====================================
Loop: 85
  Solve: 138.4637ms
  SolveCPU: 39.7605ms
 Island solver: 181.1571ms
Step: 413.4360ms
====================================
Loop: 86
  Solve: 139.6850ms
  SolveCPU: 37.8656ms
 Island solver: 180.4517ms
Step: 507.2571ms
====================================
Loop: 87
  Solve: 145.6700ms
  SolveCPU: 38.9501ms
 Island solver: 187.5821ms
Step: 429.1073ms
====================================
Loop: 88
  Solve: 148.5969ms
  SolveCPU: 38.3718ms
 Island solver: 190.3887ms
Step: 444.1087ms
====================================
Loop: 89
  Solve: 143.1105ms
  SolveCPU: 37.9196ms
 Island solver: 184.0047ms
Step: 518.9722ms
====================================
Loop: 90
  Solve: 151.1093ms
  SolveCPU: 40.0088ms
 Island solver: 194.1913ms
Step: 457.4654ms
====================================
Loop: 91
  Solve: 150.4447ms
  SolveCPU: 39.8569ms
 Island solver: 194.3667ms
Step: 466.7596ms
====================================
Loop: 92
  Solve: 153.0368ms
  SolveCPU: 41.5672ms
 Island solver: 197.8149ms
Step: 554.3199ms
====================================
Loop: 93
  Solve: 154.6041ms
  SolveCPU: 42.9515ms
 Island solver: 200.6496ms
Step: 480.8596ms
====================================
Loop: 94
  Solve: 163.2935ms
  SolveCPU: 43.6627ms
 Island solver: 211.5501ms
Step: 578.9043ms
====================================
Loop: 95
  Solve: 167.4666ms
  SolveCPU: 44.2360ms
 Island solver: 215.0002ms
Step: 503.2883ms
====================================
Loop: 96
  Solve: 166.8096ms
  SolveCPU: 45.1289ms
 Island solver: 215.0264ms
Step: 570.9145ms
====================================
Loop: 97
  Solve: 175.0675ms
  SolveCPU: 45.7629ms
 Island solver: 224.0919ms
Step: 525.3904ms
====================================
Loop: 98
  Solve: 168.5696ms
  SolveCPU: 52.1138ms
 Island solver: 223.9747ms
Step: 589.6224ms
====================================
Loop: 99
  Solve: 167.8338ms
  SolveCPU: 48.8441ms
 Island solver: 219.9810ms
Step: 543.2590ms
====================================
Loop: 100
  Solve: 171.8128ms
  SolveCPU: 48.4812ms
 Island solver: 223.6149ms
Step: 606.3634ms
====================================
Loop: 101
  Solve: 174.4494ms
  SolveCPU: 49.9464ms
 Island solver: 227.8555ms
Step: 568.1906ms
====================================
Loop: 102
  Solve: 178.2962ms
  SolveCPU: 50.4270ms
 Island solver: 232.3213ms
Step: 626.4932ms
====================================
Loop: 103
  Solve: 180.9910ms
  SolveCPU: 56.8558ms
 Island solver: 241.2718ms
Step: 599.8415ms
====================================
Loop: 104
  Solve: 179.3592ms
  SolveCPU: 53.2630ms
 Island solver: 236.0500ms
Step: 641.8746ms
====================================
Loop: 105
  Solve: 180.4437ms
  SolveCPU: 55.1178ms
 Island solver: 239.1293ms
Step: 610.6404ms
====================================
Loop: 106
  Solve: 183.5194ms
  SolveCPU: 55.4542ms
 Island solver: 242.4841ms
Step: 666.0419ms
====================================
Loop: 107
  Solve: 187.7033ms
  SolveCPU: 59.6730ms
 Island solver: 250.7431ms
Step: 621.6205ms
====================================
Loop: 108
  Solve: 190.1483ms
  SolveCPU: 57.0148ms
 Island solver: 250.7144ms
Step: 683.0471ms
====================================
Loop: 109
  Solve: 190.8112ms
  SolveCPU: 59.4629ms
 Island solver: 253.8835ms
Step: 644.9292ms
====================================
Loop: 110
  Solve: 193.1742ms
  SolveCPU: 58.3067ms
 Island solver: 255.2609ms
Step: 678.3800ms
====================================
Loop: 111
  Solve: 218.4170ms
  SolveCPU: 68.2467ms
 Island solver: 291.5319ms
Step: 710.8524ms
====================================
Loop: 112
  Solve: 201.3314ms
  SolveCPU: 67.8255ms
 Island solver: 272.9727ms
Step: 742.4930ms
====================================
Loop: 113
  Solve: 199.5968ms
  SolveCPU: 62.6626ms
 Island solver: 266.0706ms
Step: 677.6932ms
====================================
Loop: 114
  Solve: 196.7830ms
  SolveCPU: 61.8445ms
 Island solver: 263.6614ms
Step: 708.8357ms
====================================
Loop: 115
  Solve: 197.5877ms
  SolveCPU: 69.3756ms
 Island solver: 270.6990ms
Step: 711.3623ms
====================================
Loop: 116
  Solve: 206.2254ms
  SolveCPU: 64.7014ms
 Island solver: 274.9224ms
Step: 736.0975ms
====================================
Loop: 117
  Solve: 205.1012ms
  SolveCPU: 65.8333ms
 Island solver: 274.7785ms
Step: 717.0290ms
====================================
Loop: 118
  Solve: 204.8436ms
  SolveCPU: 66.8855ms
 Island solver: 275.5361ms
Step: 762.4518ms
====================================
Loop: 119
  Solve: 211.6819ms
  SolveCPU: 72.7536ms
 Island solver: 288.0688ms
Step: 754.8956ms
====================================
Loop: 120
  Solve: 207.8711ms
  SolveCPU: 68.4171ms
 Island solver: 280.0536ms
Step: 766.5719ms
====================================
Loop: 121
  Solve: 213.9049ms
  SolveCPU: 70.4409ms
 Island solver: 288.2272ms
Step: 758.8422ms
====================================
Loop: 122
  Solve: 211.0183ms
  SolveCPU: 70.5008ms
 Island solver: 285.2921ms
Step: 797.3287ms
====================================
Loop: 123
  Solve: 211.0576ms
  SolveCPU: 75.0623ms
 Island solver: 290.2348ms
Step: 804.9130ms
====================================
Loop: 124
  Solve: 217.0774ms
  SolveCPU: 74.9348ms
 Island solver: 296.0658ms
Step: 826.3698ms
====================================
Loop: 125
  Solve: 221.3388ms
  SolveCPU: 75.9264ms
 Island solver: 301.2935ms
Step: 818.8882ms
====================================
Loop: 126
  Solve: 216.8746ms
  SolveCPU: 80.8718ms
 Island solver: 301.6768ms
Step: 836.1572ms
====================================
Loop: 127
  Solve: 215.0660ms
  SolveCPU: 76.4481ms
 Island solver: 295.3988ms
Step: 832.7227ms
====================================
Loop: 128
  Solve: 215.6203ms
  SolveCPU: 78.5412ms
 Island solver: 298.1893ms
Step: 847.4210ms
====================================
Loop: 129
  Solve: 210.2238ms
  SolveCPU: 82.8993ms
 Island solver: 296.9444ms
Step: 848.8925ms
====================================
Loop: 130
  Solve: 210.9592ms
  SolveCPU: 76.9758ms
 Island solver: 291.8665ms
Step: 831.2900ms
====================================
Loop: 131
  Solve: 201.5310ms
  SolveCPU: 76.1997ms
 Island solver: 281.5792ms
Step: 813.5170ms
====================================
Loop: 132
  Solve: 203.6524ms
  SolveCPU: 77.2241ms
 Island solver: 284.6001ms
Step: 788.6381ms
====================================
Loop: 133
  Solve: 199.9553ms
  SolveCPU: 74.7856ms
 Island solver: 278.3848ms
Step: 800.5203ms
====================================
Loop: 134
  Solve: 196.7804ms
  SolveCPU: 74.7758ms
 Island solver: 275.3781ms
Step: 791.3005ms
====================================
Loop: 135
  Solve: 209.4756ms
  SolveCPU: 73.6269ms
 Island solver: 287.0670ms
Step: 791.6571ms
====================================
Loop: 136
  Solve: 196.3047ms
  SolveCPU: 76.6530ms
 Island solver: 276.6892ms
Step: 775.4354ms
====================================
Loop: 137
  Solve: 193.9202ms
  SolveCPU: 74.1765ms
 Island solver: 271.5990ms
Step: 778.2610ms
====================================
Loop: 138
  Solve: 187.0869ms
  SolveCPU: 72.4643ms
 Island solver: 263.0723ms
Step: 769.8342ms
====================================
Loop: 139
  Solve: 195.3682ms
  SolveCPU: 73.4560ms
 Island solver: 272.2600ms
Step: 759.8286ms
====================================
Loop: 140
  Solve: 189.7867ms
  SolveCPU: 71.0483ms
 Island solver: 265.7430ms
Step: 746.0857ms
====================================
Loop: 141
  Solve: 187.0684ms
  SolveCPU: 71.1006ms
 Island solver: 261.8253ms
Step: 746.3272ms
====================================
Loop: 142
  Solve: 193.7117ms
  SolveCPU: 71.9017ms
 Island solver: 268.9782ms
Step: 764.9636ms
====================================
Loop: 143
  Solve: 188.5565ms
  SolveCPU: 72.7091ms
 Island solver: 264.8737ms
Step: 746.5281ms
====================================
Loop: 144
  Solve: 184.1373ms
  SolveCPU: 71.5854ms
 Island solver: 259.9884ms
Step: 734.1873ms
====================================
Loop: 145
  Solve: 184.3626ms
  SolveCPU: 70.7965ms
 Island solver: 258.4857ms
Step: 738.7913ms
====================================
Loop: 146
  Solve: 182.3166ms
  SolveCPU: 70.7749ms
 Island solver: 256.4238ms
Step: 730.8679ms
====================================
Loop: 147
  Solve: 178.6660ms
  SolveCPU: 75.3841ms
 Island solver: 257.5661ms
Step: 727.6148ms
====================================
Loop: 148
  Solve: 182.2712ms
  SolveCPU: 70.0575ms
 Island solver: 255.8419ms
Step: 722.8629ms
====================================
Loop: 149
  Solve: 180.3709ms
  SolveCPU: 68.7434ms
 Island solver: 252.3963ms
Step: 727.4584ms
====================================
Loop: 150
  Solve: 181.1640ms
  SolveCPU: 70.8359ms
 Island solver: 255.4173ms
Step: 733.1636ms
====================================
Loop: 151
  Solve: 174.8235ms
  SolveCPU: 71.6041ms
 Island solver: 249.6203ms
Step: 711.4210ms
====================================
Loop: 152
  Solve: 171.2098ms
  SolveCPU: 75.3427ms
 Island solver: 249.8164ms
Step: 715.8903ms
====================================
Loop: 153
  Solve: 168.9520ms
  SolveCPU: 69.0583ms
 Island solver: 241.2562ms
Step: 719.2545ms
====================================
Loop: 154
  Solve: 174.4404ms
  SolveCPU: 69.9784ms
 Island solver: 247.9794ms
Step: 714.5086ms
====================================
Loop: 155
  Solve: 162.9622ms
  SolveCPU: 70.4560ms
 Island solver: 236.7191ms
Step: 692.2004ms
====================================
Loop: 156
  Solve: 165.8982ms
  SolveCPU: 69.3055ms
 Island solver: 238.3331ms
Step: 701.6816ms
====================================
Loop: 157
  Solve: 158.1727ms
  SolveCPU: 71.3485ms
 Island solver: 232.9371ms
Step: 698.2609ms
====================================
Loop: 158
  Solve: 163.3000ms
  SolveCPU: 68.4894ms
 Island solver: 235.2334ms
Step: 698.2015ms
====================================
Loop: 159
  Solve: 157.5713ms
  SolveCPU: 67.5237ms
 Island solver: 228.3132ms
Step: 680.5313ms
====================================
Loop: 160
  Solve: 160.7098ms
  SolveCPU: 69.0197ms
 Island solver: 232.9945ms
Step: 694.1028ms
====================================
Loop: 161
  Solve: 155.7133ms
  SolveCPU: 68.4633ms
 Island solver: 227.9318ms
Step: 681.9752ms
====================================
Loop: 162
  Solve: 160.2455ms
  SolveCPU: 68.6171ms
 Island solver: 231.9544ms
Step: 672.5101ms
====================================
Loop: 163
  Solve: 149.2963ms
  SolveCPU: 67.6724ms
 Island solver: 220.2878ms
Step: 677.9854ms
====================================
Loop: 164
  Solve: 154.6825ms
  SolveCPU: 66.6252ms
 Island solver: 224.6591ms
Step: 678.3622ms
====================================
Loop: 165
  Solve: 146.7421ms
  SolveCPU: 72.5931ms
 Island solver: 222.6159ms
Step: 671.4286ms
====================================
Loop: 166
  Solve: 146.2417ms
  SolveCPU: 67.2399ms
 Island solver: 216.7626ms
Step: 669.8791ms
====================================
Loop: 167
  Solve: 151.4155ms
  SolveCPU: 69.8517ms
 Island solver: 224.5401ms
Step: 675.5799ms
====================================
Loop: 168
  Solve: 137.2149ms
  SolveCPU: 70.6640ms
 Island solver: 210.8746ms
Step: 657.5787ms
====================================
Loop: 169
  Solve: 143.4856ms
  SolveCPU: 67.2169ms
 Island solver: 213.9653ms
Step: 668.9427ms
====================================
Loop: 170
  Solve: 149.1497ms
  SolveCPU: 69.7903ms
 Island solver: 222.1959ms
Step: 674.1722ms
====================================
Loop: 171
  Solve: 139.8855ms
  SolveCPU: 71.2541ms
 Island solver: 214.2020ms
Step: 658.4082ms
====================================
Loop: 172
  Solve: 149.9933ms
  SolveCPU: 66.7449ms
 Island solver: 219.8411ms
Step: 673.4970ms
====================================
Loop: 173
  Solve: 147.5941ms
  SolveCPU: 70.5871ms
 Island solver: 221.3648ms
Step: 665.1756ms
====================================
Loop: 174
  Solve: 143.3698ms
  SolveCPU: 70.2825ms
 Island solver: 216.6280ms
Step: 664.3832ms
====================================
Loop: 175
  Solve: 150.5886ms
  SolveCPU: 66.2979ms
 Island solver: 220.1175ms
Step: 669.9944ms
====================================
Loop: 176
  Solve: 149.1331ms
  SolveCPU: 70.7222ms
 Island solver: 223.0776ms
Step: 673.5209ms
====================================
Loop: 177
  Solve: 144.9206ms
  SolveCPU: 68.4539ms
 Island solver: 216.4902ms
Step: 665.8902ms
====================================
Loop: 178
  Solve: 146.4813ms
  SolveCPU: 66.5506ms
 Island solver: 216.2275ms
Step: 664.6201ms
====================================
Loop: 179
  Solve: 147.9552ms
  SolveCPU: 70.2250ms
 Island solver: 221.2562ms
Step: 670.8996ms
====================================
Loop: 180
  Solve: 144.2031ms
  SolveCPU: 68.5788ms
 Island solver: 215.8837ms
Step: 660.0820ms
====================================
Loop: 181
  Solve: 135.4991ms
  SolveCPU: 65.4020ms
 Island solver: 203.8679ms
Step: 650.9653ms
====================================
Loop: 182
  Solve: 146.1267ms
  SolveCPU: 64.4333ms
 Island solver: 213.6375ms
Step: 657.4371ms
====================================
Loop: 183
  Solve: 138.5029ms
  SolveCPU: 64.1437ms
 Island solver: 205.9241ms
Step: 644.0269ms
====================================
Loop: 184
  Solve: 140.4912ms
  SolveCPU: 66.0537ms
 Island solver: 209.6069ms
Step: 656.7263ms
====================================
Loop: 185
  Solve: 139.3046ms
  SolveCPU: 65.2260ms
 Island solver: 207.4871ms
Step: 662.9372ms
====================================
Loop: 186
  Solve: 137.1600ms
  SolveCPU: 65.0104ms
 Island solver: 205.2556ms
Step: 649.0010ms
====================================
Loop: 187
  Solve: 133.1405ms
  SolveCPU: 65.7614ms
 Island solver: 201.7555ms
Step: 649.5242ms
====================================
Loop: 188
  Solve: 132.0963ms
  SolveCPU: 65.2472ms
 Island solver: 200.2913ms
Step: 648.6376ms
====================================
Loop: 189
  Solve: 131.3293ms
  SolveCPU: 64.4656ms
 Island solver: 198.8172ms
Step: 648.3615ms
====================================
Loop: 190
  Solve: 139.4796ms
  SolveCPU: 70.8746ms
 Island solver: 213.2175ms
Step: 656.3536ms
====================================
Loop: 191
  Solve: 130.3072ms
  SolveCPU: 64.2553ms
 Island solver: 197.6321ms
Step: 646.4595ms
====================================
Loop: 192
  Solve: 129.3775ms
  SolveCPU: 64.9918ms
 Island solver: 197.4030ms
Step: 651.9742ms
====================================
Loop: 193
  Solve: 132.6589ms
  SolveCPU: 63.2201ms
 Island solver: 198.6910ms
Step: 634.7452ms
====================================
Loop: 194
  Solve: 130.0952ms
  SolveCPU: 67.8770ms
 Island solver: 201.2128ms
Step: 649.1306ms
====================================
Loop: 195
  Solve: 129.5956ms
  SolveCPU: 64.4636ms
 Island solver: 197.2687ms
Step: 654.3054ms
====================================
Loop: 196
  Solve: 123.5448ms
  SolveCPU: 66.7272ms
 Island solver: 193.3375ms
Step: 648.4297ms
====================================
Loop: 197
  Solve: 129.6114ms
  SolveCPU: 66.5576ms
 Island solver: 198.9909ms
Step: 653.6446ms
====================================
Loop: 198
  Solve: 122.8420ms
  SolveCPU: 63.1847ms
 Island solver: 188.9678ms
Step: 639.9742ms
====================================
Loop: 199
  Solve: 125.4005ms
  SolveCPU: 70.1697ms
 Island solver: 198.7909ms
Step: 650.6276ms
====================================
Loop: 200
  Solve: 127.7751ms
  SolveCPU: 67.3723ms
 Island solver: 198.0258ms
Step: 644.2706ms
====================================
Loop: 201
  Solve: 122.6821ms
  SolveCPU: 63.4849ms
 Island solver: 189.0870ms
Step: 641.8054ms
====================================
Loop: 202
  Solve: 123.3779ms
  SolveCPU: 63.0324ms
 Island solver: 189.2823ms
Step: 642.0311ms
====================================
Loop: 203
  Solve: 126.6096ms
  SolveCPU: 63.1455ms
 Island solver: 192.5902ms
Step: 630.3517ms
====================================
Loop: 204
  Solve: 127.1537ms
  SolveCPU: 67.6916ms
 Island solver: 197.7648ms
Step: 660.0140ms
====================================
Loop: 205
  Solve: 122.3378ms
  SolveCPU: 65.0785ms
 Island solver: 190.3520ms
Step: 647.0582ms
====================================
Loop: 206
  Solve: 124.5266ms
  SolveCPU: 63.7837ms
 Island solver: 192.2339ms
Step: 656.0384ms
====================================
Loop: 207
  Solve: 118.8432ms
  SolveCPU: 69.3508ms
 Island solver: 191.3489ms
Step: 650.3154ms
====================================
Loop: 208
  Solve: 120.3978ms
  SolveCPU: 64.2641ms
 Island solver: 187.5523ms
Step: 645.2377ms
====================================
Loop: 209
  Solve: 122.2190ms
  SolveCPU: 62.2300ms
 Island solver: 187.3116ms
Step: 635.0344ms
====================================
Loop: 210
  Solve: 118.5950ms
  SolveCPU: 66.1646ms
 Island solver: 187.7705ms
Step: 658.3297ms
====================================
Loop: 211
  Solve: 119.1444ms
  SolveCPU: 63.2574ms
 Island solver: 185.3014ms
Step: 656.4125ms
====================================
Loop: 212
  Solve: 116.2434ms
  SolveCPU: 63.1041ms
 Island solver: 182.2787ms
Step: 652.9988ms
====================================
Loop: 213
  Solve: 115.3125ms
  SolveCPU: 64.7932ms
 Island solver: 183.0212ms
Step: 659.2704ms
====================================
Loop: 214
  Solve: 117.0021ms
  SolveCPU: 65.6850ms
 Island solver: 185.5747ms
Step: 661.7146ms
====================================
Loop: 215
  Solve: 114.0166ms
  SolveCPU: 63.0681ms
 Island solver: 180.1201ms
Step: 655.1639ms
====================================
Loop: 216
  Solve: 116.3893ms
  SolveCPU: 65.2978ms
 Island solver: 185.5143ms
Step: 670.1942ms
====================================
Loop: 217
  Solve: 124.6167ms
  SolveCPU: 69.5049ms
 Island solver: 197.0561ms
Step: 669.7194ms
====================================
Loop: 218
  Solve: 114.7426ms
  SolveCPU: 62.6524ms
 Island solver: 180.4022ms
Step: 654.1900ms
====================================
Loop: 219
  Solve: 115.8766ms
  SolveCPU: 66.2174ms
 Island solver: 185.1279ms
Step: 657.3631ms
====================================
Loop: 220
  Solve: 110.0535ms
  SolveCPU: 69.5289ms
 Island solver: 182.5552ms
Step: 652.5941ms
====================================
Loop: 221
  Solve: 113.2406ms
  SolveCPU: 61.9638ms
 Island solver: 178.2000ms
Step: 660.3007ms
====================================
Loop: 222
  Solve: 119.4844ms
  SolveCPU: 68.9794ms
 Island solver: 191.4079ms
Step: 668.6589ms
====================================
Loop: 223
  Solve: 112.6284ms
  SolveCPU: 65.4390ms
 Island solver: 181.0585ms
Step: 658.9824ms
====================================
Loop: 224
  Solve: 111.7240ms
  SolveCPU: 61.7303ms
 Island solver: 176.1420ms
Step: 662.7833ms
====================================
Loop: 225
  Solve: 109.7308ms
  SolveCPU: 70.0047ms
 Island solver: 182.6763ms
Step: 667.1287ms
====================================
Loop: 226
  Solve: 114.7374ms
  SolveCPU: 61.7548ms
 Island solver: 179.5104ms
Step: 661.8343ms
====================================
Loop: 227
  Solve: 113.2399ms
  SolveCPU: 62.0037ms
 Island solver: 178.1721ms
Step: 662.5644ms
====================================
Loop: 228
  Solve: 115.8228ms
  SolveCPU: 63.7995ms
 Island solver: 182.4961ms
Step: 678.3644ms
====================================
Loop: 229
  Solve: 113.8949ms
  SolveCPU: 61.7572ms
 Island solver: 178.5403ms
Step: 662.4518ms
====================================
Loop: 230
  Solve: 109.6523ms
  SolveCPU: 62.0259ms
 Island solver: 174.6032ms
Step: 653.5864ms
====================================
Loop: 231
  Solve: 107.4028ms
  SolveCPU: 68.0696ms
 Island solver: 178.3620ms
Step: 666.4421ms
====================================
Loop: 232
  Solve: 108.4667ms
  SolveCPU: 62.9714ms
 Island solver: 174.3199ms
Step: 655.9102ms
====================================
Loop: 233
  Solve: 108.3916ms
  SolveCPU: 61.8080ms
 Island solver: 173.0144ms
Step: 656.3633ms
====================================
Loop: 234
  Solve: 110.5732ms
  SolveCPU: 60.2543ms
 Island solver: 173.4821ms
Step: 661.8441ms
====================================
Loop: 235
  Solve: 110.6503ms
  SolveCPU: 62.0648ms
 Island solver: 175.6616ms
Step: 652.5697ms
====================================
Loop: 236
  Solve: 104.8543ms
  SolveCPU: 61.4299ms
 Island solver: 169.1737ms
Step: 649.4370ms
====================================
Loop: 237
  Solve: 104.5776ms
  SolveCPU: 60.5062ms
 Island solver: 168.0736ms
Step: 644.9957ms
====================================
Loop: 238
  Solve: 103.0741ms
  SolveCPU: 59.4006ms
 Island solver: 165.1555ms
Step: 639.1666ms
====================================
Loop: 239
  Solve: 105.9296ms
  SolveCPU: 64.1019ms
 Island solver: 172.9599ms
Step: 648.6794ms
====================================
Loop: 240
  Solve: 103.4589ms
  SolveCPU: 61.0570ms
 Island solver: 167.2388ms
Step: 647.3480ms
====================================
Loop: 241
  Solve: 101.9812ms
  SolveCPU: 60.0324ms
 Island solver: 164.8937ms
Step: 649.7274ms
====================================
Loop: 242
  Solve: 101.7988ms
  SolveCPU: 61.8308ms
 Island solver: 166.4223ms
Step: 650.1003ms
====================================
Loop: 243
  Solve: 97.6943ms
  SolveCPU: 63.7972ms
 Island solver: 164.3009ms
Step: 645.0568ms
====================================
Loop: 244
  Solve: 99.2696ms
  SolveCPU: 60.1443ms
 Island solver: 162.3872ms
Step: 645.8316ms
====================================
Loop: 245
  Solve: 101.3866ms
  SolveCPU: 59.9642ms
 Island solver: 164.1422ms
Step: 644.6650ms
====================================
Loop: 246
  Solve: 98.5704ms
  SolveCPU: 66.6474ms
 Island solver: 168.0020ms
Step: 646.0153ms
====================================
Loop: 247
  Solve: 100.6580ms
  SolveCPU: 59.4643ms
 Island solver: 162.9583ms
Step: 642.5745ms
====================================
Loop: 248
  Solve: 99.5328ms
  SolveCPU: 66.3562ms
 Island solver: 168.6696ms
Step: 653.5771ms
====================================
Loop: 249
  Solve: 100.6912ms
  SolveCPU: 61.3971ms
 Island solver: 164.8183ms
Step: 639.3002ms
====================================
Loop: 250
  Solve: 98.9434ms
  SolveCPU: 59.6774ms
 Island solver: 161.4549ms
Step: 641.6927ms
====================================
Loop: 251
  Solve: 104.3607ms
  SolveCPU: 58.1585ms
 Island solver: 165.2556ms
Step: 646.1719ms
====================================
Loop: 252
  Solve: 101.1188ms
  SolveCPU: 59.4422ms
 Island solver: 163.4603ms
Step: 663.2823ms
====================================
Loop: 253
  Solve: 100.7888ms
  SolveCPU: 64.2221ms
 Island solver: 167.9032ms
Step: 654.9214ms
====================================
Loop: 254
  Solve: 99.8405ms
  SolveCPU: 59.2037ms
 Island solver: 161.7706ms
Step: 644.1817ms
====================================
Loop: 255
  Solve: 99.4817ms
  SolveCPU: 56.3794ms
 Island solver: 158.5322ms
Step: 637.0870ms
====================================
Loop: 256
  Solve: 100.7655ms
  SolveCPU: 58.8559ms
 Island solver: 162.3565ms
Step: 648.4523ms
====================================
Loop: 257
  Solve: 98.3831ms
  SolveCPU: 60.1746ms
 Island solver: 161.4210ms
Step: 651.3985ms
====================================
Loop: 258
  Solve: 97.6298ms
  SolveCPU: 58.2698ms
 Island solver: 158.6208ms
Step: 648.7869ms
====================================
Loop: 259
  Solve: 97.9817ms
  SolveCPU: 60.5796ms
 Island solver: 161.4941ms
Step: 647.6664ms
====================================
Loop: 260
  Solve: 99.3704ms
  SolveCPU: 60.7192ms
 Island solver: 162.8816ms
Step: 658.6558ms
====================================
Loop: 261
  Solve: 98.5705ms
  SolveCPU: 58.4930ms
 Island solver: 159.7959ms
Step: 640.0678ms
====================================
Loop: 262
  Solve: 94.8149ms
  SolveCPU: 58.1504ms
 Island solver: 155.6779ms
Step: 645.4493ms
====================================
Loop: 263
  Solve: 101.0933ms
  SolveCPU: 61.1719ms
 Island solver: 165.0524ms
Step: 652.3459ms
====================================
Loop: 264
  Solve: 95.1282ms
  SolveCPU: 56.6527ms
 Island solver: 154.5454ms
Step: 631.7202ms
====================================
Loop: 265
  Solve: 94.4883ms
  SolveCPU: 64.6800ms
 Island solver: 162.0318ms
Step: 657.2344ms
====================================
Loop: 266
  Solve: 96.5256ms
  SolveCPU: 59.5397ms
 Island solver: 158.9573ms
Step: 639.7346ms
====================================
Loop: 267
  Solve: 94.1868ms
  SolveCPU: 58.3594ms
 Island solver: 155.3395ms
Step: 649.2549ms
====================================
Loop: 268
  Solve: 95.6610ms
  SolveCPU: 57.3220ms
 Island solver: 155.7712ms
Step: 648.3461ms
====================================
Loop: 269
  Solve: 94.9895ms
  SolveCPU: 57.1809ms
 Island solver: 154.9079ms
Step: 651.9850ms
====================================
Loop: 270
  Solve: 97.0586ms
  SolveCPU: 63.0383ms
 Island solver: 162.8471ms
Step: 657.9655ms
====================================
Loop: 271
  Solve: 92.4103ms
  SolveCPU: 56.9314ms
 Island solver: 152.2274ms
Step: 645.2297ms
====================================
Loop: 272
  Solve: 94.3716ms
  SolveCPU: 60.4393ms
 Island solver: 157.5686ms
Step: 648.6895ms
====================================
Loop: 273
  Solve: 93.6078ms
  SolveCPU: 57.3112ms
 Island solver: 153.7539ms
Step: 650.2553ms
====================================
Loop: 274
  Solve: 94.5435ms
  SolveCPU: 59.2304ms
 Island solver: 156.4556ms
Step: 647.5533ms
====================================
Loop: 275
  Solve: 91.6157ms
  SolveCPU: 55.4947ms
 Island solver: 149.7612ms
Step: 637.5441ms
====================================
Loop: 276
  Solve: 92.2162ms
  SolveCPU: 56.2591ms
 Island solver: 151.1317ms
Step: 629.1282ms
====================================
Loop: 277
  Solve: 95.4854ms
  SolveCPU: 62.8058ms
 Island solver: 160.9476ms
Step: 644.8024ms
====================================
Loop: 278
  Solve: 92.4311ms
  SolveCPU: 56.6809ms
 Island solver: 151.9702ms
Step: 643.9920ms
====================================
Loop: 279
  Solve: 93.5860ms
  SolveCPU: 57.2143ms
 Island solver: 153.4585ms
Step: 645.5419ms
====================================
Loop: 280
  Solve: 93.8318ms
  SolveCPU: 58.9413ms
 Island solver: 155.4644ms
Step: 646.3678ms
====================================
Loop: 281
  Solve: 95.5344ms
  SolveCPU: 56.8647ms
 Island solver: 155.0355ms
Step: 637.1378ms
====================================
Loop: 282
  Solve: 96.2590ms
  SolveCPU: 63.0111ms
 Island solver: 161.9794ms
Step: 658.5894ms
====================================
Loop: 283
  Solve: 93.7790ms
  SolveCPU: 57.7127ms
 Island solver: 154.2249ms
Step: 653.2247ms
====================================
Loop: 284
  Solve: 92.9257ms
  SolveCPU: 62.4919ms
 Island solver: 158.0465ms
Step: 638.2901ms
====================================
Loop: 285
  Solve: 91.9097ms
  SolveCPU: 56.6113ms
 Island solver: 151.2299ms
Step: 636.7333ms
====================================
Loop: 286
  Solve: 90.5503ms
  SolveCPU: 56.2310ms
 Island solver: 149.5403ms
Step: 636.5076ms
====================================
Loop: 287
  Solve: 94.5369ms
  SolveCPU: 59.8316ms
 Island solver: 156.9309ms
Step: 640.2150ms
====================================
Loop: 288
  Solve: 91.9651ms
  SolveCPU: 58.7582ms
 Island solver: 153.3614ms
Step: 638.9380ms
====================================
Loop: 289
  Solve: 90.0405ms
  SolveCPU: 57.3747ms
 Island solver: 150.2373ms
Step: 654.1567ms
====================================
Loop: 290
  Solve: 92.1405ms
  SolveCPU: 56.0181ms
 Island solver: 151.0607ms
Step: 651.9025ms
====================================
Loop: 291
  Solve: 93.9564ms
  SolveCPU: 63.6710ms
 Island solver: 160.2030ms
Step: 661.1130ms
====================================
Loop: 292
  Solve: 91.8879ms
  SolveCPU: 56.2400ms
 Island solver: 151.0003ms
Step: 647.8564ms
====================================
Loop: 293
  Solve: 94.8387ms
  SolveCPU: 57.5556ms
 Island solver: 155.3579ms
Step: 666.1631ms
====================================
Loop: 294
  Solve: 94.2468ms
  SolveCPU: 62.7671ms
 Island solver: 159.9405ms
Step: 659.1594ms
====================================
Loop: 295
  Solve: 90.9661ms
  SolveCPU: 56.0561ms
 Island solver: 149.6305ms
Step: 665.1269ms
====================================
Loop: 296
  Solve: 93.6971ms
  SolveCPU: 56.7534ms
 Island solver: 153.1407ms
Step: 670.1956ms
====================================
Loop: 297
  Solve: 93.6710ms
  SolveCPU: 63.6692ms
 Island solver: 160.6118ms
Step: 684.9999ms
====================================
Loop: 298
  Solve: 92.9443ms
  SolveCPU: 57.3266ms
 Island solver: 153.1449ms
Step: 672.6375ms
====================================
Loop: 299
  Solve: 95.0633ms
  SolveCPU: 58.0930ms
 Island solver: 155.8439ms
Step: 685.7141ms
====================================
Loop: 300
  Solve: 96.6049ms
  SolveCPU: 65.5700ms
 Island solver: 164.8455ms
Step: 686.8640ms
====================================
Loop: 301
  Solve: 96.7600ms
  SolveCPU: 57.2069ms
 Island solver: 156.9505ms
Step: 685.0725ms
====================================
Loop: 302
  Solve: 95.1783ms
  SolveCPU: 60.6782ms
 Island solver: 158.8861ms
Step: 685.5558ms
====================================
Loop: 303
  Solve: 95.3859ms
  SolveCPU: 61.6621ms
 Island solver: 159.9722ms
Step: 683.2150ms
====================================
Loop: 304
  Solve: 96.6984ms
  SolveCPU: 57.6667ms
 Island solver: 157.2985ms
Step: 681.9977ms
====================================
Loop: 305
  Solve: 96.4821ms
  SolveCPU: 57.9217ms
 Island solver: 157.2643ms
Step: 683.2633ms
====================================
Loop: 306
  Solve: 97.0607ms
  SolveCPU: 59.9474ms
 Island solver: 159.8834ms
Step: 679.7283ms
====================================
Loop: 307
  Solve: 95.7879ms
  SolveCPU: 58.3303ms
 Island solver: 157.0246ms
Step: 686.0308ms
====================================
Loop: 308
  Solve: 96.9108ms
  SolveCPU: 64.7609ms
 Island solver: 164.4914ms
Step: 680.5547ms
====================================
Loop: 309
  Solve: 94.2802ms
  SolveCPU: 65.6639ms
 Island solver: 162.8467ms
Step: 690.0518ms
====================================
Loop: 310
  Solve: 98.0930ms
  SolveCPU: 59.7329ms
 Island solver: 161.4315ms
Step: 681.8475ms
====================================
Loop: 311
  Solve: 97.2384ms
  SolveCPU: 59.9761ms
 Island solver: 160.2226ms
Step: 694.9034ms
====================================
Loop: 312
  Solve: 97.2576ms
  SolveCPU: 58.5478ms
 Island solver: 158.5936ms
Step: 703.8306ms
====================================
Loop: 313
  Solve: 99.9431ms
  SolveCPU: 60.9089ms
 Island solver: 163.6347ms
Step: 685.5811ms
====================================
Loop: 314
  Solve: 97.3601ms
  SolveCPU: 60.3640ms
 Island solver: 160.6475ms
Step: 690.8179ms
====================================
Loop: 315
  Solve: 99.7086ms
  SolveCPU: 59.2506ms
 Island solver: 161.8291ms
Step: 699.1492ms
====================================
Loop: 316
  Solve: 99.8555ms
  SolveCPU: 70.4035ms
 Island solver: 173.2417ms
Step: 705.0844ms
====================================
Loop: 317
  Solve: 96.1474ms
  SolveCPU: 58.4413ms
 Island solver: 157.5723ms
Step: 697.7687ms
====================================
Loop: 318
  Solve: 98.9021ms
  SolveCPU: 62.4213ms
 Island solver: 164.0690ms
Step: 696.7934ms
====================================
Loop: 319
  Solve: 98.6785ms
  SolveCPU: 69.0062ms
 Island solver: 170.6580ms
Step: 702.8500ms
====================================
Loop: 320
  Solve: 96.9672ms
  SolveCPU: 59.0800ms
 Island solver: 158.8469ms
Step: 691.6909ms
====================================
Loop: 321
  Solve: 100.0235ms
  SolveCPU: 67.1688ms
 Island solver: 170.0334ms
Step: 706.9802ms
====================================
Loop: 322
  Solve: 99.8028ms
  SolveCPU: 61.4904ms
 Island solver: 164.2713ms
Step: 711.8967ms
====================================
Loop: 323
  Solve: 99.1049ms
  SolveCPU: 61.9753ms
 Island solver: 164.1434ms
Step: 693.0492ms
====================================
Loop: 324
  Solve: 100.2577ms
  SolveCPU: 59.8565ms
 Island solver: 162.9277ms
Step: 696.3664ms
====================================
Loop: 325
  Solve: 101.3288ms
  SolveCPU: 60.5770ms
 Island solver: 164.8199ms
Step: 716.4330ms
====================================
Loop: 326
  Solve: 101.2411ms
  SolveCPU: 70.0034ms
 Island solver: 175.6705ms
Step: 705.2933ms
====================================
Loop: 327
  Solve: 98.7453ms
  SolveCPU: 59.9337ms
 Island solver: 161.5488ms
Step: 711.8565ms
====================================
Loop: 328
  Solve: 101.8984ms
  SolveCPU: 60.8762ms
 Island solver: 165.6636ms
Step: 716.5453ms
====================================
Loop: 329
  Solve: 103.0564ms
  SolveCPU: 70.5594ms
 Island solver: 176.6341ms
Step: 726.5344ms
====================================
Loop: 330
  Solve: 101.1770ms
  SolveCPU: 63.7495ms
 Island solver: 167.9680ms
Step: 716.3501ms
====================================
Loop: 331
  Solve: 98.7931ms
  SolveCPU: 62.0751ms
 Island solver: 163.8156ms
Step: 712.4651ms
====================================
Loop: 332
  Solve: 102.3470ms
  SolveCPU: 61.9915ms
 Island solver: 167.2067ms
Step: 724.5182ms
====================================
Loop: 333
  Solve: 105.2264ms
  SolveCPU: 68.7929ms
 Island solver: 177.1214ms
Step: 737.3974ms
====================================
Loop: 334
  Solve: 101.4747ms
  SolveCPU: 62.2327ms
 Island solver: 166.6232ms
Step: 731.0087ms
====================================
Loop: 335
  Solve: 101.4389ms
  SolveCPU: 68.5575ms
 Island solver: 172.9531ms
Step: 737.1840ms
====================================
Loop: 336
  Solve: 104.4312ms
  SolveCPU: 64.1020ms
 Island solver: 171.4420ms
Step: 748.2139ms
====================================
Loop: 337
  Solve: 108.1679ms
  SolveCPU: 73.2626ms
 Island solver: 184.4318ms
Step: 750.5287ms
====================================
Loop: 338
  Solve: 104.0614ms
  SolveCPU: 63.6262ms
 Island solver: 171.0017ms
Step: 752.7117ms
====================================
Loop: 339
  Solve: 106.3720ms
  SolveCPU: 72.9003ms
 Island solver: 182.2195ms
Step: 755.7775ms
====================================
Loop: 340
  Solve: 107.6449ms
  SolveCPU: 66.6271ms
 Island solver: 177.4552ms
Step: 769.5594ms
====================================
Loop: 341
  Solve: 110.5149ms
  SolveCPU: 72.4003ms
 Island solver: 185.9146ms
Step: 777.7528ms
====================================
Loop: 342
  Solve: 106.7951ms
  SolveCPU: 65.2308ms
 Island solver: 175.2784ms
Step: 771.3547ms
====================================
Loop: 343
  Solve: 108.6532ms
  SolveCPU: 64.7872ms
 Island solver: 176.5177ms
Step: 773.5930ms
====================================
Loop: 344
  Solve: 111.7963ms
  SolveCPU: 67.7135ms
 Island solver: 182.5954ms
Step: 783.1511ms
====================================
Loop: 345
  Solve: 111.9346ms
  SolveCPU: 76.0523ms
 Island solver: 191.0503ms
Step: 808.0185ms
====================================
Loop: 346
  Solve: 117.7457ms
  SolveCPU: 66.9854ms
 Island solver: 187.8401ms
Step: 794.3347ms
====================================
Loop: 347
  Solve: 111.5716ms
  SolveCPU: 66.7679ms
 Island solver: 181.2947ms
Step: 806.9003ms
====================================
Loop: 348
  Solve: 112.5017ms
  SolveCPU: 67.7836ms
 Island solver: 183.3465ms
Step: 792.9525ms
====================================
Loop: 349
  Solve: 121.0919ms
  SolveCPU: 75.3502ms
 Island solver: 200.6459ms
Step: 831.9966ms
====================================
Loop: 350
  Solve: 113.7635ms
  SolveCPU: 68.0853ms
 Island solver: 184.9141ms
Step: 803.7344ms
====================================
Loop: 351
  Solve: 112.8161ms
  SolveCPU: 80.3296ms
 Island solver: 196.2652ms
Step: 809.3101ms
====================================
Loop: 352
  Solve: 113.3826ms
  SolveCPU: 68.9306ms
 Island solver: 185.4842ms
Step: 825.4653ms
====================================
Loop: 353
  Solve: 113.7226ms
  SolveCPU: 68.7350ms
 Island solver: 185.5684ms
Step: 810.4102ms
====================================
Loop: 354
  Solve: 116.2900ms
  SolveCPU: 75.2528ms
 Island solver: 194.7616ms
Step: 838.8572ms
====================================
Loop: 355
  Solve: 117.0406ms
  SolveCPU: 71.1739ms
 Island solver: 191.4527ms
Step: 836.5109ms
====================================
Loop: 356
  Solve: 115.0954ms
  SolveCPU: 81.9044ms
 Island solver: 200.3180ms
Step: 828.8969ms
====================================
Loop: 357
  Solve: 116.5058ms
  SolveCPU: 74.1046ms
 Island solver: 194.4350ms
Step: 830.5379ms
====================================
Loop: 358
  Solve: 114.5923ms
  SolveCPU: 71.7236ms
 Island solver: 189.4617ms
Step: 827.2642ms
====================================
Loop: 359
  Solve: 115.9475ms
  SolveCPU: 69.9615ms
 Island solver: 189.0019ms
Step: 813.3542ms
====================================
Loop: 360
  Solve: 114.8980ms
  SolveCPU: 71.9487ms
 Island solver: 189.9572ms
Step: 819.4348ms
====================================
Loop: 361
  Solve: 114.4071ms
  SolveCPU: 71.7131ms
 Island solver: 189.3955ms
Step: 830.6146ms
====================================
Loop: 362
  Solve: 114.3142ms
  SolveCPU: 78.3506ms
 Island solver: 195.7795ms
Step: 820.3939ms
====================================
Loop: 363
  Solve: 114.5519ms
  SolveCPU: 73.4647ms
 Island solver: 191.0493ms
Step: 822.5234ms
====================================
Loop: 364
  Solve: 114.6053ms
  SolveCPU: 72.1281ms
 Island solver: 189.8936ms
Step: 833.8696ms
====================================
Loop: 365
  Solve: 116.7475ms
  SolveCPU: 74.1747ms
 Island solver: 194.1252ms
Step: 853.3868ms
====================================
Loop: 366
  Solve: 118.6030ms
  SolveCPU: 77.0937ms
 Island solver: 198.9974ms
Step: 856.4066ms
====================================
Loop: 367
  Solve: 117.8492ms
  SolveCPU: 74.0733ms
 Island solver: 195.3277ms
Step: 844.2929ms
====================================
Loop: 368
  Solve: 116.4788ms
  SolveCPU: 83.1667ms
 Island solver: 202.9192ms
Step: 839.8341ms
====================================
Loop: 369
  Solve: 121.1416ms
  SolveCPU: 73.8059ms
 Island solver: 198.1207ms
Step: 838.7762ms
====================================
Loop: 370
  Solve: 116.4809ms
  SolveCPU: 72.9778ms
 Island solver: 192.5009ms
Step: 851.2504ms
====================================
Loop: 371
  Solve: 117.6222ms
  SolveCPU: 80.7992ms
 Island solver: 201.6713ms
Step: 851.5245ms
====================================
Loop: 372
  Solve: 116.6845ms
  SolveCPU: 82.1425ms
 Island solver: 202.0323ms
Step: 846.4894ms
====================================
Loop: 373
  Solve: 118.3221ms
  SolveCPU: 73.0742ms
 Island solver: 194.7994ms
Step: 840.0067ms
====================================
Loop: 374
  Solve: 116.3682ms
  SolveCPU: 74.2852ms
 Island solver: 193.6839ms
Step: 823.6466ms
====================================
Loop: 375
  Solve: 117.8982ms
  SolveCPU: 81.8452ms
 Island solver: 202.8115ms
Step: 827.4908ms
====================================
Loop: 376
  Solve: 118.9232ms
  SolveCPU: 72.8774ms
 Island solver: 194.9252ms
Step: 848.2221ms
====================================
Loop: 377
  Solve: 118.0725ms
  SolveCPU: 74.5011ms
 Island solver: 195.6801ms
Step: 844.2102ms
====================================
Loop: 378
  Solve: 117.7547ms
  SolveCPU: 83.6586ms
 Island solver: 204.7397ms
Step: 843.1066ms
====================================
Loop: 379
  Solve: 119.8329ms
  SolveCPU: 76.8942ms
 Island solver: 200.0919ms
Step: 842.7786ms
====================================
Loop: 380
  Solve: 119.1523ms
  SolveCPU: 76.8571ms
 Island solver: 199.3478ms
Step: 862.0129ms
====================================
Loop: 381
  Solve: 117.4540ms
  SolveCPU: 83.1479ms
 Island solver: 203.8033ms
Step: 840.2086ms
====================================
Loop: 382
  Solve: 118.6980ms
  SolveCPU: 75.2693ms
 Island solver: 197.0431ms
Step: 829.2588ms
====================================
Loop: 383
  Solve: 117.3329ms
  SolveCPU: 73.9898ms
 Island solver: 194.6245ms
Step: 845.5944ms
====================================
Loop: 384
  Solve: 120.6851ms
  SolveCPU: 75.1181ms
 Island solver: 199.0602ms
Step: 833.6584ms
====================================
Loop: 385
  Solve: 117.5900ms
  SolveCPU: 77.6073ms
 Island solver: 198.4306ms
Step: 840.2943ms
====================================
Loop: 386
  Solve: 118.3883ms
  SolveCPU: 75.5790ms
 Island solver: 197.0906ms
Step: 838.1120ms
====================================
Loop: 387
  Solve: 115.9937ms
  SolveCPU: 85.5565ms
 Island solver: 204.7337ms
Step: 827.7828ms
====================================
Loop: 388
  Solve: 117.4141ms
  SolveCPU: 83.2409ms
 Island solver: 203.9866ms
Step: 826.3086ms
====================================
Loop: 389
  Solve: 115.2744ms
  SolveCPU: 74.6544ms
 Island solver: 193.0569ms
Step: 822.7710ms
====================================
Loop: 390
  Solve: 118.1357ms
  SolveCPU: 83.7558ms
 Island solver: 205.0589ms
Step: 822.4221ms
====================================
Loop: 391
  Solve: 119.4915ms
  SolveCPU: 72.9273ms
 Island solver: 196.5887ms
Step: 826.2231ms
====================================
Loop: 392
  Solve: 117.2717ms
  SolveCPU: 74.7317ms
 Island solver: 195.1652ms
Step: 823.6863ms
====================================
Loop: 393
  Solve: 118.6691ms
  SolveCPU: 82.1981ms
 Island solver: 203.9802ms
Step: 817.4083ms
====================================
Loop: 394
  Solve: 114.5639ms
  SolveCPU: 71.6417ms
 Island solver: 189.3818ms
Step: 811.8033ms
====================================
Loop: 395
  Solve: 117.5947ms
  SolveCPU: 72.7644ms
 Island solver: 193.6295ms
Step: 824.2188ms
====================================
Loop: 396
  Solve: 119.5502ms
  SolveCPU: 73.1552ms
 Island solver: 195.9156ms
Step: 821.6537ms
====================================
Loop: 397
  Solve: 117.4442ms
  SolveCPU: 73.4304ms
 Island solver: 194.1678ms
Step: 839.2393ms
====================================
Loop: 398
  Solve: 117.6537ms
  SolveCPU: 76.3651ms
 Island solver: 197.1196ms
Step: 815.1332ms
====================================
Loop: 399
  Solve: 115.7034ms
  SolveCPU: 75.0982ms
 Island solver: 193.7937ms
Step: 805.3647ms
====================================
Loop: 400
  Solve: 111.7444ms
  SolveCPU: 72.8807ms
 Island solver: 187.6122ms
Step: 806.6133ms
====================================
Loop: 401
  Solve: 112.0794ms
  SolveCPU: 78.8806ms
 Island solver: 194.1575ms
Step: 814.2641ms
====================================
Loop: 402
  Solve: 114.6630ms
  SolveCPU: 72.7325ms
 Island solver: 190.6784ms
Step: 820.8566ms
====================================
Loop: 403
  Solve: 113.6459ms
  SolveCPU: 73.3578ms
 Island solver: 190.1737ms
Step: 817.2206ms
====================================
Loop: 404
  Solve: 118.4240ms
  SolveCPU: 80.4747ms
 Island solver: 202.0834ms
Step: 822.2359ms
====================================
Loop: 405
  Solve: 112.4954ms
  SolveCPU: 71.5110ms
 Island solver: 187.1124ms
Step: 822.3055ms
====================================
Loop: 406
  Solve: 110.3061ms
  SolveCPU: 71.2249ms
 Island solver: 184.7018ms
Step: 788.7851ms
====================================
Loop: 407
  Solve: 112.0700ms
  SolveCPU: 73.6524ms
 Island solver: 188.8545ms
Step: 793.2361ms
====================================
Loop: 408
  Solve: 113.3676ms
  SolveCPU: 73.6789ms
 Island solver: 190.2758ms
Step: 811.9852ms
====================================
Loop: 409
  Solve: 115.1675ms
  SolveCPU: 86.6075ms
 Island solver: 204.9869ms
Step: 816.0145ms
====================================
Loop: 410
  Solve: 111.4301ms
  SolveCPU: 71.5672ms
 Island solver: 186.2058ms
Step: 809.8947ms
====================================
Loop: 411
  Solve: 111.8547ms
  SolveCPU: 71.4944ms
 Island solver: 186.2769ms
Step: 814.4980ms
====================================
Loop: 412
  Solve: 114.4068ms
  SolveCPU: 74.0155ms
 Island solver: 191.6100ms
Step: 797.0436ms
====================================
Loop: 413
  Solve: 112.7129ms
  SolveCPU: 73.8790ms
 Island solver: 189.9027ms
Step: 810.9244ms
====================================
Loop: 414
  Solve: 112.3605ms
  SolveCPU: 83.5990ms
 Island solver: 199.2451ms
Step: 820.5585ms
====================================
Loop: 415
  Solve: 110.4685ms
  SolveCPU: 72.6120ms
 Island solver: 186.2562ms
Step: 798.1072ms
====================================
Loop: 416
  Solve: 115.4395ms
  SolveCPU: 71.6029ms
 Island solver: 190.1995ms
Step: 804.8416ms
====================================
Loop: 417
  Solve: 114.5747ms
  SolveCPU: 75.9048ms
 Island solver: 193.6588ms
Step: 804.3493ms
====================================
Loop: 418
  Solve: 111.0683ms
  SolveCPU: 71.7561ms
 Island solver: 186.0439ms
Step: 784.3702ms
====================================
Loop: 419
  Solve: 115.6589ms
  SolveCPU: 84.0463ms
 Island solver: 202.7165ms
Step: 796.3552ms
====================================
Loop: 420
  Solve: 112.0211ms
  SolveCPU: 72.5550ms
 Island solver: 188.0021ms
Step: 800.3237ms
====================================
Loop: 421
  Solve: 111.5763ms
  SolveCPU: 72.1176ms
 Island solver: 186.9713ms
Step: 795.5406ms
====================================
Loop: 422
  Solve: 113.8292ms
  SolveCPU: 74.6218ms
 Island solver: 191.5414ms
Step: 799.0214ms
====================================
Loop: 423
  Solve: 111.0592ms
  SolveCPU: 73.8534ms
 Island solver: 188.1090ms
Step: 798.1506ms
====================================
Loop: 424
  Solve: 111.5124ms
  SolveCPU: 85.5917ms
 Island solver: 200.1422ms
Step: 800.5169ms
====================================
Loop: 425
  Solve: 120.9486ms
  SolveCPU: 77.1514ms
 Island solver: 201.2410ms
Step: 803.6632ms
====================================
Loop: 426
  Solve: 111.3498ms
  SolveCPU: 71.2263ms
 Island solver: 185.8963ms
Step: 804.5166ms
====================================
Loop: 427
  Solve: 116.0202ms
  SolveCPU: 74.0773ms
 Island solver: 193.5533ms
Step: 811.0586ms
====================================
Loop: 428
  Solve: 114.0869ms
  SolveCPU: 72.0661ms
 Island solver: 189.3269ms
Step: 805.8411ms
====================================
Loop: 429
  Solve: 109.8605ms
  SolveCPU: 79.8884ms
 Island solver: 192.9408ms
Step: 805.5754ms
====================================
Loop: 430
  Solve: 110.1711ms
  SolveCPU: 72.1450ms
 Island solver: 185.3267ms
Step: 780.7545ms
====================================
Loop: 431
  Solve: 110.6601ms
  SolveCPU: 70.4866ms
 Island solver: 184.2156ms
Step: 765.8350ms
====================================
Loop: 432
  Solve: 107.9435ms
  SolveCPU: 70.9959ms
 Island solver: 182.0862ms
Step: 777.7285ms
====================================
Loop: 433
  Solve: 108.6863ms
  SolveCPU: 69.2426ms
 Island solver: 181.4795ms
Step: 779.5805ms
====================================
Loop: 434
  Solve: 113.7168ms
  SolveCPU: 72.4083ms
 Island solver: 189.1808ms
Step: 777.8134ms
====================================
Loop: 435
  Solve: 111.3096ms
  SolveCPU: 69.4789ms
 Island solver: 183.9138ms
Step: 780.2332ms
====================================
Loop: 436
  Solve: 110.3726ms
  SolveCPU: 75.7090ms
 Island solver: 189.2315ms
Step: 781.1872ms
====================================
Loop: 437
  Solve: 108.4720ms
  SolveCPU: 69.9671ms
 Island solver: 181.8518ms
Step: 772.1274ms
====================================
Loop: 438
  Solve: 109.4222ms
  SolveCPU: 77.9381ms
 Island solver: 190.4593ms
Step: 778.6833ms
====================================
Loop: 439
  Solve: 109.4877ms
  SolveCPU: 69.1977ms
 Island solver: 181.9126ms
Step: 779.5679ms
====================================
Loop: 440
  Solve: 109.1025ms
  SolveCPU: 68.2826ms
 Island solver: 180.3402ms
Step: 765.2189ms
====================================
Loop: 441
  Solve: 106.5969ms
  SolveCPU: 66.8526ms
 Island solver: 176.4593ms
Step: 752.8428ms
====================================
Loop: 442
  Solve: 107.6434ms
  SolveCPU: 72.3356ms
 Island solver: 182.9752ms
Step: 767.5102ms
====================================
Loop: 443
  Solve: 107.3027ms
  SolveCPU: 68.0861ms
 Island solver: 178.5405ms
Step: 768.2032ms
====================================
Loop: 444
  Solve: 107.1343ms
  SolveCPU: 69.0921ms
 Island solver: 179.4416ms
Step: 745.5507ms
====================================
Loop: 445
  Solve: 108.9145ms
  SolveCPU: 67.3076ms
 Island solver: 179.3635ms
Step: 747.0984ms
====================================
Loop: 446
  Solve: 107.0323ms
  SolveCPU: 69.2308ms
 Island solver: 179.2680ms
Step: 753.0625ms
====================================
Loop: 447
  Solve: 105.9418ms
  SolveCPU: 66.5754ms
 Island solver: 176.2413ms
Step: 744.0044ms
====================================
Loop: 448
  Solve: 106.6850ms
  SolveCPU: 67.2480ms
 Island solver: 177.1257ms
Step: 740.2288ms
====================================
Loop: 449
  Solve: 107.5896ms
  SolveCPU: 66.0349ms
 Island solver: 176.7671ms
Step: 746.9424ms
====================================
Loop: 450
  Solve: 108.8848ms
  SolveCPU: 68.8458ms
 Island solver: 180.6868ms
Step: 749.5358ms
====================================
Loop: 451
  Solve: 105.9419ms
  SolveCPU: 68.4965ms
 Island solver: 177.3944ms
Step: 749.1213ms
====================================
Loop: 452
  Solve: 106.1493ms
  SolveCPU: 66.9786ms
 Island solver: 176.2384ms
Step: 733.5899ms
====================================
Loop: 453
  Solve: 104.7538ms
  SolveCPU: 65.8306ms
 Island solver: 173.6932ms
Step: 744.3391ms
====================================
Loop: 454
  Solve: 106.1671ms
  SolveCPU: 66.4231ms
 Island solver: 175.7346ms
Step: 734.0611ms
====================================
Loop: 455
  Solve: 106.5913ms
  SolveCPU: 71.0612ms
 Island solver: 181.7277ms
Step: 754.3246ms
====================================
Loop: 456
  Solve: 104.8748ms
  SolveCPU: 70.9137ms
 Island solver: 179.1761ms
Step: 741.1558ms
====================================
Loop: 457
  Solve: 104.9044ms
  SolveCPU: 64.3728ms
 Island solver: 172.3106ms
Step: 738.3392ms
====================================
Loop: 458
  Solve: 105.6228ms
  SolveCPU: 75.7482ms
 Island solver: 184.5933ms
Step: 737.3282ms
====================================
Loop: 459
  Solve: 106.8700ms
  SolveCPU: 65.5882ms
 Island solver: 175.7458ms
Step: 729.7329ms
====================================
Loop: 460
  Solve: 109.2335ms
  SolveCPU: 63.4763ms
 Island solver: 175.7276ms
Step: 705.4742ms
====================================
Loop: 461
  Solve: 101.4424ms
  SolveCPU: 63.6949ms
 Island solver: 168.1206ms
Step: 701.0347ms
====================================
Loop: 462
  Solve: 102.4642ms
  SolveCPU: 63.7075ms
 Island solver: 169.2397ms
Step: 706.1016ms
====================================
Loop: 463
  Solve: 105.0272ms
  SolveCPU: 64.8188ms
 Island solver: 172.9709ms
Step: 714.8734ms
====================================
Loop: 464
  Solve: 104.7099ms
  SolveCPU: 62.6390ms
 Island solver: 170.3065ms
Step: 709.2358ms
====================================
Loop: 465
  Solve: 103.4436ms
  SolveCPU: 70.4576ms
 Island solver: 176.9459ms
Step: 706.6020ms
====================================
Loop: 466
  Solve: 101.9105ms
  SolveCPU: 63.8033ms
 Island solver: 168.9525ms
Step: 705.3276ms
====================================
Loop: 467
  Solve: 100.6013ms
  SolveCPU: 66.0687ms
 Island solver: 169.5290ms
Step: 694.4858ms
====================================
Loop: 468
  Solve: 99.6906ms
  SolveCPU: 67.2488ms
 Island solver: 169.8423ms
Step: 683.6263ms
====================================
Loop: 469
  Solve: 100.6288ms
  SolveCPU: 61.2426ms
 Island solver: 164.7395ms
Step: 684.8884ms
====================================
Loop: 470
  Solve: 99.8935ms
  SolveCPU: 63.5611ms
 Island solver: 166.2945ms
Step: 668.2162ms
====================================
Loop: 471
  Solve: 102.0687ms
  SolveCPU: 74.9562ms
 Island solver: 179.9598ms
Step: 754.8705ms
====================================
Loop: 472
  Solve: 105.9782ms
  SolveCPU: 68.4811ms
 Island solver: 177.3606ms
Step: 685.3860ms
====================================
Loop: 473
  Solve: 101.9004ms
  SolveCPU: 64.7754ms
 Island solver: 169.6043ms
Step: 669.4954ms
====================================
Loop: 474
  Solve: 98.6128ms
  SolveCPU: 60.7498ms
 Island solver: 162.2805ms
Step: 663.1946ms
====================================
Loop: 475
  Solve: 101.5375ms
  SolveCPU: 61.4570ms
 Island solver: 165.9375ms
Step: 664.1371ms
====================================
Loop: 476
  Solve: 99.3740ms
  SolveCPU: 68.8213ms
 Island solver: 171.0220ms
Step: 660.2250ms
====================================
Loop: 477
  Solve: 99.5768ms
  SolveCPU: 61.5278ms
 Island solver: 163.9814ms
Step: 662.9175ms
====================================
Loop: 478
  Solve: 104.0851ms
  SolveCPU: 59.5282ms
 Island solver: 166.4543ms
Step: 661.9650ms
====================================
Loop: 479
  Solve: 101.5038ms
  SolveCPU: 66.3755ms
 Island solver: 170.7381ms
Step: 656.0555ms
====================================
Loop: 480
  Solve: 100.5981ms
  SolveCPU: 60.8090ms
 Island solver: 164.2965ms
Step: 654.1671ms
====================================
Loop: 481
  Solve: 100.5358ms
  SolveCPU: 59.8092ms
 Island solver: 163.1584ms
Step: 654.7003ms
====================================
Loop: 482
  Solve: 101.2817ms
  SolveCPU: 57.8688ms
 Island solver: 162.0167ms
Step: 646.5590ms
====================================
Loop: 483
  Solve: 97.7823ms
  SolveCPU: 60.6285ms
 Island solver: 161.2879ms
Step: 648.4915ms
====================================
Loop: 484
  Solve: 97.7772ms
  SolveCPU: 58.8424ms
 Island solver: 159.5712ms
Step: 647.8975ms
====================================
Loop: 485
  Solve: 98.3842ms
  SolveCPU: 60.5021ms
 Island solver: 161.8516ms
Step: 640.8047ms
====================================
Loop: 486
  Solve: 100.0685ms
  SolveCPU: 62.9002ms
 Island solver: 165.8305ms
Step: 651.1183ms
====================================
Loop: 487
  Solve: 102.0475ms
  SolveCPU: 69.9266ms
 Island solver: 174.9760ms
Step: 671.0248ms
====================================
Loop: 488
  Solve: 99.4108ms
  SolveCPU: 58.2393ms
 Island solver: 160.4795ms
Step: 634.8195ms
====================================
Loop: 489
  Solve: 101.7616ms
  SolveCPU: 61.9075ms
 Island solver: 166.5768ms
Step: 630.2902ms
====================================
Loop: 490
  Solve: 96.6619ms
  SolveCPU: 56.8913ms
 Island solver: 156.5057ms
Step: 627.7064ms
====================================
Loop: 491
  Solve: 96.1717ms
  SolveCPU: 57.6997ms
 Island solver: 156.7292ms
Step: 634.4393ms
====================================
Loop: 492
  Solve: 96.3763ms
  SolveCPU: 65.4706ms
 Island solver: 164.7991ms
Step: 630.3730ms
====================================
Loop: 493
  Solve: 97.0640ms
  SolveCPU: 64.1299ms
 Island solver: 164.0106ms
Step: 622.6298ms
====================================
Loop: 494
  Solve: 97.6238ms
  SolveCPU: 57.2536ms
 Island solver: 157.6734ms
Step: 628.2816ms
====================================
Loop: 495
  Solve: 99.5915ms
  SolveCPU: 57.1935ms
 Island solver: 160.1669ms
Step: 625.1057ms
====================================
Loop: 496
  Solve: 99.1853ms
  SolveCPU: 57.2948ms
 Island solver: 159.4657ms
Step: 621.0964ms
====================================
Loop: 497
  Solve: 96.1464ms
  SolveCPU: 63.7443ms
 Island solver: 162.7263ms
Step: 622.3311ms
====================================
Loop: 498
  Solve: 97.7823ms
  SolveCPU: 55.6017ms
 Island solver: 156.2294ms
Step: 614.3790ms
====================================
Loop: 499
  Solve: 97.1796ms
  SolveCPU: 55.6528ms
 Island solver: 155.6433ms
Step: 616.3417ms
====================================
Loop: 500
  Solve: 97.6213ms
  SolveCPU: 55.8809ms
 Island solver: 156.1782ms
Step: 616.0128ms
====================================
