Loop: 0
  Solve: 10.9461ms
 Island solver: 39.3021ms
Step: 378.2755ms
====================================
Loop: 1
  Solve: 10.9012ms
 Island solver: 42.4421ms
Step: 199.7454ms
====================================
Loop: 2
  Solve: 10.9990ms
 Island solver: 41.6455ms
Step: 200.1369ms
====================================
Loop: 3
  Solve: 11.0138ms
 Island solver: 41.1120ms
Step: 200.0710ms
====================================
Loop: 4
  Solve: 11.4117ms
 Island solver: 40.5563ms
Step: 197.8764ms
====================================
Loop: 5
  Solve: 10.8238ms
 Island solver: 39.6651ms
Step: 205.0621ms
====================================
Loop: 6
  Solve: 10.9405ms
 Island solver: 39.6497ms
Step: 198.6030ms
====================================
Loop: 7
  Solve: 11.3008ms
 Island solver: 44.1706ms
Step: 203.2428ms
====================================
Loop: 8
  Solve: 11.1269ms
 Island solver: 44.3723ms
Step: 205.9193ms
====================================
Loop: 9
  Solve: 11.1414ms
 Island solver: 42.0924ms
Step: 201.5483ms
====================================
Loop: 10
  Solve: 10.8871ms
 Island solver: 39.7601ms
Step: 200.2418ms
====================================
Loop: 11
  Solve: 11.0028ms
 Island solver: 41.6053ms
Step: 198.7595ms
====================================
Loop: 12
  Solve: 11.1573ms
 Island solver: 43.4361ms
Step: 202.4947ms
====================================
Loop: 13
  Solve: 11.8427ms
 Island solver: 45.5040ms
Step: 206.0222ms
====================================
Loop: 14
  Solve: 11.8427ms
 Island solver: 43.5697ms
Step: 203.3835ms
====================================
Loop: 15
  Solve: 11.3142ms
 Island solver: 43.1472ms
Step: 208.3280ms
====================================
Loop: 16
  Solve: 11.5975ms
 Island solver: 45.1234ms
Step: 206.1755ms
====================================
Loop: 17
  Solve: 10.8433ms
 Island solver: 38.8048ms
Step: 202.3838ms
====================================
Loop: 18
  Solve: 11.0103ms
 Island solver: 40.5034ms
Step: 368.6175ms
====================================
Loop: 19
  Solve: 10.9731ms
 Island solver: 41.0958ms
Step: 203.8024ms
====================================
Loop: 20
  Solve: 10.9046ms
 Island solver: 40.0706ms
Step: 199.0821ms
====================================
Loop: 21
  Solve: 11.2539ms
 Island solver: 43.0078ms
Step: 202.4654ms
====================================
Loop: 22
  Solve: 11.1164ms
 Island solver: 42.4919ms
Step: 199.7332ms
====================================
Loop: 23
  Solve: 10.9992ms
 Island solver: 40.1464ms
Step: 197.9131ms
====================================
Loop: 24
  Solve: 10.8799ms
 Island solver: 39.4592ms
Step: 200.4610ms
====================================
Loop: 25
  Solve: 11.6265ms
 Island solver: 42.0978ms
Step: 199.4685ms
====================================
Loop: 26
  Solve: 12.0755ms
 Island solver: 45.3382ms
Step: 375.7747ms
====================================
Loop: 27
  Solve: 11.7733ms
 Island solver: 45.1070ms
Step: 213.3003ms
====================================
Loop: 28
  Solve: 11.2264ms
 Island solver: 39.9105ms
Step: 199.4196ms
====================================
Loop: 29
  Solve: 11.2081ms
 Island solver: 39.4205ms
Step: 197.7557ms
====================================
Loop: 30
  Solve: 11.6837ms
 Island solver: 45.2042ms
Step: 212.2269ms
====================================
Loop: 31
  Solve: 11.9007ms
 Island solver: 45.0986ms
Step: 213.4299ms
====================================
Loop: 32
  Solve: 11.7916ms
 Island solver: 42.2297ms
Step: 210.2618ms
====================================
Loop: 33
  Solve: 11.5950ms
 Island solver: 41.1822ms
Step: 371.7609ms
====================================
Loop: 34
  Solve: 11.6619ms
 Island solver: 44.2794ms
Step: 209.7360ms
====================================
Loop: 35
  Solve: 11.3418ms
 Island solver: 40.1400ms
Step: 208.4609ms
====================================
Loop: 36
  Solve: 11.9376ms
 Island solver: 43.1283ms
Step: 209.1615ms
====================================
Loop: 37
  Solve: 11.7010ms
 Island solver: 42.8456ms
Step: 209.5571ms
====================================
Loop: 38
  Solve: 11.8085ms
 Island solver: 41.7397ms
Step: 372.1275ms
====================================
Loop: 39
  Solve: 11.9530ms
 Island solver: 44.5064ms
Step: 211.8858ms
====================================
Loop: 40
  Solve: 11.7937ms
 Island solver: 42.2908ms
Step: 210.6455ms
====================================
Loop: 41
  Solve: 11.7878ms
 Island solver: 42.2407ms
Step: 213.0545ms
====================================
Loop: 42
  Solve: 11.7000ms
 Island solver: 41.8149ms
Step: 209.0049ms
====================================
Loop: 43
  Solve: 11.2129ms
 Island solver: 39.9093ms
Step: 372.3180ms
====================================
Loop: 44
  Solve: 11.5616ms
 Island solver: 41.6132ms
Step: 208.0925ms
====================================
Loop: 45
  Solve: 11.3691ms
 Island solver: 40.6606ms
Step: 210.8959ms
====================================
Loop: 46
  Solve: 11.6939ms
 Island solver: 41.4938ms
Step: 208.1456ms
====================================
Loop: 47
  Solve: 23.1153ms
 Island solver: 53.4929ms
Step: 386.9212ms
====================================
Loop: 48
  Solve: 33.3002ms
 Island solver: 62.5210ms
Step: 230.9859ms
====================================
Loop: 49
  Solve: 44.4985ms
 Island solver: 73.8585ms
Step: 237.2566ms
====================================
Loop: 50
  Solve: 55.6080ms
 Island solver: 84.5465ms
Step: 246.7213ms
====================================
Loop: 51
  Solve: 66.4412ms
 Island solver: 97.8391ms
Step: 413.1141ms
====================================
Loop: 52
  Solve: 78.2050ms
 Island solver: 108.1370ms
Step: 277.4472ms
====================================
Loop: 53
  Solve: 89.2983ms
 Island solver: 119.3714ms
Step: 287.3028ms
====================================
Loop: 54
  Solve: 100.2118ms
 Island solver: 131.1253ms
Step: 298.8931ms
====================================
Loop: 55
  Solve: 111.4460ms
 Island solver: 141.3960ms
Step: 450.0222ms
====================================
Loop: 56
  Solve: 122.4972ms
 Island solver: 156.2726ms
Step: 324.8643ms
====================================
Loop: 57
  Solve: 134.0991ms
 Island solver: 165.8797ms
Step: 335.1621ms
====================================
Loop: 58
  Solve: 143.1718ms
 Island solver: 172.9853ms
Step: 344.0951ms
====================================
Loop: 59
  Solve: 156.1057ms
 Island solver: 187.2595ms
Step: 491.4741ms
====================================
Loop: 60
  Solve: 166.4997ms
 Island solver: 198.5280ms
Step: 370.1562ms
====================================
Loop: 61
  Solve: 177.3471ms
 Island solver: 211.5432ms
Step: 383.7820ms
====================================
Loop: 62
  Solve: 190.2645ms
 Island solver: 222.6182ms
Step: 529.7408ms
====================================
Loop: 63
  Solve: 198.9156ms
 Island solver: 232.1285ms
Step: 410.5607ms
====================================
Loop: 64
  Solve: 213.1063ms
 Island solver: 245.5464ms
Step: 441.9358ms
====================================
Loop: 65
  Solve: 221.7214ms
 Island solver: 255.3726ms
Step: 557.7578ms
====================================
Loop: 66
  Solve: 233.5408ms
 Island solver: 269.1736ms
Step: 458.4877ms
====================================
Loop: 67
  Solve: 242.5105ms
 Island solver: 274.9621ms
Step: 458.9243ms
====================================
Loop: 68
  Solve: 256.4648ms
 Island solver: 290.4500ms
Step: 595.3868ms
====================================
Loop: 69
  Solve: 264.9663ms
 Island solver: 301.2556ms
Step: 488.1579ms
====================================
Loop: 70
  Solve: 277.9454ms
 Island solver: 312.1634ms
Step: 508.5190ms
====================================
Loop: 71
  Solve: 287.1797ms
 Island solver: 321.5827ms
Step: 622.5055ms
====================================
Loop: 72
  Solve: 298.3947ms
 Island solver: 335.1872ms
Step: 526.9240ms
====================================
Loop: 73
  Solve: 311.6154ms
 Island solver: 348.9066ms
Step: 535.6583ms
====================================
Loop: 74
  Solve: 335.8250ms
 Island solver: 385.6787ms
Step: 703.4582ms
====================================
Loop: 75
  Solve: 362.8766ms
 Island solver: 422.0597ms
Step: 623.5769ms
====================================
Loop: 76
  Solve: 349.9076ms
 Island solver: 387.5153ms
Step: 667.6872ms
====================================
Loop: 77
  Solve: 368.1116ms
 Island solver: 409.9386ms
Step: 707.2833ms
====================================
Loop: 78
  Solve: 371.6699ms
 Island solver: 409.0857ms
Step: 603.8896ms
====================================
Loop: 79
  Solve: 384.1333ms
 Island solver: 422.0694ms
Step: 620.5923ms
====================================
Loop: 80
  Solve: 395.0803ms
 Island solver: 431.8511ms
Step: 733.1060ms
====================================
Loop: 81
  Solve: 438.1447ms
 Island solver: 479.8505ms
Step: 684.3729ms
====================================
Loop: 82
  Solve: 411.3193ms
 Island solver: 450.8439ms
Step: 672.0499ms
====================================
Loop: 83
  Solve: 471.6763ms
 Island solver: 513.1594ms
Step: 810.2493ms
====================================
Loop: 84
  Solve: 516.9981ms
 Island solver: 558.9846ms
Step: 773.5671ms
====================================
Loop: 85
  Solve: 533.4167ms
 Island solver: 576.9706ms
Step: 786.9689ms
====================================
Loop: 86
  Solve: 526.4781ms
 Island solver: 567.5474ms
Step: 871.1629ms
====================================
Loop: 87
  Solve: 544.4471ms
 Island solver: 593.5549ms
Step: 877.3847ms
====================================
Loop: 88
  Solve: 555.3102ms
 Island solver: 604.0224ms
Step: 841.5272ms
====================================
Loop: 89
  Solve: 589.7357ms
 Island solver: 636.7311ms
Step: 956.8429ms
====================================
Loop: 90
  Solve: 607.3572ms
 Island solver: 651.7859ms
Step: 896.7737ms
====================================
Loop: 91
  Solve: 622.1619ms
 Island solver: 668.8413ms
Step: 915.1263ms
====================================
Loop: 92
  Solve: 631.3223ms
 Island solver: 677.2092ms
Step: 993.3168ms
====================================
Loop: 93
  Solve: 632.6830ms
 Island solver: 682.0068ms
Step: 926.9984ms
====================================
Loop: 94
  Solve: 654.9189ms
 Island solver: 703.9586ms
Step: 1019.0200ms
====================================
Loop: 95
  Solve: 670.8668ms
 Island solver: 723.4769ms
Step: 984.1299ms
====================================
Loop: 96
  Solve: 695.6940ms
 Island solver: 746.8567ms
Step: 1078.5046ms
====================================
Loop: 97
  Solve: 708.9404ms
 Island solver: 758.9264ms
Step: 1028.5061ms
====================================
Loop: 98
  Solve: 729.5275ms
 Island solver: 782.1232ms
Step: 1122.1888ms
====================================
Loop: 99
  Solve: 750.1979ms
 Island solver: 804.5401ms
Step: 1084.1425ms
====================================
Loop: 100
  Solve: 777.7674ms
 Island solver: 831.0247ms
Step: 1175.0349ms
====================================
Loop: 101
  Solve: 793.6110ms
 Island solver: 849.0753ms
Step: 1134.1233ms
====================================
Loop: 102
  Solve: 808.3527ms
 Island solver: 865.5957ms
Step: 1220.0347ms
====================================
Loop: 103
  Solve: 824.9806ms
 Island solver: 883.7629ms
Step: 1195.9803ms
====================================
Loop: 104
  Solve: 847.3469ms
 Island solver: 904.1155ms
Step: 1279.0740ms
====================================
Loop: 105
  Solve: 877.6223ms
 Island solver: 936.7150ms
Step: 1272.8937ms
====================================
Loop: 106
  Solve: 894.3987ms
 Island solver: 956.8292ms
Step: 1344.0498ms
====================================
Loop: 107
  Solve: 922.8550ms
 Island solver: 986.1708ms
Step: 1338.8828ms
====================================
Loop: 108
  Solve: 941.3341ms
 Island solver: 1004.8243ms
Step: 1413.5812ms
====================================
Loop: 109
  Solve: 959.1494ms
 Island solver: 1022.9122ms
Step: 1392.8292ms
====================================
Loop: 110
  Solve: 981.5842ms
 Island solver: 1052.9526ms
Step: 1481.3647ms
====================================
Loop: 111
  Solve: 1012.9362ms
 Island solver: 1082.4489ms
Step: 1485.8186ms
====================================
Loop: 112
  Solve: 1027.4449ms
 Island solver: 1101.3080ms
Step: 1551.3333ms
====================================
Loop: 113
  Solve: 1054.3711ms
 Island solver: 1127.4264ms
Step: 1547.5364ms
====================================
Loop: 114
  Solve: 1069.4469ms
 Island solver: 1144.6167ms
Step: 1630.6500ms
====================================
Loop: 115
  Solve: 1088.9008ms
 Island solver: 1166.8594ms
Step: 1643.3376ms
====================================
Loop: 116
  Solve: 1099.9287ms
 Island solver: 1187.2493ms
Step: 1713.0776ms
====================================
Loop: 117
  Solve: 1131.5721ms
 Island solver: 1219.1268ms
Step: 1747.8372ms
====================================
Loop: 118
  Solve: 1147.4509ms
 Island solver: 1238.4897ms
Step: 1795.8187ms
====================================
Loop: 119
  Solve: 1149.6307ms
 Island solver: 1238.9635ms
Step: 1800.4875ms
====================================
Loop: 120
  Solve: 1176.5400ms
 Island solver: 1270.0408ms
Step: 1861.7299ms
====================================
Loop: 121
  Solve: 1210.7657ms
 Island solver: 1316.4475ms
Step: 1919.7643ms
====================================
Loop: 122
  Solve: 1229.2562ms
 Island solver: 1329.1036ms
Step: 1941.4192ms
====================================
Loop: 123
  Solve: 1254.3293ms
 Island solver: 1358.2759ms
Step: 2008.1818ms
====================================
Loop: 124
  Solve: 1275.5366ms
 Island solver: 1381.2810ms
Step: 2064.3848ms
====================================
Loop: 125
  Solve: 1285.0713ms
 Island solver: 1407.3372ms
Step: 2099.0845ms
====================================
Loop: 126
  Solve: 1291.0066ms
 Island solver: 1399.8527ms
Step: 2127.7229ms
====================================
Loop: 127
  Solve: 1316.5850ms
 Island solver: 1436.6774ms
Step: 2169.8755ms
====================================
Loop: 128
  Solve: 1314.6699ms
 Island solver: 1435.7701ms
Step: 2189.6880ms
====================================
Loop: 129
  Solve: 1288.8278ms
 Island solver: 1414.2534ms
Step: 2165.7451ms
====================================
Loop: 130
  Solve: 1280.2034ms
 Island solver: 1395.9269ms
Step: 2175.1272ms
====================================
Loop: 131
  Solve: 1236.6515ms
 Island solver: 1356.9821ms
Step: 2129.4524ms
====================================
Loop: 132
  Solve: 1206.0012ms
 Island solver: 1324.6765ms
Step: 2099.6399ms
====================================
Loop: 133
  Solve: 1196.2927ms
 Island solver: 1315.1910ms
Step: 2089.4744ms
====================================
Loop: 134
  Solve: 1164.0663ms
 Island solver: 1282.2085ms
Step: 2052.3376ms
====================================
Loop: 135
  Solve: 1138.5859ms
 Island solver: 1256.6428ms
Step: 2045.9568ms
====================================
Loop: 136
  Solve: 1109.7994ms
 Island solver: 1231.0248ms
Step: 2024.5822ms
====================================
Loop: 137
  Solve: 1097.0619ms
 Island solver: 1217.6478ms
Step: 2008.5369ms
====================================
Loop: 138
  Solve: 1055.2488ms
 Island solver: 1172.8625ms
Step: 1956.0508ms
====================================
Loop: 139
  Solve: 1058.1111ms
 Island solver: 1177.4772ms
Step: 1971.0804ms
====================================
Loop: 140
  Solve: 1014.3300ms
 Island solver: 1133.5819ms
Step: 1921.0730ms
====================================
Loop: 141
  Solve: 1002.5150ms
 Island solver: 1125.8163ms
Step: 1921.2800ms
====================================
Loop: 142
  Solve: 975.8103ms
 Island solver: 1092.7034ms
Step: 1883.8564ms
====================================
Loop: 143
  Solve: 964.1568ms
 Island solver: 1089.4308ms
Step: 1874.7089ms
====================================
Loop: 144
  Solve: 946.1782ms
 Island solver: 1063.7565ms
Step: 1859.7867ms
====================================
Loop: 145
  Solve: 950.9297ms
 Island solver: 1074.5969ms
Step: 1895.1581ms
====================================
Loop: 146
  Solve: 928.9882ms
 Island solver: 1047.3264ms
Step: 1852.1818ms
====================================
Loop: 147
  Solve: 912.5029ms
 Island solver: 1038.3903ms
Step: 1829.3704ms
====================================
Loop: 148
  Solve: 901.8772ms
 Island solver: 1025.1930ms
Step: 1814.2891ms
====================================
Loop: 149
  Solve: 874.2506ms
 Island solver: 997.7593ms
Step: 1790.6670ms
====================================
Loop: 150
  Solve: 857.0685ms
 Island solver: 971.4665ms
Step: 1756.7097ms
====================================
Loop: 151
  Solve: 855.6877ms
 Island solver: 971.7615ms
Step: 1768.8590ms
====================================
Loop: 152
  Solve: 847.6751ms
 Island solver: 965.4745ms
Step: 1755.2737ms
====================================
Loop: 153
  Solve: 812.7540ms
 Island solver: 928.5513ms
Step: 1727.0583ms
====================================
Loop: 154
  Solve: 803.5658ms
 Island solver: 923.8256ms
Step: 1713.1837ms
====================================
Loop: 155
  Solve: 776.4656ms
 Island solver: 897.5439ms
Step: 1691.7996ms
====================================
Loop: 156
  Solve: 755.8593ms
 Island solver: 877.0838ms
Step: 1646.9473ms
====================================
Loop: 157
  Solve: 741.0695ms
 Island solver: 852.1799ms
Step: 1624.2031ms
====================================
Loop: 158
  Solve: 719.0627ms
 Island solver: 841.3881ms
Step: 1647.2345ms
====================================
Loop: 159
  Solve: 700.0056ms
 Island solver: 818.4363ms
Step: 1617.5457ms
====================================
Loop: 160
  Solve: 685.5168ms
 Island solver: 797.6052ms
Step: 1574.6908ms
====================================
Loop: 161
  Solve: 669.5667ms
 Island solver: 786.1592ms
Step: 1574.6743ms
====================================
Loop: 162
  Solve: 665.3348ms
 Island solver: 783.5372ms
Step: 1556.5774ms
====================================
Loop: 163
  Solve: 644.6544ms
 Island solver: 766.1625ms
Step: 1539.6508ms
====================================
Loop: 164
  Solve: 636.4114ms
 Island solver: 751.8545ms
Step: 1520.3291ms
====================================
Loop: 165
  Solve: 631.1749ms
 Island solver: 746.3430ms
Step: 1532.8030ms
====================================
Loop: 166
  Solve: 628.7130ms
 Island solver: 753.0880ms
Step: 1543.2780ms
====================================
Loop: 167
  Solve: 621.2226ms
 Island solver: 737.7982ms
Step: 1510.4807ms
====================================
Loop: 168
  Solve: 607.8658ms
 Island solver: 718.8607ms
Step: 1520.3512ms
====================================
Loop: 169
  Solve: 606.1992ms
 Island solver: 726.4932ms
Step: 1523.7695ms
====================================
Loop: 170
  Solve: 601.7686ms
 Island solver: 717.8380ms
Step: 1508.5261ms
====================================
Loop: 171
  Solve: 592.4318ms
 Island solver: 708.4645ms
Step: 1503.6118ms
====================================
Loop: 172
  Solve: 579.3237ms
 Island solver: 690.5194ms
Step: 1455.7985ms
====================================
Loop: 173
  Solve: 568.5613ms
 Island solver: 680.2997ms
Step: 1469.4473ms
====================================
Loop: 174
  Solve: 570.2693ms
 Island solver: 689.4628ms
Step: 1462.1653ms
====================================
Loop: 175
  Solve: 565.6072ms
 Island solver: 678.2609ms
Step: 1464.8643ms
====================================
Loop: 176
  Solve: 553.4513ms
 Island solver: 662.6770ms
Step: 1440.7098ms
====================================
Loop: 177
  Solve: 550.1815ms
 Island solver: 672.7170ms
Step: 1454.7354ms
====================================
Loop: 178
  Solve: 546.7488ms
 Island solver: 653.8262ms
Step: 1429.1000ms
====================================
Loop: 179
  Solve: 545.1981ms
 Island solver: 655.6674ms
Step: 1419.5439ms
====================================
Loop: 180
  Solve: 530.3853ms
 Island solver: 639.1683ms
Step: 1408.5414ms
====================================
Loop: 181
  Solve: 532.1742ms
 Island solver: 640.2617ms
Step: 1405.2777ms
====================================
Loop: 182
  Solve: 522.7436ms
 Island solver: 631.5390ms
Step: 1404.2363ms
====================================
Loop: 183
  Solve: 528.6513ms
 Island solver: 638.5684ms
Step: 1403.9856ms
====================================
Loop: 184
  Solve: 512.4129ms
 Island solver: 620.9147ms
Step: 1379.2964ms
====================================
Loop: 185
  Solve: 513.0195ms
 Island solver: 618.9907ms
Step: 1395.5134ms
====================================
Loop: 186
  Solve: 514.5698ms
 Island solver: 626.9612ms
Step: 1395.6448ms
====================================
Loop: 187
  Solve: 511.5497ms
 Island solver: 619.2754ms
Step: 1396.4969ms
====================================
Loop: 188
  Solve: 489.7964ms
 Island solver: 595.2653ms
Step: 1344.5751ms
====================================
Loop: 189
  Solve: 493.9730ms
 Island solver: 598.0099ms
Step: 1329.8724ms
====================================
Loop: 190
  Solve: 489.1671ms
 Island solver: 592.6339ms
Step: 1323.0703ms
====================================
Loop: 191
  Solve: 498.3038ms
 Island solver: 601.0232ms
Step: 1341.1879ms
====================================
Loop: 192
  Solve: 487.8537ms
 Island solver: 588.6284ms
Step: 1317.8628ms
====================================
Loop: 193
  Solve: 485.9854ms
 Island solver: 591.1232ms
Step: 1330.2831ms
====================================
Loop: 194
  Solve: 502.7224ms
 Island solver: 608.3539ms
Step: 1371.7921ms
====================================
Loop: 195
  Solve: 494.8579ms
 Island solver: 599.6306ms
Step: 1351.2986ms
====================================
Loop: 196
  Solve: 494.2617ms
 Island solver: 609.2404ms
Step: 1366.9189ms
====================================
Loop: 197
  Solve: 492.0764ms
 Island solver: 595.5924ms
Step: 1345.2578ms
====================================
Loop: 198
  Solve: 488.6463ms
 Island solver: 588.4777ms
Step: 1338.3215ms
====================================
Loop: 199
  Solve: 478.0663ms
 Island solver: 584.5776ms
Step: 1325.2952ms
====================================
Loop: 200
  Solve: 485.7352ms
 Island solver: 592.8704ms
Step: 1326.9724ms
====================================
Loop: 201
  Solve: 472.3502ms
 Island solver: 569.2183ms
Step: 1293.3309ms
====================================
Loop: 202
  Solve: 470.6172ms
 Island solver: 568.3950ms
Step: 1302.7290ms
====================================
Loop: 203
  Solve: 471.6453ms
 Island solver: 572.9776ms
Step: 1310.9769ms
====================================
Loop: 204
  Solve: 472.8388ms
 Island solver: 576.7502ms
Step: 1300.8087ms
====================================
Loop: 205
  Solve: 483.1560ms
 Island solver: 583.9975ms
Step: 1341.1366ms
====================================
Loop: 206
  Solve: 481.8146ms
 Island solver: 583.2481ms
Step: 1337.3049ms
====================================
Loop: 207
  Solve: 484.4997ms
 Island solver: 590.6295ms
Step: 1336.3951ms
====================================
Loop: 208
  Solve: 489.2709ms
 Island solver: 587.2937ms
Step: 1353.3939ms
====================================
Loop: 209
  Solve: 489.4902ms
 Island solver: 592.8095ms
Step: 1353.8947ms
====================================
Loop: 210
  Solve: 498.9105ms
 Island solver: 600.5640ms
Step: 1357.4183ms
====================================
Loop: 211
  Solve: 494.3854ms
 Island solver: 596.8904ms
Step: 1357.3815ms
====================================
Loop: 212
  Solve: 505.5154ms
 Island solver: 607.6377ms
Step: 1369.9114ms
====================================
Loop: 213
  Solve: 510.0294ms
 Island solver: 611.2330ms
Step: 1374.5959ms
====================================
Loop: 214
  Solve: 512.1621ms
 Island solver: 618.6407ms
Step: 1391.6650ms
====================================
Loop: 215
  Solve: 521.1992ms
 Island solver: 623.1591ms
Step: 1375.0366ms
====================================
Loop: 216
  Solve: 517.5827ms
 Island solver: 620.5941ms
Step: 1376.7692ms
====================================
Loop: 217
  Solve: 519.9344ms
 Island solver: 621.0009ms
Step: 1395.8621ms
====================================
Loop: 218
  Solve: 530.9286ms
 Island solver: 633.0884ms
Step: 1385.9875ms
====================================
Loop: 219
  Solve: 542.6177ms
 Island solver: 647.7889ms
Step: 1426.8464ms
====================================
Loop: 220
  Solve: 544.6171ms
 Island solver: 646.7130ms
Step: 1416.4810ms
====================================
Loop: 221
  Solve: 544.4343ms
 Island solver: 649.9855ms
Step: 1404.0028ms
====================================
Loop: 222
  Solve: 551.5348ms
 Island solver: 653.7031ms
Step: 1428.2039ms
====================================
Loop: 223
  Solve: 558.8819ms
 Island solver: 662.8015ms
Step: 1432.8317ms
====================================
Loop: 224
  Solve: 552.0511ms
 Island solver: 655.3481ms
Step: 1419.9031ms
====================================
Loop: 225
  Solve: 570.2413ms
 Island solver: 674.9340ms
Step: 1444.0011ms
====================================
Loop: 226
  Solve: 567.6374ms
 Island solver: 674.4661ms
Step: 1468.4999ms
====================================
Loop: 227
  Solve: 577.7073ms
 Island solver: 684.7586ms
Step: 1462.6338ms
====================================
Loop: 228
  Solve: 576.9608ms
 Island solver: 682.7726ms
Step: 1465.5706ms
====================================
Loop: 229
  Solve: 582.4883ms
 Island solver: 686.6964ms
Step: 1474.3853ms
====================================
Loop: 230
  Solve: 577.6730ms
 Island solver: 683.4297ms
Step: 1477.0981ms
====================================
Loop: 231
  Solve: 587.3051ms
 Island solver: 690.6392ms
Step: 1486.0978ms
====================================
Loop: 232
  Solve: 583.8728ms
 Island solver: 692.0791ms
Step: 1492.0541ms
====================================
Loop: 233
  Solve: 582.0539ms
 Island solver: 679.9943ms
Step: 1469.4773ms
====================================
Loop: 234
  Solve: 598.8032ms
 Island solver: 708.2526ms
Step: 1481.5798ms
====================================
Loop: 235
  Solve: 592.4094ms
 Island solver: 696.0772ms
Step: 1483.1978ms
====================================
Loop: 236
  Solve: 596.0592ms
 Island solver: 699.9135ms
Step: 1467.1440ms
====================================
Loop: 237
  Solve: 603.4678ms
 Island solver: 714.1768ms
Step: 1492.2466ms
====================================
Loop: 238
  Solve: 611.8368ms
 Island solver: 715.8093ms
Step: 1489.6038ms
====================================
Loop: 239
  Solve: 620.5286ms
 Island solver: 726.7690ms
Step: 1523.5532ms
====================================
Loop: 240
  Solve: 619.1750ms
 Island solver: 725.5119ms
Step: 1501.5867ms
====================================
Loop: 241
  Solve: 624.8586ms
 Island solver: 726.2649ms
Step: 1505.2274ms
====================================
Loop: 242
  Solve: 637.1371ms
 Island solver: 745.2635ms
Step: 1522.9231ms
====================================
Loop: 243
  Solve: 625.4022ms
 Island solver: 728.8253ms
Step: 1525.5298ms
====================================
Loop: 244
  Solve: 627.8427ms
 Island solver: 741.4771ms
Step: 1516.1458ms
====================================
Loop: 245
  Solve: 637.5568ms
 Island solver: 743.4474ms
Step: 1542.2362ms
====================================
Loop: 246
  Solve: 636.8915ms
 Island solver: 744.8854ms
Step: 1544.0210ms
====================================
Loop: 247
  Solve: 635.0688ms
 Island solver: 740.6452ms
Step: 1513.0696ms
====================================
Loop: 248
  Solve: 624.2288ms
 Island solver: 729.6039ms
Step: 1533.7615ms
====================================
Loop: 249
  Solve: 633.4233ms
 Island solver: 741.0611ms
Step: 1537.7925ms
====================================
Loop: 250
  Solve: 617.5040ms
 Island solver: 724.6797ms
Step: 1514.7310ms
====================================
Loop: 251
  Solve: 628.7950ms
 Island solver: 734.9127ms
Step: 1518.7046ms
====================================
Loop: 252
  Solve: 617.7711ms
 Island solver: 726.0608ms
Step: 1530.8596ms
====================================
Loop: 253
  Solve: 625.7784ms
 Island solver: 735.3400ms
Step: 1558.3611ms
====================================
Loop: 254
  Solve: 621.2725ms
 Island solver: 734.6457ms
Step: 1548.9011ms
====================================
Loop: 255
  Solve: 622.8470ms
 Island solver: 738.3976ms
Step: 1525.1931ms
====================================
Loop: 256
  Solve: 616.2243ms
 Island solver: 728.7342ms
Step: 1505.3789ms
====================================
Loop: 257
  Solve: 616.2612ms
 Island solver: 730.1596ms
Step: 1501.5569ms
====================================
Loop: 258
  Solve: 620.1407ms
 Island solver: 735.0273ms
Step: 1526.4542ms
====================================
Loop: 259
  Solve: 613.4655ms
 Island solver: 722.0524ms
Step: 1502.7761ms
====================================
Loop: 260
  Solve: 621.8107ms
 Island solver: 735.7287ms
Step: 1506.9305ms
====================================
Loop: 261
  Solve: 597.5201ms
 Island solver: 709.7122ms
Step: 1493.1697ms
====================================
Loop: 262
  Solve: 620.0769ms
 Island solver: 735.3881ms
Step: 1497.9380ms
====================================
Loop: 263
  Solve: 615.0561ms
 Island solver: 726.4271ms
Step: 1509.2274ms
====================================
Loop: 264
  Solve: 603.1503ms
 Island solver: 714.5765ms
Step: 1480.3160ms
====================================
Loop: 265
  Solve: 612.5239ms
 Island solver: 726.3932ms
Step: 1507.3171ms
====================================
Loop: 266
  Solve: 609.8061ms
 Island solver: 723.0116ms
Step: 1490.4998ms
====================================
Loop: 267
  Solve: 607.4006ms
 Island solver: 719.8036ms
Step: 1481.0042ms
====================================
Loop: 268
  Solve: 613.7349ms
 Island solver: 729.0117ms
Step: 1503.5776ms
====================================
Loop: 269
  Solve: 614.4720ms
 Island solver: 728.0171ms
Step: 1500.1790ms
====================================
Loop: 270
  Solve: 606.4852ms
 Island solver: 713.3820ms
Step: 1472.4373ms
====================================
Loop: 271
  Solve: 613.2105ms
 Island solver: 722.8885ms
Step: 1483.7415ms
====================================
Loop: 272
  Solve: 601.4527ms
 Island solver: 709.5858ms
Step: 1483.7899ms
====================================
Loop: 273
  Solve: 613.5777ms
 Island solver: 723.2358ms
Step: 1497.4355ms
====================================
Loop: 274
  Solve: 605.2045ms
 Island solver: 710.7957ms
Step: 1474.5620ms
====================================
Loop: 275
  Solve: 613.6021ms
 Island solver: 722.5664ms
Step: 1498.1843ms
====================================
Loop: 276
  Solve: 615.9705ms
 Island solver: 723.5283ms
Step: 1503.8896ms
====================================
Loop: 277
  Solve: 600.4106ms
 Island solver: 704.0488ms
Step: 1454.8997ms
====================================
Loop: 278
  Solve: 598.7313ms
 Island solver: 704.2992ms
Step: 1477.1669ms
====================================
Loop: 279
  Solve: 601.8951ms
 Island solver: 703.9959ms
Step: 1459.1488ms
====================================
Loop: 280
  Solve: 603.4437ms
 Island solver: 703.3161ms
Step: 1457.6249ms
====================================
Loop: 281
  Solve: 607.0879ms
 Island solver: 712.7815ms
Step: 1480.4418ms
====================================
Loop: 282
  Solve: 625.6533ms
 Island solver: 733.4583ms
Step: 1531.6826ms
====================================
Loop: 283
  Solve: 622.4443ms
 Island solver: 728.6893ms
Step: 1508.9183ms
====================================
Loop: 284
  Solve: 597.8759ms
 Island solver: 701.2410ms
Step: 1470.8013ms
====================================
Loop: 285
  Solve: 597.9567ms
 Island solver: 701.9439ms
Step: 1461.7297ms
====================================
Loop: 286
  Solve: 606.7565ms
 Island solver: 708.9376ms
Step: 1478.7516ms
====================================
Loop: 287
  Solve: 598.8061ms
 Island solver: 700.5797ms
Step: 1457.5222ms
====================================
Loop: 288
  Solve: 597.5892ms
 Island solver: 707.5208ms
Step: 1468.0762ms
====================================
Loop: 289
  Solve: 642.5403ms
 Island solver: 764.7847ms
Step: 1525.5100ms
====================================
Loop: 290
  Solve: 604.3565ms
 Island solver: 730.0082ms
Step: 1488.7805ms
====================================
Loop: 291
  Solve: 609.6471ms
 Island solver: 719.0952ms
Step: 1479.2858ms
====================================
Loop: 292
  Solve: 607.2327ms
 Island solver: 724.0041ms
Step: 1485.7369ms
====================================
Loop: 293
  Solve: 609.8236ms
 Island solver: 726.4536ms
Step: 1483.4561ms
====================================
Loop: 294
  Solve: 612.5634ms
 Island solver: 726.8745ms
Step: 1485.6375ms
====================================
Loop: 295
  Solve: 609.7974ms
 Island solver: 727.7739ms
Step: 1484.4916ms
====================================
Loop: 296
  Solve: 613.0214ms
 Island solver: 725.3776ms
Step: 1487.2855ms
====================================
Loop: 297
  Solve: 614.6416ms
 Island solver: 722.6352ms
Step: 1473.2871ms
====================================
Loop: 298
  Solve: 619.2803ms
 Island solver: 729.4249ms
Step: 1486.1432ms
====================================
Loop: 299
  Solve: 621.5293ms
 Island solver: 731.4765ms
Step: 1489.4958ms
====================================
Loop: 300
  Solve: 623.5964ms
 Island solver: 731.6408ms
Step: 1489.9911ms
====================================
Loop: 301
  Solve: 623.3900ms
 Island solver: 727.7653ms
Step: 1480.5641ms
====================================
Loop: 302
  Solve: 622.5776ms
 Island solver: 729.0182ms
Step: 1494.6005ms
====================================
Loop: 303
  Solve: 618.1290ms
 Island solver: 725.7737ms
Step: 1487.6847ms
====================================
Loop: 304
  Solve: 629.8498ms
 Island solver: 752.5208ms
Step: 1553.0115ms
====================================
Loop: 305
  Solve: 622.5552ms
 Island solver: 736.4532ms
Step: 1551.0220ms
====================================
Loop: 306
  Solve: 616.2847ms
 Island solver: 732.5668ms
Step: 1495.9817ms
====================================
Loop: 307
  Solve: 620.9283ms
 Island solver: 734.8422ms
Step: 1497.1754ms
====================================
Loop: 308
  Solve: 612.1346ms
 Island solver: 727.1252ms
Step: 1514.0557ms
====================================
Loop: 309
  Solve: 609.4319ms
 Island solver: 719.3896ms
Step: 1489.9072ms
====================================
Loop: 310
  Solve: 606.8043ms
 Island solver: 723.1503ms
Step: 1495.2202ms
====================================
Loop: 311
  Solve: 605.2127ms
 Island solver: 716.3422ms
Step: 1475.8091ms
====================================
Loop: 312
  Solve: 603.6512ms
 Island solver: 708.4372ms
Step: 1458.0073ms
====================================
Loop: 313
  Solve: 603.5867ms
 Island solver: 704.0275ms
Step: 1470.3326ms
====================================
Loop: 314
  Solve: 601.4498ms
 Island solver: 708.7843ms
Step: 1473.7931ms
====================================
Loop: 315
  Solve: 614.7854ms
 Island solver: 720.0158ms
Step: 1484.6599ms
====================================
Loop: 316
  Solve: 603.3898ms
 Island solver: 709.1011ms
Step: 1479.9662ms
====================================
Loop: 317
  Solve: 606.5135ms
 Island solver: 711.7377ms
Step: 1480.5483ms
====================================
Loop: 318
  Solve: 606.5618ms
 Island solver: 712.6036ms
Step: 1489.3402ms
====================================
Loop: 319
  Solve: 606.6492ms
 Island solver: 710.6321ms
Step: 1492.3372ms
====================================
Loop: 320
  Solve: 604.4073ms
 Island solver: 707.7621ms
Step: 1483.8832ms
====================================
Loop: 321
  Solve: 610.0612ms
 Island solver: 714.1628ms
Step: 1503.1660ms
====================================
Loop: 322
  Solve: 609.7838ms
 Island solver: 717.3371ms
Step: 1501.0122ms
====================================
Loop: 323
  Solve: 615.8036ms
 Island solver: 720.4007ms
Step: 1496.7747ms
====================================
Loop: 324
  Solve: 607.5836ms
 Island solver: 714.7967ms
Step: 1484.8232ms
====================================
Loop: 325
  Solve: 608.8125ms
 Island solver: 714.1335ms
Step: 1499.3069ms
====================================
Loop: 326
  Solve: 609.9153ms
 Island solver: 713.1749ms
Step: 1469.9204ms
====================================
Loop: 327
  Solve: 604.7565ms
 Island solver: 709.6580ms
Step: 1482.1511ms
====================================
Loop: 328
  Solve: 604.1633ms
 Island solver: 712.1725ms
Step: 1477.2317ms
====================================
Loop: 329
  Solve: 597.8712ms
 Island solver: 706.2302ms
Step: 1475.2671ms
====================================
Loop: 330
  Solve: 604.2748ms
 Island solver: 720.3128ms
Step: 1463.6880ms
====================================
Loop: 331
  Solve: 594.7985ms
 Island solver: 707.7468ms
Step: 1456.3013ms
====================================
Loop: 332
  Solve: 600.4616ms
 Island solver: 706.2162ms
Step: 1455.9895ms
====================================
Loop: 333
  Solve: 598.5875ms
 Island solver: 714.3154ms
Step: 1451.1470ms
====================================
Loop: 334
  Solve: 596.9301ms
 Island solver: 704.3909ms
Step: 1457.8546ms
====================================
Loop: 335
  Solve: 598.8364ms
 Island solver: 698.7222ms
Step: 1443.0321ms
====================================
Loop: 336
  Solve: 594.6234ms
 Island solver: 697.9009ms
Step: 1468.2864ms
====================================
Loop: 337
  Solve: 605.4036ms
 Island solver: 709.2319ms
Step: 1479.6473ms
====================================
Loop: 338
  Solve: 603.3062ms
 Island solver: 709.7303ms
Step: 1478.2377ms
====================================
Loop: 339
  Solve: 586.6119ms
 Island solver: 688.9877ms
Step: 1439.3943ms
====================================
Loop: 340
  Solve: 588.9534ms
 Island solver: 695.2989ms
Step: 1464.0112ms
====================================
Loop: 341
  Solve: 596.7921ms
 Island solver: 707.1234ms
Step: 1461.3792ms
====================================
Loop: 342
  Solve: 592.6104ms
 Island solver: 705.0950ms
Step: 1471.9160ms
====================================
Loop: 343
  Solve: 593.7716ms
 Island solver: 705.9901ms
Step: 1456.1604ms
====================================
Loop: 344
  Solve: 594.4879ms
 Island solver: 702.5743ms
Step: 1460.1403ms
====================================
Loop: 345
  Solve: 588.6052ms
 Island solver: 690.6219ms
Step: 1424.3304ms
====================================
Loop: 346
  Solve: 592.6553ms
 Island solver: 699.7139ms
Step: 1455.1555ms
====================================
Loop: 347
  Solve: 593.6813ms
 Island solver: 697.6770ms
Step: 1453.3337ms
====================================
Loop: 348
  Solve: 588.7313ms
 Island solver: 693.9205ms
Step: 1455.0564ms
====================================
Loop: 349
  Solve: 577.7006ms
 Island solver: 676.4641ms
Step: 1438.9043ms
====================================
Loop: 350
  Solve: 591.8710ms
 Island solver: 697.1465ms
Step: 1448.6289ms
====================================
Loop: 351
  Solve: 594.8409ms
 Island solver: 707.9991ms
Step: 1463.4519ms
====================================
Loop: 352
  Solve: 589.5304ms
 Island solver: 706.1871ms
Step: 1445.2938ms
====================================
Loop: 353
  Solve: 582.6320ms
 Island solver: 691.9465ms
Step: 1431.6417ms
====================================
Loop: 354
  Solve: 575.7173ms
 Island solver: 676.8192ms
Step: 1416.2076ms
====================================
Loop: 355
  Solve: 576.3013ms
 Island solver: 698.4429ms
Step: 1505.2787ms
====================================
Loop: 356
  Solve: 601.7360ms
 Island solver: 738.9181ms
Step: 1520.6630ms
====================================
Loop: 357
  Solve: 575.1669ms
 Island solver: 701.4993ms
Step: 1559.4844ms
====================================
Loop: 358
  Solve: 665.5144ms
 Island solver: 821.8052ms
Step: 1826.6436ms
====================================
Loop: 359
  Solve: 666.2438ms
 Island solver: 818.6600ms
Step: 1788.3329ms
====================================
Loop: 360
  Solve: 603.7458ms
 Island solver: 728.5425ms
Step: 1590.4219ms
====================================
Loop: 361
  Solve: 600.3330ms
 Island solver: 722.0057ms
Step: 1663.7970ms
====================================
Loop: 362
  Solve: 611.9417ms
 Island solver: 720.3215ms
Step: 1622.7134ms
====================================
Loop: 363
  Solve: 552.5745ms
 Island solver: 664.7150ms
Step: 1442.9077ms
====================================
Loop: 364
  Solve: 584.6164ms
 Island solver: 684.5388ms
Step: 1412.3945ms
====================================
Loop: 365
  Solve: 552.7601ms
 Island solver: 668.5614ms
Step: 1397.0718ms
====================================
Loop: 366
  Solve: 592.5532ms
 Island solver: 736.7703ms
Step: 1583.7487ms
====================================
Loop: 367
  Solve: 569.6497ms
 Island solver: 691.0975ms
Step: 1546.9449ms
====================================
Loop: 368
  Solve: 541.0227ms
 Island solver: 646.6512ms
Step: 1411.0465ms
====================================
Loop: 369
  Solve: 609.6587ms
 Island solver: 737.8649ms
Step: 1636.9561ms
====================================
Loop: 370
  Solve: 606.7927ms
 Island solver: 728.4739ms
Step: 1568.4751ms
====================================
Loop: 371
  Solve: 554.9528ms
 Island solver: 653.0040ms
Step: 1430.9629ms
====================================
Loop: 372
  Solve: 616.7165ms
 Island solver: 750.1840ms
Step: 1559.3274ms
====================================
Loop: 373
  Solve: 528.4409ms
 Island solver: 628.3975ms
Step: 1400.1143ms
====================================
Loop: 374
  Solve: 590.1694ms
 Island solver: 702.1030ms
Step: 1494.5396ms
====================================
Loop: 375
  Solve: 603.9169ms
 Island solver: 756.3064ms
Step: 1659.2173ms
====================================
Loop: 376
  Solve: 519.7281ms
 Island solver: 640.5797ms
Step: 1383.1658ms
====================================
Loop: 377
  Solve: 502.7486ms
 Island solver: 600.1779ms
Step: 1283.0771ms
====================================
Loop: 378
  Solve: 510.2723ms
 Island solver: 615.3080ms
Step: 1307.7772ms
====================================
Loop: 379
  Solve: 512.0434ms
 Island solver: 610.6637ms
Step: 1282.9104ms
====================================
Loop: 380
  Solve: 510.5945ms
 Island solver: 614.0735ms
Step: 1277.0157ms
====================================
Loop: 381
  Solve: 502.4936ms
 Island solver: 600.4536ms
Step: 1289.2708ms
====================================
Loop: 382
  Solve: 502.8861ms
 Island solver: 596.2141ms
Step: 1270.5831ms
====================================
Loop: 383
  Solve: 507.5825ms
 Island solver: 603.8647ms
Step: 1262.9885ms
====================================
Loop: 384
  Solve: 504.6394ms
 Island solver: 606.0071ms
Step: 1255.4530ms
====================================
Loop: 385
  Solve: 493.3145ms
 Island solver: 599.9078ms
Step: 1286.8677ms
====================================
Loop: 386
  Solve: 490.5606ms
 Island solver: 581.7208ms
Step: 1239.3279ms
====================================
Loop: 387
  Solve: 498.3719ms
 Island solver: 596.9344ms
Step: 1241.0023ms
====================================
Loop: 388
  Solve: 493.3063ms
 Island solver: 588.4865ms
Step: 1233.1410ms
====================================
Loop: 389
  Solve: 488.2318ms
 Island solver: 592.2956ms
Step: 1248.9923ms
====================================
Loop: 390
  Solve: 488.9342ms
 Island solver: 580.2239ms
Step: 1236.6414ms
====================================
Loop: 391
  Solve: 490.8925ms
 Island solver: 591.8654ms
Step: 1232.9802ms
====================================
Loop: 392
  Solve: 480.9705ms
 Island solver: 579.8231ms
Step: 1219.2749ms
====================================
Loop: 393
  Solve: 482.2200ms
 Island solver: 578.0188ms
Step: 1219.1730ms
====================================
Loop: 394
  Solve: 480.4654ms
 Island solver: 579.8137ms
Step: 1213.4849ms
====================================
Loop: 395
  Solve: 479.6113ms
 Island solver: 574.7167ms
Step: 1212.4801ms
====================================
Loop: 396
  Solve: 472.0015ms
 Island solver: 568.4324ms
Step: 1184.8364ms
====================================
Loop: 397
  Solve: 477.9302ms
 Island solver: 576.2188ms
Step: 1190.2279ms
====================================
Loop: 398
  Solve: 478.7217ms
 Island solver: 574.4160ms
Step: 1202.4243ms
====================================
Loop: 399
  Solve: 478.3109ms
 Island solver: 578.9098ms
Step: 1203.7126ms
====================================
Loop: 400
  Solve: 466.5341ms
 Island solver: 560.7952ms
Step: 1182.2135ms
====================================
Loop: 401
  Solve: 468.3332ms
 Island solver: 571.7426ms
Step: 1190.9008ms
====================================
Loop: 402
  Solve: 469.7757ms
 Island solver: 565.0851ms
Step: 1188.4459ms
====================================
Loop: 403
  Solve: 469.5226ms
 Island solver: 563.1035ms
Step: 1175.9575ms
====================================
Loop: 404
  Solve: 473.6398ms
 Island solver: 569.6877ms
Step: 1189.3438ms
====================================
Loop: 405
  Solve: 471.3493ms
 Island solver: 560.8917ms
Step: 1175.2463ms
====================================
Loop: 406
  Solve: 465.3924ms
 Island solver: 554.9445ms
Step: 1158.1885ms
====================================
Loop: 407
  Solve: 467.1869ms
 Island solver: 559.9922ms
Step: 1164.5803ms
====================================
Loop: 408
  Solve: 458.2086ms
 Island solver: 547.3065ms
Step: 1147.3730ms
====================================
Loop: 409
  Solve: 468.6199ms
 Island solver: 559.0815ms
Step: 1179.2339ms
====================================
Loop: 410
  Solve: 461.3753ms
 Island solver: 551.2548ms
Step: 1164.6058ms
====================================
Loop: 411
  Solve: 460.1888ms
 Island solver: 550.0439ms
Step: 1156.8036ms
====================================
Loop: 412
  Solve: 456.1216ms
 Island solver: 555.1985ms
Step: 1142.9312ms
====================================
Loop: 413
  Solve: 460.2189ms
 Island solver: 551.8868ms
Step: 1152.0397ms
====================================
Loop: 414
  Solve: 461.5211ms
 Island solver: 558.4115ms
Step: 1151.0056ms
====================================
Loop: 415
  Solve: 451.3250ms
 Island solver: 547.2650ms
Step: 1133.7635ms
====================================
Loop: 416
  Solve: 451.7837ms
 Island solver: 536.8154ms
Step: 1128.9135ms
====================================
Loop: 417
  Solve: 445.9129ms
 Island solver: 533.3706ms
Step: 1116.9752ms
====================================
Loop: 418
  Solve: 452.9364ms
 Island solver: 549.5914ms
Step: 1137.0504ms
====================================
Loop: 419
  Solve: 445.3723ms
 Island solver: 537.9576ms
Step: 1113.6249ms
====================================
Loop: 420
  Solve: 448.2237ms
 Island solver: 534.4059ms
Step: 1101.6157ms
====================================
Loop: 421
  Solve: 446.9740ms
 Island solver: 531.4058ms
Step: 1112.0468ms
====================================
Loop: 422
  Solve: 447.9946ms
 Island solver: 535.4648ms
Step: 1108.5842ms
====================================
Loop: 423
  Solve: 448.4387ms
 Island solver: 533.8377ms
Step: 1105.0450ms
====================================
Loop: 424
  Solve: 437.3177ms
 Island solver: 521.7312ms
Step: 1087.1090ms
====================================
Loop: 425
  Solve: 447.6786ms
 Island solver: 530.6337ms
Step: 1098.3059ms
====================================
Loop: 426
  Solve: 439.6194ms
 Island solver: 528.8942ms
Step: 1093.0651ms
====================================
Loop: 427
  Solve: 445.2687ms
 Island solver: 534.8184ms
Step: 1093.9333ms
====================================
Loop: 428
  Solve: 442.1030ms
 Island solver: 531.3157ms
Step: 1097.3024ms
====================================
Loop: 429
  Solve: 445.4633ms
 Island solver: 527.6617ms
Step: 1092.2760ms
====================================
Loop: 430
  Solve: 447.4296ms
 Island solver: 530.7382ms
Step: 1085.1685ms
====================================
Loop: 431
  Solve: 438.3795ms
 Island solver: 523.4227ms
Step: 1070.7972ms
====================================
Loop: 432
  Solve: 447.0711ms
 Island solver: 545.1124ms
Step: 1089.1748ms
====================================
Loop: 433
  Solve: 436.6236ms
 Island solver: 520.2520ms
Step: 1056.8060ms
====================================
Loop: 434
  Solve: 444.0696ms
 Island solver: 537.4610ms
Step: 1084.7787ms
====================================
Loop: 435
  Solve: 439.5949ms
 Island solver: 521.7233ms
Step: 1062.2097ms
====================================
Loop: 436
  Solve: 441.0372ms
 Island solver: 527.8594ms
Step: 1069.0676ms
====================================
Loop: 437
  Solve: 440.6244ms
 Island solver: 526.1501ms
Step: 1066.1418ms
====================================
Loop: 438
  Solve: 438.1280ms
 Island solver: 522.5652ms
Step: 1079.2104ms
====================================
Loop: 439
  Solve: 471.0988ms
 Island solver: 555.1871ms
Step: 1114.3804ms
====================================
Loop: 440
  Solve: 432.4240ms
 Island solver: 515.7004ms
Step: 1045.3792ms
====================================
Loop: 441
  Solve: 436.3214ms
 Island solver: 526.1168ms
Step: 1066.1909ms
====================================
Loop: 442
  Solve: 435.5477ms
 Island solver: 518.8400ms
Step: 1058.9357ms
====================================
Loop: 443
  Solve: 433.9143ms
 Island solver: 517.6324ms
Step: 1049.5381ms
====================================
Loop: 444
  Solve: 432.2885ms
 Island solver: 508.4121ms
Step: 1027.9800ms
====================================
Loop: 445
  Solve: 436.5304ms
 Island solver: 516.0325ms
Step: 1033.0330ms
====================================
Loop: 446
  Solve: 435.8693ms
 Island solver: 516.5831ms
Step: 1030.9152ms
====================================
Loop: 447
  Solve: 433.2227ms
 Island solver: 512.1971ms
Step: 1028.5986ms
====================================
Loop: 448
  Solve: 437.5228ms
 Island solver: 524.8521ms
Step: 1046.4722ms
====================================
Loop: 449
  Solve: 431.7363ms
 Island solver: 508.9560ms
Step: 1022.0001ms
====================================
Loop: 450
  Solve: 427.1478ms
 Island solver: 504.4838ms
Step: 1007.9746ms
====================================
Loop: 451
  Solve: 421.1701ms
 Island solver: 495.8251ms
Step: 998.8720ms
====================================
Loop: 452
  Solve: 426.2252ms
 Island solver: 500.7314ms
Step: 1007.3419ms
====================================
Loop: 453
  Solve: 431.2013ms
 Island solver: 509.5117ms
Step: 1020.6670ms
====================================
Loop: 454
  Solve: 429.3464ms
 Island solver: 506.8842ms
Step: 1015.9991ms
====================================
Loop: 455
  Solve: 429.8962ms
 Island solver: 510.2239ms
Step: 1029.3533ms
====================================
Loop: 456
  Solve: 424.6212ms
 Island solver: 503.3551ms
Step: 1005.9390ms
====================================
Loop: 457
  Solve: 427.9953ms
 Island solver: 507.4686ms
Step: 1011.3718ms
====================================
Loop: 458
  Solve: 427.6816ms
 Island solver: 509.6699ms
Step: 1006.6990ms
====================================
Loop: 459
  Solve: 423.7499ms
 Island solver: 505.8464ms
Step: 1004.1729ms
====================================
Loop: 460
  Solve: 424.0703ms
 Island solver: 502.3171ms
Step: 1003.3902ms
====================================
Loop: 461
  Solve: 429.2079ms
 Island solver: 511.5083ms
Step: 1020.6076ms
====================================
Loop: 462
  Solve: 429.8084ms
 Island solver: 509.4659ms
Step: 1014.0233ms
====================================
Loop: 463
  Solve: 426.3489ms
 Island solver: 510.6572ms
Step: 1004.9298ms
====================================
Loop: 464
  Solve: 421.0184ms
 Island solver: 497.4524ms
Step: 994.9669ms
====================================
Loop: 465
  Solve: 429.3696ms
 Island solver: 511.3914ms
Step: 996.6900ms
====================================
Loop: 466
  Solve: 428.4188ms
 Island solver: 506.5116ms
Step: 996.4874ms
====================================
Loop: 467
  Solve: 425.8057ms
 Island solver: 512.7291ms
Step: 1007.4781ms
====================================
Loop: 468
  Solve: 425.7648ms
 Island solver: 503.5418ms
Step: 991.2267ms
====================================
Loop: 469
  Solve: 432.0987ms
 Island solver: 514.9960ms
Step: 1011.8134ms
====================================
Loop: 470
  Solve: 425.9235ms
 Island solver: 502.5409ms
Step: 991.8392ms
====================================
Loop: 471
  Solve: 432.9887ms
 Island solver: 515.4254ms
Step: 1009.8968ms
====================================
Loop: 472
  Solve: 432.5312ms
 Island solver: 511.5014ms
Step: 999.2533ms
====================================
Loop: 473
  Solve: 433.7403ms
 Island solver: 514.2194ms
Step: 1001.0537ms
====================================
Loop: 474
  Solve: 426.0369ms
 Island solver: 502.8735ms
Step: 984.7216ms
====================================
Loop: 475
  Solve: 423.8001ms
 Island solver: 498.8342ms
Step: 972.7088ms
====================================
Loop: 476
  Solve: 425.1785ms
 Island solver: 500.6004ms
Step: 971.4392ms
====================================
Loop: 477
  Solve: 419.9507ms
 Island solver: 494.4237ms
Step: 983.3570ms
====================================
Loop: 478
  Solve: 428.8767ms
 Island solver: 503.9109ms
Step: 986.9562ms
====================================
Loop: 479
  Solve: 428.5913ms
 Island solver: 500.9930ms
Step: 978.5090ms
====================================
Loop: 480
  Solve: 426.8940ms
 Island solver: 500.5578ms
Step: 975.4246ms
====================================
Loop: 481
  Solve: 427.4959ms
 Island solver: 499.8208ms
Step: 979.9976ms
====================================
Loop: 482
  Solve: 434.1302ms
 Island solver: 512.3302ms
Step: 988.6116ms
====================================
Loop: 483
  Solve: 428.9562ms
 Island solver: 503.1273ms
Step: 977.5801ms
====================================
Loop: 484
  Solve: 426.7637ms
 Island solver: 504.1125ms
Step: 977.4488ms
====================================
Loop: 485
  Solve: 425.8362ms
 Island solver: 499.1170ms
Step: 972.0604ms
====================================
Loop: 486
  Solve: 420.0529ms
 Island solver: 493.4311ms
Step: 964.9144ms
====================================
Loop: 487
  Solve: 419.3540ms
 Island solver: 499.8903ms
Step: 955.9825ms
====================================
Loop: 488
  Solve: 421.4920ms
 Island solver: 496.2358ms
Step: 964.0141ms
====================================
Loop: 489
  Solve: 416.1375ms
 Island solver: 509.6995ms
Step: 987.5512ms
====================================
Loop: 490
  Solve: 418.8153ms
 Island solver: 497.8656ms
Step: 969.2913ms
====================================
Loop: 491
  Solve: 415.2286ms
 Island solver: 492.4694ms
Step: 955.2664ms
====================================
Loop: 492
  Solve: 419.7923ms
 Island solver: 494.4961ms
Step: 952.1710ms
====================================
Loop: 493
  Solve: 424.5012ms
 Island solver: 499.1151ms
Step: 960.7628ms
====================================
Loop: 494
  Solve: 421.5489ms
 Island solver: 492.1006ms
Step: 959.8628ms
====================================
Loop: 495
  Solve: 426.5301ms
 Island solver: 497.7337ms
Step: 955.8570ms
====================================
Loop: 496
  Solve: 420.6907ms
 Island solver: 491.0773ms
Step: 949.4154ms
====================================
Loop: 497
  Solve: 422.1853ms
 Island solver: 491.0809ms
Step: 935.5058ms
====================================
Loop: 498
  Solve: 417.6196ms
 Island solver: 485.3509ms
Step: 937.9302ms
====================================
Loop: 499
  Solve: 417.3532ms
 Island solver: 494.6387ms
Step: 943.4873ms
====================================
Loop: 500
  Solve: 419.3813ms
 Island solver: 497.2230ms
Step: 942.4406ms
====================================
