Using platform vendor: Intel(R) Corporation
Loop: 0
  Solve: 0.0006ms
Step: 602.1490ms
====================================
Loop: 1
  Solve: 0.0013ms
Step: 297.6787ms
====================================
Loop: 2
  Solve: 0.0011ms
Step: 293.9756ms
====================================
Loop: 3
  Solve: 0.0011ms
Step: 293.1646ms
====================================
Loop: 4
  Solve: 0.0012ms
Step: 290.2707ms
====================================
Loop: 5
  Solve: 0.0011ms
Step: 294.5645ms
====================================
Loop: 6
  Solve: 0.0011ms
Step: 291.1638ms
====================================
Loop: 7
  Solve: 0.0012ms
Step: 293.9678ms
====================================
Loop: 8
  Solve: 0.0011ms
Step: 297.2619ms
====================================
Loop: 9
  Solve: 0.0011ms
Step: 290.9673ms
====================================
Loop: 10
  Solve: 0.0015ms
Step: 293.5610ms
====================================
Loop: 11
  Solve: 0.0010ms
Step: 294.9250ms
====================================
Loop: 12
  Solve: 0.0011ms
Step: 297.7100ms
====================================
Loop: 13
  Solve: 0.0010ms
Step: 293.6596ms
====================================
Loop: 14
  Solve: 0.0010ms
Step: 289.4191ms
====================================
Loop: 15
  Solve: 0.0010ms
Step: 296.2196ms
====================================
Loop: 16
  Solve: 0.0012ms
Step: 290.9390ms
====================================
Loop: 17
  Solve: 0.0008ms
Step: 294.1756ms
====================================
Loop: 18
  Solve: 0.0011ms
Step: 692.6724ms
====================================
Loop: 19
  Solve: 0.0011ms
Step: 293.0356ms
====================================
Loop: 20
  Solve: 0.0010ms
Step: 291.8377ms
====================================
Loop: 21
  Solve: 0.0011ms
Step: 295.2655ms
====================================
Loop: 22
  Solve: 0.0008ms
Step: 292.0088ms
====================================
Loop: 23
  Solve: 0.0009ms
Step: 289.1409ms
====================================
Loop: 24
  Solve: 0.0011ms
Step: 294.9162ms
====================================
Loop: 25
  Solve: 0.0011ms
Step: 291.4045ms
====================================
Loop: 26
  Solve: 0.0010ms
Step: 703.4861ms
====================================
Loop: 27
  Solve: 0.0011ms
Step: 290.1602ms
====================================
Loop: 28
  Solve: 0.0010ms
Step: 292.4094ms
====================================
Loop: 29
  Solve: 0.0011ms
Step: 292.0281ms
====================================
Loop: 30
  Solve: 0.0014ms
Step: 291.6373ms
====================================
Loop: 31
  Solve: 0.0010ms
Step: 293.1131ms
====================================
Loop: 32
  Solve: 0.0011ms
Step: 290.2918ms
====================================
Loop: 33
  Solve: 0.0011ms
Step: 697.0117ms
====================================
Loop: 34
  Solve: 0.0033ms
Step: 289.6088ms
====================================
Loop: 35
  Solve: 0.0011ms
Step: 293.0298ms
====================================
Loop: 36
  Solve: 0.0010ms
Step: 289.7629ms
====================================
Loop: 37
  Solve: 0.0011ms
Step: 291.9685ms
====================================
Loop: 38
  Solve: 0.0011ms
Step: 695.4819ms
====================================
Loop: 39
  Solve: 0.0012ms
Step: 295.4471ms
====================================
Loop: 40
  Solve: 0.0011ms
Step: 292.0309ms
====================================
Loop: 41
  Solve: 0.0011ms
Step: 292.6592ms
====================================
Loop: 42
  Solve: 0.0014ms
Step: 292.8039ms
====================================
Loop: 43
  Solve: 0.0011ms
Step: 695.1793ms
====================================
Loop: 44
  Solve: 0.0012ms
Step: 293.3896ms
====================================
Loop: 45
  Solve: 0.0011ms
Step: 290.7066ms
====================================
Loop: 46
  Solve: 0.0011ms
Step: 293.0258ms
====================================
Loop: 47
  Solve: 0.0011ms
Step: 688.6398ms
====================================
Loop: 48
  Solve: 0.0011ms
Step: 294.7814ms
====================================
Loop: 49
  Solve: 0.0011ms
Step: 290.2629ms
====================================
Loop: 50
  Solve: 0.0011ms
Step: 290.5624ms
====================================
Loop: 51
  Solve: 0.0011ms
Step: 690.9521ms
====================================
Loop: 52
  Solve: 0.0011ms
Step: 293.1409ms
====================================
Loop: 53
  Solve: 0.0011ms
Step: 291.1686ms
====================================
Loop: 54
  Solve: 8.2291ms
Step: 301.9614ms
====================================
Loop: 55
  Solve: 6.2395ms
Step: 696.1974ms
====================================
Loop: 56
  Solve: 8.4601ms
Step: 305.3145ms
====================================
Loop: 57
  Solve: 10.6121ms
Step: 309.2263ms
====================================
Loop: 58
  Solve: 13.1469ms
Step: 310.1496ms
====================================
Loop: 59
  Solve: 15.7348ms
Step: 692.3729ms
====================================
Loop: 60
  Solve: 17.7989ms
Step: 320.3642ms
====================================
Loop: 61
  Solve: 20.0824ms
Step: 327.5488ms
====================================
Loop: 62
  Solve: 24.4423ms
Step: 684.4758ms
====================================
Loop: 63
  Solve: 29.8058ms
Step: 343.9736ms
====================================
Loop: 64
  Solve: 28.4908ms
Step: 344.1803ms
====================================
Loop: 65
  Solve: 34.1122ms
Step: 693.0352ms
====================================
Loop: 66
  Solve: 38.6146ms
Step: 368.4807ms
====================================
Loop: 67
  Solve: 43.7950ms
Step: 374.4123ms
====================================
Loop: 68
  Solve: 40.6654ms
Step: 693.8960ms
====================================
Loop: 69
  Solve: 45.4764ms
Step: 375.0714ms
====================================
Loop: 70
  Solve: 49.3619ms
Step: 379.3629ms
====================================
Loop: 71
  Solve: 52.6422ms
Step: 705.2767ms
====================================
Loop: 72
  Solve: 65.5278ms
Step: 401.9829ms
====================================
Loop: 73
  Solve: 68.1807ms
Step: 406.9163ms
====================================
Loop: 74
  Solve: 70.1343ms
Step: 716.7691ms
====================================
Loop: 75
  Solve: 66.9258ms
Step: 413.0365ms
====================================
Loop: 76
  Solve: 77.1654ms
Step: 428.4606ms
====================================
Loop: 77
  Solve: 80.5734ms
Step: 722.0669ms
====================================
Loop: 78
  Solve: 87.7856ms
Step: 452.1619ms
====================================
Loop: 79
  Solve: 93.9368ms
Step: 462.7458ms
====================================
Loop: 80
  Solve: 100.4465ms
Step: 735.0606ms
====================================
Loop: 81
  Solve: 107.8244ms
Step: 486.8367ms
====================================
Loop: 82
  Solve: 115.8480ms
Step: 495.2015ms
====================================
Loop: 83
  Solve: 119.3350ms
Step: 758.7151ms
====================================
Loop: 84
  Solve: 128.1872ms
Step: 516.4640ms
====================================
Loop: 85
  Solve: 132.6355ms
Step: 519.5284ms
====================================
Loop: 86
  Solve: 140.8120ms
Step: 777.8698ms
====================================
Loop: 87
  Solve: 144.0098ms
Step: 547.0247ms
====================================
Loop: 88
  Solve: 153.3568ms
Step: 557.0641ms
====================================
Loop: 89
  Solve: 157.9220ms
Step: 792.2451ms
====================================
Loop: 90
  Solve: 162.6961ms
Step: 580.7068ms
====================================
Loop: 91
  Solve: 170.0826ms
Step: 594.8007ms
====================================
Loop: 92
  Solve: 181.0900ms
Step: 819.2390ms
====================================
Loop: 93
  Solve: 187.9593ms
Step: 624.2687ms
====================================
Loop: 94
  Solve: 196.0096ms
Step: 838.6729ms
====================================
Loop: 95
  Solve: 190.2433ms
Step: 646.6049ms
====================================
Loop: 96
  Solve: 207.3763ms
Step: 856.9608ms
====================================
Loop: 97
  Solve: 223.3963ms
Step: 721.0255ms
====================================
Loop: 98
  Solve: 215.2721ms
Step: 895.9211ms
====================================
Loop: 99
  Solve: 223.4265ms
Step: 725.5950ms
====================================
Loop: 100
  Solve: 218.0042ms
Step: 911.5885ms
====================================
Loop: 101
  Solve: 227.9984ms
Step: 757.3474ms
====================================
Loop: 102
  Solve: 240.6799ms
Step: 940.2072ms
====================================
Loop: 103
  Solve: 245.0481ms
Step: 801.1863ms
====================================
Loop: 104
  Solve: 258.8252ms
Step: 975.6933ms
====================================
Loop: 105
  Solve: 256.8059ms
Step: 833.4467ms
====================================
Loop: 106
  Solve: 251.6648ms
Step: 988.2793ms
====================================
Loop: 107
  Solve: 254.4090ms
Step: 861.6127ms
====================================
Loop: 108
  Solve: 261.6255ms
Step: 1015.2635ms
====================================
Loop: 109
  Solve: 266.5207ms
Step: 903.0371ms
====================================
Loop: 110
  Solve: 272.2757ms
Step: 1042.9835ms
====================================
Loop: 111
  Solve: 275.7751ms
Step: 947.3622ms
====================================
Loop: 112
  Solve: 281.4654ms
Step: 1076.2311ms
====================================
Loop: 113
  Solve: 296.0767ms
Step: 1007.9810ms
====================================
Loop: 114
  Solve: 302.7988ms
Step: 1135.9844ms
====================================
Loop: 115
  Solve: 307.8155ms
Step: 1051.7139ms
====================================
Loop: 116
  Solve: 316.2920ms
Step: 1182.1509ms
====================================
Loop: 117
  Solve: 315.0327ms
Step: 1102.7260ms
====================================
Loop: 118
  Solve: 318.1135ms
Step: 1206.8674ms
====================================
Loop: 119
  Solve: 315.3555ms
Step: 1152.6311ms
====================================
Loop: 120
  Solve: 319.2139ms
Step: 1261.2633ms
====================================
Loop: 121
  Solve: 323.0301ms
Step: 1250.6768ms
====================================
Loop: 122
  Solve: 343.9325ms
Step: 1356.6694ms
====================================
Loop: 123
  Solve: 321.9916ms
Step: 1270.5756ms
====================================
Loop: 124
  Solve: 344.2957ms
Step: 1368.6185ms
====================================
Loop: 125
  Solve: 348.5245ms
Step: 1344.4885ms
====================================
Loop: 126
  Solve: 336.6698ms
Step: 1466.4568ms
====================================
Loop: 127
  Solve: 343.4022ms
Step: 1380.0311ms
====================================
Loop: 128
  Solve: 340.5495ms
Step: 1425.1510ms
====================================
Loop: 129
  Solve: 349.4657ms
Step: 1448.9285ms
====================================
Loop: 130
  Solve: 341.0518ms
Step: 1464.1528ms
====================================
Loop: 131
  Solve: 352.0052ms
Step: 1466.7649ms
====================================
Loop: 132
  Solve: 347.6885ms
Step: 1491.9370ms
====================================
Loop: 133
  Solve: 355.9321ms
Step: 1516.8484ms
====================================
Loop: 134
  Solve: 350.1931ms
Step: 1519.7544ms
====================================
Loop: 135
  Solve: 357.7846ms
Step: 1532.9515ms
====================================
Loop: 136
  Solve: 342.5851ms
Step: 1528.9460ms
====================================
Loop: 137
  Solve: 348.1716ms
Step: 1534.6658ms
====================================
Loop: 138
  Solve: 332.4521ms
Step: 1521.3940ms
====================================
Loop: 139
  Solve: 334.7841ms
Step: 1539.2520ms
====================================
Loop: 140
  Solve: 320.9857ms
Step: 1520.2051ms
====================================
Loop: 141
  Solve: 316.3611ms
Step: 1507.1389ms
====================================
Loop: 142
  Solve: 310.0991ms
Step: 1505.2089ms
====================================
Loop: 143
  Solve: 318.2430ms
Step: 1512.0901ms
====================================
Loop: 144
  Solve: 302.5992ms
Step: 1510.5438ms
====================================
Loop: 145
  Solve: 302.0301ms
Step: 1500.8040ms
====================================
Loop: 146
  Solve: 291.4928ms
Step: 1504.2975ms
====================================
Loop: 147
  Solve: 295.9480ms
Step: 1501.5940ms
====================================
Loop: 148
  Solve: 289.8358ms
Step: 1528.0352ms
====================================
Loop: 149
  Solve: 286.1321ms
Step: 1506.3970ms
====================================
Loop: 150
  Solve: 277.1218ms
Step: 1498.0881ms
====================================
Loop: 151
  Solve: 275.6924ms
Step: 1484.2520ms
====================================
Loop: 152
  Solve: 276.9196ms
Step: 1485.7122ms
====================================
Loop: 153
  Solve: 271.6699ms
Step: 1477.9573ms
====================================
Loop: 154
  Solve: 265.1103ms
Step: 1481.6450ms
====================================
Loop: 155
  Solve: 260.9608ms
Step: 1470.1372ms
====================================
Loop: 156
  Solve: 256.9571ms
Step: 1464.1611ms
====================================
Loop: 157
  Solve: 269.1338ms
Step: 1477.1187ms
====================================
Loop: 158
  Solve: 272.3088ms
Step: 1589.1541ms
====================================
Loop: 159
  Solve: 388.2189ms
Step: 1919.8093ms
====================================
Loop: 160
  Solve: 256.8642ms
Step: 1529.6130ms
====================================
Loop: 161
  Solve: 241.6564ms
Step: 1439.8387ms
====================================
Loop: 162
  Solve: 241.4026ms
Step: 1455.5326ms
====================================
Loop: 163
  Solve: 230.2051ms
Step: 1443.5936ms
====================================
Loop: 164
  Solve: 221.5101ms
Step: 1427.8522ms
====================================
Loop: 165
  Solve: 219.2170ms
Step: 1426.9287ms
====================================
Loop: 166
  Solve: 218.8208ms
Step: 1431.8220ms
====================================
Loop: 167
  Solve: 218.2495ms
Step: 1417.6447ms
====================================
Loop: 168
  Solve: 221.9160ms
Step: 1406.2661ms
====================================
Loop: 169
  Solve: 210.6703ms
Step: 1408.8301ms
====================================
Loop: 170
  Solve: 200.5421ms
Step: 1396.1481ms
====================================
Loop: 171
  Solve: 203.3980ms
Step: 1401.7761ms
====================================
Loop: 172
  Solve: 201.9114ms
Step: 1390.9893ms
====================================
Loop: 173
  Solve: 206.6978ms
Step: 1390.7307ms
====================================
Loop: 174
  Solve: 185.1210ms
Step: 1368.9153ms
====================================
Loop: 175
  Solve: 185.5729ms
Step: 1376.4514ms
====================================
Loop: 176
  Solve: 187.6793ms
Step: 1376.7161ms
====================================
Loop: 177
  Solve: 190.5085ms
Step: 1375.2612ms
====================================
Loop: 178
  Solve: 177.8559ms
Step: 1369.2513ms
====================================
Loop: 179
  Solve: 181.6421ms
Step: 1364.1769ms
====================================
Loop: 180
  Solve: 183.6671ms
Step: 1346.3103ms
====================================
Loop: 181
  Solve: 178.0967ms
Step: 1341.6448ms
====================================
Loop: 182
  Solve: 175.5806ms
Step: 1346.6793ms
====================================
Loop: 183
  Solve: 187.1151ms
Step: 1349.2894ms
====================================
Loop: 184
  Solve: 183.1742ms
Step: 1336.9833ms
====================================
Loop: 185
  Solve: 173.6862ms
Step: 1341.7825ms
====================================
Loop: 186
  Solve: 182.4931ms
Step: 1356.4265ms
====================================
Loop: 187
  Solve: 205.3713ms
Step: 1388.2524ms
====================================
Loop: 188
  Solve: 185.5379ms
Step: 1356.7173ms
====================================
Loop: 189
  Solve: 173.0663ms
Step: 1349.2246ms
====================================
Loop: 190
  Solve: 181.9037ms
Step: 1341.7437ms
====================================
Loop: 191
  Solve: 172.6830ms
Step: 1332.1533ms
====================================
Loop: 192
  Solve: 174.9281ms
Step: 1335.5244ms
====================================
Loop: 193
  Solve: 188.5729ms
Step: 1332.9672ms
====================================
Loop: 194
  Solve: 171.9096ms
Step: 1322.1555ms
====================================
Loop: 195
  Solve: 173.1040ms
Step: 1317.4398ms
====================================
Loop: 196
  Solve: 182.2674ms
Step: 1323.9524ms
====================================
Loop: 197
  Solve: 174.5893ms
Step: 1320.3071ms
====================================
Loop: 198
  Solve: 177.5001ms
Step: 1328.5573ms
====================================
Loop: 199
  Solve: 175.8709ms
Step: 1311.0092ms
====================================
Loop: 200
  Solve: 181.0607ms
Step: 1322.9158ms
====================================
Loop: 201
  Solve: 178.7004ms
Step: 1319.2933ms
====================================
Loop: 202
  Solve: 180.8213ms
Step: 1317.9353ms
====================================
Loop: 203
  Solve: 180.6555ms
Step: 1324.3403ms
====================================
Loop: 204
  Solve: 185.1663ms
Step: 1324.6755ms
====================================
Loop: 205
  Solve: 175.1266ms
Step: 1316.7079ms
====================================
Loop: 206
  Solve: 175.0614ms
Step: 1324.1069ms
====================================
Loop: 207
  Solve: 190.9325ms
Step: 1329.7974ms
====================================
Loop: 208
  Solve: 174.1002ms
Step: 1312.0703ms
====================================
Loop: 209
  Solve: 175.2993ms
Step: 1319.9565ms
====================================
Loop: 210
  Solve: 185.8686ms
Step: 1314.1058ms
====================================
Loop: 211
  Solve: 174.7423ms
Step: 1313.2268ms
====================================
Loop: 212
  Solve: 176.9339ms
Step: 1323.0236ms
====================================
Loop: 213
  Solve: 193.7885ms
Step: 1331.2048ms
====================================
Loop: 214
  Solve: 176.8721ms
Step: 1330.2466ms
====================================
Loop: 215
  Solve: 180.1935ms
Step: 1339.0997ms
====================================
Loop: 216
  Solve: 193.0358ms
Step: 1350.0481ms
====================================
Loop: 217
  Solve: 181.4811ms
Step: 1352.9351ms
====================================
Loop: 218
  Solve: 190.9489ms
Step: 1436.6497ms
====================================
Loop: 219
  Solve: 188.1885ms
Step: 1350.8116ms
====================================
Loop: 220
  Solve: 188.9829ms
Step: 1357.6812ms
====================================
Loop: 221
  Solve: 189.4729ms
Step: 1376.3950ms
====================================
Loop: 222
  Solve: 184.2876ms
Step: 1368.7949ms
====================================
Loop: 223
  Solve: 197.0537ms
Step: 1369.5588ms
====================================
Loop: 224
  Solve: 202.0043ms
Step: 1370.2480ms
====================================
Loop: 225
  Solve: 188.9431ms
Step: 1366.1323ms
====================================
Loop: 226
  Solve: 232.0479ms
Step: 1419.7433ms
====================================
Loop: 227
  Solve: 211.8440ms
Step: 1395.2578ms
====================================
Loop: 228
  Solve: 193.4718ms
Step: 1362.7107ms
====================================
Loop: 229
  Solve: 194.1785ms
Step: 1368.0112ms
====================================
Loop: 230
  Solve: 193.2407ms
Step: 1372.7494ms
====================================
Loop: 231
  Solve: 201.6446ms
Step: 1377.6404ms
====================================
Loop: 232
  Solve: 200.9169ms
Step: 1408.7927ms
====================================
Loop: 233
  Solve: 197.1269ms
Step: 1401.9333ms
====================================
Loop: 234
  Solve: 192.2404ms
Step: 1375.9521ms
====================================
Loop: 235
  Solve: 195.7307ms
Step: 1373.1614ms
====================================
Loop: 236
  Solve: 203.6134ms
Step: 1408.4818ms
====================================
Loop: 237
  Solve: 206.3879ms
Step: 1366.7494ms
====================================
Loop: 238
  Solve: 193.3946ms
Step: 1376.7505ms
====================================
Loop: 239
  Solve: 193.3590ms
Step: 1360.9790ms
====================================
Loop: 240
  Solve: 198.4772ms
Step: 1370.1017ms
====================================
Loop: 241
  Solve: 193.1671ms
Step: 1358.3033ms
====================================
Loop: 242
  Solve: 193.5599ms
Step: 1373.8330ms
====================================
Loop: 243
  Solve: 199.2593ms
Step: 1438.5752ms
====================================
Loop: 244
  Solve: 205.3475ms
Step: 1381.8851ms
====================================
Loop: 245
  Solve: 201.2339ms
Step: 1359.4249ms
====================================
Loop: 246
  Solve: 191.7879ms
Step: 1377.5400ms
====================================
Loop: 247
  Solve: 191.7858ms
Step: 1353.4196ms
====================================
Loop: 248
  Solve: 200.1006ms
Step: 1371.3129ms
====================================
Loop: 249
  Solve: 194.5005ms
Step: 1355.7747ms
====================================
Loop: 250
  Solve: 190.8943ms
Step: 1371.4424ms
====================================
Loop: 251
  Solve: 195.3608ms
Step: 1365.4233ms
====================================
Loop: 252
  Solve: 195.2701ms
Step: 1377.5981ms
====================================
Loop: 253
  Solve: 203.4658ms
Step: 1367.2103ms
====================================
Loop: 254
  Solve: 192.5019ms
Step: 1372.2955ms
====================================
Loop: 255
  Solve: 197.4641ms
Step: 1383.8865ms
====================================
Loop: 256
  Solve: 200.5680ms
Step: 1372.0479ms
====================================
Loop: 257
  Solve: 194.8647ms
Step: 1362.4695ms
====================================
Loop: 258
  Solve: 195.2044ms
Step: 1381.0347ms
====================================
Loop: 259
  Solve: 203.1284ms
Step: 1374.3630ms
====================================
Loop: 260
  Solve: 204.1699ms
Step: 1391.4863ms
====================================
Loop: 261
  Solve: 201.0260ms
Step: 1372.5168ms
====================================
Loop: 262
  Solve: 196.8634ms
Step: 1383.5466ms
====================================
Loop: 263
  Solve: 203.2497ms
Step: 1368.3958ms
====================================
Loop: 264
  Solve: 202.2977ms
Step: 1377.3335ms
====================================
Loop: 265
  Solve: 199.9270ms
Step: 1371.6541ms
====================================
Loop: 266
  Solve: 199.2197ms
Step: 1388.7047ms
====================================
Loop: 267
  Solve: 203.0108ms
Step: 1378.9663ms
====================================
Loop: 268
  Solve: 203.7365ms
Step: 1426.2739ms
====================================
Loop: 269
  Solve: 218.3699ms
Step: 1444.9377ms
====================================
Loop: 270
  Solve: 217.2830ms
Step: 1418.0583ms
====================================
Loop: 271
  Solve: 213.0928ms
Step: 1398.2214ms
====================================
Loop: 272
  Solve: 199.7258ms
Step: 1372.5024ms
====================================
Loop: 273
  Solve: 207.4974ms
Step: 1402.6138ms
====================================
Loop: 274
  Solve: 205.7645ms
Step: 1382.0979ms
====================================
Loop: 275
  Solve: 200.2535ms
Step: 1384.8824ms
====================================
Loop: 276
  Solve: 199.5859ms
Step: 1396.1323ms
====================================
Loop: 277
  Solve: 205.4061ms
Step: 1393.7574ms
====================================
Loop: 278
  Solve: 202.3841ms
Step: 1399.2247ms
====================================
Loop: 279
  Solve: 200.2782ms
Step: 1378.7150ms
====================================
Loop: 280
  Solve: 199.3654ms
Step: 1396.7554ms
====================================
Loop: 281
  Solve: 202.4328ms
Step: 1405.9086ms
====================================
Loop: 282
  Solve: 210.6296ms
Step: 1406.4595ms
====================================
Loop: 283
  Solve: 212.4872ms
Step: 1422.9349ms
====================================
Loop: 284
  Solve: 201.9813ms
Step: 1392.9360ms
====================================
Loop: 285
  Solve: 200.5603ms
Step: 1409.6890ms
====================================
Loop: 286
  Solve: 203.9747ms
Step: 1412.8533ms
====================================
Loop: 287
  Solve: 209.5520ms
Step: 1408.0066ms
====================================
Loop: 288
  Solve: 203.3776ms
Step: 1403.3707ms
====================================
Loop: 289
  Solve: 204.2065ms
Step: 1396.2375ms
====================================
Loop: 290
  Solve: 198.7405ms
Step: 1412.4658ms
====================================
Loop: 291
  Solve: 205.0810ms
Step: 1408.7051ms
====================================
Loop: 292
  Solve: 206.9790ms
Step: 1398.6580ms
====================================
Loop: 293
  Solve: 203.2685ms
Step: 1398.3718ms
====================================
Loop: 294
  Solve: 200.2897ms
Step: 1396.1538ms
====================================
Loop: 295
  Solve: 216.2020ms
Step: 1436.3993ms
====================================
Loop: 296
  Solve: 213.9340ms
Step: 1414.2174ms
====================================
Loop: 297
  Solve: 204.5493ms
Step: 1388.6493ms
====================================
Loop: 298
  Solve: 198.1343ms
Step: 1387.6797ms
====================================
Loop: 299
  Solve: 199.4072ms
Step: 1394.4938ms
====================================
Loop: 300
  Solve: 200.8305ms
Step: 1398.6276ms
====================================
Loop: 301
  Solve: 211.2518ms
Step: 1414.2152ms
====================================
Loop: 302
  Solve: 206.1299ms
Step: 1394.3265ms
====================================
Loop: 303
  Solve: 198.1935ms
Step: 1377.7997ms
====================================
Loop: 304
  Solve: 192.4865ms
Step: 1422.7384ms
====================================
Loop: 305
  Solve: 205.8294ms
Step: 1400.7698ms
====================================
Loop: 306
  Solve: 203.7112ms
Step: 1373.0883ms
====================================
Loop: 307
  Solve: 199.8109ms
Step: 1370.6897ms
====================================
Loop: 308
  Solve: 198.5681ms
Step: 1408.2760ms
====================================
Loop: 309
  Solve: 189.4812ms
Step: 1358.3934ms
====================================
Loop: 310
  Solve: 189.3165ms
Step: 1348.5018ms
====================================
Loop: 311
  Solve: 189.6079ms
Step: 1354.6788ms
====================================
Loop: 312
  Solve: 187.5527ms
Step: 1347.0018ms
====================================
Loop: 313
  Solve: 191.1051ms
Step: 1350.4590ms
====================================
Loop: 314
  Solve: 202.4853ms
Step: 1361.3807ms
====================================
Loop: 315
  Solve: 186.0623ms
Step: 1343.9307ms
====================================
Loop: 316
  Solve: 185.3573ms
Step: 1348.9541ms
====================================
Loop: 317
  Solve: 192.7514ms
Step: 1340.8918ms
====================================
Loop: 318
  Solve: 183.8299ms
Step: 1334.7448ms
====================================
Loop: 319
  Solve: 187.6695ms
Step: 1363.0291ms
====================================
Loop: 320
  Solve: 198.6717ms
Step: 1338.5302ms
====================================
Loop: 321
  Solve: 188.9548ms
Step: 1329.7850ms
====================================
Loop: 322
  Solve: 183.4987ms
Step: 1324.4257ms
====================================
Loop: 323
  Solve: 187.8714ms
Step: 1318.5604ms
====================================
Loop: 324
  Solve: 178.3069ms
Step: 1306.2228ms
====================================
Loop: 325
  Solve: 181.5178ms
Step: 1303.1029ms
====================================
Loop: 326
  Solve: 183.7352ms
Step: 1298.5533ms
====================================
Loop: 327
  Solve: 187.2472ms
Step: 1403.7385ms
====================================
Loop: 328
  Solve: 179.9163ms
Step: 1300.0586ms
====================================
Loop: 329
  Solve: 183.1070ms
Step: 1296.6281ms
====================================
Loop: 330
  Solve: 173.9726ms
Step: 1285.6855ms
====================================
Loop: 331
  Solve: 188.0560ms
Step: 1293.1951ms
====================================
Loop: 332
  Solve: 170.7931ms
Step: 1300.0684ms
====================================
Loop: 333
  Solve: 179.7132ms
Step: 1275.8680ms
====================================
Loop: 334
  Solve: 169.5512ms
Step: 1264.5005ms
====================================
Loop: 335
  Solve: 175.2775ms
Step: 1267.0505ms
====================================
Loop: 336
  Solve: 168.8383ms
Step: 1266.0493ms
====================================
Loop: 337
  Solve: 171.5287ms
Step: 1270.9995ms
====================================
Loop: 338
  Solve: 173.6831ms
Step: 1254.5282ms
====================================
Loop: 339
  Solve: 169.1409ms
Step: 1242.4523ms
====================================
Loop: 340
  Solve: 165.4921ms
Step: 1241.5444ms
====================================
Loop: 341
  Solve: 165.6342ms
Step: 1238.5911ms
====================================
Loop: 342
  Solve: 162.6855ms
Step: 1234.4104ms
====================================
Loop: 343
  Solve: 167.0379ms
Step: 1230.7513ms
====================================
Loop: 344
  Solve: 159.2654ms
Step: 1232.2993ms
====================================
Loop: 345
  Solve: 168.4388ms
Step: 1218.6743ms
====================================
Loop: 346
  Solve: 157.2879ms
Step: 1218.0308ms
====================================
Loop: 347
  Solve: 161.0655ms
Step: 1215.1538ms
====================================
Loop: 348
  Solve: 162.0184ms
Step: 1221.0280ms
====================================
Loop: 349
  Solve: 155.4572ms
Step: 1195.6639ms
====================================
Loop: 350
  Solve: 158.0365ms
Step: 1183.1062ms
====================================
Loop: 351
  Solve: 156.0164ms
Step: 1255.8881ms
====================================
Loop: 352
  Solve: 166.6808ms
Step: 1196.2200ms
====================================
Loop: 353
  Solve: 156.8326ms
Step: 1186.7111ms
====================================
Loop: 354
  Solve: 151.1942ms
Step: 1177.2000ms
====================================
Loop: 355
  Solve: 174.9826ms
Step: 1186.9062ms
====================================
Loop: 356
  Solve: 149.3022ms
Step: 1174.9692ms
====================================
Loop: 357
  Solve: 156.7890ms
Step: 1163.7214ms
====================================
Loop: 358
  Solve: 154.0921ms
Step: 1206.3845ms
====================================
Loop: 359
  Solve: 147.3781ms
Step: 1152.4241ms
====================================
Loop: 360
  Solve: 155.2281ms
Step: 1163.3911ms
====================================
Loop: 361
  Solve: 152.3974ms
Step: 1142.7327ms
====================================
Loop: 362
  Solve: 146.0144ms
Step: 1137.7844ms
====================================
Loop: 363
  Solve: 145.7847ms
Step: 1138.0220ms
====================================
Loop: 364
  Solve: 148.0659ms
Step: 1133.7520ms
====================================
Loop: 365
  Solve: 149.0069ms
Step: 1126.9192ms
====================================
Loop: 366
  Solve: 146.6600ms
Step: 1122.6581ms
====================================
Loop: 367
  Solve: 143.7792ms
Step: 1117.5859ms
====================================
Loop: 368
  Solve: 153.5560ms
Step: 1116.1121ms
====================================
Loop: 369
  Solve: 150.8364ms
Step: 1105.2291ms
====================================
Loop: 370
  Solve: 141.9314ms
Step: 1101.0797ms
====================================
Loop: 371
  Solve: 140.6903ms
Step: 1092.4897ms
====================================
Loop: 372
  Solve: 139.9644ms
Step: 1093.9673ms
====================================
Loop: 373
  Solve: 146.0209ms
Step: 1091.9791ms
====================================
Loop: 374
  Solve: 157.3750ms
Step: 1090.8304ms
====================================
Loop: 375
  Solve: 145.0153ms
Step: 1074.5547ms
====================================
Loop: 376
  Solve: 137.1176ms
Step: 1076.7155ms
====================================
Loop: 377
  Solve: 136.5288ms
Step: 1078.8843ms
====================================
Loop: 378
  Solve: 135.3262ms
Step: 1078.2633ms
====================================
Loop: 379
  Solve: 137.1189ms
Step: 1059.2578ms
====================================
Loop: 380
  Solve: 151.8405ms
Step: 1063.6565ms
====================================
Loop: 381
  Solve: 144.9567ms
Step: 1053.1991ms
====================================
Loop: 382
  Solve: 143.0108ms
Step: 1040.8696ms
====================================
Loop: 383
  Solve: 136.5342ms
Step: 1043.5217ms
====================================
Loop: 384
  Solve: 135.9330ms
Step: 1041.8270ms
====================================
Loop: 385
  Solve: 133.0762ms
Step: 1031.8035ms
====================================
Loop: 386
  Solve: 132.8629ms
Step: 1030.7637ms
====================================
Loop: 387
  Solve: 131.2019ms
Step: 1025.9403ms
====================================
Loop: 388
  Solve: 131.8652ms
Step: 1028.0443ms
====================================
Loop: 389
  Solve: 131.3435ms
Step: 1023.2147ms
====================================
Loop: 390
  Solve: 130.1802ms
Step: 1016.0608ms
====================================
Loop: 391
  Solve: 129.9400ms
Step: 1014.3363ms
====================================
Loop: 392
  Solve: 129.0721ms
Step: 1014.6939ms
====================================
Loop: 393
  Solve: 128.7420ms
Step: 1010.5771ms
====================================
Loop: 394
  Solve: 128.3189ms
Step: 1007.9630ms
====================================
Loop: 395
  Solve: 127.9827ms
Step: 1006.4787ms
====================================
Loop: 396
  Solve: 128.7106ms
Step: 1002.2182ms
====================================
Loop: 397
  Solve: 127.2021ms
Step: 997.8201ms
====================================
Loop: 398
  Solve: 177.0733ms
Step: 1048.8997ms
====================================
Loop: 399
  Solve: 137.0467ms
Step: 1057.4800ms
====================================
Loop: 400
  Solve: 125.9734ms
Step: 986.3093ms
====================================
Loop: 401
  Solve: 125.1581ms
Step: 981.3960ms
====================================
Loop: 402
  Solve: 125.6541ms
Step: 980.6741ms
====================================
Loop: 403
  Solve: 125.5604ms
Step: 995.1326ms
====================================
Loop: 404
  Solve: 124.9705ms
Step: 989.1022ms
====================================
Loop: 405
  Solve: 127.5321ms
Step: 1021.5934ms
====================================
Loop: 406
  Solve: 124.6064ms
Step: 972.8057ms
====================================
Loop: 407
  Solve: 124.3003ms
Step: 963.7606ms
====================================
Loop: 408
  Solve: 124.1710ms
Step: 958.8934ms
====================================
Loop: 409
  Solve: 123.7649ms
Step: 962.1628ms
====================================
Loop: 410
  Solve: 123.5960ms
Step: 951.4006ms
====================================
Loop: 411
  Solve: 124.6488ms
Step: 952.3448ms
====================================
Loop: 412
  Solve: 126.6373ms
Step: 947.4412ms
====================================
Loop: 413
  Solve: 139.9438ms
Step: 956.0533ms
====================================
Loop: 414
  Solve: 125.8074ms
Step: 939.0501ms
====================================
Loop: 415
  Solve: 126.3159ms
Step: 942.0036ms
====================================
Loop: 416
  Solve: 126.1421ms
Step: 944.0437ms
====================================
Loop: 417
  Solve: 120.7368ms
Step: 925.8177ms
====================================
Loop: 418
  Solve: 120.2063ms
Step: 926.1273ms
====================================
Loop: 419
  Solve: 122.5116ms
Step: 923.8029ms
====================================
Loop: 420
  Solve: 130.3093ms
Step: 929.4645ms
====================================
Loop: 421
  Solve: 143.3561ms
Step: 976.5658ms
====================================
Loop: 422
  Solve: 125.1198ms
Step: 928.6281ms
====================================
Loop: 423
  Solve: 119.5396ms
Step: 926.7408ms
====================================
Loop: 424
  Solve: 120.4106ms
Step: 913.8174ms
====================================
Loop: 425
  Solve: 119.2090ms
Step: 912.4692ms
====================================
Loop: 426
  Solve: 122.3275ms
Step: 908.8033ms
====================================
Loop: 427
  Solve: 129.8783ms
Step: 915.5750ms
====================================
Loop: 428
  Solve: 128.3757ms
Step: 911.6063ms
====================================
Loop: 429
  Solve: 127.0272ms
Step: 927.4628ms
====================================
Loop: 430
  Solve: 118.6527ms
Step: 896.3520ms
====================================
Loop: 431
  Solve: 118.9889ms
Step: 893.3007ms
====================================
Loop: 432
  Solve: 131.6859ms
Step: 898.4452ms
====================================
Loop: 433
  Solve: 123.6781ms
Step: 893.2140ms
====================================
Loop: 434
  Solve: 118.3843ms
Step: 889.8895ms
====================================
Loop: 435
  Solve: 117.3735ms
Step: 885.8797ms
====================================
Loop: 436
  Solve: 121.2056ms
Step: 882.1103ms
====================================
Loop: 437
  Solve: 119.6893ms
Step: 884.6880ms
====================================
Loop: 438
  Solve: 121.7574ms
Step: 889.7525ms
====================================
Loop: 439
  Solve: 117.1099ms
Step: 906.7919ms
====================================
Loop: 440
  Solve: 120.0784ms
Step: 884.0707ms
====================================
Loop: 441
  Solve: 124.3643ms
Step: 873.8158ms
====================================
Loop: 442
  Solve: 115.3822ms
Step: 879.1747ms
====================================
Loop: 443
  Solve: 115.2654ms
Step: 864.2938ms
====================================
Loop: 444
  Solve: 118.6712ms
Step: 875.5194ms
====================================
Loop: 445
  Solve: 125.1121ms
Step: 882.8014ms
====================================
Loop: 446
  Solve: 118.6410ms
Step: 879.3353ms
====================================
Loop: 447
  Solve: 114.8236ms
Step: 866.5643ms
====================================
Loop: 448
  Solve: 118.9121ms
Step: 867.4681ms
====================================
Loop: 449
  Solve: 117.9842ms
Step: 870.2032ms
====================================
Loop: 450
  Solve: 115.7196ms
Step: 876.6727ms
====================================
Loop: 451
  Solve: 115.5981ms
Step: 862.5257ms
====================================
Loop: 452
  Solve: 119.1089ms
Step: 868.6562ms
====================================
Loop: 453
  Solve: 122.6517ms
Step: 865.8539ms
====================================
Loop: 454
  Solve: 122.2458ms
Step: 867.7178ms
====================================
Loop: 455
  Solve: 115.0182ms
Step: 867.4022ms
====================================
Loop: 456
  Solve: 130.6391ms
Step: 869.2838ms
====================================
Loop: 457
  Solve: 118.8918ms
Step: 857.8365ms
====================================
Loop: 458
  Solve: 115.5262ms
Step: 850.6772ms
====================================
Loop: 459
  Solve: 118.9121ms
Step: 849.5537ms
====================================
Loop: 460
  Solve: 116.8808ms
Step: 851.2739ms
====================================
Loop: 461
  Solve: 121.4290ms
Step: 847.1674ms
====================================
Loop: 462
  Solve: 115.8822ms
Step: 845.6184ms
====================================
Loop: 463
  Solve: 118.9501ms
Step: 841.1758ms
====================================
Loop: 464
  Solve: 115.6691ms
Step: 839.4646ms
====================================
Loop: 465
  Solve: 117.3511ms
Step: 832.8475ms
====================================
Loop: 466
  Solve: 116.4308ms
Step: 831.3904ms
====================================
Loop: 467
  Solve: 118.9892ms
Step: 832.4401ms
====================================
Loop: 468
  Solve: 115.1928ms
Step: 833.1034ms
====================================
Loop: 469
  Solve: 117.4681ms
Step: 829.4377ms
====================================
Loop: 470
  Solve: 116.0589ms
Step: 833.2057ms
====================================
Loop: 471
  Solve: 117.8234ms
Step: 824.7123ms
====================================
Loop: 472
  Solve: 117.8257ms
Step: 831.4216ms
====================================
Loop: 473
  Solve: 121.5049ms
Step: 833.2960ms
====================================
Loop: 474
  Solve: 116.5925ms
Step: 877.1164ms
====================================
Loop: 475
  Solve: 120.5737ms
Step: 824.8774ms
====================================
Loop: 476
  Solve: 116.1600ms
Step: 824.2771ms
====================================
Loop: 477
  Solve: 117.5353ms
Step: 813.9935ms
====================================
Loop: 478
  Solve: 119.1643ms
Step: 825.3124ms
====================================
Loop: 479
  Solve: 123.8046ms
Step: 830.4931ms
====================================
Loop: 480
  Solve: 116.9839ms
Step: 819.2056ms
====================================
Loop: 481
  Solve: 117.0877ms
Step: 813.5406ms
====================================
Loop: 482
  Solve: 115.1956ms
Step: 809.2413ms
====================================
Loop: 483
  Solve: 123.0893ms
Step: 812.3303ms
====================================
Loop: 484
  Solve: 116.4641ms
Step: 810.4635ms
====================================
Loop: 485
  Solve: 126.8006ms
Step: 829.6635ms
====================================
Loop: 486
  Solve: 121.8077ms
Step: 851.9079ms
====================================
Loop: 487
  Solve: 159.7800ms
Step: 916.1299ms
====================================
Loop: 488
  Solve: 119.2280ms
Step: 811.8669ms
====================================
Loop: 489
  Solve: 124.4753ms
Step: 816.2390ms
====================================
Loop: 490
  Solve: 117.6918ms
Step: 822.4355ms
====================================
Loop: 491
  Solve: 115.4516ms
Step: 806.0058ms
====================================
Loop: 492
  Solve: 118.8450ms
Step: 807.6286ms
====================================
Loop: 493
  Solve: 115.3125ms
Step: 808.1909ms
====================================
Loop: 494
  Solve: 119.2136ms
Step: 801.2277ms
====================================
Loop: 495
  Solve: 116.4502ms
Step: 814.0898ms
====================================
Loop: 496
  Solve: 127.1575ms
Step: 817.9424ms
====================================
Loop: 497
  Solve: 127.0737ms
Step: 804.6356ms
====================================
Loop: 498
  Solve: 114.4306ms
Step: 800.0056ms
====================================
Loop: 499
  Solve: 115.9151ms
Step: 798.4714ms
====================================
Loop: 500
  Solve: 122.7144ms
Step: 812.1306ms
====================================
