Using platform vendor: NVIDIA Corporation
Loop: 0
  Solve: 0.0006ms
Step: 612.6727ms
====================================
Loop: 1
  Solve: 0.0012ms
Step: 296.3588ms
====================================
Loop: 2
  Solve: 0.0012ms
Step: 304.6195ms
====================================
Loop: 3
  Solve: 0.0012ms
Step: 301.0354ms
====================================
Loop: 4
  Solve: 0.0013ms
Step: 342.9841ms
====================================
Loop: 5
  Solve: 0.0015ms
Step: 299.6709ms
====================================
Loop: 6
  Solve: 0.0011ms
Step: 296.6223ms
====================================
Loop: 7
  Solve: 0.0013ms
Step: 351.9211ms
====================================
Loop: 8
  Solve: 0.0011ms
Step: 303.3197ms
====================================
Loop: 9
  Solve: 0.0015ms
Step: 299.4178ms
====================================
Loop: 10
  Solve: 0.0012ms
Step: 299.9016ms
====================================
Loop: 11
  Solve: 0.0012ms
Step: 293.8723ms
====================================
Loop: 12
  Solve: 0.0012ms
Step: 301.1687ms
====================================
Loop: 13
  Solve: 0.0011ms
Step: 295.3318ms
====================================
Loop: 14
  Solve: 0.0012ms
Step: 299.0648ms
====================================
Loop: 15
  Solve: 0.0012ms
Step: 313.6964ms
====================================
Loop: 16
  Solve: 0.0014ms
Step: 300.3972ms
====================================
Loop: 17
  Solve: 0.0012ms
Step: 300.6423ms
====================================
Loop: 18
  Solve: 0.0014ms
Step: 704.0464ms
====================================
Loop: 19
  Solve: 0.0009ms
Step: 300.4160ms
====================================
Loop: 20
  Solve: 0.0011ms
Step: 297.1017ms
====================================
Loop: 21
  Solve: 0.0008ms
Step: 302.5899ms
====================================
Loop: 22
  Solve: 0.0012ms
Step: 300.3049ms
====================================
Loop: 23
  Solve: 0.0011ms
Step: 293.9668ms
====================================
Loop: 24
  Solve: 0.0012ms
Step: 298.1378ms
====================================
Loop: 25
  Solve: 0.0015ms
Step: 293.5350ms
====================================
Loop: 26
  Solve: 0.0012ms
Step: 707.8832ms
====================================
Loop: 27
  Solve: 0.0012ms
Step: 292.3553ms
====================================
Loop: 28
  Solve: 0.0013ms
Step: 300.3160ms
====================================
Loop: 29
  Solve: 0.0012ms
Step: 308.1037ms
====================================
Loop: 30
  Solve: 0.0011ms
Step: 298.3758ms
====================================
Loop: 31
  Solve: 0.0012ms
Step: 298.7050ms
====================================
Loop: 32
  Solve: 0.0011ms
Step: 296.8584ms
====================================
Loop: 33
  Solve: 0.0011ms
Step: 707.1246ms
====================================
Loop: 34
  Solve: 0.0008ms
Step: 368.0707ms
====================================
Loop: 35
  Solve: 0.0018ms
Step: 335.2620ms
====================================
Loop: 36
  Solve: 0.0013ms
Step: 318.1193ms
====================================
Loop: 37
  Solve: 0.0011ms
Step: 298.2078ms
====================================
Loop: 38
  Solve: 0.0011ms
Step: 700.3839ms
====================================
Loop: 39
  Solve: 0.0012ms
Step: 296.5931ms
====================================
Loop: 40
  Solve: 0.0012ms
Step: 298.4302ms
====================================
Loop: 41
  Solve: 0.0012ms
Step: 298.4409ms
====================================
Loop: 42
  Solve: 0.0011ms
Step: 291.3232ms
====================================
Loop: 43
  Solve: 0.0010ms
Step: 701.7784ms
====================================
Loop: 44
  Solve: 0.0012ms
Step: 306.3947ms
====================================
Loop: 45
  Solve: 0.0029ms
Step: 335.3488ms
====================================
Loop: 46
  Solve: 0.0021ms
Step: 381.6978ms
====================================
Loop: 47
  Solve: 0.0026ms
Step: 804.1345ms
====================================
Loop: 48
  Solve: 0.0011ms
Step: 336.0173ms
====================================
Loop: 49
  Solve: 0.0012ms
Step: 311.9234ms
====================================
Loop: 50
  Solve: 0.0012ms
Step: 300.5203ms
====================================
Loop: 51
  Solve: 0.0015ms
Step: 705.6292ms
====================================
Loop: 52
  Solve: 0.0012ms
Step: 297.7941ms
====================================
Loop: 53
  Solve: 0.0012ms
Step: 302.4332ms
====================================
Loop: 54
  Solve: 6.1197ms
Step: 307.4557ms
====================================
Loop: 55
  Solve: 10.2547ms
Step: 711.2351ms
====================================
Loop: 56
  Solve: 12.9850ms
Step: 318.2639ms
====================================
Loop: 57
  Solve: 15.1335ms
Step: 321.0873ms
====================================
Loop: 58
  Solve: 18.2277ms
Step: 326.3131ms
====================================
Loop: 59
  Solve: 21.2824ms
Step: 708.6718ms
====================================
Loop: 60
  Solve: 24.2138ms
Step: 334.4439ms
====================================
Loop: 61
  Solve: 26.8908ms
Step: 335.5645ms
====================================
Loop: 62
  Solve: 32.0472ms
Step: 702.9141ms
====================================
Loop: 63
  Solve: 38.1200ms
Step: 351.7329ms
====================================
Loop: 64
  Solve: 39.9197ms
Step: 356.4417ms
====================================
Loop: 65
  Solve: 42.9034ms
Step: 707.9930ms
====================================
Loop: 66
  Solve: 46.8134ms
Step: 371.1440ms
====================================
Loop: 67
  Solve: 50.4034ms
Step: 374.9751ms
====================================
Loop: 68
  Solve: 55.3853ms
Step: 714.7012ms
====================================
Loop: 69
  Solve: 60.7793ms
Step: 388.7763ms
====================================
Loop: 70
  Solve: 64.5727ms
Step: 400.2969ms
====================================
Loop: 71
  Solve: 68.8619ms
Step: 717.7321ms
====================================
Loop: 72
  Solve: 72.4788ms
Step: 411.2805ms
====================================
Loop: 73
  Solve: 70.1270ms
Step: 407.3803ms
====================================
Loop: 74
  Solve: 78.2182ms
Step: 725.0865ms
====================================
Loop: 75
  Solve: 81.6453ms
Step: 430.4885ms
====================================
Loop: 76
  Solve: 88.7726ms
Step: 441.2914ms
====================================
Loop: 77
  Solve: 98.7897ms
Step: 744.9167ms
====================================
Loop: 78
  Solve: 114.1263ms
Step: 481.1714ms
====================================
Loop: 79
  Solve: 120.6277ms
Step: 490.2208ms
====================================
Loop: 80
  Solve: 122.8955ms
Step: 761.2730ms
====================================
Loop: 81
  Solve: 134.9420ms
Step: 516.3571ms
====================================
Loop: 82
  Solve: 137.2277ms
Step: 514.0853ms
====================================
Loop: 83
  Solve: 146.6261ms
Step: 785.6000ms
====================================
Loop: 84
  Solve: 151.0529ms
Step: 544.2658ms
====================================
Loop: 85
  Solve: 155.1920ms
Step: 548.8582ms
====================================
Loop: 86
  Solve: 158.4018ms
Step: 801.4944ms
====================================
Loop: 87
  Solve: 169.4459ms
Step: 574.6791ms
====================================
Loop: 88
  Solve: 175.2672ms
Step: 584.7719ms
====================================
Loop: 89
  Solve: 184.2319ms
Step: 830.1841ms
====================================
Loop: 90
  Solve: 189.5211ms
Step: 610.8124ms
====================================
Loop: 91
  Solve: 197.8928ms
Step: 627.1889ms
====================================
Loop: 92
  Solve: 204.4124ms
Step: 854.3352ms
====================================
Loop: 93
  Solve: 213.2028ms
Step: 668.5419ms
====================================
Loop: 94
  Solve: 211.0393ms
Step: 859.1437ms
====================================
Loop: 95
  Solve: 223.0560ms
Step: 684.1187ms
====================================
Loop: 96
  Solve: 228.4925ms
Step: 892.0522ms
====================================
Loop: 97
  Solve: 232.6676ms
Step: 721.0900ms
====================================
Loop: 98
  Solve: 239.0631ms
Step: 909.9629ms
====================================
Loop: 99
  Solve: 251.2012ms
Step: 761.3795ms
====================================
Loop: 100
  Solve: 252.0022ms
Step: 942.0063ms
====================================
Loop: 101
  Solve: 258.0269ms
Step: 792.1755ms
====================================
Loop: 102
  Solve: 256.5540ms
Step: 966.0530ms
====================================
Loop: 103
  Solve: 270.2194ms
Step: 831.1296ms
====================================
Loop: 104
  Solve: 274.2067ms
Step: 1003.5596ms
====================================
Loop: 105
  Solve: 279.7177ms
Step: 927.9676ms
====================================
Loop: 106
  Solve: 284.8035ms
Step: 1031.6176ms
====================================
Loop: 107
  Solve: 291.1686ms
Step: 905.3451ms
====================================
Loop: 108
  Solve: 294.7715ms
Step: 1061.3445ms
====================================
Loop: 109
  Solve: 290.6718ms
Step: 941.5950ms
====================================
Loop: 110
  Solve: 301.0801ms
Step: 1091.3038ms
====================================
Loop: 111
  Solve: 308.2364ms
Step: 997.9572ms
====================================
Loop: 112
  Solve: 313.9410ms
Step: 1128.0132ms
====================================
Loop: 113
  Solve: 318.9840ms
Step: 1042.3157ms
====================================
Loop: 114
  Solve: 319.9249ms
Step: 1171.9689ms
====================================
Loop: 115
  Solve: 319.6360ms
Step: 1091.5710ms
====================================
Loop: 116
  Solve: 329.2094ms
Step: 1209.3611ms
====================================
Loop: 117
  Solve: 338.2790ms
Step: 1151.9624ms
====================================
Loop: 118
  Solve: 336.2947ms
Step: 1262.5938ms
====================================
Loop: 119
  Solve: 375.6941ms
Step: 1249.3835ms
====================================
Loop: 120
  Solve: 407.1114ms
Step: 1543.1562ms
====================================
Loop: 121
  Solve: 353.1709ms
Step: 1350.7489ms
====================================
Loop: 122
  Solve: 351.0181ms
Step: 1363.4047ms
====================================
Loop: 123
  Solve: 360.1047ms
Step: 1327.9485ms
====================================
Loop: 124
  Solve: 367.0457ms
Step: 1413.4863ms
====================================
Loop: 125
  Solve: 365.3673ms
Step: 1390.5742ms
====================================
Loop: 126
  Solve: 364.1133ms
Step: 1454.6622ms
====================================
Loop: 127
  Solve: 363.8026ms
Step: 1446.6267ms
====================================
Loop: 128
  Solve: 366.3937ms
Step: 1496.6289ms
====================================
Loop: 129
  Solve: 368.8625ms
Step: 1490.2156ms
====================================
Loop: 130
  Solve: 368.5837ms
Step: 1540.8928ms
====================================
Loop: 131
  Solve: 381.9297ms
Step: 1618.2539ms
====================================
Loop: 132
  Solve: 391.3165ms
Step: 1614.6603ms
====================================
Loop: 133
  Solve: 381.6562ms
Step: 1595.1514ms
====================================
Loop: 134
  Solve: 376.2791ms
Step: 1597.0430ms
====================================
Loop: 135
  Solve: 367.4372ms
Step: 1592.5947ms
====================================
Loop: 136
  Solve: 369.3708ms
Step: 1613.2246ms
====================================
Loop: 137
  Solve: 356.1045ms
Step: 1582.6758ms
====================================
Loop: 138
  Solve: 351.4914ms
Step: 1579.2815ms
====================================
Loop: 139
  Solve: 349.6255ms
Step: 1592.8336ms
====================================
Loop: 140
  Solve: 342.4919ms
Step: 1575.4652ms
====================================
Loop: 141
  Solve: 332.3134ms
Step: 1584.5037ms
====================================
Loop: 142
  Solve: 327.3045ms
Step: 1581.1090ms
====================================
Loop: 143
  Solve: 329.3263ms
Step: 1571.7891ms
====================================
Loop: 144
  Solve: 318.4290ms
Step: 1567.4641ms
====================================
Loop: 145
  Solve: 315.8947ms
Step: 1563.3157ms
====================================
Loop: 146
  Solve: 311.8745ms
Step: 1562.0247ms
====================================
Loop: 147
  Solve: 305.9245ms
Step: 1549.2329ms
====================================
Loop: 148
  Solve: 309.1421ms
Step: 1561.1155ms
====================================
Loop: 149
  Solve: 301.7066ms
Step: 1561.1318ms
====================================
Loop: 150
  Solve: 294.7408ms
Step: 1541.1509ms
====================================
Loop: 151
  Solve: 296.7630ms
Step: 1552.9376ms
====================================
Loop: 152
  Solve: 297.0319ms
Step: 1548.3960ms
====================================
Loop: 153
  Solve: 293.8550ms
Step: 1551.7356ms
====================================
Loop: 154
  Solve: 286.4301ms
Step: 1539.3330ms
====================================
Loop: 155
  Solve: 286.8429ms
Step: 1538.3479ms
====================================
Loop: 156
  Solve: 285.5595ms
Step: 1534.1978ms
====================================
Loop: 157
  Solve: 278.0801ms
Step: 1535.2034ms
====================================
Loop: 158
  Solve: 271.4472ms
Step: 1518.2028ms
====================================
Loop: 159
  Solve: 270.4729ms
Step: 1527.4807ms
====================================
Loop: 160
  Solve: 264.2161ms
Step: 1521.7559ms
====================================
Loop: 161
  Solve: 261.9485ms
Step: 1530.8442ms
====================================
Loop: 162
  Solve: 256.2136ms
Step: 1514.0647ms
====================================
Loop: 163
  Solve: 251.9194ms
Step: 1526.7971ms
====================================
Loop: 164
  Solve: 245.0574ms
Step: 1507.1282ms
====================================
Loop: 165
  Solve: 240.8956ms
Step: 1508.0399ms
====================================
Loop: 166
  Solve: 234.6743ms
Step: 1499.9166ms
====================================
Loop: 167
  Solve: 231.8707ms
Step: 1505.4208ms
====================================
Loop: 168
  Solve: 228.4527ms
Step: 1490.1527ms
====================================
Loop: 169
  Solve: 224.2987ms
Step: 1561.4542ms
====================================
Loop: 170
  Solve: 247.6720ms
Step: 1542.4402ms
====================================
Loop: 171
  Solve: 217.8240ms
Step: 1495.5726ms
====================================
Loop: 172
  Solve: 213.3797ms
Step: 1500.3845ms
====================================
Loop: 173
  Solve: 210.1792ms
Step: 1531.7870ms
====================================
Loop: 174
  Solve: 208.4570ms
Step: 1503.5305ms
====================================
Loop: 175
  Solve: 203.5416ms
Step: 1470.8245ms
====================================
Loop: 176
  Solve: 204.0812ms
Step: 1457.9553ms
====================================
Loop: 177
  Solve: 204.1568ms
Step: 1465.5706ms
====================================
Loop: 178
  Solve: 238.9325ms
Step: 1556.7979ms
====================================
Loop: 179
  Solve: 196.8482ms
Step: 1452.4926ms
====================================
Loop: 180
  Solve: 193.8626ms
Step: 1441.1423ms
====================================
Loop: 181
  Solve: 194.4580ms
Step: 1450.5455ms
====================================
Loop: 182
  Solve: 195.3764ms
Step: 1436.3682ms
====================================
Loop: 183
  Solve: 194.6145ms
Step: 1448.2416ms
====================================
Loop: 184
  Solve: 192.8776ms
Step: 1421.6516ms
====================================
Loop: 185
  Solve: 191.8911ms
Step: 1437.6145ms
====================================
Loop: 186
  Solve: 193.0587ms
Step: 1430.7526ms
====================================
Loop: 187
  Solve: 192.7923ms
Step: 1422.2219ms
====================================
Loop: 188
  Solve: 194.8222ms
Step: 1442.1543ms
====================================
Loop: 189
  Solve: 189.4693ms
Step: 1470.1569ms
====================================
Loop: 190
  Solve: 191.2654ms
Step: 1422.8286ms
====================================
Loop: 191
  Solve: 251.7836ms
Step: 1451.2495ms
====================================
Loop: 192
  Solve: 185.7745ms
Step: 1395.9517ms
====================================
Loop: 193
  Solve: 191.7693ms
Step: 1405.7789ms
====================================
Loop: 194
  Solve: 190.3673ms
Step: 1391.7318ms
====================================
Loop: 195
  Solve: 196.6465ms
Step: 1402.9740ms
====================================
Loop: 196
  Solve: 195.9395ms
Step: 1398.2727ms
====================================
Loop: 197
  Solve: 193.1528ms
Step: 1392.8601ms
====================================
Loop: 198
  Solve: 197.2944ms
Step: 1396.5212ms
====================================
Loop: 199
  Solve: 197.2504ms
Step: 1394.0734ms
====================================
Loop: 200
  Solve: 201.1523ms
Step: 1404.6382ms
====================================
Loop: 201
  Solve: 261.9395ms
Step: 1466.4727ms
====================================
Loop: 202
  Solve: 209.0611ms
Step: 1468.1400ms
====================================
Loop: 203
  Solve: 209.1465ms
Step: 1454.4395ms
====================================
Loop: 204
  Solve: 206.0090ms
Step: 1471.3129ms
====================================
Loop: 205
  Solve: 210.6024ms
Step: 1418.2214ms
====================================
Loop: 206
  Solve: 211.3949ms
Step: 1420.0370ms
====================================
Loop: 207
  Solve: 211.1898ms
Step: 1417.0006ms
====================================
Loop: 208
  Solve: 213.6094ms
Step: 1425.5168ms
====================================
Loop: 209
  Solve: 213.4279ms
Step: 1416.1505ms
====================================
Loop: 210
  Solve: 210.8782ms
Step: 1399.6235ms
====================================
Loop: 211
  Solve: 212.9022ms
Step: 1416.8151ms
====================================
Loop: 212
  Solve: 209.5846ms
Step: 1404.6649ms
====================================
Loop: 213
  Solve: 211.3802ms
Step: 1408.2700ms
====================================
Loop: 214
  Solve: 211.3492ms
Step: 1420.5793ms
====================================
Loop: 215
  Solve: 208.9481ms
Step: 1417.1309ms
====================================
Loop: 216
  Solve: 207.4083ms
Step: 1408.1833ms
====================================
Loop: 217
  Solve: 214.2780ms
Step: 1408.3917ms
====================================
Loop: 218
  Solve: 202.2957ms
Step: 1412.5835ms
====================================
Loop: 219
  Solve: 210.7508ms
Step: 1400.2419ms
====================================
Loop: 220
  Solve: 207.2608ms
Step: 1404.8171ms
====================================
Loop: 221
  Solve: 198.3008ms
Step: 1441.8167ms
====================================
Loop: 222
  Solve: 206.0057ms
Step: 1391.0845ms
====================================
Loop: 223
  Solve: 201.2394ms
Step: 1395.9235ms
====================================
Loop: 224
  Solve: 206.7219ms
Step: 1393.1594ms
====================================
Loop: 225
  Solve: 202.2637ms
Step: 1393.3379ms
====================================
Loop: 226
  Solve: 201.1371ms
Step: 1393.5458ms
====================================
Loop: 227
  Solve: 211.4084ms
Step: 1457.6608ms
====================================
Loop: 228
  Solve: 201.6869ms
Step: 1397.3734ms
====================================
Loop: 229
  Solve: 206.7842ms
Step: 1400.5862ms
====================================
Loop: 230
  Solve: 204.3379ms
Step: 1384.9276ms
====================================
Loop: 231
  Solve: 198.4015ms
Step: 1387.0684ms
====================================
Loop: 232
  Solve: 205.6403ms
Step: 1396.0883ms
====================================
Loop: 233
  Solve: 203.5740ms
Step: 1401.8292ms
====================================
Loop: 234
  Solve: 210.3363ms
Step: 1394.8677ms
====================================
Loop: 235
  Solve: 207.4897ms
Step: 1406.7015ms
====================================
Loop: 236
  Solve: 206.1644ms
Step: 1412.0912ms
====================================
Loop: 237
  Solve: 208.8252ms
Step: 1398.9233ms
====================================
Loop: 238
  Solve: 212.2687ms
Step: 1418.6205ms
====================================
Loop: 239
  Solve: 216.5221ms
Step: 1418.5820ms
====================================
Loop: 240
  Solve: 211.2110ms
Step: 1409.7517ms
====================================
Loop: 241
  Solve: 205.9775ms
Step: 1405.2063ms
====================================
Loop: 242
  Solve: 213.7381ms
Step: 1417.0001ms
====================================
Loop: 243
  Solve: 213.1485ms
Step: 1415.1252ms
====================================
Loop: 244
  Solve: 216.9061ms
Step: 1416.6438ms
====================================
Loop: 245
  Solve: 213.8329ms
Step: 1420.2401ms
====================================
Loop: 246
  Solve: 214.7827ms
Step: 1419.0621ms
====================================
Loop: 247
  Solve: 206.2339ms
Step: 1419.2036ms
====================================
Loop: 248
  Solve: 213.5222ms
Step: 1433.7827ms
====================================
Loop: 249
  Solve: 216.0109ms
Step: 1421.1041ms
====================================
Loop: 250
  Solve: 211.4185ms
Step: 1432.4697ms
====================================
Loop: 251
  Solve: 219.3305ms
Step: 1434.7880ms
====================================
Loop: 252
  Solve: 221.1401ms
Step: 1467.6163ms
====================================
Loop: 253
  Solve: 217.1311ms
Step: 1428.7050ms
====================================
Loop: 254
  Solve: 219.1199ms
Step: 1423.4718ms
====================================
Loop: 255
  Solve: 217.5863ms
Step: 1466.6421ms
====================================
Loop: 256
  Solve: 217.9624ms
Step: 1439.8440ms
====================================
Loop: 257
  Solve: 218.4230ms
Step: 1443.4691ms
====================================
Loop: 258
  Solve: 218.6728ms
Step: 1424.9469ms
====================================
Loop: 259
  Solve: 220.7445ms
Step: 1435.1602ms
====================================
Loop: 260
  Solve: 223.5737ms
Step: 1419.0281ms
====================================
Loop: 261
  Solve: 215.8309ms
Step: 1431.3928ms
====================================
Loop: 262
  Solve: 219.0482ms
Step: 1435.8802ms
====================================
Loop: 263
  Solve: 219.4693ms
Step: 1442.9863ms
====================================
Loop: 264
  Solve: 218.3820ms
Step: 1438.0068ms
====================================
Loop: 265
  Solve: 215.3216ms
Step: 1445.7178ms
====================================
Loop: 266
  Solve: 218.5466ms
Step: 1455.1666ms
====================================
Loop: 267
  Solve: 225.3737ms
Step: 1439.9186ms
====================================
Loop: 268
  Solve: 225.4642ms
Step: 1440.6282ms
====================================
Loop: 269
  Solve: 217.2354ms
Step: 1440.8549ms
====================================
Loop: 270
  Solve: 223.1379ms
Step: 1447.0153ms
====================================
Loop: 271
  Solve: 225.1552ms
Step: 1465.6875ms
====================================
Loop: 272
  Solve: 227.6823ms
Step: 1473.3840ms
====================================
Loop: 273
  Solve: 226.3193ms
Step: 1530.5864ms
====================================
Loop: 274
  Solve: 226.2913ms
Step: 1465.3813ms
====================================
Loop: 275
  Solve: 226.9157ms
Step: 1475.8384ms
====================================
Loop: 276
  Solve: 224.6574ms
Step: 1466.1891ms
====================================
Loop: 277
  Solve: 221.2131ms
Step: 1476.8516ms
====================================
Loop: 278
  Solve: 221.9255ms
Step: 1479.6453ms
====================================
Loop: 279
  Solve: 218.1589ms
Step: 1455.9917ms
====================================
Loop: 280
  Solve: 223.5644ms
Step: 1449.0017ms
====================================
Loop: 281
  Solve: 230.7612ms
Step: 1453.3462ms
====================================
Loop: 282
  Solve: 226.9040ms
Step: 1484.7808ms
====================================
Loop: 283
  Solve: 225.9533ms
Step: 1460.3835ms
====================================
Loop: 284
  Solve: 219.4004ms
Step: 1445.5576ms
====================================
Loop: 285
  Solve: 223.9677ms
Step: 1440.3196ms
====================================
Loop: 286
  Solve: 225.8331ms
Step: 1450.0182ms
====================================
Loop: 287
  Solve: 223.4507ms
Step: 1450.6261ms
====================================
Loop: 288
  Solve: 223.3788ms
Step: 1452.3506ms
====================================
Loop: 289
  Solve: 218.5560ms
Step: 1448.5903ms
====================================
Loop: 290
  Solve: 222.6137ms
Step: 1437.8445ms
====================================
Loop: 291
  Solve: 228.1966ms
Step: 1434.3713ms
====================================
Loop: 292
  Solve: 222.5007ms
Step: 1426.3196ms
====================================
Loop: 293
  Solve: 222.4713ms
Step: 1446.6302ms
====================================
Loop: 294
  Solve: 216.3611ms
Step: 1410.9263ms
====================================
Loop: 295
  Solve: 213.2204ms
Step: 1441.8542ms
====================================
Loop: 296
  Solve: 218.4140ms
Step: 1446.9978ms
====================================
Loop: 297
  Solve: 221.7814ms
Step: 1480.5013ms
====================================
Loop: 298
  Solve: 220.2366ms
Step: 1474.4147ms
====================================
Loop: 299
  Solve: 225.5969ms
Step: 1454.4258ms
====================================
Loop: 300
  Solve: 225.3403ms
Step: 1453.6765ms
====================================
Loop: 301
  Solve: 223.7951ms
Step: 1440.2388ms
====================================
Loop: 302
  Solve: 226.1595ms
Step: 1439.0400ms
====================================
Loop: 303
  Solve: 223.5960ms
Step: 1436.0027ms
====================================
Loop: 304
  Solve: 222.4986ms
Step: 1451.9979ms
====================================
Loop: 305
  Solve: 221.2726ms
Step: 1450.9314ms
====================================
Loop: 306
  Solve: 223.2963ms
Step: 1453.9259ms
====================================
Loop: 307
  Solve: 223.3753ms
Step: 1458.6194ms
====================================
Loop: 308
  Solve: 224.8294ms
Step: 1442.0206ms
====================================
Loop: 309
  Solve: 226.6983ms
Step: 1429.8804ms
====================================
Loop: 310
  Solve: 218.6889ms
Step: 1422.1602ms
====================================
Loop: 311
  Solve: 225.6469ms
Step: 1428.2751ms
====================================
Loop: 312
  Solve: 218.5905ms
Step: 1489.1455ms
====================================
Loop: 313
  Solve: 222.8577ms
Step: 1472.2888ms
====================================
Loop: 314
  Solve: 219.2504ms
Step: 1428.4579ms
====================================
Loop: 315
  Solve: 216.8404ms
Step: 1438.8025ms
====================================
Loop: 316
  Solve: 216.8562ms
Step: 1401.9960ms
====================================
Loop: 317
  Solve: 217.8890ms
Step: 1400.4823ms
====================================
Loop: 318
  Solve: 221.5405ms
Step: 1407.4277ms
====================================
Loop: 319
  Solve: 214.6030ms
Step: 1403.0483ms
====================================
Loop: 320
  Solve: 210.5422ms
Step: 1405.6069ms
====================================
Loop: 321
  Solve: 207.4665ms
Step: 1380.7167ms
====================================
Loop: 322
  Solve: 204.9870ms
Step: 1375.9570ms
====================================
Loop: 323
  Solve: 207.9253ms
Step: 1365.3405ms
====================================
Loop: 324
  Solve: 207.1866ms
Step: 1380.3149ms
====================================
Loop: 325
  Solve: 208.8465ms
Step: 1365.5088ms
====================================
Loop: 326
  Solve: 208.9201ms
Step: 1361.0115ms
====================================
Loop: 327
  Solve: 203.7158ms
Step: 1363.8618ms
====================================
Loop: 328
  Solve: 201.6328ms
Step: 1370.9646ms
====================================
Loop: 329
  Solve: 205.0262ms
Step: 1350.5093ms
====================================
Loop: 330
  Solve: 202.4230ms
Step: 1350.5282ms
====================================
Loop: 331
  Solve: 200.3248ms
Step: 1364.4099ms
====================================
Loop: 332
  Solve: 199.1084ms
Step: 1338.7174ms
====================================
Loop: 333
  Solve: 199.0700ms
Step: 1335.2052ms
====================================
Loop: 334
  Solve: 193.7037ms
Step: 1345.9578ms
====================================
Loop: 335
  Solve: 196.0262ms
Step: 1323.3749ms
====================================
Loop: 336
  Solve: 193.0882ms
Step: 1306.0969ms
====================================
Loop: 337
  Solve: 193.0934ms
Step: 1319.0110ms
====================================
Loop: 338
  Solve: 191.6434ms
Step: 1300.7347ms
====================================
Loop: 339
  Solve: 191.0833ms
Step: 1313.9365ms
====================================
Loop: 340
  Solve: 190.5639ms
Step: 1301.6978ms
====================================
Loop: 341
  Solve: 192.4538ms
Step: 1292.2527ms
====================================
Loop: 342
  Solve: 187.4556ms
Step: 1288.3807ms
====================================
Loop: 343
  Solve: 186.2707ms
Step: 1263.7885ms
====================================
Loop: 344
  Solve: 183.3363ms
Step: 1279.7539ms
====================================
Loop: 345
  Solve: 184.2179ms
Step: 1262.3489ms
====================================
Loop: 346
  Solve: 181.3102ms
Step: 1269.5571ms
====================================
Loop: 347
  Solve: 184.4061ms
Step: 1323.2083ms
====================================
Loop: 348
  Solve: 178.5627ms
Step: 1256.0536ms
====================================
Loop: 349
  Solve: 172.2229ms
Step: 1255.4073ms
====================================
Loop: 350
  Solve: 170.4449ms
Step: 1212.5063ms
====================================
Loop: 351
  Solve: 176.4268ms
Step: 1219.5399ms
====================================
Loop: 352
  Solve: 168.5492ms
Step: 1207.6631ms
====================================
Loop: 353
  Solve: 169.5121ms
Step: 1196.6769ms
====================================
Loop: 354
  Solve: 166.2632ms
Step: 1196.0081ms
====================================
Loop: 355
  Solve: 165.6312ms
Step: 1190.7795ms
====================================
Loop: 356
  Solve: 168.1838ms
Step: 1179.8066ms
====================================
Loop: 357
  Solve: 162.9265ms
Step: 1180.9214ms
====================================
Loop: 358
  Solve: 165.2867ms
Step: 1166.6218ms
====================================
Loop: 359
  Solve: 167.0394ms
Step: 1154.4779ms
====================================
Loop: 360
  Solve: 161.3679ms
Step: 1179.3719ms
====================================
Loop: 361
  Solve: 160.3259ms
Step: 1156.1631ms
====================================
Loop: 362
  Solve: 161.3346ms
Step: 1143.9946ms
====================================
Loop: 363
  Solve: 158.1071ms
Step: 1149.6735ms
====================================
Loop: 364
  Solve: 160.8324ms
Step: 1151.6990ms
====================================
Loop: 365
  Solve: 162.2079ms
Step: 1130.2117ms
====================================
Loop: 366
  Solve: 161.0280ms
Step: 1122.5054ms
====================================
Loop: 367
  Solve: 155.2660ms
Step: 1124.1479ms
====================================
Loop: 368
  Solve: 154.3863ms
Step: 1121.7041ms
====================================
Loop: 369
  Solve: 154.2633ms
Step: 1102.1987ms
====================================
Loop: 370
  Solve: 154.1018ms
Step: 1106.7312ms
====================================
Loop: 371
  Solve: 156.5706ms
Step: 1104.7155ms
====================================
Loop: 372
  Solve: 152.4062ms
Step: 1097.3271ms
====================================
Loop: 373
  Solve: 156.5195ms
Step: 1093.7518ms
====================================
Loop: 374
  Solve: 151.2112ms
Step: 1084.6896ms
====================================
Loop: 375
  Solve: 152.3281ms
Step: 1080.0146ms
====================================
Loop: 376
  Solve: 156.8013ms
Step: 1085.2759ms
====================================
Loop: 377
  Solve: 150.4835ms
Step: 1074.0692ms
====================================
Loop: 378
  Solve: 147.1930ms
Step: 1085.0229ms
====================================
Loop: 379
  Solve: 146.0086ms
Step: 1071.9808ms
====================================
Loop: 380
  Solve: 146.9412ms
Step: 1066.2867ms
====================================
Loop: 381
  Solve: 146.0770ms
Step: 1057.6161ms
====================================
Loop: 382
  Solve: 148.5753ms
Step: 1048.9021ms
====================================
Loop: 383
  Solve: 146.1862ms
Step: 1055.9781ms
====================================
Loop: 384
  Solve: 204.4140ms
Step: 1448.9226ms
====================================
Loop: 385
  Solve: 160.3681ms
Step: 1422.5806ms
====================================
Loop: 386
  Solve: 143.6326ms
Step: 1051.0765ms
====================================
Loop: 387
  Solve: 146.0376ms
Step: 1039.3339ms
====================================
Loop: 388
  Solve: 144.8073ms
Step: 1039.2814ms
====================================
Loop: 389
  Solve: 151.6634ms
Step: 1035.8130ms
====================================
Loop: 390
  Solve: 150.4130ms
Step: 1039.5077ms
====================================
Loop: 391
  Solve: 147.9400ms
Step: 1031.6415ms
====================================
Loop: 392
  Solve: 144.6022ms
Step: 1033.6847ms
====================================
Loop: 393
  Solve: 142.7887ms
Step: 1032.5319ms
====================================
Loop: 394
  Solve: 142.1874ms
Step: 1018.2073ms
====================================
Loop: 395
  Solve: 141.9464ms
Step: 1018.3382ms
====================================
Loop: 396
  Solve: 145.1564ms
Step: 1014.6181ms
====================================
Loop: 397
  Solve: 144.3526ms
Step: 1010.0995ms
====================================
Loop: 398
  Solve: 148.1145ms
Step: 1017.4076ms
====================================
Loop: 399
  Solve: 149.4440ms
Step: 1004.6880ms
====================================
Loop: 400
  Solve: 147.6615ms
Step: 1001.3451ms
====================================
Loop: 401
  Solve: 146.7721ms
Step: 991.5498ms
====================================
Loop: 402
  Solve: 146.2471ms
Step: 990.6198ms
====================================
Loop: 403
  Solve: 142.2790ms
Step: 988.8302ms
====================================
Loop: 404
  Solve: 141.4134ms
Step: 982.5293ms
====================================
Loop: 405
  Solve: 138.3144ms
Step: 977.0945ms
====================================
Loop: 406
  Solve: 139.5122ms
Step: 981.2198ms
====================================
Loop: 407
  Solve: 139.6550ms
Step: 973.1249ms
====================================
Loop: 408
  Solve: 141.7997ms
Step: 965.5482ms
====================================
Loop: 409
  Solve: 144.8561ms
Step: 968.0393ms
====================================
Loop: 410
  Solve: 139.8361ms
Step: 959.6879ms
====================================
Loop: 411
  Solve: 137.7862ms
Step: 956.5868ms
====================================
Loop: 412
  Solve: 135.9967ms
Step: 954.5555ms
====================================
Loop: 413
  Solve: 135.3669ms
Step: 957.9346ms
====================================
Loop: 414
  Solve: 134.3492ms
Step: 950.8466ms
====================================
Loop: 415
  Solve: 134.0087ms
Step: 946.1721ms
====================================
Loop: 416
  Solve: 133.6431ms
Step: 949.5976ms
====================================
Loop: 417
  Solve: 133.2009ms
Step: 948.2686ms
====================================
Loop: 418
  Solve: 136.4071ms
Step: 976.4705ms
====================================
Loop: 419
  Solve: 136.2979ms
Step: 956.5269ms
====================================
Loop: 420
  Solve: 138.7240ms
Step: 931.0712ms
====================================
Loop: 421
  Solve: 134.1943ms
Step: 934.4995ms
====================================
Loop: 422
  Solve: 132.7030ms
Step: 928.2013ms
====================================
Loop: 423
  Solve: 135.8623ms
Step: 934.0908ms
====================================
Loop: 424
  Solve: 135.9212ms
Step: 917.8599ms
====================================
Loop: 425
  Solve: 133.8440ms
Step: 912.8581ms
====================================
Loop: 426
  Solve: 139.8644ms
Step: 918.3898ms
====================================
Loop: 427
  Solve: 132.6600ms
Step: 905.6636ms
====================================
Loop: 428
  Solve: 131.1291ms
Step: 911.9481ms
====================================
Loop: 429
  Solve: 130.6636ms
Step: 901.7242ms
====================================
Loop: 430
  Solve: 130.4196ms
Step: 910.8894ms
====================================
Loop: 431
  Solve: 133.5901ms
Step: 907.0789ms
====================================
Loop: 432
  Solve: 133.1088ms
Step: 901.0688ms
====================================
Loop: 433
  Solve: 130.3309ms
Step: 903.6921ms
====================================
Loop: 434
  Solve: 132.3566ms
Step: 899.3138ms
====================================
Loop: 435
  Solve: 133.9020ms
Step: 892.8380ms
====================================
Loop: 436
  Solve: 134.2659ms
Step: 888.8033ms
====================================
Loop: 437
  Solve: 132.9375ms
Step: 882.7463ms
====================================
Loop: 438
  Solve: 129.3983ms
Step: 887.1177ms
====================================
Loop: 439
  Solve: 130.0039ms
Step: 883.7470ms
====================================
Loop: 440
  Solve: 132.8796ms
Step: 887.9138ms
====================================
Loop: 441
  Solve: 131.0106ms
Step: 878.9767ms
====================================
Loop: 442
  Solve: 128.8862ms
Step: 881.9177ms
====================================
Loop: 443
  Solve: 130.5580ms
Step: 875.9437ms
====================================
Loop: 444
  Solve: 134.9812ms
Step: 869.4255ms
====================================
Loop: 445
  Solve: 135.3591ms
Step: 928.9717ms
====================================
Loop: 446
  Solve: 128.5771ms
Step: 872.7508ms
====================================
Loop: 447
  Solve: 129.0061ms
Step: 863.7227ms
====================================
Loop: 448
  Solve: 129.3045ms
Step: 868.3597ms
====================================
Loop: 449
  Solve: 131.4520ms
Step: 878.8468ms
====================================
Loop: 450
  Solve: 128.6435ms
Step: 864.0820ms
====================================
Loop: 451
  Solve: 131.0517ms
Step: 862.0430ms
====================================
Loop: 452
  Solve: 132.9495ms
Step: 853.7502ms
====================================
Loop: 453
  Solve: 127.8704ms
Step: 854.3759ms
====================================
Loop: 454
  Solve: 127.2774ms
Step: 842.5869ms
====================================
Loop: 455
  Solve: 128.2940ms
Step: 848.2722ms
====================================
Loop: 456
  Solve: 129.3279ms
Step: 841.7339ms
====================================
Loop: 457
  Solve: 130.1997ms
Step: 846.6778ms
====================================
Loop: 458
  Solve: 131.5465ms
Step: 844.6046ms
====================================
Loop: 459
  Solve: 127.9385ms
Step: 831.2102ms
====================================
Loop: 460
  Solve: 127.8313ms
Step: 834.5825ms
====================================
Loop: 461
  Solve: 127.2334ms
Step: 833.6027ms
====================================
Loop: 462
  Solve: 128.4511ms
Step: 829.2295ms
====================================
Loop: 463
  Solve: 127.4679ms
Step: 827.3441ms
====================================
Loop: 464
  Solve: 129.8312ms
Step: 841.3187ms
====================================
Loop: 465
  Solve: 128.1178ms
Step: 828.2755ms
====================================
Loop: 466
  Solve: 126.8001ms
Step: 821.3918ms
====================================
Loop: 467
  Solve: 128.7534ms
Step: 828.8001ms
====================================
Loop: 468
  Solve: 129.8214ms
Step: 848.7639ms
====================================
Loop: 469
  Solve: 127.9781ms
Step: 824.4581ms
====================================
Loop: 470
  Solve: 132.1533ms
Step: 826.2993ms
====================================
Loop: 471
  Solve: 127.5998ms
Step: 815.1122ms
====================================
Loop: 472
  Solve: 128.0645ms
Step: 809.2806ms
====================================
Loop: 473
  Solve: 135.6635ms
Step: 819.8209ms
====================================
Loop: 474
  Solve: 127.8686ms
Step: 819.2016ms
====================================
Loop: 475
  Solve: 130.4683ms
Step: 816.7327ms
====================================
Loop: 476
  Solve: 130.7175ms
Step: 810.6298ms
====================================
Loop: 477
  Solve: 127.9343ms
Step: 804.6857ms
====================================
Loop: 478
  Solve: 128.7441ms
Step: 809.6349ms
====================================
Loop: 479
  Solve: 127.6642ms
Step: 807.4135ms
====================================
Loop: 480
  Solve: 131.2156ms
Step: 806.9060ms
====================================
Loop: 481
  Solve: 130.1231ms
Step: 798.1589ms
====================================
Loop: 482
  Solve: 127.6758ms
Step: 802.8699ms
====================================
Loop: 483
  Solve: 129.2948ms
Step: 801.3640ms
====================================
Loop: 484
  Solve: 128.3738ms
Step: 796.2682ms
====================================
Loop: 485
  Solve: 127.7496ms
Step: 798.8061ms
====================================
Loop: 486
  Solve: 128.8221ms
Step: 790.2323ms
====================================
Loop: 487
  Solve: 127.4978ms
Step: 796.5720ms
====================================
Loop: 488
  Solve: 131.5643ms
Step: 798.5679ms
====================================
Loop: 489
  Solve: 127.4458ms
Step: 799.3870ms
====================================
Loop: 490
  Solve: 129.5912ms
Step: 792.5262ms
====================================
Loop: 491
  Solve: 129.7415ms
Step: 792.1111ms
====================================
Loop: 492
  Solve: 128.1248ms
Step: 788.7179ms
====================================
Loop: 493
  Solve: 134.7430ms
Step: 791.3068ms
====================================
Loop: 494
  Solve: 127.9492ms
Step: 801.4577ms
====================================
Loop: 495
  Solve: 129.0492ms
Step: 793.6313ms
====================================
Loop: 496
  Solve: 128.8561ms
Step: 783.6336ms
====================================
Loop: 497
  Solve: 128.4619ms
Step: 784.7200ms
====================================
Loop: 498
  Solve: 129.5911ms
Step: 786.7733ms
====================================
Loop: 499
  Solve: 129.1745ms
Step: 787.5391ms
====================================
Loop: 500
  Solve: 134.5584ms
Step: 783.7825ms
====================================
