Loop: 0
  Solve: 4.4955ms
Step: 630.3129ms
====================================
Loop: 1
  Solve: 4.5536ms
Step: 320.2222ms
====================================
Loop: 2
  Solve: 7.7650ms
Step: 373.9390ms
====================================
Loop: 3
  Solve: 4.4866ms
Step: 331.0633ms
====================================
Loop: 4
  Solve: 4.6193ms
Step: 318.8825ms
====================================
Loop: 5
  Solve: 4.5876ms
Step: 325.9573ms
====================================
Loop: 6
  Solve: 4.5307ms
Step: 322.4379ms
====================================
Loop: 7
  Solve: 4.6138ms
Step: 319.5075ms
====================================
Loop: 8
  Solve: 4.5794ms
Step: 328.0766ms
====================================
Loop: 9
  Solve: 4.7093ms
Step: 323.8470ms
====================================
Loop: 10
  Solve: 4.5938ms
Step: 321.0077ms
====================================
Loop: 11
  Solve: 4.5732ms
Step: 327.8719ms
====================================
Loop: 12
  Solve: 4.7813ms
Step: 325.0482ms
====================================
Loop: 13
  Solve: 4.5516ms
Step: 323.1456ms
====================================
Loop: 14
  Solve: 4.4020ms
Step: 326.4282ms
====================================
Loop: 15
  Solve: 4.5581ms
Step: 320.7526ms
====================================
Loop: 16
  Solve: 4.5614ms
Step: 324.9814ms
====================================
Loop: 17
  Solve: 4.4120ms
Step: 324.6270ms
====================================
Loop: 18
  Solve: 4.7536ms
Step: 724.1887ms
====================================
Loop: 19
  Solve: 4.4769ms
Step: 327.1348ms
====================================
Loop: 20
  Solve: 4.4696ms
Step: 318.4608ms
====================================
Loop: 21
  Solve: 4.4421ms
Step: 319.7382ms
====================================
Loop: 22
  Solve: 4.4168ms
Step: 324.5225ms
====================================
Loop: 23
  Solve: 4.4871ms
Step: 317.0090ms
====================================
Loop: 24
  Solve: 4.5589ms
Step: 328.3565ms
====================================
Loop: 25
  Solve: 4.5615ms
Step: 329.2964ms
====================================
Loop: 26
  Solve: 4.6042ms
Step: 727.9310ms
====================================
Loop: 27
  Solve: 4.4145ms
Step: 327.4472ms
====================================
Loop: 28
  Solve: 4.3893ms
Step: 318.2852ms
====================================
Loop: 29
  Solve: 4.5556ms
Step: 325.3395ms
====================================
Loop: 30
  Solve: 4.2818ms
Step: 322.4161ms
====================================
Loop: 31
  Solve: 4.2751ms
Step: 313.9915ms
====================================
Loop: 32
  Solve: 4.2062ms
Step: 319.6588ms
====================================
Loop: 33
  Solve: 4.4316ms
Step: 727.8580ms
====================================
Loop: 34
  Solve: 4.1912ms
Step: 316.2000ms
====================================
Loop: 35
  Solve: 4.4023ms
Step: 323.2708ms
====================================
Loop: 36
  Solve: 4.2401ms
Step: 313.3801ms
====================================
Loop: 37
  Solve: 4.2821ms
Step: 318.1555ms
====================================
Loop: 38
  Solve: 4.4192ms
Step: 724.8354ms
====================================
Loop: 39
  Solve: 4.1755ms
Step: 318.7292ms
====================================
Loop: 40
  Solve: 4.6018ms
Step: 327.0981ms
====================================
Loop: 41
  Solve: 4.6714ms
Step: 319.7299ms
====================================
Loop: 42
  Solve: 4.5830ms
Step: 325.3998ms
====================================
Loop: 43
  Solve: 4.6122ms
Step: 726.8530ms
====================================
Loop: 44
  Solve: 4.5949ms
Step: 327.5093ms
====================================
Loop: 45
  Solve: 4.4640ms
Step: 324.7174ms
====================================
Loop: 46
  Solve: 4.5483ms
Step: 320.5872ms
====================================
Loop: 47
  Solve: 4.7669ms
Step: 741.5978ms
====================================
Loop: 48
  Solve: 4.8414ms
Step: 323.9812ms
====================================
Loop: 49
  Solve: 4.5683ms
Step: 326.5341ms
====================================
Loop: 50
  Solve: 4.4900ms
Step: 329.1932ms
====================================
Loop: 51
  Solve: 4.5567ms
Step: 725.9978ms
====================================
Loop: 52
  Solve: 4.5638ms
Step: 326.9293ms
====================================
Loop: 53
  Solve: 4.5548ms
Step: 320.8904ms
====================================
Loop: 54
  Solve: 19.8385ms
Step: 342.2188ms
====================================
Loop: 55
  Solve: 34.4101ms
Step: 758.4128ms
====================================
Loop: 56
  Solve: 49.5613ms
Step: 372.7495ms
====================================
Loop: 57
  Solve: 62.8996ms
Step: 385.7013ms
====================================
Loop: 58
  Solve: 79.3264ms
Step: 406.5613ms
====================================
Loop: 59
  Solve: 90.7153ms
Step: 797.7906ms
====================================
Loop: 60
  Solve: 109.1638ms
Step: 438.0867ms
====================================
Loop: 61
  Solve: 128.3076ms
Step: 459.0939ms
====================================
Loop: 62
  Solve: 140.9556ms
Step: 837.3007ms
====================================
Loop: 63
  Solve: 158.1859ms
Step: 494.2989ms
====================================
Loop: 64
  Solve: 173.8910ms
Step: 514.8790ms
====================================
Loop: 65
  Solve: 189.3516ms
Step: 877.1538ms
====================================
Loop: 66
  Solve: 207.8821ms
Step: 547.2947ms
====================================
Loop: 67
  Solve: 220.7759ms
Step: 585.7222ms
====================================
Loop: 68
  Solve: 237.4372ms
Step: 914.7499ms
====================================
Loop: 69
  Solve: 248.8353ms
Step: 598.5294ms
====================================
Loop: 70
  Solve: 264.4060ms
Step: 620.7177ms
====================================
Loop: 71
  Solve: 290.1235ms
Step: 953.5485ms
====================================
Loop: 72
  Solve: 296.5175ms
Step: 655.3157ms
====================================
Loop: 73
  Solve: 312.6845ms
Step: 663.5616ms
====================================
Loop: 74
  Solve: 320.0140ms
Step: 984.7408ms
====================================
Loop: 75
  Solve: 330.4487ms
Step: 695.2145ms
====================================
Loop: 76
  Solve: 351.5653ms
Step: 714.7636ms
====================================
Loop: 77
  Solve: 358.8273ms
Step: 1015.6071ms
====================================
Loop: 78
  Solve: 421.2745ms
Step: 796.6926ms
====================================
Loop: 79
  Solve: 417.1454ms
Step: 793.1623ms
====================================
Loop: 80
  Solve: 415.6590ms
Step: 1067.0461ms
====================================
Loop: 81
  Solve: 452.8196ms
Step: 845.2937ms
====================================
Loop: 82
  Solve: 475.2682ms
Step: 871.2519ms
====================================
Loop: 83
  Solve: 481.2628ms
Step: 1124.5967ms
====================================
Loop: 84
  Solve: 502.9544ms
Step: 902.3628ms
====================================
Loop: 85
  Solve: 525.2988ms
Step: 925.8931ms
====================================
Loop: 86
  Solve: 547.5916ms
Step: 1200.6113ms
====================================
Loop: 87
  Solve: 578.0402ms
Step: 995.9106ms
====================================
Loop: 88
  Solve: 597.0236ms
Step: 1014.3627ms
====================================
Loop: 89
  Solve: 624.6440ms
Step: 1270.8499ms
====================================
Loop: 90
  Solve: 650.3660ms
Step: 1073.9767ms
====================================
Loop: 91
  Solve: 671.9249ms
Step: 1099.3820ms
====================================
Loop: 92
  Solve: 698.3427ms
Step: 1341.4935ms
====================================
Loop: 93
  Solve: 723.9750ms
Step: 1168.6736ms
====================================
Loop: 94
  Solve: 753.0695ms
Step: 1412.2976ms
====================================
Loop: 95
  Solve: 791.7443ms
Step: 1239.5634ms
====================================
Loop: 96
  Solve: 817.2856ms
Step: 1469.3782ms
====================================
Loop: 97
  Solve: 845.2967ms
Step: 1316.3732ms
====================================
Loop: 98
  Solve: 880.1539ms
Step: 1530.2542ms
====================================
Loop: 99
  Solve: 909.3301ms
Step: 1402.0441ms
====================================
Loop: 100
  Solve: 940.0479ms
Step: 1606.1973ms
====================================
Loop: 101
  Solve: 967.7133ms
Step: 1478.1533ms
====================================
Loop: 102
  Solve: 988.8052ms
Step: 1669.1670ms
====================================
Loop: 103
  Solve: 1008.4557ms
Step: 1541.0345ms
====================================
Loop: 104
  Solve: 1039.3301ms
Step: 1746.4214ms
====================================
Loop: 105
  Solve: 1062.4314ms
Step: 1626.6598ms
====================================
Loop: 106
  Solve: 1080.3148ms
Step: 1811.5779ms
====================================
Loop: 107
  Solve: 1104.4871ms
Step: 1710.8472ms
====================================
Loop: 108
  Solve: 1117.8430ms
Step: 1876.8280ms
====================================
Loop: 109
  Solve: 1170.1648ms
Step: 1830.9910ms
====================================
Loop: 110
  Solve: 1256.6913ms
Step: 2178.7705ms
====================================
Loop: 111
  Solve: 1182.2328ms
Step: 1849.2052ms
====================================
Loop: 112
  Solve: 1208.5853ms
Step: 2004.1552ms
====================================
Loop: 113
  Solve: 1228.6191ms
Step: 1928.0603ms
====================================
Loop: 114
  Solve: 1247.2769ms
Step: 2074.8330ms
====================================
Loop: 115
  Solve: 1280.0259ms
Step: 2028.0056ms
====================================
Loop: 116
  Solve: 1290.5686ms
Step: 2152.8079ms
====================================
Loop: 117
  Solve: 1318.7117ms
Step: 2105.5513ms
====================================
Loop: 118
  Solve: 1339.4402ms
Step: 2235.1790ms
====================================
Loop: 119
  Solve: 1361.5114ms
Step: 2206.8250ms
====================================
Loop: 120
  Solve: 1412.8440ms
Step: 2352.5386ms
====================================
Loop: 121
  Solve: 1423.0283ms
Step: 2308.4758ms
====================================
Loop: 122
  Solve: 1447.8131ms
Step: 2467.4851ms
====================================
Loop: 123
  Solve: 1473.4398ms
Step: 2415.6450ms
====================================
Loop: 124
  Solve: 1477.1396ms
Step: 2508.9446ms
====================================
Loop: 125
  Solve: 1499.3407ms
Step: 2570.1394ms
====================================
Loop: 126
  Solve: 1561.6030ms
Step: 2630.1929ms
====================================
Loop: 127
  Solve: 1502.8461ms
Step: 2603.8486ms
====================================
Loop: 128
  Solve: 1489.0414ms
Step: 2602.8271ms
====================================
Loop: 129
  Solve: 1505.6975ms
Step: 2601.8433ms
====================================
Loop: 130
  Solve: 1508.7522ms
Step: 2652.6462ms
====================================
Loop: 131
  Solve: 1506.6381ms
Step: 2641.5308ms
====================================
Loop: 132
  Solve: 1497.4353ms
Step: 2664.8979ms
====================================
Loop: 133
  Solve: 1507.0012ms
Step: 2673.4988ms
====================================
Loop: 134
  Solve: 1500.7955ms
Step: 2681.3008ms
====================================
Loop: 135
  Solve: 1488.0089ms
Step: 2682.5181ms
====================================
Loop: 136
  Solve: 1474.4752ms
Step: 2659.4443ms
====================================
Loop: 137
  Solve: 1454.0940ms
Step: 2651.1411ms
====================================
Loop: 138
  Solve: 1438.3503ms
Step: 2638.2085ms
====================================
Loop: 139
  Solve: 1434.6771ms
Step: 2643.3052ms
====================================
Loop: 140
  Solve: 1407.8616ms
Step: 2610.0728ms
====================================
Loop: 141
  Solve: 1397.4288ms
Step: 2602.9204ms
====================================
Loop: 142
  Solve: 1380.3064ms
Step: 2593.4038ms
====================================
Loop: 143
  Solve: 1362.2671ms
Step: 2577.9897ms
====================================
Loop: 144
  Solve: 1355.1331ms
Step: 2578.3079ms
====================================
Loop: 145
  Solve: 1331.6490ms
Step: 2548.9392ms
====================================
Loop: 146
  Solve: 1316.7540ms
Step: 2531.3682ms
====================================
Loop: 147
  Solve: 1312.3796ms
Step: 2541.6013ms
====================================
Loop: 148
  Solve: 1291.8263ms
Step: 2502.9888ms
====================================
Loop: 149
  Solve: 1275.5193ms
Step: 2489.1257ms
====================================
Loop: 150
  Solve: 1265.9574ms
Step: 2485.0059ms
====================================
Loop: 151
  Solve: 1245.4261ms
Step: 2464.0876ms
====================================
Loop: 152
  Solve: 1246.9823ms
Step: 2464.9502ms
====================================
Loop: 153
  Solve: 1237.0679ms
Step: 2455.7209ms
====================================
Loop: 154
  Solve: 1223.2390ms
Step: 2443.2683ms
====================================
Loop: 155
  Solve: 1202.8395ms
Step: 2424.2358ms
====================================
Loop: 156
  Solve: 1189.6853ms
Step: 2425.4758ms
====================================
Loop: 157
  Solve: 1175.5327ms
Step: 2401.2129ms
====================================
Loop: 158
  Solve: 1164.2883ms
Step: 2391.7104ms
====================================
Loop: 159
  Solve: 1146.6913ms
Step: 2368.3445ms
====================================
Loop: 160
  Solve: 1135.3073ms
Step: 2357.3433ms
====================================
Loop: 161
  Solve: 1113.8910ms
Step: 2349.5039ms
====================================
Loop: 162
  Solve: 1098.8939ms
Step: 2311.7000ms
====================================
Loop: 163
  Solve: 1076.6414ms
Step: 2294.6335ms
====================================
Loop: 164
  Solve: 1058.7415ms
Step: 2285.9658ms
====================================
Loop: 165
  Solve: 1041.7318ms
Step: 2266.6252ms
====================================
Loop: 166
  Solve: 1023.3091ms
Step: 2254.1912ms
====================================
Loop: 167
  Solve: 1010.7822ms
Step: 2229.4973ms
====================================
Loop: 168
  Solve: 994.0756ms
Step: 2213.4746ms
====================================
Loop: 169
  Solve: 983.3713ms
Step: 2207.1787ms
====================================
Loop: 170
  Solve: 963.8828ms
Step: 2176.8337ms
====================================
Loop: 171
  Solve: 948.7280ms
Step: 2165.2266ms
====================================
Loop: 172
  Solve: 933.1732ms
Step: 2139.6150ms
====================================
Loop: 173
  Solve: 926.2043ms
Step: 2134.4858ms
====================================
Loop: 174
  Solve: 922.6154ms
Step: 2133.2864ms
====================================
Loop: 175
  Solve: 907.4769ms
Step: 2114.2937ms
====================================
Loop: 176
  Solve: 902.9694ms
Step: 2118.1543ms
====================================
Loop: 177
  Solve: 890.4863ms
Step: 2126.8525ms
====================================
Loop: 178
  Solve: 890.9034ms
Step: 2096.6912ms
====================================
Loop: 179
  Solve: 877.2175ms
Step: 2080.3005ms
====================================
Loop: 180
  Solve: 884.7896ms
Step: 2081.6562ms
====================================
Loop: 181
  Solve: 874.8669ms
Step: 2069.1553ms
====================================
Loop: 182
  Solve: 866.6058ms
Step: 2066.0002ms
====================================
Loop: 183
  Solve: 863.1646ms
Step: 2048.7527ms
====================================
Loop: 184
  Solve: 863.7804ms
Step: 2051.1416ms
====================================
Loop: 185
  Solve: 858.8348ms
Step: 2044.1254ms
====================================
Loop: 186
  Solve: 852.6467ms
Step: 2041.2793ms
====================================
Loop: 187
  Solve: 844.7849ms
Step: 2027.0721ms
====================================
Loop: 188
  Solve: 829.5704ms
Step: 2003.7620ms
====================================
Loop: 189
  Solve: 828.7159ms
Step: 2006.9160ms
====================================
Loop: 190
  Solve: 822.8322ms
Step: 1999.0476ms
====================================
Loop: 191
  Solve: 814.8898ms
Step: 1995.4160ms
====================================
Loop: 192
  Solve: 810.9740ms
Step: 1995.2961ms
====================================
Loop: 193
  Solve: 797.9653ms
Step: 1947.3922ms
====================================
Loop: 194
  Solve: 793.1042ms
Step: 1938.3408ms
====================================
Loop: 195
  Solve: 855.4067ms
Step: 2017.2898ms
====================================
Loop: 196
  Solve: 775.2252ms
Step: 1924.9788ms
====================================
Loop: 197
  Solve: 771.3083ms
Step: 1914.6777ms
====================================
Loop: 198
  Solve: 758.4839ms
Step: 1908.3762ms
====================================
Loop: 199
  Solve: 746.6072ms
Step: 1904.9543ms
====================================
Loop: 200
  Solve: 739.3870ms
Step: 1893.0670ms
====================================
Loop: 201
  Solve: 729.9446ms
Step: 1877.2662ms
====================================
Loop: 202
  Solve: 731.0704ms
Step: 1868.5190ms
====================================
Loop: 203
  Solve: 721.0993ms
Step: 1866.7639ms
====================================
Loop: 204
  Solve: 719.2574ms
Step: 1862.1401ms
====================================
Loop: 205
  Solve: 714.3102ms
Step: 1847.2913ms
====================================
Loop: 206
  Solve: 709.1160ms
Step: 1844.3036ms
====================================
Loop: 207
  Solve: 713.1000ms
Step: 1853.8130ms
====================================
Loop: 208
  Solve: 706.7855ms
Step: 1843.0886ms
====================================
Loop: 209
  Solve: 710.5892ms
Step: 1830.2139ms
====================================
Loop: 210
  Solve: 708.7852ms
Step: 1918.4178ms
====================================
Loop: 211
  Solve: 716.0447ms
Step: 1855.0717ms
====================================
Loop: 212
  Solve: 719.9857ms
Step: 1851.5546ms
====================================
Loop: 213
  Solve: 718.4594ms
Step: 1851.9565ms
====================================
Loop: 214
  Solve: 721.7946ms
Step: 1880.8877ms
====================================
Loop: 215
  Solve: 728.3052ms
Step: 1867.9006ms
====================================
Loop: 216
  Solve: 728.2079ms
Step: 1867.2737ms
====================================
Loop: 217
  Solve: 730.3787ms
Step: 1876.4033ms
====================================
Loop: 218
  Solve: 730.9505ms
Step: 1881.7229ms
====================================
Loop: 219
  Solve: 740.1521ms
Step: 2008.4606ms
====================================
Loop: 220
  Solve: 738.8732ms
Step: 1884.8901ms
====================================
Loop: 221
  Solve: 751.2098ms
Step: 1892.1628ms
====================================
Loop: 222
  Solve: 754.2343ms
Step: 1903.9851ms
====================================
Loop: 223
  Solve: 757.3771ms
Step: 1922.2350ms
====================================
Loop: 224
  Solve: 766.2190ms
Step: 1928.6213ms
====================================
Loop: 225
  Solve: 771.3559ms
Step: 1935.6018ms
====================================
Loop: 226
  Solve: 782.6881ms
Step: 1952.6211ms
====================================
Loop: 227
  Solve: 786.2706ms
Step: 1948.3496ms
====================================
Loop: 228
  Solve: 833.8127ms
Step: 1992.2535ms
====================================
Loop: 229
  Solve: 822.0582ms
Step: 1979.9092ms
====================================
Loop: 230
  Solve: 802.2618ms
Step: 1968.5735ms
====================================
Loop: 231
  Solve: 807.0671ms
Step: 1972.8805ms
====================================
Loop: 232
  Solve: 813.7560ms
Step: 1985.7897ms
====================================
Loop: 233
  Solve: 820.6326ms
Step: 1994.0095ms
====================================
Loop: 234
  Solve: 826.0881ms
Step: 2011.8981ms
====================================
Loop: 235
  Solve: 832.8154ms
Step: 2020.5117ms
====================================
Loop: 236
  Solve: 838.0756ms
Step: 2009.3163ms
====================================
Loop: 237
  Solve: 845.8398ms
Step: 2022.6342ms
====================================
Loop: 238
  Solve: 850.2505ms
Step: 2034.2957ms
====================================
Loop: 239
  Solve: 855.5723ms
Step: 2044.1213ms
====================================
Loop: 240
  Solve: 866.3395ms
Step: 2058.2532ms
====================================
Loop: 241
  Solve: 872.2601ms
Step: 2068.4407ms
====================================
Loop: 242
  Solve: 867.5714ms
Step: 2056.6094ms
====================================
Loop: 243
  Solve: 873.1890ms
Step: 2060.3745ms
====================================
Loop: 244
  Solve: 872.8799ms
Step: 2073.3774ms
====================================
Loop: 245
  Solve: 881.4336ms
Step: 2070.0295ms
====================================
Loop: 246
  Solve: 884.2087ms
Step: 2068.7947ms
====================================
Loop: 247
  Solve: 880.5814ms
Step: 2066.8884ms
====================================
Loop: 248
  Solve: 882.7189ms
Step: 2073.9622ms
====================================
Loop: 249
  Solve: 875.8349ms
Step: 2052.9265ms
====================================
Loop: 250
  Solve: 905.3047ms
Step: 2084.6897ms
====================================
Loop: 251
  Solve: 866.9699ms
Step: 2059.0032ms
====================================
Loop: 252
  Solve: 857.6523ms
Step: 2052.1177ms
====================================
Loop: 253
  Solve: 863.5884ms
Step: 2052.0476ms
====================================
Loop: 254
  Solve: 864.9193ms
Step: 2051.0559ms
====================================
Loop: 255
  Solve: 862.0947ms
Step: 2038.5750ms
====================================
Loop: 256
  Solve: 866.0098ms
Step: 2054.1780ms
====================================
Loop: 257
  Solve: 919.2160ms
Step: 2110.3679ms
====================================
Loop: 258
  Solve: 871.7396ms
Step: 2046.8657ms
====================================
Loop: 259
  Solve: 872.8740ms
Step: 2063.9182ms
====================================
Loop: 260
  Solve: 883.5764ms
Step: 2069.1399ms
====================================
Loop: 261
  Solve: 879.2991ms
Step: 2067.5977ms
====================================
Loop: 262
  Solve: 882.4783ms
Step: 2067.4026ms
====================================
Loop: 263
  Solve: 886.5278ms
Step: 2062.7253ms
====================================
Loop: 264
  Solve: 941.0014ms
Step: 2119.5549ms
====================================
Loop: 265
  Solve: 884.0449ms
Step: 2059.1296ms
====================================
Loop: 266
  Solve: 891.3130ms
Step: 2077.9043ms
====================================
Loop: 267
  Solve: 887.7432ms
Step: 2068.3054ms
====================================
Loop: 268
  Solve: 883.2311ms
Step: 2064.1821ms
====================================
Loop: 269
  Solve: 892.1511ms
Step: 2075.1501ms
====================================
Loop: 270
  Solve: 879.0807ms
Step: 2068.5908ms
====================================
Loop: 271
  Solve: 880.6645ms
Step: 2073.7444ms
====================================
Loop: 272
  Solve: 879.4449ms
Step: 2054.3513ms
====================================
Loop: 273
  Solve: 879.7225ms
Step: 2055.7625ms
====================================
Loop: 274
  Solve: 877.7508ms
Step: 2054.8145ms
====================================
Loop: 275
  Solve: 877.8819ms
Step: 2048.4302ms
====================================
Loop: 276
  Solve: 877.0381ms
Step: 2055.7332ms
====================================
Loop: 277
  Solve: 876.8599ms
Step: 2058.7190ms
====================================
Loop: 278
  Solve: 881.0787ms
Step: 2059.0386ms
====================================
Loop: 279
  Solve: 883.4558ms
Step: 2053.6274ms
====================================
Loop: 280
  Solve: 876.7638ms
Step: 2055.4272ms
====================================
Loop: 281
  Solve: 878.7245ms
Step: 2048.5269ms
====================================
Loop: 282
  Solve: 876.7183ms
Step: 2045.5264ms
====================================
Loop: 283
  Solve: 875.3601ms
Step: 2050.9343ms
====================================
Loop: 284
  Solve: 870.4544ms
Step: 2054.2329ms
====================================
Loop: 285
  Solve: 873.3367ms
Step: 2050.5122ms
====================================
Loop: 286
  Solve: 867.5955ms
Step: 2084.2910ms
====================================
Loop: 287
  Solve: 866.6089ms
Step: 2052.6365ms
====================================
Loop: 288
  Solve: 868.6115ms
Step: 2046.9338ms
====================================
Loop: 289
  Solve: 866.1657ms
Step: 2044.0022ms
====================================
Loop: 290
  Solve: 870.5507ms
Step: 2056.0000ms
====================================
Loop: 291
  Solve: 878.8605ms
Step: 2054.3813ms
====================================
Loop: 292
  Solve: 879.8936ms
Step: 2062.5249ms
====================================
Loop: 293
  Solve: 875.1263ms
Step: 2059.9333ms
====================================
Loop: 294
  Solve: 878.6710ms
Step: 2062.0059ms
====================================
Loop: 295
  Solve: 874.9370ms
Step: 2049.2815ms
====================================
Loop: 296
  Solve: 872.1238ms
Step: 2051.8262ms
====================================
Loop: 297
  Solve: 873.2183ms
Step: 2059.3442ms
====================================
Loop: 298
  Solve: 879.5218ms
Step: 2055.9961ms
====================================
Loop: 299
  Solve: 878.7606ms
Step: 2051.6228ms
====================================
Loop: 300
  Solve: 892.0245ms
Step: 2098.8516ms
====================================
Loop: 301
  Solve: 889.3071ms
Step: 2097.2114ms
====================================
Loop: 302
  Solve: 931.0341ms
Step: 2140.7053ms
====================================
Loop: 303
  Solve: 882.3192ms
Step: 2105.3689ms
====================================
Loop: 304
  Solve: 884.3592ms
Step: 2091.5876ms
====================================
Loop: 305
  Solve: 886.8624ms
Step: 2092.3318ms
====================================
Loop: 306
  Solve: 931.1611ms
Step: 2239.5227ms
====================================
Loop: 307
  Solve: 1046.1422ms
Step: 2708.2495ms
====================================
Loop: 308
  Solve: 879.5270ms
Step: 2082.1055ms
====================================
Loop: 309
  Solve: 871.3071ms
Step: 2071.7820ms
====================================
Loop: 310
  Solve: 878.1663ms
Step: 2068.3428ms
====================================
Loop: 311
  Solve: 868.2731ms
Step: 2063.8267ms
====================================
Loop: 312
  Solve: 866.0567ms
Step: 2103.3081ms
====================================
Loop: 313
  Solve: 854.9839ms
Step: 2056.0505ms
====================================
Loop: 314
  Solve: 854.4463ms
Step: 2037.7361ms
====================================
Loop: 315
  Solve: 909.3727ms
Step: 2092.3752ms
====================================
Loop: 316
  Solve: 850.7958ms
Step: 2021.5270ms
====================================
Loop: 317
  Solve: 852.8521ms
Step: 2025.9064ms
====================================
Loop: 318
  Solve: 846.4695ms
Step: 2021.1713ms
====================================
Loop: 319
  Solve: 847.7606ms
Step: 2022.1125ms
====================================
Loop: 320
  Solve: 920.6329ms
Step: 2106.4924ms
====================================
Loop: 321
  Solve: 850.2412ms
Step: 2104.4258ms
====================================
Loop: 322
  Solve: 839.9974ms
Step: 2044.2349ms
====================================
Loop: 323
  Solve: 836.1927ms
Step: 2029.7898ms
====================================
Loop: 324
  Solve: 833.1309ms
Step: 2017.1360ms
====================================
Loop: 325
  Solve: 831.9348ms
Step: 2016.8347ms
====================================
Loop: 326
  Solve: 827.6475ms
Step: 2012.3700ms
====================================
Loop: 327
  Solve: 830.2282ms
Step: 2004.9297ms
====================================
Loop: 328
  Solve: 825.7502ms
Step: 2005.0033ms
====================================
Loop: 329
  Solve: 814.8494ms
Step: 1996.8110ms
====================================
Loop: 330
  Solve: 805.0914ms
Step: 1986.2606ms
====================================
Loop: 331
  Solve: 803.6320ms
Step: 1967.3544ms
====================================
Loop: 332
  Solve: 790.5524ms
Step: 1967.7637ms
====================================
Loop: 333
  Solve: 793.4039ms
Step: 1951.8152ms
====================================
Loop: 334
  Solve: 795.5587ms
Step: 1943.9009ms
====================================
Loop: 335
  Solve: 782.2554ms
Step: 1942.3350ms
====================================
Loop: 336
  Solve: 781.5729ms
Step: 1945.1764ms
====================================
Loop: 337
  Solve: 774.3250ms
Step: 1932.8710ms
====================================
Loop: 338
  Solve: 766.9708ms
Step: 1895.0840ms
====================================
Loop: 339
  Solve: 761.8762ms
Step: 1888.9326ms
====================================
Loop: 340
  Solve: 760.1253ms
Step: 1898.1433ms
====================================
Loop: 341
  Solve: 759.5443ms
Step: 1872.5658ms
====================================
Loop: 342
  Solve: 745.0211ms
Step: 1856.4979ms
====================================
Loop: 343
  Solve: 735.0875ms
Step: 1851.3573ms
====================================
Loop: 344
  Solve: 757.3616ms
Step: 1941.0690ms
====================================
Loop: 345
  Solve: 723.0878ms
Step: 1805.6541ms
====================================
Loop: 346
  Solve: 722.1190ms
Step: 1796.4264ms
====================================
Loop: 347
  Solve: 725.8317ms
Step: 1840.0967ms
====================================
Loop: 348
  Solve: 720.6793ms
Step: 1783.9653ms
====================================
Loop: 349
  Solve: 711.9222ms
Step: 1789.9224ms
====================================
Loop: 350
  Solve: 710.5971ms
Step: 1768.8784ms
====================================
Loop: 351
  Solve: 708.4157ms
Step: 1762.5170ms
====================================
Loop: 352
  Solve: 706.6921ms
Step: 1748.6770ms
====================================
Loop: 353
  Solve: 702.7169ms
Step: 1747.4011ms
====================================
Loop: 354
  Solve: 692.9109ms
Step: 1730.8810ms
====================================
Loop: 355
  Solve: 691.7983ms
Step: 1735.0322ms
====================================
Loop: 356
  Solve: 690.8031ms
Step: 1717.8845ms
====================================
Loop: 357
  Solve: 681.0101ms
Step: 1711.9619ms
====================================
Loop: 358
  Solve: 674.8902ms
Step: 1700.0812ms
====================================
Loop: 359
  Solve: 674.3015ms
Step: 1691.9364ms
====================================
Loop: 360
  Solve: 669.2155ms
Step: 1688.6406ms
====================================
Loop: 361
  Solve: 668.7465ms
Step: 1687.3556ms
====================================
Loop: 362
  Solve: 665.4182ms
Step: 1662.5537ms
====================================
Loop: 363
  Solve: 656.3308ms
Step: 1654.7742ms
====================================
Loop: 364
  Solve: 653.1326ms
Step: 1660.5721ms
====================================
Loop: 365
  Solve: 653.6526ms
Step: 1635.8402ms
====================================
Loop: 366
  Solve: 649.4331ms
Step: 1642.8848ms
====================================
Loop: 367
  Solve: 646.4702ms
Step: 1629.4724ms
====================================
Loop: 368
  Solve: 645.9196ms
Step: 1624.8103ms
====================================
Loop: 369
  Solve: 643.3619ms
Step: 1611.5747ms
====================================
Loop: 370
  Solve: 648.7761ms
Step: 1623.0632ms
====================================
Loop: 371
  Solve: 637.8016ms
Step: 1616.0708ms
====================================
Loop: 372
  Solve: 639.3047ms
Step: 1606.6157ms
====================================
Loop: 373
  Solve: 637.4426ms
Step: 1594.9241ms
====================================
Loop: 374
  Solve: 634.8907ms
Step: 1684.1205ms
====================================
Loop: 375
  Solve: 640.0408ms
Step: 1610.4333ms
====================================
Loop: 376
  Solve: 628.1566ms
Step: 1597.3560ms
====================================
Loop: 377
  Solve: 637.2844ms
Step: 1599.5721ms
====================================
Loop: 378
  Solve: 628.9929ms
Step: 1584.6927ms
====================================
Loop: 379
  Solve: 635.5195ms
Step: 1599.1617ms
====================================
Loop: 380
  Solve: 627.2175ms
Step: 1592.1947ms
====================================
Loop: 381
  Solve: 617.4544ms
Step: 1581.8818ms
====================================
Loop: 382
  Solve: 622.9844ms
Step: 1588.6860ms
====================================
Loop: 383
  Solve: 624.0699ms
Step: 1572.6782ms
====================================
Loop: 384
  Solve: 609.9922ms
Step: 1535.0010ms
====================================
Loop: 385
  Solve: 611.9007ms
Step: 1540.0901ms
====================================
Loop: 386
  Solve: 603.1594ms
Step: 1533.4292ms
====================================
Loop: 387
  Solve: 607.6644ms
Step: 1536.4843ms
====================================
Loop: 388
  Solve: 607.9303ms
Step: 1537.4004ms
====================================
Loop: 389
  Solve: 601.2917ms
Step: 1522.8164ms
====================================
Loop: 390
  Solve: 607.6492ms
Step: 1530.0734ms
====================================
Loop: 391
  Solve: 597.3553ms
Step: 1514.2506ms
====================================
Loop: 392
  Solve: 612.3348ms
Step: 1528.7844ms
====================================
Loop: 393
  Solve: 599.7050ms
Step: 1509.7407ms
====================================
Loop: 394
  Solve: 595.2639ms
Step: 1500.3135ms
====================================
Loop: 395
  Solve: 595.3030ms
Step: 1507.6646ms
====================================
Loop: 396
  Solve: 594.5692ms
Step: 1505.0081ms
====================================
Loop: 397
  Solve: 586.1544ms
Step: 1497.5078ms
====================================
Loop: 398
  Solve: 597.0381ms
Step: 1498.6099ms
====================================
Loop: 399
  Solve: 593.1447ms
Step: 1492.6926ms
====================================
Loop: 400
  Solve: 585.5842ms
Step: 1478.6405ms
====================================
Loop: 401
  Solve: 585.4340ms
Step: 1475.8984ms
====================================
Loop: 402
  Solve: 590.9188ms
Step: 1480.0797ms
====================================
Loop: 403
  Solve: 580.1309ms
Step: 1464.3307ms
====================================
Loop: 404
  Solve: 581.8229ms
Step: 1459.2314ms
====================================
Loop: 405
  Solve: 587.2896ms
Step: 1446.7670ms
====================================
Loop: 406
  Solve: 573.1020ms
Step: 1435.5947ms
====================================
Loop: 407
  Solve: 573.2664ms
Step: 1431.2576ms
====================================
Loop: 408
  Solve: 571.5550ms
Step: 1439.3627ms
====================================
Loop: 409
  Solve: 575.4355ms
Step: 1429.5461ms
====================================
Loop: 410
  Solve: 569.5412ms
Step: 1427.3096ms
====================================
Loop: 411
  Solve: 573.4893ms
Step: 1430.5474ms
====================================
Loop: 412
  Solve: 571.6545ms
Step: 1411.8899ms
====================================
Loop: 413
  Solve: 565.9253ms
Step: 1414.6787ms
====================================
Loop: 414
  Solve: 560.8996ms
Step: 1395.3907ms
====================================
Loop: 415
  Solve: 566.5012ms
Step: 1402.1238ms
====================================
Loop: 416
  Solve: 567.9142ms
Step: 1410.2480ms
====================================
Loop: 417
  Solve: 569.2977ms
Step: 1391.7520ms
====================================
Loop: 418
  Solve: 560.1284ms
Step: 1394.0452ms
====================================
Loop: 419
  Solve: 562.0127ms
Step: 1391.7832ms
====================================
Loop: 420
  Solve: 557.8802ms
Step: 1397.5782ms
====================================
Loop: 421
  Solve: 554.2380ms
Step: 1385.7009ms
====================================
Loop: 422
  Solve: 554.9260ms
Step: 1378.2290ms
====================================
Loop: 423
  Solve: 555.5613ms
Step: 1418.8239ms
====================================
Loop: 424
  Solve: 558.3214ms
Step: 1361.9315ms
====================================
Loop: 425
  Solve: 547.7914ms
Step: 1358.6688ms
====================================
Loop: 426
  Solve: 580.3984ms
Step: 1384.9255ms
====================================
Loop: 427
  Solve: 550.8315ms
Step: 1400.0723ms
====================================
Loop: 428
  Solve: 548.5723ms
Step: 1339.5792ms
====================================
Loop: 429
  Solve: 548.9343ms
Step: 1347.6855ms
====================================
Loop: 430
  Solve: 557.1697ms
Step: 1363.2393ms
====================================
Loop: 431
  Solve: 552.1970ms
Step: 1354.0664ms
====================================
Loop: 432
  Solve: 551.8824ms
Step: 1346.0781ms
====================================
Loop: 433
  Solve: 547.3989ms
Step: 1332.3943ms
====================================
Loop: 434
  Solve: 544.6682ms
Step: 1339.3744ms
====================================
Loop: 435
  Solve: 548.2526ms
Step: 1337.9177ms
====================================
Loop: 436
  Solve: 560.5222ms
Step: 1334.9238ms
====================================
Loop: 437
  Solve: 538.6157ms
Step: 1312.7510ms
====================================
Loop: 438
  Solve: 547.3943ms
Step: 1330.2059ms
====================================
Loop: 439
  Solve: 542.6348ms
Step: 1301.9191ms
====================================
Loop: 440
  Solve: 537.9479ms
Step: 1294.3199ms
====================================
Loop: 441
  Solve: 537.1341ms
Step: 1296.8446ms
====================================
Loop: 442
  Solve: 568.9919ms
Step: 1328.7390ms
====================================
Loop: 443
  Solve: 531.3587ms
Step: 1289.2496ms
====================================
Loop: 444
  Solve: 533.0524ms
Step: 1290.1428ms
====================================
Loop: 445
  Solve: 533.4827ms
Step: 1284.5100ms
====================================
Loop: 446
  Solve: 531.5286ms
Step: 1283.2700ms
====================================
Loop: 447
  Solve: 526.9517ms
Step: 1272.7838ms
====================================
Loop: 448
  Solve: 533.7202ms
Step: 1283.6638ms
====================================
Loop: 449
  Solve: 531.9709ms
Step: 1272.5195ms
====================================
Loop: 450
  Solve: 533.8239ms
Step: 1281.1754ms
====================================
Loop: 451
  Solve: 529.6310ms
Step: 1287.2949ms
====================================
Loop: 452
  Solve: 531.1537ms
Step: 1267.2817ms
====================================
Loop: 453
  Solve: 538.8389ms
Step: 1282.1860ms
====================================
Loop: 454
  Solve: 532.4302ms
Step: 1261.5310ms
====================================
Loop: 455
  Solve: 527.7725ms
Step: 1265.5317ms
====================================
Loop: 456
  Solve: 531.2648ms
Step: 1258.7454ms
====================================
Loop: 457
  Solve: 533.6603ms
Step: 1260.0056ms
====================================
Loop: 458
  Solve: 526.5371ms
Step: 1251.6014ms
====================================
Loop: 459
  Solve: 528.8065ms
Step: 1285.3589ms
====================================
Loop: 460
  Solve: 531.6920ms
Step: 1255.4694ms
====================================
Loop: 461
  Solve: 534.7893ms
Step: 1267.8536ms
====================================
Loop: 462
  Solve: 529.0034ms
Step: 1258.5193ms
====================================
Loop: 463
  Solve: 529.6719ms
Step: 1246.8916ms
====================================
Loop: 464
  Solve: 531.3820ms
Step: 1249.2731ms
====================================
Loop: 465
  Solve: 533.3062ms
Step: 1258.1921ms
====================================
Loop: 466
  Solve: 526.8146ms
Step: 1257.9319ms
====================================
Loop: 467
  Solve: 532.1028ms
Step: 1247.5569ms
====================================
Loop: 468
  Solve: 529.7808ms
Step: 1247.4320ms
====================================
Loop: 469
  Solve: 526.3933ms
Step: 1293.8450ms
====================================
Loop: 470
  Solve: 526.6208ms
Step: 1250.3597ms
====================================
Loop: 471
  Solve: 530.5498ms
Step: 1231.7450ms
====================================
Loop: 472
  Solve: 526.9777ms
Step: 1234.7067ms
====================================
Loop: 473
  Solve: 527.5914ms
Step: 1239.8452ms
====================================
Loop: 474
  Solve: 525.2161ms
Step: 1234.0259ms
====================================
Loop: 475
  Solve: 526.1672ms
Step: 1228.5295ms
====================================
Loop: 476
  Solve: 527.4573ms
Step: 1224.8156ms
====================================
Loop: 477
  Solve: 529.8812ms
Step: 1233.5787ms
====================================
Loop: 478
  Solve: 524.0485ms
Step: 1219.1265ms
====================================
Loop: 479
  Solve: 527.0451ms
Step: 1232.9475ms
====================================
Loop: 480
  Solve: 526.2076ms
Step: 1222.8268ms
====================================
Loop: 481
  Solve: 529.7873ms
Step: 1222.4739ms
====================================
Loop: 482
  Solve: 529.4388ms
Step: 1222.8673ms
====================================
Loop: 483
  Solve: 526.1342ms
Step: 1228.5833ms
====================================
Loop: 484
  Solve: 528.5352ms
Step: 1219.3693ms
====================================
Loop: 485
  Solve: 549.2689ms
Step: 1241.5900ms
====================================
Loop: 486
  Solve: 533.7825ms
Step: 1240.1304ms
====================================
Loop: 487
  Solve: 533.9631ms
Step: 1229.5503ms
====================================
Loop: 488
  Solve: 545.8735ms
Step: 1252.2096ms
====================================
Loop: 489
  Solve: 534.1251ms
Step: 1233.0743ms
====================================
Loop: 490
  Solve: 534.5724ms
Step: 1232.7290ms
====================================
Loop: 491
  Solve: 536.4379ms
Step: 1234.7786ms
====================================
Loop: 492
  Solve: 526.6027ms
Step: 1255.3241ms
====================================
Loop: 493
  Solve: 531.3893ms
Step: 1217.7227ms
====================================
Loop: 494
  Solve: 531.1340ms
Step: 1213.5204ms
====================================
Loop: 495
  Solve: 530.8899ms
Step: 1212.8728ms
====================================
Loop: 496
  Solve: 533.7023ms
Step: 1288.9191ms
====================================
Loop: 497
  Solve: 532.1346ms
Step: 1211.5585ms
====================================
Loop: 498
  Solve: 527.4966ms
Step: 1202.5294ms
====================================
Loop: 499
  Solve: 528.9583ms
Step: 1216.8098ms
====================================
Loop: 500
  Solve: 526.2087ms
Step: 1206.6232ms
====================================
