Using platform vendor: Intel(R) Corporation
Loop: 0
  Solve: 0.0008ms
Step: 605.5659ms
====================================
Loop: 1
  Solve: 0.0016ms
Step: 360.7036ms
====================================
Loop: 2
  Solve: 0.0012ms
Step: 305.1279ms
====================================
Loop: 3
  Solve: 0.0012ms
Step: 292.0856ms
====================================
Loop: 4
  Solve: 0.0013ms
Step: 303.6732ms
====================================
Loop: 5
  Solve: 0.0016ms
Step: 297.4557ms
====================================
Loop: 6
  Solve: 0.0013ms
Step: 297.8144ms
====================================
Loop: 7
  Solve: 0.0015ms
Step: 304.1714ms
====================================
Loop: 8
  Solve: 0.0012ms
Step: 293.1886ms
====================================
Loop: 9
  Solve: 0.0011ms
Step: 299.7246ms
====================================
Loop: 10
  Solve: 0.0009ms
Step: 296.3515ms
====================================
Loop: 11
  Solve: 0.0012ms
Step: 299.3706ms
====================================
Loop: 12
  Solve: 0.0012ms
Step: 303.5794ms
====================================
Loop: 13
  Solve: 0.0013ms
Step: 294.1431ms
====================================
Loop: 14
  Solve: 0.0012ms
Step: 302.1047ms
====================================
Loop: 15
  Solve: 0.0009ms
Step: 302.2585ms
====================================
Loop: 16
  Solve: 0.0011ms
Step: 295.0475ms
====================================
Loop: 17
  Solve: 0.0012ms
Step: 303.0053ms
====================================
Loop: 18
  Solve: 0.0011ms
Step: 699.7693ms
====================================
Loop: 19
  Solve: 0.0008ms
Step: 302.9695ms
====================================
Loop: 20
  Solve: 0.0010ms
Step: 294.7438ms
====================================
Loop: 21
  Solve: 0.0012ms
Step: 298.8104ms
====================================
Loop: 22
  Solve: 0.0011ms
Step: 295.7781ms
====================================
Loop: 23
  Solve: 0.0011ms
Step: 298.7312ms
====================================
Loop: 24
  Solve: 0.0011ms
Step: 300.7846ms
====================================
Loop: 25
  Solve: 0.0010ms
Step: 294.1118ms
====================================
Loop: 26
  Solve: 0.0015ms
Step: 711.2894ms
====================================
Loop: 27
  Solve: 0.0012ms
Step: 294.1985ms
====================================
Loop: 28
  Solve: 0.0016ms
Step: 302.9008ms
====================================
Loop: 29
  Solve: 0.0018ms
Step: 300.7558ms
====================================
Loop: 30
  Solve: 0.0012ms
Step: 298.5534ms
====================================
Loop: 31
  Solve: 0.0012ms
Step: 308.5821ms
====================================
Loop: 32
  Solve: 0.0011ms
Step: 295.5099ms
====================================
Loop: 33
  Solve: 0.0012ms
Step: 709.9922ms
====================================
Loop: 34
  Solve: 0.0012ms
Step: 294.8751ms
====================================
Loop: 35
  Solve: 0.0011ms
Step: 298.6686ms
====================================
Loop: 36
  Solve: 0.0012ms
Step: 293.6175ms
====================================
Loop: 37
  Solve: 0.0013ms
Step: 298.2442ms
====================================
Loop: 38
  Solve: 0.0012ms
Step: 700.9379ms
====================================
Loop: 39
  Solve: 0.0012ms
Step: 297.6259ms
====================================
Loop: 40
  Solve: 0.0012ms
Step: 303.3524ms
====================================
Loop: 41
  Solve: 0.0012ms
Step: 298.0020ms
====================================
Loop: 42
  Solve: 0.0013ms
Step: 301.2220ms
====================================
Loop: 43
  Solve: 0.0020ms
Step: 701.4263ms
====================================
Loop: 44
  Solve: 0.0012ms
Step: 296.9368ms
====================================
Loop: 45
  Solve: 0.0011ms
Step: 298.7499ms
====================================
Loop: 46
  Solve: 0.0012ms
Step: 297.3596ms
====================================
Loop: 47
  Solve: 0.0014ms
Step: 697.2968ms
====================================
Loop: 48
  Solve: 0.0016ms
Step: 334.0678ms
====================================
Loop: 49
  Solve: 0.0012ms
Step: 306.6191ms
====================================
Loop: 50
  Solve: 0.0010ms
Step: 294.9231ms
====================================
Loop: 51
  Solve: 0.0011ms
Step: 772.4041ms
====================================
Loop: 52
  Solve: 0.0012ms
Step: 295.2935ms
====================================
Loop: 53
  Solve: 0.0016ms
Step: 298.3272ms
====================================
Loop: 54
  Solve: 3.4960ms
Step: 305.3368ms
====================================
Loop: 55
  Solve: 6.7003ms
Step: 704.5927ms
====================================
Loop: 56
  Solve: 9.5122ms
Step: 313.5009ms
====================================
Loop: 57
  Solve: 12.8626ms
Step: 314.1783ms
====================================
Loop: 58
  Solve: 24.3364ms
Step: 327.9251ms
====================================
Loop: 59
  Solve: 20.5953ms
Step: 708.1494ms
====================================
Loop: 60
  Solve: 19.9176ms
Step: 349.5401ms
====================================
Loop: 61
  Solve: 26.2291ms
Step: 366.0289ms
====================================
Loop: 62
  Solve: 24.8556ms
Step: 700.8892ms
====================================
Loop: 63
  Solve: 28.7327ms
Step: 348.5496ms
====================================
Loop: 64
  Solve: 58.8700ms
Step: 379.5850ms
====================================
Loop: 65
  Solve: 34.1154ms
Step: 695.7681ms
====================================
Loop: 66
  Solve: 40.6316ms
Step: 366.7365ms
====================================
Loop: 67
  Solve: 38.6685ms
Step: 358.6161ms
====================================
Loop: 68
  Solve: 45.2908ms
Step: 731.1310ms
====================================
Loop: 69
  Solve: 55.5318ms
Step: 389.4974ms
====================================
Loop: 70
  Solve: 54.3745ms
Step: 385.8104ms
====================================
Loop: 71
  Solve: 55.9057ms
Step: 707.5126ms
====================================
Loop: 72
  Solve: 61.5697ms
Step: 405.0542ms
====================================
Loop: 73
  Solve: 58.7048ms
Step: 392.6449ms
====================================
Loop: 74
  Solve: 73.3305ms
Step: 715.2032ms
====================================
Loop: 75
  Solve: 77.0052ms
Step: 422.9907ms
====================================
Loop: 76
  Solve: 78.3296ms
Step: 430.9799ms
====================================
Loop: 77
  Solve: 82.3071ms
Step: 724.0040ms
====================================
Loop: 78
  Solve: 92.6007ms
Step: 464.0314ms
====================================
Loop: 79
  Solve: 99.1197ms
Step: 471.4190ms
====================================
Loop: 80
  Solve: 107.5410ms
Step: 752.4190ms
====================================
Loop: 81
  Solve: 122.0081ms
Step: 502.6107ms
====================================
Loop: 82
  Solve: 122.9617ms
Step: 502.4772ms
====================================
Loop: 83
  Solve: 128.6768ms
Step: 767.9318ms
====================================
Loop: 84
  Solve: 131.0961ms
Step: 521.8383ms
====================================
Loop: 85
  Solve: 137.3502ms
Step: 537.0587ms
====================================
Loop: 86
  Solve: 145.2787ms
Step: 793.4954ms
====================================
Loop: 87
  Solve: 157.5382ms
Step: 557.8640ms
====================================
Loop: 88
  Solve: 154.3956ms
Step: 564.2175ms
====================================
Loop: 89
  Solve: 159.4138ms
Step: 806.5283ms
====================================
Loop: 90
  Solve: 164.0145ms
Step: 584.8842ms
====================================
Loop: 91
  Solve: 174.3479ms
Step: 599.4088ms
====================================
Loop: 92
  Solve: 180.8402ms
Step: 839.7288ms
====================================
Loop: 93
  Solve: 194.1727ms
Step: 647.5879ms
====================================
Loop: 94
  Solve: 196.6144ms
Step: 850.5263ms
====================================
Loop: 95
  Solve: 204.1478ms
Step: 660.9860ms
====================================
Loop: 96
  Solve: 201.4543ms
Step: 871.1832ms
====================================
Loop: 97
  Solve: 209.9977ms
Step: 686.2506ms
====================================
Loop: 98
  Solve: 214.2473ms
Step: 893.6552ms
====================================
Loop: 99
  Solve: 219.4901ms
Step: 725.4568ms
====================================
Loop: 100
  Solve: 232.8530ms
Step: 925.8044ms
====================================
Loop: 101
  Solve: 239.9585ms
Step: 778.6068ms
====================================
Loop: 102
  Solve: 238.9628ms
Step: 948.1245ms
====================================
Loop: 103
  Solve: 241.7982ms
Step: 803.1434ms
====================================
Loop: 104
  Solve: 252.2442ms
Step: 977.6111ms
====================================
Loop: 105
  Solve: 263.9230ms
Step: 853.7871ms
====================================
Loop: 106
  Solve: 260.9722ms
Step: 1008.7038ms
====================================
Loop: 107
  Solve: 263.3758ms
Step: 885.0343ms
====================================
Loop: 108
  Solve: 266.7325ms
Step: 1033.2563ms
====================================
Loop: 109
  Solve: 267.6843ms
Step: 921.2859ms
====================================
Loop: 110
  Solve: 273.5891ms
Step: 1100.1440ms
====================================
Loop: 111
  Solve: 283.8670ms
Step: 970.4164ms
====================================
Loop: 112
  Solve: 282.0229ms
Step: 1100.7721ms
====================================
Loop: 113
  Solve: 297.4091ms
Step: 1017.7769ms
====================================
Loop: 114
  Solve: 302.9408ms
Step: 1145.6219ms
====================================
Loop: 115
  Solve: 303.5188ms
Step: 1057.7820ms
====================================
Loop: 116
  Solve: 314.5628ms
Step: 1268.4788ms
====================================
Loop: 117
  Solve: 319.3051ms
Step: 1121.0087ms
====================================
Loop: 118
  Solve: 315.1541ms
Step: 1224.9238ms
====================================
Loop: 119
  Solve: 322.7972ms
Step: 1190.2681ms
====================================
Loop: 120
  Solve: 335.1717ms
Step: 1289.7668ms
====================================
Loop: 121
  Solve: 338.6285ms
Step: 1252.8124ms
====================================
Loop: 122
  Solve: 332.2509ms
Step: 1340.9124ms
====================================
Loop: 123
  Solve: 343.7719ms
Step: 1305.3674ms
====================================
Loop: 124
  Solve: 333.6902ms
Step: 1378.2979ms
====================================
Loop: 125
  Solve: 336.6412ms
Step: 1345.3918ms
====================================
Loop: 126
  Solve: 352.6685ms
Step: 1438.7952ms
====================================
Loop: 127
  Solve: 361.5455ms
Step: 1419.8207ms
====================================
Loop: 128
  Solve: 346.3226ms
Step: 1471.0752ms
====================================
Loop: 129
  Solve: 346.6248ms
Step: 1453.0873ms
====================================
Loop: 130
  Solve: 342.7326ms
Step: 1505.9823ms
====================================
Loop: 131
  Solve: 355.1303ms
Step: 1501.9091ms
====================================
Loop: 132
  Solve: 357.0803ms
Step: 1587.4819ms
====================================
Loop: 133
  Solve: 377.6141ms
Step: 1567.0261ms
====================================
Loop: 134
  Solve: 361.3215ms
Step: 1555.7908ms
====================================
Loop: 135
  Solve: 357.6344ms
Step: 1562.1807ms
====================================
Loop: 136
  Solve: 362.2766ms
Step: 1574.9092ms
====================================
Loop: 137
  Solve: 336.7255ms
Step: 1559.0618ms
====================================
Loop: 138
  Solve: 344.7314ms
Step: 1567.7649ms
====================================
Loop: 139
  Solve: 331.8781ms
Step: 1558.1078ms
====================================
Loop: 140
  Solve: 332.2687ms
Step: 1554.9683ms
====================================
Loop: 141
  Solve: 327.8889ms
Step: 1572.6284ms
====================================
Loop: 142
  Solve: 329.8036ms
Step: 1560.3018ms
====================================
Loop: 143
  Solve: 384.0334ms
Step: 1609.4489ms
====================================
Loop: 144
  Solve: 305.8539ms
Step: 1543.5144ms
====================================
Loop: 145
  Solve: 298.5201ms
Step: 1643.4294ms
====================================
Loop: 146
  Solve: 295.1926ms
Step: 1533.8304ms
====================================
Loop: 147
  Solve: 290.6526ms
Step: 1530.5122ms
====================================
Loop: 148
  Solve: 288.3751ms
Step: 1528.8118ms
====================================
Loop: 149
  Solve: 286.0077ms
Step: 1508.5598ms
====================================
Loop: 150
  Solve: 287.1589ms
Step: 1535.5039ms
====================================
Loop: 151
  Solve: 277.5446ms
Step: 1518.1587ms
====================================
Loop: 152
  Solve: 276.2724ms
Step: 1523.0872ms
====================================
Loop: 153
  Solve: 269.9566ms
Step: 1522.2991ms
====================================
Loop: 154
  Solve: 264.2894ms
Step: 1512.8843ms
====================================
Loop: 155
  Solve: 270.3150ms
Step: 1519.7296ms
====================================
Loop: 156
  Solve: 264.9566ms
Step: 1503.6923ms
====================================
Loop: 157
  Solve: 266.5649ms
Step: 1514.3844ms
====================================
Loop: 158
  Solve: 258.6287ms
Step: 1496.8025ms
====================================
Loop: 159
  Solve: 248.0465ms
Step: 1492.1956ms
====================================
Loop: 160
  Solve: 247.3467ms
Step: 1472.1001ms
====================================
Loop: 161
  Solve: 242.8443ms
Step: 1474.6680ms
====================================
Loop: 162
  Solve: 242.8957ms
Step: 1484.8949ms
====================================
Loop: 163
  Solve: 232.4854ms
Step: 1481.4474ms
====================================
Loop: 164
  Solve: 229.0217ms
Step: 1467.7291ms
====================================
Loop: 165
  Solve: 226.0435ms
Step: 1462.6669ms
====================================
Loop: 166
  Solve: 221.0816ms
Step: 1454.7423ms
====================================
Loop: 167
  Solve: 219.3215ms
Step: 1440.0546ms
====================================
Loop: 168
  Solve: 216.7725ms
Step: 1435.6854ms
====================================
Loop: 169
  Solve: 236.9875ms
Step: 1450.2239ms
====================================
Loop: 170
  Solve: 225.6915ms
Step: 1441.4426ms
====================================
Loop: 171
  Solve: 214.0573ms
Step: 1430.4556ms
====================================
Loop: 172
  Solve: 197.3910ms
Step: 1422.8700ms
====================================
Loop: 173
  Solve: 199.3664ms
Step: 1429.7192ms
====================================
Loop: 174
  Solve: 190.0205ms
Step: 1399.0881ms
====================================
Loop: 175
  Solve: 194.2883ms
Step: 1407.2249ms
====================================
Loop: 176
  Solve: 190.5817ms
Step: 1405.1729ms
====================================
Loop: 177
  Solve: 187.5964ms
Step: 1407.7351ms
====================================
Loop: 178
  Solve: 183.2145ms
Step: 1399.2976ms
====================================
Loop: 179
  Solve: 184.3354ms
Step: 1385.7362ms
====================================
Loop: 180
  Solve: 191.0137ms
Step: 1386.0195ms
====================================
Loop: 181
  Solve: 186.2993ms
Step: 1409.4470ms
====================================
Loop: 182
  Solve: 180.7318ms
Step: 1388.9890ms
====================================
Loop: 183
  Solve: 181.7234ms
Step: 1384.8562ms
====================================
Loop: 184
  Solve: 184.4642ms
Step: 1371.7123ms
====================================
Loop: 185
  Solve: 184.8724ms
Step: 1370.5088ms
====================================
Loop: 186
  Solve: 181.7540ms
Step: 1371.0266ms
====================================
Loop: 187
  Solve: 179.1432ms
Step: 1366.0443ms
====================================
Loop: 188
  Solve: 185.1875ms
Step: 1369.2568ms
====================================
Loop: 189
  Solve: 187.1895ms
Step: 1376.0593ms
====================================
Loop: 190
  Solve: 180.0894ms
Step: 1375.0306ms
====================================
Loop: 191
  Solve: 181.7159ms
Step: 1377.4597ms
====================================
Loop: 192
  Solve: 191.1213ms
Step: 1359.6323ms
====================================
Loop: 193
  Solve: 186.6543ms
Step: 1354.0924ms
====================================
Loop: 194
  Solve: 185.2934ms
Step: 1390.1790ms
====================================
Loop: 195
  Solve: 179.0311ms
Step: 1347.8607ms
====================================
Loop: 196
  Solve: 187.0107ms
Step: 1346.4720ms
====================================
Loop: 197
  Solve: 179.2981ms
Step: 1351.6041ms
====================================
Loop: 198
  Solve: 180.4066ms
Step: 1347.9327ms
====================================
Loop: 199
  Solve: 193.2607ms
Step: 1341.9332ms
====================================
Loop: 200
  Solve: 185.8289ms
Step: 1347.9852ms
====================================
Loop: 201
  Solve: 182.4545ms
Step: 1347.7174ms
====================================
Loop: 202
  Solve: 189.1964ms
Step: 1351.9294ms
====================================
Loop: 203
  Solve: 189.5247ms
Step: 1349.0327ms
====================================
Loop: 204
  Solve: 182.5455ms
Step: 1353.8516ms
====================================
Loop: 205
  Solve: 184.2977ms
Step: 1355.8124ms
====================================
Loop: 206
  Solve: 192.0576ms
Step: 1345.3955ms
====================================
Loop: 207
  Solve: 182.7534ms
Step: 1353.3923ms
====================================
Loop: 208
  Solve: 213.0289ms
Step: 1401.6240ms
====================================
Loop: 209
  Solve: 190.1328ms
Step: 1342.6946ms
====================================
Loop: 210
  Solve: 190.8670ms
Step: 1352.6492ms
====================================
Loop: 211
  Solve: 177.8560ms
Step: 1341.0222ms
====================================
Loop: 212
  Solve: 186.9542ms
Step: 1355.3354ms
====================================
Loop: 213
  Solve: 191.1173ms
Step: 1353.9625ms
====================================
Loop: 214
  Solve: 182.4193ms
Step: 1361.1320ms
====================================
Loop: 215
  Solve: 184.6158ms
Step: 1360.4634ms
====================================
Loop: 216
  Solve: 197.7277ms
Step: 1382.5728ms
====================================
Loop: 217
  Solve: 201.2879ms
Step: 1460.5818ms
====================================
Loop: 218
  Solve: 191.1721ms
Step: 1379.2720ms
====================================
Loop: 219
  Solve: 186.7217ms
Step: 1380.5145ms
====================================
Loop: 220
  Solve: 189.6635ms
Step: 1379.0005ms
====================================
Loop: 221
  Solve: 200.3679ms
Step: 1389.0250ms
====================================
Loop: 222
  Solve: 210.1511ms
Step: 1396.7937ms
====================================
Loop: 223
  Solve: 191.2842ms
Step: 1383.0454ms
====================================
Loop: 224
  Solve: 191.2213ms
Step: 1383.9609ms
====================================
Loop: 225
  Solve: 199.5104ms
Step: 1380.6840ms
====================================
Loop: 226
  Solve: 197.6273ms
Step: 1392.8088ms
====================================
Loop: 227
  Solve: 191.1187ms
Step: 1389.9053ms
====================================
Loop: 228
  Solve: 194.4158ms
Step: 1443.7756ms
====================================
Loop: 229
  Solve: 198.6891ms
Step: 1391.4910ms
====================================
Loop: 230
  Solve: 203.6921ms
Step: 1386.3734ms
====================================
Loop: 231
  Solve: 201.9120ms
Step: 1393.7686ms
====================================
Loop: 232
  Solve: 205.5630ms
Step: 1409.3806ms
====================================
Loop: 233
  Solve: 194.7841ms
Step: 1388.0992ms
====================================
Loop: 234
  Solve: 200.4687ms
Step: 1399.1384ms
====================================
Loop: 235
  Solve: 210.8120ms
Step: 1394.8469ms
====================================
Loop: 236
  Solve: 206.7639ms
Step: 1410.4851ms
====================================
Loop: 237
  Solve: 207.4249ms
Step: 1408.9178ms
====================================
Loop: 238
  Solve: 204.9453ms
Step: 1404.1355ms
====================================
Loop: 239
  Solve: 200.1237ms
Step: 1383.2710ms
====================================
Loop: 240
  Solve: 209.0698ms
Step: 1398.3933ms
====================================
Loop: 241
  Solve: 203.5967ms
Step: 1392.9736ms
====================================
Loop: 242
  Solve: 193.6023ms
Step: 1394.8497ms
====================================
Loop: 243
  Solve: 205.1443ms
Step: 1402.9446ms
====================================
Loop: 244
  Solve: 203.1604ms
Step: 1396.4907ms
====================================
Loop: 245
  Solve: 208.3606ms
Step: 1400.5667ms
====================================
Loop: 246
  Solve: 201.0257ms
Step: 1404.5862ms
====================================
Loop: 247
  Solve: 204.0262ms
Step: 1386.5934ms
====================================
Loop: 248
  Solve: 202.4690ms
Step: 1398.5374ms
====================================
Loop: 249
  Solve: 202.8117ms
Step: 1395.2661ms
====================================
Loop: 250
  Solve: 198.0821ms
Step: 1398.9633ms
====================================
Loop: 251
  Solve: 196.6487ms
Step: 1392.0863ms
====================================
Loop: 252
  Solve: 198.2015ms
Step: 1406.1697ms
====================================
Loop: 253
  Solve: 200.8639ms
Step: 1390.1125ms
====================================
Loop: 254
  Solve: 200.9516ms
Step: 1478.8567ms
====================================
Loop: 255
  Solve: 225.5337ms
Step: 1440.3340ms
====================================
Loop: 256
  Solve: 202.6526ms
Step: 1419.3300ms
====================================
Loop: 257
  Solve: 203.0648ms
Step: 1398.2140ms
====================================
Loop: 258
  Solve: 196.4788ms
Step: 1400.7161ms
====================================
Loop: 259
  Solve: 200.1044ms
Step: 1398.2537ms
====================================
Loop: 260
  Solve: 204.9725ms
Step: 1402.4128ms
====================================
Loop: 261
  Solve: 203.6302ms
Step: 1413.6372ms
====================================
Loop: 262
  Solve: 202.3704ms
Step: 1407.1719ms
====================================
Loop: 263
  Solve: 197.8766ms
Step: 1396.2546ms
====================================
Loop: 264
  Solve: 207.3544ms
Step: 1411.5833ms
====================================
Loop: 265
  Solve: 206.9409ms
Step: 1400.3208ms
====================================
Loop: 266
  Solve: 219.2901ms
Step: 1431.3813ms
====================================
Loop: 267
  Solve: 208.9718ms
Step: 1404.9783ms
====================================
Loop: 268
  Solve: 205.7313ms
Step: 1415.4490ms
====================================
Loop: 269
  Solve: 215.3766ms
Step: 1418.7921ms
====================================
Loop: 270
  Solve: 204.1937ms
Step: 1409.8850ms
====================================
Loop: 271
  Solve: 209.8599ms
Step: 1412.5555ms
====================================
Loop: 272
  Solve: 205.7377ms
Step: 1413.0430ms
====================================
Loop: 273
  Solve: 206.7531ms
Step: 1419.7572ms
====================================
Loop: 274
  Solve: 204.8627ms
Step: 1415.8770ms
====================================
Loop: 275
  Solve: 206.0607ms
Step: 1412.3789ms
====================================
Loop: 276
  Solve: 206.8027ms
Step: 1418.4395ms
====================================
Loop: 277
  Solve: 212.9326ms
Step: 1440.9806ms
====================================
Loop: 278
  Solve: 218.0972ms
Step: 1432.4941ms
====================================
Loop: 279
  Solve: 227.7929ms
Step: 1462.6216ms
====================================
Loop: 280
  Solve: 206.4633ms
Step: 1430.1437ms
====================================
Loop: 281
  Solve: 205.3877ms
Step: 1430.2488ms
====================================
Loop: 282
  Solve: 207.5077ms
Step: 1439.0647ms
====================================
Loop: 283
  Solve: 210.2972ms
Step: 1438.4705ms
====================================
Loop: 284
  Solve: 214.3196ms
Step: 1442.6001ms
====================================
Loop: 285
  Solve: 214.9492ms
Step: 1449.6365ms
====================================
Loop: 286
  Solve: 213.9872ms
Step: 1442.3979ms
====================================
Loop: 287
  Solve: 211.2272ms
Step: 1432.6687ms
====================================
Loop: 288
  Solve: 204.8272ms
Step: 1419.3430ms
====================================
Loop: 289
  Solve: 207.7310ms
Step: 1444.2173ms
====================================
Loop: 290
  Solve: 215.1560ms
Step: 1447.6660ms
====================================
Loop: 291
  Solve: 207.8992ms
Step: 1434.8412ms
====================================
Loop: 292
  Solve: 206.9756ms
Step: 1424.4792ms
====================================
Loop: 293
  Solve: 211.6091ms
Step: 1486.3236ms
====================================
Loop: 294
  Solve: 214.5787ms
Step: 1436.7631ms
====================================
Loop: 295
  Solve: 211.4646ms
Step: 1432.1157ms
====================================
Loop: 296
  Solve: 204.7348ms
Step: 1429.3632ms
====================================
Loop: 297
  Solve: 204.8244ms
Step: 1427.8418ms
====================================
Loop: 298
  Solve: 206.5394ms
Step: 1414.9381ms
====================================
Loop: 299
  Solve: 203.9529ms
Step: 1405.3887ms
====================================
Loop: 300
  Solve: 215.7534ms
Step: 1420.6493ms
====================================
Loop: 301
  Solve: 209.0882ms
Step: 1426.5460ms
====================================
Loop: 302
  Solve: 200.6881ms
Step: 1411.1021ms
====================================
Loop: 303
  Solve: 202.7339ms
Step: 1423.8848ms
====================================
Loop: 304
  Solve: 205.2442ms
Step: 1402.5135ms
====================================
Loop: 305
  Solve: 201.0762ms
Step: 1454.5289ms
====================================
Loop: 306
  Solve: 208.7398ms
Step: 1398.5126ms
====================================
Loop: 307
  Solve: 206.7307ms
Step: 1398.5723ms
====================================
Loop: 308
  Solve: 200.0218ms
Step: 1404.3613ms
====================================
Loop: 309
  Solve: 198.0563ms
Step: 1387.3881ms
====================================
Loop: 310
  Solve: 196.5538ms
Step: 1375.0505ms
====================================
Loop: 311
  Solve: 198.3526ms
Step: 1389.9771ms
====================================
Loop: 312
  Solve: 191.3163ms
Step: 1375.3667ms
====================================
Loop: 313
  Solve: 193.1310ms
Step: 1374.1023ms
====================================
Loop: 314
  Solve: 206.7157ms
Step: 1369.4353ms
====================================
Loop: 315
  Solve: 193.8616ms
Step: 1367.3434ms
====================================
Loop: 316
  Solve: 190.5760ms
Step: 1369.4644ms
====================================
Loop: 317
  Solve: 194.9204ms
Step: 1356.5364ms
====================================
Loop: 318
  Solve: 199.0905ms
Step: 1356.6639ms
====================================
Loop: 319
  Solve: 190.5659ms
Step: 1365.2990ms
====================================
Loop: 320
  Solve: 193.8883ms
Step: 1353.7764ms
====================================
Loop: 321
  Solve: 189.3721ms
Step: 1338.2029ms
====================================
Loop: 322
  Solve: 193.8422ms
Step: 1348.6476ms
====================================
Loop: 323
  Solve: 189.7068ms
Step: 1358.9447ms
====================================
Loop: 324
  Solve: 186.9300ms
Step: 1336.4854ms
====================================
Loop: 325
  Solve: 185.0674ms
Step: 1332.4779ms
====================================
Loop: 326
  Solve: 185.9737ms
Step: 1356.9519ms
====================================
Loop: 327
  Solve: 181.0651ms
Step: 1306.8556ms
====================================
Loop: 328
  Solve: 186.9194ms
Step: 1329.8240ms
====================================
Loop: 329
  Solve: 178.3006ms
Step: 1354.1417ms
====================================
Loop: 330
  Solve: 183.4288ms
Step: 1304.0563ms
====================================
Loop: 331
  Solve: 184.0051ms
Step: 1339.2484ms
====================================
Loop: 332
  Solve: 181.1885ms
Step: 1345.6649ms
====================================
Loop: 333
  Solve: 182.8711ms
Step: 1313.1771ms
====================================
Loop: 334
  Solve: 176.9595ms
Step: 1301.8206ms
====================================
Loop: 335
  Solve: 178.5395ms
Step: 1354.4086ms
====================================
Loop: 336
  Solve: 184.2919ms
Step: 1294.9464ms
====================================
Loop: 337
  Solve: 177.1034ms
Step: 1309.5430ms
====================================
Loop: 338
  Solve: 177.3667ms
Step: 1281.5227ms
====================================
Loop: 339
  Solve: 181.1858ms
Step: 1285.2407ms
====================================
Loop: 340
  Solve: 169.0296ms
Step: 1270.0349ms
====================================
Loop: 341
  Solve: 169.7605ms
Step: 1261.7657ms
====================================
Loop: 342
  Solve: 169.2590ms
Step: 1262.1796ms
====================================
Loop: 343
  Solve: 171.6704ms
Step: 1290.4039ms
====================================
Loop: 344
  Solve: 229.2470ms
Step: 1574.2686ms
====================================
Loop: 345
  Solve: 163.4819ms
Step: 1309.7646ms
====================================
Loop: 346
  Solve: 164.9031ms
Step: 1251.1145ms
====================================
Loop: 347
  Solve: 159.7379ms
Step: 1256.6533ms
====================================
Loop: 348
  Solve: 164.3214ms
Step: 1210.0791ms
====================================
Loop: 349
  Solve: 161.7261ms
Step: 1232.0876ms
====================================
Loop: 350
  Solve: 172.1566ms
Step: 1255.3806ms
====================================
Loop: 351
  Solve: 162.1739ms
Step: 1213.1080ms
====================================
Loop: 352
  Solve: 170.5155ms
Step: 1213.4376ms
====================================
Loop: 353
  Solve: 159.3251ms
Step: 1203.7751ms
====================================
Loop: 354
  Solve: 161.2958ms
Step: 1205.5348ms
====================================
Loop: 355
  Solve: 159.0623ms
Step: 1203.1887ms
====================================
Loop: 356
  Solve: 160.5695ms
Step: 1219.5515ms
====================================
Loop: 357
  Solve: 166.4088ms
Step: 1182.6143ms
====================================
Loop: 358
  Solve: 154.3535ms
Step: 1184.7393ms
====================================
Loop: 359
  Solve: 151.9031ms
Step: 1182.6829ms
====================================
Loop: 360
  Solve: 157.5086ms
Step: 1169.6984ms
====================================
Loop: 361
  Solve: 153.9903ms
Step: 1169.0400ms
====================================
Loop: 362
  Solve: 150.9858ms
Step: 1164.1658ms
====================================
Loop: 363
  Solve: 158.7711ms
Step: 1158.5812ms
====================================
Loop: 364
  Solve: 149.3493ms
Step: 1157.7401ms
====================================
Loop: 365
  Solve: 153.5890ms
Step: 1153.4423ms
====================================
Loop: 366
  Solve: 159.2094ms
Step: 1140.6111ms
====================================
Loop: 367
  Solve: 152.1605ms
Step: 1139.0748ms
====================================
Loop: 368
  Solve: 152.8116ms
Step: 1156.1006ms
====================================
Loop: 369
  Solve: 155.9666ms
Step: 1133.4072ms
====================================
Loop: 370
  Solve: 155.7764ms
Step: 1131.7128ms
====================================
Loop: 371
  Solve: 149.3393ms
Step: 1132.1569ms
====================================
Loop: 372
  Solve: 149.5031ms
Step: 1132.2788ms
====================================
Loop: 373
  Solve: 149.8078ms
Step: 1120.9741ms
====================================
Loop: 374
  Solve: 152.6826ms
Step: 1106.7443ms
====================================
Loop: 375
  Solve: 147.3835ms
Step: 1111.7080ms
====================================
Loop: 376
  Solve: 146.3079ms
Step: 1121.9127ms
====================================
Loop: 377
  Solve: 142.5701ms
Step: 1097.9873ms
====================================
Loop: 378
  Solve: 152.8874ms
Step: 1101.7222ms
====================================
Loop: 379
  Solve: 145.2233ms
Step: 1081.5962ms
====================================
Loop: 380
  Solve: 142.9652ms
Step: 1086.7368ms
====================================
Loop: 381
  Solve: 142.2478ms
Step: 1088.0631ms
====================================
Loop: 382
  Solve: 145.1826ms
Step: 1115.2250ms
====================================
Loop: 383
  Solve: 141.4181ms
Step: 1082.3896ms
====================================
Loop: 384
  Solve: 146.0180ms
Step: 1072.4069ms
====================================
Loop: 385
  Solve: 147.5203ms
Step: 1056.7631ms
====================================
Loop: 386
  Solve: 143.2639ms
Step: 1052.7847ms
====================================
Loop: 387
  Solve: 137.1585ms
Step: 1049.4371ms
====================================
Loop: 388
  Solve: 139.7776ms
Step: 1066.7012ms
====================================
Loop: 389
  Solve: 137.2437ms
Step: 1056.5054ms
====================================
Loop: 390
  Solve: 135.5129ms
Step: 1054.4226ms
====================================
Loop: 391
  Solve: 136.0513ms
Step: 1039.3846ms
====================================
Loop: 392
  Solve: 142.8466ms
Step: 1046.7305ms
====================================
Loop: 393
  Solve: 139.8509ms
Step: 1031.3260ms
====================================
Loop: 394
  Solve: 135.4355ms
Step: 1028.7319ms
====================================
Loop: 395
  Solve: 133.8703ms
Step: 1021.4889ms
====================================
Loop: 396
  Solve: 139.2827ms
Step: 1019.0289ms
====================================
Loop: 397
  Solve: 145.0573ms
Step: 1022.2555ms
====================================
Loop: 398
  Solve: 143.8725ms
Step: 1060.9556ms
====================================
Loop: 399
  Solve: 136.5959ms
Step: 1022.4619ms
====================================
Loop: 400
  Solve: 133.4301ms
Step: 1010.5542ms
====================================
Loop: 401
  Solve: 128.4419ms
Step: 1043.3120ms
====================================
Loop: 402
  Solve: 138.2147ms
Step: 1006.1886ms
====================================
Loop: 403
  Solve: 130.8008ms
Step: 994.4289ms
====================================
Loop: 404
  Solve: 131.6321ms
Step: 997.9228ms
====================================
Loop: 405
  Solve: 129.8854ms
Step: 996.4177ms
====================================
Loop: 406
  Solve: 132.1705ms
Step: 992.0157ms
====================================
Loop: 407
  Solve: 133.5770ms
Step: 991.8156ms
====================================
Loop: 408
  Solve: 129.9654ms
Step: 982.8593ms
====================================
Loop: 409
  Solve: 132.3314ms
Step: 988.5880ms
====================================
Loop: 410
  Solve: 131.9347ms
Step: 974.9584ms
====================================
Loop: 411
  Solve: 133.8132ms
Step: 979.0828ms
====================================
Loop: 412
  Solve: 136.3177ms
Step: 973.8466ms
====================================
Loop: 413
  Solve: 134.8876ms
Step: 970.9439ms
====================================
Loop: 414
  Solve: 128.1712ms
Step: 961.3298ms
====================================
Loop: 415
  Solve: 137.2572ms
Step: 968.1228ms
====================================
Loop: 416
  Solve: 140.9986ms
Step: 980.0205ms
====================================
Loop: 417
  Solve: 132.7055ms
Step: 952.6234ms
====================================
Loop: 418
  Solve: 122.9002ms
Step: 940.5411ms
====================================
Loop: 419
  Solve: 124.1721ms
Step: 954.9055ms
====================================
Loop: 420
  Solve: 127.6973ms
Step: 950.6025ms
====================================
Loop: 421
  Solve: 128.4735ms
Step: 936.8282ms
====================================
Loop: 422
  Solve: 130.6292ms
Step: 944.6860ms
====================================
Loop: 423
  Solve: 142.8274ms
Step: 958.5126ms
====================================
Loop: 424
  Solve: 127.5134ms
Step: 938.8738ms
====================================
Loop: 425
  Solve: 126.1342ms
Step: 937.6652ms
====================================
Loop: 426
  Solve: 127.2986ms
Step: 938.5164ms
====================================
Loop: 427
  Solve: 126.1877ms
Step: 933.3260ms
====================================
Loop: 428
  Solve: 127.2097ms
Step: 935.7211ms
====================================
Loop: 429
  Solve: 124.9117ms
Step: 920.2958ms
====================================
Loop: 430
  Solve: 132.8092ms
Step: 929.9306ms
====================================
Loop: 431
  Solve: 127.8438ms
Step: 922.1659ms
====================================
Loop: 432
  Solve: 137.7693ms
Step: 934.5499ms
====================================
Loop: 433
  Solve: 130.4758ms
Step: 910.3233ms
====================================
Loop: 434
  Solve: 123.9710ms
Step: 915.2544ms
====================================
Loop: 435
  Solve: 125.9204ms
Step: 905.5046ms
====================================
Loop: 436
  Solve: 130.4595ms
Step: 904.5946ms
====================================
Loop: 437
  Solve: 124.4685ms
Step: 903.6389ms
====================================
Loop: 438
  Solve: 132.1255ms
Step: 913.4009ms
====================================
Loop: 439
  Solve: 128.9574ms
Step: 914.0689ms
====================================
Loop: 440
  Solve: 132.2683ms
Step: 918.0959ms
====================================
Loop: 441
  Solve: 125.1128ms
Step: 888.2686ms
====================================
Loop: 442
  Solve: 121.8478ms
Step: 898.3481ms
====================================
Loop: 443
  Solve: 129.7515ms
Step: 895.3267ms
====================================
Loop: 444
  Solve: 118.2401ms
Step: 882.6760ms
====================================
Loop: 445
  Solve: 122.8156ms
Step: 885.6431ms
====================================
Loop: 446
  Solve: 123.8313ms
Step: 888.9123ms
====================================
Loop: 447
  Solve: 129.3171ms
Step: 937.1761ms
====================================
Loop: 448
  Solve: 122.5559ms
Step: 892.6182ms
====================================
Loop: 449
  Solve: 122.0605ms
Step: 898.4406ms
====================================
Loop: 450
  Solve: 120.6416ms
Step: 887.5179ms
====================================
Loop: 451
  Solve: 128.5659ms
Step: 890.8838ms
====================================
Loop: 452
  Solve: 132.1820ms
Step: 896.0612ms
====================================
Loop: 453
  Solve: 120.5411ms
Step: 873.6674ms
====================================
Loop: 454
  Solve: 122.6656ms
Step: 876.5603ms
====================================
Loop: 455
  Solve: 131.9356ms
Step: 876.9127ms
====================================
Loop: 456
  Solve: 132.4603ms
Step: 896.8671ms
====================================
Loop: 457
  Solve: 122.6988ms
Step: 879.0557ms
====================================
Loop: 458
  Solve: 121.3239ms
Step: 874.8192ms
====================================
Loop: 459
  Solve: 134.0085ms
Step: 879.2833ms
====================================
Loop: 460
  Solve: 130.8845ms
Step: 877.2477ms
====================================
Loop: 461
  Solve: 127.2726ms
Step: 922.9214ms
====================================
Loop: 462
  Solve: 119.9348ms
Step: 852.5919ms
====================================
Loop: 463
  Solve: 123.1365ms
Step: 849.5024ms
====================================
Loop: 464
  Solve: 131.5031ms
Step: 876.6044ms
====================================
Loop: 465
  Solve: 120.7240ms
Step: 854.9107ms
====================================
Loop: 466
  Solve: 120.4641ms
Step: 858.2956ms
====================================
Loop: 467
  Solve: 118.4753ms
Step: 855.6914ms
====================================
Loop: 468
  Solve: 129.0652ms
Step: 862.0310ms
====================================
Loop: 469
  Solve: 116.6040ms
Step: 837.3448ms
====================================
Loop: 470
  Solve: 147.5430ms
Step: 882.6157ms
====================================
Loop: 471
  Solve: 126.7065ms
Step: 848.7636ms
====================================
Loop: 472
  Solve: 121.3350ms
Step: 842.6566ms
====================================
Loop: 473
  Solve: 124.6481ms
Step: 846.6260ms
====================================
Loop: 474
  Solve: 131.9927ms
Step: 859.2920ms
====================================
Loop: 475
  Solve: 127.7773ms
Step: 851.1699ms
====================================
Loop: 476
  Solve: 120.5485ms
Step: 878.2209ms
====================================
Loop: 477
  Solve: 133.6614ms
Step: 839.2440ms
====================================
Loop: 478
  Solve: 121.5805ms
Step: 839.4088ms
====================================
Loop: 479
  Solve: 121.6944ms
Step: 830.9042ms
====================================
Loop: 480
  Solve: 125.1263ms
Step: 833.1018ms
====================================
Loop: 481
  Solve: 121.1165ms
Step: 828.6486ms
====================================
Loop: 482
  Solve: 125.8799ms
Step: 889.6182ms
====================================
Loop: 483
  Solve: 126.1918ms
Step: 820.9468ms
====================================
Loop: 484
  Solve: 120.8510ms
Step: 820.3143ms
====================================
Loop: 485
  Solve: 122.7476ms
Step: 825.9694ms
====================================
Loop: 486
  Solve: 125.3428ms
Step: 824.9965ms
====================================
Loop: 487
  Solve: 119.1827ms
Step: 826.1267ms
====================================
Loop: 488
  Solve: 119.5702ms
Step: 817.4955ms
====================================
Loop: 489
  Solve: 123.2039ms
Step: 815.9761ms
====================================
Loop: 490
  Solve: 121.4174ms
Step: 824.9880ms
====================================
Loop: 491
  Solve: 119.1090ms
Step: 819.4583ms
====================================
Loop: 492
  Solve: 123.9021ms
Step: 837.6395ms
====================================
Loop: 493
  Solve: 125.7032ms
Step: 821.6533ms
====================================
Loop: 494
  Solve: 121.1532ms
Step: 813.2432ms
====================================
Loop: 495
  Solve: 127.8085ms
Step: 827.3054ms
====================================
Loop: 496
  Solve: 121.9777ms
Step: 818.4811ms
====================================
Loop: 497
  Solve: 125.2142ms
Step: 821.5635ms
====================================
Loop: 498
  Solve: 122.9387ms
Step: 827.0544ms
====================================
Loop: 499
  Solve: 120.7712ms
Step: 805.7274ms
====================================
Loop: 500
  Solve: 139.7166ms
Step: 823.4230ms
====================================
