Using platform vendor: NVIDIA Corporation
Loop: 0
  Solve: 0.0007ms
Step: 613.2844ms
====================================
Loop: 1
  Solve: 0.0014ms
Step: 298.7142ms
====================================
Loop: 2
  Solve: 0.0012ms
Step: 296.3601ms
====================================
Loop: 3
  Solve: 0.0012ms
Step: 301.3839ms
====================================
Loop: 4
  Solve: 0.0012ms
Step: 295.8401ms
====================================
Loop: 5
  Solve: 0.0009ms
Step: 296.9175ms
====================================
Loop: 6
  Solve: 0.0017ms
Step: 301.4204ms
====================================
Loop: 7
  Solve: 0.0011ms
Step: 293.7110ms
====================================
Loop: 8
  Solve: 0.0012ms
Step: 301.3599ms
====================================
Loop: 9
  Solve: 0.0012ms
Step: 298.4808ms
====================================
Loop: 10
  Solve: 0.0012ms
Step: 298.8255ms
====================================
Loop: 11
  Solve: 0.0012ms
Step: 297.1862ms
====================================
Loop: 12
  Solve: 0.0011ms
Step: 298.2162ms
====================================
Loop: 13
  Solve: 0.0015ms
Step: 298.7425ms
====================================
Loop: 14
  Solve: 0.0012ms
Step: 294.9637ms
====================================
Loop: 15
  Solve: 0.0009ms
Step: 298.8028ms
====================================
Loop: 16
  Solve: 0.0013ms
Step: 298.0256ms
====================================
Loop: 17
  Solve: 0.0012ms
Step: 294.4857ms
====================================
Loop: 18
  Solve: 0.0015ms
Step: 710.0168ms
====================================
Loop: 19
  Solve: 0.0014ms
Step: 343.3250ms
====================================
Loop: 20
  Solve: 0.0012ms
Step: 304.0638ms
====================================
Loop: 21
  Solve: 0.0011ms
Step: 297.1737ms
====================================
Loop: 22
  Solve: 0.0013ms
Step: 349.3953ms
====================================
Loop: 23
  Solve: 0.0012ms
Step: 301.2764ms
====================================
Loop: 24
  Solve: 0.0012ms
Step: 297.2160ms
====================================
Loop: 25
  Solve: 0.0012ms
Step: 297.4765ms
====================================
Loop: 26
  Solve: 0.0012ms
Step: 703.1558ms
====================================
Loop: 27
  Solve: 0.0012ms
Step: 298.2990ms
====================================
Loop: 28
  Solve: 0.0011ms
Step: 291.5328ms
====================================
Loop: 29
  Solve: 0.0015ms
Step: 345.4789ms
====================================
Loop: 30
  Solve: 0.0012ms
Step: 298.3266ms
====================================
Loop: 31
  Solve: 0.0014ms
Step: 313.5167ms
====================================
Loop: 32
  Solve: 0.0009ms
Step: 347.4260ms
====================================
Loop: 33
  Solve: 0.0012ms
Step: 697.4791ms
====================================
Loop: 34
  Solve: 0.0009ms
Step: 299.5605ms
====================================
Loop: 35
  Solve: 0.0012ms
Step: 294.1171ms
====================================
Loop: 36
  Solve: 0.0011ms
Step: 292.3033ms
====================================
Loop: 37
  Solve: 0.0012ms
Step: 298.6703ms
====================================
Loop: 38
  Solve: 0.0016ms
Step: 695.0306ms
====================================
Loop: 39
  Solve: 0.0012ms
Step: 297.4135ms
====================================
Loop: 40
  Solve: 0.0008ms
Step: 295.1259ms
====================================
Loop: 41
  Solve: 0.0011ms
Step: 295.3466ms
====================================
Loop: 42
  Solve: 0.0012ms
Step: 294.8803ms
====================================
Loop: 43
  Solve: 0.0014ms
Step: 698.9368ms
====================================
Loop: 44
  Solve: 0.0008ms
Step: 295.6393ms
====================================
Loop: 45
  Solve: 0.0014ms
Step: 301.6691ms
====================================
Loop: 46
  Solve: 0.0012ms
Step: 299.9798ms
====================================
Loop: 47
  Solve: 0.0013ms
Step: 698.6941ms
====================================
Loop: 48
  Solve: 0.0015ms
Step: 298.3471ms
====================================
Loop: 49
  Solve: 0.0012ms
Step: 295.9244ms
====================================
Loop: 50
  Solve: 0.0010ms
Step: 301.7142ms
====================================
Loop: 51
  Solve: 0.0012ms
Step: 694.2745ms
====================================
Loop: 52
  Solve: 0.0012ms
Step: 301.5897ms
====================================
Loop: 53
  Solve: 0.0013ms
Step: 297.7549ms
====================================
Loop: 54
  Solve: 5.9604ms
Step: 302.7459ms
====================================
Loop: 55
  Solve: 10.1627ms
Step: 714.3757ms
====================================
Loop: 56
  Solve: 13.1816ms
Step: 311.6045ms
====================================
Loop: 57
  Solve: 14.4644ms
Step: 321.9653ms
====================================
Loop: 58
  Solve: 17.6311ms
Step: 317.3193ms
====================================
Loop: 59
  Solve: 20.6856ms
Step: 709.2032ms
====================================
Loop: 60
  Solve: 22.8415ms
Step: 328.0342ms
====================================
Loop: 61
  Solve: 27.2827ms
Step: 402.3854ms
====================================
Loop: 62
  Solve: 31.4020ms
Step: 706.9510ms
====================================
Loop: 63
  Solve: 39.0010ms
Step: 352.7119ms
====================================
Loop: 64
  Solve: 40.2413ms
Step: 361.9021ms
====================================
Loop: 65
  Solve: 42.1377ms
Step: 709.9341ms
====================================
Loop: 66
  Solve: 46.8571ms
Step: 371.7229ms
====================================
Loop: 67
  Solve: 51.0541ms
Step: 374.9155ms
====================================
Loop: 68
  Solve: 53.8336ms
Step: 720.3180ms
====================================
Loop: 69
  Solve: 59.0888ms
Step: 388.3349ms
====================================
Loop: 70
  Solve: 63.6016ms
Step: 399.8614ms
====================================
Loop: 71
  Solve: 69.2375ms
Step: 722.0963ms
====================================
Loop: 72
  Solve: 72.4589ms
Step: 412.7114ms
====================================
Loop: 73
  Solve: 75.3511ms
Step: 415.2357ms
====================================
Loop: 74
  Solve: 78.1560ms
Step: 723.1655ms
====================================
Loop: 75
  Solve: 83.9445ms
Step: 428.9411ms
====================================
Loop: 76
  Solve: 87.3618ms
Step: 442.6605ms
====================================
Loop: 77
  Solve: 100.9702ms
Step: 745.0048ms
====================================
Loop: 78
  Solve: 110.9909ms
Step: 474.9359ms
====================================
Loop: 79
  Solve: 115.8713ms
Step: 480.1907ms
====================================
Loop: 80
  Solve: 127.5820ms
Step: 761.9438ms
====================================
Loop: 81
  Solve: 132.0326ms
Step: 521.7987ms
====================================
Loop: 82
  Solve: 137.3539ms
Step: 519.2720ms
====================================
Loop: 83
  Solve: 145.4151ms
Step: 789.6385ms
====================================
Loop: 84
  Solve: 156.0963ms
Step: 550.4448ms
====================================
Loop: 85
  Solve: 155.6273ms
Step: 547.5045ms
====================================
Loop: 86
  Solve: 159.4728ms
Step: 803.3978ms
====================================
Loop: 87
  Solve: 165.9335ms
Step: 565.9760ms
====================================
Loop: 88
  Solve: 174.4982ms
Step: 588.1043ms
====================================
Loop: 89
  Solve: 184.7488ms
Step: 834.7891ms
====================================
Loop: 90
  Solve: 184.1709ms
Step: 600.9992ms
====================================
Loop: 91
  Solve: 196.9529ms
Step: 626.9753ms
====================================
Loop: 92
  Solve: 201.6228ms
Step: 854.9273ms
====================================
Loop: 93
  Solve: 211.1105ms
Step: 655.9691ms
====================================
Loop: 94
  Solve: 215.2064ms
Step: 869.6771ms
====================================
Loop: 95
  Solve: 220.9817ms
Step: 682.3311ms
====================================
Loop: 96
  Solve: 227.9712ms
Step: 890.6823ms
====================================
Loop: 97
  Solve: 230.9923ms
Step: 719.6127ms
====================================
Loop: 98
  Solve: 236.4515ms
Step: 904.7697ms
====================================
Loop: 99
  Solve: 244.0143ms
Step: 752.5851ms
====================================
Loop: 100
  Solve: 249.3545ms
Step: 946.3503ms
====================================
Loop: 101
  Solve: 251.5428ms
Step: 789.4293ms
====================================
Loop: 102
  Solve: 266.3971ms
Step: 978.2295ms
====================================
Loop: 103
  Solve: 270.0458ms
Step: 832.1887ms
====================================
Loop: 104
  Solve: 270.1985ms
Step: 1000.4434ms
====================================
Loop: 105
  Solve: 277.8730ms
Step: 874.0243ms
====================================
Loop: 106
  Solve: 281.5005ms
Step: 1025.7988ms
====================================
Loop: 107
  Solve: 288.1210ms
Step: 909.6854ms
====================================
Loop: 108
  Solve: 294.1173ms
Step: 1055.4889ms
====================================
Loop: 109
  Solve: 291.6908ms
Step: 938.0889ms
====================================
Loop: 110
  Solve: 299.5796ms
Step: 1089.6436ms
====================================
Loop: 111
  Solve: 306.4421ms
Step: 999.7251ms
====================================
Loop: 112
  Solve: 311.4747ms
Step: 1127.4783ms
====================================
Loop: 113
  Solve: 315.0577ms
Step: 1039.5579ms
====================================
Loop: 114
  Solve: 322.5142ms
Step: 1165.3031ms
====================================
Loop: 115
  Solve: 320.1058ms
Step: 1089.3373ms
====================================
Loop: 116
  Solve: 327.1785ms
Step: 1230.5028ms
====================================
Loop: 117
  Solve: 344.5664ms
Step: 1156.6860ms
====================================
Loop: 118
  Solve: 333.5129ms
Step: 1246.9187ms
====================================
Loop: 119
  Solve: 344.1815ms
Step: 1201.6865ms
====================================
Loop: 120
  Solve: 345.0195ms
Step: 1315.9270ms
====================================
Loop: 121
  Solve: 363.3088ms
Step: 1274.4429ms
====================================
Loop: 122
  Solve: 352.9389ms
Step: 1366.8491ms
====================================
Loop: 123
  Solve: 363.7069ms
Step: 1341.4282ms
====================================
Loop: 124
  Solve: 376.0183ms
Step: 1430.4371ms
====================================
Loop: 125
  Solve: 376.1947ms
Step: 1401.3655ms
====================================
Loop: 126
  Solve: 377.0922ms
Step: 1467.3461ms
====================================
Loop: 127
  Solve: 372.7840ms
Step: 1459.8955ms
====================================
Loop: 128
  Solve: 383.1897ms
Step: 1538.7897ms
====================================
Loop: 129
  Solve: 420.1296ms
Step: 1555.8378ms
====================================
Loop: 130
  Solve: 377.9356ms
Step: 1551.3833ms
====================================
Loop: 131
  Solve: 385.4600ms
Step: 1550.9998ms
====================================
Loop: 132
  Solve: 384.9915ms
Step: 1575.7896ms
====================================
Loop: 133
  Solve: 378.3597ms
Step: 1589.4529ms
====================================
Loop: 134
  Solve: 368.1317ms
Step: 1594.6240ms
====================================
Loop: 135
  Solve: 369.5255ms
Step: 1594.6302ms
====================================
Loop: 136
  Solve: 366.4254ms
Step: 1604.1990ms
====================================
Loop: 137
  Solve: 361.9122ms
Step: 1592.6836ms
====================================
Loop: 138
  Solve: 356.2483ms
Step: 1586.3350ms
====================================
Loop: 139
  Solve: 346.9509ms
Step: 1577.6648ms
====================================
Loop: 140
  Solve: 339.2668ms
Step: 1578.7793ms
====================================
Loop: 141
  Solve: 333.3123ms
Step: 1580.0742ms
====================================
Loop: 142
  Solve: 328.7438ms
Step: 1576.0526ms
====================================
Loop: 143
  Solve: 323.9551ms
Step: 1566.6072ms
====================================
Loop: 144
  Solve: 325.9181ms
Step: 1569.6272ms
====================================
Loop: 145
  Solve: 318.0946ms
Step: 1573.9564ms
====================================
Loop: 146
  Solve: 311.3438ms
Step: 1549.8610ms
====================================
Loop: 147
  Solve: 312.2266ms
Step: 1568.8903ms
====================================
Loop: 148
  Solve: 306.8953ms
Step: 1559.8684ms
====================================
Loop: 149
  Solve: 302.3199ms
Step: 1562.3486ms
====================================
Loop: 150
  Solve: 299.2677ms
Step: 1549.3699ms
====================================
Loop: 151
  Solve: 303.7147ms
Step: 1556.4744ms
====================================
Loop: 152
  Solve: 293.0075ms
Step: 1545.6133ms
====================================
Loop: 153
  Solve: 295.3050ms
Step: 1550.5645ms
====================================
Loop: 154
  Solve: 289.7318ms
Step: 1552.0446ms
====================================
Loop: 155
  Solve: 284.2397ms
Step: 1528.7229ms
====================================
Loop: 156
  Solve: 281.1081ms
Step: 1535.9285ms
====================================
Loop: 157
  Solve: 274.6842ms
Step: 1533.7830ms
====================================
Loop: 158
  Solve: 265.4610ms
Step: 1522.8970ms
====================================
Loop: 159
  Solve: 264.8059ms
Step: 1524.1431ms
====================================
Loop: 160
  Solve: 258.9810ms
Step: 1527.0281ms
====================================
Loop: 161
  Solve: 260.5521ms
Step: 1524.6145ms
====================================
Loop: 162
  Solve: 253.3663ms
Step: 1516.1870ms
====================================
Loop: 163
  Solve: 247.4881ms
Step: 1519.4946ms
====================================
Loop: 164
  Solve: 246.0316ms
Step: 1519.0314ms
====================================
Loop: 165
  Solve: 241.3077ms
Step: 1503.2095ms
====================================
Loop: 166
  Solve: 233.1420ms
Step: 1509.9226ms
====================================
Loop: 167
  Solve: 233.1652ms
Step: 1513.4064ms
====================================
Loop: 168
  Solve: 225.5007ms
Step: 1520.0713ms
====================================
Loop: 169
  Solve: 222.8101ms
Step: 1522.7157ms
====================================
Loop: 170
  Solve: 222.1585ms
Step: 1494.6626ms
====================================
Loop: 171
  Solve: 218.7656ms
Step: 1492.4717ms
====================================
Loop: 172
  Solve: 215.9031ms
Step: 1489.1033ms
====================================
Loop: 173
  Solve: 212.6244ms
Step: 1479.6858ms
====================================
Loop: 174
  Solve: 207.0204ms
Step: 1470.9995ms
====================================
Loop: 175
  Solve: 206.7133ms
Step: 1529.3256ms
====================================
Loop: 176
  Solve: 201.4967ms
Step: 1471.3485ms
====================================
Loop: 177
  Solve: 197.3291ms
Step: 1462.9338ms
====================================
Loop: 178
  Solve: 196.0625ms
Step: 1510.0813ms
====================================
Loop: 179
  Solve: 219.1635ms
Step: 1500.4368ms
====================================
Loop: 180
  Solve: 195.7296ms
Step: 1446.7770ms
====================================
Loop: 181
  Solve: 197.9207ms
Step: 1467.7704ms
====================================
Loop: 182
  Solve: 195.3531ms
Step: 1448.7062ms
====================================
Loop: 183
  Solve: 193.3984ms
Step: 1433.5946ms
====================================
Loop: 184
  Solve: 194.2558ms
Step: 1440.1279ms
====================================
Loop: 185
  Solve: 189.9823ms
Step: 1500.2245ms
====================================
Loop: 186
  Solve: 193.0312ms
Step: 1438.7222ms
====================================
Loop: 187
  Solve: 193.4191ms
Step: 1425.7644ms
====================================
Loop: 188
  Solve: 189.0778ms
Step: 1423.0750ms
====================================
Loop: 189
  Solve: 192.8014ms
Step: 1439.7258ms
====================================
Loop: 190
  Solve: 192.6288ms
Step: 1421.2932ms
====================================
Loop: 191
  Solve: 192.8835ms
Step: 1410.3503ms
====================================
Loop: 192
  Solve: 190.7806ms
Step: 1411.7594ms
====================================
Loop: 193
  Solve: 193.0696ms
Step: 1427.7952ms
====================================
Loop: 194
  Solve: 196.8660ms
Step: 1422.4592ms
====================================
Loop: 195
  Solve: 196.1363ms
Step: 1424.9026ms
====================================
Loop: 196
  Solve: 201.5858ms
Step: 1431.0122ms
====================================
Loop: 197
  Solve: 202.8975ms
Step: 1411.5583ms
====================================
Loop: 198
  Solve: 203.0493ms
Step: 1430.8617ms
====================================
Loop: 199
  Solve: 205.7110ms
Step: 1420.4352ms
====================================
Loop: 200
  Solve: 204.2442ms
Step: 1427.0879ms
====================================
Loop: 201
  Solve: 201.6489ms
Step: 1417.6984ms
====================================
Loop: 202
  Solve: 207.3742ms
Step: 1425.8868ms
====================================
Loop: 203
  Solve: 212.1546ms
Step: 1426.2979ms
====================================
Loop: 204
  Solve: 209.5079ms
Step: 1413.4840ms
====================================
Loop: 205
  Solve: 207.4473ms
Step: 1433.1443ms
====================================
Loop: 206
  Solve: 215.0809ms
Step: 1417.4286ms
====================================
Loop: 207
  Solve: 210.0755ms
Step: 1416.0255ms
====================================
Loop: 208
  Solve: 211.4431ms
Step: 1428.9637ms
====================================
Loop: 209
  Solve: 213.2817ms
Step: 1410.0905ms
====================================
Loop: 210
  Solve: 211.9534ms
Step: 1412.0374ms
====================================
Loop: 211
  Solve: 210.1338ms
Step: 1415.3765ms
====================================
Loop: 212
  Solve: 211.0409ms
Step: 1423.8843ms
====================================
Loop: 213
  Solve: 210.0681ms
Step: 1408.2703ms
====================================
Loop: 214
  Solve: 212.9319ms
Step: 1414.9954ms
====================================
Loop: 215
  Solve: 211.7018ms
Step: 1421.1228ms
====================================
Loop: 216
  Solve: 209.0429ms
Step: 1405.8864ms
====================================
Loop: 217
  Solve: 206.0546ms
Step: 1413.1818ms
====================================
Loop: 218
  Solve: 206.9655ms
Step: 1450.7007ms
====================================
Loop: 219
  Solve: 202.4188ms
Step: 1406.3232ms
====================================
Loop: 220
  Solve: 207.3262ms
Step: 1437.9363ms
====================================
Loop: 221
  Solve: 207.9003ms
Step: 1410.2573ms
====================================
Loop: 222
  Solve: 206.4204ms
Step: 1403.5878ms
====================================
Loop: 223
  Solve: 202.6720ms
Step: 1400.0697ms
====================================
Loop: 224
  Solve: 198.9835ms
Step: 1393.7246ms
====================================
Loop: 225
  Solve: 205.6546ms
Step: 1402.7491ms
====================================
Loop: 226
  Solve: 205.2914ms
Step: 1397.9075ms
====================================
Loop: 227
  Solve: 207.9862ms
Step: 1414.6792ms
====================================
Loop: 228
  Solve: 202.8472ms
Step: 1397.1033ms
====================================
Loop: 229
  Solve: 201.6859ms
Step: 1394.4062ms
====================================
Loop: 230
  Solve: 203.8102ms
Step: 1392.5706ms
====================================
Loop: 231
  Solve: 209.2419ms
Step: 1396.5198ms
====================================
Loop: 232
  Solve: 206.5232ms
Step: 1396.9972ms
====================================
Loop: 233
  Solve: 203.6315ms
Step: 1397.7749ms
====================================
Loop: 234
  Solve: 204.8586ms
Step: 1402.1083ms
====================================
Loop: 235
  Solve: 209.0180ms
Step: 1415.1384ms
====================================
Loop: 236
  Solve: 214.0458ms
Step: 1420.5537ms
====================================
Loop: 237
  Solve: 210.5198ms
Step: 1414.3411ms
====================================
Loop: 238
  Solve: 211.9485ms
Step: 1411.3054ms
====================================
Loop: 239
  Solve: 211.1639ms
Step: 1426.6925ms
====================================
Loop: 240
  Solve: 216.7478ms
Step: 1420.3517ms
====================================
Loop: 241
  Solve: 211.9019ms
Step: 1416.7719ms
====================================
Loop: 242
  Solve: 214.5993ms
Step: 1422.1046ms
====================================
Loop: 243
  Solve: 212.6966ms
Step: 1409.0522ms
====================================
Loop: 244
  Solve: 209.5171ms
Step: 1417.6025ms
====================================
Loop: 245
  Solve: 211.9927ms
Step: 1426.0387ms
====================================
Loop: 246
  Solve: 215.7282ms
Step: 1432.5181ms
====================================
Loop: 247
  Solve: 216.2471ms
Step: 1432.5713ms
====================================
Loop: 248
  Solve: 211.7068ms
Step: 1421.0088ms
====================================
Loop: 249
  Solve: 213.9715ms
Step: 1430.6726ms
====================================
Loop: 250
  Solve: 217.1418ms
Step: 1435.0970ms
====================================
Loop: 251
  Solve: 215.4594ms
Step: 1427.9712ms
====================================
Loop: 252
  Solve: 213.8688ms
Step: 1425.2285ms
====================================
Loop: 253
  Solve: 218.2449ms
Step: 1448.0239ms
====================================
Loop: 254
  Solve: 224.5063ms
Step: 1440.2418ms
====================================
Loop: 255
  Solve: 224.0159ms
Step: 1505.1995ms
====================================
Loop: 256
  Solve: 248.9535ms
Step: 1759.4165ms
====================================
Loop: 257
  Solve: 212.0643ms
Step: 1418.7180ms
====================================
Loop: 258
  Solve: 222.5387ms
Step: 1416.8811ms
====================================
Loop: 259
  Solve: 211.9686ms
Step: 1418.9117ms
====================================
Loop: 260
  Solve: 214.8707ms
Step: 1403.8422ms
====================================
Loop: 261
  Solve: 212.0803ms
Step: 1417.0640ms
====================================
Loop: 262
  Solve: 211.5107ms
Step: 1421.6082ms
====================================
Loop: 263
  Solve: 212.4286ms
Step: 1416.1149ms
====================================
Loop: 264
  Solve: 211.9736ms
Step: 1415.3586ms
====================================
Loop: 265
  Solve: 221.7572ms
Step: 1418.0033ms
====================================
Loop: 266
  Solve: 217.3362ms
Step: 1419.9468ms
====================================
Loop: 267
  Solve: 214.5099ms
Step: 1424.2986ms
====================================
Loop: 268
  Solve: 214.1152ms
Step: 1416.8490ms
====================================
Loop: 269
  Solve: 216.5709ms
Step: 1432.8691ms
====================================
Loop: 270
  Solve: 216.0212ms
Step: 1429.8542ms
====================================
Loop: 271
  Solve: 216.6964ms
Step: 1437.9387ms
====================================
Loop: 272
  Solve: 223.8449ms
Step: 1442.8456ms
====================================
Loop: 273
  Solve: 223.9337ms
Step: 1442.5189ms
====================================
Loop: 274
  Solve: 218.3758ms
Step: 1437.3105ms
====================================
Loop: 275
  Solve: 218.7107ms
Step: 1435.1882ms
====================================
Loop: 276
  Solve: 218.2422ms
Step: 1446.8090ms
====================================
Loop: 277
  Solve: 219.0839ms
Step: 1450.4392ms
====================================
Loop: 278
  Solve: 220.4049ms
Step: 1454.3130ms
====================================
Loop: 279
  Solve: 218.8456ms
Step: 1434.6771ms
====================================
Loop: 280
  Solve: 220.6176ms
Step: 1436.8425ms
====================================
Loop: 281
  Solve: 226.7794ms
Step: 1436.9388ms
====================================
Loop: 282
  Solve: 220.1049ms
Step: 1441.9934ms
====================================
Loop: 283
  Solve: 220.4037ms
Step: 1441.5844ms
====================================
Loop: 284
  Solve: 216.5677ms
Step: 1437.1763ms
====================================
Loop: 285
  Solve: 219.5218ms
Step: 1433.1276ms
====================================
Loop: 286
  Solve: 219.0173ms
Step: 1427.5725ms
====================================
Loop: 287
  Solve: 216.8054ms
Step: 1427.5312ms
====================================
Loop: 288
  Solve: 220.6831ms
Step: 1415.5337ms
====================================
Loop: 289
  Solve: 219.7496ms
Step: 1418.3065ms
====================================
Loop: 290
  Solve: 216.3527ms
Step: 1413.0031ms
====================================
Loop: 291
  Solve: 215.4444ms
Step: 1415.9670ms
====================================
Loop: 292
  Solve: 215.9527ms
Step: 1414.5742ms
====================================
Loop: 293
  Solve: 219.1149ms
Step: 1424.7188ms
====================================
Loop: 294
  Solve: 218.2060ms
Step: 1412.7380ms
====================================
Loop: 295
  Solve: 217.9335ms
Step: 1421.3929ms
====================================
Loop: 296
  Solve: 214.1434ms
Step: 1415.2429ms
====================================
Loop: 297
  Solve: 218.8650ms
Step: 1432.2249ms
====================================
Loop: 298
  Solve: 217.4284ms
Step: 1430.8530ms
====================================
Loop: 299
  Solve: 216.1839ms
Step: 1440.8286ms
====================================
Loop: 300
  Solve: 220.6483ms
Step: 1417.1365ms
====================================
Loop: 301
  Solve: 222.5332ms
Step: 1435.0017ms
====================================
Loop: 302
  Solve: 220.4592ms
Step: 1419.2771ms
====================================
Loop: 303
  Solve: 216.3252ms
Step: 1416.6537ms
====================================
Loop: 304
  Solve: 218.9953ms
Step: 1430.8617ms
====================================
Loop: 305
  Solve: 217.2591ms
Step: 1428.1412ms
====================================
Loop: 306
  Solve: 218.5991ms
Step: 1422.9232ms
====================================
Loop: 307
  Solve: 222.4625ms
Step: 1423.7662ms
====================================
Loop: 308
  Solve: 215.5606ms
Step: 1410.7473ms
====================================
Loop: 309
  Solve: 216.5128ms
Step: 1413.8070ms
====================================
Loop: 310
  Solve: 215.9216ms
Step: 1412.2284ms
====================================
Loop: 311
  Solve: 215.8932ms
Step: 1426.3135ms
====================================
Loop: 312
  Solve: 217.1944ms
Step: 1404.6772ms
====================================
Loop: 313
  Solve: 221.2342ms
Step: 1412.1982ms
====================================
Loop: 314
  Solve: 215.9097ms
Step: 1392.1584ms
====================================
Loop: 315
  Solve: 215.5672ms
Step: 1403.2097ms
====================================
Loop: 316
  Solve: 211.8649ms
Step: 1398.3511ms
====================================
Loop: 317
  Solve: 213.1689ms
Step: 1382.1534ms
====================================
Loop: 318
  Solve: 207.8215ms
Step: 1373.9561ms
====================================
Loop: 319
  Solve: 208.5308ms
Step: 1382.2334ms
====================================
Loop: 320
  Solve: 206.4774ms
Step: 1370.2139ms
====================================
Loop: 321
  Solve: 205.6432ms
Step: 1376.8495ms
====================================
Loop: 322
  Solve: 208.3566ms
Step: 1362.9585ms
====================================
Loop: 323
  Solve: 202.5432ms
Step: 1356.2117ms
====================================
Loop: 324
  Solve: 199.4887ms
Step: 1356.6160ms
====================================
Loop: 325
  Solve: 211.6503ms
Step: 1353.8885ms
====================================
Loop: 326
  Solve: 197.7558ms
Step: 1347.3590ms
====================================
Loop: 327
  Solve: 197.2477ms
Step: 1359.6709ms
====================================
Loop: 328
  Solve: 198.7352ms
Step: 1341.2136ms
====================================
Loop: 329
  Solve: 194.6032ms
Step: 1337.0117ms
====================================
Loop: 330
  Solve: 193.8636ms
Step: 1338.6740ms
====================================
Loop: 331
  Solve: 194.8354ms
Step: 1331.4854ms
====================================
Loop: 332
  Solve: 190.4577ms
Step: 1318.2620ms
====================================
Loop: 333
  Solve: 189.1135ms
Step: 1330.4659ms
====================================
Loop: 334
  Solve: 193.5300ms
Step: 1312.3970ms
====================================
Loop: 335
  Solve: 189.5575ms
Step: 1311.1053ms
====================================
Loop: 336
  Solve: 187.8910ms
Step: 1295.9194ms
====================================
Loop: 337
  Solve: 190.2863ms
Step: 1289.5225ms
====================================
Loop: 338
  Solve: 186.2620ms
Step: 1297.4017ms
====================================
Loop: 339
  Solve: 187.7446ms
Step: 1287.6760ms
====================================
Loop: 340
  Solve: 185.7591ms
Step: 1279.5713ms
====================================
Loop: 341
  Solve: 184.6208ms
Step: 1282.7234ms
====================================
Loop: 342
  Solve: 182.8179ms
Step: 1267.1813ms
====================================
Loop: 343
  Solve: 179.7377ms
Step: 1259.2705ms
====================================
Loop: 344
  Solve: 183.2944ms
Step: 1255.1279ms
====================================
Loop: 345
  Solve: 179.3062ms
Step: 1245.5037ms
====================================
Loop: 346
  Solve: 177.0331ms
Step: 1244.5630ms
====================================
Loop: 347
  Solve: 175.5627ms
Step: 1244.4429ms
====================================
Loop: 348
  Solve: 175.9478ms
Step: 1232.9362ms
====================================
Loop: 349
  Solve: 174.2257ms
Step: 1231.3988ms
====================================
Loop: 350
  Solve: 171.5939ms
Step: 1221.2716ms
====================================
Loop: 351
  Solve: 170.4574ms
Step: 1203.6216ms
====================================
Loop: 352
  Solve: 168.4102ms
Step: 1217.8254ms
====================================
Loop: 353
  Solve: 170.4831ms
Step: 1196.6794ms
====================================
Loop: 354
  Solve: 168.8767ms
Step: 1192.8728ms
====================================
Loop: 355
  Solve: 164.7416ms
Step: 1189.9885ms
====================================
Loop: 356
  Solve: 164.1884ms
Step: 1173.3282ms
====================================
Loop: 357
  Solve: 165.0631ms
Step: 1180.7933ms
====================================
Loop: 358
  Solve: 163.8206ms
Step: 1168.8660ms
====================================
Loop: 359
  Solve: 162.3365ms
Step: 1160.0962ms
====================================
Loop: 360
  Solve: 163.6844ms
Step: 1164.7841ms
====================================
Loop: 361
  Solve: 159.4838ms
Step: 1156.8330ms
====================================
Loop: 362
  Solve: 161.2715ms
Step: 1149.8551ms
====================================
Loop: 363
  Solve: 159.9121ms
Step: 1174.6232ms
====================================
Loop: 364
  Solve: 157.5352ms
Step: 1143.5760ms
====================================
Loop: 365
  Solve: 161.7735ms
Step: 1130.7742ms
====================================
Loop: 366
  Solve: 156.5139ms
Step: 1120.2625ms
====================================
Loop: 367
  Solve: 162.0360ms
Step: 1127.6366ms
====================================
Loop: 368
  Solve: 154.3049ms
Step: 1129.6520ms
====================================
Loop: 369
  Solve: 158.2066ms
Step: 1118.1326ms
====================================
Loop: 370
  Solve: 155.8224ms
Step: 1115.3062ms
====================================
Loop: 371
  Solve: 155.3232ms
Step: 1111.9415ms
====================================
Loop: 372
  Solve: 151.8179ms
Step: 1105.0865ms
====================================
Loop: 373
  Solve: 156.9449ms
Step: 1105.9071ms
====================================
Loop: 374
  Solve: 155.6573ms
Step: 1094.1191ms
====================================
Loop: 375
  Solve: 151.3277ms
Step: 1081.5847ms
====================================
Loop: 376
  Solve: 153.0732ms
Step: 1085.9500ms
====================================
Loop: 377
  Solve: 149.1876ms
Step: 1082.5648ms
====================================
Loop: 378
  Solve: 147.1198ms
Step: 1086.6531ms
====================================
Loop: 379
  Solve: 145.7684ms
Step: 1075.9705ms
====================================
Loop: 380
  Solve: 148.7396ms
Step: 1068.6919ms
====================================
Loop: 381
  Solve: 147.5923ms
Step: 1060.1228ms
====================================
Loop: 382
  Solve: 147.1314ms
Step: 1060.8569ms
====================================
Loop: 383
  Solve: 148.2884ms
Step: 1063.9460ms
====================================
Loop: 384
  Solve: 146.3690ms
Step: 1053.3433ms
====================================
Loop: 385
  Solve: 144.4805ms
Step: 1052.2000ms
====================================
Loop: 386
  Solve: 145.5162ms
Step: 1041.6718ms
====================================
Loop: 387
  Solve: 147.0657ms
Step: 1046.9952ms
====================================
Loop: 388
  Solve: 146.5356ms
Step: 1046.7604ms
====================================
Loop: 389
  Solve: 144.9070ms
Step: 1034.4646ms
====================================
Loop: 390
  Solve: 145.4089ms
Step: 1036.9221ms
====================================
Loop: 391
  Solve: 145.0838ms
Step: 1027.8383ms
====================================
Loop: 392
  Solve: 142.3525ms
Step: 1026.7687ms
====================================
Loop: 393
  Solve: 143.7518ms
Step: 1029.3137ms
====================================
Loop: 394
  Solve: 142.6362ms
Step: 1015.5032ms
====================================
Loop: 395
  Solve: 142.5353ms
Step: 1019.0873ms
====================================
Loop: 396
  Solve: 143.0522ms
Step: 1007.6676ms
====================================
Loop: 397
  Solve: 144.0608ms
Step: 1006.4993ms
====================================
Loop: 398
  Solve: 143.0737ms
Step: 999.6403ms
====================================
Loop: 399
  Solve: 143.2325ms
Step: 1002.4196ms
====================================
Loop: 400
  Solve: 143.9563ms
Step: 1007.0897ms
====================================
Loop: 401
  Solve: 143.2858ms
Step: 1018.5534ms
====================================
Loop: 402
  Solve: 141.2594ms
Step: 982.7386ms
====================================
Loop: 403
  Solve: 140.3912ms
Step: 989.2856ms
====================================
Loop: 404
  Solve: 140.2309ms
Step: 989.6421ms
====================================
Loop: 405
  Solve: 139.1651ms
Step: 980.2590ms
====================================
Loop: 406
  Solve: 140.4481ms
Step: 986.6129ms
====================================
Loop: 407
  Solve: 139.1852ms
Step: 978.6788ms
====================================
Loop: 408
  Solve: 140.2373ms
Step: 980.6151ms
====================================
Loop: 409
  Solve: 140.0936ms
Step: 974.5614ms
====================================
Loop: 410
  Solve: 137.4475ms
Step: 970.2981ms
====================================
Loop: 411
  Solve: 138.5184ms
Step: 968.5139ms
====================================
Loop: 412
  Solve: 140.0630ms
Step: 961.4272ms
====================================
Loop: 413
  Solve: 138.3985ms
Step: 961.2739ms
====================================
Loop: 414
  Solve: 136.1600ms
Step: 953.4821ms
====================================
Loop: 415
  Solve: 136.6194ms
Step: 950.4731ms
====================================
Loop: 416
  Solve: 138.9464ms
Step: 955.2361ms
====================================
Loop: 417
  Solve: 134.8659ms
Step: 945.1076ms
====================================
Loop: 418
  Solve: 135.2982ms
Step: 951.7283ms
====================================
Loop: 419
  Solve: 135.3777ms
Step: 972.3436ms
====================================
Loop: 420
  Solve: 134.7141ms
Step: 935.7542ms
====================================
Loop: 421
  Solve: 132.4313ms
Step: 942.7012ms
====================================
Loop: 422
  Solve: 132.4975ms
Step: 934.8098ms
====================================
Loop: 423
  Solve: 132.0576ms
Step: 928.6358ms
====================================
Loop: 424
  Solve: 135.3303ms
Step: 922.1719ms
====================================
Loop: 425
  Solve: 133.3531ms
Step: 917.5401ms
====================================
Loop: 426
  Solve: 136.5177ms
Step: 972.3202ms
====================================
Loop: 427
  Solve: 134.1951ms
Step: 916.6661ms
====================================
Loop: 428
  Solve: 134.4329ms
Step: 926.1625ms
====================================
Loop: 429
  Solve: 134.4973ms
Step: 905.1888ms
====================================
Loop: 430
  Solve: 130.9806ms
Step: 904.6766ms
====================================
Loop: 431
  Solve: 135.0567ms
Step: 902.7078ms
====================================
Loop: 432
  Solve: 135.4560ms
Step: 901.0184ms
====================================
Loop: 433
  Solve: 130.0707ms
Step: 900.2368ms
====================================
Loop: 434
  Solve: 130.6239ms
Step: 898.9923ms
====================================
Loop: 435
  Solve: 129.9968ms
Step: 894.0410ms
====================================
Loop: 436
  Solve: 131.0425ms
Step: 888.8386ms
====================================
Loop: 437
  Solve: 131.8530ms
Step: 887.5784ms
====================================
Loop: 438
  Solve: 130.4927ms
Step: 890.9296ms
====================================
Loop: 439
  Solve: 132.8651ms
Step: 888.3051ms
====================================
Loop: 440
  Solve: 135.1721ms
Step: 882.1960ms
====================================
Loop: 441
  Solve: 133.4754ms
Step: 882.8865ms
====================================
Loop: 442
  Solve: 128.7635ms
Step: 888.6695ms
====================================
Loop: 443
  Solve: 128.6187ms
Step: 872.2020ms
====================================
Loop: 444
  Solve: 133.1633ms
Step: 871.9233ms
====================================
Loop: 445
  Solve: 132.7542ms
Step: 878.6691ms
====================================
Loop: 446
  Solve: 131.3261ms
Step: 876.8382ms
====================================
Loop: 447
  Solve: 131.7923ms
Step: 868.7223ms
====================================
Loop: 448
  Solve: 134.5537ms
Step: 865.3668ms
====================================
Loop: 449
  Solve: 130.5173ms
Step: 862.9963ms
====================================
Loop: 450
  Solve: 127.6512ms
Step: 857.9815ms
====================================
Loop: 451
  Solve: 128.4707ms
Step: 862.4963ms
====================================
Loop: 452
  Solve: 129.2751ms
Step: 858.8965ms
====================================
Loop: 453
  Solve: 127.6830ms
Step: 859.8572ms
====================================
Loop: 454
  Solve: 129.2534ms
Step: 849.6661ms
====================================
Loop: 455
  Solve: 131.6302ms
Step: 847.0569ms
====================================
Loop: 456
  Solve: 129.1349ms
Step: 854.0093ms
====================================
Loop: 457
  Solve: 127.4420ms
Step: 845.2319ms
====================================
Loop: 458
  Solve: 130.6134ms
Step: 845.4553ms
====================================
Loop: 459
  Solve: 129.6888ms
Step: 843.6086ms
====================================
Loop: 460
  Solve: 130.8247ms
Step: 854.4059ms
====================================
Loop: 461
  Solve: 133.0349ms
Step: 840.6022ms
====================================
Loop: 462
  Solve: 131.2873ms
Step: 841.0824ms
====================================
Loop: 463
  Solve: 127.7771ms
Step: 834.9418ms
====================================
Loop: 464
  Solve: 127.3217ms
Step: 836.0532ms
====================================
Loop: 465
  Solve: 131.3808ms
Step: 836.7185ms
====================================
Loop: 466
  Solve: 130.3432ms
Step: 837.7607ms
====================================
Loop: 467
  Solve: 131.3852ms
Step: 829.6461ms
====================================
Loop: 468
  Solve: 129.4283ms
Step: 832.3962ms
====================================
Loop: 469
  Solve: 128.2076ms
Step: 828.6595ms
====================================
Loop: 470
  Solve: 137.3024ms
Step: 853.6993ms
====================================
Loop: 471
  Solve: 129.7014ms
Step: 828.7286ms
====================================
Loop: 472
  Solve: 131.7300ms
Step: 825.5864ms
====================================
Loop: 473
  Solve: 134.1418ms
Step: 822.0476ms
====================================
Loop: 474
  Solve: 130.2505ms
Step: 824.3115ms
====================================
Loop: 475
  Solve: 128.2101ms
Step: 818.7953ms
====================================
Loop: 476
  Solve: 132.6940ms
Step: 821.5031ms
====================================
Loop: 477
  Solve: 127.8693ms
Step: 818.9882ms
====================================
Loop: 478
  Solve: 128.5727ms
Step: 815.2555ms
====================================
Loop: 479
  Solve: 130.0768ms
Step: 814.1754ms
====================================
Loop: 480
  Solve: 128.6264ms
Step: 812.8895ms
====================================
Loop: 481
  Solve: 128.0464ms
Step: 810.5793ms
====================================
Loop: 482
  Solve: 131.4501ms
Step: 818.9775ms
====================================
Loop: 483
  Solve: 132.0072ms
Step: 823.0988ms
====================================
Loop: 484
  Solve: 134.5171ms
Step: 808.7879ms
====================================
Loop: 485
  Solve: 127.5395ms
Step: 812.0466ms
====================================
Loop: 486
  Solve: 126.9148ms
Step: 797.9181ms
====================================
Loop: 487
  Solve: 130.1116ms
Step: 806.9491ms
====================================
Loop: 488
  Solve: 129.5370ms
Step: 805.5647ms
====================================
Loop: 489
  Solve: 133.5641ms
Step: 799.8625ms
====================================
Loop: 490
  Solve: 128.1394ms
Step: 802.3135ms
====================================
Loop: 491
  Solve: 127.7791ms
Step: 797.5839ms
====================================
Loop: 492
  Solve: 129.9813ms
Step: 799.6283ms
====================================
Loop: 493
  Solve: 129.9082ms
Step: 800.7828ms
====================================
Loop: 494
  Solve: 135.6465ms
Step: 798.6255ms
====================================
Loop: 495
  Solve: 129.3425ms
Step: 801.0176ms
====================================
Loop: 496
  Solve: 128.0522ms
Step: 792.9913ms
====================================
Loop: 497
  Solve: 132.7652ms
Step: 808.9053ms
====================================
Loop: 498
  Solve: 130.3683ms
Step: 801.9478ms
====================================
Loop: 499
  Solve: 137.5969ms
Step: 799.8055ms
====================================
Loop: 500
  Solve: 129.2528ms
Step: 800.4756ms
====================================
