Loop: 0
  Solve: 4.1290ms
Step: 618.5863ms
====================================
Loop: 1
  Solve: 4.3752ms
Step: 321.9968ms
====================================
Loop: 2
  Solve: 4.1962ms
Step: 340.6533ms
====================================
Loop: 3
  Solve: 4.5801ms
Step: 340.5816ms
====================================
Loop: 4
  Solve: 4.5135ms
Step: 322.5761ms
====================================
Loop: 5
  Solve: 6.3927ms
Step: 359.5743ms
====================================
Loop: 6
  Solve: 4.2203ms
Step: 320.4487ms
====================================
Loop: 7
  Solve: 4.5994ms
Step: 322.5655ms
====================================
Loop: 8
  Solve: 4.1449ms
Step: 312.5620ms
====================================
Loop: 9
  Solve: 4.3084ms
Step: 316.1552ms
====================================
Loop: 10
  Solve: 4.6510ms
Step: 322.9693ms
====================================
Loop: 11
  Solve: 4.1995ms
Step: 312.3893ms
====================================
Loop: 12
  Solve: 4.1268ms
Step: 316.0557ms
====================================
Loop: 13
  Solve: 4.4045ms
Step: 316.9250ms
====================================
Loop: 14
  Solve: 4.1382ms
Step: 315.6101ms
====================================
Loop: 15
  Solve: 4.1985ms
Step: 316.7567ms
====================================
Loop: 16
  Solve: 4.3006ms
Step: 311.5407ms
====================================
Loop: 17
  Solve: 4.1779ms
Step: 319.2206ms
====================================
Loop: 18
  Solve: 4.3391ms
Step: 718.1579ms
====================================
Loop: 19
  Solve: 4.2039ms
Step: 320.4147ms
====================================
Loop: 20
  Solve: 4.2538ms
Step: 314.3629ms
====================================
Loop: 21
  Solve: 4.2115ms
Step: 313.5298ms
====================================
Loop: 22
  Solve: 4.2296ms
Step: 319.1811ms
====================================
Loop: 23
  Solve: 4.4993ms
Step: 317.7979ms
====================================
Loop: 24
  Solve: 4.1435ms
Step: 310.3629ms
====================================
Loop: 25
  Solve: 4.3599ms
Step: 323.2336ms
====================================
Loop: 26
  Solve: 4.1693ms
Step: 716.2937ms
====================================
Loop: 27
  Solve: 4.1683ms
Step: 318.4984ms
====================================
Loop: 28
  Solve: 4.4779ms
Step: 314.9425ms
====================================
Loop: 29
  Solve: 4.2027ms
Step: 310.8810ms
====================================
Loop: 30
  Solve: 4.2308ms
Step: 316.8205ms
====================================
Loop: 31
  Solve: 4.2121ms
Step: 311.2284ms
====================================
Loop: 32
  Solve: 4.1810ms
Step: 314.5959ms
====================================
Loop: 33
  Solve: 4.2803ms
Step: 724.7448ms
====================================
Loop: 34
  Solve: 4.1874ms
Step: 315.3759ms
====================================
Loop: 35
  Solve: 4.1816ms
Step: 319.9273ms
====================================
Loop: 36
  Solve: 4.3318ms
Step: 314.2095ms
====================================
Loop: 37
  Solve: 4.1954ms
Step: 315.7202ms
====================================
Loop: 38
  Solve: 4.4215ms
Step: 718.7238ms
====================================
Loop: 39
  Solve: 4.1623ms
Step: 315.3894ms
====================================
Loop: 40
  Solve: 4.4510ms
Step: 318.9414ms
====================================
Loop: 41
  Solve: 4.2269ms
Step: 311.2343ms
====================================
Loop: 42
  Solve: 4.2244ms
Step: 315.4674ms
====================================
Loop: 43
  Solve: 4.4696ms
Step: 717.1472ms
====================================
Loop: 44
  Solve: 4.3998ms
Step: 313.1926ms
====================================
Loop: 45
  Solve: 4.3612ms
Step: 320.1559ms
====================================
Loop: 46
  Solve: 4.1602ms
Step: 311.2058ms
====================================
Loop: 47
  Solve: 4.2673ms
Step: 717.9892ms
====================================
Loop: 48
  Solve: 4.2374ms
Step: 311.9216ms
====================================
Loop: 49
  Solve: 4.2514ms
Step: 318.2888ms
====================================
Loop: 50
  Solve: 4.4286ms
Step: 322.2115ms
====================================
Loop: 51
  Solve: 4.1392ms
Step: 717.8458ms
====================================
Loop: 52
  Solve: 4.3982ms
Step: 319.8600ms
====================================
Loop: 53
  Solve: 4.1708ms
Step: 311.8661ms
====================================
Loop: 54
  Solve: 18.5056ms
Step: 332.4950ms
====================================
Loop: 55
  Solve: 33.1761ms
Step: 742.5993ms
====================================
Loop: 56
  Solve: 46.9795ms
Step: 363.3867ms
====================================
Loop: 57
  Solve: 61.3204ms
Step: 382.5210ms
====================================
Loop: 58
  Solve: 77.9548ms
Step: 396.9457ms
====================================
Loop: 59
  Solve: 92.2024ms
Step: 788.2106ms
====================================
Loop: 60
  Solve: 103.8376ms
Step: 424.8499ms
====================================
Loop: 61
  Solve: 122.3858ms
Step: 451.0843ms
====================================
Loop: 62
  Solve: 135.9956ms
Step: 821.3308ms
====================================
Loop: 63
  Solve: 161.0709ms
Step: 485.7014ms
====================================
Loop: 64
  Solve: 177.9661ms
Step: 503.5258ms
====================================
Loop: 65
  Solve: 188.5903ms
Step: 857.8600ms
====================================
Loop: 66
  Solve: 204.6645ms
Step: 542.0165ms
====================================
Loop: 67
  Solve: 225.3080ms
Step: 561.3718ms
====================================
Loop: 68
  Solve: 236.1064ms
Step: 896.5177ms
====================================
Loop: 69
  Solve: 250.4965ms
Step: 595.1282ms
====================================
Loop: 70
  Solve: 267.8156ms
Step: 605.9303ms
====================================
Loop: 71
  Solve: 280.6656ms
Step: 939.7800ms
====================================
Loop: 72
  Solve: 295.1843ms
Step: 678.2933ms
====================================
Loop: 73
  Solve: 304.2366ms
Step: 656.0190ms
====================================
Loop: 74
  Solve: 324.3894ms
Step: 970.9843ms
====================================
Loop: 75
  Solve: 331.8527ms
Step: 685.1163ms
====================================
Loop: 76
  Solve: 344.7292ms
Step: 694.8936ms
====================================
Loop: 77
  Solve: 353.7797ms
Step: 1004.1825ms
====================================
Loop: 78
  Solve: 409.0121ms
Step: 782.4214ms
====================================
Loop: 79
  Solve: 412.0797ms
Step: 784.0537ms
====================================
Loop: 80
  Solve: 424.0905ms
Step: 1069.7854ms
====================================
Loop: 81
  Solve: 454.1820ms
Step: 832.3382ms
====================================
Loop: 82
  Solve: 466.7831ms
Step: 845.9547ms
====================================
Loop: 83
  Solve: 481.6339ms
Step: 1113.4921ms
====================================
Loop: 84
  Solve: 500.9277ms
Step: 888.4853ms
====================================
Loop: 85
  Solve: 526.8068ms
Step: 919.5643ms
====================================
Loop: 86
  Solve: 551.3959ms
Step: 1203.0449ms
====================================
Loop: 87
  Solve: 579.1290ms
Step: 1045.0220ms
====================================
Loop: 88
  Solve: 601.6918ms
Step: 1007.1769ms
====================================
Loop: 89
  Solve: 624.5022ms
Step: 1256.3538ms
====================================
Loop: 90
  Solve: 641.7164ms
Step: 1066.6516ms
====================================
Loop: 91
  Solve: 671.5423ms
Step: 1098.9277ms
====================================
Loop: 92
  Solve: 691.5581ms
Step: 1342.2040ms
====================================
Loop: 93
  Solve: 732.8903ms
Step: 1168.5547ms
====================================
Loop: 94
  Solve: 759.8144ms
Step: 1399.6150ms
====================================
Loop: 95
  Solve: 786.7592ms
Step: 1235.6095ms
====================================
Loop: 96
  Solve: 848.9340ms
Step: 1522.4050ms
====================================
Loop: 97
  Solve: 848.0054ms
Step: 1312.5604ms
====================================
Loop: 98
  Solve: 875.4572ms
Step: 1535.7390ms
====================================
Loop: 99
  Solve: 903.8761ms
Step: 1445.7418ms
====================================
Loop: 100
  Solve: 935.6385ms
Step: 1602.4971ms
====================================
Loop: 101
  Solve: 965.1268ms
Step: 1461.0815ms
====================================
Loop: 102
  Solve: 996.3475ms
Step: 1670.7312ms
====================================
Loop: 103
  Solve: 1015.2440ms
Step: 1544.9425ms
====================================
Loop: 104
  Solve: 1041.8151ms
Step: 1736.9170ms
====================================
Loop: 105
  Solve: 1059.8444ms
Step: 1624.6548ms
====================================
Loop: 106
  Solve: 1082.4684ms
Step: 1807.0242ms
====================================
Loop: 107
  Solve: 1112.8379ms
Step: 1706.2874ms
====================================
Loop: 108
  Solve: 1121.8119ms
Step: 1871.7227ms
====================================
Loop: 109
  Solve: 1137.9852ms
Step: 1823.5176ms
====================================
Loop: 110
  Solve: 1167.8838ms
Step: 1929.2029ms
====================================
Loop: 111
  Solve: 1188.3357ms
Step: 1840.4021ms
====================================
Loop: 112
  Solve: 1211.0304ms
Step: 1992.3900ms
====================================
Loop: 113
  Solve: 1237.5452ms
Step: 1920.8091ms
====================================
Loop: 114
  Solve: 1251.6101ms
Step: 2051.5159ms
====================================
Loop: 115
  Solve: 1273.5435ms
Step: 1995.5220ms
====================================
Loop: 116
  Solve: 1290.8372ms
Step: 2126.6992ms
====================================
Loop: 117
  Solve: 1318.4045ms
Step: 2091.0322ms
====================================
Loop: 118
  Solve: 1344.2461ms
Step: 2232.7810ms
====================================
Loop: 119
  Solve: 1365.9261ms
Step: 2184.7537ms
====================================
Loop: 120
  Solve: 1397.2281ms
Step: 2311.8569ms
====================================
Loop: 121
  Solve: 1419.2794ms
Step: 2271.9727ms
====================================
Loop: 122
  Solve: 1438.0311ms
Step: 2398.7849ms
====================================
Loop: 123
  Solve: 1457.2489ms
Step: 2370.0327ms
====================================
Loop: 124
  Solve: 1466.6609ms
Step: 2463.5542ms
====================================
Loop: 125
  Solve: 1488.4939ms
Step: 2459.1792ms
====================================
Loop: 126
  Solve: 1530.2126ms
Step: 2564.8113ms
====================================
Loop: 127
  Solve: 1497.5837ms
Step: 2517.7598ms
====================================
Loop: 128
  Solve: 1492.9940ms
Step: 2564.0703ms
====================================
Loop: 129
  Solve: 1501.4285ms
Step: 2560.2896ms
====================================
Loop: 130
  Solve: 1604.9661ms
Step: 2704.4712ms
====================================
Loop: 131
  Solve: 1509.7111ms
Step: 2599.2141ms
====================================
Loop: 132
  Solve: 1500.4156ms
Step: 2632.3723ms
====================================
Loop: 133
  Solve: 1499.7432ms
Step: 2626.5977ms
====================================
Loop: 134
  Solve: 1502.7111ms
Step: 2689.7537ms
====================================
Loop: 135
  Solve: 1490.6361ms
Step: 2642.3926ms
====================================
Loop: 136
  Solve: 1471.8231ms
Step: 2613.4141ms
====================================
Loop: 137
  Solve: 1461.6008ms
Step: 2619.7437ms
====================================
Loop: 138
  Solve: 1433.3380ms
Step: 2576.1611ms
====================================
Loop: 139
  Solve: 1422.3962ms
Step: 2579.4067ms
====================================
Loop: 140
  Solve: 1407.2194ms
Step: 2558.3259ms
====================================
Loop: 141
  Solve: 1388.5670ms
Step: 2554.3176ms
====================================
Loop: 142
  Solve: 1379.1838ms
Step: 2532.3369ms
====================================
Loop: 143
  Solve: 1417.9910ms
Step: 2568.9788ms
====================================
Loop: 144
  Solve: 1349.1279ms
Step: 2516.9253ms
====================================
Loop: 145
  Solve: 1336.6003ms
Step: 2492.1270ms
====================================
Loop: 146
  Solve: 1312.2977ms
Step: 2514.4314ms
====================================
Loop: 147
  Solve: 1302.8198ms
Step: 2460.3740ms
====================================
Loop: 148
  Solve: 1288.5316ms
Step: 2453.2305ms
====================================
Loop: 149
  Solve: 1277.0291ms
Step: 2429.3687ms
====================================
Loop: 150
  Solve: 1261.5331ms
Step: 2415.4976ms
====================================
Loop: 151
  Solve: 1244.0310ms
Step: 2397.8813ms
====================================
Loop: 152
  Solve: 1240.1832ms
Step: 2398.6965ms
====================================
Loop: 153
  Solve: 1235.3943ms
Step: 2386.6812ms
====================================
Loop: 154
  Solve: 1218.4720ms
Step: 2368.6384ms
====================================
Loop: 155
  Solve: 1202.3241ms
Step: 2360.5771ms
====================================
Loop: 156
  Solve: 1192.7478ms
Step: 2347.8311ms
====================================
Loop: 157
  Solve: 1178.3625ms
Step: 2326.4141ms
====================================
Loop: 158
  Solve: 1161.4410ms
Step: 2313.7524ms
====================================
Loop: 159
  Solve: 1142.6111ms
Step: 2290.2949ms
====================================
Loop: 160
  Solve: 1126.9480ms
Step: 2270.0588ms
====================================
Loop: 161
  Solve: 1113.2078ms
Step: 2267.0889ms
====================================
Loop: 162
  Solve: 1096.1759ms
Step: 2239.3186ms
====================================
Loop: 163
  Solve: 1081.3204ms
Step: 2220.4270ms
====================================
Loop: 164
  Solve: 1056.7181ms
Step: 2198.3093ms
====================================
Loop: 165
  Solve: 1040.3365ms
Step: 2186.2505ms
====================================
Loop: 166
  Solve: 1020.3460ms
Step: 2170.9910ms
====================================
Loop: 167
  Solve: 1011.0956ms
Step: 2161.8716ms
====================================
Loop: 168
  Solve: 996.5089ms
Step: 2139.8284ms
====================================
Loop: 169
  Solve: 978.9779ms
Step: 2124.5620ms
====================================
Loop: 170
  Solve: 962.1602ms
Step: 2098.4285ms
====================================
Loop: 171
  Solve: 945.3359ms
Step: 2075.0034ms
====================================
Loop: 172
  Solve: 932.7981ms
Step: 2055.0337ms
====================================
Loop: 173
  Solve: 923.9756ms
Step: 2055.5012ms
====================================
Loop: 174
  Solve: 917.1702ms
Step: 2049.1938ms
====================================
Loop: 175
  Solve: 904.0077ms
Step: 2029.7869ms
====================================
Loop: 176
  Solve: 895.4507ms
Step: 2023.1490ms
====================================
Loop: 177
  Solve: 888.1096ms
Step: 2011.2043ms
====================================
Loop: 178
  Solve: 883.6362ms
Step: 2003.5569ms
====================================
Loop: 179
  Solve: 873.9615ms
Step: 1994.8625ms
====================================
Loop: 180
  Solve: 870.7616ms
Step: 2001.8356ms
====================================
Loop: 181
  Solve: 864.5047ms
Step: 2021.9725ms
====================================
Loop: 182
  Solve: 861.0195ms
Step: 1977.3083ms
====================================
Loop: 183
  Solve: 859.2561ms
Step: 1966.8840ms
====================================
Loop: 184
  Solve: 861.8691ms
Step: 1963.8682ms
====================================
Loop: 185
  Solve: 855.9636ms
Step: 1958.3350ms
====================================
Loop: 186
  Solve: 851.8480ms
Step: 1957.8542ms
====================================
Loop: 187
  Solve: 843.7241ms
Step: 1945.0867ms
====================================
Loop: 188
  Solve: 830.6656ms
Step: 1918.4091ms
====================================
Loop: 189
  Solve: 828.0540ms
Step: 1917.4941ms
====================================
Loop: 190
  Solve: 815.6543ms
Step: 1908.4780ms
====================================
Loop: 191
  Solve: 811.9429ms
Step: 1908.1591ms
====================================
Loop: 192
  Solve: 807.8652ms
Step: 1895.8271ms
====================================
Loop: 193
  Solve: 803.6975ms
Step: 1891.2136ms
====================================
Loop: 194
  Solve: 796.5267ms
Step: 1882.7007ms
====================================
Loop: 195
  Solve: 784.6665ms
Step: 1885.3796ms
====================================
Loop: 196
  Solve: 773.9922ms
Step: 1871.5604ms
====================================
Loop: 197
  Solve: 770.2080ms
Step: 1865.7954ms
====================================
Loop: 198
  Solve: 759.6955ms
Step: 1851.4966ms
====================================
Loop: 199
  Solve: 747.1929ms
Step: 1844.9688ms
====================================
Loop: 200
  Solve: 744.8209ms
Step: 1830.1669ms
====================================
Loop: 201
  Solve: 728.4208ms
Step: 1809.8534ms
====================================
Loop: 202
  Solve: 727.1137ms
Step: 1829.7277ms
====================================
Loop: 203
  Solve: 728.4233ms
Step: 1810.4961ms
====================================
Loop: 204
  Solve: 716.0188ms
Step: 1800.9524ms
====================================
Loop: 205
  Solve: 717.0465ms
Step: 1801.8440ms
====================================
Loop: 206
  Solve: 716.5781ms
Step: 1791.6088ms
====================================
Loop: 207
  Solve: 713.4233ms
Step: 1791.7649ms
====================================
Loop: 208
  Solve: 716.6884ms
Step: 1797.5518ms
====================================
Loop: 209
  Solve: 710.2302ms
Step: 1780.7361ms
====================================
Loop: 210
  Solve: 716.9210ms
Step: 1788.9733ms
====================================
Loop: 211
  Solve: 717.1483ms
Step: 1795.5154ms
====================================
Loop: 212
  Solve: 715.4283ms
Step: 1793.0525ms
====================================
Loop: 213
  Solve: 725.0298ms
Step: 1794.4435ms
====================================
Loop: 214
  Solve: 726.3737ms
Step: 1815.7197ms
====================================
Loop: 215
  Solve: 728.0364ms
Step: 1791.4089ms
====================================
Loop: 216
  Solve: 728.8170ms
Step: 1808.6605ms
====================================
Loop: 217
  Solve: 741.9916ms
Step: 1875.3081ms
====================================
Loop: 218
  Solve: 741.2144ms
Step: 1836.1838ms
====================================
Loop: 219
  Solve: 752.3951ms
Step: 1879.9365ms
====================================
Loop: 220
  Solve: 786.4357ms
Step: 1974.7323ms
====================================
Loop: 221
  Solve: 785.1279ms
Step: 2036.8196ms
====================================
Loop: 222
  Solve: 757.1894ms
Step: 1848.6165ms
====================================
Loop: 223
  Solve: 763.1451ms
Step: 1921.0441ms
====================================
Loop: 224
  Solve: 784.6845ms
Step: 1879.8296ms
====================================
Loop: 225
  Solve: 794.0930ms
Step: 1897.4432ms
====================================
Loop: 226
  Solve: 789.1898ms
Step: 1901.9631ms
====================================
Loop: 227
  Solve: 798.8706ms
Step: 1921.8967ms
====================================
Loop: 228
  Solve: 798.5639ms
Step: 1913.7535ms
====================================
Loop: 229
  Solve: 809.7495ms
Step: 1960.1793ms
====================================
Loop: 230
  Solve: 825.3943ms
Step: 1943.1290ms
====================================
Loop: 231
  Solve: 822.3566ms
Step: 1941.0908ms
====================================
Loop: 232
  Solve: 825.7195ms
Step: 1946.7075ms
====================================
Loop: 233
  Solve: 826.6387ms
Step: 1950.6584ms
====================================
Loop: 234
  Solve: 830.3817ms
Step: 1962.2511ms
====================================
Loop: 235
  Solve: 838.0848ms
Step: 1966.5563ms
====================================
Loop: 236
  Solve: 847.7760ms
Step: 1978.3732ms
====================================
Loop: 237
  Solve: 851.8200ms
Step: 1985.2141ms
====================================
Loop: 238
  Solve: 856.2234ms
Step: 1983.0630ms
====================================
Loop: 239
  Solve: 850.9626ms
Step: 1971.2123ms
====================================
Loop: 240
  Solve: 866.1889ms
Step: 1995.1649ms
====================================
Loop: 241
  Solve: 929.9440ms
Step: 2051.3330ms
====================================
Loop: 242
  Solve: 874.0414ms
Step: 2038.2605ms
====================================
Loop: 243
  Solve: 877.9783ms
Step: 2004.4781ms
====================================
Loop: 244
  Solve: 883.7417ms
Step: 2023.3005ms
====================================
Loop: 245
  Solve: 883.1790ms
Step: 2023.2922ms
====================================
Loop: 246
  Solve: 886.6511ms
Step: 2022.7679ms
====================================
Loop: 247
  Solve: 879.5496ms
Step: 2016.4503ms
====================================
Loop: 248
  Solve: 874.8094ms
Step: 2013.3499ms
====================================
Loop: 249
  Solve: 870.7426ms
Step: 2000.5559ms
====================================
Loop: 250
  Solve: 868.5788ms
Step: 2004.8938ms
====================================
Loop: 251
  Solve: 864.0071ms
Step: 1997.6902ms
====================================
Loop: 252
  Solve: 858.8716ms
Step: 1986.4370ms
====================================
Loop: 253
  Solve: 865.0208ms
Step: 1991.5511ms
====================================
Loop: 254
  Solve: 864.0632ms
Step: 1996.4022ms
====================================
Loop: 255
  Solve: 869.4542ms
Step: 1996.1281ms
====================================
Loop: 256
  Solve: 870.0327ms
Step: 2000.6030ms
====================================
Loop: 257
  Solve: 874.1005ms
Step: 2007.6538ms
====================================
Loop: 258
  Solve: 866.6179ms
Step: 2060.3428ms
====================================
Loop: 259
  Solve: 867.6152ms
Step: 1998.1307ms
====================================
Loop: 260
  Solve: 872.2271ms
Step: 1999.9126ms
====================================
Loop: 261
  Solve: 875.1534ms
Step: 2001.2727ms
====================================
Loop: 262
  Solve: 882.0121ms
Step: 2010.0298ms
====================================
Loop: 263
  Solve: 881.2576ms
Step: 2010.4510ms
====================================
Loop: 264
  Solve: 889.3939ms
Step: 2074.3521ms
====================================
Loop: 265
  Solve: 886.6086ms
Step: 2011.6121ms
====================================
Loop: 266
  Solve: 894.0816ms
Step: 2023.7096ms
====================================
Loop: 267
  Solve: 890.5839ms
Step: 2014.4724ms
====================================
Loop: 268
  Solve: 967.7043ms
Step: 2091.0132ms
====================================
Loop: 269
  Solve: 897.9041ms
Step: 2013.8254ms
====================================
Loop: 270
  Solve: 888.1844ms
Step: 1998.1936ms
====================================
Loop: 271
  Solve: 881.8777ms
Step: 2014.2848ms
====================================
Loop: 272
  Solve: 881.7758ms
Step: 1981.5156ms
====================================
Loop: 273
  Solve: 878.7505ms
Step: 1978.5076ms
====================================
Loop: 274
  Solve: 888.6433ms
Step: 1991.6254ms
====================================
Loop: 275
  Solve: 881.1527ms
Step: 2013.4724ms
====================================
Loop: 276
  Solve: 877.8933ms
Step: 1977.9392ms
====================================
Loop: 277
  Solve: 883.7993ms
Step: 1994.0474ms
====================================
Loop: 278
  Solve: 882.8218ms
Step: 1987.4419ms
====================================
Loop: 279
  Solve: 887.4218ms
Step: 1994.8153ms
====================================
Loop: 280
  Solve: 887.0746ms
Step: 2012.5724ms
====================================
Loop: 281
  Solve: 890.9356ms
Step: 2020.2974ms
====================================
Loop: 282
  Solve: 892.3024ms
Step: 2013.9054ms
====================================
Loop: 283
  Solve: 965.5027ms
Step: 2090.4629ms
====================================
Loop: 284
  Solve: 886.0077ms
Step: 2017.7732ms
====================================
Loop: 285
  Solve: 887.7280ms
Step: 2011.7047ms
====================================
Loop: 286
  Solve: 890.2672ms
Step: 2015.4602ms
====================================
Loop: 287
  Solve: 884.8840ms
Step: 2006.5709ms
====================================
Loop: 288
  Solve: 887.6115ms
Step: 2008.5742ms
====================================
Loop: 289
  Solve: 884.5156ms
Step: 2009.1786ms
====================================
Loop: 290
  Solve: 884.5969ms
Step: 2009.7759ms
====================================
Loop: 291
  Solve: 888.2963ms
Step: 2011.9469ms
====================================
Loop: 292
  Solve: 887.4080ms
Step: 2011.9148ms
====================================
Loop: 293
  Solve: 889.5286ms
Step: 2020.0811ms
====================================
Loop: 294
  Solve: 956.8619ms
Step: 2092.6953ms
====================================
Loop: 295
  Solve: 890.5181ms
Step: 2021.0624ms
====================================
Loop: 296
  Solve: 888.2795ms
Step: 2017.0696ms
====================================
Loop: 297
  Solve: 890.0110ms
Step: 2019.4314ms
====================================
Loop: 298
  Solve: 899.5602ms
Step: 2033.7677ms
====================================
Loop: 299
  Solve: 900.1468ms
Step: 2034.8015ms
====================================
Loop: 300
  Solve: 960.4877ms
Step: 2149.0513ms
====================================
Loop: 301
  Solve: 889.4458ms
Step: 2009.8572ms
====================================
Loop: 302
  Solve: 889.6704ms
Step: 2010.5760ms
====================================
Loop: 303
  Solve: 894.3750ms
Step: 2012.6718ms
====================================
Loop: 304
  Solve: 891.4028ms
Step: 2009.8041ms
====================================
Loop: 305
  Solve: 891.0115ms
Step: 2011.1510ms
====================================
Loop: 306
  Solve: 883.9755ms
Step: 2005.9163ms
====================================
Loop: 307
  Solve: 883.0134ms
Step: 1991.5967ms
====================================
Loop: 308
  Solve: 874.2709ms
Step: 1992.0125ms
====================================
Loop: 309
  Solve: 868.9106ms
Step: 1987.4866ms
====================================
Loop: 310
  Solve: 933.4070ms
Step: 2085.8518ms
====================================
Loop: 311
  Solve: 868.7800ms
Step: 1987.5725ms
====================================
Loop: 312
  Solve: 863.6056ms
Step: 1969.0088ms
====================================
Loop: 313
  Solve: 862.5101ms
Step: 1972.8943ms
====================================
Loop: 314
  Solve: 868.6678ms
Step: 1990.9817ms
====================================
Loop: 315
  Solve: 852.0410ms
Step: 1967.2571ms
====================================
Loop: 316
  Solve: 846.3761ms
Step: 1965.9502ms
====================================
Loop: 317
  Solve: 841.6183ms
Step: 1966.2305ms
====================================
Loop: 318
  Solve: 838.8867ms
Step: 1968.9114ms
====================================
Loop: 319
  Solve: 841.1123ms
Step: 1954.9272ms
====================================
Loop: 320
  Solve: 839.9473ms
Step: 1957.9458ms
====================================
Loop: 321
  Solve: 842.2103ms
Step: 1942.7441ms
====================================
Loop: 322
  Solve: 841.5038ms
Step: 1945.5278ms
====================================
Loop: 323
  Solve: 841.6751ms
Step: 1945.4124ms
====================================
Loop: 324
  Solve: 834.3055ms
Step: 1932.7019ms
====================================
Loop: 325
  Solve: 829.8545ms
Step: 1930.4355ms
====================================
Loop: 326
  Solve: 825.2429ms
Step: 1932.4164ms
====================================
Loop: 327
  Solve: 823.8098ms
Step: 1919.3585ms
====================================
Loop: 328
  Solve: 820.4236ms
Step: 1915.1410ms
====================================
Loop: 329
  Solve: 821.8585ms
Step: 1920.5192ms
====================================
Loop: 330
  Solve: 816.1913ms
Step: 1919.3391ms
====================================
Loop: 331
  Solve: 799.6360ms
Step: 1892.5952ms
====================================
Loop: 332
  Solve: 793.9626ms
Step: 1888.8057ms
====================================
Loop: 333
  Solve: 800.1671ms
Step: 1893.1497ms
====================================
Loop: 334
  Solve: 789.7986ms
Step: 1867.6372ms
====================================
Loop: 335
  Solve: 779.9893ms
Step: 1858.2017ms
====================================
Loop: 336
  Solve: 782.8560ms
Step: 1847.1599ms
====================================
Loop: 337
  Solve: 774.3589ms
Step: 1822.4811ms
====================================
Loop: 338
  Solve: 769.6627ms
Step: 1833.2534ms
====================================
Loop: 339
  Solve: 759.3525ms
Step: 1819.9580ms
====================================
Loop: 340
  Solve: 765.8497ms
Step: 1808.8038ms
====================================
Loop: 341
  Solve: 751.5906ms
Step: 1785.9844ms
====================================
Loop: 342
  Solve: 747.0593ms
Step: 1761.7957ms
====================================
Loop: 343
  Solve: 738.0190ms
Step: 1767.7329ms
====================================
Loop: 344
  Solve: 737.1436ms
Step: 1759.2548ms
====================================
Loop: 345
  Solve: 725.0994ms
Step: 1738.0562ms
====================================
Loop: 346
  Solve: 728.9271ms
Step: 1733.4537ms
====================================
Loop: 347
  Solve: 727.2253ms
Step: 1737.9465ms
====================================
Loop: 348
  Solve: 720.1517ms
Step: 1723.4835ms
====================================
Loop: 349
  Solve: 715.6814ms
Step: 1739.4878ms
====================================
Loop: 350
  Solve: 711.7961ms
Step: 1702.1287ms
====================================
Loop: 351
  Solve: 711.9885ms
Step: 1701.0940ms
====================================
Loop: 352
  Solve: 704.3488ms
Step: 1699.8516ms
====================================
Loop: 353
  Solve: 714.5461ms
Step: 1690.5695ms
====================================
Loop: 354
  Solve: 704.2390ms
Step: 1679.7979ms
====================================
Loop: 355
  Solve: 696.2621ms
Step: 1670.7656ms
====================================
Loop: 356
  Solve: 694.0328ms
Step: 1663.8553ms
====================================
Loop: 357
  Solve: 684.9214ms
Step: 1644.0247ms
====================================
Loop: 358
  Solve: 681.2175ms
Step: 1643.5193ms
====================================
Loop: 359
  Solve: 676.1982ms
Step: 1634.6758ms
====================================
Loop: 360
  Solve: 721.5150ms
Step: 1675.3525ms
====================================
Loop: 361
  Solve: 676.1302ms
Step: 1636.1796ms
====================================
Loop: 362
  Solve: 672.9744ms
Step: 1634.2250ms
====================================
Loop: 363
  Solve: 668.6511ms
Step: 1616.2847ms
====================================
Loop: 364
  Solve: 667.1747ms
Step: 1614.8601ms
====================================
Loop: 365
  Solve: 661.1879ms
Step: 1606.1951ms
====================================
Loop: 366
  Solve: 660.5323ms
Step: 1600.4321ms
====================================
Loop: 367
  Solve: 727.9061ms
Step: 1662.3899ms
====================================
Loop: 368
  Solve: 656.6380ms
Step: 1595.1406ms
====================================
Loop: 369
  Solve: 655.4692ms
Step: 1572.8611ms
====================================
Loop: 370
  Solve: 644.2403ms
Step: 1598.4419ms
====================================
Loop: 371
  Solve: 646.3875ms
Step: 1634.0184ms
====================================
Loop: 372
  Solve: 639.9044ms
Step: 1542.8616ms
====================================
Loop: 373
  Solve: 639.4736ms
Step: 1543.7581ms
====================================
Loop: 374
  Solve: 641.5441ms
Step: 1530.8615ms
====================================
Loop: 375
  Solve: 631.6436ms
Step: 1541.1150ms
====================================
Loop: 376
  Solve: 629.8752ms
Step: 1510.4933ms
====================================
Loop: 377
  Solve: 624.7032ms
Step: 1511.6965ms
====================================
Loop: 378
  Solve: 624.2096ms
Step: 1495.0776ms
====================================
Loop: 379
  Solve: 625.1310ms
Step: 1502.9448ms
====================================
Loop: 380
  Solve: 619.1975ms
Step: 1489.2179ms
====================================
Loop: 381
  Solve: 683.7199ms
Step: 1569.4363ms
====================================
Loop: 382
  Solve: 620.8829ms
Step: 1561.3657ms
====================================
Loop: 383
  Solve: 613.6219ms
Step: 1499.1030ms
====================================
Loop: 384
  Solve: 617.0381ms
Step: 1483.5226ms
====================================
Loop: 385
  Solve: 609.8756ms
Step: 1479.0049ms
====================================
Loop: 386
  Solve: 604.4820ms
Step: 1462.6897ms
====================================
Loop: 387
  Solve: 605.0801ms
Step: 1460.9663ms
====================================
Loop: 388
  Solve: 605.7673ms
Step: 1476.9557ms
====================================
Loop: 389
  Solve: 599.2631ms
Step: 1469.6229ms
====================================
Loop: 390
  Solve: 598.9070ms
Step: 1466.0995ms
====================================
Loop: 391
  Solve: 604.9905ms
Step: 1457.9048ms
====================================
Loop: 392
  Solve: 595.0573ms
Step: 1438.4871ms
====================================
Loop: 393
  Solve: 595.7670ms
Step: 1428.5245ms
====================================
Loop: 394
  Solve: 593.6154ms
Step: 1425.5452ms
====================================
Loop: 395
  Solve: 595.7831ms
Step: 1441.5677ms
====================================
Loop: 396
  Solve: 591.5504ms
Step: 1420.7200ms
====================================
Loop: 397
  Solve: 584.8509ms
Step: 1421.1277ms
====================================
Loop: 398
  Solve: 595.3039ms
Step: 1425.4014ms
====================================
Loop: 399
  Solve: 589.8191ms
Step: 1408.6104ms
====================================
Loop: 400
  Solve: 592.0385ms
Step: 1403.5121ms
====================================
Loop: 401
  Solve: 581.7892ms
Step: 1403.0280ms
====================================
Loop: 402
  Solve: 590.4866ms
Step: 1408.8815ms
====================================
Loop: 403
  Solve: 584.1712ms
Step: 1398.1787ms
====================================
Loop: 404
  Solve: 579.5450ms
Step: 1390.3671ms
====================================
Loop: 405
  Solve: 583.7226ms
Step: 1389.7899ms
====================================
Loop: 406
  Solve: 582.5788ms
Step: 1400.0319ms
====================================
Loop: 407
  Solve: 579.3370ms
Step: 1429.6791ms
====================================
Loop: 408
  Solve: 585.7650ms
Step: 1386.8032ms
====================================
Loop: 409
  Solve: 581.8262ms
Step: 1376.9574ms
====================================
Loop: 410
  Solve: 573.4813ms
Step: 1363.7321ms
====================================
Loop: 411
  Solve: 576.2372ms
Step: 1370.5269ms
====================================
Loop: 412
  Solve: 566.5648ms
Step: 1359.9194ms
====================================
Loop: 413
  Solve: 565.4158ms
Step: 1350.8098ms
====================================
Loop: 414
  Solve: 564.5168ms
Step: 1348.4047ms
====================================
Loop: 415
  Solve: 565.6255ms
Step: 1361.9379ms
====================================
Loop: 416
  Solve: 562.9609ms
Step: 1338.5599ms
====================================
Loop: 417
  Solve: 568.7847ms
Step: 1348.8213ms
====================================
Loop: 418
  Solve: 567.4655ms
Step: 1342.0996ms
====================================
Loop: 419
  Solve: 558.5034ms
Step: 1326.6656ms
====================================
Loop: 420
  Solve: 562.9405ms
Step: 1335.6451ms
====================================
Loop: 421
  Solve: 570.7460ms
Step: 1343.2224ms
====================================
Loop: 422
  Solve: 557.7894ms
Step: 1329.8569ms
====================================
Loop: 423
  Solve: 563.3806ms
Step: 1331.9238ms
====================================
Loop: 424
  Solve: 563.7618ms
Step: 1328.6123ms
====================================
Loop: 425
  Solve: 554.6531ms
Step: 1314.5184ms
====================================
Loop: 426
  Solve: 556.8279ms
Step: 1323.3057ms
====================================
Loop: 427
  Solve: 583.2985ms
Step: 1332.4763ms
====================================
Loop: 428
  Solve: 583.0374ms
Step: 1358.8951ms
====================================
Loop: 429
  Solve: 550.0776ms
Step: 1305.8088ms
====================================
Loop: 430
  Solve: 554.4690ms
Step: 1306.3135ms
====================================
Loop: 431
  Solve: 555.8119ms
Step: 1295.3481ms
====================================
Loop: 432
  Solve: 549.1376ms
Step: 1291.9136ms
====================================
Loop: 433
  Solve: 552.0438ms
Step: 1282.3961ms
====================================
Loop: 434
  Solve: 621.8983ms
Step: 1354.1897ms
====================================
Loop: 435
  Solve: 546.1185ms
Step: 1292.4612ms
====================================
Loop: 436
  Solve: 548.2236ms
Step: 1273.4512ms
====================================
Loop: 437
  Solve: 579.6984ms
Step: 1308.3452ms
====================================
Loop: 438
  Solve: 546.3766ms
Step: 1265.3042ms
====================================
Loop: 439
  Solve: 545.9532ms
Step: 1269.8564ms
====================================
Loop: 440
  Solve: 543.8375ms
Step: 1259.0380ms
====================================
Loop: 441
  Solve: 546.4932ms
Step: 1258.6509ms
====================================
Loop: 442
  Solve: 539.6175ms
Step: 1256.7324ms
====================================
Loop: 443
  Solve: 540.3768ms
Step: 1259.1426ms
====================================
Loop: 444
  Solve: 540.8324ms
Step: 1246.2605ms
====================================
Loop: 445
  Solve: 540.5759ms
Step: 1250.5919ms
====================================
Loop: 446
  Solve: 579.5740ms
Step: 1293.9756ms
====================================
Loop: 447
  Solve: 529.1403ms
Step: 1234.1569ms
====================================
Loop: 448
  Solve: 539.6412ms
Step: 1242.6628ms
====================================
Loop: 449
  Solve: 534.0675ms
Step: 1238.9022ms
====================================
Loop: 450
  Solve: 541.7791ms
Step: 1246.1056ms
====================================
Loop: 451
  Solve: 538.7568ms
Step: 1237.2609ms
====================================
Loop: 452
  Solve: 533.5024ms
Step: 1233.0323ms
====================================
Loop: 453
  Solve: 536.5201ms
Step: 1239.2120ms
====================================
Loop: 454
  Solve: 536.3698ms
Step: 1237.1880ms
====================================
Loop: 455
  Solve: 537.8081ms
Step: 1239.5078ms
====================================
Loop: 456
  Solve: 539.3422ms
Step: 1231.2451ms
====================================
Loop: 457
  Solve: 538.7101ms
Step: 1236.1477ms
====================================
Loop: 458
  Solve: 537.3353ms
Step: 1227.6317ms
====================================
Loop: 459
  Solve: 537.1551ms
Step: 1233.2400ms
====================================
Loop: 460
  Solve: 536.7302ms
Step: 1214.2167ms
====================================
Loop: 461
  Solve: 533.4973ms
Step: 1213.4933ms
====================================
Loop: 462
  Solve: 535.1653ms
Step: 1219.6559ms
====================================
Loop: 463
  Solve: 536.0888ms
Step: 1225.0884ms
====================================
Loop: 464
  Solve: 531.7529ms
Step: 1214.9287ms
====================================
Loop: 465
  Solve: 540.9938ms
Step: 1219.3918ms
====================================
Loop: 466
  Solve: 532.9889ms
Step: 1215.6135ms
====================================
Loop: 467
  Solve: 531.8195ms
Step: 1208.9099ms
====================================
Loop: 468
  Solve: 529.9138ms
Step: 1215.2177ms
====================================
Loop: 469
  Solve: 593.7460ms
Step: 1343.3656ms
====================================
Loop: 470
  Solve: 619.3771ms
Step: 1457.4812ms
====================================
Loop: 471
  Solve: 531.1454ms
Step: 1246.7609ms
====================================
Loop: 472
  Solve: 533.2749ms
Step: 1199.4668ms
====================================
Loop: 473
  Solve: 537.1641ms
Step: 1202.0421ms
====================================
Loop: 474
  Solve: 530.6852ms
Step: 1199.3885ms
====================================
Loop: 475
  Solve: 529.7549ms
Step: 1198.6820ms
====================================
Loop: 476
  Solve: 532.4259ms
Step: 1201.3308ms
====================================
Loop: 477
  Solve: 531.3151ms
Step: 1245.7773ms
====================================
Loop: 478
  Solve: 540.6198ms
Step: 1254.5111ms
====================================
Loop: 479
  Solve: 531.8332ms
Step: 1194.4395ms
====================================
Loop: 480
  Solve: 530.7112ms
Step: 1191.9684ms
====================================
Loop: 481
  Solve: 535.4227ms
Step: 1199.5496ms
====================================
Loop: 482
  Solve: 536.4224ms
Step: 1191.2083ms
====================================
Loop: 483
  Solve: 531.8219ms
Step: 1190.6814ms
====================================
Loop: 484
  Solve: 529.1872ms
Step: 1188.0896ms
====================================
Loop: 485
  Solve: 539.1956ms
Step: 1197.9078ms
====================================
Loop: 486
  Solve: 530.4352ms
Step: 1191.7328ms
====================================
Loop: 487
  Solve: 538.1519ms
Step: 1187.1807ms
====================================
Loop: 488
  Solve: 533.5721ms
Step: 1186.2587ms
====================================
Loop: 489
  Solve: 534.4576ms
Step: 1191.1656ms
====================================
Loop: 490
  Solve: 532.9329ms
Step: 1181.3638ms
====================================
Loop: 491
  Solve: 534.6736ms
Step: 1192.3104ms
====================================
Loop: 492
  Solve: 526.1631ms
Step: 1171.7622ms
====================================
Loop: 493
  Solve: 533.1621ms
Step: 1177.5800ms
====================================
Loop: 494
  Solve: 534.1856ms
Step: 1179.5717ms
====================================
Loop: 495
  Solve: 540.0024ms
Step: 1184.6294ms
====================================
Loop: 496
  Solve: 541.1395ms
Step: 1190.0603ms
====================================
Loop: 497
  Solve: 533.0914ms
Step: 1180.3135ms
====================================
Loop: 498
  Solve: 569.8357ms
Step: 1219.9980ms
====================================
Loop: 499
  Solve: 531.4514ms
Step: 1173.9916ms
====================================
Loop: 500
  Solve: 532.3309ms
Step: 1173.9907ms
====================================
