Using platform vendor: Intel(R) Corporation
Loop: 0
  Solve: 0.0007ms
Step: 603.5031ms
====================================
Loop: 1
  Solve: 0.0013ms
Step: 294.9176ms
====================================
Loop: 2
  Solve: 0.0011ms
Step: 291.4655ms
====================================
Loop: 3
  Solve: 0.0010ms
Step: 290.8115ms
====================================
Loop: 4
  Solve: 0.0011ms
Step: 292.6569ms
====================================
Loop: 5
  Solve: 0.0012ms
Step: 290.1209ms
====================================
Loop: 6
  Solve: 0.0011ms
Step: 291.9369ms
====================================
Loop: 7
  Solve: 0.0012ms
Step: 293.9402ms
====================================
Loop: 8
  Solve: 0.0012ms
Step: 291.4414ms
====================================
Loop: 9
  Solve: 0.0011ms
Step: 297.2512ms
====================================
Loop: 10
  Solve: 0.0011ms
Step: 291.4182ms
====================================
Loop: 11
  Solve: 0.0011ms
Step: 296.3188ms
====================================
Loop: 12
  Solve: 0.0012ms
Step: 291.7849ms
====================================
Loop: 13
  Solve: 0.0011ms
Step: 293.2690ms
====================================
Loop: 14
  Solve: 0.0011ms
Step: 290.0159ms
====================================
Loop: 15
  Solve: 0.0012ms
Step: 290.3662ms
====================================
Loop: 16
  Solve: 0.0010ms
Step: 294.2300ms
====================================
Loop: 17
  Solve: 0.0014ms
Step: 287.6810ms
====================================
Loop: 18
  Solve: 0.0012ms
Step: 701.2268ms
====================================
Loop: 19
  Solve: 0.0011ms
Step: 288.9723ms
====================================
Loop: 20
  Solve: 0.0012ms
Step: 295.7153ms
====================================
Loop: 21
  Solve: 0.0016ms
Step: 293.9053ms
====================================
Loop: 22
  Solve: 0.0011ms
Step: 299.5546ms
====================================
Loop: 23
  Solve: 0.0014ms
Step: 316.6839ms
====================================
Loop: 24
  Solve: 0.0009ms
Step: 303.0627ms
====================================
Loop: 25
  Solve: 0.0014ms
Step: 299.6922ms
====================================
Loop: 26
  Solve: 0.0011ms
Step: 708.4445ms
====================================
Loop: 27
  Solve: 0.0015ms
Step: 297.4412ms
====================================
Loop: 28
  Solve: 0.0012ms
Step: 292.9821ms
====================================
Loop: 29
  Solve: 0.0012ms
Step: 297.9039ms
====================================
Loop: 30
  Solve: 0.0014ms
Step: 295.3892ms
====================================
Loop: 31
  Solve: 0.0013ms
Step: 296.9515ms
====================================
Loop: 32
  Solve: 0.0011ms
Step: 301.6774ms
====================================
Loop: 33
  Solve: 0.0012ms
Step: 702.7574ms
====================================
Loop: 34
  Solve: 0.0013ms
Step: 299.5124ms
====================================
Loop: 35
  Solve: 0.0015ms
Step: 297.9380ms
====================================
Loop: 36
  Solve: 0.0012ms
Step: 299.8715ms
====================================
Loop: 37
  Solve: 0.0013ms
Step: 306.7169ms
====================================
Loop: 38
  Solve: 0.0013ms
Step: 698.0923ms
====================================
Loop: 39
  Solve: 0.0011ms
Step: 295.4010ms
====================================
Loop: 40
  Solve: 0.0012ms
Step: 296.9938ms
====================================
Loop: 41
  Solve: 0.0011ms
Step: 295.7792ms
====================================
Loop: 42
  Solve: 0.0012ms
Step: 296.2202ms
====================================
Loop: 43
  Solve: 0.0013ms
Step: 702.9799ms
====================================
Loop: 44
  Solve: 0.0012ms
Step: 295.8236ms
====================================
Loop: 45
  Solve: 0.0012ms
Step: 299.8563ms
====================================
Loop: 46
  Solve: 0.0015ms
Step: 301.4102ms
====================================
Loop: 47
  Solve: 0.0012ms
Step: 690.6690ms
====================================
Loop: 48
  Solve: 0.0012ms
Step: 295.8037ms
====================================
Loop: 49
  Solve: 0.0014ms
Step: 295.6629ms
====================================
Loop: 50
  Solve: 0.0014ms
Step: 351.1698ms
====================================
Loop: 51
  Solve: 0.0014ms
Step: 703.0854ms
====================================
Loop: 52
  Solve: 0.0013ms
Step: 300.5691ms
====================================
Loop: 53
  Solve: 0.0012ms
Step: 299.4771ms
====================================
Loop: 54
  Solve: 11.1954ms
Step: 317.7478ms
====================================
Loop: 55
  Solve: 15.6091ms
Step: 729.6676ms
====================================
Loop: 56
  Solve: 12.0658ms
Step: 342.7489ms
====================================
Loop: 57
  Solve: 16.6354ms
Step: 373.0467ms
====================================
Loop: 58
  Solve: 20.6429ms
Step: 351.4300ms
====================================
Loop: 59
  Solve: 23.9460ms
Step: 705.9890ms
====================================
Loop: 60
  Solve: 29.2027ms
Step: 404.2481ms
====================================
Loop: 61
  Solve: 25.1752ms
Step: 346.9612ms
====================================
Loop: 62
  Solve: 32.2020ms
Step: 707.2202ms
====================================
Loop: 63
  Solve: 35.9470ms
Step: 359.2824ms
====================================
Loop: 64
  Solve: 33.7288ms
Step: 390.8987ms
====================================
Loop: 65
  Solve: 30.8680ms
Step: 717.9470ms
====================================
Loop: 66
  Solve: 34.4336ms
Step: 354.2329ms
====================================
Loop: 67
  Solve: 44.8216ms
Step: 366.2250ms
====================================
Loop: 68
  Solve: 41.0635ms
Step: 702.4755ms
====================================
Loop: 69
  Solve: 46.3127ms
Step: 372.9289ms
====================================
Loop: 70
  Solve: 50.9231ms
Step: 380.0030ms
====================================
Loop: 71
  Solve: 52.1932ms
Step: 739.6106ms
====================================
Loop: 72
  Solve: 63.2767ms
Step: 407.0720ms
====================================
Loop: 73
  Solve: 60.2300ms
Step: 402.9674ms
====================================
Loop: 74
  Solve: 67.3223ms
Step: 710.7439ms
====================================
Loop: 75
  Solve: 68.2845ms
Step: 415.8100ms
====================================
Loop: 76
  Solve: 72.8947ms
Step: 425.7327ms
====================================
Loop: 77
  Solve: 81.5984ms
Step: 725.8936ms
====================================
Loop: 78
  Solve: 92.3400ms
Step: 453.1889ms
====================================
Loop: 79
  Solve: 98.5701ms
Step: 466.9729ms
====================================
Loop: 80
  Solve: 101.2425ms
Step: 741.0778ms
====================================
Loop: 81
  Solve: 118.3085ms
Step: 504.6116ms
====================================
Loop: 82
  Solve: 114.7192ms
Step: 489.9781ms
====================================
Loop: 83
  Solve: 126.7213ms
Step: 763.2159ms
====================================
Loop: 84
  Solve: 140.4842ms
Step: 529.5574ms
====================================
Loop: 85
  Solve: 137.7814ms
Step: 526.2322ms
====================================
Loop: 86
  Solve: 139.9037ms
Step: 781.4268ms
====================================
Loop: 87
  Solve: 147.7467ms
Step: 547.3967ms
====================================
Loop: 88
  Solve: 152.6189ms
Step: 560.6855ms
====================================
Loop: 89
  Solve: 174.2975ms
Step: 816.5812ms
====================================
Loop: 90
  Solve: 164.3147ms
Step: 581.4606ms
====================================
Loop: 91
  Solve: 173.3266ms
Step: 598.7035ms
====================================
Loop: 92
  Solve: 186.7468ms
Step: 830.1722ms
====================================
Loop: 93
  Solve: 185.7860ms
Step: 620.1656ms
====================================
Loop: 94
  Solve: 193.9181ms
Step: 835.1689ms
====================================
Loop: 95
  Solve: 197.2842ms
Step: 656.2393ms
====================================
Loop: 96
  Solve: 214.7814ms
Step: 867.5563ms
====================================
Loop: 97
  Solve: 207.0071ms
Step: 680.3192ms
====================================
Loop: 98
  Solve: 214.4897ms
Step: 879.6745ms
====================================
Loop: 99
  Solve: 225.2533ms
Step: 732.2262ms
====================================
Loop: 100
  Solve: 232.8476ms
Step: 916.8214ms
====================================
Loop: 101
  Solve: 226.3467ms
Step: 758.5554ms
====================================
Loop: 102
  Solve: 242.9153ms
Step: 943.8038ms
====================================
Loop: 103
  Solve: 237.3364ms
Step: 792.9748ms
====================================
Loop: 104
  Solve: 238.5722ms
Step: 966.7229ms
====================================
Loop: 105
  Solve: 245.1486ms
Step: 825.4182ms
====================================
Loop: 106
  Solve: 269.5907ms
Step: 1005.8221ms
====================================
Loop: 107
  Solve: 265.1623ms
Step: 873.2227ms
====================================
Loop: 108
  Solve: 267.6417ms
Step: 1027.6891ms
====================================
Loop: 109
  Solve: 275.9842ms
Step: 919.0018ms
====================================
Loop: 110
  Solve: 273.3132ms
Step: 1045.5774ms
====================================
Loop: 111
  Solve: 285.7820ms
Step: 968.8264ms
====================================
Loop: 112
  Solve: 305.8551ms
Step: 1107.1111ms
====================================
Loop: 113
  Solve: 302.1290ms
Step: 1024.7880ms
====================================
Loop: 114
  Solve: 291.6629ms
Step: 1122.8540ms
====================================
Loop: 115
  Solve: 306.0921ms
Step: 1182.4634ms
====================================
Loop: 116
  Solve: 309.1795ms
Step: 1176.6904ms
====================================
Loop: 117
  Solve: 307.1677ms
Step: 1102.4116ms
====================================
Loop: 118
  Solve: 318.9473ms
Step: 1284.6284ms
====================================
Loop: 119
  Solve: 329.5943ms
Step: 1168.1742ms
====================================
Loop: 120
  Solve: 327.5017ms
Step: 1274.6462ms
====================================
Loop: 121
  Solve: 331.6180ms
Step: 1232.5774ms
====================================
Loop: 122
  Solve: 333.0235ms
Step: 1325.0662ms
====================================
Loop: 123
  Solve: 339.6408ms
Step: 1291.9733ms
====================================
Loop: 124
  Solve: 327.6612ms
Step: 1363.0962ms
====================================
Loop: 125
  Solve: 338.2985ms
Step: 1373.0498ms
====================================
Loop: 126
  Solve: 336.8625ms
Step: 1407.6514ms
====================================
Loop: 127
  Solve: 343.5259ms
Step: 1385.3875ms
====================================
Loop: 128
  Solve: 348.7344ms
Step: 1447.3318ms
====================================
Loop: 129
  Solve: 345.1261ms
Step: 1447.8265ms
====================================
Loop: 130
  Solve: 344.9103ms
Step: 1478.9076ms
====================================
Loop: 131
  Solve: 347.1129ms
Step: 1481.0067ms
====================================
Loop: 132
  Solve: 346.0877ms
Step: 1501.8920ms
====================================
Loop: 133
  Solve: 344.4887ms
Step: 1512.9243ms
====================================
Loop: 134
  Solve: 347.0049ms
Step: 1519.5493ms
====================================
Loop: 135
  Solve: 352.6373ms
Step: 1546.0710ms
====================================
Loop: 136
  Solve: 350.6916ms
Step: 1546.9414ms
====================================
Loop: 137
  Solve: 346.7345ms
Step: 1541.3320ms
====================================
Loop: 138
  Solve: 347.0734ms
Step: 1543.5894ms
====================================
Loop: 139
  Solve: 340.1936ms
Step: 1542.2200ms
====================================
Loop: 140
  Solve: 321.5352ms
Step: 1518.4585ms
====================================
Loop: 141
  Solve: 334.0637ms
Step: 1547.8047ms
====================================
Loop: 142
  Solve: 311.4523ms
Step: 1519.1566ms
====================================
Loop: 143
  Solve: 319.4505ms
Step: 1529.2341ms
====================================
Loop: 144
  Solve: 299.7047ms
Step: 1517.3696ms
====================================
Loop: 145
  Solve: 306.7548ms
Step: 1516.8115ms
====================================
Loop: 146
  Solve: 288.9460ms
Step: 1512.1123ms
====================================
Loop: 147
  Solve: 288.1354ms
Step: 1491.8643ms
====================================
Loop: 148
  Solve: 288.2947ms
Step: 1519.1414ms
====================================
Loop: 149
  Solve: 282.4814ms
Step: 1494.5422ms
====================================
Loop: 150
  Solve: 276.9285ms
Step: 1505.5746ms
====================================
Loop: 151
  Solve: 275.6289ms
Step: 1491.2268ms
====================================
Loop: 152
  Solve: 268.7074ms
Step: 1490.0114ms
====================================
Loop: 153
  Solve: 278.0474ms
Step: 1496.5164ms
====================================
Loop: 154
  Solve: 267.3370ms
Step: 1491.7744ms
====================================
Loop: 155
  Solve: 271.6978ms
Step: 1489.9756ms
====================================
Loop: 156
  Solve: 255.7486ms
Step: 1477.0753ms
====================================
Loop: 157
  Solve: 269.0823ms
Step: 1483.4971ms
====================================
Loop: 158
  Solve: 264.2982ms
Step: 1481.6273ms
====================================
Loop: 159
  Solve: 268.4956ms
Step: 1478.8285ms
====================================
Loop: 160
  Solve: 252.6184ms
Step: 1465.8881ms
====================================
Loop: 161
  Solve: 250.0080ms
Step: 1459.4177ms
====================================
Loop: 162
  Solve: 238.0186ms
Step: 1449.8612ms
====================================
Loop: 163
  Solve: 250.8279ms
Step: 1534.7263ms
====================================
Loop: 164
  Solve: 223.8479ms
Step: 1438.3247ms
====================================
Loop: 165
  Solve: 221.7216ms
Step: 1422.9022ms
====================================
Loop: 166
  Solve: 216.7276ms
Step: 1418.1799ms
====================================
Loop: 167
  Solve: 216.5355ms
Step: 1420.3816ms
====================================
Loop: 168
  Solve: 220.7509ms
Step: 1403.7330ms
====================================
Loop: 169
  Solve: 215.5310ms
Step: 1415.5531ms
====================================
Loop: 170
  Solve: 207.9038ms
Step: 1405.9329ms
====================================
Loop: 171
  Solve: 203.3289ms
Step: 1434.9626ms
====================================
Loop: 172
  Solve: 197.9331ms
Step: 1403.3951ms
====================================
Loop: 173
  Solve: 207.9997ms
Step: 1390.3999ms
====================================
Loop: 174
  Solve: 193.7292ms
Step: 1376.9330ms
====================================
Loop: 175
  Solve: 187.0276ms
Step: 1449.7554ms
====================================
Loop: 176
  Solve: 201.9425ms
Step: 1442.1057ms
====================================
Loop: 177
  Solve: 193.0354ms
Step: 1413.3271ms
====================================
Loop: 178
  Solve: 189.3823ms
Step: 1374.1285ms
====================================
Loop: 179
  Solve: 186.1614ms
Step: 1371.3455ms
====================================
Loop: 180
  Solve: 181.4091ms
Step: 1361.5956ms
====================================
Loop: 181
  Solve: 184.5739ms
Step: 1358.8853ms
====================================
Loop: 182
  Solve: 194.7273ms
Step: 1380.1042ms
====================================
Loop: 183
  Solve: 179.2477ms
Step: 1353.7819ms
====================================
Loop: 184
  Solve: 177.4239ms
Step: 1349.4834ms
====================================
Loop: 185
  Solve: 179.7530ms
Step: 1358.2231ms
====================================
Loop: 186
  Solve: 197.6645ms
Step: 1356.1774ms
====================================
Loop: 187
  Solve: 175.3086ms
Step: 1344.6002ms
====================================
Loop: 188
  Solve: 174.8939ms
Step: 1350.2793ms
====================================
Loop: 189
  Solve: 190.2369ms
Step: 1344.4456ms
====================================
Loop: 190
  Solve: 171.9329ms
Step: 1339.3630ms
====================================
Loop: 191
  Solve: 177.1574ms
Step: 1348.1163ms
====================================
Loop: 192
  Solve: 188.1348ms
Step: 1340.5110ms
====================================
Loop: 193
  Solve: 173.7231ms
Step: 1393.6084ms
====================================
Loop: 194
  Solve: 185.1354ms
Step: 1363.0172ms
====================================
Loop: 195
  Solve: 181.7724ms
Step: 1313.6851ms
====================================
Loop: 196
  Solve: 177.1258ms
Step: 1321.5574ms
====================================
Loop: 197
  Solve: 178.1444ms
Step: 1331.3407ms
====================================
Loop: 198
  Solve: 188.5543ms
Step: 1324.9868ms
====================================
Loop: 199
  Solve: 176.3634ms
Step: 1316.5657ms
====================================
Loop: 200
  Solve: 178.8828ms
Step: 1328.4636ms
====================================
Loop: 201
  Solve: 195.6655ms
Step: 1329.8293ms
====================================
Loop: 202
  Solve: 176.4396ms
Step: 1320.7808ms
====================================
Loop: 203
  Solve: 177.9316ms
Step: 1320.6593ms
====================================
Loop: 204
  Solve: 254.6630ms
Step: 1390.5743ms
====================================
Loop: 205
  Solve: 187.2681ms
Step: 1324.8154ms
====================================
Loop: 206
  Solve: 177.2293ms
Step: 1321.0662ms
====================================
Loop: 207
  Solve: 184.2753ms
Step: 1308.1382ms
====================================
Loop: 208
  Solve: 232.8450ms
Step: 1557.6477ms
====================================
Loop: 209
  Solve: 238.0497ms
Step: 1818.3030ms
====================================
Loop: 210
  Solve: 178.4612ms
Step: 1322.4446ms
====================================
Loop: 211
  Solve: 191.6473ms
Step: 1315.7295ms
====================================
Loop: 212
  Solve: 176.8711ms
Step: 1324.6542ms
====================================
Loop: 213
  Solve: 179.8694ms
Step: 1327.8667ms
====================================
Loop: 214
  Solve: 186.9131ms
Step: 1328.4365ms
====================================
Loop: 215
  Solve: 179.4253ms
Step: 1338.2402ms
====================================
Loop: 216
  Solve: 184.4551ms
Step: 1350.7085ms
====================================
Loop: 217
  Solve: 188.5453ms
Step: 1347.4849ms
====================================
Loop: 218
  Solve: 181.7063ms
Step: 1352.9646ms
====================================
Loop: 219
  Solve: 187.3509ms
Step: 1364.7117ms
====================================
Loop: 220
  Solve: 192.6213ms
Step: 1359.2794ms
====================================
Loop: 221
  Solve: 188.7731ms
Step: 1414.9630ms
====================================
Loop: 222
  Solve: 186.9319ms
Step: 1361.6805ms
====================================
Loop: 223
  Solve: 184.3359ms
Step: 1359.2467ms
====================================
Loop: 224
  Solve: 194.3619ms
Step: 1366.4313ms
====================================
Loop: 225
  Solve: 196.1782ms
Step: 1357.5447ms
====================================
Loop: 226
  Solve: 194.1685ms
Step: 1375.1385ms
====================================
Loop: 227
  Solve: 194.0737ms
Step: 1377.1511ms
====================================
Loop: 228
  Solve: 204.5959ms
Step: 1365.4038ms
====================================
Loop: 229
  Solve: 190.3944ms
Step: 1355.6108ms
====================================
Loop: 230
  Solve: 193.1254ms
Step: 1376.8091ms
====================================
Loop: 231
  Solve: 195.0885ms
Step: 1366.0460ms
====================================
Loop: 232
  Solve: 199.9777ms
Step: 1374.5925ms
====================================
Loop: 233
  Solve: 201.0623ms
Step: 1367.4127ms
====================================
Loop: 234
  Solve: 194.0879ms
Step: 1374.3438ms
====================================
Loop: 235
  Solve: 197.7053ms
Step: 1392.4436ms
====================================
Loop: 236
  Solve: 215.0656ms
Step: 1379.3862ms
====================================
Loop: 237
  Solve: 193.9284ms
Step: 1372.6669ms
====================================
Loop: 238
  Solve: 194.4229ms
Step: 1383.5885ms
====================================
Loop: 239
  Solve: 199.4144ms
Step: 1359.4293ms
====================================
Loop: 240
  Solve: 195.5335ms
Step: 1367.7261ms
====================================
Loop: 241
  Solve: 199.9551ms
Step: 1362.3733ms
====================================
Loop: 242
  Solve: 193.0843ms
Step: 1364.6268ms
====================================
Loop: 243
  Solve: 202.8659ms
Step: 1364.0941ms
====================================
Loop: 244
  Solve: 203.9761ms
Step: 1376.0046ms
====================================
Loop: 245
  Solve: 193.1804ms
Step: 1358.5800ms
====================================
Loop: 246
  Solve: 195.7560ms
Step: 1376.4396ms
====================================
Loop: 247
  Solve: 205.7515ms
Step: 1364.4529ms
====================================
Loop: 248
  Solve: 197.3527ms
Step: 1372.7816ms
====================================
Loop: 249
  Solve: 200.4586ms
Step: 1374.6946ms
====================================
Loop: 250
  Solve: 196.1317ms
Step: 1358.1942ms
====================================
Loop: 251
  Solve: 213.6488ms
Step: 1397.5753ms
====================================
Loop: 252
  Solve: 195.0965ms
Step: 1370.3567ms
====================================
Loop: 253
  Solve: 193.4698ms
Step: 1372.0856ms
====================================
Loop: 254
  Solve: 199.7499ms
Step: 1371.4847ms
====================================
Loop: 255
  Solve: 206.7364ms
Step: 1375.9935ms
====================================
Loop: 256
  Solve: 194.1065ms
Step: 1371.0001ms
====================================
Loop: 257
  Solve: 203.6394ms
Step: 1375.5873ms
====================================
Loop: 258
  Solve: 197.0874ms
Step: 1359.3511ms
====================================
Loop: 259
  Solve: 197.5404ms
Step: 1370.4695ms
====================================
Loop: 260
  Solve: 199.4195ms
Step: 1372.0602ms
====================================
Loop: 261
  Solve: 196.0758ms
Step: 1374.7485ms
====================================
Loop: 262
  Solve: 203.4000ms
Step: 1385.1051ms
====================================
Loop: 263
  Solve: 202.7185ms
Step: 1376.0786ms
====================================
Loop: 264
  Solve: 198.7312ms
Step: 1373.7883ms
====================================
Loop: 265
  Solve: 203.4888ms
Step: 1452.6543ms
====================================
Loop: 266
  Solve: 201.9205ms
Step: 1381.8623ms
====================================
Loop: 267
  Solve: 210.7468ms
Step: 1384.4473ms
====================================
Loop: 268
  Solve: 206.1219ms
Step: 1388.8097ms
====================================
Loop: 269
  Solve: 200.3176ms
Step: 1375.6714ms
====================================
Loop: 270
  Solve: 214.8970ms
Step: 1411.9463ms
====================================
Loop: 271
  Solve: 206.1534ms
Step: 1382.4756ms
====================================
Loop: 272
  Solve: 209.9724ms
Step: 1385.7526ms
====================================
Loop: 273
  Solve: 202.1740ms
Step: 1385.4348ms
====================================
Loop: 274
  Solve: 200.7697ms
Step: 1390.9255ms
====================================
Loop: 275
  Solve: 204.9602ms
Step: 1378.4275ms
====================================
Loop: 276
  Solve: 210.6722ms
Step: 1388.2064ms
====================================
Loop: 277
  Solve: 200.6768ms
Step: 1410.4316ms
====================================
Loop: 278
  Solve: 204.5297ms
Step: 1389.7462ms
====================================
Loop: 279
  Solve: 201.3115ms
Step: 1388.6526ms
====================================
Loop: 280
  Solve: 207.3310ms
Step: 1386.4337ms
====================================
Loop: 281
  Solve: 204.9735ms
Step: 1410.5001ms
====================================
Loop: 282
  Solve: 203.2078ms
Step: 1411.0481ms
====================================
Loop: 283
  Solve: 210.8446ms
Step: 1405.1233ms
====================================
Loop: 284
  Solve: 203.4048ms
Step: 1395.0706ms
====================================
Loop: 285
  Solve: 206.4655ms
Step: 1403.0535ms
====================================
Loop: 286
  Solve: 205.1085ms
Step: 1403.5355ms
====================================
Loop: 287
  Solve: 199.9855ms
Step: 1406.7400ms
====================================
Loop: 288
  Solve: 201.5774ms
Step: 1395.0984ms
====================================
Loop: 289
  Solve: 200.9340ms
Step: 1387.7849ms
====================================
Loop: 290
  Solve: 211.9480ms
Step: 1398.5593ms
====================================
Loop: 291
  Solve: 201.0784ms
Step: 1406.6567ms
====================================
Loop: 292
  Solve: 198.8478ms
Step: 1401.7462ms
====================================
Loop: 293
  Solve: 207.7860ms
Step: 1399.4659ms
====================================
Loop: 294
  Solve: 206.2254ms
Step: 1465.0098ms
====================================
Loop: 295
  Solve: 210.1287ms
Step: 1389.6566ms
====================================
Loop: 296
  Solve: 215.3512ms
Step: 1413.9636ms
====================================
Loop: 297
  Solve: 205.5804ms
Step: 1388.1398ms
====================================
Loop: 298
  Solve: 202.2393ms
Step: 1378.4912ms
====================================
Loop: 299
  Solve: 200.0895ms
Step: 1382.5028ms
====================================
Loop: 300
  Solve: 209.1882ms
Step: 1381.7858ms
====================================
Loop: 301
  Solve: 203.3551ms
Step: 1382.1456ms
====================================
Loop: 302
  Solve: 197.0601ms
Step: 1375.0078ms
====================================
Loop: 303
  Solve: 216.5273ms
Step: 1379.2172ms
====================================
Loop: 304
  Solve: 206.6698ms
Step: 1364.6652ms
====================================
Loop: 305
  Solve: 204.1954ms
Step: 1373.5940ms
====================================
Loop: 306
  Solve: 198.8495ms
Step: 1371.6244ms
====================================
Loop: 307
  Solve: 196.2407ms
Step: 1362.8735ms
====================================
Loop: 308
  Solve: 207.5492ms
Step: 1376.0148ms
====================================
Loop: 309
  Solve: 191.8281ms
Step: 1367.6718ms
====================================
Loop: 310
  Solve: 187.5342ms
Step: 1355.1091ms
====================================
Loop: 311
  Solve: 206.8707ms
Step: 1353.4401ms
====================================
Loop: 312
  Solve: 193.8299ms
Step: 1337.4700ms
====================================
Loop: 313
  Solve: 189.7150ms
Step: 1358.0271ms
====================================
Loop: 314
  Solve: 196.1416ms
Step: 1333.7766ms
====================================
Loop: 315
  Solve: 191.6483ms
Step: 1331.8572ms
====================================
Loop: 316
  Solve: 185.7707ms
Step: 1348.3706ms
====================================
Loop: 317
  Solve: 196.3539ms
Step: 1327.2074ms
====================================
Loop: 318
  Solve: 189.5987ms
Step: 1317.4410ms
====================================
Loop: 319
  Solve: 186.2011ms
Step: 1349.5325ms
====================================
Loop: 320
  Solve: 193.5415ms
Step: 1312.2781ms
====================================
Loop: 321
  Solve: 181.4465ms
Step: 1306.0173ms
====================================
Loop: 322
  Solve: 184.5157ms
Step: 1314.9851ms
====================================
Loop: 323
  Solve: 194.1167ms
Step: 1314.7711ms
====================================
Loop: 324
  Solve: 179.4698ms
Step: 1305.1666ms
====================================
Loop: 325
  Solve: 184.1302ms
Step: 1293.3380ms
====================================
Loop: 326
  Solve: 183.6381ms
Step: 1300.8235ms
====================================
Loop: 327
  Solve: 178.5589ms
Step: 1289.3486ms
====================================
Loop: 328
  Solve: 174.7437ms
Step: 1278.5819ms
====================================
Loop: 329
  Solve: 172.7071ms
Step: 1313.4098ms
====================================
Loop: 330
  Solve: 190.0060ms
Step: 1311.7700ms
====================================
Loop: 331
  Solve: 187.2757ms
Step: 1318.3083ms
====================================
Loop: 332
  Solve: 177.8873ms
Step: 1316.1654ms
====================================
Loop: 333
  Solve: 185.6637ms
Step: 1272.7776ms
====================================
Loop: 334
  Solve: 169.1338ms
Step: 1283.7379ms
====================================
Loop: 335
  Solve: 180.1262ms
Step: 1262.1537ms
====================================
Loop: 336
  Solve: 168.6644ms
Step: 1275.9933ms
====================================
Loop: 337
  Solve: 185.3586ms
Step: 1292.2739ms
====================================
Loop: 338
  Solve: 218.5541ms
Step: 1336.4341ms
====================================
Loop: 339
  Solve: 168.5923ms
Step: 1252.2229ms
====================================
Loop: 340
  Solve: 174.8571ms
Step: 1241.9364ms
====================================
Loop: 341
  Solve: 165.9514ms
Step: 1243.4661ms
====================================
Loop: 342
  Solve: 168.2223ms
Step: 1235.9552ms
====================================
Loop: 343
  Solve: 171.5055ms
Step: 1242.6243ms
====================================
Loop: 344
  Solve: 161.4693ms
Step: 1226.3224ms
====================================
Loop: 345
  Solve: 168.0739ms
Step: 1207.4082ms
====================================
Loop: 346
  Solve: 161.7330ms
Step: 1222.0143ms
====================================
Loop: 347
  Solve: 167.5933ms
Step: 1207.8182ms
====================================
Loop: 348
  Solve: 158.0608ms
Step: 1219.6311ms
====================================
Loop: 349
  Solve: 164.4362ms
Step: 1193.0291ms
====================================
Loop: 350
  Solve: 159.2605ms
Step: 1186.8406ms
====================================
Loop: 351
  Solve: 153.2239ms
Step: 1187.9382ms
====================================
Loop: 352
  Solve: 156.0890ms
Step: 1175.2433ms
====================================
Loop: 353
  Solve: 155.4990ms
Step: 1184.8792ms
====================================
Loop: 354
  Solve: 152.2518ms
Step: 1169.0344ms
====================================
Loop: 355
  Solve: 164.8832ms
Step: 1164.3718ms
====================================
Loop: 356
  Solve: 151.8334ms
Step: 1172.2675ms
====================================
Loop: 357
  Solve: 148.1766ms
Step: 1152.4089ms
====================================
Loop: 358
  Solve: 150.4839ms
Step: 1150.9117ms
====================================
Loop: 359
  Solve: 150.7049ms
Step: 1142.6274ms
====================================
Loop: 360
  Solve: 148.6656ms
Step: 1163.0929ms
====================================
Loop: 361
  Solve: 157.3017ms
Step: 1147.0417ms
====================================
Loop: 362
  Solve: 156.4976ms
Step: 1139.4738ms
====================================
Loop: 363
  Solve: 155.2657ms
Step: 1150.9080ms
====================================
Loop: 364
  Solve: 145.9627ms
Step: 1132.2850ms
====================================
Loop: 365
  Solve: 146.5318ms
Step: 1122.3302ms
====================================
Loop: 366
  Solve: 148.9057ms
Step: 1118.0367ms
====================================
Loop: 367
  Solve: 147.0194ms
Step: 1124.7489ms
====================================
Loop: 368
  Solve: 144.9781ms
Step: 1127.6503ms
====================================
Loop: 369
  Solve: 167.2072ms
Step: 1116.6455ms
====================================
Loop: 370
  Solve: 154.9372ms
Step: 1105.1486ms
====================================
Loop: 371
  Solve: 143.5337ms
Step: 1102.3169ms
====================================
Loop: 372
  Solve: 140.7591ms
Step: 1103.8679ms
====================================
Loop: 373
  Solve: 140.2254ms
Step: 1092.1609ms
====================================
Loop: 374
  Solve: 146.0159ms
Step: 1085.6301ms
====================================
Loop: 375
  Solve: 149.4202ms
Step: 1083.9438ms
====================================
Loop: 376
  Solve: 142.8018ms
Step: 1080.4274ms
====================================
Loop: 377
  Solve: 139.8104ms
Step: 1077.8870ms
====================================
Loop: 378
  Solve: 138.5061ms
Step: 1076.8007ms
====================================
Loop: 379
  Solve: 137.1087ms
Step: 1064.7948ms
====================================
Loop: 380
  Solve: 140.6540ms
Step: 1057.3336ms
====================================
Loop: 381
  Solve: 150.9055ms
Step: 1062.5165ms
====================================
Loop: 382
  Solve: 140.3082ms
Step: 1040.8492ms
====================================
Loop: 383
  Solve: 147.9873ms
Step: 1059.5587ms
====================================
Loop: 384
  Solve: 137.8293ms
Step: 1047.9127ms
====================================
Loop: 385
  Solve: 136.7124ms
Step: 1039.9658ms
====================================
Loop: 386
  Solve: 134.1001ms
Step: 1039.5149ms
====================================
Loop: 387
  Solve: 159.6532ms
Step: 1080.0532ms
====================================
Loop: 388
  Solve: 141.4854ms
Step: 1045.6429ms
====================================
Loop: 389
  Solve: 136.5335ms
Step: 1039.6276ms
====================================
Loop: 390
  Solve: 130.0947ms
Step: 1024.0175ms
====================================
Loop: 391
  Solve: 131.1055ms
Step: 1018.5306ms
====================================
Loop: 392
  Solve: 129.5277ms
Step: 1013.8469ms
====================================
Loop: 393
  Solve: 129.6320ms
Step: 1003.4946ms
====================================
Loop: 394
  Solve: 128.4332ms
Step: 1007.1594ms
====================================
Loop: 395
  Solve: 127.9747ms
Step: 1002.9379ms
====================================
Loop: 396
  Solve: 129.6043ms
Step: 1002.5016ms
====================================
Loop: 397
  Solve: 127.8188ms
Step: 996.0887ms
====================================
Loop: 398
  Solve: 128.6193ms
Step: 997.6840ms
====================================
Loop: 399
  Solve: 127.4859ms
Step: 987.9026ms
====================================
Loop: 400
  Solve: 126.3022ms
Step: 992.4634ms
====================================
Loop: 401
  Solve: 129.1959ms
Step: 989.5777ms
====================================
Loop: 402
  Solve: 125.3032ms
Step: 980.2234ms
====================================
Loop: 403
  Solve: 125.1740ms
Step: 970.0645ms
====================================
Loop: 404
  Solve: 129.1738ms
Step: 977.2616ms
====================================
Loop: 405
  Solve: 127.5615ms
Step: 970.3863ms
====================================
Loop: 406
  Solve: 127.9788ms
Step: 972.2471ms
====================================
Loop: 407
  Solve: 127.0116ms
Step: 959.8541ms
====================================
Loop: 408
  Solve: 124.9957ms
Step: 971.5431ms
====================================
Loop: 409
  Solve: 127.0688ms
Step: 966.7667ms
====================================
Loop: 410
  Solve: 129.9074ms
Step: 959.8078ms
====================================
Loop: 411
  Solve: 129.2681ms
Step: 959.8694ms
====================================
Loop: 412
  Solve: 127.9145ms
Step: 951.8279ms
====================================
Loop: 413
  Solve: 126.6896ms
Step: 943.7882ms
====================================
Loop: 414
  Solve: 137.5883ms
Step: 952.2044ms
====================================
Loop: 415
  Solve: 126.8769ms
Step: 936.7949ms
====================================
Loop: 416
  Solve: 125.2501ms
Step: 945.8504ms
====================================
Loop: 417
  Solve: 121.8509ms
Step: 931.4322ms
====================================
Loop: 418
  Solve: 124.1993ms
Step: 925.8839ms
====================================
Loop: 419
  Solve: 129.3444ms
Step: 934.2126ms
====================================
Loop: 420
  Solve: 122.6092ms
Step: 931.3879ms
====================================
Loop: 421
  Solve: 120.7146ms
Step: 920.7968ms
====================================
Loop: 422
  Solve: 120.4700ms
Step: 920.0801ms
====================================
Loop: 423
  Solve: 122.0003ms
Step: 929.3218ms
====================================
Loop: 424
  Solve: 123.0538ms
Step: 919.7219ms
====================================
Loop: 425
  Solve: 126.3935ms
Step: 917.1359ms
====================================
Loop: 426
  Solve: 120.5053ms
Step: 913.6232ms
====================================
Loop: 427
  Solve: 125.2675ms
Step: 915.8040ms
====================================
Loop: 428
  Solve: 131.7435ms
Step: 913.4294ms
====================================
Loop: 429
  Solve: 119.8233ms
Step: 903.6064ms
====================================
Loop: 430
  Solve: 134.0678ms
Step: 987.1609ms
====================================
Loop: 431
  Solve: 165.4862ms
Step: 1028.2081ms
====================================
Loop: 432
  Solve: 147.7052ms
Step: 1123.0061ms
====================================
Loop: 433
  Solve: 120.3463ms
Step: 899.8364ms
====================================
Loop: 434
  Solve: 122.0782ms
Step: 893.9016ms
====================================
Loop: 435
  Solve: 137.6529ms
Step: 905.6245ms
====================================
Loop: 436
  Solve: 124.7947ms
Step: 894.9884ms
====================================
Loop: 437
  Solve: 123.9671ms
Step: 895.5998ms
====================================
Loop: 438
  Solve: 117.7062ms
Step: 892.2041ms
====================================
Loop: 439
  Solve: 120.9843ms
Step: 880.1304ms
====================================
Loop: 440
  Solve: 124.7830ms
Step: 935.2794ms
====================================
Loop: 441
  Solve: 143.2671ms
Step: 899.7820ms
====================================
Loop: 442
  Solve: 128.7051ms
Step: 883.2438ms
====================================
Loop: 443
  Solve: 115.6581ms
Step: 874.4932ms
====================================
Loop: 444
  Solve: 126.4630ms
Step: 947.3535ms
====================================
Loop: 445
  Solve: 117.0488ms
Step: 865.5124ms
====================================
Loop: 446
  Solve: 115.0593ms
Step: 878.0535ms
====================================
Loop: 447
  Solve: 115.5948ms
Step: 873.2480ms
====================================
Loop: 448
  Solve: 118.0176ms
Step: 871.2526ms
====================================
Loop: 449
  Solve: 117.3048ms
Step: 879.0676ms
====================================
Loop: 450
  Solve: 121.1346ms
Step: 873.2034ms
====================================
Loop: 451
  Solve: 115.8460ms
Step: 861.4092ms
====================================
Loop: 452
  Solve: 119.9273ms
Step: 866.1780ms
====================================
Loop: 453
  Solve: 129.2169ms
Step: 879.8137ms
====================================
Loop: 454
  Solve: 117.9901ms
Step: 866.8657ms
====================================
Loop: 455
  Solve: 114.1383ms
Step: 869.5802ms
====================================
Loop: 456
  Solve: 127.8189ms
Step: 872.6268ms
====================================
Loop: 457
  Solve: 118.5058ms
Step: 870.9352ms
====================================
Loop: 458
  Solve: 128.1075ms
Step: 857.4695ms
====================================
Loop: 459
  Solve: 116.8164ms
Step: 853.5248ms
====================================
Loop: 460
  Solve: 116.4334ms
Step: 843.3472ms
====================================
Loop: 461
  Solve: 117.6101ms
Step: 839.3422ms
====================================
Loop: 462
  Solve: 115.5435ms
Step: 843.4746ms
====================================
Loop: 463
  Solve: 115.4920ms
Step: 838.3883ms
====================================
Loop: 464
  Solve: 120.7972ms
Step: 840.5995ms
====================================
Loop: 465
  Solve: 124.4151ms
Step: 906.0582ms
====================================
Loop: 466
  Solve: 123.8814ms
Step: 838.9363ms
====================================
Loop: 467
  Solve: 114.0718ms
Step: 835.9514ms
====================================
Loop: 468
  Solve: 115.3620ms
Step: 829.5206ms
====================================
Loop: 469
  Solve: 145.2631ms
Step: 883.3241ms
====================================
Loop: 470
  Solve: 121.8757ms
Step: 838.0790ms
====================================
Loop: 471
  Solve: 121.3552ms
Step: 824.9427ms
====================================
Loop: 472
  Solve: 120.0084ms
Step: 830.7798ms
====================================
Loop: 473
  Solve: 118.8502ms
Step: 828.3030ms
====================================
Loop: 474
  Solve: 115.0598ms
Step: 819.3553ms
====================================
Loop: 475
  Solve: 120.0533ms
Step: 823.5361ms
====================================
Loop: 476
  Solve: 115.7722ms
Step: 835.2532ms
====================================
Loop: 477
  Solve: 126.1553ms
Step: 824.0612ms
====================================
Loop: 478
  Solve: 127.1515ms
Step: 824.5503ms
====================================
Loop: 479
  Solve: 114.6574ms
Step: 815.7844ms
====================================
Loop: 480
  Solve: 114.5637ms
Step: 816.3210ms
====================================
Loop: 481
  Solve: 116.3073ms
Step: 808.6784ms
====================================
Loop: 482
  Solve: 119.3058ms
Step: 808.1678ms
====================================
Loop: 483
  Solve: 117.8718ms
Step: 806.4248ms
====================================
Loop: 484
  Solve: 114.7967ms
Step: 806.5225ms
====================================
Loop: 485
  Solve: 114.0882ms
Step: 808.3339ms
====================================
Loop: 486
  Solve: 121.8021ms
Step: 812.6407ms
====================================
Loop: 487
  Solve: 118.9453ms
Step: 814.8197ms
====================================
Loop: 488
  Solve: 120.7648ms
Step: 848.7145ms
====================================
Loop: 489
  Solve: 115.3148ms
Step: 804.1750ms
====================================
Loop: 490
  Solve: 115.4441ms
Step: 813.4277ms
====================================
Loop: 491
  Solve: 116.9587ms
Step: 807.4109ms
====================================
Loop: 492
  Solve: 114.8744ms
Step: 804.5886ms
====================================
Loop: 493
  Solve: 125.5656ms
Step: 806.2334ms
====================================
Loop: 494
  Solve: 120.2245ms
Step: 802.2662ms
====================================
Loop: 495
  Solve: 115.4758ms
Step: 802.5805ms
====================================
Loop: 496
  Solve: 116.7901ms
Step: 803.9193ms
====================================
Loop: 497
  Solve: 114.5275ms
Step: 797.9528ms
====================================
Loop: 498
  Solve: 120.7871ms
Step: 800.8695ms
====================================
Loop: 499
  Solve: 117.2413ms
Step: 795.5921ms
====================================
Loop: 500
  Solve: 118.1080ms
Step: 793.6053ms
====================================
