Using platform vendor: NVIDIA Corporation
Loop: 0
  Solve: 0.0007ms
Step: 608.3017ms
====================================
Loop: 1
  Solve: 0.0011ms
Step: 294.1178ms
====================================
Loop: 2
  Solve: 0.0012ms
Step: 303.3842ms
====================================
Loop: 3
  Solve: 0.0012ms
Step: 328.1241ms
====================================
Loop: 4
  Solve: 0.0016ms
Step: 298.8799ms
====================================
Loop: 5
  Solve: 0.0013ms
Step: 298.8697ms
====================================
Loop: 6
  Solve: 0.0010ms
Step: 307.4126ms
====================================
Loop: 7
  Solve: 0.0012ms
Step: 297.7321ms
====================================
Loop: 8
  Solve: 0.0012ms
Step: 300.3918ms
====================================
Loop: 9
  Solve: 0.0019ms
Step: 300.0056ms
====================================
Loop: 10
  Solve: 0.0017ms
Step: 299.7224ms
====================================
Loop: 11
  Solve: 0.0012ms
Step: 292.3201ms
====================================
Loop: 12
  Solve: 0.0013ms
Step: 296.9095ms
====================================
Loop: 13
  Solve: 0.0015ms
Step: 300.7851ms
====================================
Loop: 14
  Solve: 0.0011ms
Step: 304.7068ms
====================================
Loop: 15
  Solve: 0.0012ms
Step: 298.0758ms
====================================
Loop: 16
  Solve: 0.0011ms
Step: 297.7583ms
====================================
Loop: 17
  Solve: 0.0011ms
Step: 296.2913ms
====================================
Loop: 18
  Solve: 0.0011ms
Step: 698.1716ms
====================================
Loop: 19
  Solve: 0.0011ms
Step: 297.9682ms
====================================
Loop: 20
  Solve: 0.0012ms
Step: 296.5342ms
====================================
Loop: 21
  Solve: 0.0016ms
Step: 303.9753ms
====================================
Loop: 22
  Solve: 0.0011ms
Step: 297.5766ms
====================================
Loop: 23
  Solve: 0.0012ms
Step: 296.8135ms
====================================
Loop: 24
  Solve: 0.0013ms
Step: 297.5943ms
====================================
Loop: 25
  Solve: 0.0012ms
Step: 300.1425ms
====================================
Loop: 26
  Solve: 0.0013ms
Step: 707.4119ms
====================================
Loop: 27
  Solve: 0.0014ms
Step: 300.4345ms
====================================
Loop: 28
  Solve: 0.0013ms
Step: 298.7629ms
====================================
Loop: 29
  Solve: 0.0012ms
Step: 294.1788ms
====================================
Loop: 30
  Solve: 0.0012ms
Step: 296.6743ms
====================================
Loop: 31
  Solve: 0.0008ms
Step: 294.7024ms
====================================
Loop: 32
  Solve: 0.0015ms
Step: 290.3343ms
====================================
Loop: 33
  Solve: 0.0012ms
Step: 709.8782ms
====================================
Loop: 34
  Solve: 0.0011ms
Step: 296.7212ms
====================================
Loop: 35
  Solve: 0.0012ms
Step: 301.2189ms
====================================
Loop: 36
  Solve: 0.0009ms
Step: 299.7666ms
====================================
Loop: 37
  Solve: 0.0012ms
Step: 299.4948ms
====================================
Loop: 38
  Solve: 0.0015ms
Step: 696.5754ms
====================================
Loop: 39
  Solve: 0.0013ms
Step: 297.7118ms
====================================
Loop: 40
  Solve: 0.0007ms
Step: 297.3104ms
====================================
Loop: 41
  Solve: 0.0011ms
Step: 299.6107ms
====================================
Loop: 42
  Solve: 0.0013ms
Step: 298.1465ms
====================================
Loop: 43
  Solve: 0.0011ms
Step: 705.5710ms
====================================
Loop: 44
  Solve: 0.0012ms
Step: 298.3161ms
====================================
Loop: 45
  Solve: 0.0014ms
Step: 299.1151ms
====================================
Loop: 46
  Solve: 0.0022ms
Step: 304.1729ms
====================================
Loop: 47
  Solve: 0.0008ms
Step: 694.0848ms
====================================
Loop: 48
  Solve: 0.0012ms
Step: 298.9525ms
====================================
Loop: 49
  Solve: 0.0013ms
Step: 300.2858ms
====================================
Loop: 50
  Solve: 0.0011ms
Step: 291.1544ms
====================================
Loop: 51
  Solve: 0.0011ms
Step: 698.1072ms
====================================
Loop: 52
  Solve: 0.0011ms
Step: 292.2763ms
====================================
Loop: 53
  Solve: 0.0013ms
Step: 299.4876ms
====================================
Loop: 54
  Solve: 6.0115ms
Step: 309.7213ms
====================================
Loop: 55
  Solve: 10.3573ms
Step: 713.2938ms
====================================
Loop: 56
  Solve: 13.1807ms
Step: 316.2051ms
====================================
Loop: 57
  Solve: 15.3350ms
Step: 319.3406ms
====================================
Loop: 58
  Solve: 17.8196ms
Step: 321.8398ms
====================================
Loop: 59
  Solve: 20.8841ms
Step: 705.0172ms
====================================
Loop: 60
  Solve: 23.8586ms
Step: 335.6060ms
====================================
Loop: 61
  Solve: 27.7042ms
Step: 339.7100ms
====================================
Loop: 62
  Solve: 31.8297ms
Step: 702.7098ms
====================================
Loop: 63
  Solve: 36.6687ms
Step: 353.0831ms
====================================
Loop: 64
  Solve: 37.9238ms
Step: 349.6563ms
====================================
Loop: 65
  Solve: 42.4587ms
Step: 708.7615ms
====================================
Loop: 66
  Solve: 46.9230ms
Step: 369.9921ms
====================================
Loop: 67
  Solve: 49.8490ms
Step: 373.8447ms
====================================
Loop: 68
  Solve: 54.0355ms
Step: 711.4404ms
====================================
Loop: 69
  Solve: 58.0382ms
Step: 390.0072ms
====================================
Loop: 70
  Solve: 63.4755ms
Step: 397.3479ms
====================================
Loop: 71
  Solve: 68.7664ms
Step: 717.2134ms
====================================
Loop: 72
  Solve: 71.5007ms
Step: 407.3637ms
====================================
Loop: 73
  Solve: 75.0095ms
Step: 415.8204ms
====================================
Loop: 74
  Solve: 78.4277ms
Step: 719.8819ms
====================================
Loop: 75
  Solve: 82.9688ms
Step: 436.9743ms
====================================
Loop: 76
  Solve: 85.9525ms
Step: 437.6606ms
====================================
Loop: 77
  Solve: 100.9523ms
Step: 800.8789ms
====================================
Loop: 78
  Solve: 110.5991ms
Step: 478.4023ms
====================================
Loop: 79
  Solve: 111.7945ms
Step: 480.0735ms
====================================
Loop: 80
  Solve: 127.3208ms
Step: 768.2781ms
====================================
Loop: 81
  Solve: 129.5937ms
Step: 503.7556ms
====================================
Loop: 82
  Solve: 137.2458ms
Step: 516.4588ms
====================================
Loop: 83
  Solve: 140.4937ms
Step: 777.0392ms
====================================
Loop: 84
  Solve: 146.1051ms
Step: 535.2388ms
====================================
Loop: 85
  Solve: 150.2364ms
Step: 544.9614ms
====================================
Loop: 86
  Solve: 154.4976ms
Step: 793.3804ms
====================================
Loop: 87
  Solve: 164.1635ms
Step: 566.7393ms
====================================
Loop: 88
  Solve: 172.1725ms
Step: 579.3262ms
====================================
Loop: 89
  Solve: 177.9650ms
Step: 821.2169ms
====================================
Loop: 90
  Solve: 189.6430ms
Step: 610.9600ms
====================================
Loop: 91
  Solve: 198.1568ms
Step: 634.0306ms
====================================
Loop: 92
  Solve: 206.7166ms
Step: 863.7505ms
====================================
Loop: 93
  Solve: 211.0500ms
Step: 656.2866ms
====================================
Loop: 94
  Solve: 218.6506ms
Step: 873.8395ms
====================================
Loop: 95
  Solve: 216.3912ms
Step: 683.6982ms
====================================
Loop: 96
  Solve: 223.9734ms
Step: 886.8348ms
====================================
Loop: 97
  Solve: 234.5557ms
Step: 721.1121ms
====================================
Loop: 98
  Solve: 266.8656ms
Step: 956.9778ms
====================================
Loop: 99
  Solve: 245.1685ms
Step: 761.1088ms
====================================
Loop: 100
  Solve: 248.6010ms
Step: 944.3791ms
====================================
Loop: 101
  Solve: 252.9951ms
Step: 793.1428ms
====================================
Loop: 102
  Solve: 262.4920ms
Step: 974.9975ms
====================================
Loop: 103
  Solve: 269.3347ms
Step: 830.6030ms
====================================
Loop: 104
  Solve: 272.9177ms
Step: 1005.4634ms
====================================
Loop: 105
  Solve: 276.4671ms
Step: 864.8657ms
====================================
Loop: 106
  Solve: 283.4390ms
Step: 1036.7856ms
====================================
Loop: 107
  Solve: 290.7457ms
Step: 908.8599ms
====================================
Loop: 108
  Solve: 294.8275ms
Step: 1060.6957ms
====================================
Loop: 109
  Solve: 296.2465ms
Step: 947.5780ms
====================================
Loop: 110
  Solve: 301.9489ms
Step: 1098.6653ms
====================================
Loop: 111
  Solve: 310.7325ms
Step: 999.4994ms
====================================
Loop: 112
  Solve: 313.1797ms
Step: 1123.6675ms
====================================
Loop: 113
  Solve: 318.9273ms
Step: 1031.6896ms
====================================
Loop: 114
  Solve: 320.0771ms
Step: 1159.2520ms
====================================
Loop: 115
  Solve: 318.5013ms
Step: 1089.6471ms
====================================
Loop: 116
  Solve: 323.1188ms
Step: 1191.2042ms
====================================
Loop: 117
  Solve: 326.3749ms
Step: 1134.5253ms
====================================
Loop: 118
  Solve: 322.0548ms
Step: 1234.3436ms
====================================
Loop: 119
  Solve: 336.1746ms
Step: 1180.2993ms
====================================
Loop: 120
  Solve: 338.2486ms
Step: 1289.3257ms
====================================
Loop: 121
  Solve: 354.8754ms
Step: 1260.5094ms
====================================
Loop: 122
  Solve: 349.4773ms
Step: 1357.7554ms
====================================
Loop: 123
  Solve: 364.5427ms
Step: 1317.2966ms
====================================
Loop: 124
  Solve: 361.6371ms
Step: 1398.1418ms
====================================
Loop: 125
  Solve: 366.7070ms
Step: 1380.1840ms
====================================
Loop: 126
  Solve: 370.2544ms
Step: 1439.7107ms
====================================
Loop: 127
  Solve: 362.8964ms
Step: 1438.3121ms
====================================
Loop: 128
  Solve: 367.9539ms
Step: 1479.5322ms
====================================
Loop: 129
  Solve: 369.6510ms
Step: 1532.6365ms
====================================
Loop: 130
  Solve: 373.1693ms
Step: 1517.3583ms
====================================
Loop: 131
  Solve: 370.0721ms
Step: 1524.8225ms
====================================
Loop: 132
  Solve: 388.3647ms
Step: 1642.1788ms
====================================
Loop: 133
  Solve: 421.3568ms
Step: 1861.4756ms
====================================
Loop: 134
  Solve: 365.4013ms
Step: 1578.3809ms
====================================
Loop: 135
  Solve: 366.2057ms
Step: 1575.4014ms
====================================
Loop: 136
  Solve: 362.9253ms
Step: 1581.9023ms
====================================
Loop: 137
  Solve: 371.1144ms
Step: 1587.3945ms
====================================
Loop: 138
  Solve: 352.3244ms
Step: 1564.0315ms
====================================
Loop: 139
  Solve: 345.3437ms
Step: 1565.9032ms
====================================
Loop: 140
  Solve: 339.2997ms
Step: 1548.0908ms
====================================
Loop: 141
  Solve: 329.7479ms
Step: 1555.8447ms
====================================
Loop: 142
  Solve: 321.5387ms
Step: 1550.4900ms
====================================
Loop: 143
  Solve: 315.9980ms
Step: 1538.1064ms
====================================
Loop: 144
  Solve: 312.1652ms
Step: 1532.9199ms
====================================
Loop: 145
  Solve: 307.1842ms
Step: 1535.6479ms
====================================
Loop: 146
  Solve: 305.2307ms
Step: 1522.3973ms
====================================
Loop: 147
  Solve: 305.4011ms
Step: 1533.1760ms
====================================
Loop: 148
  Solve: 297.2822ms
Step: 1525.7556ms
====================================
Loop: 149
  Solve: 295.8040ms
Step: 1520.5537ms
====================================
Loop: 150
  Solve: 293.3759ms
Step: 1522.4060ms
====================================
Loop: 151
  Solve: 297.5128ms
Step: 1564.9080ms
====================================
Loop: 152
  Solve: 290.5710ms
Step: 1521.7124ms
====================================
Loop: 153
  Solve: 293.2667ms
Step: 1521.9070ms
====================================
Loop: 154
  Solve: 282.8406ms
Step: 1520.6938ms
====================================
Loop: 155
  Solve: 282.8009ms
Step: 1514.3218ms
====================================
Loop: 156
  Solve: 274.7852ms
Step: 1510.3652ms
====================================
Loop: 157
  Solve: 273.3348ms
Step: 1508.8956ms
====================================
Loop: 158
  Solve: 266.3250ms
Step: 1500.6188ms
====================================
Loop: 159
  Solve: 267.1115ms
Step: 1509.2986ms
====================================
Loop: 160
  Solve: 258.9330ms
Step: 1501.0079ms
====================================
Loop: 161
  Solve: 258.4372ms
Step: 1494.9453ms
====================================
Loop: 162
  Solve: 250.4579ms
Step: 1489.0396ms
====================================
Loop: 163
  Solve: 249.1877ms
Step: 1489.7280ms
====================================
Loop: 164
  Solve: 244.6031ms
Step: 1483.2937ms
====================================
Loop: 165
  Solve: 241.9884ms
Step: 1473.6938ms
====================================
Loop: 166
  Solve: 233.3210ms
Step: 1479.7832ms
====================================
Loop: 167
  Solve: 231.5566ms
Step: 1480.5267ms
====================================
Loop: 168
  Solve: 224.6858ms
Step: 1468.5231ms
====================================
Loop: 169
  Solve: 222.2920ms
Step: 1463.1179ms
====================================
Loop: 170
  Solve: 214.3333ms
Step: 1465.1989ms
====================================
Loop: 171
  Solve: 218.5853ms
Step: 1473.7726ms
====================================
Loop: 172
  Solve: 209.2033ms
Step: 1456.9316ms
====================================
Loop: 173
  Solve: 205.8368ms
Step: 1463.6962ms
====================================
Loop: 174
  Solve: 202.6469ms
Step: 1437.4069ms
====================================
Loop: 175
  Solve: 201.8853ms
Step: 1455.1886ms
====================================
Loop: 176
  Solve: 202.2303ms
Step: 1442.0708ms
====================================
Loop: 177
  Solve: 203.3284ms
Step: 1438.1526ms
====================================
Loop: 178
  Solve: 198.9231ms
Step: 1425.1525ms
====================================
Loop: 179
  Solve: 190.2116ms
Step: 1429.4086ms
====================================
Loop: 180
  Solve: 187.6898ms
Step: 1421.3373ms
====================================
Loop: 181
  Solve: 186.9762ms
Step: 1417.4578ms
====================================
Loop: 182
  Solve: 188.2723ms
Step: 1420.7644ms
====================================
Loop: 183
  Solve: 194.1391ms
Step: 1417.4487ms
====================================
Loop: 184
  Solve: 191.4210ms
Step: 1467.7780ms
====================================
Loop: 185
  Solve: 190.7894ms
Step: 1431.5880ms
====================================
Loop: 186
  Solve: 191.3385ms
Step: 1432.2766ms
====================================
Loop: 187
  Solve: 192.6624ms
Step: 1430.5667ms
====================================
Loop: 188
  Solve: 191.1324ms
Step: 1422.9673ms
====================================
Loop: 189
  Solve: 245.3430ms
Step: 1469.9980ms
====================================
Loop: 190
  Solve: 189.9131ms
Step: 1390.6791ms
====================================
Loop: 191
  Solve: 219.3442ms
Step: 1434.3762ms
====================================
Loop: 192
  Solve: 187.8050ms
Step: 1390.0972ms
====================================
Loop: 193
  Solve: 188.4539ms
Step: 1393.8762ms
====================================
Loop: 194
  Solve: 189.5784ms
Step: 1399.7214ms
====================================
Loop: 195
  Solve: 197.5204ms
Step: 1394.9739ms
====================================
Loop: 196
  Solve: 194.8492ms
Step: 1399.0605ms
====================================
Loop: 197
  Solve: 196.5175ms
Step: 1391.6793ms
====================================
Loop: 198
  Solve: 195.0449ms
Step: 1393.4690ms
====================================
Loop: 199
  Solve: 197.2794ms
Step: 1398.8802ms
====================================
Loop: 200
  Solve: 204.8306ms
Step: 1390.0237ms
====================================
Loop: 201
  Solve: 200.1151ms
Step: 1389.4761ms
====================================
Loop: 202
  Solve: 200.7904ms
Step: 1399.4424ms
====================================
Loop: 203
  Solve: 199.6059ms
Step: 1384.0537ms
====================================
Loop: 204
  Solve: 203.1368ms
Step: 1393.1792ms
====================================
Loop: 205
  Solve: 205.8589ms
Step: 1380.0546ms
====================================
Loop: 206
  Solve: 202.6995ms
Step: 1391.9528ms
====================================
Loop: 207
  Solve: 207.8380ms
Step: 1400.9355ms
====================================
Loop: 208
  Solve: 204.8183ms
Step: 1398.9419ms
====================================
Loop: 209
  Solve: 207.4640ms
Step: 1385.7772ms
====================================
Loop: 210
  Solve: 209.0699ms
Step: 1384.0873ms
====================================
Loop: 211
  Solve: 204.5554ms
Step: 1394.6255ms
====================================
Loop: 212
  Solve: 204.3267ms
Step: 1386.4198ms
====================================
Loop: 213
  Solve: 205.0126ms
Step: 1385.0133ms
====================================
Loop: 214
  Solve: 205.7217ms
Step: 1381.8833ms
====================================
Loop: 215
  Solve: 204.8796ms
Step: 1391.6238ms
====================================
Loop: 216
  Solve: 200.4284ms
Step: 1383.4889ms
====================================
Loop: 217
  Solve: 202.1163ms
Step: 1391.2748ms
====================================
Loop: 218
  Solve: 203.7774ms
Step: 1372.9220ms
====================================
Loop: 219
  Solve: 197.7983ms
Step: 1377.0988ms
====================================
Loop: 220
  Solve: 200.5080ms
Step: 1378.6050ms
====================================
Loop: 221
  Solve: 198.8513ms
Step: 1377.4817ms
====================================
Loop: 222
  Solve: 205.7677ms
Step: 1439.1254ms
====================================
Loop: 223
  Solve: 202.4385ms
Step: 1379.0425ms
====================================
Loop: 224
  Solve: 196.3047ms
Step: 1383.0195ms
====================================
Loop: 225
  Solve: 201.0664ms
Step: 1381.1700ms
====================================
Loop: 226
  Solve: 202.0369ms
Step: 1375.0066ms
====================================
Loop: 227
  Solve: 201.9306ms
Step: 1380.2424ms
====================================
Loop: 228
  Solve: 198.8099ms
Step: 1377.1357ms
====================================
Loop: 229
  Solve: 195.9934ms
Step: 1377.1956ms
====================================
Loop: 230
  Solve: 198.0338ms
Step: 1417.9855ms
====================================
Loop: 231
  Solve: 205.3544ms
Step: 1393.4971ms
====================================
Loop: 232
  Solve: 206.5875ms
Step: 1411.5381ms
====================================
Loop: 233
  Solve: 205.0949ms
Step: 1405.2263ms
====================================
Loop: 234
  Solve: 206.8627ms
Step: 1469.2280ms
====================================
Loop: 235
  Solve: 213.1371ms
Step: 1412.2246ms
====================================
Loop: 236
  Solve: 207.3372ms
Step: 1405.4712ms
====================================
Loop: 237
  Solve: 212.8309ms
Step: 1407.4148ms
====================================
Loop: 238
  Solve: 212.2408ms
Step: 1407.4501ms
====================================
Loop: 239
  Solve: 211.6290ms
Step: 1431.5146ms
====================================
Loop: 240
  Solve: 212.9962ms
Step: 1419.1082ms
====================================
Loop: 241
  Solve: 207.6050ms
Step: 1417.3635ms
====================================
Loop: 242
  Solve: 212.3124ms
Step: 1420.0203ms
====================================
Loop: 243
  Solve: 216.9120ms
Step: 1406.0603ms
====================================
Loop: 244
  Solve: 214.3119ms
Step: 1433.2400ms
====================================
Loop: 245
  Solve: 213.8898ms
Step: 1426.3484ms
====================================
Loop: 246
  Solve: 212.9420ms
Step: 1546.1793ms
====================================
Loop: 247
  Solve: 210.1748ms
Step: 1436.0720ms
====================================
Loop: 248
  Solve: 210.0773ms
Step: 1491.6470ms
====================================
Loop: 249
  Solve: 216.8966ms
Step: 1427.7876ms
====================================
Loop: 250
  Solve: 212.2823ms
Step: 1427.5762ms
====================================
Loop: 251
  Solve: 216.1470ms
Step: 1428.2778ms
====================================
Loop: 252
  Solve: 220.6908ms
Step: 1425.0728ms
====================================
Loop: 253
  Solve: 212.7460ms
Step: 1422.9066ms
====================================
Loop: 254
  Solve: 212.1017ms
Step: 1420.0541ms
====================================
Loop: 255
  Solve: 211.4392ms
Step: 1422.5077ms
====================================
Loop: 256
  Solve: 212.8467ms
Step: 1408.6240ms
====================================
Loop: 257
  Solve: 213.8795ms
Step: 1454.2861ms
====================================
Loop: 258
  Solve: 217.8865ms
Step: 1406.9839ms
====================================
Loop: 259
  Solve: 218.7186ms
Step: 1402.4967ms
====================================
Loop: 260
  Solve: 210.0854ms
Step: 1403.9441ms
====================================
Loop: 261
  Solve: 210.7578ms
Step: 1420.6062ms
====================================
Loop: 262
  Solve: 210.5467ms
Step: 1419.4594ms
====================================
Loop: 263
  Solve: 219.1792ms
Step: 1412.2283ms
====================================
Loop: 264
  Solve: 214.3855ms
Step: 1396.5402ms
====================================
Loop: 265
  Solve: 212.0576ms
Step: 1415.9207ms
====================================
Loop: 266
  Solve: 212.9109ms
Step: 1416.7009ms
====================================
Loop: 267
  Solve: 213.7605ms
Step: 1423.6001ms
====================================
Loop: 268
  Solve: 218.4665ms
Step: 1413.2524ms
====================================
Loop: 269
  Solve: 218.2108ms
Step: 1416.5714ms
====================================
Loop: 270
  Solve: 217.9776ms
Step: 1425.1018ms
====================================
Loop: 271
  Solve: 219.2146ms
Step: 1418.7433ms
====================================
Loop: 272
  Solve: 217.7824ms
Step: 1460.8698ms
====================================
Loop: 273
  Solve: 217.2206ms
Step: 1448.4175ms
====================================
Loop: 274
  Solve: 215.9692ms
Step: 1443.3472ms
====================================
Loop: 275
  Solve: 220.6604ms
Step: 1457.6984ms
====================================
Loop: 276
  Solve: 225.3243ms
Step: 1463.8306ms
====================================
Loop: 277
  Solve: 229.0215ms
Step: 1468.6101ms
====================================
Loop: 278
  Solve: 223.6193ms
Step: 1458.2266ms
====================================
Loop: 279
  Solve: 225.5506ms
Step: 1456.2200ms
====================================
Loop: 280
  Solve: 218.5491ms
Step: 1442.7288ms
====================================
Loop: 281
  Solve: 226.8107ms
Step: 1455.3207ms
====================================
Loop: 282
  Solve: 226.0153ms
Step: 1459.9874ms
====================================
Loop: 283
  Solve: 225.1194ms
Step: 1535.2412ms
====================================
Loop: 284
  Solve: 276.2681ms
Step: 1508.2828ms
====================================
Loop: 285
  Solve: 225.3278ms
Step: 1459.8711ms
====================================
Loop: 286
  Solve: 222.3573ms
Step: 1460.2727ms
====================================
Loop: 287
  Solve: 219.4858ms
Step: 1504.9619ms
====================================
Loop: 288
  Solve: 221.0510ms
Step: 1449.3983ms
====================================
Loop: 289
  Solve: 218.2561ms
Step: 1451.3615ms
====================================
Loop: 290
  Solve: 220.5780ms
Step: 1440.4910ms
====================================
Loop: 291
  Solve: 227.8243ms
Step: 1444.8918ms
====================================
Loop: 292
  Solve: 227.4731ms
Step: 1443.9082ms
====================================
Loop: 293
  Solve: 223.2412ms
Step: 1442.1765ms
====================================
Loop: 294
  Solve: 225.3689ms
Step: 1460.5168ms
====================================
Loop: 295
  Solve: 213.4942ms
Step: 1417.9806ms
====================================
Loop: 296
  Solve: 214.8540ms
Step: 1424.5619ms
====================================
Loop: 297
  Solve: 215.9673ms
Step: 1430.2947ms
====================================
Loop: 298
  Solve: 218.6045ms
Step: 1429.5126ms
====================================
Loop: 299
  Solve: 221.1940ms
Step: 1423.0389ms
====================================
Loop: 300
  Solve: 219.5588ms
Step: 1409.6575ms
====================================
Loop: 301
  Solve: 216.1533ms
Step: 1425.9607ms
====================================
Loop: 302
  Solve: 216.6475ms
Step: 1431.4426ms
====================================
Loop: 303
  Solve: 216.8847ms
Step: 1427.8519ms
====================================
Loop: 304
  Solve: 218.6598ms
Step: 1431.2736ms
====================================
Loop: 305
  Solve: 219.6099ms
Step: 1426.3948ms
====================================
Loop: 306
  Solve: 222.4591ms
Step: 1407.6962ms
====================================
Loop: 307
  Solve: 217.7349ms
Step: 1421.1315ms
====================================
Loop: 308
  Solve: 216.4340ms
Step: 1417.8021ms
====================================
Loop: 309
  Solve: 215.6447ms
Step: 1412.1537ms
====================================
Loop: 310
  Solve: 220.1586ms
Step: 1419.7509ms
====================================
Loop: 311
  Solve: 221.6606ms
Step: 1424.4441ms
====================================
Loop: 312
  Solve: 216.6502ms
Step: 1393.9175ms
====================================
Loop: 313
  Solve: 215.3600ms
Step: 1406.0703ms
====================================
Loop: 314
  Solve: 213.2128ms
Step: 1393.2510ms
====================================
Loop: 315
  Solve: 217.0126ms
Step: 1404.6362ms
====================================
Loop: 316
  Solve: 214.9574ms
Step: 1380.2236ms
====================================
Loop: 317
  Solve: 211.6130ms
Step: 1381.5720ms
====================================
Loop: 318
  Solve: 209.2895ms
Step: 1387.7086ms
====================================
Loop: 319
  Solve: 209.4771ms
Step: 1380.8911ms
====================================
Loop: 320
  Solve: 207.6421ms
Step: 1357.7858ms
====================================
Loop: 321
  Solve: 208.0667ms
Step: 1364.4655ms
====================================
Loop: 322
  Solve: 203.4363ms
Step: 1363.3365ms
====================================
Loop: 323
  Solve: 202.9273ms
Step: 1358.1793ms
====================================
Loop: 324
  Solve: 203.8522ms
Step: 1336.4725ms
====================================
Loop: 325
  Solve: 201.5266ms
Step: 1349.3054ms
====================================
Loop: 326
  Solve: 200.0159ms
Step: 1354.8286ms
====================================
Loop: 327
  Solve: 203.7962ms
Step: 1341.8102ms
====================================
Loop: 328
  Solve: 197.0361ms
Step: 1336.2668ms
====================================
Loop: 329
  Solve: 197.0486ms
Step: 1351.2198ms
====================================
Loop: 330
  Solve: 197.2908ms
Step: 1331.4125ms
====================================
Loop: 331
  Solve: 194.2909ms
Step: 1324.1694ms
====================================
Loop: 332
  Solve: 192.0938ms
Step: 1323.9254ms
====================================
Loop: 333
  Solve: 193.8061ms
Step: 1308.7507ms
====================================
Loop: 334
  Solve: 189.4089ms
Step: 1306.0615ms
====================================
Loop: 335
  Solve: 189.8314ms
Step: 1301.0804ms
====================================
Loop: 336
  Solve: 190.6194ms
Step: 1283.4453ms
====================================
Loop: 337
  Solve: 188.0328ms
Step: 1297.8635ms
====================================
Loop: 338
  Solve: 186.9382ms
Step: 1282.7009ms
====================================
Loop: 339
  Solve: 185.2137ms
Step: 1344.4540ms
====================================
Loop: 340
  Solve: 186.0870ms
Step: 1273.0929ms
====================================
Loop: 341
  Solve: 185.8580ms
Step: 1283.3412ms
====================================
Loop: 342
  Solve: 182.3316ms
Step: 1259.3600ms
====================================
Loop: 343
  Solve: 181.8251ms
Step: 1253.6338ms
====================================
Loop: 344
  Solve: 180.5329ms
Step: 1256.2701ms
====================================
Loop: 345
  Solve: 176.5789ms
Step: 1242.8304ms
====================================
Loop: 346
  Solve: 177.5188ms
Step: 1314.2169ms
====================================
Loop: 347
  Solve: 183.5168ms
Step: 1237.4240ms
====================================
Loop: 348
  Solve: 175.4596ms
Step: 1227.4282ms
====================================
Loop: 349
  Solve: 172.0371ms
Step: 1220.5859ms
====================================
Loop: 350
  Solve: 173.9036ms
Step: 1222.9840ms
====================================
Loop: 351
  Solve: 169.7268ms
Step: 1208.8629ms
====================================
Loop: 352
  Solve: 171.2727ms
Step: 1209.4425ms
====================================
Loop: 353
  Solve: 172.1478ms
Step: 1212.5209ms
====================================
Loop: 354
  Solve: 166.2806ms
Step: 1192.6968ms
====================================
Loop: 355
  Solve: 166.7944ms
Step: 1192.1235ms
====================================
Loop: 356
  Solve: 164.0276ms
Step: 1176.2244ms
====================================
Loop: 357
  Solve: 164.8594ms
Step: 1176.6486ms
====================================
Loop: 358
  Solve: 163.5037ms
Step: 1166.5569ms
====================================
Loop: 359
  Solve: 161.3669ms
Step: 1161.5493ms
====================================
Loop: 360
  Solve: 162.8638ms
Step: 1157.0382ms
====================================
Loop: 361
  Solve: 163.4481ms
Step: 1155.5404ms
====================================
Loop: 362
  Solve: 161.5843ms
Step: 1155.3701ms
====================================
Loop: 363
  Solve: 161.4041ms
Step: 1147.1576ms
====================================
Loop: 364
  Solve: 160.7629ms
Step: 1142.5034ms
====================================
Loop: 365
  Solve: 159.5330ms
Step: 1134.0190ms
====================================
Loop: 366
  Solve: 157.2788ms
Step: 1129.3708ms
====================================
Loop: 367
  Solve: 157.4264ms
Step: 1120.6760ms
====================================
Loop: 368
  Solve: 158.6728ms
Step: 1129.3760ms
====================================
Loop: 369
  Solve: 155.1052ms
Step: 1115.2675ms
====================================
Loop: 370
  Solve: 155.7782ms
Step: 1118.2889ms
====================================
Loop: 371
  Solve: 153.8959ms
Step: 1108.3794ms
====================================
Loop: 372
  Solve: 153.7410ms
Step: 1105.2396ms
====================================
Loop: 373
  Solve: 154.4233ms
Step: 1098.6250ms
====================================
Loop: 374
  Solve: 153.8653ms
Step: 1092.5967ms
====================================
Loop: 375
  Solve: 152.5655ms
Step: 1091.7710ms
====================================
Loop: 376
  Solve: 149.6409ms
Step: 1084.9794ms
====================================
Loop: 377
  Solve: 150.4136ms
Step: 1079.7614ms
====================================
Loop: 378
  Solve: 151.8570ms
Step: 1085.9348ms
====================================
Loop: 379
  Solve: 149.9828ms
Step: 1075.0673ms
====================================
Loop: 380
  Solve: 148.2365ms
Step: 1066.8678ms
====================================
Loop: 381
  Solve: 149.5520ms
Step: 1059.0239ms
====================================
Loop: 382
  Solve: 149.3545ms
Step: 1060.6516ms
====================================
Loop: 383
  Solve: 145.6881ms
Step: 1057.7531ms
====================================
Loop: 384
  Solve: 144.5868ms
Step: 1054.7277ms
====================================
Loop: 385
  Solve: 145.7409ms
Step: 1047.6190ms
====================================
Loop: 386
  Solve: 144.9047ms
Step: 1034.6909ms
====================================
Loop: 387
  Solve: 147.8331ms
Step: 1041.7029ms
====================================
Loop: 388
  Solve: 147.1373ms
Step: 1041.1023ms
====================================
Loop: 389
  Solve: 146.4961ms
Step: 1029.2013ms
====================================
Loop: 390
  Solve: 146.9518ms
Step: 1034.5197ms
====================================
Loop: 391
  Solve: 142.9437ms
Step: 1024.5067ms
====================================
Loop: 392
  Solve: 143.1982ms
Step: 1027.1046ms
====================================
Loop: 393
  Solve: 143.3260ms
Step: 1022.5149ms
====================================
Loop: 394
  Solve: 143.7986ms
Step: 1016.3403ms
====================================
Loop: 395
  Solve: 144.4288ms
Step: 1026.5612ms
====================================
Loop: 396
  Solve: 144.8681ms
Step: 1012.3000ms
====================================
Loop: 397
  Solve: 148.8415ms
Step: 1036.4951ms
====================================
Loop: 398
  Solve: 146.0280ms
Step: 1012.9207ms
====================================
Loop: 399
  Solve: 143.0477ms
Step: 1002.5855ms
====================================
Loop: 400
  Solve: 143.2805ms
Step: 1004.3221ms
====================================
Loop: 401
  Solve: 143.6096ms
Step: 996.5529ms
====================================
Loop: 402
  Solve: 143.1805ms
Step: 1049.6698ms
====================================
Loop: 403
  Solve: 143.5149ms
Step: 999.0742ms
====================================
Loop: 404
  Solve: 142.1127ms
Step: 994.9254ms
====================================
Loop: 405
  Solve: 141.3731ms
Step: 992.2230ms
====================================
Loop: 406
  Solve: 140.2276ms
Step: 991.4288ms
====================================
Loop: 407
  Solve: 140.7303ms
Step: 990.0246ms
====================================
Loop: 408
  Solve: 139.9560ms
Step: 983.1115ms
====================================
Loop: 409
  Solve: 140.4889ms
Step: 980.0818ms
====================================
Loop: 410
  Solve: 140.8985ms
Step: 982.0853ms
====================================
Loop: 411
  Solve: 140.0893ms
Step: 978.3300ms
====================================
Loop: 412
  Solve: 143.4314ms
Step: 978.4807ms
====================================
Loop: 413
  Solve: 143.6149ms
Step: 973.6030ms
====================================
Loop: 414
  Solve: 140.8069ms
Step: 975.3535ms
====================================
Loop: 415
  Solve: 140.0747ms
Step: 968.8513ms
====================================
Loop: 416
  Solve: 142.6819ms
Step: 969.3439ms
====================================
Loop: 417
  Solve: 146.3928ms
Step: 964.4805ms
====================================
Loop: 418
  Solve: 139.4270ms
Step: 961.8135ms
====================================
Loop: 419
  Solve: 140.9176ms
Step: 956.1501ms
====================================
Loop: 420
  Solve: 137.9738ms
Step: 950.5421ms
====================================
Loop: 421
  Solve: 138.9040ms
Step: 957.0408ms
====================================
Loop: 422
  Solve: 137.3622ms
Step: 948.9028ms
====================================
Loop: 423
  Solve: 139.0265ms
Step: 938.5839ms
====================================
Loop: 424
  Solve: 142.5147ms
Step: 940.0844ms
====================================
Loop: 425
  Solve: 138.3524ms
Step: 934.1180ms
====================================
Loop: 426
  Solve: 141.1145ms
Step: 945.4811ms
====================================
Loop: 427
  Solve: 138.6996ms
Step: 935.8317ms
====================================
Loop: 428
  Solve: 138.2865ms
Step: 924.9096ms
====================================
Loop: 429
  Solve: 132.3628ms
Step: 914.2783ms
====================================
Loop: 430
  Solve: 135.0530ms
Step: 916.9205ms
====================================
Loop: 431
  Solve: 136.2753ms
Step: 964.6297ms
====================================
Loop: 432
  Solve: 138.2367ms
Step: 920.7715ms
====================================
Loop: 433
  Solve: 140.7229ms
Step: 920.6268ms
====================================
Loop: 434
  Solve: 137.7203ms
Step: 913.3321ms
====================================
Loop: 435
  Solve: 136.8022ms
Step: 914.1525ms
====================================
Loop: 436
  Solve: 135.6798ms
Step: 908.5915ms
====================================
Loop: 437
  Solve: 137.2730ms
Step: 909.0006ms
====================================
Loop: 438
  Solve: 137.9719ms
Step: 906.5072ms
====================================
Loop: 439
  Solve: 137.7066ms
Step: 910.7103ms
====================================
Loop: 440
  Solve: 135.3722ms
Step: 890.8058ms
====================================
Loop: 441
  Solve: 134.9995ms
Step: 890.5863ms
====================================
Loop: 442
  Solve: 131.6929ms
Step: 916.3436ms
====================================
Loop: 443
  Solve: 136.7312ms
Step: 933.7314ms
====================================
Loop: 444
  Solve: 137.5809ms
Step: 889.4774ms
====================================
Loop: 445
  Solve: 137.2680ms
Step: 884.7549ms
====================================
Loop: 446
  Solve: 137.5667ms
Step: 888.3151ms
====================================
Loop: 447
  Solve: 137.3143ms
Step: 886.5677ms
====================================
Loop: 448
  Solve: 138.2830ms
Step: 880.8024ms
====================================
Loop: 449
  Solve: 136.9116ms
Step: 875.3877ms
====================================
Loop: 450
  Solve: 131.8917ms
Step: 871.8179ms
====================================
Loop: 451
  Solve: 135.9703ms
Step: 877.7427ms
====================================
Loop: 452
  Solve: 143.0050ms
Step: 877.7198ms
====================================
Loop: 453
  Solve: 135.7455ms
Step: 901.1703ms
====================================
Loop: 454
  Solve: 131.8973ms
Step: 888.4540ms
====================================
Loop: 455
  Solve: 136.2240ms
Step: 882.9913ms
====================================
Loop: 456
  Solve: 136.4486ms
Step: 879.2114ms
====================================
Loop: 457
  Solve: 135.1512ms
Step: 879.5845ms
====================================
Loop: 458
  Solve: 134.2433ms
Step: 902.9643ms
====================================
Loop: 459
  Solve: 134.9369ms
Step: 847.9316ms
====================================
Loop: 460
  Solve: 137.4520ms
Step: 858.0476ms
====================================
Loop: 461
  Solve: 136.0381ms
Step: 900.8950ms
====================================
Loop: 462
  Solve: 149.8670ms
Step: 1068.4358ms
====================================
Loop: 463
  Solve: 142.2455ms
Step: 1017.1830ms
====================================
Loop: 464
  Solve: 134.8021ms
Step: 861.6196ms
====================================
Loop: 465
  Solve: 163.7768ms
Step: 895.7233ms
====================================
Loop: 466
  Solve: 131.2571ms
Step: 843.0214ms
====================================
Loop: 467
  Solve: 131.0854ms
Step: 836.5507ms
====================================
Loop: 468
  Solve: 129.4195ms
Step: 832.9186ms
====================================
Loop: 469
  Solve: 128.2630ms
Step: 828.1722ms
====================================
Loop: 470
  Solve: 130.4183ms
Step: 824.1015ms
====================================
Loop: 471
  Solve: 129.7549ms
Step: 827.8792ms
====================================
Loop: 472
  Solve: 130.2968ms
Step: 821.2197ms
====================================
Loop: 473
  Solve: 131.6498ms
Step: 821.8511ms
====================================
Loop: 474
  Solve: 129.8036ms
Step: 818.1454ms
====================================
Loop: 475
  Solve: 131.3428ms
Step: 816.8613ms
====================================
Loop: 476
  Solve: 128.6339ms
Step: 820.8226ms
====================================
Loop: 477
  Solve: 128.3063ms
Step: 814.0535ms
====================================
Loop: 478
  Solve: 135.0147ms
Step: 879.6826ms
====================================
Loop: 479
  Solve: 128.5207ms
Step: 820.9421ms
====================================
Loop: 480
  Solve: 128.8366ms
Step: 804.9913ms
====================================
Loop: 481
  Solve: 130.3861ms
Step: 812.2679ms
====================================
Loop: 482
  Solve: 130.4091ms
Step: 824.3121ms
====================================
Loop: 483
  Solve: 128.7478ms
Step: 820.0634ms
====================================
Loop: 484
  Solve: 129.9741ms
Step: 805.3707ms
====================================
Loop: 485
  Solve: 129.9003ms
Step: 810.2994ms
====================================
Loop: 486
  Solve: 133.8514ms
Step: 812.6777ms
====================================
Loop: 487
  Solve: 128.5650ms
Step: 810.4500ms
====================================
Loop: 488
  Solve: 128.4332ms
Step: 808.6038ms
====================================
Loop: 489
  Solve: 130.1780ms
Step: 807.0958ms
====================================
Loop: 490
  Solve: 131.4581ms
Step: 804.1940ms
====================================
Loop: 491
  Solve: 133.8746ms
Step: 812.5121ms
====================================
Loop: 492
  Solve: 129.9409ms
Step: 805.3257ms
====================================
Loop: 493
  Solve: 136.2960ms
Step: 816.6389ms
====================================
Loop: 494
  Solve: 139.2272ms
Step: 812.8030ms
====================================
Loop: 495
  Solve: 133.1095ms
Step: 820.2886ms
====================================
Loop: 496
  Solve: 131.2642ms
Step: 803.5952ms
====================================
Loop: 497
  Solve: 137.4899ms
Step: 813.5509ms
====================================
Loop: 498
  Solve: 136.4172ms
Step: 812.9674ms
====================================
Loop: 499
  Solve: 135.0427ms
Step: 807.3203ms
====================================
Loop: 500
  Solve: 131.0826ms
Step: 806.9267ms
====================================
