Loop: 0
  Solve: 4.2526ms
Step: 626.2420ms
====================================
Loop: 1
  Solve: 4.1977ms
Step: 313.0309ms
====================================
Loop: 2
  Solve: 4.3575ms
Step: 319.1321ms
====================================
Loop: 3
  Solve: 4.3943ms
Step: 316.2126ms
====================================
Loop: 4
  Solve: 4.2045ms
Step: 311.6407ms
====================================
Loop: 5
  Solve: 4.2913ms
Step: 319.1588ms
====================================
Loop: 6
  Solve: 4.2159ms
Step: 315.5286ms
====================================
Loop: 7
  Solve: 4.1325ms
Step: 313.7537ms
====================================
Loop: 8
  Solve: 4.2098ms
Step: 322.6969ms
====================================
Loop: 9
  Solve: 4.4104ms
Step: 314.9196ms
====================================
Loop: 10
  Solve: 4.2267ms
Step: 313.9979ms
====================================
Loop: 11
  Solve: 4.4358ms
Step: 320.1568ms
====================================
Loop: 12
  Solve: 4.1786ms
Step: 314.1577ms
====================================
Loop: 13
  Solve: 4.1657ms
Step: 315.4345ms
====================================
Loop: 14
  Solve: 4.5903ms
Step: 321.4908ms
====================================
Loop: 15
  Solve: 5.5259ms
Step: 335.0848ms
====================================
Loop: 16
  Solve: 4.1670ms
Step: 326.9437ms
====================================
Loop: 17
  Solve: 4.3168ms
Step: 317.9352ms
====================================
Loop: 18
  Solve: 4.1957ms
Step: 719.9290ms
====================================
Loop: 19
  Solve: 4.7938ms
Step: 321.4030ms
====================================
Loop: 20
  Solve: 4.6697ms
Step: 325.8473ms
====================================
Loop: 21
  Solve: 4.5819ms
Step: 323.2905ms
====================================
Loop: 22
  Solve: 4.9725ms
Step: 386.2583ms
====================================
Loop: 23
  Solve: 4.5750ms
Step: 320.5125ms
====================================
Loop: 24
  Solve: 4.5675ms
Step: 321.2902ms
====================================
Loop: 25
  Solve: 4.5116ms
Step: 321.1603ms
====================================
Loop: 26
  Solve: 4.7901ms
Step: 729.9077ms
====================================
Loop: 27
  Solve: 4.4716ms
Step: 321.9261ms
====================================
Loop: 28
  Solve: 4.6191ms
Step: 321.8678ms
====================================
Loop: 29
  Solve: 4.6040ms
Step: 321.8565ms
====================================
Loop: 30
  Solve: 4.6753ms
Step: 323.6974ms
====================================
Loop: 31
  Solve: 4.7002ms
Step: 323.6430ms
====================================
Loop: 32
  Solve: 4.6069ms
Step: 321.0959ms
====================================
Loop: 33
  Solve: 4.5310ms
Step: 726.1225ms
====================================
Loop: 34
  Solve: 4.4055ms
Step: 319.3638ms
====================================
Loop: 35
  Solve: 4.6988ms
Step: 325.4099ms
====================================
Loop: 36
  Solve: 4.6570ms
Step: 320.1051ms
====================================
Loop: 37
  Solve: 4.5905ms
Step: 322.3911ms
====================================
Loop: 38
  Solve: 4.7626ms
Step: 723.4856ms
====================================
Loop: 39
  Solve: 4.7321ms
Step: 323.5856ms
====================================
Loop: 40
  Solve: 4.7422ms
Step: 325.5049ms
====================================
Loop: 41
  Solve: 4.6965ms
Step: 334.8802ms
====================================
Loop: 42
  Solve: 4.6023ms
Step: 326.2505ms
====================================
Loop: 43
  Solve: 4.6630ms
Step: 729.4609ms
====================================
Loop: 44
  Solve: 4.5993ms
Step: 318.9370ms
====================================
Loop: 45
  Solve: 4.6002ms
Step: 326.6786ms
====================================
Loop: 46
  Solve: 4.5912ms
Step: 320.4574ms
====================================
Loop: 47
  Solve: 4.5462ms
Step: 721.9948ms
====================================
Loop: 48
  Solve: 4.6433ms
Step: 317.4202ms
====================================
Loop: 49
  Solve: 4.6328ms
Step: 320.9804ms
====================================
Loop: 50
  Solve: 4.5889ms
Step: 380.6888ms
====================================
Loop: 51
  Solve: 6.6895ms
Step: 766.5709ms
====================================
Loop: 52
  Solve: 4.7926ms
Step: 329.1469ms
====================================
Loop: 53
  Solve: 4.4484ms
Step: 320.7151ms
====================================
Loop: 54
  Solve: 31.8222ms
Step: 379.9454ms
====================================
Loop: 55
  Solve: 34.6686ms
Step: 760.1158ms
====================================
Loop: 56
  Solve: 49.4301ms
Step: 373.2473ms
====================================
Loop: 57
  Solve: 63.0741ms
Step: 384.2326ms
====================================
Loop: 58
  Solve: 77.1460ms
Step: 398.6594ms
====================================
Loop: 59
  Solve: 90.2582ms
Step: 795.6021ms
====================================
Loop: 60
  Solve: 106.9267ms
Step: 434.0309ms
====================================
Loop: 61
  Solve: 125.4537ms
Step: 452.4035ms
====================================
Loop: 62
  Solve: 142.9703ms
Step: 829.8625ms
====================================
Loop: 63
  Solve: 159.5599ms
Step: 495.4166ms
====================================
Loop: 64
  Solve: 172.4400ms
Step: 507.3496ms
====================================
Loop: 65
  Solve: 188.7582ms
Step: 878.4088ms
====================================
Loop: 66
  Solve: 204.5397ms
Step: 542.1025ms
====================================
Loop: 67
  Solve: 220.0173ms
Step: 564.6534ms
====================================
Loop: 68
  Solve: 234.2424ms
Step: 910.1534ms
====================================
Loop: 69
  Solve: 248.6457ms
Step: 594.3555ms
====================================
Loop: 70
  Solve: 263.2596ms
Step: 613.2932ms
====================================
Loop: 71
  Solve: 285.5815ms
Step: 964.1682ms
====================================
Loop: 72
  Solve: 293.0298ms
Step: 645.0447ms
====================================
Loop: 73
  Solve: 359.8304ms
Step: 713.5015ms
====================================
Loop: 74
  Solve: 320.6213ms
Step: 975.3847ms
====================================
Loop: 75
  Solve: 328.1407ms
Step: 687.7689ms
====================================
Loop: 76
  Solve: 345.9668ms
Step: 701.1489ms
====================================
Loop: 77
  Solve: 360.4651ms
Step: 1084.2499ms
====================================
Loop: 78
  Solve: 408.2846ms
Step: 782.1054ms
====================================
Loop: 79
  Solve: 410.9697ms
Step: 778.6509ms
====================================
Loop: 80
  Solve: 415.3050ms
Step: 1060.7383ms
====================================
Loop: 81
  Solve: 446.5506ms
Step: 836.2548ms
====================================
Loop: 82
  Solve: 460.7787ms
Step: 847.1287ms
====================================
Loop: 83
  Solve: 486.0076ms
Step: 1121.4587ms
====================================
Loop: 84
  Solve: 504.9949ms
Step: 900.7444ms
====================================
Loop: 85
  Solve: 528.8167ms
Step: 923.1625ms
====================================
Loop: 86
  Solve: 546.6504ms
Step: 1194.2656ms
====================================
Loop: 87
  Solve: 573.2396ms
Step: 979.9573ms
====================================
Loop: 88
  Solve: 596.4068ms
Step: 1009.1097ms
====================================
Loop: 89
  Solve: 624.2621ms
Step: 1264.1147ms
====================================
Loop: 90
  Solve: 643.8086ms
Step: 1065.6411ms
====================================
Loop: 91
  Solve: 669.5753ms
Step: 1093.1412ms
====================================
Loop: 92
  Solve: 690.2029ms
Step: 1323.3157ms
====================================
Loop: 93
  Solve: 732.9679ms
Step: 1170.2146ms
====================================
Loop: 94
  Solve: 755.6849ms
Step: 1393.4340ms
====================================
Loop: 95
  Solve: 792.2867ms
Step: 1241.5128ms
====================================
Loop: 96
  Solve: 816.3570ms
Step: 1466.6470ms
====================================
Loop: 97
  Solve: 838.8680ms
Step: 1303.9807ms
====================================
Loop: 98
  Solve: 878.9928ms
Step: 1527.6467ms
====================================
Loop: 99
  Solve: 908.3735ms
Step: 1395.1827ms
====================================
Loop: 100
  Solve: 945.6789ms
Step: 1614.5928ms
====================================
Loop: 101
  Solve: 964.5843ms
Step: 1470.0778ms
====================================
Loop: 102
  Solve: 985.0387ms
Step: 1667.8107ms
====================================
Loop: 103
  Solve: 1008.8503ms
Step: 1580.7092ms
====================================
Loop: 104
  Solve: 1039.9603ms
Step: 1753.5952ms
====================================
Loop: 105
  Solve: 1057.4719ms
Step: 1627.1172ms
====================================
Loop: 106
  Solve: 1079.5482ms
Step: 1805.6284ms
====================================
Loop: 107
  Solve: 1105.1472ms
Step: 1715.2220ms
====================================
Loop: 108
  Solve: 1122.3206ms
Step: 1876.5441ms
====================================
Loop: 109
  Solve: 1137.5537ms
Step: 1771.9832ms
====================================
Loop: 110
  Solve: 1242.1133ms
Step: 2020.1906ms
====================================
Loop: 111
  Solve: 1193.4492ms
Step: 1867.2386ms
====================================
Loop: 112
  Solve: 1206.1425ms
Step: 2006.3608ms
====================================
Loop: 113
  Solve: 1301.5035ms
Step: 2006.5756ms
====================================
Loop: 114
  Solve: 1246.7721ms
Step: 2063.5256ms
====================================
Loop: 115
  Solve: 1275.6106ms
Step: 2010.8269ms
====================================
Loop: 116
  Solve: 1288.8401ms
Step: 2138.4460ms
====================================
Loop: 117
  Solve: 1315.0890ms
Step: 2096.6726ms
====================================
Loop: 118
  Solve: 1342.0906ms
Step: 2229.1953ms
====================================
Loop: 119
  Solve: 1363.7263ms
Step: 2180.5449ms
====================================
Loop: 120
  Solve: 1388.8403ms
Step: 2311.6382ms
====================================
Loop: 121
  Solve: 1418.6290ms
Step: 2291.1270ms
====================================
Loop: 122
  Solve: 1442.8176ms
Step: 2404.0081ms
====================================
Loop: 123
  Solve: 1454.6436ms
Step: 2377.8525ms
====================================
Loop: 124
  Solve: 1471.7140ms
Step: 2482.9531ms
====================================
Loop: 125
  Solve: 1493.5958ms
Step: 2499.4526ms
====================================
Loop: 126
  Solve: 1486.3364ms
Step: 2537.1758ms
====================================
Loop: 127
  Solve: 1490.6343ms
Step: 2515.5549ms
====================================
Loop: 128
  Solve: 1493.9346ms
Step: 2578.8960ms
====================================
Loop: 129
  Solve: 1488.6539ms
Step: 2567.0205ms
====================================
Loop: 130
  Solve: 1493.7338ms
Step: 2604.2217ms
====================================
Loop: 131
  Solve: 1508.9722ms
Step: 2632.3052ms
====================================
Loop: 132
  Solve: 1489.9241ms
Step: 2689.8921ms
====================================
Loop: 133
  Solve: 1502.6851ms
Step: 2640.8052ms
====================================
Loop: 134
  Solve: 1491.9192ms
Step: 2649.6682ms
====================================
Loop: 135
  Solve: 1477.3123ms
Step: 2642.4141ms
====================================
Loop: 136
  Solve: 1476.1554ms
Step: 2716.7532ms
====================================
Loop: 137
  Solve: 1461.3237ms
Step: 2667.4863ms
====================================
Loop: 138
  Solve: 1620.7595ms
Step: 2888.5361ms
====================================
Loop: 139
  Solve: 1427.5371ms
Step: 2695.7205ms
====================================
Loop: 140
  Solve: 1409.4974ms
Step: 2611.6301ms
====================================
Loop: 141
  Solve: 1388.5408ms
Step: 2606.6387ms
====================================
Loop: 142
  Solve: 1377.3635ms
Step: 2577.7896ms
====================================
Loop: 143
  Solve: 1363.3843ms
Step: 2580.6060ms
====================================
Loop: 144
  Solve: 1353.2264ms
Step: 2571.7256ms
====================================
Loop: 145
  Solve: 1335.1517ms
Step: 2551.6494ms
====================================
Loop: 146
  Solve: 1311.0150ms
Step: 2519.3928ms
====================================
Loop: 147
  Solve: 1302.2374ms
Step: 2519.7251ms
====================================
Loop: 148
  Solve: 1283.1942ms
Step: 2492.6003ms
====================================
Loop: 149
  Solve: 1279.4370ms
Step: 2486.5173ms
====================================
Loop: 150
  Solve: 1274.9656ms
Step: 2493.9473ms
====================================
Loop: 151
  Solve: 1262.2920ms
Step: 2473.5164ms
====================================
Loop: 152
  Solve: 1250.6364ms
Step: 2465.9482ms
====================================
Loop: 153
  Solve: 1308.3674ms
Step: 2529.8206ms
====================================
Loop: 154
  Solve: 1280.9772ms
Step: 2499.0120ms
====================================
Loop: 155
  Solve: 1206.5403ms
Step: 2432.5425ms
====================================
Loop: 156
  Solve: 1195.8696ms
Step: 2417.1343ms
====================================
Loop: 157
  Solve: 1178.2625ms
Step: 2406.4341ms
====================================
Loop: 158
  Solve: 1160.1180ms
Step: 2386.6223ms
====================================
Loop: 159
  Solve: 1143.3818ms
Step: 2359.3042ms
====================================
Loop: 160
  Solve: 1135.8649ms
Step: 2365.1646ms
====================================
Loop: 161
  Solve: 1117.5208ms
Step: 2346.1555ms
====================================
Loop: 162
  Solve: 1099.7378ms
Step: 2317.2061ms
====================================
Loop: 163
  Solve: 1078.9005ms
Step: 2308.5955ms
====================================
Loop: 164
  Solve: 1070.5641ms
Step: 2300.9138ms
====================================
Loop: 165
  Solve: 1062.9426ms
Step: 2275.7480ms
====================================
Loop: 166
  Solve: 1034.1541ms
Step: 2251.8333ms
====================================
Loop: 167
  Solve: 1014.7027ms
Step: 2217.3650ms
====================================
Loop: 168
  Solve: 993.5637ms
Step: 2200.1929ms
====================================
Loop: 169
  Solve: 976.3526ms
Step: 2169.8792ms
====================================
Loop: 170
  Solve: 966.2644ms
Step: 2158.4238ms
====================================
Loop: 171
  Solve: 959.0822ms
Step: 2151.4419ms
====================================
Loop: 172
  Solve: 937.4419ms
Step: 2124.0728ms
====================================
Loop: 173
  Solve: 931.5856ms
Step: 2125.3706ms
====================================
Loop: 174
  Solve: 919.2051ms
Step: 2101.7329ms
====================================
Loop: 175
  Solve: 908.9864ms
Step: 2105.0757ms
====================================
Loop: 176
  Solve: 901.8146ms
Step: 2101.6128ms
====================================
Loop: 177
  Solve: 900.5341ms
Step: 2084.4927ms
====================================
Loop: 178
  Solve: 890.9858ms
Step: 2072.6743ms
====================================
Loop: 179
  Solve: 884.6335ms
Step: 2080.8494ms
====================================
Loop: 180
  Solve: 874.2864ms
Step: 2057.4658ms
====================================
Loop: 181
  Solve: 874.1281ms
Step: 2054.0405ms
====================================
Loop: 182
  Solve: 861.2551ms
Step: 2036.5056ms
====================================
Loop: 183
  Solve: 870.1344ms
Step: 2040.2325ms
====================================
Loop: 184
  Solve: 862.9324ms
Step: 2028.0686ms
====================================
Loop: 185
  Solve: 857.4850ms
Step: 2016.7540ms
====================================
Loop: 186
  Solve: 850.8224ms
Step: 2019.1079ms
====================================
Loop: 187
  Solve: 840.1441ms
Step: 1999.7227ms
====================================
Loop: 188
  Solve: 830.2424ms
Step: 1983.5989ms
====================================
Loop: 189
  Solve: 829.1708ms
Step: 1982.6549ms
====================================
Loop: 190
  Solve: 828.6060ms
Step: 1980.5574ms
====================================
Loop: 191
  Solve: 814.7299ms
Step: 1966.3523ms
====================================
Loop: 192
  Solve: 806.7023ms
Step: 1953.9941ms
====================================
Loop: 193
  Solve: 799.8994ms
Step: 1943.2561ms
====================================
Loop: 194
  Solve: 792.3538ms
Step: 1925.3558ms
====================================
Loop: 195
  Solve: 782.5711ms
Step: 1933.6656ms
====================================
Loop: 196
  Solve: 771.7875ms
Step: 1923.0084ms
====================================
Loop: 197
  Solve: 760.8185ms
Step: 1903.8839ms
====================================
Loop: 198
  Solve: 753.2534ms
Step: 1899.4373ms
====================================
Loop: 199
  Solve: 742.5181ms
Step: 1894.3770ms
====================================
Loop: 200
  Solve: 738.6173ms
Step: 1877.7007ms
====================================
Loop: 201
  Solve: 726.8925ms
Step: 1864.1296ms
====================================
Loop: 202
  Solve: 726.0576ms
Step: 1861.7300ms
====================================
Loop: 203
  Solve: 721.1224ms
Step: 1915.2627ms
====================================
Loop: 204
  Solve: 718.7953ms
Step: 1859.3331ms
====================================
Loop: 205
  Solve: 709.4183ms
Step: 1839.7605ms
====================================
Loop: 206
  Solve: 710.3619ms
Step: 1848.7549ms
====================================
Loop: 207
  Solve: 707.8140ms
Step: 1837.7837ms
====================================
Loop: 208
  Solve: 705.2071ms
Step: 1834.8831ms
====================================
Loop: 209
  Solve: 711.3723ms
Step: 1842.4668ms
====================================
Loop: 210
  Solve: 711.0392ms
Step: 1842.6058ms
====================================
Loop: 211
  Solve: 722.1504ms
Step: 1858.8333ms
====================================
Loop: 212
  Solve: 715.1968ms
Step: 1852.3315ms
====================================
Loop: 213
  Solve: 721.6583ms
Step: 1857.6902ms
====================================
Loop: 214
  Solve: 724.0114ms
Step: 1868.1414ms
====================================
Loop: 215
  Solve: 726.3430ms
Step: 1863.4089ms
====================================
Loop: 216
  Solve: 731.5765ms
Step: 1877.1798ms
====================================
Loop: 217
  Solve: 730.5418ms
Step: 1878.7145ms
====================================
Loop: 218
  Solve: 734.6306ms
Step: 1875.2130ms
====================================
Loop: 219
  Solve: 738.2413ms
Step: 1893.1921ms
====================================
Loop: 220
  Solve: 741.8574ms
Step: 1889.6768ms
====================================
Loop: 221
  Solve: 749.2487ms
Step: 1903.0210ms
====================================
Loop: 222
  Solve: 757.5334ms
Step: 1917.5850ms
====================================
Loop: 223
  Solve: 824.1293ms
Step: 1991.9512ms
====================================
Loop: 224
  Solve: 778.0406ms
Step: 1938.0594ms
====================================
Loop: 225
  Solve: 776.6953ms
Step: 1936.7610ms
====================================
Loop: 226
  Solve: 790.0831ms
Step: 1973.8872ms
====================================
Loop: 227
  Solve: 793.8468ms
Step: 1989.5010ms
====================================
Loop: 228
  Solve: 791.2139ms
Step: 1965.7588ms
====================================
Loop: 229
  Solve: 801.2504ms
Step: 1981.5330ms
====================================
Loop: 230
  Solve: 808.4609ms
Step: 1990.3647ms
====================================
Loop: 231
  Solve: 816.0480ms
Step: 1995.7037ms
====================================
Loop: 232
  Solve: 817.7203ms
Step: 2007.6191ms
====================================
Loop: 233
  Solve: 822.3105ms
Step: 2000.9069ms
====================================
Loop: 234
  Solve: 830.9250ms
Step: 2018.7787ms
====================================
Loop: 235
  Solve: 836.8472ms
Step: 2019.5225ms
====================================
Loop: 236
  Solve: 842.4512ms
Step: 2029.3632ms
====================================
Loop: 237
  Solve: 846.9369ms
Step: 2037.9890ms
====================================
Loop: 238
  Solve: 855.3160ms
Step: 2042.4951ms
====================================
Loop: 239
  Solve: 853.2715ms
Step: 2042.8159ms
====================================
Loop: 240
  Solve: 860.7263ms
Step: 2046.6287ms
====================================
Loop: 241
  Solve: 866.8564ms
Step: 2059.4556ms
====================================
Loop: 242
  Solve: 874.4969ms
Step: 2066.6252ms
====================================
Loop: 243
  Solve: 874.9265ms
Step: 2049.0115ms
====================================
Loop: 244
  Solve: 880.8342ms
Step: 2073.4475ms
====================================
Loop: 245
  Solve: 879.8027ms
Step: 2074.2041ms
====================================
Loop: 246
  Solve: 881.4273ms
Step: 2062.9658ms
====================================
Loop: 247
  Solve: 875.7847ms
Step: 2055.4441ms
====================================
Loop: 248
  Solve: 879.9393ms
Step: 2068.2915ms
====================================
Loop: 249
  Solve: 871.7255ms
Step: 2051.2351ms
====================================
Loop: 250
  Solve: 872.8660ms
Step: 2058.2800ms
====================================
Loop: 251
  Solve: 863.9092ms
Step: 2043.2228ms
====================================
Loop: 252
  Solve: 861.4183ms
Step: 2044.9689ms
====================================
Loop: 253
  Solve: 865.7288ms
Step: 2050.4390ms
====================================
Loop: 254
  Solve: 870.0142ms
Step: 2067.4988ms
====================================
Loop: 255
  Solve: 862.2467ms
Step: 2051.8235ms
====================================
Loop: 256
  Solve: 870.2167ms
Step: 2060.4250ms
====================================
Loop: 257
  Solve: 870.9144ms
Step: 2059.5461ms
====================================
Loop: 258
  Solve: 870.1138ms
Step: 2052.5552ms
====================================
Loop: 259
  Solve: 868.7264ms
Step: 2055.3545ms
====================================
Loop: 260
  Solve: 880.5755ms
Step: 2069.7551ms
====================================
Loop: 261
  Solve: 877.1120ms
Step: 2047.9672ms
====================================
Loop: 262
  Solve: 886.0005ms
Step: 2056.9070ms
====================================
Loop: 263
  Solve: 884.2546ms
Step: 2065.7993ms
====================================
Loop: 264
  Solve: 881.3539ms
Step: 2059.5571ms
====================================
Loop: 265
  Solve: 885.1928ms
Step: 2065.8325ms
====================================
Loop: 266
  Solve: 895.3624ms
Step: 2070.6272ms
====================================
Loop: 267
  Solve: 888.7772ms
Step: 2057.7061ms
====================================
Loop: 268
  Solve: 886.5549ms
Step: 2058.1462ms
====================================
Loop: 269
  Solve: 890.5043ms
Step: 2060.2524ms
====================================
Loop: 270
  Solve: 884.3358ms
Step: 2062.4348ms
====================================
Loop: 271
  Solve: 883.6427ms
Step: 2061.2473ms
====================================
Loop: 272
  Solve: 901.1899ms
Step: 2163.2874ms
====================================
Loop: 273
  Solve: 878.9242ms
Step: 2068.9919ms
====================================
Loop: 274
  Solve: 885.5471ms
Step: 2070.9463ms
====================================
Loop: 275
  Solve: 886.4501ms
Step: 2066.3235ms
====================================
Loop: 276
  Solve: 880.5952ms
Step: 2053.6848ms
====================================
Loop: 277
  Solve: 883.7374ms
Step: 2064.3892ms
====================================
Loop: 278
  Solve: 881.4273ms
Step: 2066.1201ms
====================================
Loop: 279
  Solve: 889.6108ms
Step: 2075.9678ms
====================================
Loop: 280
  Solve: 886.1395ms
Step: 2080.4915ms
====================================
Loop: 281
  Solve: 888.3352ms
Step: 2064.9797ms
====================================
Loop: 282
  Solve: 888.3746ms
Step: 2060.9814ms
====================================
Loop: 283
  Solve: 886.3500ms
Step: 2074.4758ms
====================================
Loop: 284
  Solve: 874.1443ms
Step: 2058.0405ms
====================================
Loop: 285
  Solve: 871.7272ms
Step: 2051.3792ms
====================================
Loop: 286
  Solve: 873.7921ms
Step: 2064.7571ms
====================================
Loop: 287
  Solve: 877.2205ms
Step: 2069.6045ms
====================================
Loop: 288
  Solve: 879.4713ms
Step: 2068.1909ms
====================================
Loop: 289
  Solve: 878.3911ms
Step: 2059.3762ms
====================================
Loop: 290
  Solve: 878.0294ms
Step: 2060.2095ms
====================================
Loop: 291
  Solve: 883.1802ms
Step: 2067.9255ms
====================================
Loop: 292
  Solve: 884.8927ms
Step: 2072.6660ms
====================================
Loop: 293
  Solve: 878.7180ms
Step: 2069.8274ms
====================================
Loop: 294
  Solve: 880.2504ms
Step: 2075.5073ms
====================================
Loop: 295
  Solve: 882.7265ms
Step: 2078.0635ms
====================================
Loop: 296
  Solve: 882.8301ms
Step: 2068.0549ms
====================================
Loop: 297
  Solve: 885.4937ms
Step: 2062.5098ms
====================================
Loop: 298
  Solve: 883.5035ms
Step: 2058.6067ms
====================================
Loop: 299
  Solve: 886.2119ms
Step: 2075.4463ms
====================================
Loop: 300
  Solve: 882.2632ms
Step: 2068.5886ms
====================================
Loop: 301
  Solve: 881.9503ms
Step: 2064.8228ms
====================================
Loop: 302
  Solve: 880.9578ms
Step: 2078.2400ms
====================================
Loop: 303
  Solve: 882.2822ms
Step: 2074.5701ms
====================================
Loop: 304
  Solve: 880.1724ms
Step: 2061.1030ms
====================================
Loop: 305
  Solve: 880.2685ms
Step: 2057.5784ms
====================================
Loop: 306
  Solve: 880.1570ms
Step: 2065.3264ms
====================================
Loop: 307
  Solve: 876.6288ms
Step: 2049.6484ms
====================================
Loop: 308
  Solve: 876.1746ms
Step: 2065.1069ms
====================================
Loop: 309
  Solve: 867.0990ms
Step: 2069.2278ms
====================================
Loop: 310
  Solve: 863.9443ms
Step: 2077.8574ms
====================================
Loop: 311
  Solve: 869.2842ms
Step: 2067.5286ms
====================================
Loop: 312
  Solve: 878.7350ms
Step: 2088.0356ms
====================================
Loop: 313
  Solve: 859.6922ms
Step: 2058.1768ms
====================================
Loop: 314
  Solve: 855.5510ms
Step: 2052.8071ms
====================================
Loop: 315
  Solve: 855.0631ms
Step: 2050.4194ms
====================================
Loop: 316
  Solve: 852.0772ms
Step: 2041.4414ms
====================================
Loop: 317
  Solve: 844.3355ms
Step: 2044.3188ms
====================================
Loop: 318
  Solve: 846.5864ms
Step: 2057.7546ms
====================================
Loop: 319
  Solve: 845.4282ms
Step: 2052.7512ms
====================================
Loop: 320
  Solve: 841.5892ms
Step: 2052.0698ms
====================================
Loop: 321
  Solve: 842.1241ms
Step: 2037.3589ms
====================================
Loop: 322
  Solve: 847.2831ms
Step: 2086.5659ms
====================================
Loop: 323
  Solve: 905.8316ms
Step: 2071.1333ms
====================================
Loop: 324
  Solve: 844.2212ms
Step: 2036.4414ms
====================================
Loop: 325
  Solve: 838.9210ms
Step: 2023.5488ms
====================================
Loop: 326
  Solve: 836.8648ms
Step: 2020.4794ms
====================================
Loop: 327
  Solve: 825.3556ms
Step: 1994.5747ms
====================================
Loop: 328
  Solve: 818.8710ms
Step: 1988.2413ms
====================================
Loop: 329
  Solve: 819.5479ms
Step: 1994.7461ms
====================================
Loop: 330
  Solve: 810.9412ms
Step: 1990.4899ms
====================================
Loop: 331
  Solve: 809.1801ms
Step: 1967.8977ms
====================================
Loop: 332
  Solve: 799.1870ms
Step: 1955.0612ms
====================================
Loop: 333
  Solve: 800.0870ms
Step: 1951.1880ms
====================================
Loop: 334
  Solve: 797.7791ms
Step: 2002.0603ms
====================================
Loop: 335
  Solve: 835.4608ms
Step: 1992.9434ms
====================================
Loop: 336
  Solve: 855.3915ms
Step: 2037.1368ms
====================================
Loop: 337
  Solve: 766.2155ms
Step: 1888.4561ms
====================================
Loop: 338
  Solve: 763.3192ms
Step: 1889.7140ms
====================================
Loop: 339
  Solve: 756.5612ms
Step: 1873.3699ms
====================================
Loop: 340
  Solve: 802.4291ms
Step: 1935.4680ms
====================================
Loop: 341
  Solve: 876.2329ms
Step: 2228.6707ms
====================================
Loop: 342
  Solve: 755.7775ms
Step: 1935.8113ms
====================================
Loop: 343
  Solve: 738.3854ms
Step: 1841.8163ms
====================================
Loop: 344
  Solve: 739.9428ms
Step: 1836.4691ms
====================================
Loop: 345
  Solve: 730.1993ms
Step: 1823.9304ms
====================================
Loop: 346
  Solve: 725.7260ms
Step: 1839.5542ms
====================================
Loop: 347
  Solve: 720.6089ms
Step: 1807.8896ms
====================================
Loop: 348
  Solve: 723.0804ms
Step: 1798.4276ms
====================================
Loop: 349
  Solve: 711.6942ms
Step: 1782.6365ms
====================================
Loop: 350
  Solve: 715.0934ms
Step: 1788.7053ms
====================================
Loop: 351
  Solve: 707.8447ms
Step: 1761.9686ms
====================================
Loop: 352
  Solve: 708.1465ms
Step: 1783.2971ms
====================================
Loop: 353
  Solve: 704.0327ms
Step: 1763.3800ms
====================================
Loop: 354
  Solve: 698.7015ms
Step: 1757.2971ms
====================================
Loop: 355
  Solve: 694.9533ms
Step: 1725.9253ms
====================================
Loop: 356
  Solve: 692.9498ms
Step: 1746.7466ms
====================================
Loop: 357
  Solve: 678.8250ms
Step: 1720.8329ms
====================================
Loop: 358
  Solve: 681.0516ms
Step: 1700.1050ms
====================================
Loop: 359
  Solve: 676.8580ms
Step: 1712.3489ms
====================================
Loop: 360
  Solve: 675.6508ms
Step: 1694.8969ms
====================================
Loop: 361
  Solve: 667.4926ms
Step: 1687.6312ms
====================================
Loop: 362
  Solve: 663.6323ms
Step: 1666.8086ms
====================================
Loop: 363
  Solve: 657.8972ms
Step: 1649.9822ms
====================================
Loop: 364
  Solve: 653.7805ms
Step: 1657.1045ms
====================================
Loop: 365
  Solve: 652.9919ms
Step: 1654.4590ms
====================================
Loop: 366
  Solve: 649.2068ms
Step: 1635.0575ms
====================================
Loop: 367
  Solve: 650.4720ms
Step: 1631.0261ms
====================================
Loop: 368
  Solve: 679.1633ms
Step: 1685.4590ms
====================================
Loop: 369
  Solve: 642.6505ms
Step: 1627.9402ms
====================================
Loop: 370
  Solve: 642.0836ms
Step: 1609.7985ms
====================================
Loop: 371
  Solve: 695.2028ms
Step: 1676.5493ms
====================================
Loop: 372
  Solve: 633.1749ms
Step: 1601.0459ms
====================================
Loop: 373
  Solve: 634.7104ms
Step: 1591.0198ms
====================================
Loop: 374
  Solve: 653.7842ms
Step: 1624.4438ms
====================================
Loop: 375
  Solve: 640.0697ms
Step: 1619.0349ms
====================================
Loop: 376
  Solve: 667.1068ms
Step: 1644.5042ms
====================================
Loop: 377
  Solve: 624.9155ms
Step: 1593.9301ms
====================================
Loop: 378
  Solve: 622.1963ms
Step: 1558.8013ms
====================================
Loop: 379
  Solve: 628.4321ms
Step: 1572.0918ms
====================================
Loop: 380
  Solve: 617.1654ms
Step: 1557.6021ms
====================================
Loop: 381
  Solve: 617.5964ms
Step: 1559.9399ms
====================================
Loop: 382
  Solve: 614.7835ms
Step: 1556.3833ms
====================================
Loop: 383
  Solve: 608.9698ms
Step: 1538.4666ms
====================================
Loop: 384
  Solve: 607.7460ms
Step: 1540.9775ms
====================================
Loop: 385
  Solve: 601.3640ms
Step: 1529.1174ms
====================================
Loop: 386
  Solve: 595.5821ms
Step: 1517.8921ms
====================================
Loop: 387
  Solve: 602.1409ms
Step: 1509.5349ms
====================================
Loop: 388
  Solve: 596.9083ms
Step: 1510.1243ms
====================================
Loop: 389
  Solve: 597.9072ms
Step: 1502.9329ms
====================================
Loop: 390
  Solve: 591.3560ms
Step: 1498.2625ms
====================================
Loop: 391
  Solve: 594.3608ms
Step: 1499.5522ms
====================================
Loop: 392
  Solve: 598.3768ms
Step: 1497.3666ms
====================================
Loop: 393
  Solve: 596.4291ms
Step: 1520.4132ms
====================================
Loop: 394
  Solve: 590.3869ms
Step: 1483.1298ms
====================================
Loop: 395
  Solve: 587.9693ms
Step: 1479.3523ms
====================================
Loop: 396
  Solve: 583.7534ms
Step: 1476.5413ms
====================================
Loop: 397
  Solve: 585.1109ms
Step: 1467.6713ms
====================================
Loop: 398
  Solve: 584.0407ms
Step: 1474.8287ms
====================================
Loop: 399
  Solve: 583.3652ms
Step: 1462.3362ms
====================================
Loop: 400
  Solve: 583.2120ms
Step: 1450.1062ms
====================================
Loop: 401
  Solve: 581.0623ms
Step: 1449.3829ms
====================================
Loop: 402
  Solve: 579.6005ms
Step: 1438.8286ms
====================================
Loop: 403
  Solve: 575.9871ms
Step: 1436.1910ms
====================================
Loop: 404
  Solve: 572.1948ms
Step: 1444.5083ms
====================================
Loop: 405
  Solve: 572.4655ms
Step: 1429.4749ms
====================================
Loop: 406
  Solve: 571.2921ms
Step: 1420.3506ms
====================================
Loop: 407
  Solve: 568.6587ms
Step: 1425.4169ms
====================================
Loop: 408
  Solve: 566.9630ms
Step: 1414.8049ms
====================================
Loop: 409
  Solve: 570.5480ms
Step: 1401.4651ms
====================================
Loop: 410
  Solve: 564.6333ms
Step: 1403.7173ms
====================================
Loop: 411
  Solve: 567.5897ms
Step: 1395.5140ms
====================================
Loop: 412
  Solve: 560.4601ms
Step: 1403.2491ms
====================================
Loop: 413
  Solve: 562.1401ms
Step: 1396.6328ms
====================================
Loop: 414
  Solve: 560.7300ms
Step: 1379.6229ms
====================================
Loop: 415
  Solve: 558.4761ms
Step: 1379.2129ms
====================================
Loop: 416
  Solve: 557.7275ms
Step: 1377.3973ms
====================================
Loop: 417
  Solve: 560.4268ms
Step: 1376.0228ms
====================================
Loop: 418
  Solve: 555.6746ms
Step: 1373.7469ms
====================================
Loop: 419
  Solve: 556.4302ms
Step: 1376.2397ms
====================================
Loop: 420
  Solve: 553.7957ms
Step: 1370.8698ms
====================================
Loop: 421
  Solve: 559.1393ms
Step: 1371.9568ms
====================================
Loop: 422
  Solve: 556.6996ms
Step: 1373.1736ms
====================================
Loop: 423
  Solve: 554.0836ms
Step: 1394.6797ms
====================================
Loop: 424
  Solve: 554.7014ms
Step: 1363.6417ms
====================================
Loop: 425
  Solve: 555.4829ms
Step: 1364.1060ms
====================================
Loop: 426
  Solve: 548.8837ms
Step: 1355.2095ms
====================================
Loop: 427
  Solve: 548.8770ms
Step: 1340.1991ms
====================================
Loop: 428
  Solve: 627.7566ms
Step: 1427.8470ms
====================================
Loop: 429
  Solve: 547.4021ms
Step: 1346.1384ms
====================================
Loop: 430
  Solve: 547.5035ms
Step: 1338.2778ms
====================================
Loop: 431
  Solve: 550.7878ms
Step: 1336.6661ms
====================================
Loop: 432
  Solve: 548.5344ms
Step: 1333.9543ms
====================================
Loop: 433
  Solve: 544.9797ms
Step: 1317.8904ms
====================================
Loop: 434
  Solve: 546.0665ms
Step: 1329.2192ms
====================================
Loop: 435
  Solve: 542.1811ms
Step: 1325.9254ms
====================================
Loop: 436
  Solve: 543.7009ms
Step: 1308.3218ms
====================================
Loop: 437
  Solve: 542.9568ms
Step: 1320.5798ms
====================================
Loop: 438
  Solve: 538.0847ms
Step: 1310.0046ms
====================================
Loop: 439
  Solve: 541.4296ms
Step: 1306.2284ms
====================================
Loop: 440
  Solve: 539.4362ms
Step: 1306.1796ms
====================================
Loop: 441
  Solve: 535.4832ms
Step: 1298.6912ms
====================================
Loop: 442
  Solve: 542.2480ms
Step: 1304.1714ms
====================================
Loop: 443
  Solve: 537.4205ms
Step: 1296.5608ms
====================================
Loop: 444
  Solve: 530.4474ms
Step: 1286.0774ms
====================================
Loop: 445
  Solve: 532.3685ms
Step: 1291.7319ms
====================================
Loop: 446
  Solve: 532.6661ms
Step: 1280.3859ms
====================================
Loop: 447
  Solve: 527.9016ms
Step: 1282.7876ms
====================================
Loop: 448
  Solve: 529.6998ms
Step: 1279.9968ms
====================================
Loop: 449
  Solve: 534.9540ms
Step: 1280.7595ms
====================================
Loop: 450
  Solve: 532.5078ms
Step: 1272.2500ms
====================================
Loop: 451
  Solve: 528.3691ms
Step: 1270.9946ms
====================================
Loop: 452
  Solve: 528.9317ms
Step: 1273.2283ms
====================================
Loop: 453
  Solve: 531.3287ms
Step: 1272.2336ms
====================================
Loop: 454
  Solve: 532.4102ms
Step: 1267.4585ms
====================================
Loop: 455
  Solve: 530.9357ms
Step: 1272.4022ms
====================================
Loop: 456
  Solve: 534.4969ms
Step: 1266.1912ms
====================================
Loop: 457
  Solve: 528.3209ms
Step: 1260.4045ms
====================================
Loop: 458
  Solve: 525.8494ms
Step: 1263.3245ms
====================================
Loop: 459
  Solve: 527.5530ms
Step: 1264.4025ms
====================================
Loop: 460
  Solve: 532.0101ms
Step: 1254.0919ms
====================================
Loop: 461
  Solve: 530.0308ms
Step: 1251.5742ms
====================================
Loop: 462
  Solve: 533.7250ms
Step: 1266.6548ms
====================================
Loop: 463
  Solve: 533.3459ms
Step: 1259.2426ms
====================================
Loop: 464
  Solve: 533.7838ms
Step: 1248.3153ms
====================================
Loop: 465
  Solve: 531.4192ms
Step: 1252.5853ms
====================================
Loop: 466
  Solve: 526.6367ms
Step: 1252.2767ms
====================================
Loop: 467
  Solve: 530.0783ms
Step: 1252.5303ms
====================================
Loop: 468
  Solve: 534.3858ms
Step: 1250.2527ms
====================================
Loop: 469
  Solve: 587.8539ms
Step: 1316.3390ms
====================================
Loop: 470
  Solve: 530.9347ms
Step: 1254.2458ms
====================================
Loop: 471
  Solve: 526.7759ms
Step: 1237.7223ms
====================================
Loop: 472
  Solve: 527.8218ms
Step: 1235.6650ms
====================================
Loop: 473
  Solve: 526.1203ms
Step: 1231.9319ms
====================================
Loop: 474
  Solve: 528.5422ms
Step: 1239.1362ms
====================================
Loop: 475
  Solve: 527.0513ms
Step: 1235.8177ms
====================================
Loop: 476
  Solve: 532.3990ms
Step: 1231.8169ms
====================================
Loop: 477
  Solve: 525.7849ms
Step: 1228.1127ms
====================================
Loop: 478
  Solve: 528.7367ms
Step: 1242.5083ms
====================================
Loop: 479
  Solve: 528.1985ms
Step: 1235.7334ms
====================================
Loop: 480
  Solve: 532.9688ms
Step: 1224.7585ms
====================================
Loop: 481
  Solve: 527.0283ms
Step: 1226.0715ms
====================================
Loop: 482
  Solve: 530.3456ms
Step: 1230.6368ms
====================================
Loop: 483
  Solve: 530.1192ms
Step: 1229.3303ms
====================================
Loop: 484
  Solve: 528.3719ms
Step: 1239.2067ms
====================================
Loop: 485
  Solve: 529.3693ms
Step: 1219.8958ms
====================================
Loop: 486
  Solve: 528.7763ms
Step: 1217.4409ms
====================================
Loop: 487
  Solve: 526.4946ms
Step: 1222.6467ms
====================================
Loop: 488
  Solve: 528.2747ms
Step: 1227.7802ms
====================================
Loop: 489
  Solve: 528.6154ms
Step: 1217.0391ms
====================================
Loop: 490
  Solve: 530.7324ms
Step: 1217.7253ms
====================================
Loop: 491
  Solve: 527.7469ms
Step: 1211.5502ms
====================================
Loop: 492
  Solve: 523.8715ms
Step: 1211.2725ms
====================================
Loop: 493
  Solve: 528.7858ms
Step: 1218.4744ms
====================================
Loop: 494
  Solve: 527.4600ms
Step: 1209.2145ms
====================================
Loop: 495
  Solve: 531.0112ms
Step: 1211.4213ms
====================================
Loop: 496
  Solve: 528.5714ms
Step: 1222.9524ms
====================================
Loop: 497
  Solve: 536.6582ms
Step: 1234.9530ms
====================================
Loop: 498
  Solve: 538.0400ms
Step: 1226.9434ms
====================================
Loop: 499
  Solve: 534.4683ms
Step: 1224.7936ms
====================================
Loop: 500
  Solve: 534.1821ms
Step: 1219.8749ms
====================================
