Using platform vendor: Intel(R) Corporation
Loop: 0
  Solve: 0.0008ms
Step: 600.1361ms
====================================
Loop: 1
  Solve: 0.0013ms
Step: 296.9234ms
====================================
Loop: 2
  Solve: 0.0010ms
Step: 288.4774ms
====================================
Loop: 3
  Solve: 0.0013ms
Step: 296.9525ms
====================================
Loop: 4
  Solve: 0.0014ms
Step: 294.7412ms
====================================
Loop: 5
  Solve: 0.0017ms
Step: 290.9660ms
====================================
Loop: 6
  Solve: 0.0011ms
Step: 292.6149ms
====================================
Loop: 7
  Solve: 0.0011ms
Step: 296.6165ms
====================================
Loop: 8
  Solve: 0.0013ms
Step: 292.4129ms
====================================
Loop: 9
  Solve: 0.0012ms
Step: 292.5771ms
====================================
Loop: 10
  Solve: 0.0017ms
Step: 292.8448ms
====================================
Loop: 11
  Solve: 0.0012ms
Step: 296.2547ms
====================================
Loop: 12
  Solve: 0.0013ms
Step: 288.9691ms
====================================
Loop: 13
  Solve: 0.0013ms
Step: 293.8773ms
====================================
Loop: 14
  Solve: 0.0011ms
Step: 291.9368ms
====================================
Loop: 15
  Solve: 0.0012ms
Step: 292.3912ms
====================================
Loop: 16
  Solve: 0.0015ms
Step: 293.3441ms
====================================
Loop: 17
  Solve: 0.0012ms
Step: 291.5986ms
====================================
Loop: 18
  Solve: 0.0012ms
Step: 696.5013ms
====================================
Loop: 19
  Solve: 0.0023ms
Step: 328.9817ms
====================================
Loop: 20
  Solve: 0.0012ms
Step: 322.6831ms
====================================
Loop: 21
  Solve: 0.0012ms
Step: 289.9734ms
====================================
Loop: 22
  Solve: 0.0012ms
Step: 293.6763ms
====================================
Loop: 23
  Solve: 0.0013ms
Step: 300.8296ms
====================================
Loop: 24
  Solve: 0.0012ms
Step: 305.2014ms
====================================
Loop: 25
  Solve: 0.0021ms
Step: 327.5656ms
====================================
Loop: 26
  Solve: 0.0009ms
Step: 800.8680ms
====================================
Loop: 27
  Solve: 0.0011ms
Step: 358.4973ms
====================================
Loop: 28
  Solve: 0.0013ms
Step: 351.7468ms
====================================
Loop: 29
  Solve: 0.0013ms
Step: 335.3853ms
====================================
Loop: 30
  Solve: 0.0012ms
Step: 309.3735ms
====================================
Loop: 31
  Solve: 0.0015ms
Step: 292.1073ms
====================================
Loop: 32
  Solve: 0.0011ms
Step: 289.5168ms
====================================
Loop: 33
  Solve: 0.0012ms
Step: 697.1661ms
====================================
Loop: 34
  Solve: 0.0013ms
Step: 289.8324ms
====================================
Loop: 35
  Solve: 0.0013ms
Step: 290.2367ms
====================================
Loop: 36
  Solve: 0.0014ms
Step: 293.1400ms
====================================
Loop: 37
  Solve: 0.0011ms
Step: 291.4040ms
====================================
Loop: 38
  Solve: 0.0012ms
Step: 693.0472ms
====================================
Loop: 39
  Solve: 0.0012ms
Step: 292.6541ms
====================================
Loop: 40
  Solve: 0.0013ms
Step: 293.2656ms
====================================
Loop: 41
  Solve: 0.0012ms
Step: 291.1483ms
====================================
Loop: 42
  Solve: 0.0013ms
Step: 291.8395ms
====================================
Loop: 43
  Solve: 0.0012ms
Step: 697.1522ms
====================================
Loop: 44
  Solve: 0.0011ms
Step: 292.2289ms
====================================
Loop: 45
  Solve: 0.0011ms
Step: 288.4595ms
====================================
Loop: 46
  Solve: 0.0013ms
Step: 298.9077ms
====================================
Loop: 47
  Solve: 0.0012ms
Step: 692.1716ms
====================================
Loop: 48
  Solve: 0.0015ms
Step: 297.0891ms
====================================
Loop: 49
  Solve: 0.0011ms
Step: 293.8142ms
====================================
Loop: 50
  Solve: 0.0012ms
Step: 292.7989ms
====================================
Loop: 51
  Solve: 0.0014ms
Step: 700.3666ms
====================================
Loop: 52
  Solve: 0.0011ms
Step: 291.5479ms
====================================
Loop: 53
  Solve: 0.0013ms
Step: 294.7561ms
====================================
Loop: 54
  Solve: 7.8342ms
Step: 307.5682ms
====================================
Loop: 55
  Solve: 8.8384ms
Step: 701.3243ms
====================================
Loop: 56
  Solve: 8.7131ms
Step: 305.9676ms
====================================
Loop: 57
  Solve: 10.6284ms
Step: 310.9944ms
====================================
Loop: 58
  Solve: 14.3343ms
Step: 314.7093ms
====================================
Loop: 59
  Solve: 15.5291ms
Step: 697.2095ms
====================================
Loop: 60
  Solve: 18.8141ms
Step: 322.9926ms
====================================
Loop: 61
  Solve: 20.0945ms
Step: 333.3972ms
====================================
Loop: 62
  Solve: 22.7511ms
Step: 686.9706ms
====================================
Loop: 63
  Solve: 26.0741ms
Step: 342.1379ms
====================================
Loop: 64
  Solve: 28.8220ms
Step: 345.6254ms
====================================
Loop: 65
  Solve: 32.8648ms
Step: 696.1241ms
====================================
Loop: 66
  Solve: 34.3145ms
Step: 354.2243ms
====================================
Loop: 67
  Solve: 41.2698ms
Step: 363.2192ms
====================================
Loop: 68
  Solve: 45.5078ms
Step: 707.9157ms
====================================
Loop: 69
  Solve: 49.6396ms
Step: 382.9216ms
====================================
Loop: 70
  Solve: 54.4566ms
Step: 439.3925ms
====================================
Loop: 71
  Solve: 53.9986ms
Step: 706.7301ms
====================================
Loop: 72
  Solve: 55.3922ms
Step: 393.7256ms
====================================
Loop: 73
  Solve: 60.4409ms
Step: 395.8917ms
====================================
Loop: 74
  Solve: 63.5102ms
Step: 702.6122ms
====================================
Loop: 75
  Solve: 67.2103ms
Step: 415.6950ms
====================================
Loop: 76
  Solve: 72.8483ms
Step: 424.7049ms
====================================
Loop: 77
  Solve: 81.9866ms
Step: 721.0401ms
====================================
Loop: 78
  Solve: 89.6416ms
Step: 455.4886ms
====================================
Loop: 79
  Solve: 97.9697ms
Step: 470.1923ms
====================================
Loop: 80
  Solve: 100.7526ms
Step: 745.4041ms
====================================
Loop: 81
  Solve: 111.2591ms
Step: 488.6671ms
====================================
Loop: 82
  Solve: 122.5213ms
Step: 497.2558ms
====================================
Loop: 83
  Solve: 124.4468ms
Step: 759.5499ms
====================================
Loop: 84
  Solve: 133.7819ms
Step: 522.9909ms
====================================
Loop: 85
  Solve: 133.5350ms
Step: 524.3430ms
====================================
Loop: 86
  Solve: 144.9606ms
Step: 784.3331ms
====================================
Loop: 87
  Solve: 151.9037ms
Step: 551.9944ms
====================================
Loop: 88
  Solve: 153.2751ms
Step: 615.3463ms
====================================
Loop: 89
  Solve: 157.1140ms
Step: 803.3300ms
====================================
Loop: 90
  Solve: 171.9792ms
Step: 589.2809ms
====================================
Loop: 91
  Solve: 172.9328ms
Step: 597.9167ms
====================================
Loop: 92
  Solve: 182.7208ms
Step: 832.8878ms
====================================
Loop: 93
  Solve: 191.9062ms
Step: 626.8877ms
====================================
Loop: 94
  Solve: 186.7166ms
Step: 837.4228ms
====================================
Loop: 95
  Solve: 198.1124ms
Step: 653.4739ms
====================================
Loop: 96
  Solve: 208.9856ms
Step: 867.1071ms
====================================
Loop: 97
  Solve: 208.3068ms
Step: 682.3802ms
====================================
Loop: 98
  Solve: 210.9267ms
Step: 883.3630ms
====================================
Loop: 99
  Solve: 225.7272ms
Step: 795.9609ms
====================================
Loop: 100
  Solve: 225.6357ms
Step: 905.7175ms
====================================
Loop: 101
  Solve: 229.6365ms
Step: 758.5438ms
====================================
Loop: 102
  Solve: 237.2478ms
Step: 934.2737ms
====================================
Loop: 103
  Solve: 237.2916ms
Step: 790.6411ms
====================================
Loop: 104
  Solve: 246.8632ms
Step: 960.2430ms
====================================
Loop: 105
  Solve: 248.3007ms
Step: 829.2753ms
====================================
Loop: 106
  Solve: 258.0203ms
Step: 995.2001ms
====================================
Loop: 107
  Solve: 259.6151ms
Step: 867.6176ms
====================================
Loop: 108
  Solve: 261.0743ms
Step: 1017.6805ms
====================================
Loop: 109
  Solve: 263.0952ms
Step: 902.6135ms
====================================
Loop: 110
  Solve: 271.9565ms
Step: 1043.8385ms
====================================
Loop: 111
  Solve: 278.0672ms
Step: 953.4623ms
====================================
Loop: 112
  Solve: 284.7901ms
Step: 1160.0868ms
====================================
Loop: 113
  Solve: 290.3163ms
Step: 1001.8378ms
====================================
Loop: 114
  Solve: 290.9882ms
Step: 1123.0243ms
====================================
Loop: 115
  Solve: 295.8227ms
Step: 1041.3080ms
====================================
Loop: 116
  Solve: 318.2118ms
Step: 1174.6158ms
====================================
Loop: 117
  Solve: 307.1274ms
Step: 1102.0103ms
====================================
Loop: 118
  Solve: 311.4865ms
Step: 1209.2629ms
====================================
Loop: 119
  Solve: 320.3935ms
Step: 1231.0367ms
====================================
Loop: 120
  Solve: 322.3884ms
Step: 1266.9164ms
====================================
Loop: 121
  Solve: 331.3484ms
Step: 1223.7122ms
====================================
Loop: 122
  Solve: 332.5524ms
Step: 1326.8950ms
====================================
Loop: 123
  Solve: 332.7073ms
Step: 1290.0635ms
====================================
Loop: 124
  Solve: 353.4034ms
Step: 1387.2457ms
====================================
Loop: 125
  Solve: 346.7703ms
Step: 1347.1880ms
====================================
Loop: 126
  Solve: 337.9167ms
Step: 1407.4509ms
====================================
Loop: 127
  Solve: 345.1833ms
Step: 1387.4504ms
====================================
Loop: 128
  Solve: 346.1678ms
Step: 1431.9761ms
====================================
Loop: 129
  Solve: 353.0690ms
Step: 1439.0177ms
====================================
Loop: 130
  Solve: 345.3249ms
Step: 1474.8352ms
====================================
Loop: 131
  Solve: 362.1002ms
Step: 1489.2980ms
====================================
Loop: 132
  Solve: 358.1884ms
Step: 1514.7228ms
====================================
Loop: 133
  Solve: 358.4328ms
Step: 1561.1219ms
====================================
Loop: 134
  Solve: 361.2539ms
Step: 1553.5007ms
====================================
Loop: 135
  Solve: 369.7474ms
Step: 1556.4427ms
====================================
Loop: 136
  Solve: 352.9531ms
Step: 1548.3950ms
====================================
Loop: 137
  Solve: 347.1715ms
Step: 1533.4551ms
====================================
Loop: 138
  Solve: 337.0912ms
Step: 1534.9771ms
====================================
Loop: 139
  Solve: 334.5011ms
Step: 1529.2065ms
====================================
Loop: 140
  Solve: 323.1877ms
Step: 1525.9978ms
====================================
Loop: 141
  Solve: 316.8620ms
Step: 1527.7207ms
====================================
Loop: 142
  Solve: 321.3364ms
Step: 1525.8617ms
====================================
Loop: 143
  Solve: 316.4860ms
Step: 1522.7950ms
====================================
Loop: 144
  Solve: 304.1557ms
Step: 1554.9440ms
====================================
Loop: 145
  Solve: 309.0267ms
Step: 1518.8606ms
====================================
Loop: 146
  Solve: 302.2526ms
Step: 1523.6753ms
====================================
Loop: 147
  Solve: 304.5005ms
Step: 1509.2867ms
====================================
Loop: 148
  Solve: 297.3806ms
Step: 1514.5142ms
====================================
Loop: 149
  Solve: 293.8181ms
Step: 1499.3723ms
====================================
Loop: 150
  Solve: 286.2324ms
Step: 1509.1757ms
====================================
Loop: 151
  Solve: 287.4359ms
Step: 1504.0745ms
====================================
Loop: 152
  Solve: 280.6753ms
Step: 1496.6840ms
====================================
Loop: 153
  Solve: 274.1344ms
Step: 1488.9771ms
====================================
Loop: 154
  Solve: 271.8221ms
Step: 1549.5383ms
====================================
Loop: 155
  Solve: 269.1180ms
Step: 1485.8909ms
====================================
Loop: 156
  Solve: 253.0132ms
Step: 1470.9353ms
====================================
Loop: 157
  Solve: 260.3252ms
Step: 1474.1028ms
====================================
Loop: 158
  Solve: 252.8200ms
Step: 1474.0992ms
====================================
Loop: 159
  Solve: 250.2118ms
Step: 1467.6726ms
====================================
Loop: 160
  Solve: 250.3644ms
Step: 1465.8252ms
====================================
Loop: 161
  Solve: 246.7937ms
Step: 1458.1611ms
====================================
Loop: 162
  Solve: 239.1468ms
Step: 1447.0205ms
====================================
Loop: 163
  Solve: 232.4729ms
Step: 1438.6235ms
====================================
Loop: 164
  Solve: 230.2018ms
Step: 1437.7664ms
====================================
Loop: 165
  Solve: 245.6244ms
Step: 1464.6410ms
====================================
Loop: 166
  Solve: 226.6512ms
Step: 1433.8279ms
====================================
Loop: 167
  Solve: 227.3406ms
Step: 1466.2861ms
====================================
Loop: 168
  Solve: 208.7383ms
Step: 1410.3175ms
====================================
Loop: 169
  Solve: 205.7156ms
Step: 1430.3589ms
====================================
Loop: 170
  Solve: 216.0483ms
Step: 1414.8986ms
====================================
Loop: 171
  Solve: 202.8882ms
Step: 1398.1818ms
====================================
Loop: 172
  Solve: 214.6699ms
Step: 1393.7734ms
====================================
Loop: 173
  Solve: 193.7786ms
Step: 1384.5081ms
====================================
Loop: 174
  Solve: 188.2353ms
Step: 1372.2053ms
====================================
Loop: 175
  Solve: 192.3929ms
Step: 1393.4374ms
====================================
Loop: 176
  Solve: 198.1208ms
Step: 1387.9539ms
====================================
Loop: 177
  Solve: 185.6831ms
Step: 1385.6199ms
====================================
Loop: 178
  Solve: 183.7104ms
Step: 1392.5265ms
====================================
Loop: 179
  Solve: 182.7106ms
Step: 1388.4146ms
====================================
Loop: 180
  Solve: 197.6309ms
Step: 1373.6584ms
====================================
Loop: 181
  Solve: 185.2648ms
Step: 1362.6741ms
====================================
Loop: 182
  Solve: 177.6526ms
Step: 1352.5599ms
====================================
Loop: 183
  Solve: 180.4668ms
Step: 1355.2239ms
====================================
Loop: 184
  Solve: 180.5487ms
Step: 1345.4246ms
====================================
Loop: 185
  Solve: 178.2579ms
Step: 1354.0981ms
====================================
Loop: 186
  Solve: 180.2527ms
Step: 1356.5222ms
====================================
Loop: 187
  Solve: 184.4226ms
Step: 1339.0028ms
====================================
Loop: 188
  Solve: 177.6098ms
Step: 1407.6752ms
====================================
Loop: 189
  Solve: 176.5689ms
Step: 1349.1326ms
====================================
Loop: 190
  Solve: 178.0092ms
Step: 1349.1511ms
====================================
Loop: 191
  Solve: 191.6205ms
Step: 1345.0520ms
====================================
Loop: 192
  Solve: 175.1002ms
Step: 1396.7164ms
====================================
Loop: 193
  Solve: 178.8383ms
Step: 1331.6582ms
====================================
Loop: 194
  Solve: 181.1582ms
Step: 1326.5969ms
====================================
Loop: 195
  Solve: 176.1045ms
Step: 1340.6444ms
====================================
Loop: 196
  Solve: 179.4611ms
Step: 1374.1772ms
====================================
Loop: 197
  Solve: 186.1215ms
Step: 1328.7852ms
====================================
Loop: 198
  Solve: 175.6073ms
Step: 1317.3674ms
====================================
Loop: 199
  Solve: 175.7685ms
Step: 1316.5094ms
====================================
Loop: 200
  Solve: 180.1210ms
Step: 1314.2299ms
====================================
Loop: 201
  Solve: 178.1888ms
Step: 1312.8317ms
====================================
Loop: 202
  Solve: 200.3450ms
Step: 1354.7109ms
====================================
Loop: 203
  Solve: 182.3743ms
Step: 1313.2906ms
====================================
Loop: 204
  Solve: 177.3491ms
Step: 1321.0579ms
====================================
Loop: 205
  Solve: 179.2703ms
Step: 1328.7915ms
====================================
Loop: 206
  Solve: 190.2381ms
Step: 1323.0945ms
====================================
Loop: 207
  Solve: 178.8770ms
Step: 1325.5107ms
====================================
Loop: 208
  Solve: 183.9595ms
Step: 1328.9833ms
====================================
Loop: 209
  Solve: 196.2063ms
Step: 1338.4927ms
====================================
Loop: 210
  Solve: 199.7449ms
Step: 1377.4606ms
====================================
Loop: 211
  Solve: 178.5836ms
Step: 1324.6615ms
====================================
Loop: 212
  Solve: 189.3723ms
Step: 1324.0300ms
====================================
Loop: 213
  Solve: 180.1635ms
Step: 1329.1636ms
====================================
Loop: 214
  Solve: 184.9090ms
Step: 1413.9200ms
====================================
Loop: 215
  Solve: 191.6129ms
Step: 1333.8374ms
====================================
Loop: 216
  Solve: 182.5594ms
Step: 1346.0068ms
====================================
Loop: 217
  Solve: 182.5963ms
Step: 1381.4551ms
====================================
Loop: 218
  Solve: 188.3449ms
Step: 1358.3759ms
====================================
Loop: 219
  Solve: 203.9752ms
Step: 1390.1638ms
====================================
Loop: 220
  Solve: 184.7477ms
Step: 1401.2168ms
====================================
Loop: 221
  Solve: 183.0223ms
Step: 1367.0249ms
====================================
Loop: 222
  Solve: 189.8459ms
Step: 1360.3276ms
====================================
Loop: 223
  Solve: 203.5583ms
Step: 1363.6857ms
====================================
Loop: 224
  Solve: 197.7673ms
Step: 1419.9725ms
====================================
Loop: 225
  Solve: 187.2193ms
Step: 1372.9031ms
====================================
Loop: 226
  Solve: 189.4991ms
Step: 1364.7017ms
====================================
Loop: 227
  Solve: 191.7197ms
Step: 1372.4275ms
====================================
Loop: 228
  Solve: 202.0755ms
Step: 1369.0302ms
====================================
Loop: 229
  Solve: 189.6433ms
Step: 1372.7787ms
====================================
Loop: 230
  Solve: 197.3041ms
Step: 1367.9836ms
====================================
Loop: 231
  Solve: 202.9761ms
Step: 1363.0430ms
====================================
Loop: 232
  Solve: 192.8021ms
Step: 1371.1790ms
====================================
Loop: 233
  Solve: 194.9088ms
Step: 1371.4492ms
====================================
Loop: 234
  Solve: 234.4067ms
Step: 1429.6912ms
====================================
Loop: 235
  Solve: 197.9625ms
Step: 1365.4409ms
====================================
Loop: 236
  Solve: 196.1763ms
Step: 1364.2622ms
====================================
Loop: 237
  Solve: 195.3454ms
Step: 1364.8289ms
====================================
Loop: 238
  Solve: 203.4890ms
Step: 1368.7373ms
====================================
Loop: 239
  Solve: 202.4340ms
Step: 1355.6401ms
====================================
Loop: 240
  Solve: 201.6021ms
Step: 1422.6908ms
====================================
Loop: 241
  Solve: 192.3680ms
Step: 1375.1440ms
====================================
Loop: 242
  Solve: 197.2905ms
Step: 1380.4883ms
====================================
Loop: 243
  Solve: 206.2019ms
Step: 1375.4209ms
====================================
Loop: 244
  Solve: 196.6622ms
Step: 1382.4094ms
====================================
Loop: 245
  Solve: 202.9783ms
Step: 1411.1382ms
====================================
Loop: 246
  Solve: 197.4491ms
Step: 1378.1221ms
====================================
Loop: 247
  Solve: 200.1955ms
Step: 1368.0614ms
====================================
Loop: 248
  Solve: 197.9069ms
Step: 1371.1128ms
====================================
Loop: 249
  Solve: 197.7748ms
Step: 1373.5333ms
====================================
Loop: 250
  Solve: 196.7181ms
Step: 1373.3264ms
====================================
Loop: 251
  Solve: 200.0585ms
Step: 1368.8232ms
====================================
Loop: 252
  Solve: 197.4950ms
Step: 1367.7822ms
====================================
Loop: 253
  Solve: 195.6237ms
Step: 1380.3119ms
====================================
Loop: 254
  Solve: 198.9986ms
Step: 1378.8193ms
====================================
Loop: 255
  Solve: 199.5339ms
Step: 1374.9910ms
====================================
Loop: 256
  Solve: 196.1963ms
Step: 1374.8977ms
====================================
Loop: 257
  Solve: 200.0047ms
Step: 1379.4177ms
====================================
Loop: 258
  Solve: 199.6470ms
Step: 1367.2474ms
====================================
Loop: 259
  Solve: 275.0826ms
Step: 1449.3655ms
====================================
Loop: 260
  Solve: 200.3531ms
Step: 1371.6847ms
====================================
Loop: 261
  Solve: 194.9695ms
Step: 1377.1464ms
====================================
Loop: 262
  Solve: 204.4048ms
Step: 1412.2168ms
====================================
Loop: 263
  Solve: 203.5937ms
Step: 1397.2012ms
====================================
Loop: 264
  Solve: 207.4032ms
Step: 1417.8204ms
====================================
Loop: 265
  Solve: 204.7529ms
Step: 1379.3743ms
====================================
Loop: 266
  Solve: 199.7704ms
Step: 1395.9094ms
====================================
Loop: 267
  Solve: 202.4121ms
Step: 1377.6818ms
====================================
Loop: 268
  Solve: 212.3059ms
Step: 1393.5215ms
====================================
Loop: 269
  Solve: 209.7903ms
Step: 1381.8597ms
====================================
Loop: 270
  Solve: 202.7268ms
Step: 1395.5111ms
====================================
Loop: 271
  Solve: 200.5633ms
Step: 1402.9956ms
====================================
Loop: 272
  Solve: 204.3385ms
Step: 1383.6672ms
====================================
Loop: 273
  Solve: 207.4114ms
Step: 1401.5767ms
====================================
Loop: 274
  Solve: 206.2415ms
Step: 1397.8547ms
====================================
Loop: 275
  Solve: 201.1479ms
Step: 1397.9822ms
====================================
Loop: 276
  Solve: 201.5769ms
Step: 1385.8901ms
====================================
Loop: 277
  Solve: 214.9677ms
Step: 1404.5155ms
====================================
Loop: 278
  Solve: 207.3863ms
Step: 1417.1228ms
====================================
Loop: 279
  Solve: 207.3356ms
Step: 1425.0596ms
====================================
Loop: 280
  Solve: 201.1766ms
Step: 1406.3809ms
====================================
Loop: 281
  Solve: 204.1710ms
Step: 1454.0867ms
====================================
Loop: 282
  Solve: 214.3833ms
Step: 1428.5151ms
====================================
Loop: 283
  Solve: 211.1429ms
Step: 1405.6045ms
====================================
Loop: 284
  Solve: 206.3016ms
Step: 1432.2697ms
====================================
Loop: 285
  Solve: 204.9816ms
Step: 1411.8729ms
====================================
Loop: 286
  Solve: 201.9972ms
Step: 1409.0868ms
====================================
Loop: 287
  Solve: 206.4612ms
Step: 1416.7471ms
====================================
Loop: 288
  Solve: 207.2733ms
Step: 1397.1178ms
====================================
Loop: 289
  Solve: 216.9358ms
Step: 1468.7834ms
====================================
Loop: 290
  Solve: 208.8517ms
Step: 1414.3193ms
====================================
Loop: 291
  Solve: 215.7295ms
Step: 1469.2938ms
====================================
Loop: 292
  Solve: 202.5686ms
Step: 1404.5083ms
====================================
Loop: 293
  Solve: 202.8218ms
Step: 1416.7605ms
====================================
Loop: 294
  Solve: 213.1053ms
Step: 1410.9503ms
====================================
Loop: 295
  Solve: 206.5393ms
Step: 1394.3765ms
====================================
Loop: 296
  Solve: 218.7544ms
Step: 1467.9242ms
====================================
Loop: 297
  Solve: 205.8086ms
Step: 1395.9985ms
====================================
Loop: 298
  Solve: 201.6459ms
Step: 1396.0148ms
====================================
Loop: 299
  Solve: 243.4144ms
Step: 1444.9883ms
====================================
Loop: 300
  Solve: 210.8239ms
Step: 1435.5603ms
====================================
Loop: 301
  Solve: 216.8054ms
Step: 1398.5691ms
====================================
Loop: 302
  Solve: 216.0534ms
Step: 1395.5178ms
====================================
Loop: 303
  Solve: 198.2495ms
Step: 1384.5367ms
====================================
Loop: 304
  Solve: 198.8468ms
Step: 1388.0278ms
====================================
Loop: 305
  Solve: 211.7973ms
Step: 1418.4724ms
====================================
Loop: 306
  Solve: 214.6430ms
Step: 1392.2938ms
====================================
Loop: 307
  Solve: 199.8010ms
Step: 1377.8215ms
====================================
Loop: 308
  Solve: 198.0247ms
Step: 1405.3097ms
====================================
Loop: 309
  Solve: 197.6171ms
Step: 1393.3043ms
====================================
Loop: 310
  Solve: 202.2657ms
Step: 1358.0918ms
====================================
Loop: 311
  Solve: 191.9206ms
Step: 1365.8386ms
====================================
Loop: 312
  Solve: 192.2872ms
Step: 1355.1716ms
====================================
Loop: 313
  Solve: 192.9314ms
Step: 1340.0825ms
====================================
Loop: 314
  Solve: 192.4508ms
Step: 1329.6206ms
====================================
Loop: 315
  Solve: 186.0469ms
Step: 1345.2568ms
====================================
Loop: 316
  Solve: 188.8039ms
Step: 1333.3042ms
====================================
Loop: 317
  Solve: 194.3655ms
Step: 1336.8628ms
====================================
Loop: 318
  Solve: 184.0348ms
Step: 1331.6575ms
====================================
Loop: 319
  Solve: 188.4447ms
Step: 1329.8157ms
====================================
Loop: 320
  Solve: 187.1085ms
Step: 1324.1584ms
====================================
Loop: 321
  Solve: 196.5780ms
Step: 1369.9114ms
====================================
Loop: 322
  Solve: 189.2995ms
Step: 1317.0925ms
====================================
Loop: 323
  Solve: 185.6470ms
Step: 1309.6206ms
====================================
Loop: 324
  Solve: 179.7414ms
Step: 1321.1908ms
====================================
Loop: 325
  Solve: 183.4929ms
Step: 1300.6965ms
====================================
Loop: 326
  Solve: 177.9825ms
Step: 1291.2412ms
====================================
Loop: 327
  Solve: 181.5926ms
Step: 1298.3757ms
====================================
Loop: 328
  Solve: 182.3325ms
Step: 1299.5272ms
====================================
Loop: 329
  Solve: 176.4649ms
Step: 1294.4795ms
====================================
Loop: 330
  Solve: 195.0798ms
Step: 1300.5942ms
====================================
Loop: 331
  Solve: 174.0087ms
Step: 1288.9136ms
====================================
Loop: 332
  Solve: 180.7380ms
Step: 1297.6890ms
====================================
Loop: 333
  Solve: 179.8977ms
Step: 1278.0424ms
====================================
Loop: 334
  Solve: 171.6157ms
Step: 1269.7151ms
====================================
Loop: 335
  Solve: 174.6983ms
Step: 1265.4866ms
====================================
Loop: 336
  Solve: 172.9834ms
Step: 1275.7847ms
====================================
Loop: 337
  Solve: 175.8457ms
Step: 1265.3346ms
====================================
Loop: 338
  Solve: 169.1737ms
Step: 1263.5498ms
====================================
Loop: 339
  Solve: 180.2942ms
Step: 1246.4790ms
====================================
Loop: 340
  Solve: 168.8887ms
Step: 1255.5126ms
====================================
Loop: 341
  Solve: 181.8464ms
Step: 1246.7026ms
====================================
Loop: 342
  Solve: 165.7069ms
Step: 1246.2389ms
====================================
Loop: 343
  Solve: 163.4400ms
Step: 1222.4694ms
====================================
Loop: 344
  Solve: 207.1142ms
Step: 1280.4984ms
====================================
Loop: 345
  Solve: 167.0242ms
Step: 1229.8071ms
====================================
Loop: 346
  Solve: 159.4614ms
Step: 1220.9373ms
====================================
Loop: 347
  Solve: 158.3495ms
Step: 1208.1102ms
====================================
Loop: 348
  Solve: 160.5612ms
Step: 1195.0586ms
====================================
Loop: 349
  Solve: 156.6006ms
Step: 1200.6312ms
====================================
Loop: 350
  Solve: 168.8605ms
Step: 1192.0382ms
====================================
Loop: 351
  Solve: 154.6852ms
Step: 1192.7605ms
====================================
Loop: 352
  Solve: 154.2945ms
Step: 1185.5848ms
====================================
Loop: 353
  Solve: 165.6982ms
Step: 1177.8949ms
====================================
Loop: 354
  Solve: 154.5984ms
Step: 1178.4670ms
====================================
Loop: 355
  Solve: 152.5475ms
Step: 1170.1067ms
====================================
Loop: 356
  Solve: 161.6031ms
Step: 1162.5671ms
====================================
Loop: 357
  Solve: 150.2489ms
Step: 1159.7372ms
====================================
Loop: 358
  Solve: 151.7603ms
Step: 1162.1851ms
====================================
Loop: 359
  Solve: 161.4333ms
Step: 1145.6021ms
====================================
Loop: 360
  Solve: 149.8091ms
Step: 1153.2969ms
====================================
Loop: 361
  Solve: 152.7861ms
Step: 1183.0172ms
====================================
Loop: 362
  Solve: 162.1269ms
Step: 1138.7366ms
====================================
Loop: 363
  Solve: 150.0485ms
Step: 1139.4275ms
====================================
Loop: 364
  Solve: 147.1289ms
Step: 1142.6406ms
====================================
Loop: 365
  Solve: 150.6523ms
Step: 1142.5841ms
====================================
Loop: 366
  Solve: 158.8160ms
Step: 1122.0720ms
====================================
Loop: 367
  Solve: 148.0632ms
Step: 1117.4154ms
====================================
Loop: 368
  Solve: 144.4063ms
Step: 1121.0468ms
====================================
Loop: 369
  Solve: 144.1223ms
Step: 1100.5875ms
====================================
Loop: 370
  Solve: 148.7058ms
Step: 1096.5988ms
====================================
Loop: 371
  Solve: 153.4678ms
Step: 1103.9763ms
====================================
Loop: 372
  Solve: 142.9391ms
Step: 1102.9977ms
====================================
Loop: 373
  Solve: 141.3388ms
Step: 1097.0717ms
====================================
Loop: 374
  Solve: 141.7147ms
Step: 1087.5029ms
====================================
Loop: 375
  Solve: 144.2244ms
Step: 1085.8223ms
====================================
Loop: 376
  Solve: 151.6033ms
Step: 1089.5616ms
====================================
Loop: 377
  Solve: 143.3279ms
Step: 1072.8046ms
====================================
Loop: 378
  Solve: 138.1804ms
Step: 1085.6050ms
====================================
Loop: 379
  Solve: 136.6241ms
Step: 1068.8496ms
====================================
Loop: 380
  Solve: 137.8245ms
Step: 1074.5972ms
====================================
Loop: 381
  Solve: 141.8328ms
Step: 1057.5881ms
====================================
Loop: 382
  Solve: 144.9948ms
Step: 1081.4243ms
====================================
Loop: 383
  Solve: 155.5712ms
Step: 1109.1910ms
====================================
Loop: 384
  Solve: 138.8500ms
Step: 1051.2036ms
====================================
Loop: 385
  Solve: 135.5032ms
Step: 1041.5790ms
====================================
Loop: 386
  Solve: 134.4639ms
Step: 1045.0356ms
====================================
Loop: 387
  Solve: 133.9103ms
Step: 1037.5620ms
====================================
Loop: 388
  Solve: 135.4721ms
Step: 1036.3618ms
====================================
Loop: 389
  Solve: 160.1873ms
Step: 1092.9413ms
====================================
Loop: 390
  Solve: 142.3878ms
Step: 1085.0781ms
====================================
Loop: 391
  Solve: 148.4967ms
Step: 1071.6935ms
====================================
Loop: 392
  Solve: 175.5235ms
Step: 1291.7064ms
====================================
Loop: 393
  Solve: 147.6018ms
Step: 1125.6390ms
====================================
Loop: 394
  Solve: 138.3168ms
Step: 1014.7707ms
====================================
Loop: 395
  Solve: 142.4170ms
Step: 1010.8555ms
====================================
Loop: 396
  Solve: 135.0812ms
Step: 1002.2885ms
====================================
Loop: 397
  Solve: 135.8793ms
Step: 1001.0017ms
====================================
Loop: 398
  Solve: 140.2106ms
Step: 1004.1783ms
====================================
Loop: 399
  Solve: 138.8714ms
Step: 994.0374ms
====================================
Loop: 400
  Solve: 135.4413ms
Step: 993.5086ms
====================================
Loop: 401
  Solve: 135.6451ms
Step: 992.3162ms
====================================
Loop: 402
  Solve: 136.2343ms
Step: 988.4563ms
====================================
Loop: 403
  Solve: 150.2820ms
Step: 998.0116ms
====================================
Loop: 404
  Solve: 129.7093ms
Step: 980.4493ms
====================================
Loop: 405
  Solve: 182.0123ms
Step: 1024.9188ms
====================================
Loop: 406
  Solve: 129.2765ms
Step: 980.0895ms
====================================
Loop: 407
  Solve: 132.9407ms
Step: 973.5253ms
====================================
Loop: 408
  Solve: 137.9537ms
Step: 975.9622ms
====================================
Loop: 409
  Solve: 132.5890ms
Step: 968.3145ms
====================================
Loop: 410
  Solve: 124.8218ms
Step: 951.2495ms
====================================
Loop: 411
  Solve: 136.9468ms
Step: 982.6830ms
====================================
Loop: 412
  Solve: 135.5320ms
Step: 979.6862ms
====================================
Loop: 413
  Solve: 134.6023ms
Step: 974.5607ms
====================================
Loop: 414
  Solve: 131.2125ms
Step: 963.8383ms
====================================
Loop: 415
  Solve: 132.9023ms
Step: 969.0786ms
====================================
Loop: 416
  Solve: 134.2387ms
Step: 960.7264ms
====================================
Loop: 417
  Solve: 138.5870ms
Step: 950.2549ms
====================================
Loop: 418
  Solve: 124.9258ms
Step: 928.7960ms
====================================
Loop: 419
  Solve: 135.2771ms
Step: 993.8417ms
====================================
Loop: 420
  Solve: 121.3415ms
Step: 929.7715ms
====================================
Loop: 421
  Solve: 122.3099ms
Step: 921.5526ms
====================================
Loop: 422
  Solve: 120.7751ms
Step: 923.1304ms
====================================
Loop: 423
  Solve: 120.8532ms
Step: 934.0432ms
====================================
Loop: 424
  Solve: 124.1758ms
Step: 926.6730ms
====================================
Loop: 425
  Solve: 128.6556ms
Step: 922.2474ms
====================================
Loop: 426
  Solve: 127.1323ms
Step: 917.2370ms
====================================
Loop: 427
  Solve: 124.4039ms
Step: 911.4620ms
====================================
Loop: 428
  Solve: 120.5255ms
Step: 906.7234ms
====================================
Loop: 429
  Solve: 119.5031ms
Step: 907.1111ms
====================================
Loop: 430
  Solve: 131.6382ms
Step: 917.7208ms
====================================
Loop: 431
  Solve: 122.1907ms
Step: 895.3138ms
====================================
Loop: 432
  Solve: 137.7855ms
Step: 958.6467ms
====================================
Loop: 433
  Solve: 120.6987ms
Step: 887.0359ms
====================================
Loop: 434
  Solve: 119.9198ms
Step: 899.4512ms
====================================
Loop: 435
  Solve: 121.8594ms
Step: 894.7244ms
====================================
Loop: 436
  Solve: 122.4896ms
Step: 898.8616ms
====================================
Loop: 437
  Solve: 121.5344ms
Step: 884.8378ms
====================================
Loop: 438
  Solve: 125.2740ms
Step: 884.8758ms
====================================
Loop: 439
  Solve: 119.5384ms
Step: 903.0228ms
====================================
Loop: 440
  Solve: 124.0918ms
Step: 920.4346ms
====================================
Loop: 441
  Solve: 120.3393ms
Step: 871.4707ms
====================================
Loop: 442
  Solve: 117.4819ms
Step: 869.2369ms
====================================
Loop: 443
  Solve: 116.9801ms
Step: 867.7885ms
====================================
Loop: 444
  Solve: 120.2385ms
Step: 872.2844ms
====================================
Loop: 445
  Solve: 122.9463ms
Step: 880.1946ms
====================================
Loop: 446
  Solve: 121.4694ms
Step: 872.8784ms
====================================
Loop: 447
  Solve: 116.8044ms
Step: 875.2433ms
====================================
Loop: 448
  Solve: 128.2468ms
Step: 869.8125ms
====================================
Loop: 449
  Solve: 116.1109ms
Step: 871.8405ms
====================================
Loop: 450
  Solve: 116.2295ms
Step: 863.0958ms
====================================
Loop: 451
  Solve: 117.6906ms
Step: 862.6008ms
====================================
Loop: 452
  Solve: 119.2644ms
Step: 866.2614ms
====================================
Loop: 453
  Solve: 117.4927ms
Step: 861.1324ms
====================================
Loop: 454
  Solve: 115.9351ms
Step: 862.0985ms
====================================
Loop: 455
  Solve: 121.0998ms
Step: 865.5947ms
====================================
Loop: 456
  Solve: 126.8973ms
Step: 865.1135ms
====================================
Loop: 457
  Solve: 115.9908ms
Step: 853.8434ms
====================================
Loop: 458
  Solve: 117.6051ms
Step: 862.8442ms
====================================
Loop: 459
  Solve: 123.4079ms
Step: 851.6500ms
====================================
Loop: 460
  Solve: 116.6148ms
Step: 856.3630ms
====================================
Loop: 461
  Solve: 122.8958ms
Step: 845.7740ms
====================================
Loop: 462
  Solve: 121.7189ms
Step: 843.8459ms
====================================
Loop: 463
  Solve: 129.6871ms
Step: 893.4098ms
====================================
Loop: 464
  Solve: 116.2863ms
Step: 836.0965ms
====================================
Loop: 465
  Solve: 118.6523ms
Step: 898.8387ms
====================================
Loop: 466
  Solve: 123.7617ms
Step: 845.2877ms
====================================
Loop: 467
  Solve: 118.2829ms
Step: 846.9456ms
====================================
Loop: 468
  Solve: 122.1801ms
Step: 835.1069ms
====================================
Loop: 469
  Solve: 125.1882ms
Step: 839.8049ms
====================================
Loop: 470
  Solve: 116.6197ms
Step: 833.7086ms
====================================
Loop: 471
  Solve: 115.8363ms
Step: 824.5384ms
====================================
Loop: 472
  Solve: 128.4401ms
Step: 839.8411ms
====================================
Loop: 473
  Solve: 118.8666ms
Step: 838.2675ms
====================================
Loop: 474
  Solve: 125.7341ms
Step: 839.2804ms
====================================
Loop: 475
  Solve: 128.1002ms
Step: 833.7324ms
====================================
Loop: 476
  Solve: 116.7559ms
Step: 823.9656ms
====================================
Loop: 477
  Solve: 120.4543ms
Step: 882.7786ms
====================================
Loop: 478
  Solve: 120.6815ms
Step: 822.6699ms
====================================
Loop: 479
  Solve: 116.5407ms
Step: 830.3404ms
====================================
Loop: 480
  Solve: 133.1824ms
Step: 886.7085ms
====================================
Loop: 481
  Solve: 120.8155ms
Step: 817.6987ms
====================================
Loop: 482
  Solve: 122.1899ms
Step: 817.9411ms
====================================
Loop: 483
  Solve: 116.0944ms
Step: 808.1392ms
====================================
Loop: 484
  Solve: 123.1993ms
Step: 887.7892ms
====================================
Loop: 485
  Solve: 123.7447ms
Step: 823.5183ms
====================================
Loop: 486
  Solve: 125.7759ms
Step: 867.9555ms
====================================
Loop: 487
  Solve: 122.1774ms
Step: 835.4203ms
====================================
Loop: 488
  Solve: 123.0467ms
Step: 814.4818ms
====================================
Loop: 489
  Solve: 115.9252ms
Step: 805.3351ms
====================================
Loop: 490
  Solve: 120.9614ms
Step: 809.1493ms
====================================
Loop: 491
  Solve: 126.7902ms
Step: 852.8851ms
====================================
Loop: 492
  Solve: 120.1630ms
Step: 804.7448ms
====================================
Loop: 493
  Solve: 127.9108ms
Step: 817.0441ms
====================================
Loop: 494
  Solve: 116.7187ms
Step: 796.7534ms
====================================
Loop: 495
  Solve: 119.1110ms
Step: 806.3876ms
====================================
Loop: 496
  Solve: 122.0548ms
Step: 816.6334ms
====================================
Loop: 497
  Solve: 119.3832ms
Step: 798.1080ms
====================================
Loop: 498
  Solve: 123.4141ms
Step: 817.0485ms
====================================
Loop: 499
  Solve: 116.0314ms
Step: 804.4021ms
====================================
Loop: 500
  Solve: 117.8075ms
Step: 802.4926ms
====================================
