Using platform vendor: NVIDIA Corporation
Loop: 0
  Solve: 0.0007ms
Step: 607.2886ms
====================================
Loop: 1
  Solve: 0.0014ms
Step: 292.7920ms
====================================
Loop: 2
  Solve: 0.0011ms
Step: 290.2824ms
====================================
Loop: 3
  Solve: 0.0011ms
Step: 293.3696ms
====================================
Loop: 4
  Solve: 0.0014ms
Step: 292.0127ms
====================================
Loop: 5
  Solve: 0.0015ms
Step: 290.4985ms
====================================
Loop: 6
  Solve: 0.0011ms
Step: 296.5327ms
====================================
Loop: 7
  Solve: 0.0014ms
Step: 290.2609ms
====================================
Loop: 8
  Solve: 0.0015ms
Step: 294.1200ms
====================================
Loop: 9
  Solve: 0.0011ms
Step: 292.6724ms
====================================
Loop: 10
  Solve: 0.0014ms
Step: 297.2141ms
====================================
Loop: 11
  Solve: 0.0011ms
Step: 293.6135ms
====================================
Loop: 12
  Solve: 0.0011ms
Step: 288.6542ms
====================================
Loop: 13
  Solve: 0.0012ms
Step: 297.4008ms
====================================
Loop: 14
  Solve: 0.0011ms
Step: 289.1640ms
====================================
Loop: 15
  Solve: 0.0011ms
Step: 293.1395ms
====================================
Loop: 16
  Solve: 0.0011ms
Step: 294.5207ms
====================================
Loop: 17
  Solve: 0.0012ms
Step: 293.9513ms
====================================
Loop: 18
  Solve: 0.0011ms
Step: 705.4229ms
====================================
Loop: 19
  Solve: 0.0012ms
Step: 296.5422ms
====================================
Loop: 20
  Solve: 0.0011ms
Step: 291.5792ms
====================================
Loop: 21
  Solve: 0.0011ms
Step: 290.6967ms
====================================
Loop: 22
  Solve: 0.0012ms
Step: 301.0139ms
====================================
Loop: 23
  Solve: 0.0008ms
Step: 292.3009ms
====================================
Loop: 24
  Solve: 0.0010ms
Step: 290.0635ms
====================================
Loop: 25
  Solve: 0.0007ms
Step: 297.3780ms
====================================
Loop: 26
  Solve: 0.0010ms
Step: 695.3209ms
====================================
Loop: 27
  Solve: 0.0009ms
Step: 294.8851ms
====================================
Loop: 28
  Solve: 0.0012ms
Step: 290.4452ms
====================================
Loop: 29
  Solve: 0.0015ms
Step: 295.6359ms
====================================
Loop: 30
  Solve: 0.0010ms
Step: 291.2592ms
====================================
Loop: 31
  Solve: 0.0011ms
Step: 296.6765ms
====================================
Loop: 32
  Solve: 0.0011ms
Step: 292.4445ms
====================================
Loop: 33
  Solve: 0.0015ms
Step: 703.1134ms
====================================
Loop: 34
  Solve: 0.0011ms
Step: 292.5585ms
====================================
Loop: 35
  Solve: 0.0011ms
Step: 293.7920ms
====================================
Loop: 36
  Solve: 0.0008ms
Step: 298.4936ms
====================================
Loop: 37
  Solve: 0.0010ms
Step: 288.9718ms
====================================
Loop: 38
  Solve: 0.0011ms
Step: 698.2174ms
====================================
Loop: 39
  Solve: 0.0012ms
Step: 289.1147ms
====================================
Loop: 40
  Solve: 0.0011ms
Step: 290.2839ms
====================================
Loop: 41
  Solve: 0.0010ms
Step: 294.5103ms
====================================
Loop: 42
  Solve: 0.0008ms
Step: 293.4589ms
====================================
Loop: 43
  Solve: 0.0010ms
Step: 695.7695ms
====================================
Loop: 44
  Solve: 0.0012ms
Step: 292.7417ms
====================================
Loop: 45
  Solve: 0.0011ms
Step: 292.4655ms
====================================
Loop: 46
  Solve: 0.0010ms
Step: 293.2247ms
====================================
Loop: 47
  Solve: 0.0011ms
Step: 694.8037ms
====================================
Loop: 48
  Solve: 0.0012ms
Step: 290.9698ms
====================================
Loop: 49
  Solve: 0.0011ms
Step: 299.0569ms
====================================
Loop: 50
  Solve: 0.0012ms
Step: 289.2279ms
====================================
Loop: 51
  Solve: 0.0011ms
Step: 691.8993ms
====================================
Loop: 52
  Solve: 0.0011ms
Step: 289.7880ms
====================================
Loop: 53
  Solve: 0.0012ms
Step: 292.8127ms
====================================
Loop: 54
  Solve: 5.6283ms
Step: 296.2752ms
====================================
Loop: 55
  Solve: 9.7023ms
Step: 702.1780ms
====================================
Loop: 56
  Solve: 12.2299ms
Step: 311.8465ms
====================================
Loop: 57
  Solve: 14.1628ms
Step: 312.0200ms
====================================
Loop: 58
  Solve: 16.8786ms
Step: 316.8272ms
====================================
Loop: 59
  Solve: 19.1470ms
Step: 696.7860ms
====================================
Loop: 60
  Solve: 23.1072ms
Step: 329.5753ms
====================================
Loop: 61
  Solve: 24.7163ms
Step: 331.6257ms
====================================
Loop: 62
  Solve: 29.6018ms
Step: 696.0115ms
====================================
Loop: 63
  Solve: 37.7190ms
Step: 348.6707ms
====================================
Loop: 64
  Solve: 37.2071ms
Step: 353.2618ms
====================================
Loop: 65
  Solve: 39.6983ms
Step: 707.8956ms
====================================
Loop: 66
  Solve: 44.3076ms
Step: 363.9547ms
====================================
Loop: 67
  Solve: 47.2313ms
Step: 369.0758ms
====================================
Loop: 68
  Solve: 50.3714ms
Step: 705.8318ms
====================================
Loop: 69
  Solve: 57.1317ms
Step: 387.7185ms
====================================
Loop: 70
  Solve: 62.4526ms
Step: 438.8249ms
====================================
Loop: 71
  Solve: 64.4893ms
Step: 714.9697ms
====================================
Loop: 72
  Solve: 69.1558ms
Step: 404.4792ms
====================================
Loop: 73
  Solve: 71.3157ms
Step: 408.9935ms
====================================
Loop: 74
  Solve: 77.7241ms
Step: 773.4684ms
====================================
Loop: 75
  Solve: 84.2799ms
Step: 438.2281ms
====================================
Loop: 76
  Solve: 87.3671ms
Step: 437.9767ms
====================================
Loop: 77
  Solve: 100.3050ms
Step: 742.6255ms
====================================
Loop: 78
  Solve: 110.1023ms
Step: 476.1197ms
====================================
Loop: 79
  Solve: 114.4690ms
Step: 491.3851ms
====================================
Loop: 80
  Solve: 125.8802ms
Step: 775.9608ms
====================================
Loop: 81
  Solve: 134.3059ms
Step: 514.0522ms
====================================
Loop: 82
  Solve: 138.4717ms
Step: 517.3964ms
====================================
Loop: 83
  Solve: 144.1698ms
Step: 783.2669ms
====================================
Loop: 84
  Solve: 152.3273ms
Step: 550.8451ms
====================================
Loop: 85
  Solve: 155.5169ms
Step: 552.2279ms
====================================
Loop: 86
  Solve: 162.2522ms
Step: 829.1346ms
====================================
Loop: 87
  Solve: 166.1579ms
Step: 583.1674ms
====================================
Loop: 88
  Solve: 176.5145ms
Step: 591.0815ms
====================================
Loop: 89
  Solve: 185.4426ms
Step: 836.0406ms
====================================
Loop: 90
  Solve: 182.8193ms
Step: 610.3443ms
====================================
Loop: 91
  Solve: 199.8209ms
Step: 633.0709ms
====================================
Loop: 92
  Solve: 207.9111ms
Step: 859.3891ms
====================================
Loop: 93
  Solve: 211.3838ms
Step: 665.2493ms
====================================
Loop: 94
  Solve: 222.0134ms
Step: 872.9169ms
====================================
Loop: 95
  Solve: 220.3184ms
Step: 684.5157ms
====================================
Loop: 96
  Solve: 226.1827ms
Step: 892.7404ms
====================================
Loop: 97
  Solve: 231.8340ms
Step: 717.7811ms
====================================
Loop: 98
  Solve: 230.6409ms
Step: 912.3637ms
====================================
Loop: 99
  Solve: 243.1461ms
Step: 756.0839ms
====================================
Loop: 100
  Solve: 247.8401ms
Step: 941.1207ms
====================================
Loop: 101
  Solve: 258.7241ms
Step: 794.6328ms
====================================
Loop: 102
  Solve: 260.3138ms
Step: 979.3307ms
====================================
Loop: 103
  Solve: 265.1962ms
Step: 829.7819ms
====================================
Loop: 104
  Solve: 272.8842ms
Step: 1002.4313ms
====================================
Loop: 105
  Solve: 278.9436ms
Step: 869.4905ms
====================================
Loop: 106
  Solve: 284.3291ms
Step: 1031.4061ms
====================================
Loop: 107
  Solve: 299.4170ms
Step: 922.3453ms
====================================
Loop: 108
  Solve: 297.6300ms
Step: 1063.7614ms
====================================
Loop: 109
  Solve: 304.3929ms
Step: 955.8663ms
====================================
Loop: 110
  Solve: 304.3694ms
Step: 1102.0387ms
====================================
Loop: 111
  Solve: 309.0360ms
Step: 990.8832ms
====================================
Loop: 112
  Solve: 313.0295ms
Step: 1123.9568ms
====================================
Loop: 113
  Solve: 373.8184ms
Step: 1100.4607ms
====================================
Loop: 114
  Solve: 319.1286ms
Step: 1164.8657ms
====================================
Loop: 115
  Solve: 322.8384ms
Step: 1085.8754ms
====================================
Loop: 116
  Solve: 334.8765ms
Step: 1215.0399ms
====================================
Loop: 117
  Solve: 327.0298ms
Step: 1146.0244ms
====================================
Loop: 118
  Solve: 337.9428ms
Step: 1243.9647ms
====================================
Loop: 119
  Solve: 338.2153ms
Step: 1201.8696ms
====================================
Loop: 120
  Solve: 344.4517ms
Step: 1301.2367ms
====================================
Loop: 121
  Solve: 346.1449ms
Step: 1276.9584ms
====================================
Loop: 122
  Solve: 353.2502ms
Step: 1368.3147ms
====================================
Loop: 123
  Solve: 357.1159ms
Step: 1316.9890ms
====================================
Loop: 124
  Solve: 361.6494ms
Step: 1426.8390ms
====================================
Loop: 125
  Solve: 368.8271ms
Step: 1394.4771ms
====================================
Loop: 126
  Solve: 370.8311ms
Step: 1456.5824ms
====================================
Loop: 127
  Solve: 372.8065ms
Step: 1470.0869ms
====================================
Loop: 128
  Solve: 377.5717ms
Step: 1565.2422ms
====================================
Loop: 129
  Solve: 378.4567ms
Step: 1501.4604ms
====================================
Loop: 130
  Solve: 380.1315ms
Step: 1551.3174ms
====================================
Loop: 131
  Solve: 379.1943ms
Step: 1545.3789ms
====================================
Loop: 132
  Solve: 380.4280ms
Step: 1569.5962ms
====================================
Loop: 133
  Solve: 380.7368ms
Step: 1583.2603ms
====================================
Loop: 134
  Solve: 374.2999ms
Step: 1598.3627ms
====================================
Loop: 135
  Solve: 377.8427ms
Step: 1601.3885ms
====================================
Loop: 136
  Solve: 369.4251ms
Step: 1648.0334ms
====================================
Loop: 137
  Solve: 361.2947ms
Step: 1595.1699ms
====================================
Loop: 138
  Solve: 352.7934ms
Step: 1580.7109ms
====================================
Loop: 139
  Solve: 348.6436ms
Step: 1590.6206ms
====================================
Loop: 140
  Solve: 346.5943ms
Step: 1566.7705ms
====================================
Loop: 141
  Solve: 338.4135ms
Step: 1579.0267ms
====================================
Loop: 142
  Solve: 328.1104ms
Step: 1574.7959ms
====================================
Loop: 143
  Solve: 324.9899ms
Step: 1565.1855ms
====================================
Loop: 144
  Solve: 319.9311ms
Step: 1565.1881ms
====================================
Loop: 145
  Solve: 312.8514ms
Step: 1569.7957ms
====================================
Loop: 146
  Solve: 314.8499ms
Step: 1559.2151ms
====================================
Loop: 147
  Solve: 318.1845ms
Step: 1563.7917ms
====================================
Loop: 148
  Solve: 324.6277ms
Step: 1602.6191ms
====================================
Loop: 149
  Solve: 301.5776ms
Step: 1554.4485ms
====================================
Loop: 150
  Solve: 298.3540ms
Step: 1561.9065ms
====================================
Loop: 151
  Solve: 297.6865ms
Step: 1577.0874ms
====================================
Loop: 152
  Solve: 288.4973ms
Step: 1607.4960ms
====================================
Loop: 153
  Solve: 286.3528ms
Step: 1565.7974ms
====================================
Loop: 154
  Solve: 290.1640ms
Step: 1543.1619ms
====================================
Loop: 155
  Solve: 280.9637ms
Step: 1532.5408ms
====================================
Loop: 156
  Solve: 286.1598ms
Step: 1535.3975ms
====================================
Loop: 157
  Solve: 279.0540ms
Step: 1539.7283ms
====================================
Loop: 158
  Solve: 268.9725ms
Step: 1520.8818ms
====================================
Loop: 159
  Solve: 265.8730ms
Step: 1532.0916ms
====================================
Loop: 160
  Solve: 264.2877ms
Step: 1516.1288ms
====================================
Loop: 161
  Solve: 253.3717ms
Step: 1495.7133ms
====================================
Loop: 162
  Solve: 297.1537ms
Step: 1553.4257ms
====================================
Loop: 163
  Solve: 248.4320ms
Step: 1513.3784ms
====================================
Loop: 164
  Solve: 243.5172ms
Step: 1542.8745ms
====================================
Loop: 165
  Solve: 241.2212ms
Step: 1504.1388ms
====================================
Loop: 166
  Solve: 233.4700ms
Step: 1502.3806ms
====================================
Loop: 167
  Solve: 232.5619ms
Step: 1506.7622ms
====================================
Loop: 168
  Solve: 224.9812ms
Step: 1482.9617ms
====================================
Loop: 169
  Solve: 249.7082ms
Step: 1517.4192ms
====================================
Loop: 170
  Solve: 213.5302ms
Step: 1470.6311ms
====================================
Loop: 171
  Solve: 214.0228ms
Step: 1468.2668ms
====================================
Loop: 172
  Solve: 210.3688ms
Step: 1464.5867ms
====================================
Loop: 173
  Solve: 207.2274ms
Step: 1497.9175ms
====================================
Loop: 174
  Solve: 204.6855ms
Step: 1442.0476ms
====================================
Loop: 175
  Solve: 199.1121ms
Step: 1432.8484ms
====================================
Loop: 176
  Solve: 199.9737ms
Step: 1431.3296ms
====================================
Loop: 177
  Solve: 199.5849ms
Step: 1445.2343ms
====================================
Loop: 178
  Solve: 196.0513ms
Step: 1432.4594ms
====================================
Loop: 179
  Solve: 190.0321ms
Step: 1427.3143ms
====================================
Loop: 180
  Solve: 192.0612ms
Step: 1431.0048ms
====================================
Loop: 181
  Solve: 191.0072ms
Step: 1421.6136ms
====================================
Loop: 182
  Solve: 187.4013ms
Step: 1407.7363ms
====================================
Loop: 183
  Solve: 193.7383ms
Step: 1409.6652ms
====================================
Loop: 184
  Solve: 187.3679ms
Step: 1405.7080ms
====================================
Loop: 185
  Solve: 185.4045ms
Step: 1406.1514ms
====================================
Loop: 186
  Solve: 189.0542ms
Step: 1406.2620ms
====================================
Loop: 187
  Solve: 192.4263ms
Step: 1424.1541ms
====================================
Loop: 188
  Solve: 191.4077ms
Step: 1418.6749ms
====================================
Loop: 189
  Solve: 191.8934ms
Step: 1438.9915ms
====================================
Loop: 190
  Solve: 208.5316ms
Step: 1495.2141ms
====================================
Loop: 191
  Solve: 190.7309ms
Step: 1407.0630ms
====================================
Loop: 192
  Solve: 195.0142ms
Step: 1419.4822ms
====================================
Loop: 193
  Solve: 197.1927ms
Step: 1425.2095ms
====================================
Loop: 194
  Solve: 196.9767ms
Step: 1413.4194ms
====================================
Loop: 195
  Solve: 193.4202ms
Step: 1419.2266ms
====================================
Loop: 196
  Solve: 201.6727ms
Step: 1432.5138ms
====================================
Loop: 197
  Solve: 197.9906ms
Step: 1396.8672ms
====================================
Loop: 198
  Solve: 197.1079ms
Step: 1398.1311ms
====================================
Loop: 199
  Solve: 201.6877ms
Step: 1394.5525ms
====================================
Loop: 200
  Solve: 199.5615ms
Step: 1387.8379ms
====================================
Loop: 201
  Solve: 198.7542ms
Step: 1392.0481ms
====================================
Loop: 202
  Solve: 202.7616ms
Step: 1388.5538ms
====================================
Loop: 203
  Solve: 202.5297ms
Step: 1393.6052ms
====================================
Loop: 204
  Solve: 203.6683ms
Step: 1384.0085ms
====================================
Loop: 205
  Solve: 204.9910ms
Step: 1383.4131ms
====================================
Loop: 206
  Solve: 203.5365ms
Step: 1395.1938ms
====================================
Loop: 207
  Solve: 208.0982ms
Step: 1398.1532ms
====================================
Loop: 208
  Solve: 207.9901ms
Step: 1393.4139ms
====================================
Loop: 209
  Solve: 204.6913ms
Step: 1418.7592ms
====================================
Loop: 210
  Solve: 207.3055ms
Step: 1376.5299ms
====================================
Loop: 211
  Solve: 204.3399ms
Step: 1385.0388ms
====================================
Loop: 212
  Solve: 207.1619ms
Step: 1387.2469ms
====================================
Loop: 213
  Solve: 202.9305ms
Step: 1369.7811ms
====================================
Loop: 214
  Solve: 205.4896ms
Step: 1397.5439ms
====================================
Loop: 215
  Solve: 204.2498ms
Step: 1383.8055ms
====================================
Loop: 216
  Solve: 201.4986ms
Step: 1377.5651ms
====================================
Loop: 217
  Solve: 202.2787ms
Step: 1381.4835ms
====================================
Loop: 218
  Solve: 200.9683ms
Step: 1376.5004ms
====================================
Loop: 219
  Solve: 198.1437ms
Step: 1371.2389ms
====================================
Loop: 220
  Solve: 200.0868ms
Step: 1376.3586ms
====================================
Loop: 221
  Solve: 201.9335ms
Step: 1374.9445ms
====================================
Loop: 222
  Solve: 200.7745ms
Step: 1369.6567ms
====================================
Loop: 223
  Solve: 199.0271ms
Step: 1366.5941ms
====================================
Loop: 224
  Solve: 198.0891ms
Step: 1369.3442ms
====================================
Loop: 225
  Solve: 196.6752ms
Step: 1367.9902ms
====================================
Loop: 226
  Solve: 200.7113ms
Step: 1364.2068ms
====================================
Loop: 227
  Solve: 198.4172ms
Step: 1375.1113ms
====================================
Loop: 228
  Solve: 201.0334ms
Step: 1370.2703ms
====================================
Loop: 229
  Solve: 197.3199ms
Step: 1364.0255ms
====================================
Loop: 230
  Solve: 196.9423ms
Step: 1379.7944ms
====================================
Loop: 231
  Solve: 200.7081ms
Step: 1370.5137ms
====================================
Loop: 232
  Solve: 200.2502ms
Step: 1363.8557ms
====================================
Loop: 233
  Solve: 199.8799ms
Step: 1366.6416ms
====================================
Loop: 234
  Solve: 202.2295ms
Step: 1370.8365ms
====================================
Loop: 235
  Solve: 201.9715ms
Step: 1388.8630ms
====================================
Loop: 236
  Solve: 208.4742ms
Step: 1383.2573ms
====================================
Loop: 237
  Solve: 203.4414ms
Step: 1372.5109ms
====================================
Loop: 238
  Solve: 203.4058ms
Step: 1380.8396ms
====================================
Loop: 239
  Solve: 208.0446ms
Step: 1396.0854ms
====================================
Loop: 240
  Solve: 208.7760ms
Step: 1392.0978ms
====================================
Loop: 241
  Solve: 210.4949ms
Step: 1393.7465ms
====================================
Loop: 242
  Solve: 207.3897ms
Step: 1389.9353ms
====================================
Loop: 243
  Solve: 205.9498ms
Step: 1397.7582ms
====================================
Loop: 244
  Solve: 211.5228ms
Step: 1402.7673ms
====================================
Loop: 245
  Solve: 211.1380ms
Step: 1394.5449ms
====================================
Loop: 246
  Solve: 209.2937ms
Step: 1396.0411ms
====================================
Loop: 247
  Solve: 213.5772ms
Step: 1427.2910ms
====================================
Loop: 248
  Solve: 213.1828ms
Step: 1435.3270ms
====================================
Loop: 249
  Solve: 212.1051ms
Step: 1432.5468ms
====================================
Loop: 250
  Solve: 214.0709ms
Step: 1442.9854ms
====================================
Loop: 251
  Solve: 215.7717ms
Step: 1428.4806ms
====================================
Loop: 252
  Solve: 221.4067ms
Step: 1418.7374ms
====================================
Loop: 253
  Solve: 221.4696ms
Step: 1439.3538ms
====================================
Loop: 254
  Solve: 218.4349ms
Step: 1438.2402ms
====================================
Loop: 255
  Solve: 219.2610ms
Step: 1439.5985ms
====================================
Loop: 256
  Solve: 220.6301ms
Step: 1431.2388ms
====================================
Loop: 257
  Solve: 218.0578ms
Step: 1442.1599ms
====================================
Loop: 258
  Solve: 222.8689ms
Step: 1423.3605ms
====================================
Loop: 259
  Solve: 217.4704ms
Step: 1422.0150ms
====================================
Loop: 260
  Solve: 220.6506ms
Step: 1426.4333ms
====================================
Loop: 261
  Solve: 220.8341ms
Step: 1443.4030ms
====================================
Loop: 262
  Solve: 215.6840ms
Step: 1443.2959ms
====================================
Loop: 263
  Solve: 219.7686ms
Step: 1455.9567ms
====================================
Loop: 264
  Solve: 215.6296ms
Step: 1508.3040ms
====================================
Loop: 265
  Solve: 220.3677ms
Step: 1516.0786ms
====================================
Loop: 266
  Solve: 219.7629ms
Step: 1452.0381ms
====================================
Loop: 267
  Solve: 218.6744ms
Step: 1440.8938ms
====================================
Loop: 268
  Solve: 221.6548ms
Step: 1442.3779ms
====================================
Loop: 269
  Solve: 223.0953ms
Step: 1442.2556ms
====================================
Loop: 270
  Solve: 219.5966ms
Step: 1447.6697ms
====================================
Loop: 271
  Solve: 226.2890ms
Step: 1461.3804ms
====================================
Loop: 272
  Solve: 227.4130ms
Step: 1463.1687ms
====================================
Loop: 273
  Solve: 222.9316ms
Step: 1466.2306ms
====================================
Loop: 274
  Solve: 223.0419ms
Step: 1463.4929ms
====================================
Loop: 275
  Solve: 225.7946ms
Step: 1474.8741ms
====================================
Loop: 276
  Solve: 221.7413ms
Step: 1470.3542ms
====================================
Loop: 277
  Solve: 221.8834ms
Step: 1464.0481ms
====================================
Loop: 278
  Solve: 225.0789ms
Step: 1472.0569ms
====================================
Loop: 279
  Solve: 220.5886ms
Step: 1443.4341ms
====================================
Loop: 280
  Solve: 225.0770ms
Step: 1443.2322ms
====================================
Loop: 281
  Solve: 225.2874ms
Step: 1443.0112ms
====================================
Loop: 282
  Solve: 227.4845ms
Step: 1456.9189ms
====================================
Loop: 283
  Solve: 228.4630ms
Step: 1457.4758ms
====================================
Loop: 284
  Solve: 225.1750ms
Step: 1459.9424ms
====================================
Loop: 285
  Solve: 222.4954ms
Step: 1446.7487ms
====================================
Loop: 286
  Solve: 225.1878ms
Step: 1456.2004ms
====================================
Loop: 287
  Solve: 221.2569ms
Step: 1448.9785ms
====================================
Loop: 288
  Solve: 233.0385ms
Step: 1465.4712ms
====================================
Loop: 289
  Solve: 222.0317ms
Step: 1440.2975ms
====================================
Loop: 290
  Solve: 223.7557ms
Step: 1430.9412ms
====================================
Loop: 291
  Solve: 226.5006ms
Step: 1434.5205ms
====================================
Loop: 292
  Solve: 224.7755ms
Step: 1434.7236ms
====================================
Loop: 293
  Solve: 221.5550ms
Step: 1450.0574ms
====================================
Loop: 294
  Solve: 222.4344ms
Step: 1442.0120ms
====================================
Loop: 295
  Solve: 221.0656ms
Step: 1465.0787ms
====================================
Loop: 296
  Solve: 251.2436ms
Step: 1890.9397ms
====================================
Loop: 297
  Solve: 215.0407ms
Step: 1503.3547ms
====================================
Loop: 298
  Solve: 219.7680ms
Step: 1432.0552ms
====================================
Loop: 299
  Solve: 226.5192ms
Step: 1425.3951ms
====================================
Loop: 300
  Solve: 218.2860ms
Step: 1406.2744ms
====================================
Loop: 301
  Solve: 218.0495ms
Step: 1429.3684ms
====================================
Loop: 302
  Solve: 215.6952ms
Step: 1415.4552ms
====================================
Loop: 303
  Solve: 216.2013ms
Step: 1418.2242ms
====================================
Loop: 304
  Solve: 219.4449ms
Step: 1414.0032ms
====================================
Loop: 305
  Solve: 233.8590ms
Step: 1433.6724ms
====================================
Loop: 306
  Solve: 224.7447ms
Step: 1405.4467ms
====================================
Loop: 307
  Solve: 216.6152ms
Step: 1420.7593ms
====================================
Loop: 308
  Solve: 223.9398ms
Step: 1444.8740ms
====================================
Loop: 309
  Solve: 223.3432ms
Step: 1444.5972ms
====================================
Loop: 310
  Solve: 221.0584ms
Step: 1441.8152ms
====================================
Loop: 311
  Solve: 221.9086ms
Step: 1427.8926ms
====================================
Loop: 312
  Solve: 223.6897ms
Step: 1421.9967ms
====================================
Loop: 313
  Solve: 228.4685ms
Step: 1431.3018ms
====================================
Loop: 314
  Solve: 221.3526ms
Step: 1420.3066ms
====================================
Loop: 315
  Solve: 220.3139ms
Step: 1435.5503ms
====================================
Loop: 316
  Solve: 219.3925ms
Step: 1450.2343ms
====================================
Loop: 317
  Solve: 211.0612ms
Step: 1393.1002ms
====================================
Loop: 318
  Solve: 220.2206ms
Step: 1414.7688ms
====================================
Loop: 319
  Solve: 209.8833ms
Step: 1374.7104ms
====================================
Loop: 320
  Solve: 205.2142ms
Step: 1371.1008ms
====================================
Loop: 321
  Solve: 204.3956ms
Step: 1374.5522ms
====================================
Loop: 322
  Solve: 211.2586ms
Step: 1371.5145ms
====================================
Loop: 323
  Solve: 206.6435ms
Step: 1352.4370ms
====================================
Loop: 324
  Solve: 200.6314ms
Step: 1351.5353ms
====================================
Loop: 325
  Solve: 201.5650ms
Step: 1351.6841ms
====================================
Loop: 326
  Solve: 203.1370ms
Step: 1340.2688ms
====================================
Loop: 327
  Solve: 197.6192ms
Step: 1347.3074ms
====================================
Loop: 328
  Solve: 197.9229ms
Step: 1337.8535ms
====================================
Loop: 329
  Solve: 200.3570ms
Step: 1330.2181ms
====================================
Loop: 330
  Solve: 194.0717ms
Step: 1331.5975ms
====================================
Loop: 331
  Solve: 197.0618ms
Step: 1331.1362ms
====================================
Loop: 332
  Solve: 195.6075ms
Step: 1315.8627ms
====================================
Loop: 333
  Solve: 189.9602ms
Step: 1351.8678ms
====================================
Loop: 334
  Solve: 193.2450ms
Step: 1315.8215ms
====================================
Loop: 335
  Solve: 192.5063ms
Step: 1303.9503ms
====================================
Loop: 336
  Solve: 188.0802ms
Step: 1304.2662ms
====================================
Loop: 337
  Solve: 194.5910ms
Step: 1293.0481ms
====================================
Loop: 338
  Solve: 186.8516ms
Step: 1293.0908ms
====================================
Loop: 339
  Solve: 188.7131ms
Step: 1289.6022ms
====================================
Loop: 340
  Solve: 183.8846ms
Step: 1280.4382ms
====================================
Loop: 341
  Solve: 182.3241ms
Step: 1289.4001ms
====================================
Loop: 342
  Solve: 188.8180ms
Step: 1261.4926ms
====================================
Loop: 343
  Solve: 178.8322ms
Step: 1260.5793ms
====================================
Loop: 344
  Solve: 178.4628ms
Step: 1247.5073ms
====================================
Loop: 345
  Solve: 176.9079ms
Step: 1258.0779ms
====================================
Loop: 346
  Solve: 178.7014ms
Step: 1234.3322ms
====================================
Loop: 347
  Solve: 173.8964ms
Step: 1232.5063ms
====================================
Loop: 348
  Solve: 173.4930ms
Step: 1234.9729ms
====================================
Loop: 349
  Solve: 175.8023ms
Step: 1220.5453ms
====================================
Loop: 350
  Solve: 176.7022ms
Step: 1221.3557ms
====================================
Loop: 351
  Solve: 177.2767ms
Step: 1213.3420ms
====================================
Loop: 352
  Solve: 168.7238ms
Step: 1217.4200ms
====================================
Loop: 353
  Solve: 169.5530ms
Step: 1195.8243ms
====================================
Loop: 354
  Solve: 166.5893ms
Step: 1203.9147ms
====================================
Loop: 355
  Solve: 169.3751ms
Step: 1196.9976ms
====================================
Loop: 356
  Solve: 171.2040ms
Step: 1187.3821ms
====================================
Loop: 357
  Solve: 163.1920ms
Step: 1175.3854ms
====================================
Loop: 358
  Solve: 162.5576ms
Step: 1174.6631ms
====================================
Loop: 359
  Solve: 168.2393ms
Step: 1164.6617ms
====================================
Loop: 360
  Solve: 169.6849ms
Step: 1182.4016ms
====================================
Loop: 361
  Solve: 166.9852ms
Step: 1190.4896ms
====================================
Loop: 362
  Solve: 163.2511ms
Step: 1167.5334ms
====================================
Loop: 363
  Solve: 164.9255ms
Step: 1177.4186ms
====================================
Loop: 364
  Solve: 166.2861ms
Step: 1164.0623ms
====================================
Loop: 365
  Solve: 165.7143ms
Step: 1155.9850ms
====================================
Loop: 366
  Solve: 164.3595ms
Step: 1153.3594ms
====================================
Loop: 367
  Solve: 160.1440ms
Step: 1137.0116ms
====================================
Loop: 368
  Solve: 211.4709ms
Step: 1190.4091ms
====================================
Loop: 369
  Solve: 161.4674ms
Step: 1139.6838ms
====================================
Loop: 370
  Solve: 158.0014ms
Step: 1135.5710ms
====================================
Loop: 371
  Solve: 160.2103ms
Step: 1126.7617ms
====================================
Loop: 372
  Solve: 162.0949ms
Step: 1125.3755ms
====================================
Loop: 373
  Solve: 158.9879ms
Step: 1115.5231ms
====================================
Loop: 374
  Solve: 158.7381ms
Step: 1109.8123ms
====================================
Loop: 375
  Solve: 157.1364ms
Step: 1104.3577ms
====================================
Loop: 376
  Solve: 159.0178ms
Step: 1104.1537ms
====================================
Loop: 377
  Solve: 152.8704ms
Step: 1092.9934ms
====================================
Loop: 378
  Solve: 153.5879ms
Step: 1100.9523ms
====================================
Loop: 379
  Solve: 153.3811ms
Step: 1094.6702ms
====================================
Loop: 380
  Solve: 152.9104ms
Step: 1085.3678ms
====================================
Loop: 381
  Solve: 152.2557ms
Step: 1083.0381ms
====================================
Loop: 382
  Solve: 156.7691ms
Step: 1083.4711ms
====================================
Loop: 383
  Solve: 149.3761ms
Step: 1070.3457ms
====================================
Loop: 384
  Solve: 151.6930ms
Step: 1072.1333ms
====================================
Loop: 385
  Solve: 155.6366ms
Step: 1075.1929ms
====================================
Loop: 386
  Solve: 148.0165ms
Step: 1055.5544ms
====================================
Loop: 387
  Solve: 151.8754ms
Step: 1067.2374ms
====================================
Loop: 388
  Solve: 150.5549ms
Step: 1059.7753ms
====================================
Loop: 389
  Solve: 150.9893ms
Step: 1047.5464ms
====================================
Loop: 390
  Solve: 156.2242ms
Step: 1058.3723ms
====================================
Loop: 391
  Solve: 149.5344ms
Step: 1045.4911ms
====================================
Loop: 392
  Solve: 191.1537ms
Step: 1102.3447ms
====================================
Loop: 393
  Solve: 146.9921ms
Step: 1044.6038ms
====================================
Loop: 394
  Solve: 148.1813ms
Step: 1042.1744ms
====================================
Loop: 395
  Solve: 148.9169ms
Step: 1035.0272ms
====================================
Loop: 396
  Solve: 145.9872ms
Step: 1031.9585ms
====================================
Loop: 397
  Solve: 149.5341ms
Step: 1032.7898ms
====================================
Loop: 398
  Solve: 149.8030ms
Step: 1023.6830ms
====================================
Loop: 399
  Solve: 149.9812ms
Step: 1021.0157ms
====================================
Loop: 400
  Solve: 150.0062ms
Step: 1018.9441ms
====================================
Loop: 401
  Solve: 146.6857ms
Step: 1076.4849ms
====================================
Loop: 402
  Solve: 148.0524ms
Step: 1005.7266ms
====================================
Loop: 403
  Solve: 148.0788ms
Step: 1011.8856ms
====================================
Loop: 404
  Solve: 150.0348ms
Step: 1013.8921ms
====================================
Loop: 405
  Solve: 150.4025ms
Step: 1000.3021ms
====================================
Loop: 406
  Solve: 143.4127ms
Step: 992.0474ms
====================================
Loop: 407
  Solve: 147.0475ms
Step: 994.2693ms
====================================
Loop: 408
  Solve: 143.2457ms
Step: 980.8828ms
====================================
Loop: 409
  Solve: 142.9156ms
Step: 988.4255ms
====================================
Loop: 410
  Solve: 146.3642ms
Step: 1046.9622ms
====================================
Loop: 411
  Solve: 141.0877ms
Step: 1010.6010ms
====================================
Loop: 412
  Solve: 137.4438ms
Step: 955.9697ms
====================================
Loop: 413
  Solve: 137.1834ms
Step: 950.8716ms
====================================
Loop: 414
  Solve: 135.1112ms
Step: 942.7914ms
====================================
Loop: 415
  Solve: 134.6086ms
Step: 954.6575ms
====================================
Loop: 416
  Solve: 134.3110ms
Step: 945.2388ms
====================================
Loop: 417
  Solve: 132.9239ms
Step: 941.5613ms
====================================
Loop: 418
  Solve: 133.1223ms
Step: 944.0143ms
====================================
Loop: 419
  Solve: 137.2823ms
Step: 938.7244ms
====================================
Loop: 420
  Solve: 136.3939ms
Step: 931.8710ms
====================================
Loop: 421
  Solve: 137.1979ms
Step: 986.2080ms
====================================
Loop: 422
  Solve: 133.6973ms
Step: 926.9398ms
====================================
Loop: 423
  Solve: 133.0847ms
Step: 925.0148ms
====================================
Loop: 424
  Solve: 133.0061ms
Step: 916.3949ms
====================================
Loop: 425
  Solve: 134.2104ms
Step: 910.6735ms
====================================
Loop: 426
  Solve: 136.0496ms
Step: 909.4953ms
====================================
Loop: 427
  Solve: 135.0863ms
Step: 911.4666ms
====================================
Loop: 428
  Solve: 132.4134ms
Step: 912.2804ms
====================================
Loop: 429
  Solve: 131.0557ms
Step: 895.9147ms
====================================
Loop: 430
  Solve: 130.3819ms
Step: 901.7297ms
====================================
Loop: 431
  Solve: 133.8376ms
Step: 904.4299ms
====================================
Loop: 432
  Solve: 135.4956ms
Step: 893.1880ms
====================================
Loop: 433
  Solve: 130.5047ms
Step: 895.4037ms
====================================
Loop: 434
  Solve: 131.4342ms
Step: 900.7442ms
====================================
Loop: 435
  Solve: 131.7772ms
Step: 889.1143ms
====================================
Loop: 436
  Solve: 134.9424ms
Step: 897.8336ms
====================================
Loop: 437
  Solve: 130.5182ms
Step: 885.5336ms
====================================
Loop: 438
  Solve: 129.5383ms
Step: 885.5547ms
====================================
Loop: 439
  Solve: 168.2460ms
Step: 965.1919ms
====================================
Loop: 440
  Solve: 130.5670ms
Step: 882.6864ms
====================================
Loop: 441
  Solve: 133.6208ms
Step: 887.0845ms
====================================
Loop: 442
  Solve: 136.1753ms
Step: 904.4783ms
====================================
Loop: 443
  Solve: 136.2108ms
Step: 890.5394ms
====================================
Loop: 444
  Solve: 136.7308ms
Step: 882.9386ms
====================================
Loop: 445
  Solve: 135.4307ms
Step: 888.1832ms
====================================
Loop: 446
  Solve: 139.8666ms
Step: 889.5999ms
====================================
Loop: 447
  Solve: 136.8021ms
Step: 892.7465ms
====================================
Loop: 448
  Solve: 136.1750ms
Step: 938.8237ms
====================================
Loop: 449
  Solve: 132.2339ms
Step: 857.9659ms
====================================
Loop: 450
  Solve: 133.0577ms
Step: 915.3974ms
====================================
Loop: 451
  Solve: 136.2982ms
Step: 884.0938ms
====================================
Loop: 452
  Solve: 128.2891ms
Step: 861.9194ms
====================================
Loop: 453
  Solve: 128.9419ms
Step: 852.9667ms
====================================
Loop: 454
  Solve: 137.5527ms
Step: 878.1508ms
====================================
Loop: 455
  Solve: 129.2925ms
Step: 846.0516ms
====================================
Loop: 456
  Solve: 128.2934ms
Step: 844.1425ms
====================================
Loop: 457
  Solve: 128.9336ms
Step: 844.9974ms
====================================
Loop: 458
  Solve: 128.9109ms
Step: 838.2933ms
====================================
Loop: 459
  Solve: 128.2657ms
Step: 842.8274ms
====================================
Loop: 460
  Solve: 131.1413ms
Step: 842.7380ms
====================================
Loop: 461
  Solve: 129.7168ms
Step: 834.7668ms
====================================
Loop: 462
  Solve: 128.4001ms
Step: 833.4880ms
====================================
Loop: 463
  Solve: 129.8027ms
Step: 832.6709ms
====================================
Loop: 464
  Solve: 128.0279ms
Step: 829.3347ms
====================================
Loop: 465
  Solve: 126.9458ms
Step: 832.9234ms
====================================
Loop: 466
  Solve: 132.8616ms
Step: 833.1177ms
====================================
Loop: 467
  Solve: 128.7646ms
Step: 826.6774ms
====================================
Loop: 468
  Solve: 127.6863ms
Step: 829.2507ms
====================================
Loop: 469
  Solve: 131.1278ms
Step: 830.3250ms
====================================
Loop: 470
  Solve: 129.0967ms
Step: 830.2443ms
====================================
Loop: 471
  Solve: 128.4547ms
Step: 828.6021ms
====================================
Loop: 472
  Solve: 134.4726ms
Step: 823.7936ms
====================================
Loop: 473
  Solve: 129.3759ms
Step: 822.9948ms
====================================
Loop: 474
  Solve: 128.8238ms
Step: 810.8586ms
====================================
Loop: 475
  Solve: 130.5477ms
Step: 813.2730ms
====================================
Loop: 476
  Solve: 128.6618ms
Step: 820.5661ms
====================================
Loop: 477
  Solve: 129.2785ms
Step: 815.1567ms
====================================
Loop: 478
  Solve: 128.4425ms
Step: 816.6970ms
====================================
Loop: 479
  Solve: 128.8091ms
Step: 810.3912ms
====================================
Loop: 480
  Solve: 129.6525ms
Step: 811.3550ms
====================================
Loop: 481
  Solve: 129.3163ms
Step: 815.7484ms
====================================
Loop: 482
  Solve: 128.8774ms
Step: 804.3808ms
====================================
Loop: 483
  Solve: 134.8291ms
Step: 811.3676ms
====================================
Loop: 484
  Solve: 128.4737ms
Step: 805.5675ms
====================================
Loop: 485
  Solve: 131.7362ms
Step: 808.3377ms
====================================
Loop: 486
  Solve: 129.8959ms
Step: 804.3399ms
====================================
Loop: 487
  Solve: 128.5781ms
Step: 799.6544ms
====================================
Loop: 488
  Solve: 134.8638ms
Step: 801.3749ms
====================================
Loop: 489
  Solve: 128.2491ms
Step: 805.3658ms
====================================
Loop: 490
  Solve: 132.3515ms
Step: 800.9139ms
====================================
Loop: 491
  Solve: 130.3885ms
Step: 806.6650ms
====================================
Loop: 492
  Solve: 128.8048ms
Step: 796.8528ms
====================================
Loop: 493
  Solve: 135.0645ms
Step: 799.4641ms
====================================
Loop: 494
  Solve: 128.6235ms
Step: 796.5042ms
====================================
Loop: 495
  Solve: 130.9286ms
Step: 800.4205ms
====================================
Loop: 496
  Solve: 131.4611ms
Step: 798.0773ms
====================================
Loop: 497
  Solve: 129.3316ms
Step: 802.5109ms
====================================
Loop: 498
  Solve: 132.6855ms
Step: 802.0253ms
====================================
Loop: 499
  Solve: 129.6867ms
Step: 798.8508ms
====================================
Loop: 500
  Solve: 131.7403ms
Step: 792.6656ms
====================================
