Loop: 0
  Solve: 4.5577ms
Step: 626.1613ms
====================================
Loop: 1
  Solve: 5.0982ms
Step: 388.7729ms
====================================
Loop: 2
  Solve: 4.7247ms
Step: 322.7757ms
====================================
Loop: 3
  Solve: 4.4269ms
Step: 323.1699ms
====================================
Loop: 4
  Solve: 4.6768ms
Step: 322.2725ms
====================================
Loop: 5
  Solve: 4.4216ms
Step: 316.0160ms
====================================
Loop: 6
  Solve: 4.6124ms
Step: 324.5238ms
====================================
Loop: 7
  Solve: 4.4351ms
Step: 325.0988ms
====================================
Loop: 8
  Solve: 4.5213ms
Step: 318.6542ms
====================================
Loop: 9
  Solve: 4.4370ms
Step: 321.4207ms
====================================
Loop: 10
  Solve: 4.5454ms
Step: 321.0736ms
====================================
Loop: 11
  Solve: 4.5842ms
Step: 321.7860ms
====================================
Loop: 12
  Solve: 4.5481ms
Step: 320.1638ms
====================================
Loop: 13
  Solve: 4.6329ms
Step: 321.1480ms
====================================
Loop: 14
  Solve: 4.8217ms
Step: 322.1013ms
====================================
Loop: 15
  Solve: 4.6622ms
Step: 321.8685ms
====================================
Loop: 16
  Solve: 4.4288ms
Step: 315.2064ms
====================================
Loop: 17
  Solve: 4.6343ms
Step: 324.2692ms
====================================
Loop: 18
  Solve: 4.7594ms
Step: 732.6140ms
====================================
Loop: 19
  Solve: 4.5788ms
Step: 321.4023ms
====================================
Loop: 20
  Solve: 4.6279ms
Step: 322.8027ms
====================================
Loop: 21
  Solve: 4.8118ms
Step: 319.8086ms
====================================
Loop: 22
  Solve: 4.5630ms
Step: 325.4652ms
====================================
Loop: 23
  Solve: 4.7299ms
Step: 326.4167ms
====================================
Loop: 24
  Solve: 4.4233ms
Step: 315.0175ms
====================================
Loop: 25
  Solve: 4.5674ms
Step: 324.3214ms
====================================
Loop: 26
  Solve: 4.6505ms
Step: 734.4667ms
====================================
Loop: 27
  Solve: 4.6077ms
Step: 321.7937ms
====================================
Loop: 28
  Solve: 4.6893ms
Step: 325.6890ms
====================================
Loop: 29
  Solve: 4.4759ms
Step: 314.3031ms
====================================
Loop: 30
  Solve: 4.5765ms
Step: 322.8864ms
====================================
Loop: 31
  Solve: 4.6696ms
Step: 323.2805ms
====================================
Loop: 32
  Solve: 4.4888ms
Step: 315.9621ms
====================================
Loop: 33
  Solve: 4.6451ms
Step: 733.5679ms
====================================
Loop: 34
  Solve: 4.4129ms
Step: 316.0929ms
====================================
Loop: 35
  Solve: 4.7603ms
Step: 327.8785ms
====================================
Loop: 36
  Solve: 4.5186ms
Step: 322.2244ms
====================================
Loop: 37
  Solve: 4.4310ms
Step: 316.1870ms
====================================
Loop: 38
  Solve: 4.7708ms
Step: 747.2241ms
====================================
Loop: 39
  Solve: 4.4239ms
Step: 317.6588ms
====================================
Loop: 40
  Solve: 4.6186ms
Step: 322.1809ms
====================================
Loop: 41
  Solve: 6.3035ms
Step: 348.0667ms
====================================
Loop: 42
  Solve: 4.4123ms
Step: 320.9299ms
====================================
Loop: 43
  Solve: 4.5919ms
Step: 728.3597ms
====================================
Loop: 44
  Solve: 4.4362ms
Step: 318.6000ms
====================================
Loop: 45
  Solve: 4.5902ms
Step: 323.0576ms
====================================
Loop: 46
  Solve: 4.6545ms
Step: 325.1685ms
====================================
Loop: 47
  Solve: 4.4350ms
Step: 716.2761ms
====================================
Loop: 48
  Solve: 4.5682ms
Step: 323.7886ms
====================================
Loop: 49
  Solve: 4.4730ms
Step: 322.0232ms
====================================
Loop: 50
  Solve: 4.4387ms
Step: 318.3566ms
====================================
Loop: 51
  Solve: 4.6850ms
Step: 728.3108ms
====================================
Loop: 52
  Solve: 4.7280ms
Step: 319.9036ms
====================================
Loop: 53
  Solve: 4.5935ms
Step: 324.0820ms
====================================
Loop: 54
  Solve: 21.4088ms
Step: 340.8496ms
====================================
Loop: 55
  Solve: 35.0373ms
Step: 749.1951ms
====================================
Loop: 56
  Solve: 49.1303ms
Step: 378.8449ms
====================================
Loop: 57
  Solve: 63.2242ms
Step: 384.6786ms
====================================
Loop: 58
  Solve: 81.0107ms
Step: 403.1014ms
====================================
Loop: 59
  Solve: 92.0262ms
Step: 800.6202ms
====================================
Loop: 60
  Solve: 105.3994ms
Step: 436.3141ms
====================================
Loop: 61
  Solve: 126.4337ms
Step: 453.7669ms
====================================
Loop: 62
  Solve: 141.8188ms
Step: 827.3134ms
====================================
Loop: 63
  Solve: 162.1539ms
Step: 496.8174ms
====================================
Loop: 64
  Solve: 182.1109ms
Step: 520.5417ms
====================================
Loop: 65
  Solve: 193.8368ms
Step: 876.1329ms
====================================
Loop: 66
  Solve: 208.2314ms
Step: 553.8282ms
====================================
Loop: 67
  Solve: 222.8318ms
Step: 568.0213ms
====================================
Loop: 68
  Solve: 242.3715ms
Step: 915.0018ms
====================================
Loop: 69
  Solve: 251.3669ms
Step: 599.6801ms
====================================
Loop: 70
  Solve: 271.8522ms
Step: 620.8004ms
====================================
Loop: 71
  Solve: 285.2727ms
Step: 945.3112ms
====================================
Loop: 72
  Solve: 291.5331ms
Step: 642.7902ms
====================================
Loop: 73
  Solve: 307.1775ms
Step: 657.5275ms
====================================
Loop: 74
  Solve: 325.7080ms
Step: 1025.4464ms
====================================
Loop: 75
  Solve: 329.0066ms
Step: 689.2037ms
====================================
Loop: 76
  Solve: 345.3806ms
Step: 699.8375ms
====================================
Loop: 77
  Solve: 426.4030ms
Step: 1082.9410ms
====================================
Loop: 78
  Solve: 413.4158ms
Step: 786.2994ms
====================================
Loop: 79
  Solve: 409.9464ms
Step: 776.8665ms
====================================
Loop: 80
  Solve: 423.1930ms
Step: 1118.1405ms
====================================
Loop: 81
  Solve: 449.3845ms
Step: 826.5705ms
====================================
Loop: 82
  Solve: 468.1928ms
Step: 849.5845ms
====================================
Loop: 83
  Solve: 484.1707ms
Step: 1122.8882ms
====================================
Loop: 84
  Solve: 498.5589ms
Step: 890.9318ms
====================================
Loop: 85
  Solve: 525.2903ms
Step: 924.6583ms
====================================
Loop: 86
  Solve: 540.4048ms
Step: 1185.0024ms
====================================
Loop: 87
  Solve: 574.3070ms
Step: 980.8499ms
====================================
Loop: 88
  Solve: 590.9816ms
Step: 1002.7159ms
====================================
Loop: 89
  Solve: 632.1729ms
Step: 1279.7922ms
====================================
Loop: 90
  Solve: 643.3877ms
Step: 1056.2183ms
====================================
Loop: 91
  Solve: 666.5254ms
Step: 1085.3988ms
====================================
Loop: 92
  Solve: 682.6484ms
Step: 1329.1858ms
====================================
Loop: 93
  Solve: 727.9450ms
Step: 1161.4111ms
====================================
Loop: 94
  Solve: 748.6715ms
Step: 1397.7958ms
====================================
Loop: 95
  Solve: 780.7026ms
Step: 1223.2748ms
====================================
Loop: 96
  Solve: 811.1679ms
Step: 1453.9221ms
====================================
Loop: 97
  Solve: 843.0782ms
Step: 1307.7747ms
====================================
Loop: 98
  Solve: 872.6541ms
Step: 1523.8458ms
====================================
Loop: 99
  Solve: 903.9075ms
Step: 1385.5645ms
====================================
Loop: 100
  Solve: 931.8003ms
Step: 1586.2554ms
====================================
Loop: 101
  Solve: 960.9865ms
Step: 1461.9255ms
====================================
Loop: 102
  Solve: 984.0611ms
Step: 1652.5775ms
====================================
Loop: 103
  Solve: 1005.0021ms
Step: 1529.4966ms
====================================
Loop: 104
  Solve: 1032.8890ms
Step: 1725.7162ms
====================================
Loop: 105
  Solve: 1055.0277ms
Step: 1612.8333ms
====================================
Loop: 106
  Solve: 1080.6483ms
Step: 1798.8416ms
====================================
Loop: 107
  Solve: 1099.5844ms
Step: 1699.3269ms
====================================
Loop: 108
  Solve: 1116.6459ms
Step: 1853.1052ms
====================================
Loop: 109
  Solve: 1141.5914ms
Step: 1770.6511ms
====================================
Loop: 110
  Solve: 1155.5420ms
Step: 1916.3248ms
====================================
Loop: 111
  Solve: 1174.9808ms
Step: 1831.0354ms
====================================
Loop: 112
  Solve: 1208.7213ms
Step: 1992.5630ms
====================================
Loop: 113
  Solve: 1230.8073ms
Step: 1924.2621ms
====================================
Loop: 114
  Solve: 1252.4786ms
Step: 2059.7783ms
====================================
Loop: 115
  Solve: 1273.9814ms
Step: 2005.4609ms
====================================
Loop: 116
  Solve: 1289.1365ms
Step: 2136.4375ms
====================================
Loop: 117
  Solve: 1312.3850ms
Step: 2090.1995ms
====================================
Loop: 118
  Solve: 1344.9363ms
Step: 2229.4360ms
====================================
Loop: 119
  Solve: 1363.1160ms
Step: 2183.2769ms
====================================
Loop: 120
  Solve: 1389.7385ms
Step: 2307.9382ms
====================================
Loop: 121
  Solve: 1418.0255ms
Step: 2292.9265ms
====================================
Loop: 122
  Solve: 1446.1079ms
Step: 2410.0310ms
====================================
Loop: 123
  Solve: 1461.3123ms
Step: 2387.0269ms
====================================
Loop: 124
  Solve: 1469.2012ms
Step: 2477.9944ms
====================================
Loop: 125
  Solve: 1495.8829ms
Step: 2474.9316ms
====================================
Loop: 126
  Solve: 1484.0347ms
Step: 2525.4858ms
====================================
Loop: 127
  Solve: 1496.5901ms
Step: 2522.2273ms
====================================
Loop: 128
  Solve: 1497.6221ms
Step: 2676.8657ms
====================================
Loop: 129
  Solve: 1502.3396ms
Step: 2567.5386ms
====================================
Loop: 130
  Solve: 1495.6605ms
Step: 2617.1921ms
====================================
Loop: 131
  Solve: 1492.8201ms
Step: 2599.4004ms
====================================
Loop: 132
  Solve: 1493.1133ms
Step: 2626.0725ms
====================================
Loop: 133
  Solve: 1494.2345ms
Step: 2637.0581ms
====================================
Loop: 134
  Solve: 1494.6458ms
Step: 2648.5212ms
====================================
Loop: 135
  Solve: 1486.1035ms
Step: 2648.6931ms
====================================
Loop: 136
  Solve: 1461.6304ms
Step: 2635.8232ms
====================================
Loop: 137
  Solve: 1461.7175ms
Step: 2625.8257ms
====================================
Loop: 138
  Solve: 1439.8804ms
Step: 2617.8250ms
====================================
Loop: 139
  Solve: 1420.3829ms
Step: 2606.6438ms
====================================
Loop: 140
  Solve: 1401.7831ms
Step: 2576.6846ms
====================================
Loop: 141
  Solve: 1413.9940ms
Step: 2604.7139ms
====================================
Loop: 142
  Solve: 1378.3781ms
Step: 2557.0767ms
====================================
Loop: 143
  Solve: 1359.2288ms
Step: 2544.1172ms
====================================
Loop: 144
  Solve: 1350.0823ms
Step: 2548.6433ms
====================================
Loop: 145
  Solve: 1335.4073ms
Step: 2529.4551ms
====================================
Loop: 146
  Solve: 1315.6428ms
Step: 2507.8621ms
====================================
Loop: 147
  Solve: 1301.0482ms
Step: 2495.6589ms
====================================
Loop: 148
  Solve: 1289.7743ms
Step: 2480.5090ms
====================================
Loop: 149
  Solve: 1281.6375ms
Step: 2464.6785ms
====================================
Loop: 150
  Solve: 1271.3149ms
Step: 2463.8147ms
====================================
Loop: 151
  Solve: 1252.0042ms
Step: 2445.3071ms
====================================
Loop: 152
  Solve: 1239.4167ms
Step: 2439.3752ms
====================================
Loop: 153
  Solve: 1225.7037ms
Step: 2432.3167ms
====================================
Loop: 154
  Solve: 1213.5153ms
Step: 2408.1707ms
====================================
Loop: 155
  Solve: 1200.3716ms
Step: 2389.0200ms
====================================
Loop: 156
  Solve: 1189.6747ms
Step: 2383.8633ms
====================================
Loop: 157
  Solve: 1173.7864ms
Step: 2372.2012ms
====================================
Loop: 158
  Solve: 1161.4038ms
Step: 2370.6445ms
====================================
Loop: 159
  Solve: 1148.5955ms
Step: 2337.6077ms
====================================
Loop: 160
  Solve: 1127.8058ms
Step: 2331.5056ms
====================================
Loop: 161
  Solve: 1108.4512ms
Step: 2327.6353ms
====================================
Loop: 162
  Solve: 1097.7920ms
Step: 2297.5146ms
====================================
Loop: 163
  Solve: 1078.3533ms
Step: 2277.2515ms
====================================
Loop: 164
  Solve: 1071.3510ms
Step: 2271.5356ms
====================================
Loop: 165
  Solve: 1049.4689ms
Step: 2296.8086ms
====================================
Loop: 166
  Solve: 1029.3069ms
Step: 2228.1626ms
====================================
Loop: 167
  Solve: 1019.4752ms
Step: 2222.1143ms
====================================
Loop: 168
  Solve: 1001.3318ms
Step: 2200.0833ms
====================================
Loop: 169
  Solve: 980.4438ms
Step: 2189.5251ms
====================================
Loop: 170
  Solve: 969.1749ms
Step: 2165.6150ms
====================================
Loop: 171
  Solve: 951.7555ms
Step: 2141.3418ms
====================================
Loop: 172
  Solve: 932.3276ms
Step: 2123.4480ms
====================================
Loop: 173
  Solve: 926.9807ms
Step: 2121.2659ms
====================================
Loop: 174
  Solve: 913.1011ms
Step: 2090.9680ms
====================================
Loop: 175
  Solve: 909.2993ms
Step: 2084.0652ms
====================================
Loop: 176
  Solve: 897.0753ms
Step: 2076.6113ms
====================================
Loop: 177
  Solve: 883.0197ms
Step: 2065.4419ms
====================================
Loop: 178
  Solve: 887.7006ms
Step: 2063.4099ms
====================================
Loop: 179
  Solve: 882.1744ms
Step: 2059.1279ms
====================================
Loop: 180
  Solve: 878.0005ms
Step: 2061.8477ms
====================================
Loop: 181
  Solve: 873.4769ms
Step: 2040.8599ms
====================================
Loop: 182
  Solve: 865.7504ms
Step: 2042.9932ms
====================================
Loop: 183
  Solve: 859.5094ms
Step: 2062.3445ms
====================================
Loop: 184
  Solve: 890.7038ms
Step: 2066.9673ms
====================================
Loop: 185
  Solve: 857.6354ms
Step: 2046.6576ms
====================================
Loop: 186
  Solve: 848.9620ms
Step: 2042.3495ms
====================================
Loop: 187
  Solve: 853.2616ms
Step: 2088.7866ms
====================================
Loop: 188
  Solve: 839.6552ms
Step: 2010.3295ms
====================================
Loop: 189
  Solve: 835.3228ms
Step: 2009.9060ms
====================================
Loop: 190
  Solve: 827.1823ms
Step: 2014.7570ms
====================================
Loop: 191
  Solve: 818.7047ms
Step: 1982.9583ms
====================================
Loop: 192
  Solve: 807.1568ms
Step: 1969.3262ms
====================================
Loop: 193
  Solve: 796.9849ms
Step: 1959.6050ms
====================================
Loop: 194
  Solve: 786.2742ms
Step: 1952.0784ms
====================================
Loop: 195
  Solve: 776.8790ms
Step: 1950.0765ms
====================================
Loop: 196
  Solve: 771.9638ms
Step: 1948.0498ms
====================================
Loop: 197
  Solve: 765.4473ms
Step: 1928.9076ms
====================================
Loop: 198
  Solve: 753.3486ms
Step: 1912.0647ms
====================================
Loop: 199
  Solve: 751.3636ms
Step: 1919.2913ms
====================================
Loop: 200
  Solve: 744.2647ms
Step: 1909.4695ms
====================================
Loop: 201
  Solve: 730.3835ms
Step: 1889.2617ms
====================================
Loop: 202
  Solve: 739.3727ms
Step: 1901.9010ms
====================================
Loop: 203
  Solve: 733.1609ms
Step: 1885.2764ms
====================================
Loop: 204
  Solve: 725.9411ms
Step: 1887.0620ms
====================================
Loop: 205
  Solve: 719.3521ms
Step: 1891.0321ms
====================================
Loop: 206
  Solve: 718.9860ms
Step: 1880.2395ms
====================================
Loop: 207
  Solve: 713.8898ms
Step: 1852.9480ms
====================================
Loop: 208
  Solve: 714.1376ms
Step: 1872.9738ms
====================================
Loop: 209
  Solve: 715.3829ms
Step: 1860.5010ms
====================================
Loop: 210
  Solve: 721.1370ms
Step: 1874.2166ms
====================================
Loop: 211
  Solve: 725.4179ms
Step: 1882.5796ms
====================================
Loop: 212
  Solve: 728.4177ms
Step: 1892.8040ms
====================================
Loop: 213
  Solve: 730.3106ms
Step: 1889.1619ms
====================================
Loop: 214
  Solve: 731.0955ms
Step: 1904.7610ms
====================================
Loop: 215
  Solve: 736.6943ms
Step: 1897.3142ms
====================================
Loop: 216
  Solve: 734.3171ms
Step: 1902.3960ms
====================================
Loop: 217
  Solve: 735.8298ms
Step: 1895.1392ms
====================================
Loop: 218
  Solve: 742.4686ms
Step: 1895.4109ms
====================================
Loop: 219
  Solve: 751.4554ms
Step: 1915.3550ms
====================================
Loop: 220
  Solve: 757.8162ms
Step: 1915.0803ms
====================================
Loop: 221
  Solve: 764.6422ms
Step: 1936.7195ms
====================================
Loop: 222
  Solve: 770.8681ms
Step: 1946.2583ms
====================================
Loop: 223
  Solve: 773.8090ms
Step: 1955.7875ms
====================================
Loop: 224
  Solve: 780.7713ms
Step: 1964.5623ms
====================================
Loop: 225
  Solve: 780.6888ms
Step: 1962.1055ms
====================================
Loop: 226
  Solve: 785.6368ms
Step: 1967.7792ms
====================================
Loop: 227
  Solve: 793.9243ms
Step: 1975.5742ms
====================================
Loop: 228
  Solve: 801.3789ms
Step: 1989.5416ms
====================================
Loop: 229
  Solve: 806.0457ms
Step: 1992.8511ms
====================================
Loop: 230
  Solve: 813.2952ms
Step: 2003.5885ms
====================================
Loop: 231
  Solve: 821.5452ms
Step: 2017.2563ms
====================================
Loop: 232
  Solve: 826.2544ms
Step: 2018.6208ms
====================================
Loop: 233
  Solve: 831.9202ms
Step: 2028.2335ms
====================================
Loop: 234
  Solve: 834.5802ms
Step: 2039.1991ms
====================================
Loop: 235
  Solve: 838.9758ms
Step: 2043.6586ms
====================================
Loop: 236
  Solve: 844.0536ms
Step: 2042.5994ms
====================================
Loop: 237
  Solve: 852.7458ms
Step: 2059.5901ms
====================================
Loop: 238
  Solve: 859.6473ms
Step: 2073.2839ms
====================================
Loop: 239
  Solve: 865.6612ms
Step: 2105.2512ms
====================================
Loop: 240
  Solve: 869.6369ms
Step: 2076.5569ms
====================================
Loop: 241
  Solve: 873.9318ms
Step: 2077.7725ms
====================================
Loop: 242
  Solve: 872.2343ms
Step: 2127.4336ms
====================================
Loop: 243
  Solve: 876.8747ms
Step: 2068.8115ms
====================================
Loop: 244
  Solve: 883.1615ms
Step: 2101.9539ms
====================================
Loop: 245
  Solve: 877.6245ms
Step: 2075.5195ms
====================================
Loop: 246
  Solve: 887.0770ms
Step: 2074.6885ms
====================================
Loop: 247
  Solve: 877.7397ms
Step: 2061.1638ms
====================================
Loop: 248
  Solve: 893.1605ms
Step: 2092.1892ms
====================================
Loop: 249
  Solve: 871.2552ms
Step: 2057.9929ms
====================================
Loop: 250
  Solve: 868.5394ms
Step: 2053.8704ms
====================================
Loop: 251
  Solve: 864.3819ms
Step: 2044.5312ms
====================================
Loop: 252
  Solve: 861.0131ms
Step: 2043.5780ms
====================================
Loop: 253
  Solve: 993.9875ms
Step: 2371.5251ms
====================================
Loop: 254
  Solve: 867.3521ms
Step: 2167.0979ms
====================================
Loop: 255
  Solve: 860.5488ms
Step: 2050.0923ms
====================================
Loop: 256
  Solve: 868.6198ms
Step: 2048.8235ms
====================================
Loop: 257
  Solve: 869.5621ms
Step: 2051.1086ms
====================================
Loop: 258
  Solve: 864.3552ms
Step: 2034.1805ms
====================================
Loop: 259
  Solve: 871.7444ms
Step: 2076.0349ms
====================================
Loop: 260
  Solve: 908.3940ms
Step: 2136.1396ms
====================================
Loop: 261
  Solve: 880.6172ms
Step: 2062.9834ms
====================================
Loop: 262
  Solve: 894.6778ms
Step: 2076.5779ms
====================================
Loop: 263
  Solve: 888.7070ms
Step: 2088.9272ms
====================================
Loop: 264
  Solve: 886.7394ms
Step: 2080.4614ms
====================================
Loop: 265
  Solve: 886.9536ms
Step: 2106.5874ms
====================================
Loop: 266
  Solve: 894.1460ms
Step: 2084.2148ms
====================================
Loop: 267
  Solve: 884.0498ms
Step: 2079.8289ms
====================================
Loop: 268
  Solve: 904.7288ms
Step: 2109.3625ms
====================================
Loop: 269
  Solve: 905.0075ms
Step: 2104.2288ms
====================================
Loop: 270
  Solve: 891.9992ms
Step: 2122.0398ms
====================================
Loop: 271
  Solve: 898.0902ms
Step: 2125.2097ms
====================================
Loop: 272
  Solve: 890.0405ms
Step: 2090.8347ms
====================================
Loop: 273
  Solve: 880.7971ms
Step: 2084.8555ms
====================================
Loop: 274
  Solve: 889.0938ms
Step: 2101.2534ms
====================================
Loop: 275
  Solve: 897.4637ms
Step: 2090.8040ms
====================================
Loop: 276
  Solve: 883.9271ms
Step: 2074.3718ms
====================================
Loop: 277
  Solve: 885.4503ms
Step: 2092.2454ms
====================================
Loop: 278
  Solve: 881.9297ms
Step: 2068.8987ms
====================================
Loop: 279
  Solve: 898.7073ms
Step: 2073.3140ms
====================================
Loop: 280
  Solve: 882.8229ms
Step: 2070.7927ms
====================================
Loop: 281
  Solve: 888.3461ms
Step: 2071.3916ms
====================================
Loop: 282
  Solve: 945.4979ms
Step: 2174.3521ms
====================================
Loop: 283
  Solve: 886.4455ms
Step: 2109.5566ms
====================================
Loop: 284
  Solve: 879.3109ms
Step: 2088.4026ms
====================================
Loop: 285
  Solve: 884.4322ms
Step: 2099.3601ms
====================================
Loop: 286
  Solve: 886.3266ms
Step: 2091.9180ms
====================================
Loop: 287
  Solve: 883.1766ms
Step: 2094.2483ms
====================================
Loop: 288
  Solve: 881.1265ms
Step: 2082.2961ms
====================================
Loop: 289
  Solve: 878.9645ms
Step: 2086.8154ms
====================================
Loop: 290
  Solve: 880.4151ms
Step: 2093.7344ms
====================================
Loop: 291
  Solve: 890.5301ms
Step: 2105.6765ms
====================================
Loop: 292
  Solve: 887.8419ms
Step: 2102.0813ms
====================================
Loop: 293
  Solve: 883.5930ms
Step: 2094.1099ms
====================================
Loop: 294
  Solve: 895.0362ms
Step: 2107.6431ms
====================================
Loop: 295
  Solve: 879.6202ms
Step: 2086.2048ms
====================================
Loop: 296
  Solve: 882.9838ms
Step: 2089.5547ms
====================================
Loop: 297
  Solve: 885.4995ms
Step: 2090.9749ms
====================================
Loop: 298
  Solve: 886.0949ms
Step: 2100.1143ms
====================================
Loop: 299
  Solve: 889.5667ms
Step: 2097.4597ms
====================================
Loop: 300
  Solve: 891.3240ms
Step: 2104.5994ms
====================================
Loop: 301
  Solve: 885.6116ms
Step: 2086.6414ms
====================================
Loop: 302
  Solve: 889.1081ms
Step: 2095.5759ms
====================================
Loop: 303
  Solve: 891.1207ms
Step: 2104.6294ms
====================================
Loop: 304
  Solve: 882.3743ms
Step: 2096.1414ms
====================================
Loop: 305
  Solve: 971.5657ms
Step: 2188.1904ms
====================================
Loop: 306
  Solve: 882.5195ms
Step: 2097.0486ms
====================================
Loop: 307
  Solve: 874.9389ms
Step: 2077.6072ms
====================================
Loop: 308
  Solve: 874.9955ms
Step: 2087.3201ms
====================================
Loop: 309
  Solve: 868.5819ms
Step: 2057.9441ms
====================================
Loop: 310
  Solve: 862.6907ms
Step: 2042.0580ms
====================================
Loop: 311
  Solve: 863.9299ms
Step: 2048.3318ms
====================================
Loop: 312
  Solve: 855.8092ms
Step: 2025.5845ms
====================================
Loop: 313
  Solve: 851.9512ms
Step: 2029.9474ms
====================================
Loop: 314
  Solve: 858.6089ms
Step: 2044.9945ms
====================================
Loop: 315
  Solve: 854.6713ms
Step: 2034.5564ms
====================================
Loop: 316
  Solve: 845.3086ms
Step: 2028.0201ms
====================================
Loop: 317
  Solve: 840.6862ms
Step: 2017.8750ms
====================================
Loop: 318
  Solve: 843.3019ms
Step: 2036.0210ms
====================================
Loop: 319
  Solve: 839.9452ms
Step: 2012.2191ms
====================================
Loop: 320
  Solve: 841.5943ms
Step: 2019.2728ms
====================================
Loop: 321
  Solve: 839.3945ms
Step: 2002.7844ms
====================================
Loop: 322
  Solve: 833.7056ms
Step: 2004.5725ms
====================================
Loop: 323
  Solve: 835.4706ms
Step: 2014.0508ms
====================================
Loop: 324
  Solve: 835.5938ms
Step: 2005.7842ms
====================================
Loop: 325
  Solve: 840.4398ms
Step: 2028.2163ms
====================================
Loop: 326
  Solve: 837.3439ms
Step: 2063.5137ms
====================================
Loop: 327
  Solve: 831.7599ms
Step: 2041.6580ms
====================================
Loop: 328
  Solve: 824.3597ms
Step: 2022.1565ms
====================================
Loop: 329
  Solve: 820.4318ms
Step: 2014.7256ms
====================================
Loop: 330
  Solve: 809.4519ms
Step: 2007.4366ms
====================================
Loop: 331
  Solve: 808.1633ms
Step: 1994.6387ms
====================================
Loop: 332
  Solve: 796.1380ms
Step: 1978.0723ms
====================================
Loop: 333
  Solve: 793.3640ms
Step: 1965.4482ms
====================================
Loop: 334
  Solve: 791.6992ms
Step: 1955.5769ms
====================================
Loop: 335
  Solve: 782.1999ms
Step: 1947.4192ms
====================================
Loop: 336
  Solve: 775.7043ms
Step: 1918.2834ms
====================================
Loop: 337
  Solve: 773.8079ms
Step: 1903.5583ms
====================================
Loop: 338
  Solve: 798.6073ms
Step: 1970.4143ms
====================================
Loop: 339
  Solve: 760.8460ms
Step: 1900.4683ms
====================================
Loop: 340
  Solve: 758.5452ms
Step: 1907.5105ms
====================================
Loop: 341
  Solve: 777.3015ms
Step: 1914.7576ms
====================================
Loop: 342
  Solve: 752.9780ms
Step: 1917.9023ms
====================================
Loop: 343
  Solve: 749.3587ms
Step: 1863.4178ms
====================================
Loop: 344
  Solve: 743.7171ms
Step: 1864.4868ms
====================================
Loop: 345
  Solve: 739.0170ms
Step: 1858.3821ms
====================================
Loop: 346
  Solve: 730.7385ms
Step: 1828.4136ms
====================================
Loop: 347
  Solve: 733.1478ms
Step: 1845.0475ms
====================================
Loop: 348
  Solve: 717.7460ms
Step: 1813.3645ms
====================================
Loop: 349
  Solve: 724.7897ms
Step: 1820.7277ms
====================================
Loop: 350
  Solve: 722.1362ms
Step: 1811.5789ms
====================================
Loop: 351
  Solve: 718.1128ms
Step: 1790.0159ms
====================================
Loop: 352
  Solve: 710.7720ms
Step: 1794.3806ms
====================================
Loop: 353
  Solve: 701.0198ms
Step: 1782.5461ms
====================================
Loop: 354
  Solve: 701.0445ms
Step: 1768.3414ms
====================================
Loop: 355
  Solve: 693.7523ms
Step: 1753.0618ms
====================================
Loop: 356
  Solve: 693.6162ms
Step: 1749.8798ms
====================================
Loop: 357
  Solve: 684.0573ms
Step: 1734.8468ms
====================================
Loop: 358
  Solve: 683.0593ms
Step: 1726.0930ms
====================================
Loop: 359
  Solve: 680.1772ms
Step: 1717.6681ms
====================================
Loop: 360
  Solve: 674.8290ms
Step: 1714.0618ms
====================================
Loop: 361
  Solve: 674.2211ms
Step: 1708.9258ms
====================================
Loop: 362
  Solve: 668.4697ms
Step: 1691.5850ms
====================================
Loop: 363
  Solve: 669.2297ms
Step: 1669.7603ms
====================================
Loop: 364
  Solve: 659.3992ms
Step: 1736.2277ms
====================================
Loop: 365
  Solve: 660.0057ms
Step: 1676.6968ms
====================================
Loop: 366
  Solve: 664.6099ms
Step: 1675.4398ms
====================================
Loop: 367
  Solve: 656.1132ms
Step: 1664.6420ms
====================================
Loop: 368
  Solve: 655.3102ms
Step: 1660.7991ms
====================================
Loop: 369
  Solve: 657.8668ms
Step: 1650.8615ms
====================================
Loop: 370
  Solve: 646.1346ms
Step: 1635.9823ms
====================================
Loop: 371
  Solve: 646.4171ms
Step: 1641.2463ms
====================================
Loop: 372
  Solve: 640.3647ms
Step: 1630.9226ms
====================================
Loop: 373
  Solve: 638.2587ms
Step: 1622.1042ms
====================================
Loop: 374
  Solve: 637.5507ms
Step: 1609.4661ms
====================================
Loop: 375
  Solve: 634.3183ms
Step: 1611.7172ms
====================================
Loop: 376
  Solve: 624.9719ms
Step: 1600.4279ms
====================================
Loop: 377
  Solve: 628.1423ms
Step: 1617.7317ms
====================================
Loop: 378
  Solve: 621.8067ms
Step: 1588.0369ms
====================================
Loop: 379
  Solve: 627.5968ms
Step: 1579.0479ms
====================================
Loop: 380
  Solve: 619.4730ms
Step: 1579.6697ms
====================================
Loop: 381
  Solve: 670.1234ms
Step: 1636.1882ms
====================================
Loop: 382
  Solve: 618.2264ms
Step: 1571.3523ms
====================================
Loop: 383
  Solve: 614.5015ms
Step: 1568.0747ms
====================================
Loop: 384
  Solve: 614.3019ms
Step: 1548.3484ms
====================================
Loop: 385
  Solve: 604.1065ms
Step: 1544.9128ms
====================================
Loop: 386
  Solve: 610.4026ms
Step: 1535.9860ms
====================================
Loop: 387
  Solve: 609.7474ms
Step: 1546.6243ms
====================================
Loop: 388
  Solve: 602.4966ms
Step: 1521.0099ms
====================================
Loop: 389
  Solve: 598.0829ms
Step: 1531.2686ms
====================================
Loop: 390
  Solve: 603.3330ms
Step: 1519.2371ms
====================================
Loop: 391
  Solve: 598.8488ms
Step: 1521.7588ms
====================================
Loop: 392
  Solve: 597.7184ms
Step: 1501.3328ms
====================================
Loop: 393
  Solve: 597.0738ms
Step: 1506.8989ms
====================================
Loop: 394
  Solve: 596.0618ms
Step: 1495.7677ms
====================================
Loop: 395
  Solve: 591.8229ms
Step: 1500.8684ms
====================================
Loop: 396
  Solve: 590.6155ms
Step: 1480.9692ms
====================================
Loop: 397
  Solve: 587.5803ms
Step: 1495.0139ms
====================================
Loop: 398
  Solve: 589.3663ms
Step: 1483.8138ms
====================================
Loop: 399
  Solve: 587.0039ms
Step: 1478.8945ms
====================================
Loop: 400
  Solve: 587.1003ms
Step: 1464.1177ms
====================================
Loop: 401
  Solve: 578.8737ms
Step: 1462.2601ms
====================================
Loop: 402
  Solve: 585.8856ms
Step: 1463.0939ms
====================================
Loop: 403
  Solve: 576.0095ms
Step: 1462.4194ms
====================================
Loop: 404
  Solve: 578.9474ms
Step: 1452.7056ms
====================================
Loop: 405
  Solve: 578.3028ms
Step: 1456.0525ms
====================================
Loop: 406
  Solve: 577.3535ms
Step: 1447.0343ms
====================================
Loop: 407
  Solve: 576.2279ms
Step: 1444.0540ms
====================================
Loop: 408
  Solve: 572.2279ms
Step: 1437.2112ms
====================================
Loop: 409
  Solve: 572.1225ms
Step: 1425.1882ms
====================================
Loop: 410
  Solve: 571.1824ms
Step: 1422.0989ms
====================================
Loop: 411
  Solve: 571.8973ms
Step: 1424.4158ms
====================================
Loop: 412
  Solve: 565.5731ms
Step: 1425.9490ms
====================================
Loop: 413
  Solve: 567.7903ms
Step: 1424.3838ms
====================================
Loop: 414
  Solve: 567.7649ms
Step: 1409.7864ms
====================================
Loop: 415
  Solve: 561.0303ms
Step: 1398.9314ms
====================================
Loop: 416
  Solve: 566.1860ms
Step: 1403.4038ms
====================================
Loop: 417
  Solve: 566.2203ms
Step: 1408.2791ms
====================================
Loop: 418
  Solve: 559.5800ms
Step: 1404.6505ms
====================================
Loop: 419
  Solve: 557.9735ms
Step: 1388.6221ms
====================================
Loop: 420
  Solve: 556.9399ms
Step: 1379.8242ms
====================================
Loop: 421
  Solve: 560.0991ms
Step: 1390.5015ms
====================================
Loop: 422
  Solve: 558.0752ms
Step: 1395.7109ms
====================================
Loop: 423
  Solve: 561.6795ms
Step: 1386.7905ms
====================================
Loop: 424
  Solve: 559.4830ms
Step: 1377.5533ms
====================================
Loop: 425
  Solve: 553.7238ms
Step: 1377.7194ms
====================================
Loop: 426
  Solve: 559.7574ms
Step: 1381.9147ms
====================================
Loop: 427
  Solve: 552.0536ms
Step: 1361.1892ms
====================================
Loop: 428
  Solve: 549.9648ms
Step: 1350.5803ms
====================================
Loop: 429
  Solve: 552.6019ms
Step: 1364.6995ms
====================================
Loop: 430
  Solve: 549.1055ms
Step: 1358.2684ms
====================================
Loop: 431
  Solve: 553.4770ms
Step: 1351.3297ms
====================================
Loop: 432
  Solve: 552.3503ms
Step: 1344.0361ms
====================================
Loop: 433
  Solve: 546.7894ms
Step: 1351.4210ms
====================================
Loop: 434
  Solve: 548.7733ms
Step: 1340.9589ms
====================================
Loop: 435
  Solve: 546.1252ms
Step: 1336.2501ms
====================================
Loop: 436
  Solve: 548.1454ms
Step: 1343.9954ms
====================================
Loop: 437
  Solve: 543.7571ms
Step: 1321.7573ms
====================================
Loop: 438
  Solve: 545.9197ms
Step: 1320.2568ms
====================================
Loop: 439
  Solve: 545.0064ms
Step: 1333.8529ms
====================================
Loop: 440
  Solve: 541.7034ms
Step: 1315.2251ms
====================================
Loop: 441
  Solve: 542.7748ms
Step: 1314.9762ms
====================================
Loop: 442
  Solve: 541.1868ms
Step: 1313.3499ms
====================================
Loop: 443
  Solve: 535.8893ms
Step: 1300.8335ms
====================================
Loop: 444
  Solve: 538.3254ms
Step: 1312.6681ms
====================================
Loop: 445
  Solve: 538.8133ms
Step: 1306.8622ms
====================================
Loop: 446
  Solve: 537.6378ms
Step: 1310.1019ms
====================================
Loop: 447
  Solve: 535.0620ms
Step: 1296.8107ms
====================================
Loop: 448
  Solve: 533.4757ms
Step: 1289.2720ms
====================================
Loop: 449
  Solve: 530.8853ms
Step: 1306.2461ms
====================================
Loop: 450
  Solve: 538.9554ms
Step: 1290.5891ms
====================================
Loop: 451
  Solve: 537.9598ms
Step: 1291.9714ms
====================================
Loop: 452
  Solve: 534.7020ms
Step: 1287.3906ms
====================================
Loop: 453
  Solve: 530.6212ms
Step: 1290.1580ms
====================================
Loop: 454
  Solve: 537.4733ms
Step: 1284.5940ms
====================================
Loop: 455
  Solve: 537.3480ms
Step: 1284.9758ms
====================================
Loop: 456
  Solve: 529.2920ms
Step: 1284.7325ms
====================================
Loop: 457
  Solve: 535.9458ms
Step: 1273.3607ms
====================================
Loop: 458
  Solve: 533.2448ms
Step: 1276.8123ms
====================================
Loop: 459
  Solve: 530.1904ms
Step: 1272.5537ms
====================================
Loop: 460
  Solve: 532.3048ms
Step: 1271.6278ms
====================================
Loop: 461
  Solve: 536.2993ms
Step: 1275.5311ms
====================================
Loop: 462
  Solve: 531.3074ms
Step: 1266.8578ms
====================================
Loop: 463
  Solve: 533.2290ms
Step: 1291.5559ms
====================================
Loop: 464
  Solve: 531.0891ms
Step: 1298.5149ms
====================================
Loop: 465
  Solve: 537.7780ms
Step: 1271.9750ms
====================================
Loop: 466
  Solve: 530.3057ms
Step: 1255.3969ms
====================================
Loop: 467
  Solve: 528.0469ms
Step: 1262.1758ms
====================================
Loop: 468
  Solve: 531.8729ms
Step: 1257.7771ms
====================================
Loop: 469
  Solve: 529.6605ms
Step: 1254.4900ms
====================================
Loop: 470
  Solve: 529.1995ms
Step: 1254.1116ms
====================================
Loop: 471
  Solve: 524.3700ms
Step: 1248.4305ms
====================================
Loop: 472
  Solve: 577.2682ms
Step: 1300.8503ms
====================================
Loop: 473
  Solve: 533.2108ms
Step: 1250.7743ms
====================================
Loop: 474
  Solve: 573.3660ms
Step: 1309.8616ms
====================================
Loop: 475
  Solve: 534.6031ms
Step: 1252.5251ms
====================================
Loop: 476
  Solve: 534.1340ms
Step: 1306.1550ms
====================================
Loop: 477
  Solve: 529.7997ms
Step: 1243.9857ms
====================================
Loop: 478
  Solve: 529.4966ms
Step: 1243.1631ms
====================================
Loop: 479
  Solve: 536.4738ms
Step: 1244.4165ms
====================================
Loop: 480
  Solve: 537.5777ms
Step: 1243.6295ms
====================================
Loop: 481
  Solve: 529.8378ms
Step: 1240.3821ms
====================================
Loop: 482
  Solve: 532.4758ms
Step: 1249.1812ms
====================================
Loop: 483
  Solve: 534.5262ms
Step: 1242.2841ms
====================================
Loop: 484
  Solve: 538.2723ms
Step: 1240.6559ms
====================================
Loop: 485
  Solve: 530.3221ms
Step: 1244.9492ms
====================================
Loop: 486
  Solve: 530.0151ms
Step: 1232.3660ms
====================================
Loop: 487
  Solve: 530.6669ms
Step: 1233.6179ms
====================================
Loop: 488
  Solve: 534.9151ms
Step: 1232.0040ms
====================================
Loop: 489
  Solve: 532.2164ms
Step: 1237.2977ms
====================================
Loop: 490
  Solve: 532.8171ms
Step: 1234.0895ms
====================================
Loop: 491
  Solve: 534.4187ms
Step: 1237.4271ms
====================================
Loop: 492
  Solve: 534.3516ms
Step: 1224.6251ms
====================================
Loop: 493
  Solve: 537.8920ms
Step: 1228.3105ms
====================================
Loop: 494
  Solve: 530.8899ms
Step: 1227.0283ms
====================================
Loop: 495
  Solve: 532.0377ms
Step: 1231.9866ms
====================================
Loop: 496
  Solve: 534.6976ms
Step: 1227.7863ms
====================================
Loop: 497
  Solve: 536.4492ms
Step: 1225.5461ms
====================================
Loop: 498
  Solve: 530.9903ms
Step: 1226.5492ms
====================================
Loop: 499
  Solve: 535.6434ms
Step: 1229.6000ms
====================================
Loop: 500
  Solve: 534.2505ms
Step: 1228.5173ms
====================================
