Using platform vendor: Intel(R) Corporation
Loop: 0
  Solve: 0.0008ms
Step: 603.5927ms
====================================
Loop: 1
  Solve: 0.0011ms
Step: 291.8543ms
====================================
Loop: 2
  Solve: 0.0012ms
Step: 291.9663ms
====================================
Loop: 3
  Solve: 0.0019ms
Step: 324.3674ms
====================================
Loop: 4
  Solve: 0.0013ms
Step: 304.5310ms
====================================
Loop: 5
  Solve: 0.0012ms
Step: 295.1928ms
====================================
Loop: 6
  Solve: 0.0012ms
Step: 288.9776ms
====================================
Loop: 7
  Solve: 0.0013ms
Step: 295.4113ms
====================================
Loop: 8
  Solve: 0.0012ms
Step: 291.0406ms
====================================
Loop: 9
  Solve: 0.0012ms
Step: 292.2043ms
====================================
Loop: 10
  Solve: 0.0014ms
Step: 294.4532ms
====================================
Loop: 11
  Solve: 0.0011ms
Step: 288.6213ms
====================================
Loop: 12
  Solve: 0.0012ms
Step: 296.1841ms
====================================
Loop: 13
  Solve: 0.0013ms
Step: 291.2973ms
====================================
Loop: 14
  Solve: 0.0012ms
Step: 289.1812ms
====================================
Loop: 15
  Solve: 0.0012ms
Step: 293.1296ms
====================================
Loop: 16
  Solve: 0.0010ms
Step: 288.2264ms
====================================
Loop: 17
  Solve: 0.0012ms
Step: 295.9709ms
====================================
Loop: 18
  Solve: 0.0011ms
Step: 691.6422ms
====================================
Loop: 19
  Solve: 0.0012ms
Step: 294.9970ms
====================================
Loop: 20
  Solve: 0.0009ms
Step: 291.1420ms
====================================
Loop: 21
  Solve: 0.0012ms
Step: 293.0655ms
====================================
Loop: 22
  Solve: 0.0009ms
Step: 291.0377ms
====================================
Loop: 23
  Solve: 0.0012ms
Step: 289.6086ms
====================================
Loop: 24
  Solve: 0.0011ms
Step: 296.1086ms
====================================
Loop: 25
  Solve: 0.0011ms
Step: 287.9075ms
====================================
Loop: 26
  Solve: 0.0012ms
Step: 707.0096ms
====================================
Loop: 27
  Solve: 0.0014ms
Step: 287.8718ms
====================================
Loop: 28
  Solve: 0.0012ms
Step: 291.3832ms
====================================
Loop: 29
  Solve: 0.0011ms
Step: 290.7694ms
====================================
Loop: 30
  Solve: 0.0012ms
Step: 294.0013ms
====================================
Loop: 31
  Solve: 0.0010ms
Step: 289.1141ms
====================================
Loop: 32
  Solve: 0.0011ms
Step: 289.4581ms
====================================
Loop: 33
  Solve: 0.0011ms
Step: 696.0421ms
====================================
Loop: 34
  Solve: 0.0012ms
Step: 290.9483ms
====================================
Loop: 35
  Solve: 0.0012ms
Step: 293.1662ms
====================================
Loop: 36
  Solve: 0.0011ms
Step: 286.8798ms
====================================
Loop: 37
  Solve: 0.0013ms
Step: 293.1563ms
====================================
Loop: 38
  Solve: 0.0011ms
Step: 690.0965ms
====================================
Loop: 39
  Solve: 0.0012ms
Step: 290.5161ms
====================================
Loop: 40
  Solve: 0.0011ms
Step: 290.4477ms
====================================
Loop: 41
  Solve: 0.0011ms
Step: 290.2693ms
====================================
Loop: 42
  Solve: 0.0011ms
Step: 288.2568ms
====================================
Loop: 43
  Solve: 0.0011ms
Step: 692.5085ms
====================================
Loop: 44
  Solve: 0.0010ms
Step: 288.6805ms
====================================
Loop: 45
  Solve: 0.0011ms
Step: 290.3074ms
====================================
Loop: 46
  Solve: 0.0011ms
Step: 296.3371ms
====================================
Loop: 47
  Solve: 0.0011ms
Step: 682.7560ms
====================================
Loop: 48
  Solve: 0.0011ms
Step: 291.5804ms
====================================
Loop: 49
  Solve: 0.0012ms
Step: 288.6227ms
====================================
Loop: 50
  Solve: 0.0012ms
Step: 291.6396ms
====================================
Loop: 51
  Solve: 0.0010ms
Step: 690.4125ms
====================================
Loop: 52
  Solve: 0.0013ms
Step: 292.7868ms
====================================
Loop: 53
  Solve: 0.0011ms
Step: 289.9347ms
====================================
Loop: 54
  Solve: 7.7691ms
Step: 302.3019ms
====================================
Loop: 55
  Solve: 10.5450ms
Step: 700.4377ms
====================================
Loop: 56
  Solve: 8.4873ms
Step: 309.5098ms
====================================
Loop: 57
  Solve: 10.6610ms
Step: 309.4443ms
====================================
Loop: 58
  Solve: 13.0788ms
Step: 310.1831ms
====================================
Loop: 59
  Solve: 15.4668ms
Step: 698.5637ms
====================================
Loop: 60
  Solve: 18.1542ms
Step: 324.9592ms
====================================
Loop: 61
  Solve: 19.7380ms
Step: 327.3267ms
====================================
Loop: 62
  Solve: 23.8521ms
Step: 686.6661ms
====================================
Loop: 63
  Solve: 26.1211ms
Step: 341.8547ms
====================================
Loop: 64
  Solve: 29.0147ms
Step: 341.6149ms
====================================
Loop: 65
  Solve: 34.3129ms
Step: 695.4106ms
====================================
Loop: 66
  Solve: 37.9755ms
Step: 357.3903ms
====================================
Loop: 67
  Solve: 38.2047ms
Step: 358.1677ms
====================================
Loop: 68
  Solve: 41.3333ms
Step: 701.2843ms
====================================
Loop: 69
  Solve: 46.9984ms
Step: 372.3434ms
====================================
Loop: 70
  Solve: 49.5016ms
Step: 377.7753ms
====================================
Loop: 71
  Solve: 51.6806ms
Step: 703.3441ms
====================================
Loop: 72
  Solve: 61.1200ms
Step: 393.6738ms
====================================
Loop: 73
  Solve: 60.9137ms
Step: 397.7658ms
====================================
Loop: 74
  Solve: 61.1074ms
Step: 705.8917ms
====================================
Loop: 75
  Solve: 66.4668ms
Step: 409.0116ms
====================================
Loop: 76
  Solve: 71.3462ms
Step: 418.6434ms
====================================
Loop: 77
  Solve: 90.5114ms
Step: 786.1638ms
====================================
Loop: 78
  Solve: 91.0154ms
Step: 452.2663ms
====================================
Loop: 79
  Solve: 99.6630ms
Step: 466.1425ms
====================================
Loop: 80
  Solve: 110.9135ms
Step: 747.6744ms
====================================
Loop: 81
  Solve: 106.8130ms
Step: 484.6795ms
====================================
Loop: 82
  Solve: 113.8609ms
Step: 494.0103ms
====================================
Loop: 83
  Solve: 119.1379ms
Step: 758.8845ms
====================================
Loop: 84
  Solve: 135.8704ms
Step: 520.0439ms
====================================
Loop: 85
  Solve: 137.9519ms
Step: 526.8501ms
====================================
Loop: 86
  Solve: 141.9765ms
Step: 774.7234ms
====================================
Loop: 87
  Solve: 191.9696ms
Step: 611.1022ms
====================================
Loop: 88
  Solve: 155.0036ms
Step: 559.5034ms
====================================
Loop: 89
  Solve: 161.2051ms
Step: 798.6811ms
====================================
Loop: 90
  Solve: 177.5267ms
Step: 597.7834ms
====================================
Loop: 91
  Solve: 172.3744ms
Step: 596.0595ms
====================================
Loop: 92
  Solve: 181.9433ms
Step: 820.4374ms
====================================
Loop: 93
  Solve: 188.1420ms
Step: 625.9700ms
====================================
Loop: 94
  Solve: 207.6166ms
Step: 886.5275ms
====================================
Loop: 95
  Solve: 194.4665ms
Step: 652.4838ms
====================================
Loop: 96
  Solve: 203.3367ms
Step: 855.4408ms
====================================
Loop: 97
  Solve: 216.1571ms
Step: 692.9449ms
====================================
Loop: 98
  Solve: 210.3917ms
Step: 876.5584ms
====================================
Loop: 99
  Solve: 219.1141ms
Step: 717.7143ms
====================================
Loop: 100
  Solve: 233.1232ms
Step: 965.0040ms
====================================
Loop: 101
  Solve: 234.5285ms
Step: 768.3694ms
====================================
Loop: 102
  Solve: 236.3896ms
Step: 939.3496ms
====================================
Loop: 103
  Solve: 248.7674ms
Step: 806.4791ms
====================================
Loop: 104
  Solve: 240.5949ms
Step: 963.3464ms
====================================
Loop: 105
  Solve: 247.5616ms
Step: 829.8419ms
====================================
Loop: 106
  Solve: 255.9388ms
Step: 990.1226ms
====================================
Loop: 107
  Solve: 266.9138ms
Step: 914.7277ms
====================================
Loop: 108
  Solve: 265.0571ms
Step: 1014.5204ms
====================================
Loop: 109
  Solve: 270.0412ms
Step: 904.7474ms
====================================
Loop: 110
  Solve: 283.5971ms
Step: 1073.0460ms
====================================
Loop: 111
  Solve: 278.6981ms
Step: 947.9412ms
====================================
Loop: 112
  Solve: 285.7036ms
Step: 1080.6085ms
====================================
Loop: 113
  Solve: 295.3890ms
Step: 1006.2731ms
====================================
Loop: 114
  Solve: 296.5236ms
Step: 1134.1500ms
====================================
Loop: 115
  Solve: 294.2560ms
Step: 1050.1431ms
====================================
Loop: 116
  Solve: 304.3866ms
Step: 1169.8954ms
====================================
Loop: 117
  Solve: 309.4872ms
Step: 1100.9264ms
====================================
Loop: 118
  Solve: 310.3530ms
Step: 1212.2145ms
====================================
Loop: 119
  Solve: 316.2885ms
Step: 1159.2656ms
====================================
Loop: 120
  Solve: 323.1893ms
Step: 1257.0441ms
====================================
Loop: 121
  Solve: 331.2351ms
Step: 1229.1039ms
====================================
Loop: 122
  Solve: 338.7574ms
Step: 1336.3555ms
====================================
Loop: 123
  Solve: 333.6717ms
Step: 1281.8074ms
====================================
Loop: 124
  Solve: 337.9787ms
Step: 1362.5593ms
====================================
Loop: 125
  Solve: 333.8304ms
Step: 1324.7997ms
====================================
Loop: 126
  Solve: 336.6770ms
Step: 1399.4980ms
====================================
Loop: 127
  Solve: 348.4243ms
Step: 1388.0083ms
====================================
Loop: 128
  Solve: 339.4231ms
Step: 1434.7783ms
====================================
Loop: 129
  Solve: 362.6488ms
Step: 1450.5874ms
====================================
Loop: 130
  Solve: 339.5126ms
Step: 1474.5438ms
====================================
Loop: 131
  Solve: 348.9250ms
Step: 1473.4377ms
====================================
Loop: 132
  Solve: 344.5630ms
Step: 1495.0566ms
====================================
Loop: 133
  Solve: 365.1629ms
Step: 1525.7566ms
====================================
Loop: 134
  Solve: 349.7478ms
Step: 1522.1593ms
====================================
Loop: 135
  Solve: 349.4979ms
Step: 1590.4384ms
====================================
Loop: 136
  Solve: 339.3079ms
Step: 1525.1980ms
====================================
Loop: 137
  Solve: 345.0231ms
Step: 1526.4497ms
====================================
Loop: 138
  Solve: 333.8346ms
Step: 1527.6282ms
====================================
Loop: 139
  Solve: 321.5848ms
Step: 1513.3994ms
====================================
Loop: 140
  Solve: 320.9914ms
Step: 1527.3906ms
====================================
Loop: 141
  Solve: 321.7794ms
Step: 1521.4939ms
====================================
Loop: 142
  Solve: 320.8281ms
Step: 1522.4797ms
====================================
Loop: 143
  Solve: 306.3529ms
Step: 1502.3362ms
====================================
Loop: 144
  Solve: 313.7722ms
Step: 1559.1545ms
====================================
Loop: 145
  Solve: 295.1702ms
Step: 1504.6584ms
====================================
Loop: 146
  Solve: 294.8863ms
Step: 1561.8580ms
====================================
Loop: 147
  Solve: 299.7761ms
Step: 1508.6074ms
====================================
Loop: 148
  Solve: 289.8153ms
Step: 1503.0193ms
====================================
Loop: 149
  Solve: 291.8381ms
Step: 1505.7351ms
====================================
Loop: 150
  Solve: 280.4637ms
Step: 1495.6395ms
====================================
Loop: 151
  Solve: 267.8956ms
Step: 1481.7484ms
====================================
Loop: 152
  Solve: 267.9866ms
Step: 1480.7542ms
====================================
Loop: 153
  Solve: 266.6646ms
Step: 1482.8359ms
====================================
Loop: 154
  Solve: 273.7603ms
Step: 1497.3000ms
====================================
Loop: 155
  Solve: 253.3063ms
Step: 1472.0295ms
====================================
Loop: 156
  Solve: 251.7539ms
Step: 1477.9985ms
====================================
Loop: 157
  Solve: 248.1494ms
Step: 1461.2911ms
====================================
Loop: 158
  Solve: 242.6696ms
Step: 1459.9927ms
====================================
Loop: 159
  Solve: 244.8660ms
Step: 1454.7611ms
====================================
Loop: 160
  Solve: 238.8852ms
Step: 1451.7792ms
====================================
Loop: 161
  Solve: 254.3414ms
Step: 1467.2605ms
====================================
Loop: 162
  Solve: 237.5125ms
Step: 1446.5216ms
====================================
Loop: 163
  Solve: 238.2555ms
Step: 1450.2472ms
====================================
Loop: 164
  Solve: 224.7685ms
Step: 1426.4713ms
====================================
Loop: 165
  Solve: 221.3404ms
Step: 1429.5872ms
====================================
Loop: 166
  Solve: 216.2916ms
Step: 1428.8276ms
====================================
Loop: 167
  Solve: 217.5354ms
Step: 1424.0112ms
====================================
Loop: 168
  Solve: 217.2745ms
Step: 1411.5142ms
====================================
Loop: 169
  Solve: 220.7118ms
Step: 1414.0293ms
====================================
Loop: 170
  Solve: 206.2574ms
Step: 1402.4229ms
====================================
Loop: 171
  Solve: 195.6006ms
Step: 1391.2509ms
====================================
Loop: 172
  Solve: 195.1773ms
Step: 1389.1829ms
====================================
Loop: 173
  Solve: 206.5429ms
Step: 1382.0299ms
====================================
Loop: 174
  Solve: 186.0963ms
Step: 1375.7629ms
====================================
Loop: 175
  Solve: 182.5978ms
Step: 1380.9594ms
====================================
Loop: 176
  Solve: 184.4109ms
Step: 1384.8560ms
====================================
Loop: 177
  Solve: 185.3927ms
Step: 1371.5842ms
====================================
Loop: 178
  Solve: 184.9968ms
Step: 1378.3466ms
====================================
Loop: 179
  Solve: 177.3779ms
Step: 1367.5575ms
====================================
Loop: 180
  Solve: 186.0006ms
Step: 1368.8024ms
====================================
Loop: 181
  Solve: 202.6663ms
Step: 1366.3668ms
====================================
Loop: 182
  Solve: 183.6410ms
Step: 1354.4871ms
====================================
Loop: 183
  Solve: 175.6548ms
Step: 1353.5315ms
====================================
Loop: 184
  Solve: 181.9919ms
Step: 1343.6674ms
====================================
Loop: 185
  Solve: 181.4834ms
Step: 1343.8340ms
====================================
Loop: 186
  Solve: 172.9735ms
Step: 1347.6300ms
====================================
Loop: 187
  Solve: 180.3273ms
Step: 1339.4878ms
====================================
Loop: 188
  Solve: 173.2280ms
Step: 1336.6990ms
====================================
Loop: 189
  Solve: 171.2339ms
Step: 1337.2412ms
====================================
Loop: 190
  Solve: 176.1599ms
Step: 1340.3003ms
====================================
Loop: 191
  Solve: 172.1916ms
Step: 1330.3967ms
====================================
Loop: 192
  Solve: 172.7960ms
Step: 1334.4425ms
====================================
Loop: 193
  Solve: 194.2733ms
Step: 1351.5974ms
====================================
Loop: 194
  Solve: 173.2265ms
Step: 1323.7085ms
====================================
Loop: 195
  Solve: 171.2213ms
Step: 1316.0140ms
====================================
Loop: 196
  Solve: 179.7079ms
Step: 1316.8029ms
====================================
Loop: 197
  Solve: 178.9306ms
Step: 1320.2029ms
====================================
Loop: 198
  Solve: 178.1334ms
Step: 1354.6372ms
====================================
Loop: 199
  Solve: 207.2505ms
Step: 1351.7546ms
====================================
Loop: 200
  Solve: 180.9813ms
Step: 1313.3085ms
====================================
Loop: 201
  Solve: 174.4608ms
Step: 1321.1890ms
====================================
Loop: 202
  Solve: 187.0091ms
Step: 1316.7224ms
====================================
Loop: 203
  Solve: 172.7402ms
Step: 1313.3870ms
====================================
Loop: 204
  Solve: 178.7512ms
Step: 1333.8907ms
====================================
Loop: 205
  Solve: 197.6150ms
Step: 1331.3370ms
====================================
Loop: 206
  Solve: 172.3870ms
Step: 1325.2831ms
====================================
Loop: 207
  Solve: 180.2127ms
Step: 1351.5947ms
====================================
Loop: 208
  Solve: 193.1410ms
Step: 1330.6005ms
====================================
Loop: 209
  Solve: 173.4991ms
Step: 1318.5520ms
====================================
Loop: 210
  Solve: 182.2701ms
Step: 1338.3746ms
====================================
Loop: 211
  Solve: 193.3066ms
Step: 1325.9812ms
====================================
Loop: 212
  Solve: 176.1815ms
Step: 1326.7900ms
====================================
Loop: 213
  Solve: 178.7701ms
Step: 1332.2603ms
====================================
Loop: 214
  Solve: 192.7768ms
Step: 1342.2430ms
====================================
Loop: 215
  Solve: 176.5117ms
Step: 1344.1580ms
====================================
Loop: 216
  Solve: 180.6420ms
Step: 1350.9209ms
====================================
Loop: 217
  Solve: 195.1701ms
Step: 1363.1973ms
====================================
Loop: 218
  Solve: 179.2341ms
Step: 1351.7231ms
====================================
Loop: 219
  Solve: 185.4550ms
Step: 1359.7852ms
====================================
Loop: 220
  Solve: 184.3657ms
Step: 1355.8618ms
====================================
Loop: 221
  Solve: 182.7220ms
Step: 1354.5259ms
====================================
Loop: 222
  Solve: 181.9070ms
Step: 1363.5408ms
====================================
Loop: 223
  Solve: 184.6248ms
Step: 1361.2924ms
====================================
Loop: 224
  Solve: 193.5670ms
Step: 1364.6918ms
====================================
Loop: 225
  Solve: 204.8876ms
Step: 1369.4910ms
====================================
Loop: 226
  Solve: 187.9481ms
Step: 1401.8118ms
====================================
Loop: 227
  Solve: 192.7507ms
Step: 1377.9338ms
====================================
Loop: 228
  Solve: 195.5497ms
Step: 1370.9797ms
====================================
Loop: 229
  Solve: 191.8378ms
Step: 1394.4254ms
====================================
Loop: 230
  Solve: 189.5460ms
Step: 1369.3827ms
====================================
Loop: 231
  Solve: 193.8844ms
Step: 1371.7850ms
====================================
Loop: 232
  Solve: 202.1017ms
Step: 1382.2865ms
====================================
Loop: 233
  Solve: 198.7613ms
Step: 1368.6302ms
====================================
Loop: 234
  Solve: 191.5112ms
Step: 1370.6732ms
====================================
Loop: 235
  Solve: 198.2384ms
Step: 1374.2131ms
====================================
Loop: 236
  Solve: 200.4779ms
Step: 1373.8250ms
====================================
Loop: 237
  Solve: 198.2042ms
Step: 1369.5829ms
====================================
Loop: 238
  Solve: 192.4309ms
Step: 1371.2151ms
====================================
Loop: 239
  Solve: 197.2337ms
Step: 1365.2734ms
====================================
Loop: 240
  Solve: 205.1858ms
Step: 1388.2013ms
====================================
Loop: 241
  Solve: 206.2754ms
Step: 1378.5839ms
====================================
Loop: 242
  Solve: 194.0727ms
Step: 1364.7939ms
====================================
Loop: 243
  Solve: 195.9709ms
Step: 1381.2827ms
====================================
Loop: 244
  Solve: 204.0528ms
Step: 1375.7321ms
====================================
Loop: 245
  Solve: 195.3271ms
Step: 1358.0024ms
====================================
Loop: 246
  Solve: 192.0635ms
Step: 1381.4910ms
====================================
Loop: 247
  Solve: 193.0554ms
Step: 1359.1082ms
====================================
Loop: 248
  Solve: 202.0836ms
Step: 1387.1945ms
====================================
Loop: 249
  Solve: 205.9620ms
Step: 1373.4756ms
====================================
Loop: 250
  Solve: 193.9668ms
Step: 1390.2450ms
====================================
Loop: 251
  Solve: 194.6014ms
Step: 1357.6549ms
====================================
Loop: 252
  Solve: 205.9418ms
Step: 1381.7446ms
====================================
Loop: 253
  Solve: 190.6512ms
Step: 1373.2511ms
====================================
Loop: 254
  Solve: 206.5974ms
Step: 1400.7943ms
====================================
Loop: 255
  Solve: 195.1454ms
Step: 1386.0093ms
====================================
Loop: 256
  Solve: 209.8131ms
Step: 1394.6736ms
====================================
Loop: 257
  Solve: 200.3452ms
Step: 1366.1265ms
====================================
Loop: 258
  Solve: 194.1980ms
Step: 1379.9399ms
====================================
Loop: 259
  Solve: 196.0865ms
Step: 1386.4963ms
====================================
Loop: 260
  Solve: 200.2981ms
Step: 1382.3896ms
====================================
Loop: 261
  Solve: 201.4727ms
Step: 1380.3130ms
====================================
Loop: 262
  Solve: 208.7164ms
Step: 1387.2629ms
====================================
Loop: 263
  Solve: 198.1227ms
Step: 1386.4720ms
====================================
Loop: 264
  Solve: 210.4776ms
Step: 1413.6372ms
====================================
Loop: 265
  Solve: 205.9931ms
Step: 1382.1218ms
====================================
Loop: 266
  Solve: 215.0818ms
Step: 1467.7231ms
====================================
Loop: 267
  Solve: 267.2549ms
Step: 1785.1432ms
====================================
Loop: 268
  Solve: 199.8830ms
Step: 1415.5447ms
====================================
Loop: 269
  Solve: 205.9488ms
Step: 1388.8524ms
====================================
Loop: 270
  Solve: 202.3044ms
Step: 1400.7556ms
====================================
Loop: 271
  Solve: 204.1837ms
Step: 1438.2928ms
====================================
Loop: 272
  Solve: 199.1937ms
Step: 1394.0990ms
====================================
Loop: 273
  Solve: 206.8247ms
Step: 1393.8894ms
====================================
Loop: 274
  Solve: 205.4993ms
Step: 1396.6207ms
====================================
Loop: 275
  Solve: 203.0587ms
Step: 1389.5144ms
====================================
Loop: 276
  Solve: 205.5701ms
Step: 1389.9727ms
====================================
Loop: 277
  Solve: 204.4348ms
Step: 1424.5887ms
====================================
Loop: 278
  Solve: 201.3181ms
Step: 1393.8164ms
====================================
Loop: 279
  Solve: 211.6225ms
Step: 1400.2505ms
====================================
Loop: 280
  Solve: 205.4939ms
Step: 1402.2629ms
====================================
Loop: 281
  Solve: 204.3284ms
Step: 1458.4857ms
====================================
Loop: 282
  Solve: 204.3611ms
Step: 1411.1650ms
====================================
Loop: 283
  Solve: 200.4278ms
Step: 1401.7351ms
====================================
Loop: 284
  Solve: 204.4069ms
Step: 1401.1237ms
====================================
Loop: 285
  Solve: 208.5783ms
Step: 1407.7649ms
====================================
Loop: 286
  Solve: 200.4158ms
Step: 1395.7620ms
====================================
Loop: 287
  Solve: 204.0910ms
Step: 1413.0214ms
====================================
Loop: 288
  Solve: 211.1964ms
Step: 1408.1313ms
====================================
Loop: 289
  Solve: 204.8350ms
Step: 1391.7787ms
====================================
Loop: 290
  Solve: 202.2259ms
Step: 1398.2504ms
====================================
Loop: 291
  Solve: 200.2274ms
Step: 1396.1848ms
====================================
Loop: 292
  Solve: 197.8166ms
Step: 1405.2479ms
====================================
Loop: 293
  Solve: 209.1183ms
Step: 1424.6791ms
====================================
Loop: 294
  Solve: 205.2623ms
Step: 1415.1030ms
====================================
Loop: 295
  Solve: 216.6290ms
Step: 1413.1575ms
====================================
Loop: 296
  Solve: 203.2275ms
Step: 1402.4885ms
====================================
Loop: 297
  Solve: 201.7563ms
Step: 1396.4640ms
====================================
Loop: 298
  Solve: 206.6281ms
Step: 1400.3693ms
====================================
Loop: 299
  Solve: 199.5257ms
Step: 1393.8916ms
====================================
Loop: 300
  Solve: 212.7247ms
Step: 1407.3408ms
====================================
Loop: 301
  Solve: 203.2225ms
Step: 1401.0413ms
====================================
Loop: 302
  Solve: 195.3745ms
Step: 1379.9705ms
====================================
Loop: 303
  Solve: 208.1681ms
Step: 1398.5200ms
====================================
Loop: 304
  Solve: 198.6870ms
Step: 1378.9075ms
====================================
Loop: 305
  Solve: 204.2654ms
Step: 1373.4900ms
====================================
Loop: 306
  Solve: 193.0202ms
Step: 1362.6024ms
====================================
Loop: 307
  Solve: 195.0754ms
Step: 1369.9160ms
====================================
Loop: 308
  Solve: 207.2449ms
Step: 1378.7419ms
====================================
Loop: 309
  Solve: 197.4193ms
Step: 1364.9767ms
====================================
Loop: 310
  Solve: 187.3228ms
Step: 1360.9702ms
====================================
Loop: 311
  Solve: 200.8130ms
Step: 1369.4408ms
====================================
Loop: 312
  Solve: 187.4395ms
Step: 1337.4249ms
====================================
Loop: 313
  Solve: 187.1336ms
Step: 1348.2682ms
====================================
Loop: 314
  Solve: 193.9978ms
Step: 1348.3981ms
====================================
Loop: 315
  Solve: 198.7835ms
Step: 1355.6801ms
====================================
Loop: 316
  Solve: 188.4933ms
Step: 1337.3622ms
====================================
Loop: 317
  Solve: 205.3543ms
Step: 1368.6082ms
====================================
Loop: 318
  Solve: 189.5728ms
Step: 1324.3201ms
====================================
Loop: 319
  Solve: 202.1598ms
Step: 1373.1024ms
====================================
Loop: 320
  Solve: 191.8127ms
Step: 1338.8552ms
====================================
Loop: 321
  Solve: 195.5954ms
Step: 1377.2649ms
====================================
Loop: 322
  Solve: 213.5575ms
Step: 1474.9990ms
====================================
Loop: 323
  Solve: 193.0885ms
Step: 1407.5750ms
====================================
Loop: 324
  Solve: 186.3281ms
Step: 1392.1589ms
====================================
Loop: 325
  Solve: 211.6386ms
Step: 1379.8677ms
====================================
Loop: 326
  Solve: 192.6343ms
Step: 1330.1045ms
====================================
Loop: 327
  Solve: 183.2712ms
Step: 1302.1899ms
====================================
Loop: 328
  Solve: 177.8114ms
Step: 1299.1595ms
====================================
Loop: 329
  Solve: 182.8928ms
Step: 1288.9149ms
====================================
Loop: 330
  Solve: 182.6591ms
Step: 1350.8325ms
====================================
Loop: 331
  Solve: 191.6546ms
Step: 1294.6211ms
====================================
Loop: 332
  Solve: 180.6459ms
Step: 1297.0990ms
====================================
Loop: 333
  Solve: 169.8598ms
Step: 1283.2021ms
====================================
Loop: 334
  Solve: 172.9952ms
Step: 1273.3644ms
====================================
Loop: 335
  Solve: 171.5185ms
Step: 1270.0109ms
====================================
Loop: 336
  Solve: 180.7328ms
Step: 1280.0667ms
====================================
Loop: 337
  Solve: 182.4626ms
Step: 1306.5042ms
====================================
Loop: 338
  Solve: 186.5774ms
Step: 1256.8828ms
====================================
Loop: 339
  Solve: 166.5345ms
Step: 1249.0195ms
====================================
Loop: 340
  Solve: 169.5694ms
Step: 1241.9707ms
====================================
Loop: 341
  Solve: 164.6989ms
Step: 1248.3816ms
====================================
Loop: 342
  Solve: 185.1923ms
Step: 1243.7448ms
====================================
Loop: 343
  Solve: 160.6768ms
Step: 1235.8257ms
====================================
Loop: 344
  Solve: 175.1190ms
Step: 1235.6582ms
====================================
Loop: 345
  Solve: 158.9154ms
Step: 1232.0543ms
====================================
Loop: 346
  Solve: 182.0711ms
Step: 1286.0126ms
====================================
Loop: 347
  Solve: 155.8554ms
Step: 1217.4019ms
====================================
Loop: 348
  Solve: 161.0935ms
Step: 1207.4149ms
====================================
Loop: 349
  Solve: 154.1672ms
Step: 1207.7328ms
====================================
Loop: 350
  Solve: 156.3073ms
Step: 1197.0425ms
====================================
Loop: 351
  Solve: 163.4341ms
Step: 1216.9756ms
====================================
Loop: 352
  Solve: 155.6339ms
Step: 1244.5862ms
====================================
Loop: 353
  Solve: 164.3958ms
Step: 1187.6753ms
====================================
Loop: 354
  Solve: 164.3095ms
Step: 1188.2148ms
====================================
Loop: 355
  Solve: 155.9039ms
Step: 1177.9235ms
====================================
Loop: 356
  Solve: 164.8402ms
Step: 1172.8809ms
====================================
Loop: 357
  Solve: 148.4704ms
Step: 1161.1738ms
====================================
Loop: 358
  Solve: 150.2773ms
Step: 1157.8782ms
====================================
Loop: 359
  Solve: 152.8726ms
Step: 1191.9042ms
====================================
Loop: 360
  Solve: 147.4000ms
Step: 1157.9182ms
====================================
Loop: 361
  Solve: 148.9860ms
Step: 1159.0010ms
====================================
Loop: 362
  Solve: 161.4104ms
Step: 1144.1016ms
====================================
Loop: 363
  Solve: 148.3823ms
Step: 1137.9144ms
====================================
Loop: 364
  Solve: 145.8478ms
Step: 1140.4617ms
====================================
Loop: 365
  Solve: 156.3038ms
Step: 1132.8318ms
====================================
Loop: 366
  Solve: 150.0355ms
Step: 1115.0344ms
====================================
Loop: 367
  Solve: 143.9231ms
Step: 1119.9437ms
====================================
Loop: 368
  Solve: 143.2464ms
Step: 1124.7955ms
====================================
Loop: 369
  Solve: 148.6673ms
Step: 1109.3192ms
====================================
Loop: 370
  Solve: 158.5805ms
Step: 1107.2762ms
====================================
Loop: 371
  Solve: 151.0873ms
Step: 1106.3077ms
====================================
Loop: 372
  Solve: 140.0926ms
Step: 1103.5248ms
====================================
Loop: 373
  Solve: 140.9907ms
Step: 1095.6837ms
====================================
Loop: 374
  Solve: 142.0835ms
Step: 1086.2740ms
====================================
Loop: 375
  Solve: 143.9875ms
Step: 1080.4177ms
====================================
Loop: 376
  Solve: 149.1507ms
Step: 1086.7111ms
====================================
Loop: 377
  Solve: 137.5274ms
Step: 1072.9406ms
====================================
Loop: 378
  Solve: 135.7033ms
Step: 1072.8987ms
====================================
Loop: 379
  Solve: 135.1334ms
Step: 1070.9110ms
====================================
Loop: 380
  Solve: 136.3622ms
Step: 1075.1387ms
====================================
Loop: 381
  Solve: 142.0175ms
Step: 1062.1656ms
====================================
Loop: 382
  Solve: 148.1182ms
Step: 1050.3289ms
====================================
Loop: 383
  Solve: 143.2711ms
Step: 1050.8583ms
====================================
Loop: 384
  Solve: 144.6360ms
Step: 1045.2631ms
====================================
Loop: 385
  Solve: 137.3681ms
Step: 1036.4160ms
====================================
Loop: 386
  Solve: 138.5287ms
Step: 1039.2181ms
====================================
Loop: 387
  Solve: 131.5923ms
Step: 1032.5476ms
====================================
Loop: 388
  Solve: 132.5233ms
Step: 1032.7429ms
====================================
Loop: 389
  Solve: 131.3717ms
Step: 1032.4000ms
====================================
Loop: 390
  Solve: 129.2983ms
Step: 1030.8715ms
====================================
Loop: 391
  Solve: 129.3174ms
Step: 1019.4701ms
====================================
Loop: 392
  Solve: 129.6095ms
Step: 1014.7783ms
====================================
Loop: 393
  Solve: 128.8478ms
Step: 1014.5768ms
====================================
Loop: 394
  Solve: 144.9688ms
Step: 1105.3429ms
====================================
Loop: 395
  Solve: 144.6383ms
Step: 1033.3860ms
====================================
Loop: 396
  Solve: 136.3186ms
Step: 1019.4174ms
====================================
Loop: 397
  Solve: 133.1898ms
Step: 1000.2120ms
====================================
Loop: 398
  Solve: 131.2328ms
Step: 1035.3054ms
====================================
Loop: 399
  Solve: 131.0820ms
Step: 988.9598ms
====================================
Loop: 400
  Solve: 136.2054ms
Step: 1038.5321ms
====================================
Loop: 401
  Solve: 135.4583ms
Step: 990.0861ms
====================================
Loop: 402
  Solve: 129.9749ms
Step: 982.5997ms
====================================
Loop: 403
  Solve: 131.9902ms
Step: 976.8448ms
====================================
Loop: 404
  Solve: 132.6149ms
Step: 1032.8903ms
====================================
Loop: 405
  Solve: 130.8896ms
Step: 972.2598ms
====================================
Loop: 406
  Solve: 136.7137ms
Step: 982.9083ms
====================================
Loop: 407
  Solve: 126.4478ms
Step: 963.9056ms
====================================
Loop: 408
  Solve: 124.2498ms
Step: 961.3289ms
====================================
Loop: 409
  Solve: 123.1275ms
Step: 956.2924ms
====================================
Loop: 410
  Solve: 123.8723ms
Step: 950.4517ms
====================================
Loop: 411
  Solve: 135.6863ms
Step: 984.1393ms
====================================
Loop: 412
  Solve: 132.7735ms
Step: 977.3594ms
====================================
Loop: 413
  Solve: 135.6152ms
Step: 967.7277ms
====================================
Loop: 414
  Solve: 124.8435ms
Step: 964.4634ms
====================================
Loop: 415
  Solve: 125.0656ms
Step: 945.9142ms
====================================
Loop: 416
  Solve: 128.2169ms
Step: 948.8242ms
====================================
Loop: 417
  Solve: 124.1451ms
Step: 932.1567ms
====================================
Loop: 418
  Solve: 136.9787ms
Step: 944.5012ms
====================================
Loop: 419
  Solve: 122.6769ms
Step: 935.6567ms
====================================
Loop: 420
  Solve: 121.9126ms
Step: 980.0566ms
====================================
Loop: 421
  Solve: 124.1684ms
Step: 934.5143ms
====================================
Loop: 422
  Solve: 119.5766ms
Step: 931.2404ms
====================================
Loop: 423
  Solve: 122.8880ms
Step: 919.1962ms
====================================
Loop: 424
  Solve: 129.3400ms
Step: 925.8824ms
====================================
Loop: 425
  Solve: 120.8066ms
Step: 916.0213ms
====================================
Loop: 426
  Solve: 119.4216ms
Step: 914.7587ms
====================================
Loop: 427
  Solve: 118.9281ms
Step: 907.6662ms
====================================
Loop: 428
  Solve: 119.5338ms
Step: 909.6459ms
====================================
Loop: 429
  Solve: 122.2870ms
Step: 903.5440ms
====================================
Loop: 430
  Solve: 120.2779ms
Step: 899.3112ms
====================================
Loop: 431
  Solve: 130.8383ms
Step: 902.2043ms
====================================
Loop: 432
  Solve: 120.0973ms
Step: 899.1340ms
====================================
Loop: 433
  Solve: 118.5338ms
Step: 895.8537ms
====================================
Loop: 434
  Solve: 123.2672ms
Step: 889.9982ms
====================================
Loop: 435
  Solve: 134.1218ms
Step: 905.3718ms
====================================
Loop: 436
  Solve: 116.7521ms
Step: 887.1190ms
====================================
Loop: 437
  Solve: 117.6241ms
Step: 883.1485ms
====================================
Loop: 438
  Solve: 119.9733ms
Step: 881.4119ms
====================================
Loop: 439
  Solve: 120.2286ms
Step: 881.9561ms
====================================
Loop: 440
  Solve: 124.3898ms
Step: 888.3669ms
====================================
Loop: 441
  Solve: 116.7260ms
Step: 870.8437ms
====================================
Loop: 442
  Solve: 119.4706ms
Step: 868.6671ms
====================================
Loop: 443
  Solve: 123.8603ms
Step: 883.9462ms
====================================
Loop: 444
  Solve: 114.5763ms
Step: 872.5750ms
====================================
Loop: 445
  Solve: 114.3671ms
Step: 867.8459ms
====================================
Loop: 446
  Solve: 117.1095ms
Step: 929.2967ms
====================================
Loop: 447
  Solve: 125.0929ms
Step: 882.9266ms
====================================
Loop: 448
  Solve: 118.2936ms
Step: 871.9059ms
====================================
Loop: 449
  Solve: 116.0807ms
Step: 874.3618ms
====================================
Loop: 450
  Solve: 120.9026ms
Step: 876.8549ms
====================================
Loop: 451
  Solve: 121.4852ms
Step: 859.6774ms
====================================
Loop: 452
  Solve: 114.3728ms
Step: 867.6955ms
====================================
Loop: 453
  Solve: 115.1017ms
Step: 861.2662ms
====================================
Loop: 454
  Solve: 118.2185ms
Step: 863.6023ms
====================================
Loop: 455
  Solve: 120.4771ms
Step: 869.9441ms
====================================
Loop: 456
  Solve: 122.6446ms
Step: 868.9929ms
====================================
Loop: 457
  Solve: 115.0713ms
Step: 854.2361ms
====================================
Loop: 458
  Solve: 122.5304ms
Step: 855.3044ms
====================================
Loop: 459
  Solve: 130.3129ms
Step: 868.7986ms
====================================
Loop: 460
  Solve: 113.8688ms
Step: 847.9449ms
====================================
Loop: 461
  Solve: 116.0122ms
Step: 838.7000ms
====================================
Loop: 462
  Solve: 120.8990ms
Step: 847.8106ms
====================================
Loop: 463
  Solve: 131.3027ms
Step: 868.3159ms
====================================
Loop: 464
  Solve: 114.7293ms
Step: 838.6546ms
====================================
Loop: 465
  Solve: 118.2285ms
Step: 832.1519ms
====================================
Loop: 466
  Solve: 118.8464ms
Step: 879.1669ms
====================================
Loop: 467
  Solve: 113.6349ms
Step: 839.4499ms
====================================
Loop: 468
  Solve: 127.0417ms
Step: 847.0673ms
====================================
Loop: 469
  Solve: 116.5915ms
Step: 836.1949ms
====================================
Loop: 470
  Solve: 114.7964ms
Step: 830.1574ms
====================================
Loop: 471
  Solve: 125.6336ms
Step: 828.2483ms
====================================
Loop: 472
  Solve: 114.8445ms
Step: 833.1641ms
====================================
Loop: 473
  Solve: 114.5579ms
Step: 828.6360ms
====================================
Loop: 474
  Solve: 123.4388ms
Step: 830.6091ms
====================================
Loop: 475
  Solve: 118.1447ms
Step: 826.0479ms
====================================
Loop: 476
  Solve: 115.4256ms
Step: 823.6506ms
====================================
Loop: 477
  Solve: 118.0135ms
Step: 813.3043ms
====================================
Loop: 478
  Solve: 118.5735ms
Step: 885.9150ms
====================================
Loop: 479
  Solve: 114.7542ms
Step: 815.8354ms
====================================
Loop: 480
  Solve: 117.0169ms
Step: 816.0353ms
====================================
Loop: 481
  Solve: 118.4234ms
Step: 809.2654ms
====================================
Loop: 482
  Solve: 116.7905ms
Step: 813.9061ms
====================================
Loop: 483
  Solve: 118.6164ms
Step: 807.9674ms
====================================
Loop: 484
  Solve: 114.0417ms
Step: 806.9839ms
====================================
Loop: 485
  Solve: 122.4060ms
Step: 820.8386ms
====================================
Loop: 486
  Solve: 116.4161ms
Step: 811.5960ms
====================================
Loop: 487
  Solve: 114.1787ms
Step: 807.7205ms
====================================
Loop: 488
  Solve: 115.8576ms
Step: 806.6062ms
====================================
Loop: 489
  Solve: 113.4209ms
Step: 807.3751ms
====================================
Loop: 490
  Solve: 118.4693ms
Step: 866.5535ms
====================================
Loop: 491
  Solve: 119.5587ms
Step: 809.3904ms
====================================
Loop: 492
  Solve: 121.9601ms
Step: 810.6791ms
====================================
Loop: 493
  Solve: 119.5316ms
Step: 803.4996ms
====================================
Loop: 494
  Solve: 114.0832ms
Step: 806.2719ms
====================================
Loop: 495
  Solve: 116.5899ms
Step: 806.8153ms
====================================
Loop: 496
  Solve: 116.0639ms
Step: 801.5374ms
====================================
Loop: 497
  Solve: 120.2750ms
Step: 797.6262ms
====================================
Loop: 498
  Solve: 122.5306ms
Step: 808.1228ms
====================================
Loop: 499
  Solve: 114.4964ms
Step: 796.6488ms
====================================
Loop: 500
  Solve: 115.2356ms
Step: 796.9263ms
====================================
