Using platform vendor: NVIDIA Corporation
Loop: 0
  Solve: 0.0008ms
Step: 609.8529ms
====================================
Loop: 1
  Solve: 0.0011ms
Step: 293.4347ms
====================================
Loop: 2
  Solve: 0.0012ms
Step: 290.9913ms
====================================
Loop: 3
  Solve: 0.0008ms
Step: 294.9017ms
====================================
Loop: 4
  Solve: 0.0009ms
Step: 294.9706ms
====================================
Loop: 5
  Solve: 0.0011ms
Step: 288.7103ms
====================================
Loop: 6
  Solve: 0.0011ms
Step: 297.0199ms
====================================
Loop: 7
  Solve: 0.0012ms
Step: 293.8358ms
====================================
Loop: 8
  Solve: 0.0012ms
Step: 295.4714ms
====================================
Loop: 9
  Solve: 0.0012ms
Step: 289.7291ms
====================================
Loop: 10
  Solve: 0.0011ms
Step: 300.2068ms
====================================
Loop: 11
  Solve: 0.0008ms
Step: 296.2261ms
====================================
Loop: 12
  Solve: 0.0011ms
Step: 287.7365ms
====================================
Loop: 13
  Solve: 0.0014ms
Step: 293.0708ms
====================================
Loop: 14
  Solve: 0.0008ms
Step: 295.8786ms
====================================
Loop: 15
  Solve: 0.0011ms
Step: 291.0817ms
====================================
Loop: 16
  Solve: 0.0008ms
Step: 291.8758ms
====================================
Loop: 17
  Solve: 0.0011ms
Step: 295.2238ms
====================================
Loop: 18
  Solve: 0.0013ms
Step: 696.5327ms
====================================
Loop: 19
  Solve: 0.0032ms
Step: 298.1902ms
====================================
Loop: 20
  Solve: 0.0019ms
Step: 294.4248ms
====================================
Loop: 21
  Solve: 0.0011ms
Step: 288.8831ms
====================================
Loop: 22
  Solve: 0.0009ms
Step: 297.9041ms
====================================
Loop: 23
  Solve: 0.0011ms
Step: 293.9812ms
====================================
Loop: 24
  Solve: 0.0015ms
Step: 290.0694ms
====================================
Loop: 25
  Solve: 0.0010ms
Step: 295.0257ms
====================================
Loop: 26
  Solve: 0.0014ms
Step: 700.4891ms
====================================
Loop: 27
  Solve: 0.0009ms
Step: 291.3424ms
====================================
Loop: 28
  Solve: 0.0014ms
Step: 290.8637ms
====================================
Loop: 29
  Solve: 0.0013ms
Step: 294.1451ms
====================================
Loop: 30
  Solve: 0.0011ms
Step: 289.6772ms
====================================
Loop: 31
  Solve: 0.0011ms
Step: 295.4506ms
====================================
Loop: 32
  Solve: 0.0011ms
Step: 292.3434ms
====================================
Loop: 33
  Solve: 0.0014ms
Step: 695.3539ms
====================================
Loop: 34
  Solve: 0.0011ms
Step: 293.8347ms
====================================
Loop: 35
  Solve: 0.0013ms
Step: 288.2884ms
====================================
Loop: 36
  Solve: 0.0011ms
Step: 293.7480ms
====================================
Loop: 37
  Solve: 0.0011ms
Step: 293.2885ms
====================================
Loop: 38
  Solve: 0.0011ms
Step: 692.9868ms
====================================
Loop: 39
  Solve: 0.0012ms
Step: 290.3544ms
====================================
Loop: 40
  Solve: 0.0010ms
Step: 295.0918ms
====================================
Loop: 41
  Solve: 0.0008ms
Step: 289.3646ms
====================================
Loop: 42
  Solve: 0.0011ms
Step: 299.3955ms
====================================
Loop: 43
  Solve: 0.0014ms
Step: 687.9192ms
====================================
Loop: 44
  Solve: 0.0009ms
Step: 296.8716ms
====================================
Loop: 45
  Solve: 0.0011ms
Step: 292.6459ms
====================================
Loop: 46
  Solve: 0.0011ms
Step: 287.7307ms
====================================
Loop: 47
  Solve: 0.0012ms
Step: 693.9647ms
====================================
Loop: 48
  Solve: 0.0012ms
Step: 290.7287ms
====================================
Loop: 49
  Solve: 0.0011ms
Step: 294.7624ms
====================================
Loop: 50
  Solve: 0.0011ms
Step: 294.4014ms
====================================
Loop: 51
  Solve: 0.0010ms
Step: 688.5933ms
====================================
Loop: 52
  Solve: 0.0011ms
Step: 292.1139ms
====================================
Loop: 53
  Solve: 0.0012ms
Step: 293.7618ms
====================================
Loop: 54
  Solve: 5.8906ms
Step: 297.6241ms
====================================
Loop: 55
  Solve: 9.6655ms
Step: 706.1543ms
====================================
Loop: 56
  Solve: 12.4821ms
Step: 306.8795ms
====================================
Loop: 57
  Solve: 14.2841ms
Step: 317.3004ms
====================================
Loop: 58
  Solve: 17.0033ms
Step: 320.6989ms
====================================
Loop: 59
  Solve: 18.9777ms
Step: 696.6934ms
====================================
Loop: 60
  Solve: 22.2961ms
Step: 329.8735ms
====================================
Loop: 61
  Solve: 24.9694ms
Step: 328.4203ms
====================================
Loop: 62
  Solve: 29.5864ms
Step: 703.5038ms
====================================
Loop: 63
  Solve: 35.5048ms
Step: 344.2061ms
====================================
Loop: 64
  Solve: 37.0491ms
Step: 353.3319ms
====================================
Loop: 65
  Solve: 39.7618ms
Step: 700.8019ms
====================================
Loop: 66
  Solve: 42.8535ms
Step: 362.3482ms
====================================
Loop: 67
  Solve: 47.1824ms
Step: 369.4683ms
====================================
Loop: 68
  Solve: 50.1648ms
Step: 705.9987ms
====================================
Loop: 69
  Solve: 55.2205ms
Step: 382.5520ms
====================================
Loop: 70
  Solve: 60.4557ms
Step: 396.1570ms
====================================
Loop: 71
  Solve: 64.5537ms
Step: 710.5351ms
====================================
Loop: 72
  Solve: 68.3897ms
Step: 406.9558ms
====================================
Loop: 73
  Solve: 70.5737ms
Step: 407.9907ms
====================================
Loop: 74
  Solve: 77.1801ms
Step: 716.0318ms
====================================
Loop: 75
  Solve: 77.3349ms
Step: 421.7275ms
====================================
Loop: 76
  Solve: 83.1076ms
Step: 438.4528ms
====================================
Loop: 77
  Solve: 96.8452ms
Step: 740.4628ms
====================================
Loop: 78
  Solve: 112.7020ms
Step: 475.8199ms
====================================
Loop: 79
  Solve: 115.8125ms
Step: 477.1226ms
====================================
Loop: 80
  Solve: 121.9735ms
Step: 763.0893ms
====================================
Loop: 81
  Solve: 134.9712ms
Step: 515.4416ms
====================================
Loop: 82
  Solve: 136.5285ms
Step: 514.3452ms
====================================
Loop: 83
  Solve: 141.0165ms
Step: 782.6458ms
====================================
Loop: 84
  Solve: 152.7869ms
Step: 538.7382ms
====================================
Loop: 85
  Solve: 151.7486ms
Step: 538.9238ms
====================================
Loop: 86
  Solve: 159.9027ms
Step: 795.3265ms
====================================
Loop: 87
  Solve: 165.2793ms
Step: 565.5717ms
====================================
Loop: 88
  Solve: 175.4755ms
Step: 579.7979ms
====================================
Loop: 89
  Solve: 181.5787ms
Step: 813.3728ms
====================================
Loop: 90
  Solve: 185.0187ms
Step: 605.8719ms
====================================
Loop: 91
  Solve: 196.4469ms
Step: 620.2880ms
====================================
Loop: 92
  Solve: 201.9285ms
Step: 844.7253ms
====================================
Loop: 93
  Solve: 213.4114ms
Step: 652.2073ms
====================================
Loop: 94
  Solve: 209.1556ms
Step: 858.2074ms
====================================
Loop: 95
  Solve: 218.6804ms
Step: 678.7911ms
====================================
Loop: 96
  Solve: 223.8743ms
Step: 881.6266ms
====================================
Loop: 97
  Solve: 234.2093ms
Step: 707.1237ms
====================================
Loop: 98
  Solve: 230.1099ms
Step: 903.8945ms
====================================
Loop: 99
  Solve: 235.9185ms
Step: 740.2639ms
====================================
Loop: 100
  Solve: 252.4492ms
Step: 939.1049ms
====================================
Loop: 101
  Solve: 249.6395ms
Step: 781.7228ms
====================================
Loop: 102
  Solve: 257.4174ms
Step: 963.1430ms
====================================
Loop: 103
  Solve: 268.1298ms
Step: 825.0102ms
====================================
Loop: 104
  Solve: 274.2426ms
Step: 990.5298ms
====================================
Loop: 105
  Solve: 281.9471ms
Step: 860.2363ms
====================================
Loop: 106
  Solve: 277.9913ms
Step: 1011.9526ms
====================================
Loop: 107
  Solve: 284.1414ms
Step: 893.3074ms
====================================
Loop: 108
  Solve: 287.7906ms
Step: 1043.4818ms
====================================
Loop: 109
  Solve: 291.5142ms
Step: 930.7144ms
====================================
Loop: 110
  Solve: 293.0162ms
Step: 1080.0947ms
====================================
Loop: 111
  Solve: 302.2305ms
Step: 977.9081ms
====================================
Loop: 112
  Solve: 304.7707ms
Step: 1114.0271ms
====================================
Loop: 113
  Solve: 319.6546ms
Step: 1028.1094ms
====================================
Loop: 114
  Solve: 321.4006ms
Step: 1149.8292ms
====================================
Loop: 115
  Solve: 318.0428ms
Step: 1085.4252ms
====================================
Loop: 116
  Solve: 318.3383ms
Step: 1189.2087ms
====================================
Loop: 117
  Solve: 330.7223ms
Step: 1134.5245ms
====================================
Loop: 118
  Solve: 324.0166ms
Step: 1232.2853ms
====================================
Loop: 119
  Solve: 328.5638ms
Step: 1172.6978ms
====================================
Loop: 120
  Solve: 346.0809ms
Step: 1294.1941ms
====================================
Loop: 121
  Solve: 342.5858ms
Step: 1241.3737ms
====================================
Loop: 122
  Solve: 347.4919ms
Step: 1343.3286ms
====================================
Loop: 123
  Solve: 357.7968ms
Step: 1305.4756ms
====================================
Loop: 124
  Solve: 352.3685ms
Step: 1385.3928ms
====================================
Loop: 125
  Solve: 355.8438ms
Step: 1371.0099ms
====================================
Loop: 126
  Solve: 367.3868ms
Step: 1429.7632ms
====================================
Loop: 127
  Solve: 372.3212ms
Step: 1436.8097ms
====================================
Loop: 128
  Solve: 378.6228ms
Step: 1475.3604ms
====================================
Loop: 129
  Solve: 370.8129ms
Step: 1465.0220ms
====================================
Loop: 130
  Solve: 374.5754ms
Step: 1523.8708ms
====================================
Loop: 131
  Solve: 373.7219ms
Step: 1517.1191ms
====================================
Loop: 132
  Solve: 380.2755ms
Step: 1553.0706ms
====================================
Loop: 133
  Solve: 372.6823ms
Step: 1576.0105ms
====================================
Loop: 134
  Solve: 370.1071ms
Step: 1557.1655ms
====================================
Loop: 135
  Solve: 361.5670ms
Step: 1567.0271ms
====================================
Loop: 136
  Solve: 358.2646ms
Step: 1627.4574ms
====================================
Loop: 137
  Solve: 351.0382ms
Step: 1551.5933ms
====================================
Loop: 138
  Solve: 348.1397ms
Step: 1553.2111ms
====================================
Loop: 139
  Solve: 349.0455ms
Step: 1564.6674ms
====================================
Loop: 140
  Solve: 337.5667ms
Step: 1549.2461ms
====================================
Loop: 141
  Solve: 332.3972ms
Step: 1542.1331ms
====================================
Loop: 142
  Solve: 323.7704ms
Step: 1543.1548ms
====================================
Loop: 143
  Solve: 319.5938ms
Step: 1534.1564ms
====================================
Loop: 144
  Solve: 311.4915ms
Step: 1536.9916ms
====================================
Loop: 145
  Solve: 305.3713ms
Step: 1532.3179ms
====================================
Loop: 146
  Solve: 303.1397ms
Step: 1522.4065ms
====================================
Loop: 147
  Solve: 300.5373ms
Step: 1525.8358ms
====================================
Loop: 148
  Solve: 295.9277ms
Step: 1522.3000ms
====================================
Loop: 149
  Solve: 289.1208ms
Step: 1523.4009ms
====================================
Loop: 150
  Solve: 288.1981ms
Step: 1510.1124ms
====================================
Loop: 151
  Solve: 283.3715ms
Step: 1514.9009ms
====================================
Loop: 152
  Solve: 281.8578ms
Step: 1507.1338ms
====================================
Loop: 153
  Solve: 276.9096ms
Step: 1506.4214ms
====================================
Loop: 154
  Solve: 273.8990ms
Step: 1506.5310ms
====================================
Loop: 155
  Solve: 269.9533ms
Step: 1497.1536ms
====================================
Loop: 156
  Solve: 267.1880ms
Step: 1493.2349ms
====================================
Loop: 157
  Solve: 268.5551ms
Step: 1498.6465ms
====================================
Loop: 158
  Solve: 264.6022ms
Step: 1493.4187ms
====================================
Loop: 159
  Solve: 259.6023ms
Step: 1491.6495ms
====================================
Loop: 160
  Solve: 257.3898ms
Step: 1493.5905ms
====================================
Loop: 161
  Solve: 252.4937ms
Step: 1483.1519ms
====================================
Loop: 162
  Solve: 247.6508ms
Step: 1483.1147ms
====================================
Loop: 163
  Solve: 243.3091ms
Step: 1485.8153ms
====================================
Loop: 164
  Solve: 239.6923ms
Step: 1478.5442ms
====================================
Loop: 165
  Solve: 234.6538ms
Step: 1470.9486ms
====================================
Loop: 166
  Solve: 233.4979ms
Step: 1479.2690ms
====================================
Loop: 167
  Solve: 229.0296ms
Step: 1473.2358ms
====================================
Loop: 168
  Solve: 225.1347ms
Step: 1463.2224ms
====================================
Loop: 169
  Solve: 225.3570ms
Step: 1466.7089ms
====================================
Loop: 170
  Solve: 218.3887ms
Step: 1462.3333ms
====================================
Loop: 171
  Solve: 214.5370ms
Step: 1444.8687ms
====================================
Loop: 172
  Solve: 209.5575ms
Step: 1448.2531ms
====================================
Loop: 173
  Solve: 205.9618ms
Step: 1432.7565ms
====================================
Loop: 174
  Solve: 202.0741ms
Step: 1434.0315ms
====================================
Loop: 175
  Solve: 199.0014ms
Step: 1437.7196ms
====================================
Loop: 176
  Solve: 201.3405ms
Step: 1431.0078ms
====================================
Loop: 177
  Solve: 199.2184ms
Step: 1431.8181ms
====================================
Loop: 178
  Solve: 200.5331ms
Step: 1412.0623ms
====================================
Loop: 179
  Solve: 190.0668ms
Step: 1421.8389ms
====================================
Loop: 180
  Solve: 188.1557ms
Step: 1407.8994ms
====================================
Loop: 181
  Solve: 186.7613ms
Step: 1410.6709ms
====================================
Loop: 182
  Solve: 189.4479ms
Step: 1415.6072ms
====================================
Loop: 183
  Solve: 191.6335ms
Step: 1404.1935ms
====================================
Loop: 184
  Solve: 186.5201ms
Step: 1397.8191ms
====================================
Loop: 185
  Solve: 184.3309ms
Step: 1407.1780ms
====================================
Loop: 186
  Solve: 227.4957ms
Step: 1711.3718ms
====================================
Loop: 187
  Solve: 192.6616ms
Step: 1474.4103ms
====================================
Loop: 188
  Solve: 183.4852ms
Step: 1393.7986ms
====================================
Loop: 189
  Solve: 184.3761ms
Step: 1400.7179ms
====================================
Loop: 190
  Solve: 186.9772ms
Step: 1393.6816ms
====================================
Loop: 191
  Solve: 187.2330ms
Step: 1386.1219ms
====================================
Loop: 192
  Solve: 188.6013ms
Step: 1380.2360ms
====================================
Loop: 193
  Solve: 188.3465ms
Step: 1394.8311ms
====================================
Loop: 194
  Solve: 191.1990ms
Step: 1395.7612ms
====================================
Loop: 195
  Solve: 193.3039ms
Step: 1388.3022ms
====================================
Loop: 196
  Solve: 195.6709ms
Step: 1394.3433ms
====================================
Loop: 197
  Solve: 195.0074ms
Step: 1380.3157ms
====================================
Loop: 198
  Solve: 194.9142ms
Step: 1394.2985ms
====================================
Loop: 199
  Solve: 199.8489ms
Step: 1410.8464ms
====================================
Loop: 200
  Solve: 199.3947ms
Step: 1386.8929ms
====================================
Loop: 201
  Solve: 198.3818ms
Step: 1392.0527ms
====================================
Loop: 202
  Solve: 203.1258ms
Step: 1386.0433ms
====================================
Loop: 203
  Solve: 200.7257ms
Step: 1393.1835ms
====================================
Loop: 204
  Solve: 205.4181ms
Step: 1394.7561ms
====================================
Loop: 205
  Solve: 207.7176ms
Step: 1390.6633ms
====================================
Loop: 206
  Solve: 204.6850ms
Step: 1389.2771ms
====================================
Loop: 207
  Solve: 206.2887ms
Step: 1384.5146ms
====================================
Loop: 208
  Solve: 206.7616ms
Step: 1397.6216ms
====================================
Loop: 209
  Solve: 206.9841ms
Step: 1385.2800ms
====================================
Loop: 210
  Solve: 209.2681ms
Step: 1385.2031ms
====================================
Loop: 211
  Solve: 206.6618ms
Step: 1402.3259ms
====================================
Loop: 212
  Solve: 207.4631ms
Step: 1388.2241ms
====================================
Loop: 213
  Solve: 204.6483ms
Step: 1386.9600ms
====================================
Loop: 214
  Solve: 208.5541ms
Step: 1390.4880ms
====================================
Loop: 215
  Solve: 204.1481ms
Step: 1388.0927ms
====================================
Loop: 216
  Solve: 199.9912ms
Step: 1379.1837ms
====================================
Loop: 217
  Solve: 201.2559ms
Step: 1382.4346ms
====================================
Loop: 218
  Solve: 200.8131ms
Step: 1376.3726ms
====================================
Loop: 219
  Solve: 199.3495ms
Step: 1375.2487ms
====================================
Loop: 220
  Solve: 199.9004ms
Step: 1370.7554ms
====================================
Loop: 221
  Solve: 199.1022ms
Step: 1380.4191ms
====================================
Loop: 222
  Solve: 200.0975ms
Step: 1435.2258ms
====================================
Loop: 223
  Solve: 199.3785ms
Step: 1364.5107ms
====================================
Loop: 224
  Solve: 195.8320ms
Step: 1367.8931ms
====================================
Loop: 225
  Solve: 204.0703ms
Step: 1369.6487ms
====================================
Loop: 226
  Solve: 199.5735ms
Step: 1364.8505ms
====================================
Loop: 227
  Solve: 199.7051ms
Step: 1367.9546ms
====================================
Loop: 228
  Solve: 200.5032ms
Step: 1372.7908ms
====================================
Loop: 229
  Solve: 198.2342ms
Step: 1367.5217ms
====================================
Loop: 230
  Solve: 199.9026ms
Step: 1369.4569ms
====================================
Loop: 231
  Solve: 200.0071ms
Step: 1367.1382ms
====================================
Loop: 232
  Solve: 198.2342ms
Step: 1376.9188ms
====================================
Loop: 233
  Solve: 200.2677ms
Step: 1373.6008ms
====================================
Loop: 234
  Solve: 207.4637ms
Step: 1370.3047ms
====================================
Loop: 235
  Solve: 201.8504ms
Step: 1379.1196ms
====================================
Loop: 236
  Solve: 207.7959ms
Step: 1385.7844ms
====================================
Loop: 237
  Solve: 202.5542ms
Step: 1386.3346ms
====================================
Loop: 238
  Solve: 208.7470ms
Step: 1383.8932ms
====================================
Loop: 239
  Solve: 207.2344ms
Step: 1382.9128ms
====================================
Loop: 240
  Solve: 203.6620ms
Step: 1384.4855ms
====================================
Loop: 241
  Solve: 210.1978ms
Step: 1394.1396ms
====================================
Loop: 242
  Solve: 206.9828ms
Step: 1388.0413ms
====================================
Loop: 243
  Solve: 205.6106ms
Step: 1377.7339ms
====================================
Loop: 244
  Solve: 205.3690ms
Step: 1387.2642ms
====================================
Loop: 245
  Solve: 208.6952ms
Step: 1402.2639ms
====================================
Loop: 246
  Solve: 207.8415ms
Step: 1382.1660ms
====================================
Loop: 247
  Solve: 207.0699ms
Step: 1393.1951ms
====================================
Loop: 248
  Solve: 204.4642ms
Step: 1396.1570ms
====================================
Loop: 249
  Solve: 209.0034ms
Step: 1398.4368ms
====================================
Loop: 250
  Solve: 207.2670ms
Step: 1406.6481ms
====================================
Loop: 251
  Solve: 210.5152ms
Step: 1397.1471ms
====================================
Loop: 252
  Solve: 210.2096ms
Step: 1382.5065ms
====================================
Loop: 253
  Solve: 210.0172ms
Step: 1400.9696ms
====================================
Loop: 254
  Solve: 215.4775ms
Step: 1408.3336ms
====================================
Loop: 255
  Solve: 212.3552ms
Step: 1408.1536ms
====================================
Loop: 256
  Solve: 214.1861ms
Step: 1396.9346ms
====================================
Loop: 257
  Solve: 211.9279ms
Step: 1392.7839ms
====================================
Loop: 258
  Solve: 210.8538ms
Step: 1422.6183ms
====================================
Loop: 259
  Solve: 212.9186ms
Step: 1406.9224ms
====================================
Loop: 260
  Solve: 211.0477ms
Step: 1408.0300ms
====================================
Loop: 261
  Solve: 215.2122ms
Step: 1412.5081ms
====================================
Loop: 262
  Solve: 214.1381ms
Step: 1389.7681ms
====================================
Loop: 263
  Solve: 210.7797ms
Step: 1404.7572ms
====================================
Loop: 264
  Solve: 211.2171ms
Step: 1398.0131ms
====================================
Loop: 265
  Solve: 213.6275ms
Step: 1418.9685ms
====================================
Loop: 266
  Solve: 219.6848ms
Step: 1407.4962ms
====================================
Loop: 267
  Solve: 219.8758ms
Step: 1405.8545ms
====================================
Loop: 268
  Solve: 215.8680ms
Step: 1399.9631ms
====================================
Loop: 269
  Solve: 215.3862ms
Step: 1419.2352ms
====================================
Loop: 270
  Solve: 215.7842ms
Step: 1428.3527ms
====================================
Loop: 271
  Solve: 275.3264ms
Step: 1477.8721ms
====================================
Loop: 272
  Solve: 216.5200ms
Step: 1450.8868ms
====================================
Loop: 273
  Solve: 223.2574ms
Step: 1436.9814ms
====================================
Loop: 274
  Solve: 221.8411ms
Step: 1438.3368ms
====================================
Loop: 275
  Solve: 219.3077ms
Step: 1431.2827ms
====================================
Loop: 276
  Solve: 217.5049ms
Step: 1430.6323ms
====================================
Loop: 277
  Solve: 219.3301ms
Step: 1430.8735ms
====================================
Loop: 278
  Solve: 221.9572ms
Step: 1491.9509ms
====================================
Loop: 279
  Solve: 218.4243ms
Step: 1437.1929ms
====================================
Loop: 280
  Solve: 218.5175ms
Step: 1434.5811ms
====================================
Loop: 281
  Solve: 220.8969ms
Step: 1437.3859ms
====================================
Loop: 282
  Solve: 225.0921ms
Step: 1427.5173ms
====================================
Loop: 283
  Solve: 217.8570ms
Step: 1417.6381ms
====================================
Loop: 284
  Solve: 216.8165ms
Step: 1427.8542ms
====================================
Loop: 285
  Solve: 219.2283ms
Step: 1416.1543ms
====================================
Loop: 286
  Solve: 216.8704ms
Step: 1434.3940ms
====================================
Loop: 287
  Solve: 220.1237ms
Step: 1421.6914ms
====================================
Loop: 288
  Solve: 219.4866ms
Step: 1419.9702ms
====================================
Loop: 289
  Solve: 217.5819ms
Step: 1407.9886ms
====================================
Loop: 290
  Solve: 214.3295ms
Step: 1398.8314ms
====================================
Loop: 291
  Solve: 218.3693ms
Step: 1409.8293ms
====================================
Loop: 292
  Solve: 215.8242ms
Step: 1416.3787ms
====================================
Loop: 293
  Solve: 217.6002ms
Step: 1415.4829ms
====================================
Loop: 294
  Solve: 223.2295ms
Step: 1410.5338ms
====================================
Loop: 295
  Solve: 216.8411ms
Step: 1410.4226ms
====================================
Loop: 296
  Solve: 218.8800ms
Step: 1413.5643ms
====================================
Loop: 297
  Solve: 218.3357ms
Step: 1419.7732ms
====================================
Loop: 298
  Solve: 225.1248ms
Step: 1466.4968ms
====================================
Loop: 299
  Solve: 219.2241ms
Step: 1432.9146ms
====================================
Loop: 300
  Solve: 220.2486ms
Step: 1403.5017ms
====================================
Loop: 301
  Solve: 219.1280ms
Step: 1414.5222ms
====================================
Loop: 302
  Solve: 221.2070ms
Step: 1428.5309ms
====================================
Loop: 303
  Solve: 219.5364ms
Step: 1420.3188ms
====================================
Loop: 304
  Solve: 217.7252ms
Step: 1418.4668ms
====================================
Loop: 305
  Solve: 218.0701ms
Step: 1430.1506ms
====================================
Loop: 306
  Solve: 222.3163ms
Step: 1409.5015ms
====================================
Loop: 307
  Solve: 216.6602ms
Step: 1405.7097ms
====================================
Loop: 308
  Solve: 218.1933ms
Step: 1405.0862ms
====================================
Loop: 309
  Solve: 221.3490ms
Step: 1411.8988ms
====================================
Loop: 310
  Solve: 214.4315ms
Step: 1469.9867ms
====================================
Loop: 311
  Solve: 217.8035ms
Step: 1420.9287ms
====================================
Loop: 312
  Solve: 217.6400ms
Step: 1400.4382ms
====================================
Loop: 313
  Solve: 218.8843ms
Step: 1401.9155ms
====================================
Loop: 314
  Solve: 215.5922ms
Step: 1381.3857ms
====================================
Loop: 315
  Solve: 212.3537ms
Step: 1398.0470ms
====================================
Loop: 316
  Solve: 212.9597ms
Step: 1384.3337ms
====================================
Loop: 317
  Solve: 214.2710ms
Step: 1369.6907ms
====================================
Loop: 318
  Solve: 210.4788ms
Step: 1368.0166ms
====================================
Loop: 319
  Solve: 207.5770ms
Step: 1377.7859ms
====================================
Loop: 320
  Solve: 206.8510ms
Step: 1363.4417ms
====================================
Loop: 321
  Solve: 210.2522ms
Step: 1356.1060ms
====================================
Loop: 322
  Solve: 204.6994ms
Step: 1361.8942ms
====================================
Loop: 323
  Solve: 200.3344ms
Step: 1376.6772ms
====================================
Loop: 324
  Solve: 207.7571ms
Step: 1334.0015ms
====================================
Loop: 325
  Solve: 198.7529ms
Step: 1333.0574ms
====================================
Loop: 326
  Solve: 197.9409ms
Step: 1350.0948ms
====================================
Loop: 327
  Solve: 203.1456ms
Step: 1328.7965ms
====================================
Loop: 328
  Solve: 199.7581ms
Step: 1325.7499ms
====================================
Loop: 329
  Solve: 194.7199ms
Step: 1340.4968ms
====================================
Loop: 330
  Solve: 201.1538ms
Step: 1312.8042ms
====================================
Loop: 331
  Solve: 194.5316ms
Step: 1323.2308ms
====================================
Loop: 332
  Solve: 191.4936ms
Step: 1315.1296ms
====================================
Loop: 333
  Solve: 195.0864ms
Step: 1298.2786ms
====================================
Loop: 334
  Solve: 188.7786ms
Step: 1313.2228ms
====================================
Loop: 335
  Solve: 192.0810ms
Step: 1300.4429ms
====================================
Loop: 336
  Solve: 196.7942ms
Step: 1317.7275ms
====================================
Loop: 337
  Solve: 192.9961ms
Step: 1324.7101ms
====================================
Loop: 338
  Solve: 190.1349ms
Step: 1290.9482ms
====================================
Loop: 339
  Solve: 191.5809ms
Step: 1305.3290ms
====================================
Loop: 340
  Solve: 193.2111ms
Step: 1296.6602ms
====================================
Loop: 341
  Solve: 190.4067ms
Step: 1294.4464ms
====================================
Loop: 342
  Solve: 185.0346ms
Step: 1284.6959ms
====================================
Loop: 343
  Solve: 186.7059ms
Step: 1268.4338ms
====================================
Loop: 344
  Solve: 177.3980ms
Step: 1257.0938ms
====================================
Loop: 345
  Solve: 181.1000ms
Step: 1241.2939ms
====================================
Loop: 346
  Solve: 173.9134ms
Step: 1274.5588ms
====================================
Loop: 347
  Solve: 180.0820ms
Step: 1217.7592ms
====================================
Loop: 348
  Solve: 178.0568ms
Step: 1228.7197ms
====================================
Loop: 349
  Solve: 173.1358ms
Step: 1211.1251ms
====================================
Loop: 350
  Solve: 173.9318ms
Step: 1218.2629ms
====================================
Loop: 351
  Solve: 174.4808ms
Step: 1265.7466ms
====================================
Loop: 352
  Solve: 171.9199ms
Step: 1200.4625ms
====================================
Loop: 353
  Solve: 166.5479ms
Step: 1196.9746ms
====================================
Loop: 354
  Solve: 167.9913ms
Step: 1184.0239ms
====================================
Loop: 355
  Solve: 166.6915ms
Step: 1186.0903ms
====================================
Loop: 356
  Solve: 163.6616ms
Step: 1164.4680ms
====================================
Loop: 357
  Solve: 165.7858ms
Step: 1153.1163ms
====================================
Loop: 358
  Solve: 165.8153ms
Step: 1159.3911ms
====================================
Loop: 359
  Solve: 160.9270ms
Step: 1155.9729ms
====================================
Loop: 360
  Solve: 161.7074ms
Step: 1144.1123ms
====================================
Loop: 361
  Solve: 194.5712ms
Step: 1204.2157ms
====================================
Loop: 362
  Solve: 167.8969ms
Step: 1170.4014ms
====================================
Loop: 363
  Solve: 164.9475ms
Step: 1220.2507ms
====================================
Loop: 364
  Solve: 160.7152ms
Step: 1214.5383ms
====================================
Loop: 365
  Solve: 164.8743ms
Step: 1163.0420ms
====================================
Loop: 366
  Solve: 160.9715ms
Step: 1136.0715ms
====================================
Loop: 367
  Solve: 162.9297ms
Step: 1150.5885ms
====================================
Loop: 368
  Solve: 154.6685ms
Step: 1155.2506ms
====================================
Loop: 369
  Solve: 157.9470ms
Step: 1104.2352ms
====================================
Loop: 370
  Solve: 158.2368ms
Step: 1120.8639ms
====================================
Loop: 371
  Solve: 152.2362ms
Step: 1194.2468ms
====================================
Loop: 372
  Solve: 153.0257ms
Step: 1149.2389ms
====================================
Loop: 373
  Solve: 155.2538ms
Step: 1089.1210ms
====================================
Loop: 374
  Solve: 157.0790ms
Step: 1094.5591ms
====================================
Loop: 375
  Solve: 150.9203ms
Step: 1089.4482ms
====================================
Loop: 376
  Solve: 149.4598ms
Step: 1079.8044ms
====================================
Loop: 377
  Solve: 150.6830ms
Step: 1075.5640ms
====================================
Loop: 378
  Solve: 150.2208ms
Step: 1072.0046ms
====================================
Loop: 379
  Solve: 150.9207ms
Step: 1065.2070ms
====================================
Loop: 380
  Solve: 148.3600ms
Step: 1055.3975ms
====================================
Loop: 381
  Solve: 153.3684ms
Step: 1059.7820ms
====================================
Loop: 382
  Solve: 148.2980ms
Step: 1048.0798ms
====================================
Loop: 383
  Solve: 144.9524ms
Step: 1054.3650ms
====================================
Loop: 384
  Solve: 144.7649ms
Step: 1053.3113ms
====================================
Loop: 385
  Solve: 143.8650ms
Step: 1039.5505ms
====================================
Loop: 386
  Solve: 143.6561ms
Step: 1042.5748ms
====================================
Loop: 387
  Solve: 143.8452ms
Step: 1037.6820ms
====================================
Loop: 388
  Solve: 143.4849ms
Step: 1037.1852ms
====================================
Loop: 389
  Solve: 143.9526ms
Step: 1026.3750ms
====================================
Loop: 390
  Solve: 145.5915ms
Step: 1025.9634ms
====================================
Loop: 391
  Solve: 145.2009ms
Step: 1014.5668ms
====================================
Loop: 392
  Solve: 145.5588ms
Step: 1017.1511ms
====================================
Loop: 393
  Solve: 146.2019ms
Step: 1016.9720ms
====================================
Loop: 394
  Solve: 145.8742ms
Step: 1009.1810ms
====================================
Loop: 395
  Solve: 145.5822ms
Step: 1002.9848ms
====================================
Loop: 396
  Solve: 144.8423ms
Step: 1006.6858ms
====================================
Loop: 397
  Solve: 145.9309ms
Step: 1001.0579ms
====================================
Loop: 398
  Solve: 144.8559ms
Step: 995.1682ms
====================================
Loop: 399
  Solve: 145.7769ms
Step: 993.6942ms
====================================
Loop: 400
  Solve: 144.0533ms
Step: 989.0740ms
====================================
Loop: 401
  Solve: 143.5867ms
Step: 987.9604ms
====================================
Loop: 402
  Solve: 141.4515ms
Step: 973.3768ms
====================================
Loop: 403
  Solve: 139.8458ms
Step: 985.5837ms
====================================
Loop: 404
  Solve: 139.1195ms
Step: 984.2663ms
====================================
Loop: 405
  Solve: 139.7259ms
Step: 1009.8965ms
====================================
Loop: 406
  Solve: 155.7555ms
Step: 1017.8616ms
====================================
Loop: 407
  Solve: 137.5302ms
Step: 971.4678ms
====================================
Loop: 408
  Solve: 136.9162ms
Step: 960.5645ms
====================================
Loop: 409
  Solve: 136.8147ms
Step: 959.2135ms
====================================
Loop: 410
  Solve: 136.9095ms
Step: 959.9086ms
====================================
Loop: 411
  Solve: 136.0869ms
Step: 961.2086ms
====================================
Loop: 412
  Solve: 135.7561ms
Step: 955.4448ms
====================================
Loop: 413
  Solve: 136.4124ms
Step: 943.7260ms
====================================
Loop: 414
  Solve: 140.6913ms
Step: 947.1696ms
====================================
Loop: 415
  Solve: 136.2550ms
Step: 933.2690ms
====================================
Loop: 416
  Solve: 135.0442ms
Step: 946.3324ms
====================================
Loop: 417
  Solve: 132.9911ms
Step: 940.2426ms
====================================
Loop: 418
  Solve: 136.8289ms
Step: 932.3013ms
====================================
Loop: 419
  Solve: 134.8593ms
Step: 925.9548ms
====================================
Loop: 420
  Solve: 134.4507ms
Step: 927.4209ms
====================================
Loop: 421
  Solve: 137.2839ms
Step: 930.8237ms
====================================
Loop: 422
  Solve: 135.0740ms
Step: 958.2432ms
====================================
Loop: 423
  Solve: 140.9316ms
Step: 938.2805ms
====================================
Loop: 424
  Solve: 142.1307ms
Step: 935.5914ms
====================================
Loop: 425
  Solve: 138.4678ms
Step: 990.4285ms
====================================
Loop: 426
  Solve: 137.8110ms
Step: 932.7531ms
====================================
Loop: 427
  Solve: 138.7551ms
Step: 921.7726ms
====================================
Loop: 428
  Solve: 137.7992ms
Step: 928.2795ms
====================================
Loop: 429
  Solve: 134.5958ms
Step: 909.8818ms
====================================
Loop: 430
  Solve: 138.5662ms
Step: 916.8033ms
====================================
Loop: 431
  Solve: 138.2485ms
Step: 919.8560ms
====================================
Loop: 432
  Solve: 132.5007ms
Step: 954.8669ms
====================================
Loop: 433
  Solve: 136.5662ms
Step: 888.4714ms
====================================
Loop: 434
  Solve: 130.8275ms
Step: 888.7340ms
====================================
Loop: 435
  Solve: 133.2578ms
Step: 893.1627ms
====================================
Loop: 436
  Solve: 131.1197ms
Step: 893.5485ms
====================================
Loop: 437
  Solve: 129.4759ms
Step: 888.5972ms
====================================
Loop: 438
  Solve: 129.6318ms
Step: 878.4159ms
====================================
Loop: 439
  Solve: 133.4463ms
Step: 881.7528ms
====================================
Loop: 440
  Solve: 132.6682ms
Step: 875.9619ms
====================================
Loop: 441
  Solve: 130.6924ms
Step: 885.2125ms
====================================
Loop: 442
  Solve: 134.0525ms
Step: 872.5266ms
====================================
Loop: 443
  Solve: 133.9976ms
Step: 871.3288ms
====================================
Loop: 444
  Solve: 138.6594ms
Step: 900.1896ms
====================================
Loop: 445
  Solve: 128.8120ms
Step: 868.4165ms
====================================
Loop: 446
  Solve: 129.2895ms
Step: 864.3328ms
====================================
Loop: 447
  Solve: 134.7017ms
Step: 868.8237ms
====================================
Loop: 448
  Solve: 129.7987ms
Step: 862.9694ms
====================================
Loop: 449
  Solve: 130.9541ms
Step: 861.7722ms
====================================
Loop: 450
  Solve: 132.3030ms
Step: 857.0223ms
====================================
Loop: 451
  Solve: 131.6667ms
Step: 856.4439ms
====================================
Loop: 452
  Solve: 129.6713ms
Step: 857.5324ms
====================================
Loop: 453
  Solve: 127.3399ms
Step: 847.0936ms
====================================
Loop: 454
  Solve: 133.9271ms
Step: 852.3981ms
====================================
Loop: 455
  Solve: 127.9670ms
Step: 842.6741ms
====================================
Loop: 456
  Solve: 134.3055ms
Step: 855.6744ms
====================================
Loop: 457
  Solve: 131.8217ms
Step: 844.4243ms
====================================
Loop: 458
  Solve: 129.4910ms
Step: 845.0214ms
====================================
Loop: 459
  Solve: 127.2486ms
Step: 836.4301ms
====================================
Loop: 460
  Solve: 128.1287ms
Step: 846.4650ms
====================================
Loop: 461
  Solve: 130.0266ms
Step: 833.4296ms
====================================
Loop: 462
  Solve: 127.6163ms
Step: 902.5602ms
====================================
Loop: 463
  Solve: 138.3431ms
Step: 882.4402ms
====================================
Loop: 464
  Solve: 132.9094ms
Step: 830.3892ms
====================================
Loop: 465
  Solve: 126.8205ms
Step: 826.3602ms
====================================
Loop: 466
  Solve: 127.1590ms
Step: 821.9496ms
====================================
Loop: 467
  Solve: 136.8235ms
Step: 833.1943ms
====================================
Loop: 468
  Solve: 127.4648ms
Step: 839.0474ms
====================================
Loop: 469
  Solve: 129.1347ms
Step: 822.9770ms
====================================
Loop: 470
  Solve: 132.5087ms
Step: 827.3777ms
====================================
Loop: 471
  Solve: 127.7020ms
Step: 823.6433ms
====================================
Loop: 472
  Solve: 127.9284ms
Step: 828.1799ms
====================================
Loop: 473
  Solve: 132.6783ms
Step: 816.5764ms
====================================
Loop: 474
  Solve: 128.4539ms
Step: 819.9099ms
====================================
Loop: 475
  Solve: 132.7158ms
Step: 814.0785ms
====================================
Loop: 476
  Solve: 129.6205ms
Step: 820.5816ms
====================================
Loop: 477
  Solve: 127.9708ms
Step: 808.9277ms
====================================
Loop: 478
  Solve: 132.8432ms
Step: 822.0302ms
====================================
Loop: 479
  Solve: 128.0478ms
Step: 815.6491ms
====================================
Loop: 480
  Solve: 136.3728ms
Step: 814.1437ms
====================================
Loop: 481
  Solve: 131.0877ms
Step: 809.2268ms
====================================
Loop: 482
  Solve: 127.9852ms
Step: 804.0961ms
====================================
Loop: 483
  Solve: 129.6644ms
Step: 814.6881ms
====================================
Loop: 484
  Solve: 130.8391ms
Step: 810.6317ms
====================================
Loop: 485
  Solve: 133.4705ms
Step: 816.2938ms
====================================
Loop: 486
  Solve: 138.5130ms
Step: 804.0655ms
====================================
Loop: 487
  Solve: 127.7650ms
Step: 806.1329ms
====================================
Loop: 488
  Solve: 128.1053ms
Step: 836.4543ms
====================================
Loop: 489
  Solve: 130.6055ms
Step: 803.6659ms
====================================
Loop: 490
  Solve: 128.6620ms
Step: 832.3074ms
====================================
Loop: 491
  Solve: 133.8088ms
Step: 797.6387ms
====================================
Loop: 492
  Solve: 128.6157ms
Step: 799.7515ms
====================================
Loop: 493
  Solve: 128.3007ms
Step: 789.6340ms
====================================
Loop: 494
  Solve: 131.5813ms
Step: 795.0060ms
====================================
Loop: 495
  Solve: 129.2202ms
Step: 800.6744ms
====================================
Loop: 496
  Solve: 134.3673ms
Step: 789.3969ms
====================================
Loop: 497
  Solve: 128.7688ms
Step: 798.0548ms
====================================
Loop: 498
  Solve: 129.4493ms
Step: 797.1475ms
====================================
Loop: 499
  Solve: 131.1304ms
Step: 792.4293ms
====================================
Loop: 500
  Solve: 129.7016ms
Step: 792.7327ms
====================================
