Loop: 0
  Solve: 4.3249ms
Step: 629.9644ms
====================================
Loop: 1
  Solve: 4.3021ms
Step: 317.4069ms
====================================
Loop: 2
  Solve: 4.5407ms
Step: 322.1516ms
====================================
Loop: 3
  Solve: 4.1624ms
Step: 316.0940ms
====================================
Loop: 4
  Solve: 4.3119ms
Step: 315.9178ms
====================================
Loop: 5
  Solve: 4.3284ms
Step: 316.2418ms
====================================
Loop: 6
  Solve: 4.1679ms
Step: 318.6397ms
====================================
Loop: 7
  Solve: 4.2984ms
Step: 319.9397ms
====================================
Loop: 8
  Solve: 4.2765ms
Step: 315.6311ms
====================================
Loop: 9
  Solve: 4.1827ms
Step: 318.8090ms
====================================
Loop: 10
  Solve: 4.2048ms
Step: 317.0411ms
====================================
Loop: 11
  Solve: 4.3294ms
Step: 316.8387ms
====================================
Loop: 12
  Solve: 4.3965ms
Step: 324.4066ms
====================================
Loop: 13
  Solve: 4.3326ms
Step: 314.8531ms
====================================
Loop: 14
  Solve: 4.1420ms
Step: 314.8418ms
====================================
Loop: 15
  Solve: 4.2954ms
Step: 319.3235ms
====================================
Loop: 16
  Solve: 4.4802ms
Step: 315.8430ms
====================================
Loop: 17
  Solve: 4.2389ms
Step: 319.1859ms
====================================
Loop: 18
  Solve: 4.2748ms
Step: 722.9309ms
====================================
Loop: 19
  Solve: 4.2181ms
Step: 311.4782ms
====================================
Loop: 20
  Solve: 4.3734ms
Step: 319.8246ms
====================================
Loop: 21
  Solve: 4.2202ms
Step: 313.3352ms
====================================
Loop: 22
  Solve: 6.1888ms
Step: 372.8419ms
====================================
Loop: 23
  Solve: 4.4515ms
Step: 323.0885ms
====================================
Loop: 24
  Solve: 4.1705ms
Step: 312.2833ms
====================================
Loop: 25
  Solve: 4.1961ms
Step: 354.2775ms
====================================
Loop: 26
  Solve: 4.3527ms
Step: 725.0753ms
====================================
Loop: 27
  Solve: 4.1698ms
Step: 315.0428ms
====================================
Loop: 28
  Solve: 4.4125ms
Step: 319.6672ms
====================================
Loop: 29
  Solve: 4.4024ms
Step: 315.1165ms
====================================
Loop: 30
  Solve: 4.1900ms
Step: 315.1340ms
====================================
Loop: 31
  Solve: 4.2885ms
Step: 318.6367ms
====================================
Loop: 32
  Solve: 4.2230ms
Step: 312.7287ms
====================================
Loop: 33
  Solve: 4.2609ms
Step: 719.1217ms
====================================
Loop: 34
  Solve: 4.1898ms
Step: 312.9689ms
====================================
Loop: 35
  Solve: 4.1847ms
Step: 314.1343ms
====================================
Loop: 36
  Solve: 4.1704ms
Step: 318.1338ms
====================================
Loop: 37
  Solve: 4.2969ms
Step: 313.0024ms
====================================
Loop: 38
  Solve: 4.2449ms
Step: 718.3170ms
====================================
Loop: 39
  Solve: 4.2827ms
Step: 312.5572ms
====================================
Loop: 40
  Solve: 4.2210ms
Step: 313.1136ms
====================================
Loop: 41
  Solve: 4.1493ms
Step: 316.6277ms
====================================
Loop: 42
  Solve: 4.1897ms
Step: 314.4706ms
====================================
Loop: 43
  Solve: 4.4124ms
Step: 716.9652ms
====================================
Loop: 44
  Solve: 4.2269ms
Step: 313.6585ms
====================================
Loop: 45
  Solve: 4.1920ms
Step: 314.4066ms
====================================
Loop: 46
  Solve: 4.4758ms
Step: 318.0439ms
====================================
Loop: 47
  Solve: 4.2315ms
Step: 715.4041ms
====================================
Loop: 48
  Solve: 4.2251ms
Step: 317.9396ms
====================================
Loop: 49
  Solve: 4.2044ms
Step: 312.5521ms
====================================
Loop: 50
  Solve: 4.4268ms
Step: 315.2101ms
====================================
Loop: 51
  Solve: 4.5909ms
Step: 718.0568ms
====================================
Loop: 52
  Solve: 4.2443ms
Step: 316.4130ms
====================================
Loop: 53
  Solve: 4.4251ms
Step: 320.3489ms
====================================
Loop: 54
  Solve: 18.4323ms
Step: 328.7694ms
====================================
Loop: 55
  Solve: 32.8902ms
Step: 745.3832ms
====================================
Loop: 56
  Solve: 47.4728ms
Step: 361.5405ms
====================================
Loop: 57
  Solve: 61.1139ms
Step: 374.0732ms
====================================
Loop: 58
  Solve: 75.6610ms
Step: 395.2930ms
====================================
Loop: 59
  Solve: 92.4064ms
Step: 789.2250ms
====================================
Loop: 60
  Solve: 105.6638ms
Step: 428.3647ms
====================================
Loop: 61
  Solve: 122.4159ms
Step: 446.3030ms
====================================
Loop: 62
  Solve: 136.0164ms
Step: 820.6588ms
====================================
Loop: 63
  Solve: 160.8635ms
Step: 494.2189ms
====================================
Loop: 64
  Solve: 174.6154ms
Step: 504.2320ms
====================================
Loop: 65
  Solve: 187.6442ms
Step: 864.3586ms
====================================
Loop: 66
  Solve: 207.9862ms
Step: 544.1042ms
====================================
Loop: 67
  Solve: 221.8683ms
Step: 553.5955ms
====================================
Loop: 68
  Solve: 232.7523ms
Step: 898.8104ms
====================================
Loop: 69
  Solve: 252.2916ms
Step: 593.9838ms
====================================
Loop: 70
  Solve: 262.8973ms
Step: 603.8103ms
====================================
Loop: 71
  Solve: 279.6091ms
Step: 942.1109ms
====================================
Loop: 72
  Solve: 285.9809ms
Step: 635.8476ms
====================================
Loop: 73
  Solve: 307.0762ms
Step: 656.0041ms
====================================
Loop: 74
  Solve: 320.8995ms
Step: 968.7557ms
====================================
Loop: 75
  Solve: 331.3909ms
Step: 688.0106ms
====================================
Loop: 76
  Solve: 342.3994ms
Step: 699.8935ms
====================================
Loop: 77
  Solve: 356.3117ms
Step: 1003.1671ms
====================================
Loop: 78
  Solve: 410.8678ms
Step: 776.9955ms
====================================
Loop: 79
  Solve: 410.5553ms
Step: 775.4974ms
====================================
Loop: 80
  Solve: 416.0106ms
Step: 1057.8630ms
====================================
Loop: 81
  Solve: 449.5318ms
Step: 825.7759ms
====================================
Loop: 82
  Solve: 461.6888ms
Step: 842.7828ms
====================================
Loop: 83
  Solve: 480.0667ms
Step: 1116.3628ms
====================================
Loop: 84
  Solve: 498.2951ms
Step: 887.6640ms
====================================
Loop: 85
  Solve: 522.4047ms
Step: 919.3809ms
====================================
Loop: 86
  Solve: 540.4333ms
Step: 1180.4172ms
====================================
Loop: 87
  Solve: 573.5344ms
Step: 976.9905ms
====================================
Loop: 88
  Solve: 591.0089ms
Step: 996.6593ms
====================================
Loop: 89
  Solve: 617.9916ms
Step: 1250.0851ms
====================================
Loop: 90
  Solve: 644.5735ms
Step: 1056.3202ms
====================================
Loop: 91
  Solve: 666.2994ms
Step: 1077.9476ms
====================================
Loop: 92
  Solve: 690.7869ms
Step: 1319.8644ms
====================================
Loop: 93
  Solve: 720.2170ms
Step: 1147.9475ms
====================================
Loop: 94
  Solve: 748.0338ms
Step: 1382.3738ms
====================================
Loop: 95
  Solve: 788.9155ms
Step: 1233.4436ms
====================================
Loop: 96
  Solve: 810.8526ms
Step: 1446.5148ms
====================================
Loop: 97
  Solve: 837.5653ms
Step: 1297.6169ms
====================================
Loop: 98
  Solve: 876.3415ms
Step: 1519.9565ms
====================================
Loop: 99
  Solve: 906.4579ms
Step: 1376.5072ms
====================================
Loop: 100
  Solve: 930.5099ms
Step: 1582.3787ms
====================================
Loop: 101
  Solve: 961.5473ms
Step: 1450.4641ms
====================================
Loop: 102
  Solve: 984.3232ms
Step: 1655.2233ms
====================================
Loop: 103
  Solve: 1003.3188ms
Step: 1527.1184ms
====================================
Loop: 104
  Solve: 1029.2313ms
Step: 1708.6761ms
====================================
Loop: 105
  Solve: 1071.9426ms
Step: 1623.8921ms
====================================
Loop: 106
  Solve: 1079.8021ms
Step: 1791.4341ms
====================================
Loop: 107
  Solve: 1105.4653ms
Step: 1689.4470ms
====================================
Loop: 108
  Solve: 1120.5562ms
Step: 1860.3734ms
====================================
Loop: 109
  Solve: 1137.5692ms
Step: 1762.8390ms
====================================
Loop: 110
  Solve: 1161.7266ms
Step: 1921.8510ms
====================================
Loop: 111
  Solve: 1186.2267ms
Step: 1833.4913ms
====================================
Loop: 112
  Solve: 1205.3401ms
Step: 1975.3651ms
====================================
Loop: 113
  Solve: 1236.0997ms
Step: 1916.1224ms
====================================
Loop: 114
  Solve: 1249.4974ms
Step: 2048.9902ms
====================================
Loop: 115
  Solve: 1275.0040ms
Step: 1993.0806ms
====================================
Loop: 116
  Solve: 1290.2570ms
Step: 2124.1733ms
====================================
Loop: 117
  Solve: 1317.0795ms
Step: 2083.8618ms
====================================
Loop: 118
  Solve: 1349.1482ms
Step: 2222.8879ms
====================================
Loop: 119
  Solve: 1368.8989ms
Step: 2180.8232ms
====================================
Loop: 120
  Solve: 1392.5737ms
Step: 2311.3782ms
====================================
Loop: 121
  Solve: 1427.4141ms
Step: 2299.8035ms
====================================
Loop: 122
  Solve: 1447.2207ms
Step: 2414.8237ms
====================================
Loop: 123
  Solve: 1468.2588ms
Step: 2400.4092ms
====================================
Loop: 124
  Solve: 1541.7627ms
Step: 2556.5862ms
====================================
Loop: 125
  Solve: 1495.6727ms
Step: 2479.3730ms
====================================
Loop: 126
  Solve: 1548.5522ms
Step: 2605.9448ms
====================================
Loop: 127
  Solve: 1505.1370ms
Step: 2558.9377ms
====================================
Loop: 128
  Solve: 1510.4723ms
Step: 2597.2766ms
====================================
Loop: 129
  Solve: 1585.4988ms
Step: 2665.2954ms
====================================
Loop: 130
  Solve: 1498.0731ms
Step: 2614.9946ms
====================================
Loop: 131
  Solve: 1506.6781ms
Step: 2615.5564ms
====================================
Loop: 132
  Solve: 1500.2003ms
Step: 2648.2683ms
====================================
Loop: 133
  Solve: 1507.6890ms
Step: 2655.0503ms
====================================
Loop: 134
  Solve: 1502.6072ms
Step: 2650.0906ms
====================================
Loop: 135
  Solve: 1488.2534ms
Step: 2648.2637ms
====================================
Loop: 136
  Solve: 1539.6282ms
Step: 2760.5928ms
====================================
Loop: 137
  Solve: 1463.0142ms
Step: 2696.4138ms
====================================
Loop: 138
  Solve: 1438.5225ms
Step: 2586.5649ms
====================================
Loop: 139
  Solve: 1429.7151ms
Step: 2591.8110ms
====================================
Loop: 140
  Solve: 1409.3945ms
Step: 2562.1121ms
====================================
Loop: 141
  Solve: 1385.0742ms
Step: 2543.1682ms
====================================
Loop: 142
  Solve: 1374.4484ms
Step: 2529.9194ms
====================================
Loop: 143
  Solve: 1361.7468ms
Step: 2513.7471ms
====================================
Loop: 144
  Solve: 1344.2820ms
Step: 2509.3662ms
====================================
Loop: 145
  Solve: 1324.3398ms
Step: 2484.1079ms
====================================
Loop: 146
  Solve: 1308.3118ms
Step: 2456.1414ms
====================================
Loop: 147
  Solve: 1298.1337ms
Step: 2453.8589ms
====================================
Loop: 148
  Solve: 1285.0574ms
Step: 2437.5505ms
====================================
Loop: 149
  Solve: 1271.3604ms
Step: 2424.1558ms
====================================
Loop: 150
  Solve: 1259.1835ms
Step: 2406.9685ms
====================================
Loop: 151
  Solve: 1238.3662ms
Step: 2385.4341ms
====================================
Loop: 152
  Solve: 1234.3051ms
Step: 2373.5930ms
====================================
Loop: 153
  Solve: 1221.6682ms
Step: 2372.0171ms
====================================
Loop: 154
  Solve: 1212.5667ms
Step: 2363.6128ms
====================================
Loop: 155
  Solve: 1204.6615ms
Step: 2355.3286ms
====================================
Loop: 156
  Solve: 1190.1234ms
Step: 2367.4558ms
====================================
Loop: 157
  Solve: 1176.2014ms
Step: 2328.9365ms
====================================
Loop: 158
  Solve: 1158.9498ms
Step: 2304.9634ms
====================================
Loop: 159
  Solve: 1146.8066ms
Step: 2290.9941ms
====================================
Loop: 160
  Solve: 1124.2214ms
Step: 2288.7627ms
====================================
Loop: 161
  Solve: 1122.0781ms
Step: 2328.3809ms
====================================
Loop: 162
  Solve: 1210.8486ms
Step: 2506.5271ms
====================================
Loop: 163
  Solve: 1080.7463ms
Step: 2231.4500ms
====================================
Loop: 164
  Solve: 1066.6759ms
Step: 2218.6501ms
====================================
Loop: 165
  Solve: 1045.9852ms
Step: 2197.5408ms
====================================
Loop: 166
  Solve: 1033.4606ms
Step: 2178.9343ms
====================================
Loop: 167
  Solve: 1017.6882ms
Step: 2162.2773ms
====================================
Loop: 168
  Solve: 998.7690ms
Step: 2150.0222ms
====================================
Loop: 169
  Solve: 983.1188ms
Step: 2126.5171ms
====================================
Loop: 170
  Solve: 965.1035ms
Step: 2102.4458ms
====================================
Loop: 171
  Solve: 952.5236ms
Step: 2086.3362ms
====================================
Loop: 172
  Solve: 939.3953ms
Step: 2074.2942ms
====================================
Loop: 173
  Solve: 927.1962ms
Step: 2060.4539ms
====================================
Loop: 174
  Solve: 928.0226ms
Step: 2059.9836ms
====================================
Loop: 175
  Solve: 909.2482ms
Step: 2031.2228ms
====================================
Loop: 176
  Solve: 895.5104ms
Step: 2015.9498ms
====================================
Loop: 177
  Solve: 891.3077ms
Step: 2018.7203ms
====================================
Loop: 178
  Solve: 885.9256ms
Step: 2004.3171ms
====================================
Loop: 179
  Solve: 874.7281ms
Step: 1997.0992ms
====================================
Loop: 180
  Solve: 872.7458ms
Step: 1989.1438ms
====================================
Loop: 181
  Solve: 869.7689ms
Step: 1981.9900ms
====================================
Loop: 182
  Solve: 865.3546ms
Step: 1980.9117ms
====================================
Loop: 183
  Solve: 859.4244ms
Step: 1957.8389ms
====================================
Loop: 184
  Solve: 862.3792ms
Step: 1961.4529ms
====================================
Loop: 185
  Solve: 854.3900ms
Step: 1949.1613ms
====================================
Loop: 186
  Solve: 846.1849ms
Step: 1948.0070ms
====================================
Loop: 187
  Solve: 839.0413ms
Step: 1934.2919ms
====================================
Loop: 188
  Solve: 831.9578ms
Step: 1913.3849ms
====================================
Loop: 189
  Solve: 830.6473ms
Step: 1916.9032ms
====================================
Loop: 190
  Solve: 826.7031ms
Step: 1906.1796ms
====================================
Loop: 191
  Solve: 813.5417ms
Step: 1896.2703ms
====================================
Loop: 192
  Solve: 803.8305ms
Step: 1889.9482ms
====================================
Loop: 193
  Solve: 801.3184ms
Step: 1885.5594ms
====================================
Loop: 194
  Solve: 788.6529ms
Step: 1867.4556ms
====================================
Loop: 195
  Solve: 782.3192ms
Step: 1871.2239ms
====================================
Loop: 196
  Solve: 771.9374ms
Step: 1869.9469ms
====================================
Loop: 197
  Solve: 770.2359ms
Step: 1866.1431ms
====================================
Loop: 198
  Solve: 759.6807ms
Step: 1832.7625ms
====================================
Loop: 199
  Solve: 744.6863ms
Step: 1834.5117ms
====================================
Loop: 200
  Solve: 747.1841ms
Step: 1825.2358ms
====================================
Loop: 201
  Solve: 727.9489ms
Step: 1810.6466ms
====================================
Loop: 202
  Solve: 726.1085ms
Step: 1803.7820ms
====================================
Loop: 203
  Solve: 723.8284ms
Step: 1791.8123ms
====================================
Loop: 204
  Solve: 715.4046ms
Step: 1787.8296ms
====================================
Loop: 205
  Solve: 717.2643ms
Step: 1790.7599ms
====================================
Loop: 206
  Solve: 708.2626ms
Step: 1785.4536ms
====================================
Loop: 207
  Solve: 709.6311ms
Step: 1776.8234ms
====================================
Loop: 208
  Solve: 708.0643ms
Step: 1769.9309ms
====================================
Loop: 209
  Solve: 710.0437ms
Step: 1775.2683ms
====================================
Loop: 210
  Solve: 709.2823ms
Step: 1772.9451ms
====================================
Loop: 211
  Solve: 709.6329ms
Step: 1782.3757ms
====================================
Loop: 212
  Solve: 715.5570ms
Step: 1781.6113ms
====================================
Loop: 213
  Solve: 724.7020ms
Step: 1792.4015ms
====================================
Loop: 214
  Solve: 728.1608ms
Step: 1806.6958ms
====================================
Loop: 215
  Solve: 723.4047ms
Step: 1792.3193ms
====================================
Loop: 216
  Solve: 722.0715ms
Step: 1815.7968ms
====================================
Loop: 217
  Solve: 727.6351ms
Step: 1802.0482ms
====================================
Loop: 218
  Solve: 726.9900ms
Step: 1798.7794ms
====================================
Loop: 219
  Solve: 735.5581ms
Step: 1817.9736ms
====================================
Loop: 220
  Solve: 741.4437ms
Step: 1815.3850ms
====================================
Loop: 221
  Solve: 744.5643ms
Step: 1827.3713ms
====================================
Loop: 222
  Solve: 756.7802ms
Step: 1835.6667ms
====================================
Loop: 223
  Solve: 763.7988ms
Step: 1856.5554ms
====================================
Loop: 224
  Solve: 768.9329ms
Step: 1858.5950ms
====================================
Loop: 225
  Solve: 776.3838ms
Step: 1866.6217ms
====================================
Loop: 226
  Solve: 783.3955ms
Step: 1871.5726ms
====================================
Loop: 227
  Solve: 800.7812ms
Step: 1984.2585ms
====================================
Loop: 228
  Solve: 796.1839ms
Step: 1916.0566ms
====================================
Loop: 229
  Solve: 805.4193ms
Step: 1929.6270ms
====================================
Loop: 230
  Solve: 808.3184ms
Step: 1929.9318ms
====================================
Loop: 231
  Solve: 815.0156ms
Step: 1938.5386ms
====================================
Loop: 232
  Solve: 826.7012ms
Step: 1949.3608ms
====================================
Loop: 233
  Solve: 830.9816ms
Step: 1945.4675ms
====================================
Loop: 234
  Solve: 836.8329ms
Step: 1958.4792ms
====================================
Loop: 235
  Solve: 847.8640ms
Step: 1973.5481ms
====================================
Loop: 236
  Solve: 856.4850ms
Step: 1980.7815ms
====================================
Loop: 237
  Solve: 858.5115ms
Step: 1991.5513ms
====================================
Loop: 238
  Solve: 861.4698ms
Step: 1997.2881ms
====================================
Loop: 239
  Solve: 860.3575ms
Step: 1999.2585ms
====================================
Loop: 240
  Solve: 870.7720ms
Step: 2005.2126ms
====================================
Loop: 241
  Solve: 871.5506ms
Step: 2003.5280ms
====================================
Loop: 242
  Solve: 877.9357ms
Step: 2012.0836ms
====================================
Loop: 243
  Solve: 957.1405ms
Step: 2086.3909ms
====================================
Loop: 244
  Solve: 883.4579ms
Step: 2016.2750ms
====================================
Loop: 245
  Solve: 912.4109ms
Step: 2058.5510ms
====================================
Loop: 246
  Solve: 885.8485ms
Step: 2007.6211ms
====================================
Loop: 247
  Solve: 882.7225ms
Step: 2013.4003ms
====================================
Loop: 248
  Solve: 881.3121ms
Step: 2022.8959ms
====================================
Loop: 249
  Solve: 877.5100ms
Step: 1999.2216ms
====================================
Loop: 250
  Solve: 874.5657ms
Step: 1998.6531ms
====================================
Loop: 251
  Solve: 870.2952ms
Step: 1993.2319ms
====================================
Loop: 252
  Solve: 867.3785ms
Step: 1985.3208ms
====================================
Loop: 253
  Solve: 869.8991ms
Step: 1986.7659ms
====================================
Loop: 254
  Solve: 871.3774ms
Step: 1989.3744ms
====================================
Loop: 255
  Solve: 867.2081ms
Step: 1977.1072ms
====================================
Loop: 256
  Solve: 869.3940ms
Step: 1985.9574ms
====================================
Loop: 257
  Solve: 872.2480ms
Step: 1993.9780ms
====================================
Loop: 258
  Solve: 868.0906ms
Step: 1987.0560ms
====================================
Loop: 259
  Solve: 872.5769ms
Step: 1997.8794ms
====================================
Loop: 260
  Solve: 885.1622ms
Step: 2015.7164ms
====================================
Loop: 261
  Solve: 885.5388ms
Step: 2003.7751ms
====================================
Loop: 262
  Solve: 884.8292ms
Step: 2010.1747ms
====================================
Loop: 263
  Solve: 888.6402ms
Step: 2012.2494ms
====================================
Loop: 264
  Solve: 929.4749ms
Step: 2119.2168ms
====================================
Loop: 265
  Solve: 886.7206ms
Step: 2003.2310ms
====================================
Loop: 266
  Solve: 897.5305ms
Step: 2084.4006ms
====================================
Loop: 267
  Solve: 889.9821ms
Step: 2011.5470ms
====================================
Loop: 268
  Solve: 925.2858ms
Step: 2048.8481ms
====================================
Loop: 269
  Solve: 893.6682ms
Step: 2014.0693ms
====================================
Loop: 270
  Solve: 885.6796ms
Step: 2011.2719ms
====================================
Loop: 271
  Solve: 884.1172ms
Step: 2007.4740ms
====================================
Loop: 272
  Solve: 882.4581ms
Step: 2007.8109ms
====================================
Loop: 273
  Solve: 878.9557ms
Step: 2006.0941ms
====================================
Loop: 274
  Solve: 879.1650ms
Step: 2006.5027ms
====================================
Loop: 275
  Solve: 880.4840ms
Step: 2002.5818ms
====================================
Loop: 276
  Solve: 878.7350ms
Step: 2007.7753ms
====================================
Loop: 277
  Solve: 882.6523ms
Step: 2018.2700ms
====================================
Loop: 278
  Solve: 879.5937ms
Step: 2011.2654ms
====================================
Loop: 279
  Solve: 909.3967ms
Step: 2050.0391ms
====================================
Loop: 280
  Solve: 878.8851ms
Step: 2013.1718ms
====================================
Loop: 281
  Solve: 882.5584ms
Step: 2014.8275ms
====================================
Loop: 282
  Solve: 877.5086ms
Step: 1995.4199ms
====================================
Loop: 283
  Solve: 876.9630ms
Step: 2003.1493ms
====================================
Loop: 284
  Solve: 867.8853ms
Step: 1995.9268ms
====================================
Loop: 285
  Solve: 870.2661ms
Step: 1997.9445ms
====================================
Loop: 286
  Solve: 870.6956ms
Step: 1999.1765ms
====================================
Loop: 287
  Solve: 877.2025ms
Step: 2005.7784ms
====================================
Loop: 288
  Solve: 876.1576ms
Step: 1999.3218ms
====================================
Loop: 289
  Solve: 872.1962ms
Step: 2004.3379ms
====================================
Loop: 290
  Solve: 874.8221ms
Step: 2010.2969ms
====================================
Loop: 291
  Solve: 878.8101ms
Step: 2014.8422ms
====================================
Loop: 292
  Solve: 882.0699ms
Step: 2019.2942ms
====================================
Loop: 293
  Solve: 876.3721ms
Step: 2015.5607ms
====================================
Loop: 294
  Solve: 884.0944ms
Step: 2024.8351ms
====================================
Loop: 295
  Solve: 886.5118ms
Step: 2018.1549ms
====================================
Loop: 296
  Solve: 885.7415ms
Step: 2017.7831ms
====================================
Loop: 297
  Solve: 886.2828ms
Step: 2011.4879ms
====================================
Loop: 298
  Solve: 890.2414ms
Step: 2012.5403ms
====================================
Loop: 299
  Solve: 889.3486ms
Step: 2016.9443ms
====================================
Loop: 300
  Solve: 898.0327ms
Step: 2031.5552ms
====================================
Loop: 301
  Solve: 893.3052ms
Step: 2015.1071ms
====================================
Loop: 302
  Solve: 894.5844ms
Step: 2026.0225ms
====================================
Loop: 303
  Solve: 897.0432ms
Step: 2029.7590ms
====================================
Loop: 304
  Solve: 889.5046ms
Step: 2025.2515ms
====================================
Loop: 305
  Solve: 883.5271ms
Step: 2018.3370ms
====================================
Loop: 306
  Solve: 890.4944ms
Step: 2018.0492ms
====================================
Loop: 307
  Solve: 884.8719ms
Step: 2006.6293ms
====================================
Loop: 308
  Solve: 885.7430ms
Step: 2016.6145ms
====================================
Loop: 309
  Solve: 879.4056ms
Step: 2010.4703ms
====================================
Loop: 310
  Solve: 871.1295ms
Step: 1989.3362ms
====================================
Loop: 311
  Solve: 877.2188ms
Step: 1994.9502ms
====================================
Loop: 312
  Solve: 866.2314ms
Step: 1977.9316ms
====================================
Loop: 313
  Solve: 867.2161ms
Step: 1985.8967ms
====================================
Loop: 314
  Solve: 856.6828ms
Step: 1986.5389ms
====================================
Loop: 315
  Solve: 860.3755ms
Step: 1981.1504ms
====================================
Loop: 316
  Solve: 852.4880ms
Step: 1972.7637ms
====================================
Loop: 317
  Solve: 852.8506ms
Step: 1967.2411ms
====================================
Loop: 318
  Solve: 842.9548ms
Step: 1964.3500ms
====================================
Loop: 319
  Solve: 842.8186ms
Step: 1955.9684ms
====================================
Loop: 320
  Solve: 843.5897ms
Step: 1954.4019ms
====================================
Loop: 321
  Solve: 846.5641ms
Step: 1955.7355ms
====================================
Loop: 322
  Solve: 839.0082ms
Step: 1947.3389ms
====================================
Loop: 323
  Solve: 841.4545ms
Step: 1942.5508ms
====================================
Loop: 324
  Solve: 840.8546ms
Step: 1939.6460ms
====================================
Loop: 325
  Solve: 834.3444ms
Step: 1936.3425ms
====================================
Loop: 326
  Solve: 833.4507ms
Step: 1937.9094ms
====================================
Loop: 327
  Solve: 825.2339ms
Step: 1922.4131ms
====================================
Loop: 328
  Solve: 821.8292ms
Step: 1925.2830ms
====================================
Loop: 329
  Solve: 817.2216ms
Step: 1917.0621ms
====================================
Loop: 330
  Solve: 809.1072ms
Step: 1908.5593ms
====================================
Loop: 331
  Solve: 806.5669ms
Step: 1890.6057ms
====================================
Loop: 332
  Solve: 856.1111ms
Step: 1945.3361ms
====================================
Loop: 333
  Solve: 791.1753ms
Step: 1898.5977ms
====================================
Loop: 334
  Solve: 795.5538ms
Step: 1870.2024ms
====================================
Loop: 335
  Solve: 781.5952ms
Step: 1851.2329ms
====================================
Loop: 336
  Solve: 772.1755ms
Step: 1833.4993ms
====================================
Loop: 337
  Solve: 772.9630ms
Step: 1835.6069ms
====================================
Loop: 338
  Solve: 771.0133ms
Step: 1826.0088ms
====================================
Loop: 339
  Solve: 761.3389ms
Step: 1799.5505ms
====================================
Loop: 340
  Solve: 759.0468ms
Step: 1806.7234ms
====================================
Loop: 341
  Solve: 755.9258ms
Step: 1810.4976ms
====================================
Loop: 342
  Solve: 746.3389ms
Step: 1781.7244ms
====================================
Loop: 343
  Solve: 737.0989ms
Step: 1769.6506ms
====================================
Loop: 344
  Solve: 803.5886ms
Step: 1834.3168ms
====================================
Loop: 345
  Solve: 729.9485ms
Step: 1750.1974ms
====================================
Loop: 346
  Solve: 722.8661ms
Step: 1746.6208ms
====================================
Loop: 347
  Solve: 727.5959ms
Step: 1746.8221ms
====================================
Loop: 348
  Solve: 718.0494ms
Step: 1729.9224ms
====================================
Loop: 349
  Solve: 716.3550ms
Step: 1725.0906ms
====================================
Loop: 350
  Solve: 717.9072ms
Step: 1719.0667ms
====================================
Loop: 351
  Solve: 712.2105ms
Step: 1710.6531ms
====================================
Loop: 352
  Solve: 713.6240ms
Step: 1709.9403ms
====================================
Loop: 353
  Solve: 704.0735ms
Step: 1694.9841ms
====================================
Loop: 354
  Solve: 695.2883ms
Step: 1732.8108ms
====================================
Loop: 355
  Solve: 728.5329ms
Step: 1746.3193ms
====================================
Loop: 356
  Solve: 693.7905ms
Step: 1676.5140ms
====================================
Loop: 357
  Solve: 687.1412ms
Step: 1664.9510ms
====================================
Loop: 358
  Solve: 685.4699ms
Step: 1648.9333ms
====================================
Loop: 359
  Solve: 680.2873ms
Step: 1727.8243ms
====================================
Loop: 360
  Solve: 676.1449ms
Step: 1659.4329ms
====================================
Loop: 361
  Solve: 679.1776ms
Step: 1629.3936ms
====================================
Loop: 362
  Solve: 674.6994ms
Step: 1690.1947ms
====================================
Loop: 363
  Solve: 673.3302ms
Step: 1614.0698ms
====================================
Loop: 364
  Solve: 666.6039ms
Step: 1608.8123ms
====================================
Loop: 365
  Solve: 661.9002ms
Step: 1598.6471ms
====================================
Loop: 366
  Solve: 662.3962ms
Step: 1594.8049ms
====================================
Loop: 367
  Solve: 658.8416ms
Step: 1626.1572ms
====================================
Loop: 368
  Solve: 655.8943ms
Step: 1583.0491ms
====================================
Loop: 369
  Solve: 654.8549ms
Step: 1573.6233ms
====================================
Loop: 370
  Solve: 652.1798ms
Step: 1575.9910ms
====================================
Loop: 371
  Solve: 653.0498ms
Step: 1572.5347ms
====================================
Loop: 372
  Solve: 639.5335ms
Step: 1544.6483ms
====================================
Loop: 373
  Solve: 645.9664ms
Step: 1547.6086ms
====================================
Loop: 374
  Solve: 640.4185ms
Step: 1543.7930ms
====================================
Loop: 375
  Solve: 640.6016ms
Step: 1540.1536ms
====================================
Loop: 376
  Solve: 627.0155ms
Step: 1523.4443ms
====================================
Loop: 377
  Solve: 631.3844ms
Step: 1536.8823ms
====================================
Loop: 378
  Solve: 627.7218ms
Step: 1518.8232ms
====================================
Loop: 379
  Solve: 629.7183ms
Step: 1513.6715ms
====================================
Loop: 380
  Solve: 622.7820ms
Step: 1510.6764ms
====================================
Loop: 381
  Solve: 624.0818ms
Step: 1506.6415ms
====================================
Loop: 382
  Solve: 616.2580ms
Step: 1493.3339ms
====================================
Loop: 383
  Solve: 616.6033ms
Step: 1491.4324ms
====================================
Loop: 384
  Solve: 822.1091ms
Step: 2023.1028ms
====================================
Loop: 385
  Solve: 612.1467ms
Step: 1589.3293ms
====================================
Loop: 386
  Solve: 612.7005ms
Step: 1469.0465ms
====================================
Loop: 387
  Solve: 612.2933ms
Step: 1466.6062ms
====================================
Loop: 388
  Solve: 608.3605ms
Step: 1466.1632ms
====================================
Loop: 389
  Solve: 599.8268ms
Step: 1455.0186ms
====================================
Loop: 390
  Solve: 605.7590ms
Step: 1461.6680ms
====================================
Loop: 391
  Solve: 599.6392ms
Step: 1442.6134ms
====================================
Loop: 392
  Solve: 602.6721ms
Step: 1441.0399ms
====================================
Loop: 393
  Solve: 597.0516ms
Step: 1432.8328ms
====================================
Loop: 394
  Solve: 600.3094ms
Step: 1437.9214ms
====================================
Loop: 395
  Solve: 598.9894ms
Step: 1441.5270ms
====================================
Loop: 396
  Solve: 596.3051ms
Step: 1418.7158ms
====================================
Loop: 397
  Solve: 585.1555ms
Step: 1417.7719ms
====================================
Loop: 398
  Solve: 598.2523ms
Step: 1422.0747ms
====================================
Loop: 399
  Solve: 592.1185ms
Step: 1417.6863ms
====================================
Loop: 400
  Solve: 590.5867ms
Step: 1410.4086ms
====================================
Loop: 401
  Solve: 588.6274ms
Step: 1404.6721ms
====================================
Loop: 402
  Solve: 583.9388ms
Step: 1400.2039ms
====================================
Loop: 403
  Solve: 585.8242ms
Step: 1391.4614ms
====================================
Loop: 404
  Solve: 575.9628ms
Step: 1386.9302ms
====================================
Loop: 405
  Solve: 590.4651ms
Step: 1398.3489ms
====================================
Loop: 406
  Solve: 579.5846ms
Step: 1383.4093ms
====================================
Loop: 407
  Solve: 573.8268ms
Step: 1377.4834ms
====================================
Loop: 408
  Solve: 577.6686ms
Step: 1372.3770ms
====================================
Loop: 409
  Solve: 572.3705ms
Step: 1366.6177ms
====================================
Loop: 410
  Solve: 575.3344ms
Step: 1369.3765ms
====================================
Loop: 411
  Solve: 580.7202ms
Step: 1364.3408ms
====================================
Loop: 412
  Solve: 568.9774ms
Step: 1360.3374ms
====================================
Loop: 413
  Solve: 570.4713ms
Step: 1355.7323ms
====================================
Loop: 414
  Solve: 567.3172ms
Step: 1339.7882ms
====================================
Loop: 415
  Solve: 581.5585ms
Step: 1359.7476ms
====================================
Loop: 416
  Solve: 571.1440ms
Step: 1346.5835ms
====================================
Loop: 417
  Solve: 569.2274ms
Step: 1331.8738ms
====================================
Loop: 418
  Solve: 561.7883ms
Step: 1337.9131ms
====================================
Loop: 419
  Solve: 563.8707ms
Step: 1330.8856ms
====================================
Loop: 420
  Solve: 561.5895ms
Step: 1318.2009ms
====================================
Loop: 421
  Solve: 559.0334ms
Step: 1339.1735ms
====================================
Loop: 422
  Solve: 561.9402ms
Step: 1331.4943ms
====================================
Loop: 423
  Solve: 561.7700ms
Step: 1320.7538ms
====================================
Loop: 424
  Solve: 558.7485ms
Step: 1320.2773ms
====================================
Loop: 425
  Solve: 560.2284ms
Step: 1313.1642ms
====================================
Loop: 426
  Solve: 557.7485ms
Step: 1303.5869ms
====================================
Loop: 427
  Solve: 554.5334ms
Step: 1308.3613ms
====================================
Loop: 428
  Solve: 555.1439ms
Step: 1293.9772ms
====================================
Loop: 429
  Solve: 555.3865ms
Step: 1295.5568ms
====================================
Loop: 430
  Solve: 554.9009ms
Step: 1296.5441ms
====================================
Loop: 431
  Solve: 554.3687ms
Step: 1290.0066ms
====================================
Loop: 432
  Solve: 549.7206ms
Step: 1282.7169ms
====================================
Loop: 433
  Solve: 546.7552ms
Step: 1272.4856ms
====================================
Loop: 434
  Solve: 554.2894ms
Step: 1292.5392ms
====================================
Loop: 435
  Solve: 546.1010ms
Step: 1272.3599ms
====================================
Loop: 436
  Solve: 545.1907ms
Step: 1269.5737ms
====================================
Loop: 437
  Solve: 548.7362ms
Step: 1261.9358ms
====================================
Loop: 438
  Solve: 543.1418ms
Step: 1266.7625ms
====================================
Loop: 439
  Solve: 542.4918ms
Step: 1255.3662ms
====================================
Loop: 440
  Solve: 540.2533ms
Step: 1251.5399ms
====================================
Loop: 441
  Solve: 540.2147ms
Step: 1251.6364ms
====================================
Loop: 442
  Solve: 538.9526ms
Step: 1254.5033ms
====================================
Loop: 443
  Solve: 539.4260ms
Step: 1252.9142ms
====================================
Loop: 444
  Solve: 537.7484ms
Step: 1245.9540ms
====================================
Loop: 445
  Solve: 549.1339ms
Step: 1256.9185ms
====================================
Loop: 446
  Solve: 534.9309ms
Step: 1240.5913ms
====================================
Loop: 447
  Solve: 539.0907ms
Step: 1237.9520ms
====================================
Loop: 448
  Solve: 539.5441ms
Step: 1245.9961ms
====================================
Loop: 449
  Solve: 538.6285ms
Step: 1238.0123ms
====================================
Loop: 450
  Solve: 540.0623ms
Step: 1246.2178ms
====================================
Loop: 451
  Solve: 537.7557ms
Step: 1233.9541ms
====================================
Loop: 452
  Solve: 534.3781ms
Step: 1241.8888ms
====================================
Loop: 453
  Solve: 538.6556ms
Step: 1232.6045ms
====================================
Loop: 454
  Solve: 540.6886ms
Step: 1242.2056ms
====================================
Loop: 455
  Solve: 533.4362ms
Step: 1220.6555ms
====================================
Loop: 456
  Solve: 534.6235ms
Step: 1225.5078ms
====================================
Loop: 457
  Solve: 539.2501ms
Step: 1219.7344ms
====================================
Loop: 458
  Solve: 539.3597ms
Step: 1225.7996ms
====================================
Loop: 459
  Solve: 530.1936ms
Step: 1219.0946ms
====================================
Loop: 460
  Solve: 534.5605ms
Step: 1210.6167ms
====================================
Loop: 461
  Solve: 533.3416ms
Step: 1219.9703ms
====================================
Loop: 462
  Solve: 532.0074ms
Step: 1203.1138ms
====================================
Loop: 463
  Solve: 537.3634ms
Step: 1219.7089ms
====================================
Loop: 464
  Solve: 530.7795ms
Step: 1205.1239ms
====================================
Loop: 465
  Solve: 537.5444ms
Step: 1212.4325ms
====================================
Loop: 466
  Solve: 529.6104ms
Step: 1207.0679ms
====================================
Loop: 467
  Solve: 530.0193ms
Step: 1201.1176ms
====================================
Loop: 468
  Solve: 531.8212ms
Step: 1218.2922ms
====================================
Loop: 469
  Solve: 532.9070ms
Step: 1200.1769ms
====================================
Loop: 470
  Solve: 533.5886ms
Step: 1201.0116ms
====================================
Loop: 471
  Solve: 533.0297ms
Step: 1197.9628ms
====================================
Loop: 472
  Solve: 533.3969ms
Step: 1199.9980ms
====================================
Loop: 473
  Solve: 530.4291ms
Step: 1206.6809ms
====================================
Loop: 474
  Solve: 532.9561ms
Step: 1193.2910ms
====================================
Loop: 475
  Solve: 534.6490ms
Step: 1196.4670ms
====================================
Loop: 476
  Solve: 531.4312ms
Step: 1254.5776ms
====================================
Loop: 477
  Solve: 527.3481ms
Step: 1181.8225ms
====================================
Loop: 478
  Solve: 527.8423ms
Step: 1192.4091ms
====================================
Loop: 479
  Solve: 531.2794ms
Step: 1179.9055ms
====================================
Loop: 480
  Solve: 552.6011ms
Step: 1194.2437ms
====================================
Loop: 481
  Solve: 529.9332ms
Step: 1183.6514ms
====================================
Loop: 482
  Solve: 529.8076ms
Step: 1176.3936ms
====================================
Loop: 483
  Solve: 530.3494ms
Step: 1184.6460ms
====================================
Loop: 484
  Solve: 526.7748ms
Step: 1179.1583ms
====================================
Loop: 485
  Solve: 527.4863ms
Step: 1168.9144ms
====================================
Loop: 486
  Solve: 574.2822ms
Step: 1223.1665ms
====================================
Loop: 487
  Solve: 526.1159ms
Step: 1170.6996ms
====================================
Loop: 488
  Solve: 526.9911ms
Step: 1167.8862ms
====================================
Loop: 489
  Solve: 527.4565ms
Step: 1179.3068ms
====================================
Loop: 490
  Solve: 529.9624ms
Step: 1168.3159ms
====================================
Loop: 491
  Solve: 527.6331ms
Step: 1162.7731ms
====================================
Loop: 492
  Solve: 526.5778ms
Step: 1168.0393ms
====================================
Loop: 493
  Solve: 526.5094ms
Step: 1165.7864ms
====================================
Loop: 494
  Solve: 525.9171ms
Step: 1162.5454ms
====================================
Loop: 495
  Solve: 527.9294ms
Step: 1171.8693ms
====================================
Loop: 496
  Solve: 529.1938ms
Step: 1164.1853ms
====================================
Loop: 497
  Solve: 528.3839ms
Step: 1157.6335ms
====================================
Loop: 498
  Solve: 528.2953ms
Step: 1163.4509ms
====================================
Loop: 499
  Solve: 528.7974ms
Step: 1165.2037ms
====================================
Loop: 500
  Solve: 525.4783ms
Step: 1156.9835ms
====================================
