Using platform vendor: Intel(R) Corporation
Loop: 0
  Solve: 0.0010ms
Step: 605.3143ms
====================================
Loop: 1
  Solve: 0.0011ms
Step: 288.3592ms
====================================
Loop: 2
  Solve: 0.0014ms
Step: 292.7906ms
====================================
Loop: 3
  Solve: 0.0008ms
Step: 293.8942ms
====================================
Loop: 4
  Solve: 0.0011ms
Step: 291.2238ms
====================================
Loop: 5
  Solve: 0.0011ms
Step: 291.0971ms
====================================
Loop: 6
  Solve: 0.0011ms
Step: 290.4620ms
====================================
Loop: 7
  Solve: 0.0011ms
Step: 296.8381ms
====================================
Loop: 8
  Solve: 0.0010ms
Step: 287.4013ms
====================================
Loop: 9
  Solve: 0.0010ms
Step: 293.0118ms
====================================
Loop: 10
  Solve: 0.0011ms
Step: 291.6328ms
====================================
Loop: 11
  Solve: 0.0008ms
Step: 294.0170ms
====================================
Loop: 12
  Solve: 0.0011ms
Step: 298.7525ms
====================================
Loop: 13
  Solve: 0.0012ms
Step: 296.1581ms
====================================
Loop: 14
  Solve: 0.0012ms
Step: 297.5831ms
====================================
Loop: 15
  Solve: 0.0008ms
Step: 289.4545ms
====================================
Loop: 16
  Solve: 0.0011ms
Step: 292.0362ms
====================================
Loop: 17
  Solve: 0.0008ms
Step: 293.4409ms
====================================
Loop: 18
  Solve: 0.0011ms
Step: 693.0222ms
====================================
Loop: 19
  Solve: 0.0011ms
Step: 291.5994ms
====================================
Loop: 20
  Solve: 0.0013ms
Step: 290.1190ms
====================================
Loop: 21
  Solve: 0.0012ms
Step: 294.1961ms
====================================
Loop: 22
  Solve: 0.0011ms
Step: 297.3853ms
====================================
Loop: 23
  Solve: 0.0014ms
Step: 293.0644ms
====================================
Loop: 24
  Solve: 0.0011ms
Step: 288.7404ms
====================================
Loop: 25
  Solve: 0.0011ms
Step: 291.7173ms
====================================
Loop: 26
  Solve: 0.0010ms
Step: 695.2841ms
====================================
Loop: 27
  Solve: 0.0013ms
Step: 293.2145ms
====================================
Loop: 28
  Solve: 0.0007ms
Step: 297.6141ms
====================================
Loop: 29
  Solve: 0.0011ms
Step: 287.5721ms
====================================
Loop: 30
  Solve: 0.0012ms
Step: 291.5660ms
====================================
Loop: 31
  Solve: 0.0029ms
Step: 293.5855ms
====================================
Loop: 32
  Solve: 0.0012ms
Step: 293.0038ms
====================================
Loop: 33
  Solve: 0.0010ms
Step: 693.9008ms
====================================
Loop: 34
  Solve: 0.0011ms
Step: 290.7468ms
====================================
Loop: 35
  Solve: 0.0011ms
Step: 287.7426ms
====================================
Loop: 36
  Solve: 0.0011ms
Step: 292.8389ms
====================================
Loop: 37
  Solve: 0.0011ms
Step: 294.9653ms
====================================
Loop: 38
  Solve: 0.0011ms
Step: 690.4424ms
====================================
Loop: 39
  Solve: 0.0017ms
Step: 294.5106ms
====================================
Loop: 40
  Solve: 0.0012ms
Step: 287.0693ms
====================================
Loop: 41
  Solve: 0.0012ms
Step: 291.2695ms
====================================
Loop: 42
  Solve: 0.0010ms
Step: 290.9984ms
====================================
Loop: 43
  Solve: 0.0012ms
Step: 691.2869ms
====================================
Loop: 44
  Solve: 0.0008ms
Step: 290.7785ms
====================================
Loop: 45
  Solve: 0.0014ms
Step: 293.4045ms
====================================
Loop: 46
  Solve: 0.0010ms
Step: 287.7038ms
====================================
Loop: 47
  Solve: 0.0010ms
Step: 735.2358ms
====================================
Loop: 48
  Solve: 0.0012ms
Step: 298.1697ms
====================================
Loop: 49
  Solve: 0.0011ms
Step: 297.2268ms
====================================
Loop: 50
  Solve: 0.0012ms
Step: 302.0535ms
====================================
Loop: 51
  Solve: 0.0010ms
Step: 695.9075ms
====================================
Loop: 52
  Solve: 0.0013ms
Step: 335.2202ms
====================================
Loop: 53
  Solve: 0.0012ms
Step: 296.2441ms
====================================
Loop: 54
  Solve: 11.4010ms
Step: 326.2841ms
====================================
Loop: 55
  Solve: 14.8028ms
Step: 729.9378ms
====================================
Loop: 56
  Solve: 16.0333ms
Step: 319.7398ms
====================================
Loop: 57
  Solve: 17.7229ms
Step: 329.8977ms
====================================
Loop: 58
  Solve: 20.3361ms
Step: 322.4112ms
====================================
Loop: 59
  Solve: 17.6499ms
Step: 700.2527ms
====================================
Loop: 60
  Solve: 23.7208ms
Step: 328.7918ms
====================================
Loop: 61
  Solve: 24.8329ms
Step: 362.5885ms
====================================
Loop: 62
  Solve: 27.6995ms
Step: 724.3018ms
====================================
Loop: 63
  Solve: 34.1871ms
Step: 366.1656ms
====================================
Loop: 64
  Solve: 28.4844ms
Step: 347.8807ms
====================================
Loop: 65
  Solve: 30.6988ms
Step: 715.7202ms
====================================
Loop: 66
  Solve: 35.6008ms
Step: 363.7096ms
====================================
Loop: 67
  Solve: 39.2984ms
Step: 365.2764ms
====================================
Loop: 68
  Solve: 41.8290ms
Step: 695.5898ms
====================================
Loop: 69
  Solve: 44.8043ms
Step: 371.8435ms
====================================
Loop: 70
  Solve: 48.8535ms
Step: 379.4300ms
====================================
Loop: 71
  Solve: 55.1122ms
Step: 696.8694ms
====================================
Loop: 72
  Solve: 54.2518ms
Step: 390.3257ms
====================================
Loop: 73
  Solve: 57.6799ms
Step: 393.4306ms
====================================
Loop: 74
  Solve: 66.6930ms
Step: 700.7787ms
====================================
Loop: 75
  Solve: 64.5126ms
Step: 408.2347ms
====================================
Loop: 76
  Solve: 71.9549ms
Step: 423.1669ms
====================================
Loop: 77
  Solve: 81.9415ms
Step: 741.7750ms
====================================
Loop: 78
  Solve: 97.0453ms
Step: 486.7270ms
====================================
Loop: 79
  Solve: 108.8656ms
Step: 482.8311ms
====================================
Loop: 80
  Solve: 100.6997ms
Step: 744.7786ms
====================================
Loop: 81
  Solve: 111.8834ms
Step: 537.7741ms
====================================
Loop: 82
  Solve: 118.5847ms
Step: 492.6828ms
====================================
Loop: 83
  Solve: 136.1048ms
Step: 774.7791ms
====================================
Loop: 84
  Solve: 143.5704ms
Step: 541.5610ms
====================================
Loop: 85
  Solve: 135.1075ms
Step: 523.1683ms
====================================
Loop: 86
  Solve: 143.8103ms
Step: 781.6768ms
====================================
Loop: 87
  Solve: 141.7979ms
Step: 546.1347ms
====================================
Loop: 88
  Solve: 148.5854ms
Step: 557.7589ms
====================================
Loop: 89
  Solve: 155.5291ms
Step: 793.2281ms
====================================
Loop: 90
  Solve: 159.8603ms
Step: 576.2764ms
====================================
Loop: 91
  Solve: 169.2133ms
Step: 592.7543ms
====================================
Loop: 92
  Solve: 196.0824ms
Step: 880.9335ms
====================================
Loop: 93
  Solve: 186.5910ms
Step: 622.4813ms
====================================
Loop: 94
  Solve: 191.6549ms
Step: 833.6089ms
====================================
Loop: 95
  Solve: 191.2850ms
Step: 644.9177ms
====================================
Loop: 96
  Solve: 220.2785ms
Step: 871.9106ms
====================================
Loop: 97
  Solve: 216.6489ms
Step: 687.8699ms
====================================
Loop: 98
  Solve: 209.5037ms
Step: 874.9659ms
====================================
Loop: 99
  Solve: 216.2773ms
Step: 714.7869ms
====================================
Loop: 100
  Solve: 225.1080ms
Step: 909.6053ms
====================================
Loop: 101
  Solve: 236.3507ms
Step: 768.0214ms
====================================
Loop: 102
  Solve: 246.9915ms
Step: 943.7173ms
====================================
Loop: 103
  Solve: 238.2495ms
Step: 791.1276ms
====================================
Loop: 104
  Solve: 244.6853ms
Step: 963.9564ms
====================================
Loop: 105
  Solve: 256.3895ms
Step: 832.7829ms
====================================
Loop: 106
  Solve: 250.5346ms
Step: 1012.3433ms
====================================
Loop: 107
  Solve: 268.5067ms
Step: 885.2927ms
====================================
Loop: 108
  Solve: 256.3005ms
Step: 1020.8793ms
====================================
Loop: 109
  Solve: 260.2032ms
Step: 897.9488ms
====================================
Loop: 110
  Solve: 270.5493ms
Step: 1048.2777ms
====================================
Loop: 111
  Solve: 270.8139ms
Step: 945.6612ms
====================================
Loop: 112
  Solve: 284.3499ms
Step: 1136.1287ms
====================================
Loop: 113
  Solve: 288.9085ms
Step: 1002.7600ms
====================================
Loop: 114
  Solve: 292.5361ms
Step: 1125.6049ms
====================================
Loop: 115
  Solve: 298.8532ms
Step: 1050.2711ms
====================================
Loop: 116
  Solve: 308.4811ms
Step: 1169.0619ms
====================================
Loop: 117
  Solve: 317.7603ms
Step: 1115.9209ms
====================================
Loop: 118
  Solve: 314.7925ms
Step: 1205.9628ms
====================================
Loop: 119
  Solve: 318.5092ms
Step: 1189.1934ms
====================================
Loop: 120
  Solve: 313.5309ms
Step: 1262.8531ms
====================================
Loop: 121
  Solve: 324.4680ms
Step: 1215.7543ms
====================================
Loop: 122
  Solve: 329.6929ms
Step: 1330.4404ms
====================================
Loop: 123
  Solve: 332.1624ms
Step: 1276.6665ms
====================================
Loop: 124
  Solve: 342.8071ms
Step: 1371.5134ms
====================================
Loop: 125
  Solve: 344.9345ms
Step: 1347.0405ms
====================================
Loop: 126
  Solve: 337.9822ms
Step: 1409.1970ms
====================================
Loop: 127
  Solve: 341.9278ms
Step: 1380.4862ms
====================================
Loop: 128
  Solve: 341.9803ms
Step: 1431.3851ms
====================================
Loop: 129
  Solve: 349.5020ms
Step: 1438.3286ms
====================================
Loop: 130
  Solve: 341.8911ms
Step: 1474.9882ms
====================================
Loop: 131
  Solve: 350.9567ms
Step: 1494.8350ms
====================================
Loop: 132
  Solve: 348.7290ms
Step: 1499.7917ms
====================================
Loop: 133
  Solve: 354.2383ms
Step: 1524.2046ms
====================================
Loop: 134
  Solve: 353.8924ms
Step: 1520.8757ms
====================================
Loop: 135
  Solve: 354.8061ms
Step: 1535.6372ms
====================================
Loop: 136
  Solve: 357.2198ms
Step: 1546.1702ms
====================================
Loop: 137
  Solve: 339.6682ms
Step: 1529.1116ms
====================================
Loop: 138
  Solve: 332.6859ms
Step: 1519.7957ms
====================================
Loop: 139
  Solve: 326.9843ms
Step: 1524.3621ms
====================================
Loop: 140
  Solve: 457.9110ms
Step: 1890.3754ms
====================================
Loop: 141
  Solve: 367.4990ms
Step: 1749.6106ms
====================================
Loop: 142
  Solve: 316.5653ms
Step: 1514.2273ms
====================================
Loop: 143
  Solve: 302.0973ms
Step: 1506.3444ms
====================================
Loop: 144
  Solve: 303.7029ms
Step: 1509.5154ms
====================================
Loop: 145
  Solve: 292.8311ms
Step: 1498.9987ms
====================================
Loop: 146
  Solve: 300.3521ms
Step: 1512.7065ms
====================================
Loop: 147
  Solve: 285.2099ms
Step: 1494.8746ms
====================================
Loop: 148
  Solve: 287.9611ms
Step: 1501.2705ms
====================================
Loop: 149
  Solve: 279.1724ms
Step: 1486.7194ms
====================================
Loop: 150
  Solve: 324.3355ms
Step: 1569.9639ms
====================================
Loop: 151
  Solve: 271.1918ms
Step: 1492.7189ms
====================================
Loop: 152
  Solve: 271.4959ms
Step: 1481.2015ms
====================================
Loop: 153
  Solve: 265.3908ms
Step: 1482.0594ms
====================================
Loop: 154
  Solve: 266.1184ms
Step: 1542.6702ms
====================================
Loop: 155
  Solve: 259.2511ms
Step: 1475.7590ms
====================================
Loop: 156
  Solve: 260.4479ms
Step: 1473.0012ms
====================================
Loop: 157
  Solve: 252.1897ms
Step: 1543.2771ms
====================================
Loop: 158
  Solve: 253.0492ms
Step: 1463.0582ms
====================================
Loop: 159
  Solve: 242.9783ms
Step: 1462.3453ms
====================================
Loop: 160
  Solve: 260.1351ms
Step: 1484.9626ms
====================================
Loop: 161
  Solve: 238.2945ms
Step: 1443.4261ms
====================================
Loop: 162
  Solve: 241.7695ms
Step: 1450.2380ms
====================================
Loop: 163
  Solve: 227.6797ms
Step: 1456.7502ms
====================================
Loop: 164
  Solve: 228.6237ms
Step: 1438.7546ms
====================================
Loop: 165
  Solve: 224.0068ms
Step: 1423.7885ms
====================================
Loop: 166
  Solve: 215.3979ms
Step: 1449.0862ms
====================================
Loop: 167
  Solve: 224.9268ms
Step: 1456.5076ms
====================================
Loop: 168
  Solve: 208.3911ms
Step: 1404.1000ms
====================================
Loop: 169
  Solve: 219.1874ms
Step: 1413.7401ms
====================================
Loop: 170
  Solve: 208.0945ms
Step: 1400.1102ms
====================================
Loop: 171
  Solve: 195.6549ms
Step: 1393.4836ms
====================================
Loop: 172
  Solve: 197.0287ms
Step: 1386.2955ms
====================================
Loop: 173
  Solve: 192.0246ms
Step: 1373.8213ms
====================================
Loop: 174
  Solve: 190.8954ms
Step: 1374.1919ms
====================================
Loop: 175
  Solve: 182.9729ms
Step: 1380.1489ms
====================================
Loop: 176
  Solve: 183.9181ms
Step: 1389.0243ms
====================================
Loop: 177
  Solve: 200.8028ms
Step: 1383.3184ms
====================================
Loop: 178
  Solve: 182.3462ms
Step: 1382.1294ms
====================================
Loop: 179
  Solve: 177.4992ms
Step: 1365.8848ms
====================================
Loop: 180
  Solve: 181.0490ms
Step: 1358.3546ms
====================================
Loop: 181
  Solve: 183.5053ms
Step: 1372.4089ms
====================================
Loop: 182
  Solve: 180.9307ms
Step: 1357.2544ms
====================================
Loop: 183
  Solve: 177.5625ms
Step: 1351.1903ms
====================================
Loop: 184
  Solve: 176.2118ms
Step: 1341.1909ms
====================================
Loop: 185
  Solve: 181.4990ms
Step: 1353.7139ms
====================================
Loop: 186
  Solve: 176.0241ms
Step: 1347.5081ms
====================================
Loop: 187
  Solve: 176.7722ms
Step: 1341.7614ms
====================================
Loop: 188
  Solve: 174.8773ms
Step: 1333.6329ms
====================================
Loop: 189
  Solve: 172.7441ms
Step: 1380.3717ms
====================================
Loop: 190
  Solve: 177.8652ms
Step: 1356.5403ms
====================================
Loop: 191
  Solve: 191.0402ms
Step: 1356.3546ms
====================================
Loop: 192
  Solve: 171.7903ms
Step: 1328.2898ms
====================================
Loop: 193
  Solve: 172.0957ms
Step: 1328.3926ms
====================================
Loop: 194
  Solve: 187.2293ms
Step: 1330.3508ms
====================================
Loop: 195
  Solve: 170.7933ms
Step: 1318.5688ms
====================================
Loop: 196
  Solve: 174.4374ms
Step: 1327.7496ms
====================================
Loop: 197
  Solve: 187.0267ms
Step: 1326.1980ms
====================================
Loop: 198
  Solve: 175.2613ms
Step: 1322.6826ms
====================================
Loop: 199
  Solve: 180.7109ms
Step: 1322.1548ms
====================================
Loop: 200
  Solve: 184.3313ms
Step: 1323.9971ms
====================================
Loop: 201
  Solve: 177.8447ms
Step: 1324.1418ms
====================================
Loop: 202
  Solve: 177.6005ms
Step: 1331.1858ms
====================================
Loop: 203
  Solve: 188.0101ms
Step: 1339.6279ms
====================================
Loop: 204
  Solve: 179.5458ms
Step: 1331.8953ms
====================================
Loop: 205
  Solve: 180.8782ms
Step: 1400.6001ms
====================================
Loop: 206
  Solve: 196.1460ms
Step: 1397.6520ms
====================================
Loop: 207
  Solve: 182.2986ms
Step: 1325.4717ms
====================================
Loop: 208
  Solve: 176.1379ms
Step: 1329.1334ms
====================================
Loop: 209
  Solve: 183.9450ms
Step: 1355.0586ms
====================================
Loop: 210
  Solve: 180.3498ms
Step: 1323.5227ms
====================================
Loop: 211
  Solve: 176.7824ms
Step: 1328.2852ms
====================================
Loop: 212
  Solve: 184.2190ms
Step: 1324.7314ms
====================================
Loop: 213
  Solve: 174.9743ms
Step: 1323.2092ms
====================================
Loop: 214
  Solve: 178.9746ms
Step: 1344.6450ms
====================================
Loop: 215
  Solve: 188.4085ms
Step: 1338.3507ms
====================================
Loop: 216
  Solve: 176.7499ms
Step: 1342.9078ms
====================================
Loop: 217
  Solve: 181.9963ms
Step: 1363.3168ms
====================================
Loop: 218
  Solve: 188.0764ms
Step: 1349.8596ms
====================================
Loop: 219
  Solve: 186.6258ms
Step: 1358.7998ms
====================================
Loop: 220
  Solve: 191.0131ms
Step: 1411.4817ms
====================================
Loop: 221
  Solve: 185.3912ms
Step: 1368.3151ms
====================================
Loop: 222
  Solve: 188.2863ms
Step: 1370.1017ms
====================================
Loop: 223
  Solve: 202.3914ms
Step: 1367.1030ms
====================================
Loop: 224
  Solve: 187.8402ms
Step: 1366.2975ms
====================================
Loop: 225
  Solve: 191.5680ms
Step: 1362.7471ms
====================================
Loop: 226
  Solve: 205.0279ms
Step: 1368.8508ms
====================================
Loop: 227
  Solve: 192.6675ms
Step: 1361.8000ms
====================================
Loop: 228
  Solve: 190.7618ms
Step: 1363.4755ms
====================================
Loop: 229
  Solve: 192.7406ms
Step: 1368.4094ms
====================================
Loop: 230
  Solve: 210.5714ms
Step: 1392.7878ms
====================================
Loop: 231
  Solve: 213.7372ms
Step: 1380.4888ms
====================================
Loop: 232
  Solve: 192.4206ms
Step: 1377.8722ms
====================================
Loop: 233
  Solve: 195.6939ms
Step: 1384.6962ms
====================================
Loop: 234
  Solve: 206.2910ms
Step: 1376.6102ms
====================================
Loop: 235
  Solve: 199.4772ms
Step: 1376.1829ms
====================================
Loop: 236
  Solve: 198.4537ms
Step: 1402.2627ms
====================================
Loop: 237
  Solve: 204.6032ms
Step: 1404.7311ms
====================================
Loop: 238
  Solve: 208.3002ms
Step: 1458.9382ms
====================================
Loop: 239
  Solve: 203.0083ms
Step: 1371.4342ms
====================================
Loop: 240
  Solve: 202.8839ms
Step: 1383.4136ms
====================================
Loop: 241
  Solve: 197.7795ms
Step: 1369.1776ms
====================================
Loop: 242
  Solve: 196.3558ms
Step: 1375.9395ms
====================================
Loop: 243
  Solve: 203.5742ms
Step: 1389.7400ms
====================================
Loop: 244
  Solve: 203.6907ms
Step: 1380.1006ms
====================================
Loop: 245
  Solve: 194.7754ms
Step: 1384.9977ms
====================================
Loop: 246
  Solve: 192.2395ms
Step: 1395.0269ms
====================================
Loop: 247
  Solve: 197.0249ms
Step: 1364.8301ms
====================================
Loop: 248
  Solve: 196.9058ms
Step: 1373.8058ms
====================================
Loop: 249
  Solve: 198.2627ms
Step: 1367.6294ms
====================================
Loop: 250
  Solve: 192.0765ms
Step: 1368.4353ms
====================================
Loop: 251
  Solve: 199.8396ms
Step: 1371.9631ms
====================================
Loop: 252
  Solve: 204.5380ms
Step: 1377.0579ms
====================================
Loop: 253
  Solve: 194.0312ms
Step: 1366.3306ms
====================================
Loop: 254
  Solve: 194.8261ms
Step: 1394.1675ms
====================================
Loop: 255
  Solve: 201.9726ms
Step: 1373.2031ms
====================================
Loop: 256
  Solve: 198.5452ms
Step: 1371.9937ms
====================================
Loop: 257
  Solve: 220.7221ms
Step: 1406.0703ms
====================================
Loop: 258
  Solve: 193.9017ms
Step: 1379.6086ms
====================================
Loop: 259
  Solve: 201.6908ms
Step: 1386.7667ms
====================================
Loop: 260
  Solve: 202.2461ms
Step: 1378.2189ms
====================================
Loop: 261
  Solve: 195.7291ms
Step: 1370.7584ms
====================================
Loop: 262
  Solve: 202.2892ms
Step: 1426.5721ms
====================================
Loop: 263
  Solve: 199.6367ms
Step: 1371.5912ms
====================================
Loop: 264
  Solve: 210.7004ms
Step: 1393.8027ms
====================================
Loop: 265
  Solve: 211.9438ms
Step: 1378.4712ms
====================================
Loop: 266
  Solve: 196.6894ms
Step: 1382.9951ms
====================================
Loop: 267
  Solve: 200.0489ms
Step: 1387.7856ms
====================================
Loop: 268
  Solve: 208.8497ms
Step: 1382.3090ms
====================================
Loop: 269
  Solve: 203.7805ms
Step: 1381.6793ms
====================================
Loop: 270
  Solve: 207.9192ms
Step: 1441.3787ms
====================================
Loop: 271
  Solve: 199.8824ms
Step: 1392.8674ms
====================================
Loop: 272
  Solve: 200.6410ms
Step: 1388.0157ms
====================================
Loop: 273
  Solve: 208.7014ms
Step: 1391.0326ms
====================================
Loop: 274
  Solve: 209.1190ms
Step: 1398.4534ms
====================================
Loop: 275
  Solve: 205.4328ms
Step: 1386.0259ms
====================================
Loop: 276
  Solve: 202.7139ms
Step: 1392.3894ms
====================================
Loop: 277
  Solve: 203.0868ms
Step: 1388.5571ms
====================================
Loop: 278
  Solve: 207.2774ms
Step: 1399.5541ms
====================================
Loop: 279
  Solve: 202.6020ms
Step: 1390.9794ms
====================================
Loop: 280
  Solve: 212.0402ms
Step: 1413.0580ms
====================================
Loop: 281
  Solve: 202.3522ms
Step: 1402.8854ms
====================================
Loop: 282
  Solve: 208.8835ms
Step: 1405.5829ms
====================================
Loop: 283
  Solve: 203.4814ms
Step: 1406.0154ms
====================================
Loop: 284
  Solve: 205.3376ms
Step: 1411.3306ms
====================================
Loop: 285
  Solve: 202.6731ms
Step: 1408.7772ms
====================================
Loop: 286
  Solve: 202.4307ms
Step: 1412.0513ms
====================================
Loop: 287
  Solve: 201.8113ms
Step: 1415.1644ms
====================================
Loop: 288
  Solve: 210.1161ms
Step: 1406.9675ms
====================================
Loop: 289
  Solve: 211.7254ms
Step: 1420.0278ms
====================================
Loop: 290
  Solve: 206.5568ms
Step: 1421.8330ms
====================================
Loop: 291
  Solve: 200.9653ms
Step: 1411.9164ms
====================================
Loop: 292
  Solve: 202.4081ms
Step: 1403.0027ms
====================================
Loop: 293
  Solve: 206.7943ms
Step: 1401.4546ms
====================================
Loop: 294
  Solve: 205.4767ms
Step: 1411.7612ms
====================================
Loop: 295
  Solve: 205.7234ms
Step: 1400.3474ms
====================================
Loop: 296
  Solve: 199.6822ms
Step: 1401.4280ms
====================================
Loop: 297
  Solve: 209.4329ms
Step: 1421.7526ms
====================================
Loop: 298
  Solve: 203.1779ms
Step: 1384.8059ms
====================================
Loop: 299
  Solve: 202.2818ms
Step: 1396.8582ms
====================================
Loop: 300
  Solve: 199.4076ms
Step: 1382.0997ms
====================================
Loop: 301
  Solve: 194.7688ms
Step: 1396.9674ms
====================================
Loop: 302
  Solve: 198.5673ms
Step: 1379.3491ms
====================================
Loop: 303
  Solve: 201.2606ms
Step: 1378.7493ms
====================================
Loop: 304
  Solve: 194.9552ms
Step: 1376.0670ms
====================================
Loop: 305
  Solve: 196.3064ms
Step: 1376.9092ms
====================================
Loop: 306
  Solve: 194.6286ms
Step: 1358.9358ms
====================================
Loop: 307
  Solve: 198.2040ms
Step: 1369.6113ms
====================================
Loop: 308
  Solve: 194.5500ms
Step: 1366.4138ms
====================================
Loop: 309
  Solve: 191.9207ms
Step: 1385.8518ms
====================================
Loop: 310
  Solve: 194.1563ms
Step: 1373.4714ms
====================================
Loop: 311
  Solve: 207.0447ms
Step: 1413.7512ms
====================================
Loop: 312
  Solve: 189.6086ms
Step: 1349.2245ms
====================================
Loop: 313
  Solve: 196.0829ms
Step: 1349.2013ms
====================================
Loop: 314
  Solve: 194.7241ms
Step: 1371.9414ms
====================================
Loop: 315
  Solve: 193.5747ms
Step: 1351.9291ms
====================================
Loop: 316
  Solve: 188.3223ms
Step: 1346.0803ms
====================================
Loop: 317
  Solve: 190.0709ms
Step: 1331.7500ms
====================================
Loop: 318
  Solve: 192.9056ms
Step: 1348.1665ms
====================================
Loop: 319
  Solve: 193.5054ms
Step: 1345.6646ms
====================================
Loop: 320
  Solve: 186.7366ms
Step: 1325.1506ms
====================================
Loop: 321
  Solve: 187.9584ms
Step: 1380.6104ms
====================================
Loop: 322
  Solve: 187.4391ms
Step: 1324.0233ms
====================================
Loop: 323
  Solve: 181.5044ms
Step: 1314.7927ms
====================================
Loop: 324
  Solve: 184.5792ms
Step: 1313.8146ms
====================================
Loop: 325
  Solve: 186.0061ms
Step: 1312.7012ms
====================================
Loop: 326
  Solve: 183.8438ms
Step: 1293.5131ms
====================================
Loop: 327
  Solve: 175.0440ms
Step: 1294.4271ms
====================================
Loop: 328
  Solve: 188.9150ms
Step: 1297.6891ms
====================================
Loop: 329
  Solve: 182.3149ms
Step: 1296.0817ms
====================================
Loop: 330
  Solve: 172.4189ms
Step: 1290.1018ms
====================================
Loop: 331
  Solve: 179.9553ms
Step: 1294.7605ms
====================================
Loop: 332
  Solve: 179.8776ms
Step: 1296.7147ms
====================================
Loop: 333
  Solve: 174.7895ms
Step: 1269.5392ms
====================================
Loop: 334
  Solve: 172.2487ms
Step: 1280.0334ms
====================================
Loop: 335
  Solve: 183.2997ms
Step: 1279.4956ms
====================================
Loop: 336
  Solve: 171.2166ms
Step: 1271.3706ms
====================================
Loop: 337
  Solve: 170.3429ms
Step: 1277.5898ms
====================================
Loop: 338
  Solve: 176.6127ms
Step: 1268.1064ms
====================================
Loop: 339
  Solve: 169.5926ms
Step: 1249.4633ms
====================================
Loop: 340
  Solve: 175.0003ms
Step: 1249.0668ms
====================================
Loop: 341
  Solve: 164.2604ms
Step: 1246.5839ms
====================================
Loop: 342
  Solve: 171.8343ms
Step: 1258.4083ms
====================================
Loop: 343
  Solve: 171.8124ms
Step: 1254.6307ms
====================================
Loop: 344
  Solve: 170.2163ms
Step: 1235.6193ms
====================================
Loop: 345
  Solve: 161.5828ms
Step: 1217.0203ms
====================================
Loop: 346
  Solve: 157.6398ms
Step: 1220.7269ms
====================================
Loop: 347
  Solve: 174.5680ms
Step: 1216.6350ms
====================================
Loop: 348
  Solve: 155.4079ms
Step: 1222.3024ms
====================================
Loop: 349
  Solve: 165.5284ms
Step: 1197.1659ms
====================================
Loop: 350
  Solve: 153.4814ms
Step: 1193.6483ms
====================================
Loop: 351
  Solve: 153.6768ms
Step: 1190.8723ms
====================================
Loop: 352
  Solve: 167.8294ms
Step: 1188.2048ms
====================================
Loop: 353
  Solve: 152.7068ms
Step: 1193.5880ms
====================================
Loop: 354
  Solve: 159.3992ms
Step: 1172.9443ms
====================================
Loop: 355
  Solve: 153.2087ms
Step: 1164.8630ms
====================================
Loop: 356
  Solve: 151.9911ms
Step: 1178.3362ms
====================================
Loop: 357
  Solve: 155.9786ms
Step: 1175.4905ms
====================================
Loop: 358
  Solve: 155.5714ms
Step: 1153.9109ms
====================================
Loop: 359
  Solve: 149.2777ms
Step: 1162.4286ms
====================================
Loop: 360
  Solve: 166.1192ms
Step: 1169.0292ms
====================================
Loop: 361
  Solve: 151.8850ms
Step: 1142.2417ms
====================================
Loop: 362
  Solve: 147.9341ms
Step: 1132.4457ms
====================================
Loop: 363
  Solve: 148.3438ms
Step: 1140.0735ms
====================================
Loop: 364
  Solve: 148.7558ms
Step: 1128.9614ms
====================================
Loop: 365
  Solve: 158.3982ms
Step: 1136.0359ms
====================================
Loop: 366
  Solve: 145.8796ms
Step: 1121.9148ms
====================================
Loop: 367
  Solve: 144.8879ms
Step: 1116.8762ms
====================================
Loop: 368
  Solve: 145.5848ms
Step: 1107.6896ms
====================================
Loop: 369
  Solve: 146.9419ms
Step: 1101.9922ms
====================================
Loop: 370
  Solve: 142.3231ms
Step: 1099.9045ms
====================================
Loop: 371
  Solve: 141.1801ms
Step: 1096.2742ms
====================================
Loop: 372
  Solve: 140.0645ms
Step: 1103.9926ms
====================================
Loop: 373
  Solve: 149.3070ms
Step: 1093.5417ms
====================================
Loop: 374
  Solve: 158.7802ms
Step: 1095.1885ms
====================================
Loop: 375
  Solve: 147.7722ms
Step: 1080.5166ms
====================================
Loop: 376
  Solve: 138.7841ms
Step: 1084.8221ms
====================================
Loop: 377
  Solve: 147.8631ms
Step: 1119.3381ms
====================================
Loop: 378
  Solve: 137.1321ms
Step: 1068.2744ms
====================================
Loop: 379
  Solve: 138.9821ms
Step: 1062.7452ms
====================================
Loop: 380
  Solve: 149.6918ms
Step: 1086.2510ms
====================================
Loop: 381
  Solve: 137.7565ms
Step: 1052.2788ms
====================================
Loop: 382
  Solve: 134.9606ms
Step: 1041.6270ms
====================================
Loop: 383
  Solve: 132.5305ms
Step: 1049.8457ms
====================================
Loop: 384
  Solve: 146.6798ms
Step: 1074.4093ms
====================================
Loop: 385
  Solve: 132.7184ms
Step: 1044.6033ms
====================================
Loop: 386
  Solve: 131.7838ms
Step: 1050.3279ms
====================================
Loop: 387
  Solve: 131.5396ms
Step: 1031.3481ms
====================================
Loop: 388
  Solve: 132.4193ms
Step: 1033.0992ms
====================================
Loop: 389
  Solve: 139.4684ms
Step: 1032.2397ms
====================================
Loop: 390
  Solve: 135.8700ms
Step: 1023.4587ms
====================================
Loop: 391
  Solve: 146.2365ms
Step: 1042.7081ms
====================================
Loop: 392
  Solve: 142.9803ms
Step: 1016.1806ms
====================================
Loop: 393
  Solve: 145.8708ms
Step: 1012.6013ms
====================================
Loop: 394
  Solve: 147.8811ms
Step: 1018.2747ms
====================================
Loop: 395
  Solve: 146.3894ms
Step: 1010.2103ms
====================================
Loop: 396
  Solve: 137.7093ms
Step: 1002.1195ms
====================================
Loop: 397
  Solve: 140.4911ms
Step: 999.0834ms
====================================
Loop: 398
  Solve: 135.8660ms
Step: 994.5946ms
====================================
Loop: 399
  Solve: 138.8646ms
Step: 985.3074ms
====================================
Loop: 400
  Solve: 139.8784ms
Step: 989.4398ms
====================================
Loop: 401
  Solve: 142.0975ms
Step: 991.8941ms
====================================
Loop: 402
  Solve: 132.6512ms
Step: 978.0224ms
====================================
Loop: 403
  Solve: 135.8178ms
Step: 981.7518ms
====================================
Loop: 404
  Solve: 141.6558ms
Step: 987.8620ms
====================================
Loop: 405
  Solve: 137.7716ms
Step: 980.0677ms
====================================
Loop: 406
  Solve: 126.4468ms
Step: 1002.8364ms
====================================
Loop: 407
  Solve: 125.0925ms
Step: 967.1979ms
====================================
Loop: 408
  Solve: 123.3563ms
Step: 969.1642ms
====================================
Loop: 409
  Solve: 127.1735ms
Step: 994.5378ms
====================================
Loop: 410
  Solve: 122.1268ms
Step: 957.4225ms
====================================
Loop: 411
  Solve: 122.5443ms
Step: 955.5228ms
====================================
Loop: 412
  Solve: 121.8441ms
Step: 950.2071ms
====================================
Loop: 413
  Solve: 121.7999ms
Step: 943.3154ms
====================================
Loop: 414
  Solve: 122.8902ms
Step: 937.2911ms
====================================
Loop: 415
  Solve: 125.2053ms
Step: 1003.1629ms
====================================
Loop: 416
  Solve: 130.2701ms
Step: 948.7108ms
====================================
Loop: 417
  Solve: 122.0433ms
Step: 932.8032ms
====================================
Loop: 418
  Solve: 133.4622ms
Step: 950.6387ms
====================================
Loop: 419
  Solve: 119.6089ms
Step: 930.2502ms
====================================
Loop: 420
  Solve: 119.3367ms
Step: 924.4142ms
====================================
Loop: 421
  Solve: 118.8960ms
Step: 920.1292ms
====================================
Loop: 422
  Solve: 121.1449ms
Step: 923.7267ms
====================================
Loop: 423
  Solve: 129.5273ms
Step: 928.1694ms
====================================
Loop: 424
  Solve: 125.2852ms
Step: 920.3690ms
====================================
Loop: 425
  Solve: 126.0903ms
Step: 928.9904ms
====================================
Loop: 426
  Solve: 121.1718ms
Step: 917.8511ms
====================================
Loop: 427
  Solve: 117.5501ms
Step: 914.9453ms
====================================
Loop: 428
  Solve: 122.2324ms
Step: 907.7931ms
====================================
Loop: 429
  Solve: 130.6362ms
Step: 910.1833ms
====================================
Loop: 430
  Solve: 121.4690ms
Step: 900.2453ms
====================================
Loop: 431
  Solve: 120.9276ms
Step: 962.6331ms
====================================
Loop: 432
  Solve: 117.7727ms
Step: 895.9258ms
====================================
Loop: 433
  Solve: 118.3480ms
Step: 886.8726ms
====================================
Loop: 434
  Solve: 121.3395ms
Step: 893.8125ms
====================================
Loop: 435
  Solve: 122.8218ms
Step: 892.2537ms
====================================
Loop: 436
  Solve: 115.7710ms
Step: 889.0225ms
====================================
Loop: 437
  Solve: 117.0483ms
Step: 879.4293ms
====================================
Loop: 438
  Solve: 118.2754ms
Step: 878.1367ms
====================================
Loop: 439
  Solve: 134.5654ms
Step: 895.2772ms
====================================
Loop: 440
  Solve: 114.8062ms
Step: 877.4188ms
====================================
Loop: 441
  Solve: 114.8338ms
Step: 865.9576ms
====================================
Loop: 442
  Solve: 124.1542ms
Step: 899.6241ms
====================================
Loop: 443
  Solve: 125.9769ms
Step: 877.6036ms
====================================
Loop: 444
  Solve: 121.6207ms
Step: 875.4457ms
====================================
Loop: 445
  Solve: 113.8290ms
Step: 863.9122ms
====================================
Loop: 446
  Solve: 117.0793ms
Step: 869.7674ms
====================================
Loop: 447
  Solve: 116.7506ms
Step: 873.2899ms
====================================
Loop: 448
  Solve: 119.8933ms
Step: 911.5261ms
====================================
Loop: 449
  Solve: 114.4628ms
Step: 869.5690ms
====================================
Loop: 450
  Solve: 115.8368ms
Step: 871.0035ms
====================================
Loop: 451
  Solve: 132.7156ms
Step: 888.3483ms
====================================
Loop: 452
  Solve: 123.3377ms
Step: 875.8099ms
====================================
Loop: 453
  Solve: 115.5848ms
Step: 863.3401ms
====================================
Loop: 454
  Solve: 124.2109ms
Step: 873.8889ms
====================================
Loop: 455
  Solve: 131.6310ms
Step: 882.8790ms
====================================
Loop: 456
  Solve: 124.7634ms
Step: 925.0083ms
====================================
Loop: 457
  Solve: 115.1350ms
Step: 857.1021ms
====================================
Loop: 458
  Solve: 116.2352ms
Step: 861.0446ms
====================================
Loop: 459
  Solve: 123.2514ms
Step: 856.4384ms
====================================
Loop: 460
  Solve: 124.6637ms
Step: 865.3059ms
====================================
Loop: 461
  Solve: 115.1362ms
Step: 846.2667ms
====================================
Loop: 462
  Solve: 121.9830ms
Step: 843.3046ms
====================================
Loop: 463
  Solve: 114.9361ms
Step: 851.1628ms
====================================
Loop: 464
  Solve: 115.9489ms
Step: 838.7677ms
====================================
Loop: 465
  Solve: 121.0550ms
Step: 840.5767ms
====================================
Loop: 466
  Solve: 124.1580ms
Step: 844.8163ms
====================================
Loop: 467
  Solve: 116.2804ms
Step: 840.5468ms
====================================
Loop: 468
  Solve: 118.4077ms
Step: 826.9354ms
====================================
Loop: 469
  Solve: 121.8903ms
Step: 846.4068ms
====================================
Loop: 470
  Solve: 115.1110ms
Step: 830.1838ms
====================================
Loop: 471
  Solve: 118.2316ms
Step: 830.9917ms
====================================
Loop: 472
  Solve: 129.0004ms
Step: 843.5086ms
====================================
Loop: 473
  Solve: 115.3566ms
Step: 876.8158ms
====================================
Loop: 474
  Solve: 121.0401ms
Step: 834.1924ms
====================================
Loop: 475
  Solve: 117.1665ms
Step: 824.5004ms
====================================
Loop: 476
  Solve: 114.1747ms
Step: 824.2189ms
====================================
Loop: 477
  Solve: 117.6791ms
Step: 815.7939ms
====================================
Loop: 478
  Solve: 123.8444ms
Step: 827.7879ms
====================================
Loop: 479
  Solve: 115.5627ms
Step: 817.3868ms
====================================
Loop: 480
  Solve: 119.9974ms
Step: 814.0852ms
====================================
Loop: 481
  Solve: 114.4866ms
Step: 816.6989ms
====================================
Loop: 482
  Solve: 114.3517ms
Step: 812.4520ms
====================================
Loop: 483
  Solve: 126.7125ms
Step: 823.4384ms
====================================
Loop: 484
  Solve: 121.1636ms
Step: 813.6860ms
====================================
Loop: 485
  Solve: 115.2831ms
Step: 818.6105ms
====================================
Loop: 486
  Solve: 124.0576ms
Step: 861.7130ms
====================================
Loop: 487
  Solve: 124.0461ms
Step: 847.2455ms
====================================
Loop: 488
  Solve: 156.3788ms
Step: 999.6234ms
====================================
Loop: 489
  Solve: 141.4731ms
Step: 991.4344ms
====================================
Loop: 490
  Solve: 114.4574ms
Step: 807.0991ms
====================================
Loop: 491
  Solve: 121.3019ms
Step: 812.9750ms
====================================
Loop: 492
  Solve: 114.7198ms
Step: 803.1993ms
====================================
Loop: 493
  Solve: 121.3436ms
Step: 803.7036ms
====================================
Loop: 494
  Solve: 114.8725ms
Step: 801.7361ms
====================================
Loop: 495
  Solve: 115.2738ms
Step: 804.6267ms
====================================
Loop: 496
  Solve: 120.4162ms
Step: 806.4848ms
====================================
Loop: 497
  Solve: 125.3621ms
Step: 810.8090ms
====================================
Loop: 498
  Solve: 120.1753ms
Step: 797.1871ms
====================================
Loop: 499
  Solve: 114.9112ms
Step: 801.2297ms
====================================
Loop: 500
  Solve: 115.1169ms
Step: 796.7285ms
====================================
