Using platform vendor: NVIDIA Corporation
Loop: 0
  Solve: 0.0007ms
Step: 605.4984ms
====================================
Loop: 1
  Solve: 0.0012ms
Step: 295.9242ms
====================================
Loop: 2
  Solve: 0.0012ms
Step: 299.8359ms
====================================
Loop: 3
  Solve: 0.0012ms
Step: 297.9128ms
====================================
Loop: 4
  Solve: 0.0012ms
Step: 300.0442ms
====================================
Loop: 5
  Solve: 0.0012ms
Step: 295.4341ms
====================================
Loop: 6
  Solve: 0.0012ms
Step: 300.6282ms
====================================
Loop: 7
  Solve: 0.0009ms
Step: 318.0927ms
====================================
Loop: 8
  Solve: 0.0012ms
Step: 294.8586ms
====================================
Loop: 9
  Solve: 0.0012ms
Step: 299.3846ms
====================================
Loop: 10
  Solve: 0.0012ms
Step: 299.1675ms
====================================
Loop: 11
  Solve: 0.0015ms
Step: 296.8289ms
====================================
Loop: 12
  Solve: 0.0012ms
Step: 303.1508ms
====================================
Loop: 13
  Solve: 0.0012ms
Step: 292.2059ms
====================================
Loop: 14
  Solve: 0.0011ms
Step: 299.6011ms
====================================
Loop: 15
  Solve: 0.0014ms
Step: 287.1795ms
====================================
Loop: 16
  Solve: 0.0012ms
Step: 294.4914ms
====================================
Loop: 17
  Solve: 0.0011ms
Step: 294.5563ms
====================================
Loop: 18
  Solve: 0.0010ms
Step: 694.4875ms
====================================
Loop: 19
  Solve: 0.0015ms
Step: 295.8230ms
====================================
Loop: 20
  Solve: 0.0011ms
Step: 290.3094ms
====================================
Loop: 21
  Solve: 0.0026ms
Step: 291.9629ms
====================================
Loop: 22
  Solve: 0.0008ms
Step: 293.9928ms
====================================
Loop: 23
  Solve: 0.0011ms
Step: 292.7262ms
====================================
Loop: 24
  Solve: 0.0012ms
Step: 288.2081ms
====================================
Loop: 25
  Solve: 0.0014ms
Step: 295.4165ms
====================================
Loop: 26
  Solve: 0.0011ms
Step: 694.0270ms
====================================
Loop: 27
  Solve: 0.0012ms
Step: 289.7863ms
====================================
Loop: 28
  Solve: 0.0011ms
Step: 294.1956ms
====================================
Loop: 29
  Solve: 0.0011ms
Step: 290.7955ms
====================================
Loop: 30
  Solve: 0.0012ms
Step: 291.3289ms
====================================
Loop: 31
  Solve: 0.0012ms
Step: 291.8681ms
====================================
Loop: 32
  Solve: 0.0013ms
Step: 291.5475ms
====================================
Loop: 33
  Solve: 0.0013ms
Step: 694.1093ms
====================================
Loop: 34
  Solve: 0.0012ms
Step: 291.8088ms
====================================
Loop: 35
  Solve: 0.0015ms
Step: 288.0724ms
====================================
Loop: 36
  Solve: 0.0012ms
Step: 291.9279ms
====================================
Loop: 37
  Solve: 0.0011ms
Step: 295.6693ms
====================================
Loop: 38
  Solve: 0.0011ms
Step: 687.9151ms
====================================
Loop: 39
  Solve: 0.0011ms
Step: 294.1757ms
====================================
Loop: 40
  Solve: 0.0011ms
Step: 290.9222ms
====================================
Loop: 41
  Solve: 0.0011ms
Step: 291.1900ms
====================================
Loop: 42
  Solve: 0.0011ms
Step: 293.3338ms
====================================
Loop: 43
  Solve: 0.0011ms
Step: 691.6044ms
====================================
Loop: 44
  Solve: 0.0012ms
Step: 290.3188ms
====================================
Loop: 45
  Solve: 0.0015ms
Step: 291.6216ms
====================================
Loop: 46
  Solve: 0.0011ms
Step: 287.7218ms
====================================
Loop: 47
  Solve: 0.0012ms
Step: 687.7977ms
====================================
Loop: 48
  Solve: 0.0012ms
Step: 287.5124ms
====================================
Loop: 49
  Solve: 0.0015ms
Step: 292.1630ms
====================================
Loop: 50
  Solve: 0.0012ms
Step: 293.6646ms
====================================
Loop: 51
  Solve: 0.0011ms
Step: 688.6335ms
====================================
Loop: 52
  Solve: 0.0012ms
Step: 290.7290ms
====================================
Loop: 53
  Solve: 0.0012ms
Step: 291.6616ms
====================================
Loop: 54
  Solve: 6.1051ms
Step: 298.3656ms
====================================
Loop: 55
  Solve: 9.7333ms
Step: 696.3383ms
====================================
Loop: 56
  Solve: 13.2653ms
Step: 309.9647ms
====================================
Loop: 57
  Solve: 14.2402ms
Step: 312.0029ms
====================================
Loop: 58
  Solve: 16.8045ms
Step: 316.6348ms
====================================
Loop: 59
  Solve: 19.2426ms
Step: 695.2133ms
====================================
Loop: 60
  Solve: 22.2892ms
Step: 326.1019ms
====================================
Loop: 61
  Solve: 24.9628ms
Step: 330.2372ms
====================================
Loop: 62
  Solve: 30.5709ms
Step: 693.4036ms
====================================
Loop: 63
  Solve: 37.9728ms
Step: 349.3307ms
====================================
Loop: 64
  Solve: 37.1046ms
Step: 350.8937ms
====================================
Loop: 65
  Solve: 39.9896ms
Step: 696.6896ms
====================================
Loop: 66
  Solve: 44.2913ms
Step: 363.1387ms
====================================
Loop: 67
  Solve: 47.0251ms
Step: 366.0379ms
====================================
Loop: 68
  Solve: 50.2631ms
Step: 707.4632ms
====================================
Loop: 69
  Solve: 55.3610ms
Step: 378.9364ms
====================================
Loop: 70
  Solve: 60.2384ms
Step: 397.3973ms
====================================
Loop: 71
  Solve: 64.8112ms
Step: 709.0970ms
====================================
Loop: 72
  Solve: 68.7834ms
Step: 405.7832ms
====================================
Loop: 73
  Solve: 70.2043ms
Step: 405.2531ms
====================================
Loop: 74
  Solve: 78.1387ms
Step: 717.1638ms
====================================
Loop: 75
  Solve: 78.8824ms
Step: 418.7911ms
====================================
Loop: 76
  Solve: 83.8498ms
Step: 436.4172ms
====================================
Loop: 77
  Solve: 95.7513ms
Step: 733.5622ms
====================================
Loop: 78
  Solve: 111.2825ms
Step: 472.3900ms
====================================
Loop: 79
  Solve: 115.6384ms
Step: 475.9769ms
====================================
Loop: 80
  Solve: 120.5157ms
Step: 755.5745ms
====================================
Loop: 81
  Solve: 135.9593ms
Step: 521.2482ms
====================================
Loop: 82
  Solve: 134.9949ms
Step: 512.7689ms
====================================
Loop: 83
  Solve: 148.1196ms
Step: 804.1174ms
====================================
Loop: 84
  Solve: 146.9541ms
Step: 536.9155ms
====================================
Loop: 85
  Solve: 153.2539ms
Step: 548.5052ms
====================================
Loop: 86
  Solve: 162.3207ms
Step: 804.8479ms
====================================
Loop: 87
  Solve: 173.0434ms
Step: 574.4200ms
====================================
Loop: 88
  Solve: 175.7721ms
Step: 587.1301ms
====================================
Loop: 89
  Solve: 183.8162ms
Step: 824.4069ms
====================================
Loop: 90
  Solve: 193.8098ms
Step: 617.2053ms
====================================
Loop: 91
  Solve: 194.2921ms
Step: 622.8345ms
====================================
Loop: 92
  Solve: 204.7539ms
Step: 857.1611ms
====================================
Loop: 93
  Solve: 211.4910ms
Step: 653.4691ms
====================================
Loop: 94
  Solve: 215.8178ms
Step: 873.0551ms
====================================
Loop: 95
  Solve: 220.9650ms
Step: 697.0912ms
====================================
Loop: 96
  Solve: 224.6342ms
Step: 889.4192ms
====================================
Loop: 97
  Solve: 229.7396ms
Step: 713.8647ms
====================================
Loop: 98
  Solve: 239.9201ms
Step: 913.7166ms
====================================
Loop: 99
  Solve: 241.1967ms
Step: 749.0011ms
====================================
Loop: 100
  Solve: 248.4929ms
Step: 940.4149ms
====================================
Loop: 101
  Solve: 255.1107ms
Step: 790.8152ms
====================================
Loop: 102
  Solve: 256.5014ms
Step: 969.1409ms
====================================
Loop: 103
  Solve: 267.8945ms
Step: 829.9774ms
====================================
Loop: 104
  Solve: 268.5871ms
Step: 993.2626ms
====================================
Loop: 105
  Solve: 278.3203ms
Step: 866.5026ms
====================================
Loop: 106
  Solve: 284.6766ms
Step: 1051.1379ms
====================================
Loop: 107
  Solve: 290.7675ms
Step: 982.1967ms
====================================
Loop: 108
  Solve: 291.7925ms
Step: 1051.2825ms
====================================
Loop: 109
  Solve: 291.5318ms
Step: 941.5146ms
====================================
Loop: 110
  Solve: 298.3091ms
Step: 1084.3113ms
====================================
Loop: 111
  Solve: 308.3885ms
Step: 996.3660ms
====================================
Loop: 112
  Solve: 313.0402ms
Step: 1130.0233ms
====================================
Loop: 113
  Solve: 319.6034ms
Step: 1087.8033ms
====================================
Loop: 114
  Solve: 321.2131ms
Step: 1165.2843ms
====================================
Loop: 115
  Solve: 317.4044ms
Step: 1092.5869ms
====================================
Loop: 116
  Solve: 326.3937ms
Step: 1216.5342ms
====================================
Loop: 117
  Solve: 340.4106ms
Step: 1153.2844ms
====================================
Loop: 118
  Solve: 329.8029ms
Step: 1245.4623ms
====================================
Loop: 119
  Solve: 337.2548ms
Step: 1195.0044ms
====================================
Loop: 120
  Solve: 340.3077ms
Step: 1332.0808ms
====================================
Loop: 121
  Solve: 353.5791ms
Step: 1271.6035ms
====================================
Loop: 122
  Solve: 351.5710ms
Step: 1363.3367ms
====================================
Loop: 123
  Solve: 353.2782ms
Step: 1330.0671ms
====================================
Loop: 124
  Solve: 403.1563ms
Step: 1481.3115ms
====================================
Loop: 125
  Solve: 366.5260ms
Step: 1388.8896ms
====================================
Loop: 126
  Solve: 369.4189ms
Step: 1522.3190ms
====================================
Loop: 127
  Solve: 382.0899ms
Step: 1460.8457ms
====================================
Loop: 128
  Solve: 383.0342ms
Step: 1578.7241ms
====================================
Loop: 129
  Solve: 386.7718ms
Step: 1503.4164ms
====================================
Loop: 130
  Solve: 378.7598ms
Step: 1535.2212ms
====================================
Loop: 131
  Solve: 374.4588ms
Step: 1521.9785ms
====================================
Loop: 132
  Solve: 377.7817ms
Step: 1547.7063ms
====================================
Loop: 133
  Solve: 374.2219ms
Step: 1566.4543ms
====================================
Loop: 134
  Solve: 371.7863ms
Step: 1571.1624ms
====================================
Loop: 135
  Solve: 362.0363ms
Step: 1573.3809ms
====================================
Loop: 136
  Solve: 359.3602ms
Step: 1570.7227ms
====================================
Loop: 137
  Solve: 353.2825ms
Step: 1560.8713ms
====================================
Loop: 138
  Solve: 346.8776ms
Step: 1564.8621ms
====================================
Loop: 139
  Solve: 347.6468ms
Step: 1560.7645ms
====================================
Loop: 140
  Solve: 336.4368ms
Step: 1556.8407ms
====================================
Loop: 141
  Solve: 333.8526ms
Step: 1545.7412ms
====================================
Loop: 142
  Solve: 321.6739ms
Step: 1551.3989ms
====================================
Loop: 143
  Solve: 320.0178ms
Step: 1546.5374ms
====================================
Loop: 144
  Solve: 310.0779ms
Step: 1563.0117ms
====================================
Loop: 145
  Solve: 306.1613ms
Step: 1535.0120ms
====================================
Loop: 146
  Solve: 304.8452ms
Step: 1521.7517ms
====================================
Loop: 147
  Solve: 301.3916ms
Step: 1522.2006ms
====================================
Loop: 148
  Solve: 296.1692ms
Step: 1518.4673ms
====================================
Loop: 149
  Solve: 291.0933ms
Step: 1518.5002ms
====================================
Loop: 150
  Solve: 285.1734ms
Step: 1503.9366ms
====================================
Loop: 151
  Solve: 282.7782ms
Step: 1513.0812ms
====================================
Loop: 152
  Solve: 281.0135ms
Step: 1502.9733ms
====================================
Loop: 153
  Solve: 278.1862ms
Step: 1511.3071ms
====================================
Loop: 154
  Solve: 280.5659ms
Step: 1555.8831ms
====================================
Loop: 155
  Solve: 274.8746ms
Step: 1506.7094ms
====================================
Loop: 156
  Solve: 273.0802ms
Step: 1505.7183ms
====================================
Loop: 157
  Solve: 269.9077ms
Step: 1506.9578ms
====================================
Loop: 158
  Solve: 268.4928ms
Step: 1494.6713ms
====================================
Loop: 159
  Solve: 267.4476ms
Step: 1506.3728ms
====================================
Loop: 160
  Solve: 261.2822ms
Step: 1498.7390ms
====================================
Loop: 161
  Solve: 255.6147ms
Step: 1489.0162ms
====================================
Loop: 162
  Solve: 253.1525ms
Step: 1477.7214ms
====================================
Loop: 163
  Solve: 244.6788ms
Step: 1483.4639ms
====================================
Loop: 164
  Solve: 240.7031ms
Step: 1479.4792ms
====================================
Loop: 165
  Solve: 234.8522ms
Step: 1468.1620ms
====================================
Loop: 166
  Solve: 230.7266ms
Step: 1479.2095ms
====================================
Loop: 167
  Solve: 226.3763ms
Step: 1470.2839ms
====================================
Loop: 168
  Solve: 222.4522ms
Step: 1465.6545ms
====================================
Loop: 169
  Solve: 223.4500ms
Step: 1471.1588ms
====================================
Loop: 170
  Solve: 217.9852ms
Step: 1464.4893ms
====================================
Loop: 171
  Solve: 216.1377ms
Step: 1460.5205ms
====================================
Loop: 172
  Solve: 211.9574ms
Step: 1451.3899ms
====================================
Loop: 173
  Solve: 210.3150ms
Step: 1446.9174ms
====================================
Loop: 174
  Solve: 207.1863ms
Step: 1445.6608ms
====================================
Loop: 175
  Solve: 206.4846ms
Step: 1433.4353ms
====================================
Loop: 176
  Solve: 197.4482ms
Step: 1428.7139ms
====================================
Loop: 177
  Solve: 196.7908ms
Step: 1432.6433ms
====================================
Loop: 178
  Solve: 197.0848ms
Step: 1427.7249ms
====================================
Loop: 179
  Solve: 190.7627ms
Step: 1424.5707ms
====================================
Loop: 180
  Solve: 191.4964ms
Step: 1422.1121ms
====================================
Loop: 181
  Solve: 187.2806ms
Step: 1411.6146ms
====================================
Loop: 182
  Solve: 186.6279ms
Step: 1401.7167ms
====================================
Loop: 183
  Solve: 189.5668ms
Step: 1406.6393ms
====================================
Loop: 184
  Solve: 187.1898ms
Step: 1405.7119ms
====================================
Loop: 185
  Solve: 187.4423ms
Step: 1403.9440ms
====================================
Loop: 186
  Solve: 186.4228ms
Step: 1410.1786ms
====================================
Loop: 187
  Solve: 188.8536ms
Step: 1390.7627ms
====================================
Loop: 188
  Solve: 184.7897ms
Step: 1388.3269ms
====================================
Loop: 189
  Solve: 185.0744ms
Step: 1395.5774ms
====================================
Loop: 190
  Solve: 186.7461ms
Step: 1392.0684ms
====================================
Loop: 191
  Solve: 185.2966ms
Step: 1385.0073ms
====================================
Loop: 192
  Solve: 189.7324ms
Step: 1387.9369ms
====================================
Loop: 193
  Solve: 191.0883ms
Step: 1388.0183ms
====================================
Loop: 194
  Solve: 192.3719ms
Step: 1402.1396ms
====================================
Loop: 195
  Solve: 194.8597ms
Step: 1397.2263ms
====================================
Loop: 196
  Solve: 192.9153ms
Step: 1398.0642ms
====================================
Loop: 197
  Solve: 198.6634ms
Step: 1390.3672ms
====================================
Loop: 198
  Solve: 197.0906ms
Step: 1394.3646ms
====================================
Loop: 199
  Solve: 197.5134ms
Step: 1392.6016ms
====================================
Loop: 200
  Solve: 201.6587ms
Step: 1384.7273ms
====================================
Loop: 201
  Solve: 198.9510ms
Step: 1391.6934ms
====================================
Loop: 202
  Solve: 199.0075ms
Step: 1390.8755ms
====================================
Loop: 203
  Solve: 202.0645ms
Step: 1387.0244ms
====================================
Loop: 204
  Solve: 206.3389ms
Step: 1402.4246ms
====================================
Loop: 205
  Solve: 211.6746ms
Step: 1387.6838ms
====================================
Loop: 206
  Solve: 204.3318ms
Step: 1377.9841ms
====================================
Loop: 207
  Solve: 203.2648ms
Step: 1394.4084ms
====================================
Loop: 208
  Solve: 208.2328ms
Step: 1406.1072ms
====================================
Loop: 209
  Solve: 204.2145ms
Step: 1379.7057ms
====================================
Loop: 210
  Solve: 209.0979ms
Step: 1380.3453ms
====================================
Loop: 211
  Solve: 207.5140ms
Step: 1419.8313ms
====================================
Loop: 212
  Solve: 203.7730ms
Step: 1390.1051ms
====================================
Loop: 213
  Solve: 205.7943ms
Step: 1384.5553ms
====================================
Loop: 214
  Solve: 203.9885ms
Step: 1387.2838ms
====================================
Loop: 215
  Solve: 209.2997ms
Step: 1392.4497ms
====================================
Loop: 216
  Solve: 202.2209ms
Step: 1377.1833ms
====================================
Loop: 217
  Solve: 202.1765ms
Step: 1388.1399ms
====================================
Loop: 218
  Solve: 199.0479ms
Step: 1371.7390ms
====================================
Loop: 219
  Solve: 200.6207ms
Step: 1370.9817ms
====================================
Loop: 220
  Solve: 198.5704ms
Step: 1380.1469ms
====================================
Loop: 221
  Solve: 200.2414ms
Step: 1380.5448ms
====================================
Loop: 222
  Solve: 201.0042ms
Step: 1408.7302ms
====================================
Loop: 223
  Solve: 198.4983ms
Step: 1364.3967ms
====================================
Loop: 224
  Solve: 197.8350ms
Step: 1364.2673ms
====================================
Loop: 225
  Solve: 198.6980ms
Step: 1373.6049ms
====================================
Loop: 226
  Solve: 198.2567ms
Step: 1359.0859ms
====================================
Loop: 227
  Solve: 200.9486ms
Step: 1374.3279ms
====================================
Loop: 228
  Solve: 199.3476ms
Step: 1372.6682ms
====================================
Loop: 229
  Solve: 199.2020ms
Step: 1434.0104ms
====================================
Loop: 230
  Solve: 206.9096ms
Step: 1392.7737ms
====================================
Loop: 231
  Solve: 203.0479ms
Step: 1461.6260ms
====================================
Loop: 232
  Solve: 199.4660ms
Step: 1402.8281ms
====================================
Loop: 233
  Solve: 203.7827ms
Step: 1368.1643ms
====================================
Loop: 234
  Solve: 203.7132ms
Step: 1377.4978ms
====================================
Loop: 235
  Solve: 249.2204ms
Step: 1480.7004ms
====================================
Loop: 236
  Solve: 228.4654ms
Step: 1447.3942ms
====================================
Loop: 237
  Solve: 210.0186ms
Step: 1405.6224ms
====================================
Loop: 238
  Solve: 211.2453ms
Step: 1405.3063ms
====================================
Loop: 239
  Solve: 212.6547ms
Step: 1410.0259ms
====================================
Loop: 240
  Solve: 209.2210ms
Step: 1411.1106ms
====================================
Loop: 241
  Solve: 210.6915ms
Step: 1474.9493ms
====================================
Loop: 242
  Solve: 217.1017ms
Step: 1419.8699ms
====================================
Loop: 243
  Solve: 211.9210ms
Step: 1397.9537ms
====================================
Loop: 244
  Solve: 209.2772ms
Step: 1415.0269ms
====================================
Loop: 245
  Solve: 218.7846ms
Step: 1430.5067ms
====================================
Loop: 246
  Solve: 211.5599ms
Step: 1416.1267ms
====================================
Loop: 247
  Solve: 213.8762ms
Step: 1428.5256ms
====================================
Loop: 248
  Solve: 219.6843ms
Step: 1416.2400ms
====================================
Loop: 249
  Solve: 215.6886ms
Step: 1431.1727ms
====================================
Loop: 250
  Solve: 213.4329ms
Step: 1427.7869ms
====================================
Loop: 251
  Solve: 217.5338ms
Step: 1438.9348ms
====================================
Loop: 252
  Solve: 217.4392ms
Step: 1418.4489ms
====================================
Loop: 253
  Solve: 215.8361ms
Step: 1431.1970ms
====================================
Loop: 254
  Solve: 217.7951ms
Step: 1433.4519ms
====================================
Loop: 255
  Solve: 224.4429ms
Step: 1424.3717ms
====================================
Loop: 256
  Solve: 218.9006ms
Step: 1472.8513ms
====================================
Loop: 257
  Solve: 216.9066ms
Step: 1426.0553ms
====================================
Loop: 258
  Solve: 220.1796ms
Step: 1442.9302ms
====================================
Loop: 259
  Solve: 219.9017ms
Step: 1435.4604ms
====================================
Loop: 260
  Solve: 218.0852ms
Step: 1428.8497ms
====================================
Loop: 261
  Solve: 218.1316ms
Step: 1455.4827ms
====================================
Loop: 262
  Solve: 218.8350ms
Step: 1436.7136ms
====================================
Loop: 263
  Solve: 219.5978ms
Step: 1450.8059ms
====================================
Loop: 264
  Solve: 222.7449ms
Step: 1435.9559ms
====================================
Loop: 265
  Solve: 215.2853ms
Step: 1426.3275ms
====================================
Loop: 266
  Solve: 223.0320ms
Step: 1440.7249ms
====================================
Loop: 267
  Solve: 223.1679ms
Step: 1458.5608ms
====================================
Loop: 268
  Solve: 223.0971ms
Step: 1443.8105ms
====================================
Loop: 269
  Solve: 220.0468ms
Step: 1456.8328ms
====================================
Loop: 270
  Solve: 224.2486ms
Step: 1452.5648ms
====================================
Loop: 271
  Solve: 223.8045ms
Step: 1457.6787ms
====================================
Loop: 272
  Solve: 229.1812ms
Step: 1466.6147ms
====================================
Loop: 273
  Solve: 226.8372ms
Step: 1463.4091ms
====================================
Loop: 274
  Solve: 221.5936ms
Step: 1463.3253ms
====================================
Loop: 275
  Solve: 225.3163ms
Step: 1453.3938ms
====================================
Loop: 276
  Solve: 225.8465ms
Step: 1473.1003ms
====================================
Loop: 277
  Solve: 228.2592ms
Step: 1466.3081ms
====================================
Loop: 278
  Solve: 229.0377ms
Step: 1507.7958ms
====================================
Loop: 279
  Solve: 225.9837ms
Step: 1457.3125ms
====================================
Loop: 280
  Solve: 225.4848ms
Step: 1472.9548ms
====================================
Loop: 281
  Solve: 223.9153ms
Step: 1454.9681ms
====================================
Loop: 282
  Solve: 221.7980ms
Step: 1474.8323ms
====================================
Loop: 283
  Solve: 225.5132ms
Step: 1465.7819ms
====================================
Loop: 284
  Solve: 221.0272ms
Step: 1459.5914ms
====================================
Loop: 285
  Solve: 231.1512ms
Step: 1482.0922ms
====================================
Loop: 286
  Solve: 222.7154ms
Step: 1435.4814ms
====================================
Loop: 287
  Solve: 226.0653ms
Step: 1435.5966ms
====================================
Loop: 288
  Solve: 227.4243ms
Step: 1434.8013ms
====================================
Loop: 289
  Solve: 227.0451ms
Step: 1451.7291ms
====================================
Loop: 290
  Solve: 223.4719ms
Step: 1449.6256ms
====================================
Loop: 291
  Solve: 220.4803ms
Step: 1448.3878ms
====================================
Loop: 292
  Solve: 223.4401ms
Step: 1451.9014ms
====================================
Loop: 293
  Solve: 221.9015ms
Step: 1451.9648ms
====================================
Loop: 294
  Solve: 222.9828ms
Step: 1513.7123ms
====================================
Loop: 295
  Solve: 221.6877ms
Step: 1442.7747ms
====================================
Loop: 296
  Solve: 225.2455ms
Step: 1431.1458ms
====================================
Loop: 297
  Solve: 220.1409ms
Step: 1435.2471ms
====================================
Loop: 298
  Solve: 224.3721ms
Step: 1449.1046ms
====================================
Loop: 299
  Solve: 225.5015ms
Step: 1452.5505ms
====================================
Loop: 300
  Solve: 223.8927ms
Step: 1450.0917ms
====================================
Loop: 301
  Solve: 223.7330ms
Step: 1461.2538ms
====================================
Loop: 302
  Solve: 220.8242ms
Step: 1453.6182ms
====================================
Loop: 303
  Solve: 221.3445ms
Step: 1445.2783ms
====================================
Loop: 304
  Solve: 222.1012ms
Step: 1428.2474ms
====================================
Loop: 305
  Solve: 225.5699ms
Step: 1431.0255ms
====================================
Loop: 306
  Solve: 225.5940ms
Step: 1427.8794ms
====================================
Loop: 307
  Solve: 225.4162ms
Step: 1442.1539ms
====================================
Loop: 308
  Solve: 223.9814ms
Step: 1445.5459ms
====================================
Loop: 309
  Solve: 222.0501ms
Step: 1448.9114ms
====================================
Loop: 310
  Solve: 223.8666ms
Step: 1476.2329ms
====================================
Loop: 311
  Solve: 221.7174ms
Step: 1444.4604ms
====================================
Loop: 312
  Solve: 224.1914ms
Step: 1421.3625ms
====================================
Loop: 313
  Solve: 222.3304ms
Step: 1423.6436ms
====================================
Loop: 314
  Solve: 222.8454ms
Step: 1409.6863ms
====================================
Loop: 315
  Solve: 222.7463ms
Step: 1417.0894ms
====================================
Loop: 316
  Solve: 218.5647ms
Step: 1413.9507ms
====================================
Loop: 317
  Solve: 235.5033ms
Step: 1449.8647ms
====================================
Loop: 318
  Solve: 215.8456ms
Step: 1397.7784ms
====================================
Loop: 319
  Solve: 215.4899ms
Step: 1391.5416ms
====================================
Loop: 320
  Solve: 215.2746ms
Step: 1377.7494ms
====================================
Loop: 321
  Solve: 208.6974ms
Step: 1405.6606ms
====================================
Loop: 322
  Solve: 207.7564ms
Step: 1401.4171ms
====================================
Loop: 323
  Solve: 209.2805ms
Step: 1361.8330ms
====================================
Loop: 324
  Solve: 210.4604ms
Step: 1364.7622ms
====================================
Loop: 325
  Solve: 204.7006ms
Step: 1369.6202ms
====================================
Loop: 326
  Solve: 205.2859ms
Step: 1381.1022ms
====================================
Loop: 327
  Solve: 213.8034ms
Step: 1358.3925ms
====================================
Loop: 328
  Solve: 205.3294ms
Step: 1355.8424ms
====================================
Loop: 329
  Solve: 202.9136ms
Step: 1377.1136ms
====================================
Loop: 330
  Solve: 203.1283ms
Step: 1344.5953ms
====================================
Loop: 331
  Solve: 198.5432ms
Step: 1339.4935ms
====================================
Loop: 332
  Solve: 197.5586ms
Step: 1415.9082ms
====================================
Loop: 333
  Solve: 196.9722ms
Step: 1402.4462ms
====================================
Loop: 334
  Solve: 195.8570ms
Step: 1332.9502ms
====================================
Loop: 335
  Solve: 197.0450ms
Step: 1320.5525ms
====================================
Loop: 336
  Solve: 195.5300ms
Step: 1321.0868ms
====================================
Loop: 337
  Solve: 197.9094ms
Step: 1303.5476ms
====================================
Loop: 338
  Solve: 192.6308ms
Step: 1320.2482ms
====================================
Loop: 339
  Solve: 190.1006ms
Step: 1300.4836ms
====================================
Loop: 340
  Solve: 187.7368ms
Step: 1289.3325ms
====================================
Loop: 341
  Solve: 188.4308ms
Step: 1305.3650ms
====================================
Loop: 342
  Solve: 189.2220ms
Step: 1268.7207ms
====================================
Loop: 343
  Solve: 187.5600ms
Step: 1280.3889ms
====================================
Loop: 344
  Solve: 185.9112ms
Step: 1313.4425ms
====================================
Loop: 345
  Solve: 184.0617ms
Step: 1265.9132ms
====================================
Loop: 346
  Solve: 181.3535ms
Step: 1259.6746ms
====================================
Loop: 347
  Solve: 175.0749ms
Step: 1248.2092ms
====================================
Loop: 348
  Solve: 181.0199ms
Step: 1321.9884ms
====================================
Loop: 349
  Solve: 183.0636ms
Step: 1245.4421ms
====================================
Loop: 350
  Solve: 179.5813ms
Step: 1238.6130ms
====================================
Loop: 351
  Solve: 177.8973ms
Step: 1283.5524ms
====================================
Loop: 352
  Solve: 176.0517ms
Step: 1234.9153ms
====================================
Loop: 353
  Solve: 180.4627ms
Step: 1223.3466ms
====================================
Loop: 354
  Solve: 170.7486ms
Step: 1211.2638ms
====================================
Loop: 355
  Solve: 170.4212ms
Step: 1220.5171ms
====================================
Loop: 356
  Solve: 171.4184ms
Step: 1216.5436ms
====================================
Loop: 357
  Solve: 170.4298ms
Step: 1198.3893ms
====================================
Loop: 358
  Solve: 171.8735ms
Step: 1191.7581ms
====================================
Loop: 359
  Solve: 167.7064ms
Step: 1198.4519ms
====================================
Loop: 360
  Solve: 164.4695ms
Step: 1219.6346ms
====================================
Loop: 361
  Solve: 184.3389ms
Step: 1338.2880ms
====================================
Loop: 362
  Solve: 177.9941ms
Step: 1479.2811ms
====================================
Loop: 363
  Solve: 159.0322ms
Step: 1145.6703ms
====================================
Loop: 364
  Solve: 160.9245ms
Step: 1133.5596ms
====================================
Loop: 365
  Solve: 158.1073ms
Step: 1128.2936ms
====================================
Loop: 366
  Solve: 156.2221ms
Step: 1134.4536ms
====================================
Loop: 367
  Solve: 159.8125ms
Step: 1128.1575ms
====================================
Loop: 368
  Solve: 156.4916ms
Step: 1130.2782ms
====================================
Loop: 369
  Solve: 155.0962ms
Step: 1119.6205ms
====================================
Loop: 370
  Solve: 153.2904ms
Step: 1116.4310ms
====================================
Loop: 371
  Solve: 157.3545ms
Step: 1109.2759ms
====================================
Loop: 372
  Solve: 153.6118ms
Step: 1096.8599ms
====================================
Loop: 373
  Solve: 156.1219ms
Step: 1096.8932ms
====================================
Loop: 374
  Solve: 152.5220ms
Step: 1091.6021ms
====================================
Loop: 375
  Solve: 150.7909ms
Step: 1090.6531ms
====================================
Loop: 376
  Solve: 149.5387ms
Step: 1091.4170ms
====================================
Loop: 377
  Solve: 152.4321ms
Step: 1079.8555ms
====================================
Loop: 378
  Solve: 151.6826ms
Step: 1080.5593ms
====================================
Loop: 379
  Solve: 155.0221ms
Step: 1072.0090ms
====================================
Loop: 380
  Solve: 150.3631ms
Step: 1068.4711ms
====================================
Loop: 381
  Solve: 146.7679ms
Step: 1062.7285ms
====================================
Loop: 382
  Solve: 147.4025ms
Step: 1060.8683ms
====================================
Loop: 383
  Solve: 148.4700ms
Step: 1061.7777ms
====================================
Loop: 384
  Solve: 144.7363ms
Step: 1059.8387ms
====================================
Loop: 385
  Solve: 144.6259ms
Step: 1047.2330ms
====================================
Loop: 386
  Solve: 146.0569ms
Step: 1042.2540ms
====================================
Loop: 387
  Solve: 147.5957ms
Step: 1043.6624ms
====================================
Loop: 388
  Solve: 147.1630ms
Step: 1034.7598ms
====================================
Loop: 389
  Solve: 152.0888ms
Step: 1035.2656ms
====================================
Loop: 390
  Solve: 146.4104ms
Step: 1035.6844ms
====================================
Loop: 391
  Solve: 145.7389ms
Step: 1021.8326ms
====================================
Loop: 392
  Solve: 143.2871ms
Step: 1022.6677ms
====================================
Loop: 393
  Solve: 142.4070ms
Step: 1020.9756ms
====================================
Loop: 394
  Solve: 142.2429ms
Step: 1024.3041ms
====================================
Loop: 395
  Solve: 142.0752ms
Step: 1018.5953ms
====================================
Loop: 396
  Solve: 141.5734ms
Step: 1009.3828ms
====================================
Loop: 397
  Solve: 142.5822ms
Step: 1008.2416ms
====================================
Loop: 398
  Solve: 142.0155ms
Step: 1004.2884ms
====================================
Loop: 399
  Solve: 142.6175ms
Step: 1001.3901ms
====================================
Loop: 400
  Solve: 141.9604ms
Step: 998.7460ms
====================================
Loop: 401
  Solve: 141.3742ms
Step: 992.0303ms
====================================
Loop: 402
  Solve: 140.9070ms
Step: 1009.8386ms
====================================
Loop: 403
  Solve: 140.0460ms
Step: 988.7896ms
====================================
Loop: 404
  Solve: 139.5815ms
Step: 982.2682ms
====================================
Loop: 405
  Solve: 138.3340ms
Step: 979.1530ms
====================================
Loop: 406
  Solve: 140.4860ms
Step: 981.8063ms
====================================
Loop: 407
  Solve: 141.0022ms
Step: 977.4991ms
====================================
Loop: 408
  Solve: 143.0763ms
Step: 969.3831ms
====================================
Loop: 409
  Solve: 141.7910ms
Step: 964.7374ms
====================================
Loop: 410
  Solve: 138.5993ms
Step: 955.9213ms
====================================
Loop: 411
  Solve: 137.7132ms
Step: 955.8910ms
====================================
Loop: 412
  Solve: 136.5008ms
Step: 956.0466ms
====================================
Loop: 413
  Solve: 135.7323ms
Step: 951.3800ms
====================================
Loop: 414
  Solve: 134.7724ms
Step: 949.3987ms
====================================
Loop: 415
  Solve: 134.3585ms
Step: 940.7587ms
====================================
Loop: 416
  Solve: 135.1024ms
Step: 944.2178ms
====================================
Loop: 417
  Solve: 135.5529ms
Step: 941.5607ms
====================================
Loop: 418
  Solve: 138.2945ms
Step: 943.2953ms
====================================
Loop: 419
  Solve: 135.0453ms
Step: 932.8693ms
====================================
Loop: 420
  Solve: 135.3717ms
Step: 936.0714ms
====================================
Loop: 421
  Solve: 133.3610ms
Step: 933.6877ms
====================================
Loop: 422
  Solve: 135.8802ms
Step: 926.2957ms
====================================
Loop: 423
  Solve: 133.1436ms
Step: 918.1938ms
====================================
Loop: 424
  Solve: 135.5807ms
Step: 916.4661ms
====================================
Loop: 425
  Solve: 134.6605ms
Step: 913.0610ms
====================================
Loop: 426
  Solve: 133.6261ms
Step: 913.3019ms
====================================
Loop: 427
  Solve: 131.9983ms
Step: 968.4669ms
====================================
Loop: 428
  Solve: 131.1739ms
Step: 909.1343ms
====================================
Loop: 429
  Solve: 134.7044ms
Step: 900.9891ms
====================================
Loop: 430
  Solve: 132.9537ms
Step: 908.0460ms
====================================
Loop: 431
  Solve: 135.9765ms
Step: 898.1335ms
====================================
Loop: 432
  Solve: 130.8428ms
Step: 894.1035ms
====================================
Loop: 433
  Solve: 132.7666ms
Step: 888.6591ms
====================================
Loop: 434
  Solve: 131.9514ms
Step: 889.9464ms
====================================
Loop: 435
  Solve: 134.2436ms
Step: 890.1208ms
====================================
Loop: 436
  Solve: 132.3115ms
Step: 885.9503ms
====================================
Loop: 437
  Solve: 129.8554ms
Step: 883.8843ms
====================================
Loop: 438
  Solve: 129.5629ms
Step: 877.6989ms
====================================
Loop: 439
  Solve: 131.5383ms
Step: 884.8914ms
====================================
Loop: 440
  Solve: 131.6868ms
Step: 882.1524ms
====================================
Loop: 441
  Solve: 130.3710ms
Step: 881.7128ms
====================================
Loop: 442
  Solve: 133.4033ms
Step: 872.2360ms
====================================
Loop: 443
  Solve: 130.5718ms
Step: 874.3133ms
====================================
Loop: 444
  Solve: 130.1060ms
Step: 862.7931ms
====================================
Loop: 445
  Solve: 129.4473ms
Step: 869.1394ms
====================================
Loop: 446
  Solve: 129.6148ms
Step: 861.8812ms
====================================
Loop: 447
  Solve: 133.1887ms
Step: 870.3622ms
====================================
Loop: 448
  Solve: 130.7175ms
Step: 865.7739ms
====================================
Loop: 449
  Solve: 134.9403ms
Step: 854.1459ms
====================================
Loop: 450
  Solve: 129.5735ms
Step: 852.2311ms
====================================
Loop: 451
  Solve: 130.5179ms
Step: 856.5911ms
====================================
Loop: 452
  Solve: 128.9551ms
Step: 856.8358ms
====================================
Loop: 453
  Solve: 132.4026ms
Step: 871.7606ms
====================================
Loop: 454
  Solve: 131.1898ms
Step: 850.4918ms
====================================
Loop: 455
  Solve: 128.5634ms
Step: 850.3563ms
====================================
Loop: 456
  Solve: 131.3884ms
Step: 848.1152ms
====================================
Loop: 457
  Solve: 130.1885ms
Step: 843.9472ms
====================================
Loop: 458
  Solve: 129.5536ms
Step: 841.4102ms
====================================
Loop: 459
  Solve: 127.7929ms
Step: 835.5858ms
====================================
Loop: 460
  Solve: 130.8591ms
Step: 839.6325ms
====================================
Loop: 461
  Solve: 129.3169ms
Step: 833.0183ms
====================================
Loop: 462
  Solve: 180.3521ms
Step: 888.8040ms
====================================
Loop: 463
  Solve: 130.4579ms
Step: 828.3138ms
====================================
Loop: 464
  Solve: 130.4726ms
Step: 832.7928ms
====================================
Loop: 465
  Solve: 128.1071ms
Step: 825.1317ms
====================================
Loop: 466
  Solve: 127.7333ms
Step: 828.9379ms
====================================
Loop: 467
  Solve: 129.1375ms
Step: 821.7508ms
====================================
Loop: 468
  Solve: 128.1459ms
Step: 825.2720ms
====================================
Loop: 469
  Solve: 129.5145ms
Step: 825.3490ms
====================================
Loop: 470
  Solve: 128.2165ms
Step: 822.2663ms
====================================
Loop: 471
  Solve: 129.4211ms
Step: 867.2545ms
====================================
Loop: 472
  Solve: 130.3066ms
Step: 823.4752ms
====================================
Loop: 473
  Solve: 129.5259ms
Step: 823.6846ms
====================================
Loop: 474
  Solve: 129.1623ms
Step: 813.5006ms
====================================
Loop: 475
  Solve: 131.6509ms
Step: 814.4946ms
====================================
Loop: 476
  Solve: 128.9876ms
Step: 819.2733ms
====================================
Loop: 477
  Solve: 128.6931ms
Step: 809.8438ms
====================================
Loop: 478
  Solve: 129.1725ms
Step: 808.1056ms
====================================
Loop: 479
  Solve: 129.1628ms
Step: 807.4365ms
====================================
Loop: 480
  Solve: 130.9704ms
Step: 802.7881ms
====================================
Loop: 481
  Solve: 128.4732ms
Step: 804.6522ms
====================================
Loop: 482
  Solve: 128.1799ms
Step: 805.0702ms
====================================
Loop: 483
  Solve: 131.8988ms
Step: 814.7798ms
====================================
Loop: 484
  Solve: 129.9197ms
Step: 811.8801ms
====================================
Loop: 485
  Solve: 131.5374ms
Step: 801.2089ms
====================================
Loop: 486
  Solve: 128.7590ms
Step: 803.7066ms
====================================
Loop: 487
  Solve: 128.5054ms
Step: 796.6317ms
====================================
Loop: 488
  Solve: 131.0264ms
Step: 799.3168ms
====================================
Loop: 489
  Solve: 128.2809ms
Step: 800.6307ms
====================================
Loop: 490
  Solve: 132.4025ms
Step: 793.1341ms
====================================
Loop: 491
  Solve: 128.3330ms
Step: 798.8638ms
====================================
Loop: 492
  Solve: 128.8048ms
Step: 788.5001ms
====================================
Loop: 493
  Solve: 130.4383ms
Step: 793.9152ms
====================================
Loop: 494
  Solve: 129.0936ms
Step: 795.6474ms
====================================
Loop: 495
  Solve: 132.3531ms
Step: 791.5019ms
====================================
Loop: 496
  Solve: 128.8586ms
Step: 796.4658ms
====================================
Loop: 497
  Solve: 130.3021ms
Step: 795.5118ms
====================================
Loop: 498
  Solve: 130.9883ms
Step: 808.2968ms
====================================
Loop: 499
  Solve: 131.2477ms
Step: 799.1344ms
====================================
Loop: 500
  Solve: 135.1709ms
Step: 795.1469ms
====================================
