Loop: 0
  Solve: 4.8062ms
Step: 628.9102ms
====================================
Loop: 1
  Solve: 4.5535ms
Step: 323.1061ms
====================================
Loop: 2
  Solve: 4.4031ms
Step: 320.4244ms
====================================
Loop: 3
  Solve: 4.5423ms
Step: 316.4792ms
====================================
Loop: 4
  Solve: 4.6827ms
Step: 328.0562ms
====================================
Loop: 5
  Solve: 4.5063ms
Step: 325.2468ms
====================================
Loop: 6
  Solve: 4.5414ms
Step: 317.1787ms
====================================
Loop: 7
  Solve: 4.7301ms
Step: 327.7261ms
====================================
Loop: 8
  Solve: 4.4508ms
Step: 322.5999ms
====================================
Loop: 9
  Solve: 4.7541ms
Step: 326.3234ms
====================================
Loop: 10
  Solve: 4.7638ms
Step: 328.1949ms
====================================
Loop: 11
  Solve: 4.7850ms
Step: 324.1177ms
====================================
Loop: 12
  Solve: 4.7898ms
Step: 322.4478ms
====================================
Loop: 13
  Solve: 6.9012ms
Step: 368.4321ms
====================================
Loop: 14
  Solve: 4.4439ms
Step: 344.6365ms
====================================
Loop: 15
  Solve: 4.7148ms
Step: 324.1754ms
====================================
Loop: 16
  Solve: 4.6051ms
Step: 326.4467ms
====================================
Loop: 17
  Solve: 4.6789ms
Step: 323.6876ms
====================================
Loop: 18
  Solve: 4.5878ms
Step: 723.9754ms
====================================
Loop: 19
  Solve: 4.5328ms
Step: 324.5186ms
====================================
Loop: 20
  Solve: 4.5189ms
Step: 319.4328ms
====================================
Loop: 21
  Solve: 4.5568ms
Step: 323.1041ms
====================================
Loop: 22
  Solve: 4.7050ms
Step: 323.5687ms
====================================
Loop: 23
  Solve: 4.6415ms
Step: 318.0770ms
====================================
Loop: 24
  Solve: 4.6289ms
Step: 325.0618ms
====================================
Loop: 25
  Solve: 4.4940ms
Step: 321.5991ms
====================================
Loop: 26
  Solve: 4.5658ms
Step: 729.7809ms
====================================
Loop: 27
  Solve: 4.4438ms
Step: 321.3440ms
====================================
Loop: 28
  Solve: 4.5728ms
Step: 316.8150ms
====================================
Loop: 29
  Solve: 4.4434ms
Step: 323.6383ms
====================================
Loop: 30
  Solve: 4.6257ms
Step: 322.8583ms
====================================
Loop: 31
  Solve: 4.5806ms
Step: 318.2023ms
====================================
Loop: 32
  Solve: 4.6136ms
Step: 324.1685ms
====================================
Loop: 33
  Solve: 4.6118ms
Step: 723.9545ms
====================================
Loop: 34
  Solve: 4.5341ms
Step: 322.5059ms
====================================
Loop: 35
  Solve: 4.6811ms
Step: 322.6285ms
====================================
Loop: 36
  Solve: 4.6875ms
Step: 321.2378ms
====================================
Loop: 37
  Solve: 4.5921ms
Step: 326.7666ms
====================================
Loop: 38
  Solve: 4.4766ms
Step: 716.8464ms
====================================
Loop: 39
  Solve: 4.6198ms
Step: 324.6885ms
====================================
Loop: 40
  Solve: 4.6591ms
Step: 320.4368ms
====================================
Loop: 41
  Solve: 4.5637ms
Step: 320.6054ms
====================================
Loop: 42
  Solve: 4.6003ms
Step: 321.4515ms
====================================
Loop: 43
  Solve: 4.4826ms
Step: 718.8178ms
====================================
Loop: 44
  Solve: 4.6093ms
Step: 323.8664ms
====================================
Loop: 45
  Solve: 4.6252ms
Step: 320.0033ms
====================================
Loop: 46
  Solve: 4.5811ms
Step: 320.8474ms
====================================
Loop: 47
  Solve: 4.5625ms
Step: 720.4706ms
====================================
Loop: 48
  Solve: 4.5583ms
Step: 317.4357ms
====================================
Loop: 49
  Solve: 4.5656ms
Step: 323.1063ms
====================================
Loop: 50
  Solve: 4.6493ms
Step: 320.7450ms
====================================
Loop: 51
  Solve: 4.6817ms
Step: 721.5002ms
====================================
Loop: 52
  Solve: 4.5480ms
Step: 320.7742ms
====================================
Loop: 53
  Solve: 4.6174ms
Step: 320.6264ms
====================================
Loop: 54
  Solve: 19.7070ms
Step: 340.0988ms
====================================
Loop: 55
  Solve: 35.0599ms
Step: 751.8708ms
====================================
Loop: 56
  Solve: 48.5639ms
Step: 368.2914ms
====================================
Loop: 57
  Solve: 64.1640ms
Step: 388.9809ms
====================================
Loop: 58
  Solve: 78.4703ms
Step: 401.9473ms
====================================
Loop: 59
  Solve: 91.7970ms
Step: 788.9246ms
====================================
Loop: 60
  Solve: 108.3515ms
Step: 443.0075ms
====================================
Loop: 61
  Solve: 123.2814ms
Step: 453.5198ms
====================================
Loop: 62
  Solve: 136.9747ms
Step: 826.4982ms
====================================
Loop: 63
  Solve: 162.4758ms
Step: 493.0088ms
====================================
Loop: 64
  Solve: 176.6527ms
Step: 507.6916ms
====================================
Loop: 65
  Solve: 191.0844ms
Step: 868.1055ms
====================================
Loop: 66
  Solve: 208.9109ms
Step: 607.7099ms
====================================
Loop: 67
  Solve: 236.1961ms
Step: 573.3849ms
====================================
Loop: 68
  Solve: 234.5714ms
Step: 907.7422ms
====================================
Loop: 69
  Solve: 252.8275ms
Step: 597.4457ms
====================================
Loop: 70
  Solve: 269.6422ms
Step: 619.2129ms
====================================
Loop: 71
  Solve: 280.8223ms
Step: 948.6841ms
====================================
Loop: 72
  Solve: 289.2563ms
Step: 644.6814ms
====================================
Loop: 73
  Solve: 333.5017ms
Step: 692.5861ms
====================================
Loop: 74
  Solve: 325.7018ms
Step: 981.5154ms
====================================
Loop: 75
  Solve: 332.5971ms
Step: 688.6179ms
====================================
Loop: 76
  Solve: 343.3887ms
Step: 707.7537ms
====================================
Loop: 77
  Solve: 358.9154ms
Step: 1011.6987ms
====================================
Loop: 78
  Solve: 415.7641ms
Step: 787.0635ms
====================================
Loop: 79
  Solve: 413.3725ms
Step: 784.4455ms
====================================
Loop: 80
  Solve: 418.9019ms
Step: 1068.5103ms
====================================
Loop: 81
  Solve: 448.7028ms
Step: 832.9579ms
====================================
Loop: 82
  Solve: 466.4361ms
Step: 852.2336ms
====================================
Loop: 83
  Solve: 485.9877ms
Step: 1128.8800ms
====================================
Loop: 84
  Solve: 503.0083ms
Step: 897.7230ms
====================================
Loop: 85
  Solve: 530.0058ms
Step: 994.2123ms
====================================
Loop: 86
  Solve: 546.8713ms
Step: 1197.3907ms
====================================
Loop: 87
  Solve: 576.8502ms
Step: 987.1020ms
====================================
Loop: 88
  Solve: 597.9867ms
Step: 1009.1239ms
====================================
Loop: 89
  Solve: 625.1191ms
Step: 1263.4810ms
====================================
Loop: 90
  Solve: 662.5438ms
Step: 1080.0503ms
====================================
Loop: 91
  Solve: 743.9261ms
Step: 1253.3856ms
====================================
Loop: 92
  Solve: 740.8957ms
Step: 1471.1978ms
====================================
Loop: 93
  Solve: 728.0496ms
Step: 1159.0172ms
====================================
Loop: 94
  Solve: 749.1995ms
Step: 1390.2092ms
====================================
Loop: 95
  Solve: 779.7914ms
Step: 1227.5725ms
====================================
Loop: 96
  Solve: 812.8289ms
Step: 1455.9702ms
====================================
Loop: 97
  Solve: 844.4865ms
Step: 1302.8376ms
====================================
Loop: 98
  Solve: 872.2825ms
Step: 1525.2520ms
====================================
Loop: 99
  Solve: 899.9997ms
Step: 1381.1619ms
====================================
Loop: 100
  Solve: 928.3361ms
Step: 1587.1801ms
====================================
Loop: 101
  Solve: 960.5891ms
Step: 1458.7074ms
====================================
Loop: 102
  Solve: 977.9246ms
Step: 1649.3320ms
====================================
Loop: 103
  Solve: 1002.9219ms
Step: 1523.7400ms
====================================
Loop: 104
  Solve: 1030.0708ms
Step: 1720.3203ms
====================================
Loop: 105
  Solve: 1055.4811ms
Step: 1616.2634ms
====================================
Loop: 106
  Solve: 1073.9869ms
Step: 1799.2408ms
====================================
Loop: 107
  Solve: 1103.8219ms
Step: 1704.4536ms
====================================
Loop: 108
  Solve: 1115.7709ms
Step: 1862.7300ms
====================================
Loop: 109
  Solve: 1135.2814ms
Step: 1764.4601ms
====================================
Loop: 110
  Solve: 1154.9738ms
Step: 1922.2614ms
====================================
Loop: 111
  Solve: 1184.5352ms
Step: 1837.8711ms
====================================
Loop: 112
  Solve: 1214.6562ms
Step: 2005.3892ms
====================================
Loop: 113
  Solve: 1228.2535ms
Step: 1929.9636ms
====================================
Loop: 114
  Solve: 1250.4979ms
Step: 2071.0269ms
====================================
Loop: 115
  Solve: 1277.4380ms
Step: 2017.3175ms
====================================
Loop: 116
  Solve: 1291.0952ms
Step: 2146.5713ms
====================================
Loop: 117
  Solve: 1329.3033ms
Step: 2103.6614ms
====================================
Loop: 118
  Solve: 1351.1439ms
Step: 2234.3206ms
====================================
Loop: 119
  Solve: 1367.5925ms
Step: 2196.6792ms
====================================
Loop: 120
  Solve: 1392.3254ms
Step: 2319.7815ms
====================================
Loop: 121
  Solve: 1437.9990ms
Step: 2310.8855ms
====================================
Loop: 122
  Solve: 1443.7501ms
Step: 2408.2410ms
====================================
Loop: 123
  Solve: 1462.8933ms
Step: 2404.1047ms
====================================
Loop: 124
  Solve: 1467.7997ms
Step: 2473.6265ms
====================================
Loop: 125
  Solve: 1486.8469ms
Step: 2471.6250ms
====================================
Loop: 126
  Solve: 1487.0806ms
Step: 2535.8630ms
====================================
Loop: 127
  Solve: 1491.5460ms
Step: 2532.6445ms
====================================
Loop: 128
  Solve: 1498.6719ms
Step: 2594.3542ms
====================================
Loop: 129
  Solve: 1507.6414ms
Step: 2603.4229ms
====================================
Loop: 130
  Solve: 1499.8754ms
Step: 2638.7908ms
====================================
Loop: 131
  Solve: 1511.3523ms
Step: 2641.6201ms
====================================
Loop: 132
  Solve: 1503.3894ms
Step: 2664.1182ms
====================================
Loop: 133
  Solve: 1506.8711ms
Step: 2673.5259ms
====================================
Loop: 134
  Solve: 1501.6550ms
Step: 2676.5098ms
====================================
Loop: 135
  Solve: 1491.7991ms
Step: 2682.0417ms
====================================
Loop: 136
  Solve: 1473.4609ms
Step: 2666.9028ms
====================================
Loop: 137
  Solve: 1462.7311ms
Step: 2668.8840ms
====================================
Loop: 138
  Solve: 1447.4608ms
Step: 2648.5840ms
====================================
Loop: 139
  Solve: 1453.0413ms
Step: 2663.4126ms
====================================
Loop: 140
  Solve: 1420.3290ms
Step: 2612.8799ms
====================================
Loop: 141
  Solve: 1392.1604ms
Step: 2589.6724ms
====================================
Loop: 142
  Solve: 1384.1302ms
Step: 2583.5786ms
====================================
Loop: 143
  Solve: 1363.0566ms
Step: 2567.8472ms
====================================
Loop: 144
  Solve: 1358.6125ms
Step: 2604.9307ms
====================================
Loop: 145
  Solve: 1336.5146ms
Step: 2538.0789ms
====================================
Loop: 146
  Solve: 1320.5859ms
Step: 2526.9907ms
====================================
Loop: 147
  Solve: 1303.0378ms
Step: 2503.9524ms
====================================
Loop: 148
  Solve: 1286.9382ms
Step: 2490.8098ms
====================================
Loop: 149
  Solve: 1275.3832ms
Step: 2472.9121ms
====================================
Loop: 150
  Solve: 1258.3546ms
Step: 2464.3311ms
====================================
Loop: 151
  Solve: 1247.0381ms
Step: 2444.9517ms
====================================
Loop: 152
  Solve: 1238.9617ms
Step: 2434.7830ms
====================================
Loop: 153
  Solve: 1234.1450ms
Step: 2436.8242ms
====================================
Loop: 154
  Solve: 1224.3799ms
Step: 2433.9980ms
====================================
Loop: 155
  Solve: 1202.8862ms
Step: 2408.5579ms
====================================
Loop: 156
  Solve: 1194.0486ms
Step: 2398.9263ms
====================================
Loop: 157
  Solve: 1169.6422ms
Step: 2374.5881ms
====================================
Loop: 158
  Solve: 1159.7025ms
Step: 2358.3489ms
====================================
Loop: 159
  Solve: 1134.7174ms
Step: 2341.2083ms
====================================
Loop: 160
  Solve: 1131.9354ms
Step: 2340.8259ms
====================================
Loop: 161
  Solve: 1115.2084ms
Step: 2312.8872ms
====================================
Loop: 162
  Solve: 1092.1995ms
Step: 2294.6804ms
====================================
Loop: 163
  Solve: 1074.7302ms
Step: 2266.4341ms
====================================
Loop: 164
  Solve: 1062.0813ms
Step: 2282.7424ms
====================================
Loop: 165
  Solve: 1043.3577ms
Step: 2254.2244ms
====================================
Loop: 166
  Solve: 1030.7006ms
Step: 2237.8254ms
====================================
Loop: 167
  Solve: 1013.0636ms
Step: 2211.2871ms
====================================
Loop: 168
  Solve: 996.0372ms
Step: 2207.2087ms
====================================
Loop: 169
  Solve: 981.1552ms
Step: 2186.6016ms
====================================
Loop: 170
  Solve: 970.4533ms
Step: 2179.3787ms
====================================
Loop: 171
  Solve: 963.0914ms
Step: 2157.7859ms
====================================
Loop: 172
  Solve: 936.7617ms
Step: 2128.7910ms
====================================
Loop: 173
  Solve: 942.8253ms
Step: 2187.5974ms
====================================
Loop: 174
  Solve: 929.8648ms
Step: 2166.9617ms
====================================
Loop: 175
  Solve: 909.8856ms
Step: 2134.8396ms
====================================
Loop: 176
  Solve: 908.5903ms
Step: 2121.1519ms
====================================
Loop: 177
  Solve: 944.8113ms
Step: 2157.5854ms
====================================
Loop: 178
  Solve: 890.5209ms
Step: 2095.1404ms
====================================
Loop: 179
  Solve: 883.1996ms
Step: 2132.8530ms
====================================
Loop: 180
  Solve: 998.8256ms
Step: 2217.8306ms
====================================
Loop: 181
  Solve: 950.8480ms
Step: 2150.2056ms
====================================
Loop: 182
  Solve: 869.5743ms
Step: 2066.1392ms
====================================
Loop: 183
  Solve: 863.0458ms
Step: 2118.9302ms
====================================
Loop: 184
  Solve: 855.2214ms
Step: 2043.1759ms
====================================
Loop: 185
  Solve: 857.4371ms
Step: 2041.2233ms
====================================
Loop: 186
  Solve: 853.8528ms
Step: 2050.3730ms
====================================
Loop: 187
  Solve: 848.9869ms
Step: 2026.9391ms
====================================
Loop: 188
  Solve: 838.6075ms
Step: 2006.0955ms
====================================
Loop: 189
  Solve: 834.3469ms
Step: 2009.2620ms
====================================
Loop: 190
  Solve: 829.1489ms
Step: 2008.8722ms
====================================
Loop: 191
  Solve: 821.8877ms
Step: 1989.8091ms
====================================
Loop: 192
  Solve: 868.8862ms
Step: 2086.1060ms
====================================
Loop: 193
  Solve: 809.3899ms
Step: 1961.6382ms
====================================
Loop: 194
  Solve: 796.3599ms
Step: 1955.3715ms
====================================
Loop: 195
  Solve: 787.5200ms
Step: 1966.0219ms
====================================
Loop: 196
  Solve: 778.7413ms
Step: 1968.1177ms
====================================
Loop: 197
  Solve: 767.3292ms
Step: 1959.3730ms
====================================
Loop: 198
  Solve: 757.3558ms
Step: 1938.6853ms
====================================
Loop: 199
  Solve: 752.5584ms
Step: 1923.4661ms
====================================
Loop: 200
  Solve: 746.8018ms
Step: 1910.2004ms
====================================
Loop: 201
  Solve: 737.3433ms
Step: 1891.5376ms
====================================
Loop: 202
  Solve: 735.3683ms
Step: 1895.5927ms
====================================
Loop: 203
  Solve: 722.9719ms
Step: 1893.2611ms
====================================
Loop: 204
  Solve: 720.3022ms
Step: 1886.0909ms
====================================
Loop: 205
  Solve: 723.6939ms
Step: 1875.9038ms
====================================
Loop: 206
  Solve: 717.9222ms
Step: 1866.3097ms
====================================
Loop: 207
  Solve: 717.6762ms
Step: 1887.6620ms
====================================
Loop: 208
  Solve: 712.7722ms
Step: 1875.5964ms
====================================
Loop: 209
  Solve: 718.1360ms
Step: 1853.7570ms
====================================
Loop: 210
  Solve: 714.9726ms
Step: 1861.8667ms
====================================
Loop: 211
  Solve: 718.0795ms
Step: 1875.1503ms
====================================
Loop: 212
  Solve: 729.5118ms
Step: 1878.2319ms
====================================
Loop: 213
  Solve: 730.7037ms
Step: 1869.0029ms
====================================
Loop: 214
  Solve: 724.4209ms
Step: 1888.2202ms
====================================
Loop: 215
  Solve: 731.4905ms
Step: 1895.7163ms
====================================
Loop: 216
  Solve: 738.0045ms
Step: 1906.6980ms
====================================
Loop: 217
  Solve: 740.9340ms
Step: 1913.2908ms
====================================
Loop: 218
  Solve: 742.2115ms
Step: 1898.9751ms
====================================
Loop: 219
  Solve: 744.1996ms
Step: 1911.0576ms
====================================
Loop: 220
  Solve: 744.9963ms
Step: 1915.1184ms
====================================
Loop: 221
  Solve: 753.9283ms
Step: 1930.1927ms
====================================
Loop: 222
  Solve: 761.7244ms
Step: 1932.9082ms
====================================
Loop: 223
  Solve: 802.6893ms
Step: 1961.1765ms
====================================
Loop: 224
  Solve: 776.1413ms
Step: 1930.8901ms
====================================
Loop: 225
  Solve: 782.1860ms
Step: 1977.5298ms
====================================
Loop: 226
  Solve: 787.5946ms
Step: 1946.9993ms
====================================
Loop: 227
  Solve: 793.2211ms
Step: 1969.6241ms
====================================
Loop: 228
  Solve: 788.0005ms
Step: 1960.0232ms
====================================
Loop: 229
  Solve: 796.7129ms
Step: 1980.0839ms
====================================
Loop: 230
  Solve: 802.8540ms
Step: 1987.2804ms
====================================
Loop: 231
  Solve: 810.4843ms
Step: 2002.5591ms
====================================
Loop: 232
  Solve: 815.2451ms
Step: 2014.3795ms
====================================
Loop: 233
  Solve: 820.9641ms
Step: 2003.6919ms
====================================
Loop: 234
  Solve: 897.8832ms
Step: 2081.1333ms
====================================
Loop: 235
  Solve: 839.4031ms
Step: 2024.2860ms
====================================
Loop: 236
  Solve: 844.3370ms
Step: 2031.7910ms
====================================
Loop: 237
  Solve: 849.3419ms
Step: 2028.3071ms
====================================
Loop: 238
  Solve: 854.7660ms
Step: 2039.4191ms
====================================
Loop: 239
  Solve: 858.6075ms
Step: 2037.4298ms
====================================
Loop: 240
  Solve: 862.6588ms
Step: 2040.4464ms
====================================
Loop: 241
  Solve: 870.1933ms
Step: 2063.1240ms
====================================
Loop: 242
  Solve: 874.0366ms
Step: 2062.2566ms
====================================
Loop: 243
  Solve: 878.5123ms
Step: 2055.8726ms
====================================
Loop: 244
  Solve: 882.8683ms
Step: 2074.4546ms
====================================
Loop: 245
  Solve: 880.3436ms
Step: 2087.1748ms
====================================
Loop: 246
  Solve: 886.2701ms
Step: 2072.7507ms
====================================
Loop: 247
  Solve: 884.2490ms
Step: 2071.7559ms
====================================
Loop: 248
  Solve: 883.8908ms
Step: 2079.4075ms
====================================
Loop: 249
  Solve: 871.4387ms
Step: 2058.2974ms
====================================
Loop: 250
  Solve: 873.2440ms
Step: 2057.9683ms
====================================
Loop: 251
  Solve: 864.1008ms
Step: 2033.0331ms
====================================
Loop: 252
  Solve: 862.1854ms
Step: 2035.9949ms
====================================
Loop: 253
  Solve: 933.9449ms
Step: 2113.4690ms
====================================
Loop: 254
  Solve: 953.4442ms
Step: 2154.8254ms
====================================
Loop: 255
  Solve: 869.0800ms
Step: 2039.8961ms
====================================
Loop: 256
  Solve: 863.7529ms
Step: 2048.5476ms
====================================
Loop: 257
  Solve: 869.0056ms
Step: 2049.1790ms
====================================
Loop: 258
  Solve: 871.6227ms
Step: 2049.4207ms
====================================
Loop: 259
  Solve: 866.9872ms
Step: 2042.2675ms
====================================
Loop: 260
  Solve: 873.2277ms
Step: 2046.4130ms
====================================
Loop: 261
  Solve: 875.3240ms
Step: 2063.5811ms
====================================
Loop: 262
  Solve: 883.0535ms
Step: 2073.7397ms
====================================
Loop: 263
  Solve: 909.5609ms
Step: 2084.7991ms
====================================
Loop: 264
  Solve: 887.6942ms
Step: 2067.5813ms
====================================
Loop: 265
  Solve: 884.1005ms
Step: 2090.6807ms
====================================
Loop: 266
  Solve: 886.9803ms
Step: 2065.2456ms
====================================
Loop: 267
  Solve: 890.7838ms
Step: 2063.4651ms
====================================
Loop: 268
  Solve: 895.5928ms
Step: 2075.3828ms
====================================
Loop: 269
  Solve: 891.5331ms
Step: 2065.5549ms
====================================
Loop: 270
  Solve: 888.1357ms
Step: 2129.1394ms
====================================
Loop: 271
  Solve: 890.0432ms
Step: 2068.7141ms
====================================
Loop: 272
  Solve: 894.1545ms
Step: 2084.1851ms
====================================
Loop: 273
  Solve: 883.1796ms
Step: 2059.4451ms
====================================
Loop: 274
  Solve: 883.2358ms
Step: 2075.1792ms
====================================
Loop: 275
  Solve: 872.5018ms
Step: 2054.4048ms
====================================
Loop: 276
  Solve: 880.0574ms
Step: 2065.7405ms
====================================
Loop: 277
  Solve: 879.2637ms
Step: 2060.6045ms
====================================
Loop: 278
  Solve: 883.0536ms
Step: 2060.1584ms
====================================
Loop: 279
  Solve: 887.8860ms
Step: 2078.6746ms
====================================
Loop: 280
  Solve: 879.7350ms
Step: 2065.3257ms
====================================
Loop: 281
  Solve: 882.0306ms
Step: 2054.8669ms
====================================
Loop: 282
  Solve: 876.8371ms
Step: 2041.1780ms
====================================
Loop: 283
  Solve: 879.8889ms
Step: 2058.3103ms
====================================
Loop: 284
  Solve: 871.7206ms
Step: 2055.4634ms
====================================
Loop: 285
  Solve: 875.9772ms
Step: 2059.3213ms
====================================
Loop: 286
  Solve: 882.1051ms
Step: 2056.0732ms
====================================
Loop: 287
  Solve: 876.3988ms
Step: 2053.8293ms
====================================
Loop: 288
  Solve: 880.2139ms
Step: 2052.2886ms
====================================
Loop: 289
  Solve: 874.8120ms
Step: 2054.6882ms
====================================
Loop: 290
  Solve: 876.2996ms
Step: 2066.0098ms
====================================
Loop: 291
  Solve: 880.9075ms
Step: 2072.7556ms
====================================
Loop: 292
  Solve: 883.5639ms
Step: 2069.9746ms
====================================
Loop: 293
  Solve: 948.3345ms
Step: 2289.7629ms
====================================
Loop: 294
  Solve: 884.7721ms
Step: 2120.0444ms
====================================
Loop: 295
  Solve: 881.6221ms
Step: 2067.5156ms
====================================
Loop: 296
  Solve: 877.7149ms
Step: 2065.7148ms
====================================
Loop: 297
  Solve: 889.3266ms
Step: 2076.8779ms
====================================
Loop: 298
  Solve: 891.2604ms
Step: 2065.7271ms
====================================
Loop: 299
  Solve: 891.0938ms
Step: 2068.1787ms
====================================
Loop: 300
  Solve: 886.7643ms
Step: 2074.6333ms
====================================
Loop: 301
  Solve: 957.3376ms
Step: 2140.8918ms
====================================
Loop: 302
  Solve: 891.1135ms
Step: 2080.0281ms
====================================
Loop: 303
  Solve: 887.3101ms
Step: 2093.4414ms
====================================
Loop: 304
  Solve: 881.6297ms
Step: 2074.5767ms
====================================
Loop: 305
  Solve: 877.2053ms
Step: 2052.6194ms
====================================
Loop: 306
  Solve: 872.6905ms
Step: 2050.0266ms
====================================
Loop: 307
  Solve: 883.3750ms
Step: 2056.9319ms
====================================
Loop: 308
  Solve: 873.5551ms
Step: 2056.5154ms
====================================
Loop: 309
  Solve: 867.5614ms
Step: 2044.4369ms
====================================
Loop: 310
  Solve: 869.7511ms
Step: 2031.7933ms
====================================
Loop: 311
  Solve: 867.4299ms
Step: 2043.6543ms
====================================
Loop: 312
  Solve: 862.4084ms
Step: 2035.5096ms
====================================
Loop: 313
  Solve: 857.4678ms
Step: 2036.6558ms
====================================
Loop: 314
  Solve: 859.8513ms
Step: 2042.1747ms
====================================
Loop: 315
  Solve: 857.4484ms
Step: 2033.1185ms
====================================
Loop: 316
  Solve: 850.6270ms
Step: 2015.8302ms
====================================
Loop: 317
  Solve: 842.0201ms
Step: 2008.9137ms
====================================
Loop: 318
  Solve: 842.2301ms
Step: 2016.0024ms
====================================
Loop: 319
  Solve: 840.6990ms
Step: 2003.3323ms
====================================
Loop: 320
  Solve: 838.2827ms
Step: 1999.8654ms
====================================
Loop: 321
  Solve: 840.4851ms
Step: 1992.3452ms
====================================
Loop: 322
  Solve: 834.0491ms
Step: 2006.8296ms
====================================
Loop: 323
  Solve: 829.2763ms
Step: 1986.8158ms
====================================
Loop: 324
  Solve: 831.8345ms
Step: 1986.1503ms
====================================
Loop: 325
  Solve: 825.4481ms
Step: 1985.6776ms
====================================
Loop: 326
  Solve: 825.7040ms
Step: 1987.8738ms
====================================
Loop: 327
  Solve: 827.2789ms
Step: 1988.4221ms
====================================
Loop: 328
  Solve: 816.0565ms
Step: 1974.6300ms
====================================
Loop: 329
  Solve: 820.0656ms
Step: 1985.5288ms
====================================
Loop: 330
  Solve: 805.0493ms
Step: 1960.7932ms
====================================
Loop: 331
  Solve: 803.2584ms
Step: 1943.8330ms
====================================
Loop: 332
  Solve: 795.4384ms
Step: 1946.8311ms
====================================
Loop: 333
  Solve: 793.1609ms
Step: 1923.1665ms
====================================
Loop: 334
  Solve: 783.9441ms
Step: 1902.7578ms
====================================
Loop: 335
  Solve: 778.3233ms
Step: 1896.0535ms
====================================
Loop: 336
  Solve: 772.5007ms
Step: 1906.1550ms
====================================
Loop: 337
  Solve: 763.7570ms
Step: 1885.8445ms
====================================
Loop: 338
  Solve: 768.1373ms
Step: 1871.2783ms
====================================
Loop: 339
  Solve: 753.8812ms
Step: 1843.1212ms
====================================
Loop: 340
  Solve: 748.5005ms
Step: 1863.1992ms
====================================
Loop: 341
  Solve: 748.6962ms
Step: 1835.7930ms
====================================
Loop: 342
  Solve: 737.0851ms
Step: 1813.9667ms
====================================
Loop: 343
  Solve: 728.5166ms
Step: 1832.3936ms
====================================
Loop: 344
  Solve: 730.4321ms
Step: 1806.1545ms
====================================
Loop: 345
  Solve: 726.9669ms
Step: 1802.4119ms
====================================
Loop: 346
  Solve: 722.3509ms
Step: 1791.3772ms
====================================
Loop: 347
  Solve: 724.8409ms
Step: 1785.1168ms
====================================
Loop: 348
  Solve: 713.8621ms
Step: 1809.6600ms
====================================
Loop: 349
  Solve: 712.3942ms
Step: 1759.6174ms
====================================
Loop: 350
  Solve: 715.5168ms
Step: 1783.9148ms
====================================
Loop: 351
  Solve: 705.8392ms
Step: 1749.8270ms
====================================
Loop: 352
  Solve: 702.5806ms
Step: 1771.0648ms
====================================
Loop: 353
  Solve: 701.3848ms
Step: 1747.4504ms
====================================
Loop: 354
  Solve: 695.1315ms
Step: 1741.6423ms
====================================
Loop: 355
  Solve: 695.6498ms
Step: 1723.7534ms
====================================
Loop: 356
  Solve: 688.4814ms
Step: 1741.9404ms
====================================
Loop: 357
  Solve: 683.7678ms
Step: 1697.8184ms
====================================
Loop: 358
  Solve: 682.0516ms
Step: 1708.1121ms
====================================
Loop: 359
  Solve: 679.0095ms
Step: 1696.5145ms
====================================
Loop: 360
  Solve: 675.3293ms
Step: 1694.8744ms
====================================
Loop: 361
  Solve: 668.5779ms
Step: 1683.9424ms
====================================
Loop: 362
  Solve: 671.1855ms
Step: 1673.0781ms
====================================
Loop: 363
  Solve: 662.4393ms
Step: 1670.7710ms
====================================
Loop: 364
  Solve: 654.6318ms
Step: 1661.2576ms
====================================
Loop: 365
  Solve: 660.4553ms
Step: 1650.0485ms
====================================
Loop: 366
  Solve: 654.9866ms
Step: 1647.8539ms
====================================
Loop: 367
  Solve: 649.8966ms
Step: 1634.6205ms
====================================
Loop: 368
  Solve: 650.4203ms
Step: 1636.5459ms
====================================
Loop: 369
  Solve: 642.4369ms
Step: 1620.1025ms
====================================
Loop: 370
  Solve: 644.6180ms
Step: 1601.5549ms
====================================
Loop: 371
  Solve: 647.7287ms
Step: 1626.9109ms
====================================
Loop: 372
  Solve: 641.2903ms
Step: 1636.7860ms
====================================
Loop: 373
  Solve: 654.0706ms
Step: 1643.4197ms
====================================
Loop: 374
  Solve: 641.8483ms
Step: 1626.0095ms
====================================
Loop: 375
  Solve: 632.1547ms
Step: 1596.6182ms
====================================
Loop: 376
  Solve: 639.0228ms
Step: 1621.1335ms
====================================
Loop: 377
  Solve: 632.8613ms
Step: 1590.1475ms
====================================
Loop: 378
  Solve: 628.9418ms
Step: 1580.6213ms
====================================
Loop: 379
  Solve: 624.5429ms
Step: 1597.4905ms
====================================
Loop: 380
  Solve: 621.4069ms
Step: 1560.6299ms
====================================
Loop: 381
  Solve: 611.9528ms
Step: 1572.7571ms
====================================
Loop: 382
  Solve: 617.8007ms
Step: 1564.6282ms
====================================
Loop: 383
  Solve: 615.0276ms
Step: 1560.3848ms
====================================
Loop: 384
  Solve: 613.2980ms
Step: 1553.6987ms
====================================
Loop: 385
  Solve: 608.8051ms
Step: 1535.0303ms
====================================
Loop: 386
  Solve: 608.9332ms
Step: 1547.1395ms
====================================
Loop: 387
  Solve: 607.4082ms
Step: 1525.8701ms
====================================
Loop: 388
  Solve: 606.6127ms
Step: 1536.7629ms
====================================
Loop: 389
  Solve: 598.8035ms
Step: 1506.6652ms
====================================
Loop: 390
  Solve: 602.2652ms
Step: 1536.9329ms
====================================
Loop: 391
  Solve: 598.7419ms
Step: 1503.0543ms
====================================
Loop: 392
  Solve: 602.2977ms
Step: 1512.0171ms
====================================
Loop: 393
  Solve: 597.4894ms
Step: 1489.4108ms
====================================
Loop: 394
  Solve: 593.5182ms
Step: 1500.0275ms
====================================
Loop: 395
  Solve: 592.2366ms
Step: 1480.4124ms
====================================
Loop: 396
  Solve: 593.2343ms
Step: 1487.6139ms
====================================
Loop: 397
  Solve: 589.5628ms
Step: 1483.3568ms
====================================
Loop: 398
  Solve: 592.5482ms
Step: 1482.6704ms
====================================
Loop: 399
  Solve: 595.8254ms
Step: 1482.6812ms
====================================
Loop: 400
  Solve: 587.4869ms
Step: 1475.8750ms
====================================
Loop: 401
  Solve: 589.7962ms
Step: 1473.5653ms
====================================
Loop: 402
  Solve: 583.8097ms
Step: 1478.5923ms
====================================
Loop: 403
  Solve: 583.3860ms
Step: 1447.6632ms
====================================
Loop: 404
  Solve: 579.3657ms
Step: 1474.8416ms
====================================
Loop: 405
  Solve: 585.0005ms
Step: 1464.6863ms
====================================
Loop: 406
  Solve: 583.2635ms
Step: 1447.2299ms
====================================
Loop: 407
  Solve: 577.7423ms
Step: 1436.8370ms
====================================
Loop: 408
  Solve: 572.4219ms
Step: 1420.2701ms
====================================
Loop: 409
  Solve: 571.4470ms
Step: 1427.3601ms
====================================
Loop: 410
  Solve: 578.0255ms
Step: 1423.7236ms
====================================
Loop: 411
  Solve: 571.3220ms
Step: 1432.4722ms
====================================
Loop: 412
  Solve: 568.4304ms
Step: 1414.6917ms
====================================
Loop: 413
  Solve: 568.2875ms
Step: 1410.9890ms
====================================
Loop: 414
  Solve: 564.9611ms
Step: 1421.2594ms
====================================
Loop: 415
  Solve: 567.0977ms
Step: 1397.8447ms
====================================
Loop: 416
  Solve: 564.6430ms
Step: 1408.1453ms
====================================
Loop: 417
  Solve: 567.2463ms
Step: 1395.5913ms
====================================
Loop: 418
  Solve: 563.0605ms
Step: 1387.3005ms
====================================
Loop: 419
  Solve: 562.9922ms
Step: 1410.5129ms
====================================
Loop: 420
  Solve: 562.7360ms
Step: 1391.1865ms
====================================
Loop: 421
  Solve: 557.4984ms
Step: 1391.1848ms
====================================
Loop: 422
  Solve: 561.4272ms
Step: 1456.2124ms
====================================
Loop: 423
  Solve: 634.8300ms
Step: 1465.2762ms
====================================
Loop: 424
  Solve: 559.1775ms
Step: 1375.7303ms
====================================
Loop: 425
  Solve: 620.4363ms
Step: 1426.3506ms
====================================
Loop: 426
  Solve: 546.2407ms
Step: 1347.8247ms
====================================
Loop: 427
  Solve: 549.5244ms
Step: 1339.5690ms
====================================
Loop: 428
  Solve: 551.9251ms
Step: 1335.5270ms
====================================
Loop: 429
  Solve: 549.0901ms
Step: 1346.8505ms
====================================
Loop: 430
  Solve: 558.4960ms
Step: 1358.9745ms
====================================
Loop: 431
  Solve: 554.8033ms
Step: 1341.2168ms
====================================
Loop: 432
  Solve: 552.7260ms
Step: 1356.6991ms
====================================
Loop: 433
  Solve: 553.9545ms
Step: 1337.7153ms
====================================
Loop: 434
  Solve: 552.4725ms
Step: 1347.0725ms
====================================
Loop: 435
  Solve: 547.5344ms
Step: 1346.2991ms
====================================
Loop: 436
  Solve: 552.7855ms
Step: 1324.9847ms
====================================
Loop: 437
  Solve: 545.8387ms
Step: 1326.5546ms
====================================
Loop: 438
  Solve: 547.0950ms
Step: 1334.2183ms
====================================
Loop: 439
  Solve: 547.9068ms
Step: 1319.1493ms
====================================
Loop: 440
  Solve: 548.7144ms
Step: 1308.9055ms
====================================
Loop: 441
  Solve: 546.2308ms
Step: 1330.1100ms
====================================
Loop: 442
  Solve: 547.0598ms
Step: 1306.1487ms
====================================
Loop: 443
  Solve: 541.3282ms
Step: 1304.7169ms
====================================
Loop: 444
  Solve: 537.4388ms
Step: 1308.9957ms
====================================
Loop: 445
  Solve: 543.6769ms
Step: 1366.7100ms
====================================
Loop: 446
  Solve: 536.8660ms
Step: 1299.9558ms
====================================
Loop: 447
  Solve: 534.7184ms
Step: 1301.0555ms
====================================
Loop: 448
  Solve: 543.8410ms
Step: 1298.3557ms
====================================
Loop: 449
  Solve: 534.4633ms
Step: 1291.3481ms
====================================
Loop: 450
  Solve: 535.4338ms
Step: 1290.2664ms
====================================
Loop: 451
  Solve: 536.6856ms
Step: 1290.3403ms
====================================
Loop: 452
  Solve: 542.8599ms
Step: 1283.0562ms
====================================
Loop: 453
  Solve: 529.7023ms
Step: 1270.6212ms
====================================
Loop: 454
  Solve: 526.9364ms
Step: 1256.6968ms
====================================
Loop: 455
  Solve: 526.5635ms
Step: 1261.9030ms
====================================
Loop: 456
  Solve: 529.1409ms
Step: 1251.1901ms
====================================
Loop: 457
  Solve: 531.6131ms
Step: 1263.5269ms
====================================
Loop: 458
  Solve: 527.2642ms
Step: 1263.2753ms
====================================
Loop: 459
  Solve: 524.1284ms
Step: 1254.7871ms
====================================
Loop: 460
  Solve: 529.2324ms
Step: 1244.1772ms
====================================
Loop: 461
  Solve: 529.7076ms
Step: 1252.9944ms
====================================
Loop: 462
  Solve: 549.0545ms
Step: 1383.9346ms
====================================
Loop: 463
  Solve: 537.1908ms
Step: 1265.0450ms
====================================
Loop: 464
  Solve: 532.1508ms
Step: 1257.9749ms
====================================
Loop: 465
  Solve: 533.3107ms
Step: 1271.3264ms
====================================
Loop: 466
  Solve: 534.0513ms
Step: 1267.7102ms
====================================
Loop: 467
  Solve: 537.4336ms
Step: 1253.6610ms
====================================
Loop: 468
  Solve: 532.5251ms
Step: 1261.4700ms
====================================
Loop: 469
  Solve: 531.1159ms
Step: 1256.1066ms
====================================
Loop: 470
  Solve: 538.1563ms
Step: 1265.2518ms
====================================
Loop: 471
  Solve: 541.6155ms
Step: 1251.6818ms
====================================
Loop: 472
  Solve: 530.0074ms
Step: 1253.0527ms
====================================
Loop: 473
  Solve: 528.7551ms
Step: 1248.1185ms
====================================
Loop: 474
  Solve: 536.0551ms
Step: 1263.3248ms
====================================
Loop: 475
  Solve: 536.2081ms
Step: 1293.4175ms
====================================
Loop: 476
  Solve: 532.7798ms
Step: 1247.9545ms
====================================
Loop: 477
  Solve: 532.0552ms
Step: 1250.5724ms
====================================
Loop: 478
  Solve: 538.5475ms
Step: 1246.6754ms
====================================
Loop: 479
  Solve: 539.0898ms
Step: 1241.8966ms
====================================
Loop: 480
  Solve: 527.3580ms
Step: 1239.1353ms
====================================
Loop: 481
  Solve: 535.4062ms
Step: 1240.4772ms
====================================
Loop: 482
  Solve: 542.3937ms
Step: 1251.1119ms
====================================
Loop: 483
  Solve: 537.2617ms
Step: 1231.6616ms
====================================
Loop: 484
  Solve: 531.4119ms
Step: 1294.2627ms
====================================
Loop: 485
  Solve: 535.6490ms
Step: 1242.0552ms
====================================
Loop: 486
  Solve: 539.5744ms
Step: 1259.9231ms
====================================
Loop: 487
  Solve: 541.9829ms
Step: 1224.8995ms
====================================
Loop: 488
  Solve: 529.2762ms
Step: 1228.0435ms
====================================
Loop: 489
  Solve: 528.3030ms
Step: 1221.3032ms
====================================
Loop: 490
  Solve: 534.7300ms
Step: 1232.3579ms
====================================
Loop: 491
  Solve: 535.3295ms
Step: 1219.5426ms
====================================
Loop: 492
  Solve: 529.4642ms
Step: 1214.2725ms
====================================
Loop: 493
  Solve: 528.4605ms
Step: 1220.0135ms
====================================
Loop: 494
  Solve: 530.3830ms
Step: 1223.2548ms
====================================
Loop: 495
  Solve: 536.1382ms
Step: 1217.9408ms
====================================
Loop: 496
  Solve: 534.1335ms
Step: 1205.6853ms
====================================
Loop: 497
  Solve: 531.7882ms
Step: 1218.1630ms
====================================
Loop: 498
  Solve: 527.0406ms
Step: 1211.3550ms
====================================
Loop: 499
  Solve: 532.3001ms
Step: 1214.8694ms
====================================
Loop: 500
  Solve: 533.6685ms
Step: 1208.9865ms
====================================
