Using platform vendor: Intel(R) Corporation
Loop: 0
  Solve: 0.0013ms
Step: 672.7394ms
====================================
Loop: 1
  Solve: 0.0012ms
Step: 305.7054ms
====================================
Loop: 2
  Solve: 0.0011ms
Step: 296.6945ms
====================================
Loop: 3
  Solve: 0.0012ms
Step: 296.9660ms
====================================
Loop: 4
  Solve: 0.0012ms
Step: 300.4018ms
====================================
Loop: 5
  Solve: 0.0009ms
Step: 297.5633ms
====================================
Loop: 6
  Solve: 0.0011ms
Step: 303.0672ms
====================================
Loop: 7
  Solve: 0.0008ms
Step: 294.1404ms
====================================
Loop: 8
  Solve: 0.0016ms
Step: 297.0181ms
====================================
Loop: 9
  Solve: 0.0012ms
Step: 296.2841ms
====================================
Loop: 10
  Solve: 0.0014ms
Step: 297.5487ms
====================================
Loop: 11
  Solve: 0.0012ms
Step: 307.6547ms
====================================
Loop: 12
  Solve: 0.0011ms
Step: 293.7327ms
====================================
Loop: 13
  Solve: 0.0012ms
Step: 299.2025ms
====================================
Loop: 14
  Solve: 0.0015ms
Step: 295.1864ms
====================================
Loop: 15
  Solve: 0.0011ms
Step: 292.9166ms
====================================
Loop: 16
  Solve: 0.0012ms
Step: 294.7846ms
====================================
Loop: 17
  Solve: 0.0010ms
Step: 289.9092ms
====================================
Loop: 18
  Solve: 0.0010ms
Step: 702.0026ms
====================================
Loop: 19
  Solve: 0.0009ms
Step: 287.2603ms
====================================
Loop: 20
  Solve: 0.0012ms
Step: 296.7758ms
====================================
Loop: 21
  Solve: 0.0009ms
Step: 294.9045ms
====================================
Loop: 22
  Solve: 0.0011ms
Step: 290.4798ms
====================================
Loop: 23
  Solve: 0.0016ms
Step: 296.5483ms
====================================
Loop: 24
  Solve: 0.0012ms
Step: 291.7648ms
====================================
Loop: 25
  Solve: 0.0011ms
Step: 294.0536ms
====================================
Loop: 26
  Solve: 0.0007ms
Step: 700.0918ms
====================================
Loop: 27
  Solve: 0.0010ms
Step: 293.6006ms
====================================
Loop: 28
  Solve: 0.0012ms
Step: 291.2419ms
====================================
Loop: 29
  Solve: 0.0015ms
Step: 294.5032ms
====================================
Loop: 30
  Solve: 0.0012ms
Step: 291.0331ms
====================================
Loop: 31
  Solve: 0.0014ms
Step: 288.9935ms
====================================
Loop: 32
  Solve: 0.0010ms
Step: 295.6416ms
====================================
Loop: 33
  Solve: 0.0015ms
Step: 692.7756ms
====================================
Loop: 34
  Solve: 0.0009ms
Step: 295.4682ms
====================================
Loop: 35
  Solve: 0.0011ms
Step: 287.5875ms
====================================
Loop: 36
  Solve: 0.0011ms
Step: 293.8873ms
====================================
Loop: 37
  Solve: 0.0025ms
Step: 292.5830ms
====================================
Loop: 38
  Solve: 0.0014ms
Step: 693.0193ms
====================================
Loop: 39
  Solve: 0.0012ms
Step: 288.8673ms
====================================
Loop: 40
  Solve: 0.0017ms
Step: 292.7788ms
====================================
Loop: 41
  Solve: 0.0012ms
Step: 293.1262ms
====================================
Loop: 42
  Solve: 0.0011ms
Step: 288.6948ms
====================================
Loop: 43
  Solve: 0.0010ms
Step: 698.2778ms
====================================
Loop: 44
  Solve: 0.0016ms
Step: 331.4640ms
====================================
Loop: 45
  Solve: 0.0012ms
Step: 303.3260ms
====================================
Loop: 46
  Solve: 0.0014ms
Step: 296.0849ms
====================================
Loop: 47
  Solve: 0.0014ms
Step: 701.2895ms
====================================
Loop: 48
  Solve: 0.0011ms
Step: 297.1641ms
====================================
Loop: 49
  Solve: 0.0011ms
Step: 299.8353ms
====================================
Loop: 50
  Solve: 0.0013ms
Step: 299.7200ms
====================================
Loop: 51
  Solve: 0.0012ms
Step: 699.6030ms
====================================
Loop: 52
  Solve: 0.0012ms
Step: 297.6370ms
====================================
Loop: 53
  Solve: 0.0013ms
Step: 298.7944ms
====================================
Loop: 54
  Solve: 3.5587ms
Step: 308.1769ms
====================================
Loop: 55
  Solve: 6.8445ms
Step: 699.6321ms
====================================
Loop: 56
  Solve: 9.1776ms
Step: 315.7047ms
====================================
Loop: 57
  Solve: 11.3406ms
Step: 312.4468ms
====================================
Loop: 58
  Solve: 13.6349ms
Step: 314.3825ms
====================================
Loop: 59
  Solve: 29.9635ms
Step: 741.4454ms
====================================
Loop: 60
  Solve: 19.8053ms
Step: 330.2833ms
====================================
Loop: 61
  Solve: 22.1183ms
Step: 336.3551ms
====================================
Loop: 62
  Solve: 24.3465ms
Step: 693.7629ms
====================================
Loop: 63
  Solve: 29.2478ms
Step: 349.9264ms
====================================
Loop: 64
  Solve: 32.9967ms
Step: 353.0199ms
====================================
Loop: 65
  Solve: 33.8627ms
Step: 696.7684ms
====================================
Loop: 66
  Solve: 36.1856ms
Step: 359.4524ms
====================================
Loop: 67
  Solve: 56.4396ms
Step: 388.8220ms
====================================
Loop: 68
  Solve: 44.4474ms
Step: 708.2223ms
====================================
Loop: 69
  Solve: 51.4061ms
Step: 381.0964ms
====================================
Loop: 70
  Solve: 57.7417ms
Step: 387.3314ms
====================================
Loop: 71
  Solve: 55.5806ms
Step: 704.7764ms
====================================
Loop: 72
  Solve: 63.7820ms
Step: 407.3428ms
====================================
Loop: 73
  Solve: 63.9915ms
Step: 400.3140ms
====================================
Loop: 74
  Solve: 73.5494ms
Step: 718.9564ms
====================================
Loop: 75
  Solve: 70.6693ms
Step: 417.0231ms
====================================
Loop: 76
  Solve: 71.8901ms
Step: 424.4043ms
====================================
Loop: 77
  Solve: 91.5152ms
Step: 736.4375ms
====================================
Loop: 78
  Solve: 93.3410ms
Step: 461.0162ms
====================================
Loop: 79
  Solve: 97.0420ms
Step: 464.4039ms
====================================
Loop: 80
  Solve: 104.0369ms
Step: 749.7142ms
====================================
Loop: 81
  Solve: 155.3880ms
Step: 547.0438ms
====================================
Loop: 82
  Solve: 125.2027ms
Step: 503.8275ms
====================================
Loop: 83
  Solve: 129.0597ms
Step: 764.5202ms
====================================
Loop: 84
  Solve: 131.3225ms
Step: 521.9071ms
====================================
Loop: 85
  Solve: 138.5553ms
Step: 535.9738ms
====================================
Loop: 86
  Solve: 145.2283ms
Step: 790.1695ms
====================================
Loop: 87
  Solve: 149.3218ms
Step: 546.7906ms
====================================
Loop: 88
  Solve: 152.5695ms
Step: 567.2197ms
====================================
Loop: 89
  Solve: 158.9891ms
Step: 804.1345ms
====================================
Loop: 90
  Solve: 176.6982ms
Step: 596.3958ms
====================================
Loop: 91
  Solve: 175.7387ms
Step: 601.0829ms
====================================
Loop: 92
  Solve: 182.9067ms
Step: 836.5443ms
====================================
Loop: 93
  Solve: 189.0477ms
Step: 624.7767ms
====================================
Loop: 94
  Solve: 202.0844ms
Step: 862.4125ms
====================================
Loop: 95
  Solve: 199.3697ms
Step: 654.3982ms
====================================
Loop: 96
  Solve: 204.0895ms
Step: 867.2803ms
====================================
Loop: 97
  Solve: 208.4596ms
Step: 691.8776ms
====================================
Loop: 98
  Solve: 214.1533ms
Step: 889.9880ms
====================================
Loop: 99
  Solve: 227.7668ms
Step: 741.9775ms
====================================
Loop: 100
  Solve: 240.1233ms
Step: 927.2136ms
====================================
Loop: 101
  Solve: 240.4880ms
Step: 771.7278ms
====================================
Loop: 102
  Solve: 238.6572ms
Step: 948.6741ms
====================================
Loop: 103
  Solve: 238.2183ms
Step: 799.9583ms
====================================
Loop: 104
  Solve: 252.8873ms
Step: 974.8849ms
====================================
Loop: 105
  Solve: 257.1877ms
Step: 847.7552ms
====================================
Loop: 106
  Solve: 253.6579ms
Step: 999.0294ms
====================================
Loop: 107
  Solve: 257.0358ms
Step: 872.7385ms
====================================
Loop: 108
  Solve: 263.9290ms
Step: 1064.0895ms
====================================
Loop: 109
  Solve: 336.8009ms
Step: 982.3497ms
====================================
Loop: 110
  Solve: 294.5249ms
Step: 1146.5120ms
====================================
Loop: 111
  Solve: 289.2647ms
Step: 970.1680ms
====================================
Loop: 112
  Solve: 291.9796ms
Step: 1159.6687ms
====================================
Loop: 113
  Solve: 292.7449ms
Step: 1016.2999ms
====================================
Loop: 114
  Solve: 299.4067ms
Step: 1138.5631ms
====================================
Loop: 115
  Solve: 313.1984ms
Step: 1096.0427ms
====================================
Loop: 116
  Solve: 313.5848ms
Step: 1183.3356ms
====================================
Loop: 117
  Solve: 313.0152ms
Step: 1111.2515ms
====================================
Loop: 118
  Solve: 314.2371ms
Step: 1224.1830ms
====================================
Loop: 119
  Solve: 332.6974ms
Step: 1174.6366ms
====================================
Loop: 120
  Solve: 323.1675ms
Step: 1273.0603ms
====================================
Loop: 121
  Solve: 342.4525ms
Step: 1249.0864ms
====================================
Loop: 122
  Solve: 327.3546ms
Step: 1397.8168ms
====================================
Loop: 123
  Solve: 330.5481ms
Step: 1295.2169ms
====================================
Loop: 124
  Solve: 334.5789ms
Step: 1379.5981ms
====================================
Loop: 125
  Solve: 337.8025ms
Step: 1354.1938ms
====================================
Loop: 126
  Solve: 352.0308ms
Step: 1438.4043ms
====================================
Loop: 127
  Solve: 352.6123ms
Step: 1407.4524ms
====================================
Loop: 128
  Solve: 350.0819ms
Step: 1456.4226ms
====================================
Loop: 129
  Solve: 353.5107ms
Step: 1480.5425ms
====================================
Loop: 130
  Solve: 355.0275ms
Step: 1528.4094ms
====================================
Loop: 131
  Solve: 353.7142ms
Step: 1496.1725ms
====================================
Loop: 132
  Solve: 356.2753ms
Step: 1518.0962ms
====================================
Loop: 133
  Solve: 360.8166ms
Step: 1528.8569ms
====================================
Loop: 134
  Solve: 425.1944ms
Step: 1628.6692ms
====================================
Loop: 135
  Solve: 357.2497ms
Step: 1556.2317ms
====================================
Loop: 136
  Solve: 347.7711ms
Step: 1621.5393ms
====================================
Loop: 137
  Solve: 368.7697ms
Step: 1596.9417ms
====================================
Loop: 138
  Solve: 348.8790ms
Step: 1567.8317ms
====================================
Loop: 139
  Solve: 332.6881ms
Step: 1613.7828ms
====================================
Loop: 140
  Solve: 325.4622ms
Step: 1541.3292ms
====================================
Loop: 141
  Solve: 325.5425ms
Step: 1553.2542ms
====================================
Loop: 142
  Solve: 314.4395ms
Step: 1540.7087ms
====================================
Loop: 143
  Solve: 307.6031ms
Step: 1534.6426ms
====================================
Loop: 144
  Solve: 297.1873ms
Step: 1537.7209ms
====================================
Loop: 145
  Solve: 298.3756ms
Step: 1541.4451ms
====================================
Loop: 146
  Solve: 291.4750ms
Step: 1602.8027ms
====================================
Loop: 147
  Solve: 299.6426ms
Step: 1531.1218ms
====================================
Loop: 148
  Solve: 300.1457ms
Step: 1550.1885ms
====================================
Loop: 149
  Solve: 293.7366ms
Step: 1572.2886ms
====================================
Loop: 150
  Solve: 285.0146ms
Step: 1526.5271ms
====================================
Loop: 151
  Solve: 278.5086ms
Step: 1503.8606ms
====================================
Loop: 152
  Solve: 275.5874ms
Step: 1504.8090ms
====================================
Loop: 153
  Solve: 270.8431ms
Step: 1513.4132ms
====================================
Loop: 154
  Solve: 273.5471ms
Step: 1512.1021ms
====================================
Loop: 155
  Solve: 264.2690ms
Step: 1497.4182ms
====================================
Loop: 156
  Solve: 270.1747ms
Step: 1537.6406ms
====================================
Loop: 157
  Solve: 257.2914ms
Step: 1502.7047ms
====================================
Loop: 158
  Solve: 269.9490ms
Step: 1509.7029ms
====================================
Loop: 159
  Solve: 251.8699ms
Step: 1478.0514ms
====================================
Loop: 160
  Solve: 265.4009ms
Step: 1498.9838ms
====================================
Loop: 161
  Solve: 247.0807ms
Step: 1477.3068ms
====================================
Loop: 162
  Solve: 242.1425ms
Step: 1471.9700ms
====================================
Loop: 163
  Solve: 246.2724ms
Step: 1476.6935ms
====================================
Loop: 164
  Solve: 264.0080ms
Step: 1505.3922ms
====================================
Loop: 165
  Solve: 242.0592ms
Step: 1467.3689ms
====================================
Loop: 166
  Solve: 229.5101ms
Step: 1463.4553ms
====================================
Loop: 167
  Solve: 227.7868ms
Step: 1456.3933ms
====================================
Loop: 168
  Solve: 209.6210ms
Step: 1420.9801ms
====================================
Loop: 169
  Solve: 210.5712ms
Step: 1428.3223ms
====================================
Loop: 170
  Solve: 207.9974ms
Step: 1423.0186ms
====================================
Loop: 171
  Solve: 219.6279ms
Step: 1429.5090ms
====================================
Loop: 172
  Solve: 208.2048ms
Step: 1411.1453ms
====================================
Loop: 173
  Solve: 215.5533ms
Step: 1427.0178ms
====================================
Loop: 174
  Solve: 198.3587ms
Step: 1419.1870ms
====================================
Loop: 175
  Solve: 186.6687ms
Step: 1418.0811ms
====================================
Loop: 176
  Solve: 193.6529ms
Step: 1404.8716ms
====================================
Loop: 177
  Solve: 194.1945ms
Step: 1396.3390ms
====================================
Loop: 178
  Solve: 210.5769ms
Step: 1434.7302ms
====================================
Loop: 179
  Solve: 188.9814ms
Step: 1397.6080ms
====================================
Loop: 180
  Solve: 176.7071ms
Step: 1381.0898ms
====================================
Loop: 181
  Solve: 200.6427ms
Step: 1384.5586ms
====================================
Loop: 182
  Solve: 194.6314ms
Step: 1371.8826ms
====================================
Loop: 183
  Solve: 191.2256ms
Step: 1383.5980ms
====================================
Loop: 184
  Solve: 179.6884ms
Step: 1368.9067ms
====================================
Loop: 185
  Solve: 185.1737ms
Step: 1378.7958ms
====================================
Loop: 186
  Solve: 194.8098ms
Step: 1365.3250ms
====================================
Loop: 187
  Solve: 224.8371ms
Step: 1421.1399ms
====================================
Loop: 188
  Solve: 180.1182ms
Step: 1364.7964ms
====================================
Loop: 189
  Solve: 180.0363ms
Step: 1360.8848ms
====================================
Loop: 190
  Solve: 193.6674ms
Step: 1363.2719ms
====================================
Loop: 191
  Solve: 179.8561ms
Step: 1363.1821ms
====================================
Loop: 192
  Solve: 174.2367ms
Step: 1360.3340ms
====================================
Loop: 193
  Solve: 183.5271ms
Step: 1385.0969ms
====================================
Loop: 194
  Solve: 181.6198ms
Step: 1349.3508ms
====================================
Loop: 195
  Solve: 179.1634ms
Step: 1348.3384ms
====================================
Loop: 196
  Solve: 180.1226ms
Step: 1353.0521ms
====================================
Loop: 197
  Solve: 198.1884ms
Step: 1350.6090ms
====================================
Loop: 198
  Solve: 179.1119ms
Step: 1344.9001ms
====================================
Loop: 199
  Solve: 175.4094ms
Step: 1342.2915ms
====================================
Loop: 200
  Solve: 193.2643ms
Step: 1340.1218ms
====================================
Loop: 201
  Solve: 190.0959ms
Step: 1341.5043ms
====================================
Loop: 202
  Solve: 175.6566ms
Step: 1336.8589ms
====================================
Loop: 203
  Solve: 193.1367ms
Step: 1340.2235ms
====================================
Loop: 204
  Solve: 190.4513ms
Step: 1350.5646ms
====================================
Loop: 205
  Solve: 174.5931ms
Step: 1341.8329ms
====================================
Loop: 206
  Solve: 187.2875ms
Step: 1342.4938ms
====================================
Loop: 207
  Solve: 191.0801ms
Step: 1347.0010ms
====================================
Loop: 208
  Solve: 178.1653ms
Step: 1337.6550ms
====================================
Loop: 209
  Solve: 183.7810ms
Step: 1334.2273ms
====================================
Loop: 210
  Solve: 186.1881ms
Step: 1337.3779ms
====================================
Loop: 211
  Solve: 181.2912ms
Step: 1332.2880ms
====================================
Loop: 212
  Solve: 187.5890ms
Step: 1343.1963ms
====================================
Loop: 213
  Solve: 186.5584ms
Step: 1338.3940ms
====================================
Loop: 214
  Solve: 181.1263ms
Step: 1358.2402ms
====================================
Loop: 215
  Solve: 191.8728ms
Step: 1366.4067ms
====================================
Loop: 216
  Solve: 191.0053ms
Step: 1427.0907ms
====================================
Loop: 217
  Solve: 192.6532ms
Step: 1376.4222ms
====================================
Loop: 218
  Solve: 185.6165ms
Step: 1375.4539ms
====================================
Loop: 219
  Solve: 187.3839ms
Step: 1377.0231ms
====================================
Loop: 220
  Solve: 198.7227ms
Step: 1373.6089ms
====================================
Loop: 221
  Solve: 191.4333ms
Step: 1373.7568ms
====================================
Loop: 222
  Solve: 191.5287ms
Step: 1388.0801ms
====================================
Loop: 223
  Solve: 188.0737ms
Step: 1411.2333ms
====================================
Loop: 224
  Solve: 256.5095ms
Step: 1647.3364ms
====================================
Loop: 225
  Solve: 195.9766ms
Step: 1579.8936ms
====================================
Loop: 226
  Solve: 247.2313ms
Step: 1429.4403ms
====================================
Loop: 227
  Solve: 193.7823ms
Step: 1378.9219ms
====================================
Loop: 228
  Solve: 199.1608ms
Step: 1390.3049ms
====================================
Loop: 229
  Solve: 205.7187ms
Step: 1385.4310ms
====================================
Loop: 230
  Solve: 200.5844ms
Step: 1388.5861ms
====================================
Loop: 231
  Solve: 199.4148ms
Step: 1393.9399ms
====================================
Loop: 232
  Solve: 196.6530ms
Step: 1393.8525ms
====================================
Loop: 233
  Solve: 205.0333ms
Step: 1385.7002ms
====================================
Loop: 234
  Solve: 221.3477ms
Step: 1424.9138ms
====================================
Loop: 235
  Solve: 207.6702ms
Step: 1394.6550ms
====================================
Loop: 236
  Solve: 200.7843ms
Step: 1398.9757ms
====================================
Loop: 237
  Solve: 198.2574ms
Step: 1408.9329ms
====================================
Loop: 238
  Solve: 199.3031ms
Step: 1394.0704ms
====================================
Loop: 239
  Solve: 241.1810ms
Step: 1436.6895ms
====================================
Loop: 240
  Solve: 203.2429ms
Step: 1401.0066ms
====================================
Loop: 241
  Solve: 194.9938ms
Step: 1388.1876ms
====================================
Loop: 242
  Solve: 202.7714ms
Step: 1396.1997ms
====================================
Loop: 243
  Solve: 198.9086ms
Step: 1440.3806ms
====================================
Loop: 244
  Solve: 223.3622ms
Step: 1423.4097ms
====================================
Loop: 245
  Solve: 208.8990ms
Step: 1382.0133ms
====================================
Loop: 246
  Solve: 195.6024ms
Step: 1386.4128ms
====================================
Loop: 247
  Solve: 200.1164ms
Step: 1383.3114ms
====================================
Loop: 248
  Solve: 201.3487ms
Step: 1403.6489ms
====================================
Loop: 249
  Solve: 212.6844ms
Step: 1445.6692ms
====================================
Loop: 250
  Solve: 206.6329ms
Step: 1392.3818ms
====================================
Loop: 251
  Solve: 203.9976ms
Step: 1388.0078ms
====================================
Loop: 252
  Solve: 198.9029ms
Step: 1400.0531ms
====================================
Loop: 253
  Solve: 200.1668ms
Step: 1384.3104ms
====================================
Loop: 254
  Solve: 209.8263ms
Step: 1394.7810ms
====================================
Loop: 255
  Solve: 203.9773ms
Step: 1388.8925ms
====================================
Loop: 256
  Solve: 200.3746ms
Step: 1393.6970ms
====================================
Loop: 257
  Solve: 200.1722ms
Step: 1387.1942ms
====================================
Loop: 258
  Solve: 208.2064ms
Step: 1426.2091ms
====================================
Loop: 259
  Solve: 234.7699ms
Step: 1419.8595ms
====================================
Loop: 260
  Solve: 209.3033ms
Step: 1404.1295ms
====================================
Loop: 261
  Solve: 207.2396ms
Step: 1393.5498ms
====================================
Loop: 262
  Solve: 203.4522ms
Step: 1402.6033ms
====================================
Loop: 263
  Solve: 204.0535ms
Step: 1389.2338ms
====================================
Loop: 264
  Solve: 217.2686ms
Step: 1408.5360ms
====================================
Loop: 265
  Solve: 211.1553ms
Step: 1395.7350ms
====================================
Loop: 266
  Solve: 212.6796ms
Step: 1414.6372ms
====================================
Loop: 267
  Solve: 206.9964ms
Step: 1403.4915ms
====================================
Loop: 268
  Solve: 206.1910ms
Step: 1402.2717ms
====================================
Loop: 269
  Solve: 216.1201ms
Step: 1402.6636ms
====================================
Loop: 270
  Solve: 212.1966ms
Step: 1407.0177ms
====================================
Loop: 271
  Solve: 212.5347ms
Step: 1411.7274ms
====================================
Loop: 272
  Solve: 208.5538ms
Step: 1406.5306ms
====================================
Loop: 273
  Solve: 203.9008ms
Step: 1410.6223ms
====================================
Loop: 274
  Solve: 210.4499ms
Step: 1407.1254ms
====================================
Loop: 275
  Solve: 209.5666ms
Step: 1403.0959ms
====================================
Loop: 276
  Solve: 216.4526ms
Step: 1417.5139ms
====================================
Loop: 277
  Solve: 206.8878ms
Step: 1431.8234ms
====================================
Loop: 278
  Solve: 205.7162ms
Step: 1406.5673ms
====================================
Loop: 279
  Solve: 226.4775ms
Step: 1435.1548ms
====================================
Loop: 280
  Solve: 215.9178ms
Step: 1439.0826ms
====================================
Loop: 281
  Solve: 221.4660ms
Step: 1470.4221ms
====================================
Loop: 282
  Solve: 209.9320ms
Step: 1426.0127ms
====================================
Loop: 283
  Solve: 210.2709ms
Step: 1421.3464ms
====================================
Loop: 284
  Solve: 210.1624ms
Step: 1436.6962ms
====================================
Loop: 285
  Solve: 218.6870ms
Step: 1488.5469ms
====================================
Loop: 286
  Solve: 206.3303ms
Step: 1431.7404ms
====================================
Loop: 287
  Solve: 202.8261ms
Step: 1423.1271ms
====================================
Loop: 288
  Solve: 211.5670ms
Step: 1423.9384ms
====================================
Loop: 289
  Solve: 217.2656ms
Step: 1437.3467ms
====================================
Loop: 290
  Solve: 213.3318ms
Step: 1419.8101ms
====================================
Loop: 291
  Solve: 209.8744ms
Step: 1428.5308ms
====================================
Loop: 292
  Solve: 219.5159ms
Step: 1427.8657ms
====================================
Loop: 293
  Solve: 203.9680ms
Step: 1419.0812ms
====================================
Loop: 294
  Solve: 205.9535ms
Step: 1417.6838ms
====================================
Loop: 295
  Solve: 217.1806ms
Step: 1431.0898ms
====================================
Loop: 296
  Solve: 208.3400ms
Step: 1410.9939ms
====================================
Loop: 297
  Solve: 207.2466ms
Step: 1409.1240ms
====================================
Loop: 298
  Solve: 204.8726ms
Step: 1420.6282ms
====================================
Loop: 299
  Solve: 203.8020ms
Step: 1410.1388ms
====================================
Loop: 300
  Solve: 207.7426ms
Step: 1413.6165ms
====================================
Loop: 301
  Solve: 208.2376ms
Step: 1403.8239ms
====================================
Loop: 302
  Solve: 209.7203ms
Step: 1401.8236ms
====================================
Loop: 303
  Solve: 203.5754ms
Step: 1405.8959ms
====================================
Loop: 304
  Solve: 213.4183ms
Step: 1410.8107ms
====================================
Loop: 305
  Solve: 203.5228ms
Step: 1381.7399ms
====================================
Loop: 306
  Solve: 200.0770ms
Step: 1376.1143ms
====================================
Loop: 307
  Solve: 200.7801ms
Step: 1383.3398ms
====================================
Loop: 308
  Solve: 249.5717ms
Step: 1447.3594ms
====================================
Loop: 309
  Solve: 283.7356ms
Step: 1654.5220ms
====================================
Loop: 310
  Solve: 217.6582ms
Step: 1600.7175ms
====================================
Loop: 311
  Solve: 200.5377ms
Step: 1374.3717ms
====================================
Loop: 312
  Solve: 195.1711ms
Step: 1370.3745ms
====================================
Loop: 313
  Solve: 191.5169ms
Step: 1354.8939ms
====================================
Loop: 314
  Solve: 204.1151ms
Step: 1359.0748ms
====================================
Loop: 315
  Solve: 196.6970ms
Step: 1367.1418ms
====================================
Loop: 316
  Solve: 196.3170ms
Step: 1364.4253ms
====================================
Loop: 317
  Solve: 198.6426ms
Step: 1334.8010ms
====================================
Loop: 318
  Solve: 197.2966ms
Step: 1346.0520ms
====================================
Loop: 319
  Solve: 197.9733ms
Step: 1365.2625ms
====================================
Loop: 320
  Solve: 193.6524ms
Step: 1344.8849ms
====================================
Loop: 321
  Solve: 193.3341ms
Step: 1339.5876ms
====================================
Loop: 322
  Solve: 192.8914ms
Step: 1341.8481ms
====================================
Loop: 323
  Solve: 188.5228ms
Step: 1333.8846ms
====================================
Loop: 324
  Solve: 187.1703ms
Step: 1328.5150ms
====================================
Loop: 325
  Solve: 189.2579ms
Step: 1333.6720ms
====================================
Loop: 326
  Solve: 186.9796ms
Step: 1303.1541ms
====================================
Loop: 327
  Solve: 185.7899ms
Step: 1331.2297ms
====================================
Loop: 328
  Solve: 183.3370ms
Step: 1320.2726ms
====================================
Loop: 329
  Solve: 188.7762ms
Step: 1298.6134ms
====================================
Loop: 330
  Solve: 179.5627ms
Step: 1302.8680ms
====================================
Loop: 331
  Solve: 184.6080ms
Step: 1300.8884ms
====================================
Loop: 332
  Solve: 186.6666ms
Step: 1317.4896ms
====================================
Loop: 333
  Solve: 178.2175ms
Step: 1308.2886ms
====================================
Loop: 334
  Solve: 184.3238ms
Step: 1289.8127ms
====================================
Loop: 335
  Solve: 175.2312ms
Step: 1288.8660ms
====================================
Loop: 336
  Solve: 181.5941ms
Step: 1287.2294ms
====================================
Loop: 337
  Solve: 173.2127ms
Step: 1290.3970ms
====================================
Loop: 338
  Solve: 186.3827ms
Step: 1284.5117ms
====================================
Loop: 339
  Solve: 172.4587ms
Step: 1272.2834ms
====================================
Loop: 340
  Solve: 172.9818ms
Step: 1278.1746ms
====================================
Loop: 341
  Solve: 177.8623ms
Step: 1274.3527ms
====================================
Loop: 342
  Solve: 177.0856ms
Step: 1267.8534ms
====================================
Loop: 343
  Solve: 179.1165ms
Step: 1254.5791ms
====================================
Loop: 344
  Solve: 168.9207ms
Step: 1267.8954ms
====================================
Loop: 345
  Solve: 170.0448ms
Step: 1254.0790ms
====================================
Loop: 346
  Solve: 164.4088ms
Step: 1252.6879ms
====================================
Loop: 347
  Solve: 172.0435ms
Step: 1233.1301ms
====================================
Loop: 348
  Solve: 165.8314ms
Step: 1280.6223ms
====================================
Loop: 349
  Solve: 169.7759ms
Step: 1207.6996ms
====================================
Loop: 350
  Solve: 162.9968ms
Step: 1220.1976ms
====================================
Loop: 351
  Solve: 163.3851ms
Step: 1210.5957ms
====================================
Loop: 352
  Solve: 160.7457ms
Step: 1207.7113ms
====================================
Loop: 353
  Solve: 156.2718ms
Step: 1194.0515ms
====================================
Loop: 354
  Solve: 160.1992ms
Step: 1178.6697ms
====================================
Loop: 355
  Solve: 158.8795ms
Step: 1201.5532ms
====================================
Loop: 356
  Solve: 162.1700ms
Step: 1191.7827ms
====================================
Loop: 357
  Solve: 156.1880ms
Step: 1165.9126ms
====================================
Loop: 358
  Solve: 159.6226ms
Step: 1192.7729ms
====================================
Loop: 359
  Solve: 157.7969ms
Step: 1169.3296ms
====================================
Loop: 360
  Solve: 163.1246ms
Step: 1163.6432ms
====================================
Loop: 361
  Solve: 152.8245ms
Step: 1182.0721ms
====================================
Loop: 362
  Solve: 155.4104ms
Step: 1148.0139ms
====================================
Loop: 363
  Solve: 159.8235ms
Step: 1158.1776ms
====================================
Loop: 364
  Solve: 151.7436ms
Step: 1166.1436ms
====================================
Loop: 365
  Solve: 164.8394ms
Step: 1165.1533ms
====================================
Loop: 366
  Solve: 155.9919ms
Step: 1124.1798ms
====================================
Loop: 367
  Solve: 150.3429ms
Step: 1133.9521ms
====================================
Loop: 368
  Solve: 150.7421ms
Step: 1139.5188ms
====================================
Loop: 369
  Solve: 152.9027ms
Step: 1119.4995ms
====================================
Loop: 370
  Solve: 149.7545ms
Step: 1106.9437ms
====================================
Loop: 371
  Solve: 146.3179ms
Step: 1112.0311ms
====================================
Loop: 372
  Solve: 147.1728ms
Step: 1134.7559ms
====================================
Loop: 373
  Solve: 151.5974ms
Step: 1167.5815ms
====================================
Loop: 374
  Solve: 151.8647ms
Step: 1157.2354ms
====================================
Loop: 375
  Solve: 145.7611ms
Step: 1102.6312ms
====================================
Loop: 376
  Solve: 145.7107ms
Step: 1104.1309ms
====================================
Loop: 377
  Solve: 151.6868ms
Step: 1097.1783ms
====================================
Loop: 378
  Solve: 147.0229ms
Step: 1083.3718ms
====================================
Loop: 379
  Solve: 145.2140ms
Step: 1073.5676ms
====================================
Loop: 380
  Solve: 142.0728ms
Step: 1073.8572ms
====================================
Loop: 381
  Solve: 142.1624ms
Step: 1070.1183ms
====================================
Loop: 382
  Solve: 141.4111ms
Step: 1065.2494ms
====================================
Loop: 383
  Solve: 141.1071ms
Step: 1067.7855ms
====================================
Loop: 384
  Solve: 148.3239ms
Step: 1064.5269ms
====================================
Loop: 385
  Solve: 139.9118ms
Step: 1041.0908ms
====================================
Loop: 386
  Solve: 146.3794ms
Step: 1106.4264ms
====================================
Loop: 387
  Solve: 142.1544ms
Step: 1039.1389ms
====================================
Loop: 388
  Solve: 138.3123ms
Step: 1039.9266ms
====================================
Loop: 389
  Solve: 135.8699ms
Step: 1036.9331ms
====================================
Loop: 390
  Solve: 137.8511ms
Step: 1103.8103ms
====================================
Loop: 391
  Solve: 133.8599ms
Step: 1031.0648ms
====================================
Loop: 392
  Solve: 135.1913ms
Step: 1023.6435ms
====================================
Loop: 393
  Solve: 132.5395ms
Step: 1020.7269ms
====================================
Loop: 394
  Solve: 135.9224ms
Step: 1023.6029ms
====================================
Loop: 395
  Solve: 135.6516ms
Step: 1015.0754ms
====================================
Loop: 396
  Solve: 133.5303ms
Step: 1009.7507ms
====================================
Loop: 397
  Solve: 139.3670ms
Step: 1014.5310ms
====================================
Loop: 398
  Solve: 141.7768ms
Step: 1013.7020ms
====================================
Loop: 399
  Solve: 143.2488ms
Step: 1007.5321ms
====================================
Loop: 400
  Solve: 143.6556ms
Step: 1011.6202ms
====================================
Loop: 401
  Solve: 134.7694ms
Step: 1012.1158ms
====================================
Loop: 402
  Solve: 137.4506ms
Step: 993.3979ms
====================================
Loop: 403
  Solve: 140.1619ms
Step: 992.2761ms
====================================
Loop: 404
  Solve: 142.0699ms
Step: 1000.6589ms
====================================
Loop: 405
  Solve: 136.9706ms
Step: 987.6682ms
====================================
Loop: 406
  Solve: 138.8510ms
Step: 995.6527ms
====================================
Loop: 407
  Solve: 131.2702ms
Step: 972.7061ms
====================================
Loop: 408
  Solve: 130.2619ms
Step: 975.0893ms
====================================
Loop: 409
  Solve: 130.1626ms
Step: 969.6470ms
====================================
Loop: 410
  Solve: 128.7610ms
Step: 967.7017ms
====================================
Loop: 411
  Solve: 130.1147ms
Step: 980.5926ms
====================================
Loop: 412
  Solve: 130.7422ms
Step: 971.8962ms
====================================
Loop: 413
  Solve: 129.0981ms
Step: 962.6840ms
====================================
Loop: 414
  Solve: 126.7347ms
Step: 954.9306ms
====================================
Loop: 415
  Solve: 127.2473ms
Step: 952.7642ms
====================================
Loop: 416
  Solve: 125.2433ms
Step: 1008.7964ms
====================================
Loop: 417
  Solve: 128.2140ms
Step: 943.8784ms
====================================
Loop: 418
  Solve: 138.9459ms
Step: 944.7684ms
====================================
Loop: 419
  Solve: 133.6565ms
Step: 939.5917ms
====================================
Loop: 420
  Solve: 126.1891ms
Step: 942.1935ms
====================================
Loop: 421
  Solve: 128.3135ms
Step: 936.7357ms
====================================
Loop: 422
  Solve: 130.2250ms
Step: 940.6010ms
====================================
Loop: 423
  Solve: 126.5134ms
Step: 936.8161ms
====================================
Loop: 424
  Solve: 126.4119ms
Step: 922.1190ms
====================================
Loop: 425
  Solve: 133.3998ms
Step: 933.9504ms
====================================
Loop: 426
  Solve: 128.7935ms
Step: 920.0305ms
====================================
Loop: 427
  Solve: 126.3418ms
Step: 923.6907ms
====================================
Loop: 428
  Solve: 127.1999ms
Step: 925.4984ms
====================================
Loop: 429
  Solve: 126.7422ms
Step: 958.9258ms
====================================
Loop: 430
  Solve: 125.4448ms
Step: 909.8170ms
====================================
Loop: 431
  Solve: 130.7430ms
Step: 912.2556ms
====================================
Loop: 432
  Solve: 131.6577ms
Step: 921.7094ms
====================================
Loop: 433
  Solve: 133.9709ms
Step: 907.7419ms
====================================
Loop: 434
  Solve: 126.4052ms
Step: 903.4843ms
====================================
Loop: 435
  Solve: 127.0018ms
Step: 905.5546ms
====================================
Loop: 436
  Solve: 177.3589ms
Step: 941.7078ms
====================================
Loop: 437
  Solve: 128.2173ms
Step: 907.9911ms
====================================
Loop: 438
  Solve: 127.5258ms
Step: 896.5032ms
====================================
Loop: 439
  Solve: 120.1960ms
Step: 882.9338ms
====================================
Loop: 440
  Solve: 127.6923ms
Step: 942.7747ms
====================================
Loop: 441
  Solve: 125.1536ms
Step: 888.9117ms
====================================
Loop: 442
  Solve: 121.9130ms
Step: 950.2585ms
====================================
Loop: 443
  Solve: 137.1852ms
Step: 889.3237ms
====================================
Loop: 444
  Solve: 121.3190ms
Step: 881.9935ms
====================================
Loop: 445
  Solve: 122.1081ms
Step: 885.8948ms
====================================
Loop: 446
  Solve: 119.1424ms
Step: 873.6484ms
====================================
Loop: 447
  Solve: 130.3393ms
Step: 889.7067ms
====================================
Loop: 448
  Solve: 128.4361ms
Step: 891.2004ms
====================================
Loop: 449
  Solve: 121.2094ms
Step: 887.4250ms
====================================
Loop: 450
  Solve: 122.0066ms
Step: 877.3497ms
====================================
Loop: 451
  Solve: 123.2063ms
Step: 876.1851ms
====================================
Loop: 452
  Solve: 129.1193ms
Step: 879.9213ms
====================================
Loop: 453
  Solve: 129.3637ms
Step: 880.0273ms
====================================
Loop: 454
  Solve: 122.5309ms
Step: 879.8851ms
====================================
Loop: 455
  Solve: 123.0212ms
Step: 913.5537ms
====================================
Loop: 456
  Solve: 130.5223ms
Step: 885.5762ms
====================================
Loop: 457
  Solve: 121.7583ms
Step: 869.1041ms
====================================
Loop: 458
  Solve: 121.6593ms
Step: 867.7373ms
====================================
Loop: 459
  Solve: 119.1655ms
Step: 855.5154ms
====================================
Loop: 460
  Solve: 125.3093ms
Step: 861.8808ms
====================================
Loop: 461
  Solve: 122.9494ms
Step: 846.7836ms
====================================
Loop: 462
  Solve: 117.4748ms
Step: 837.9476ms
====================================
Loop: 463
  Solve: 123.6113ms
Step: 853.4266ms
====================================
Loop: 464
  Solve: 121.7662ms
Step: 856.0026ms
====================================
Loop: 465
  Solve: 122.9397ms
Step: 850.3922ms
====================================
Loop: 466
  Solve: 128.3868ms
Step: 859.6533ms
====================================
Loop: 467
  Solve: 128.8375ms
Step: 848.2203ms
====================================
Loop: 468
  Solve: 120.9527ms
Step: 890.2079ms
====================================
Loop: 469
  Solve: 118.5072ms
Step: 829.8724ms
====================================
Loop: 470
  Solve: 124.9218ms
Step: 857.4854ms
====================================
Loop: 471
  Solve: 175.1136ms
Step: 894.9692ms
====================================
Loop: 472
  Solve: 125.6455ms
Step: 907.1926ms
====================================
Loop: 473
  Solve: 121.0205ms
Step: 840.8448ms
====================================
Loop: 474
  Solve: 147.4799ms
Step: 893.3348ms
====================================
Loop: 475
  Solve: 117.4196ms
Step: 825.7206ms
====================================
Loop: 476
  Solve: 122.5829ms
Step: 831.4839ms
====================================
Loop: 477
  Solve: 150.7489ms
Step: 874.0462ms
====================================
Loop: 478
  Solve: 121.8360ms
Step: 827.2528ms
====================================
Loop: 479
  Solve: 122.7896ms
Step: 832.1527ms
====================================
Loop: 480
  Solve: 130.4380ms
Step: 834.6027ms
====================================
Loop: 481
  Solve: 125.9264ms
Step: 820.5583ms
====================================
Loop: 482
  Solve: 119.3375ms
Step: 814.9678ms
====================================
Loop: 483
  Solve: 123.3068ms
Step: 820.3676ms
====================================
Loop: 484
  Solve: 121.7546ms
Step: 822.2781ms
====================================
Loop: 485
  Solve: 121.2191ms
Step: 817.6589ms
====================================
Loop: 486
  Solve: 128.8204ms
Step: 825.6415ms
====================================
Loop: 487
  Solve: 121.7640ms
Step: 869.1287ms
====================================
Loop: 488
  Solve: 123.2286ms
Step: 817.1064ms
====================================
Loop: 489
  Solve: 128.6062ms
Step: 822.3625ms
====================================
Loop: 490
  Solve: 120.3674ms
Step: 814.1268ms
====================================
Loop: 491
  Solve: 124.5751ms
Step: 817.6270ms
====================================
Loop: 492
  Solve: 125.2491ms
Step: 808.5749ms
====================================
Loop: 493
  Solve: 122.5563ms
Step: 812.3361ms
====================================
Loop: 494
  Solve: 177.7553ms
Step: 859.9230ms
====================================
Loop: 495
  Solve: 121.2429ms
Step: 808.3051ms
====================================
Loop: 496
  Solve: 157.1654ms
Step: 856.5005ms
====================================
Loop: 497
  Solve: 133.7208ms
Step: 819.5170ms
====================================
Loop: 498
  Solve: 131.9326ms
Step: 818.8522ms
====================================
Loop: 499
  Solve: 121.0097ms
Step: 795.1366ms
====================================
Loop: 500
  Solve: 127.6688ms
Step: 808.2952ms
====================================
