Using platform vendor: NVIDIA Corporation
Loop: 0
  Solve: 0.0007ms
Step: 611.6418ms
====================================
Loop: 1
  Solve: 0.0012ms
Step: 301.5818ms
====================================
Loop: 2
  Solve: 0.0016ms
Step: 297.9570ms
====================================
Loop: 3
  Solve: 0.0011ms
Step: 297.6162ms
====================================
Loop: 4
  Solve: 0.0012ms
Step: 296.0832ms
====================================
Loop: 5
  Solve: 0.0015ms
Step: 294.6912ms
====================================
Loop: 6
  Solve: 0.0009ms
Step: 300.6050ms
====================================
Loop: 7
  Solve: 0.0012ms
Step: 295.9824ms
====================================
Loop: 8
  Solve: 0.0012ms
Step: 302.7373ms
====================================
Loop: 9
  Solve: 0.0011ms
Step: 299.2860ms
====================================
Loop: 10
  Solve: 0.0012ms
Step: 299.1919ms
====================================
Loop: 11
  Solve: 0.0012ms
Step: 297.5682ms
====================================
Loop: 12
  Solve: 0.0009ms
Step: 303.1497ms
====================================
Loop: 13
  Solve: 0.0012ms
Step: 298.5685ms
====================================
Loop: 14
  Solve: 0.0012ms
Step: 295.9835ms
====================================
Loop: 15
  Solve: 0.0013ms
Step: 297.8549ms
====================================
Loop: 16
  Solve: 0.0011ms
Step: 297.4319ms
====================================
Loop: 17
  Solve: 0.0011ms
Step: 296.2835ms
====================================
Loop: 18
  Solve: 0.0009ms
Step: 704.4266ms
====================================
Loop: 19
  Solve: 0.0012ms
Step: 297.2119ms
====================================
Loop: 20
  Solve: 0.0013ms
Step: 297.3164ms
====================================
Loop: 21
  Solve: 0.0013ms
Step: 299.7520ms
====================================
Loop: 22
  Solve: 0.0012ms
Step: 299.4384ms
====================================
Loop: 23
  Solve: 0.0012ms
Step: 296.4331ms
====================================
Loop: 24
  Solve: 0.0012ms
Step: 304.4099ms
====================================
Loop: 25
  Solve: 0.0012ms
Step: 297.9187ms
====================================
Loop: 26
  Solve: 0.0015ms
Step: 713.2977ms
====================================
Loop: 27
  Solve: 0.0010ms
Step: 299.6531ms
====================================
Loop: 28
  Solve: 0.0011ms
Step: 293.5788ms
====================================
Loop: 29
  Solve: 0.0012ms
Step: 294.8575ms
====================================
Loop: 30
  Solve: 0.0013ms
Step: 300.1220ms
====================================
Loop: 31
  Solve: 0.0013ms
Step: 297.3822ms
====================================
Loop: 32
  Solve: 0.0012ms
Step: 297.6510ms
====================================
Loop: 33
  Solve: 0.0015ms
Step: 703.1568ms
====================================
Loop: 34
  Solve: 0.0013ms
Step: 295.6978ms
====================================
Loop: 35
  Solve: 0.0022ms
Step: 297.3677ms
====================================
Loop: 36
  Solve: 0.0015ms
Step: 298.6113ms
====================================
Loop: 37
  Solve: 0.0012ms
Step: 293.5758ms
====================================
Loop: 38
  Solve: 0.0012ms
Step: 709.6636ms
====================================
Loop: 39
  Solve: 0.0013ms
Step: 291.8683ms
====================================
Loop: 40
  Solve: 0.0012ms
Step: 302.4945ms
====================================
Loop: 41
  Solve: 0.0012ms
Step: 299.0881ms
====================================
Loop: 42
  Solve: 0.0012ms
Step: 294.1092ms
====================================
Loop: 43
  Solve: 0.0012ms
Step: 703.2520ms
====================================
Loop: 44
  Solve: 0.0012ms
Step: 293.6523ms
====================================
Loop: 45
  Solve: 0.0010ms
Step: 297.6702ms
====================================
Loop: 46
  Solve: 0.0012ms
Step: 298.1698ms
====================================
Loop: 47
  Solve: 0.0012ms
Step: 695.9612ms
====================================
Loop: 48
  Solve: 0.0011ms
Step: 297.9283ms
====================================
Loop: 49
  Solve: 0.0011ms
Step: 297.3242ms
====================================
Loop: 50
  Solve: 0.0012ms
Step: 296.1118ms
====================================
Loop: 51
  Solve: 0.0013ms
Step: 702.6251ms
====================================
Loop: 52
  Solve: 0.0027ms
Step: 296.3037ms
====================================
Loop: 53
  Solve: 0.0012ms
Step: 299.8207ms
====================================
Loop: 54
  Solve: 6.0384ms
Step: 305.4590ms
====================================
Loop: 55
  Solve: 10.2428ms
Step: 710.1404ms
====================================
Loop: 56
  Solve: 13.2313ms
Step: 341.8476ms
====================================
Loop: 57
  Solve: 14.9043ms
Step: 317.4734ms
====================================
Loop: 58
  Solve: 17.7056ms
Step: 329.3835ms
====================================
Loop: 59
  Solve: 21.1276ms
Step: 707.5328ms
====================================
Loop: 60
  Solve: 24.5114ms
Step: 338.0803ms
====================================
Loop: 61
  Solve: 27.1753ms
Step: 345.2296ms
====================================
Loop: 62
  Solve: 34.4510ms
Step: 707.1052ms
====================================
Loop: 63
  Solve: 36.8497ms
Step: 352.6757ms
====================================
Loop: 64
  Solve: 38.6028ms
Step: 355.4323ms
====================================
Loop: 65
  Solve: 42.7564ms
Step: 709.7555ms
====================================
Loop: 66
  Solve: 44.6650ms
Step: 365.9286ms
====================================
Loop: 67
  Solve: 51.4317ms
Step: 376.3958ms
====================================
Loop: 68
  Solve: 54.9292ms
Step: 711.9947ms
====================================
Loop: 69
  Solve: 59.9030ms
Step: 391.6436ms
====================================
Loop: 70
  Solve: 67.5061ms
Step: 396.3746ms
====================================
Loop: 71
  Solve: 70.4298ms
Step: 730.7611ms
====================================
Loop: 72
  Solve: 69.9155ms
Step: 407.4810ms
====================================
Loop: 73
  Solve: 72.8155ms
Step: 414.6657ms
====================================
Loop: 74
  Solve: 77.9990ms
Step: 737.0107ms
====================================
Loop: 75
  Solve: 83.1101ms
Step: 434.6287ms
====================================
Loop: 76
  Solve: 85.8277ms
Step: 438.5676ms
====================================
Loop: 77
  Solve: 97.6195ms
Step: 741.4946ms
====================================
Loop: 78
  Solve: 112.3847ms
Step: 486.1548ms
====================================
Loop: 79
  Solve: 118.2447ms
Step: 485.4959ms
====================================
Loop: 80
  Solve: 125.6304ms
Step: 771.5635ms
====================================
Loop: 81
  Solve: 134.1899ms
Step: 514.1597ms
====================================
Loop: 82
  Solve: 139.0207ms
Step: 519.2487ms
====================================
Loop: 83
  Solve: 145.9531ms
Step: 783.1644ms
====================================
Loop: 84
  Solve: 153.1389ms
Step: 541.5829ms
====================================
Loop: 85
  Solve: 157.9773ms
Step: 554.4917ms
====================================
Loop: 86
  Solve: 165.3381ms
Step: 800.1610ms
====================================
Loop: 87
  Solve: 170.1394ms
Step: 575.9786ms
====================================
Loop: 88
  Solve: 176.7276ms
Step: 588.4674ms
====================================
Loop: 89
  Solve: 185.2160ms
Step: 822.6970ms
====================================
Loop: 90
  Solve: 188.0414ms
Step: 610.4819ms
====================================
Loop: 91
  Solve: 200.3558ms
Step: 633.7783ms
====================================
Loop: 92
  Solve: 206.3939ms
Step: 851.4009ms
====================================
Loop: 93
  Solve: 215.8602ms
Step: 659.4116ms
====================================
Loop: 94
  Solve: 214.9493ms
Step: 873.7350ms
====================================
Loop: 95
  Solve: 221.4141ms
Step: 684.5179ms
====================================
Loop: 96
  Solve: 223.7045ms
Step: 882.2250ms
====================================
Loop: 97
  Solve: 233.9465ms
Step: 716.8482ms
====================================
Loop: 98
  Solve: 237.3374ms
Step: 915.6505ms
====================================
Loop: 99
  Solve: 243.2247ms
Step: 762.0249ms
====================================
Loop: 100
  Solve: 254.4912ms
Step: 949.4402ms
====================================
Loop: 101
  Solve: 259.9737ms
Step: 801.3477ms
====================================
Loop: 102
  Solve: 257.2139ms
Step: 972.7499ms
====================================
Loop: 103
  Solve: 266.9540ms
Step: 832.8804ms
====================================
Loop: 104
  Solve: 281.9042ms
Step: 1010.5962ms
====================================
Loop: 105
  Solve: 280.9155ms
Step: 869.0328ms
====================================
Loop: 106
  Solve: 289.2122ms
Step: 1030.9984ms
====================================
Loop: 107
  Solve: 296.9248ms
Step: 912.7824ms
====================================
Loop: 108
  Solve: 304.5344ms
Step: 1097.3243ms
====================================
Loop: 109
  Solve: 303.6233ms
Step: 947.2303ms
====================================
Loop: 110
  Solve: 320.8625ms
Step: 1121.7665ms
====================================
Loop: 111
  Solve: 304.7692ms
Step: 986.2829ms
====================================
Loop: 112
  Solve: 313.3655ms
Step: 1126.5502ms
====================================
Loop: 113
  Solve: 381.7057ms
Step: 1099.8085ms
====================================
Loop: 114
  Solve: 315.8516ms
Step: 1147.9430ms
====================================
Loop: 115
  Solve: 323.8903ms
Step: 1086.4128ms
====================================
Loop: 116
  Solve: 323.9062ms
Step: 1199.9218ms
====================================
Loop: 117
  Solve: 323.8572ms
Step: 1128.8645ms
====================================
Loop: 118
  Solve: 331.0342ms
Step: 1224.6976ms
====================================
Loop: 119
  Solve: 329.8694ms
Step: 1187.9519ms
====================================
Loop: 120
  Solve: 339.0515ms
Step: 1285.2056ms
====================================
Loop: 121
  Solve: 339.8298ms
Step: 1270.3574ms
====================================
Loop: 122
  Solve: 354.5757ms
Step: 1397.5023ms
====================================
Loop: 123
  Solve: 363.8960ms
Step: 1402.8438ms
====================================
Loop: 124
  Solve: 370.9631ms
Step: 1426.4282ms
====================================
Loop: 125
  Solve: 373.3048ms
Step: 1403.5038ms
====================================
Loop: 126
  Solve: 363.1561ms
Step: 1461.9111ms
====================================
Loop: 127
  Solve: 367.2754ms
Step: 1453.1698ms
====================================
Loop: 128
  Solve: 369.4370ms
Step: 1503.4802ms
====================================
Loop: 129
  Solve: 372.1769ms
Step: 1488.9348ms
====================================
Loop: 130
  Solve: 376.1253ms
Step: 1550.4653ms
====================================
Loop: 131
  Solve: 375.5041ms
Step: 1539.8024ms
====================================
Loop: 132
  Solve: 381.7444ms
Step: 1578.1884ms
====================================
Loop: 133
  Solve: 380.2196ms
Step: 1586.5068ms
====================================
Loop: 134
  Solve: 380.0343ms
Step: 1601.3077ms
====================================
Loop: 135
  Solve: 377.3134ms
Step: 1606.9780ms
====================================
Loop: 136
  Solve: 365.7697ms
Step: 1624.3357ms
====================================
Loop: 137
  Solve: 357.7267ms
Step: 1591.4723ms
====================================
Loop: 138
  Solve: 352.6599ms
Step: 1584.2058ms
====================================
Loop: 139
  Solve: 353.4021ms
Step: 1597.7019ms
====================================
Loop: 140
  Solve: 344.7189ms
Step: 1576.8198ms
====================================
Loop: 141
  Solve: 337.2318ms
Step: 1574.6780ms
====================================
Loop: 142
  Solve: 327.1608ms
Step: 1573.7101ms
====================================
Loop: 143
  Solve: 342.3273ms
Step: 1596.2947ms
====================================
Loop: 144
  Solve: 319.0192ms
Step: 1576.3251ms
====================================
Loop: 145
  Solve: 320.3552ms
Step: 1579.7521ms
====================================
Loop: 146
  Solve: 321.6247ms
Step: 1564.9261ms
====================================
Loop: 147
  Solve: 311.6065ms
Step: 1565.0162ms
====================================
Loop: 148
  Solve: 306.1072ms
Step: 1548.3818ms
====================================
Loop: 149
  Solve: 304.2921ms
Step: 1560.7229ms
====================================
Loop: 150
  Solve: 293.5366ms
Step: 1539.1189ms
====================================
Loop: 151
  Solve: 288.2122ms
Step: 1552.2202ms
====================================
Loop: 152
  Solve: 285.3649ms
Step: 1536.9858ms
====================================
Loop: 153
  Solve: 283.4855ms
Step: 1547.9397ms
====================================
Loop: 154
  Solve: 286.7605ms
Step: 1545.4919ms
====================================
Loop: 155
  Solve: 286.3720ms
Step: 1537.5178ms
====================================
Loop: 156
  Solve: 286.9431ms
Step: 1548.8765ms
====================================
Loop: 157
  Solve: 285.4215ms
Step: 1563.2551ms
====================================
Loop: 158
  Solve: 274.6684ms
Step: 1535.2869ms
====================================
Loop: 159
  Solve: 270.8241ms
Step: 1528.6512ms
====================================
Loop: 160
  Solve: 263.4066ms
Step: 1525.6387ms
====================================
Loop: 161
  Solve: 262.7586ms
Step: 1516.4001ms
====================================
Loop: 162
  Solve: 258.2801ms
Step: 1512.8694ms
====================================
Loop: 163
  Solve: 249.6766ms
Step: 1506.9647ms
====================================
Loop: 164
  Solve: 249.0361ms
Step: 1507.8060ms
====================================
Loop: 165
  Solve: 242.9846ms
Step: 1494.9722ms
====================================
Loop: 166
  Solve: 235.7650ms
Step: 1507.0776ms
====================================
Loop: 167
  Solve: 229.3942ms
Step: 1520.2825ms
====================================
Loop: 168
  Solve: 223.3479ms
Step: 1471.5398ms
====================================
Loop: 169
  Solve: 223.3489ms
Step: 1466.2876ms
====================================
Loop: 170
  Solve: 217.4625ms
Step: 1475.7643ms
====================================
Loop: 171
  Solve: 219.5533ms
Step: 1467.5583ms
====================================
Loop: 172
  Solve: 212.3576ms
Step: 1455.9502ms
====================================
Loop: 173
  Solve: 208.0389ms
Step: 1442.7678ms
====================================
Loop: 174
  Solve: 211.0511ms
Step: 1511.1542ms
====================================
Loop: 175
  Solve: 211.0492ms
Step: 1467.6311ms
====================================
Loop: 176
  Solve: 200.0766ms
Step: 1454.7283ms
====================================
Loop: 177
  Solve: 198.2896ms
Step: 1515.3499ms
====================================
Loop: 178
  Solve: 197.9352ms
Step: 1451.4647ms
====================================
Loop: 179
  Solve: 192.2977ms
Step: 1451.1724ms
====================================
Loop: 180
  Solve: 197.3179ms
Step: 1445.8511ms
====================================
Loop: 181
  Solve: 195.8351ms
Step: 1447.0811ms
====================================
Loop: 182
  Solve: 191.6311ms
Step: 1433.7284ms
====================================
Loop: 183
  Solve: 196.6695ms
Step: 1443.2913ms
====================================
Loop: 184
  Solve: 197.6316ms
Step: 1437.8740ms
====================================
Loop: 185
  Solve: 194.5750ms
Step: 1440.0247ms
====================================
Loop: 186
  Solve: 189.2513ms
Step: 1421.1027ms
====================================
Loop: 187
  Solve: 192.5780ms
Step: 1421.9662ms
====================================
Loop: 188
  Solve: 190.7038ms
Step: 1423.1083ms
====================================
Loop: 189
  Solve: 189.5393ms
Step: 1421.5634ms
====================================
Loop: 190
  Solve: 195.2110ms
Step: 1423.1552ms
====================================
Loop: 191
  Solve: 195.7720ms
Step: 1409.1102ms
====================================
Loop: 192
  Solve: 187.9853ms
Step: 1407.9470ms
====================================
Loop: 193
  Solve: 196.8340ms
Step: 1423.1409ms
====================================
Loop: 194
  Solve: 199.9937ms
Step: 1481.9124ms
====================================
Loop: 195
  Solve: 195.8930ms
Step: 1429.5001ms
====================================
Loop: 196
  Solve: 199.3980ms
Step: 1421.9822ms
====================================
Loop: 197
  Solve: 203.2632ms
Step: 1418.8101ms
====================================
Loop: 198
  Solve: 211.1350ms
Step: 1424.7167ms
====================================
Loop: 199
  Solve: 198.0126ms
Step: 1406.2424ms
====================================
Loop: 200
  Solve: 204.2141ms
Step: 1469.6442ms
====================================
Loop: 201
  Solve: 205.5924ms
Step: 1422.9271ms
====================================
Loop: 202
  Solve: 208.0867ms
Step: 1480.6122ms
====================================
Loop: 203
  Solve: 205.5577ms
Step: 1474.5667ms
====================================
Loop: 204
  Solve: 210.8979ms
Step: 1430.0668ms
====================================
Loop: 205
  Solve: 212.2688ms
Step: 1421.0900ms
====================================
Loop: 206
  Solve: 208.9768ms
Step: 1415.9938ms
====================================
Loop: 207
  Solve: 204.1302ms
Step: 1400.4727ms
====================================
Loop: 208
  Solve: 208.0386ms
Step: 1455.6921ms
====================================
Loop: 209
  Solve: 204.2934ms
Step: 1380.6305ms
====================================
Loop: 210
  Solve: 207.3965ms
Step: 1388.1228ms
====================================
Loop: 211
  Solve: 206.1520ms
Step: 1390.9561ms
====================================
Loop: 212
  Solve: 209.6107ms
Step: 1380.5005ms
====================================
Loop: 213
  Solve: 204.4918ms
Step: 1385.6428ms
====================================
Loop: 214
  Solve: 206.6149ms
Step: 1400.1550ms
====================================
Loop: 215
  Solve: 206.8159ms
Step: 1390.0271ms
====================================
Loop: 216
  Solve: 202.6502ms
Step: 1392.6812ms
====================================
Loop: 217
  Solve: 202.1375ms
Step: 1381.8987ms
====================================
Loop: 218
  Solve: 198.1926ms
Step: 1384.6035ms
====================================
Loop: 219
  Solve: 201.1269ms
Step: 1375.4558ms
====================================
Loop: 220
  Solve: 202.5712ms
Step: 1367.9551ms
====================================
Loop: 221
  Solve: 200.5777ms
Step: 1390.8064ms
====================================
Loop: 222
  Solve: 198.1209ms
Step: 1396.6436ms
====================================
Loop: 223
  Solve: 198.4144ms
Step: 1393.0260ms
====================================
Loop: 224
  Solve: 217.7836ms
Step: 1532.2166ms
====================================
Loop: 225
  Solve: 216.6814ms
Step: 1616.4312ms
====================================
Loop: 226
  Solve: 203.7717ms
Step: 1405.8270ms
====================================
Loop: 227
  Solve: 206.3788ms
Step: 1400.3438ms
====================================
Loop: 228
  Solve: 202.8749ms
Step: 1393.5935ms
====================================
Loop: 229
  Solve: 209.7269ms
Step: 1426.6493ms
====================================
Loop: 230
  Solve: 204.6403ms
Step: 1425.6903ms
====================================
Loop: 231
  Solve: 201.4021ms
Step: 1412.8590ms
====================================
Loop: 232
  Solve: 206.6928ms
Step: 1407.8835ms
====================================
Loop: 233
  Solve: 206.2161ms
Step: 1394.9983ms
====================================
Loop: 234
  Solve: 206.9642ms
Step: 1394.6145ms
====================================
Loop: 235
  Solve: 210.5192ms
Step: 1407.4236ms
====================================
Loop: 236
  Solve: 210.2887ms
Step: 1446.2855ms
====================================
Loop: 237
  Solve: 207.1842ms
Step: 1411.5869ms
====================================
Loop: 238
  Solve: 213.1868ms
Step: 1464.2043ms
====================================
Loop: 239
  Solve: 214.9518ms
Step: 1470.2047ms
====================================
Loop: 240
  Solve: 206.5578ms
Step: 1405.6376ms
====================================
Loop: 241
  Solve: 213.6875ms
Step: 1435.0984ms
====================================
Loop: 242
  Solve: 214.0896ms
Step: 1419.0599ms
====================================
Loop: 243
  Solve: 211.8141ms
Step: 1414.9818ms
====================================
Loop: 244
  Solve: 212.3281ms
Step: 1426.9166ms
====================================
Loop: 245
  Solve: 214.3375ms
Step: 1430.1697ms
====================================
Loop: 246
  Solve: 212.9798ms
Step: 1416.3198ms
====================================
Loop: 247
  Solve: 207.6717ms
Step: 1422.6292ms
====================================
Loop: 248
  Solve: 217.4789ms
Step: 1421.1348ms
====================================
Loop: 249
  Solve: 214.2454ms
Step: 1427.1117ms
====================================
Loop: 250
  Solve: 213.8127ms
Step: 1433.1686ms
====================================
Loop: 251
  Solve: 217.0782ms
Step: 1430.4913ms
====================================
Loop: 252
  Solve: 221.9635ms
Step: 1423.6606ms
====================================
Loop: 253
  Solve: 216.3547ms
Step: 1426.1449ms
====================================
Loop: 254
  Solve: 221.7021ms
Step: 1447.7236ms
====================================
Loop: 255
  Solve: 222.3368ms
Step: 1422.8621ms
====================================
Loop: 256
  Solve: 218.3667ms
Step: 1429.9696ms
====================================
Loop: 257
  Solve: 217.2890ms
Step: 1443.7140ms
====================================
Loop: 258
  Solve: 249.3115ms
Step: 1469.6049ms
====================================
Loop: 259
  Solve: 213.1783ms
Step: 1458.6206ms
====================================
Loop: 260
  Solve: 213.9907ms
Step: 1458.5304ms
====================================
Loop: 261
  Solve: 211.7153ms
Step: 1420.4297ms
====================================
Loop: 262
  Solve: 214.1017ms
Step: 1409.1343ms
====================================
Loop: 263
  Solve: 212.7919ms
Step: 1425.2130ms
====================================
Loop: 264
  Solve: 216.6228ms
Step: 1407.1709ms
====================================
Loop: 265
  Solve: 213.7787ms
Step: 1417.3785ms
====================================
Loop: 266
  Solve: 216.3639ms
Step: 1427.1147ms
====================================
Loop: 267
  Solve: 216.6158ms
Step: 1421.9668ms
====================================
Loop: 268
  Solve: 215.3083ms
Step: 1414.7629ms
====================================
Loop: 269
  Solve: 216.9643ms
Step: 1419.9186ms
====================================
Loop: 270
  Solve: 216.1461ms
Step: 1427.8682ms
====================================
Loop: 271
  Solve: 219.1477ms
Step: 1428.2557ms
====================================
Loop: 272
  Solve: 220.6354ms
Step: 1436.1411ms
====================================
Loop: 273
  Solve: 222.2155ms
Step: 1440.1705ms
====================================
Loop: 274
  Solve: 217.6476ms
Step: 1429.5371ms
====================================
Loop: 275
  Solve: 218.3457ms
Step: 1435.8502ms
====================================
Loop: 276
  Solve: 219.6027ms
Step: 1430.4628ms
====================================
Loop: 277
  Solve: 217.5800ms
Step: 1434.6251ms
====================================
Loop: 278
  Solve: 222.0369ms
Step: 1446.5549ms
====================================
Loop: 279
  Solve: 221.0317ms
Step: 1439.4135ms
====================================
Loop: 280
  Solve: 220.0094ms
Step: 1434.6056ms
====================================
Loop: 281
  Solve: 218.3208ms
Step: 1420.8069ms
====================================
Loop: 282
  Solve: 223.2531ms
Step: 1440.8076ms
====================================
Loop: 283
  Solve: 221.4683ms
Step: 1437.2507ms
====================================
Loop: 284
  Solve: 217.4226ms
Step: 1448.0220ms
====================================
Loop: 285
  Solve: 221.0367ms
Step: 1426.6348ms
====================================
Loop: 286
  Solve: 218.5703ms
Step: 1431.0569ms
====================================
Loop: 287
  Solve: 220.8236ms
Step: 1428.2188ms
====================================
Loop: 288
  Solve: 220.9586ms
Step: 1417.2654ms
====================================
Loop: 289
  Solve: 219.4331ms
Step: 1427.0669ms
====================================
Loop: 290
  Solve: 216.9759ms
Step: 1413.0934ms
====================================
Loop: 291
  Solve: 216.5807ms
Step: 1425.7583ms
====================================
Loop: 292
  Solve: 220.2269ms
Step: 1420.5516ms
====================================
Loop: 293
  Solve: 218.9292ms
Step: 1423.3657ms
====================================
Loop: 294
  Solve: 221.9012ms
Step: 1424.6533ms
====================================
Loop: 295
  Solve: 218.5164ms
Step: 1427.7242ms
====================================
Loop: 296
  Solve: 224.9857ms
Step: 1535.4102ms
====================================
Loop: 297
  Solve: 223.0920ms
Step: 1500.7620ms
====================================
Loop: 298
  Solve: 220.3400ms
Step: 1468.7860ms
====================================
Loop: 299
  Solve: 219.8529ms
Step: 1438.7777ms
====================================
Loop: 300
  Solve: 216.4372ms
Step: 1434.3062ms
====================================
Loop: 301
  Solve: 224.0586ms
Step: 1458.5656ms
====================================
Loop: 302
  Solve: 226.2204ms
Step: 1527.2466ms
====================================
Loop: 303
  Solve: 228.7123ms
Step: 1517.1306ms
====================================
Loop: 304
  Solve: 226.2246ms
Step: 1563.6069ms
====================================
Loop: 305
  Solve: 225.7257ms
Step: 1500.5355ms
====================================
Loop: 306
  Solve: 225.6580ms
Step: 1489.6008ms
====================================
Loop: 307
  Solve: 225.4264ms
Step: 1501.7214ms
====================================
Loop: 308
  Solve: 224.6796ms
Step: 1492.0568ms
====================================
Loop: 309
  Solve: 225.3737ms
Step: 1514.9702ms
====================================
Loop: 310
  Solve: 224.0326ms
Step: 1500.8630ms
====================================
Loop: 311
  Solve: 285.6591ms
Step: 1796.8225ms
====================================
Loop: 312
  Solve: 266.5352ms
Step: 1590.7147ms
====================================
Loop: 313
  Solve: 222.6856ms
Step: 1498.4382ms
====================================
Loop: 314
  Solve: 224.1181ms
Step: 1425.1094ms
====================================
Loop: 315
  Solve: 222.7395ms
Step: 1423.5179ms
====================================
Loop: 316
  Solve: 219.0401ms
Step: 1412.7615ms
====================================
Loop: 317
  Solve: 218.1893ms
Step: 1408.7135ms
====================================
Loop: 318
  Solve: 208.5567ms
Step: 1396.3868ms
====================================
Loop: 319
  Solve: 210.4488ms
Step: 1386.3457ms
====================================
Loop: 320
  Solve: 208.7076ms
Step: 1375.5090ms
====================================
Loop: 321
  Solve: 208.9623ms
Step: 1378.4507ms
====================================
Loop: 322
  Solve: 204.5446ms
Step: 1401.1379ms
====================================
Loop: 323
  Solve: 202.4011ms
Step: 1363.3877ms
====================================
Loop: 324
  Solve: 213.2204ms
Step: 1392.5155ms
====================================
Loop: 325
  Solve: 214.3009ms
Step: 1436.3971ms
====================================
Loop: 326
  Solve: 208.7808ms
Step: 1440.0168ms
====================================
Loop: 327
  Solve: 206.0943ms
Step: 1386.6523ms
====================================
Loop: 328
  Solve: 205.2156ms
Step: 1428.9677ms
====================================
Loop: 329
  Solve: 205.2233ms
Step: 1357.8516ms
====================================
Loop: 330
  Solve: 202.1058ms
Step: 1356.2662ms
====================================
Loop: 331
  Solve: 199.6077ms
Step: 1362.7688ms
====================================
Loop: 332
  Solve: 198.3010ms
Step: 1344.5956ms
====================================
Loop: 333
  Solve: 198.1293ms
Step: 1338.6042ms
====================================
Loop: 334
  Solve: 198.3308ms
Step: 1348.4073ms
====================================
Loop: 335
  Solve: 191.9621ms
Step: 1338.4332ms
====================================
Loop: 336
  Solve: 192.9211ms
Step: 1310.3083ms
====================================
Loop: 337
  Solve: 189.3251ms
Step: 1322.0410ms
====================================
Loop: 338
  Solve: 195.0828ms
Step: 1316.7695ms
====================================
Loop: 339
  Solve: 196.1576ms
Step: 1312.4083ms
====================================
Loop: 340
  Solve: 191.4240ms
Step: 1329.6290ms
====================================
Loop: 341
  Solve: 191.9358ms
Step: 1308.9498ms
====================================
Loop: 342
  Solve: 188.2879ms
Step: 1349.9124ms
====================================
Loop: 343
  Solve: 188.2370ms
Step: 1294.2185ms
====================================
Loop: 344
  Solve: 191.9825ms
Step: 1275.6246ms
====================================
Loop: 345
  Solve: 182.2159ms
Step: 1272.9888ms
====================================
Loop: 346
  Solve: 182.7359ms
Step: 1279.3436ms
====================================
Loop: 347
  Solve: 181.7296ms
Step: 1266.7261ms
====================================
Loop: 348
  Solve: 182.9319ms
Step: 1246.9004ms
====================================
Loop: 349
  Solve: 180.0280ms
Step: 1244.8273ms
====================================
Loop: 350
  Solve: 180.5065ms
Step: 1245.1550ms
====================================
Loop: 351
  Solve: 177.8861ms
Step: 1240.2809ms
====================================
Loop: 352
  Solve: 177.9128ms
Step: 1228.1268ms
====================================
Loop: 353
  Solve: 175.1253ms
Step: 1233.2864ms
====================================
Loop: 354
  Solve: 176.2965ms
Step: 1220.2682ms
====================================
Loop: 355
  Solve: 174.7210ms
Step: 1228.7478ms
====================================
Loop: 356
  Solve: 174.2706ms
Step: 1202.7205ms
====================================
Loop: 357
  Solve: 168.9683ms
Step: 1193.7618ms
====================================
Loop: 358
  Solve: 169.6224ms
Step: 1197.3694ms
====================================
Loop: 359
  Solve: 172.6989ms
Step: 1186.7111ms
====================================
Loop: 360
  Solve: 168.9093ms
Step: 1186.7836ms
====================================
Loop: 361
  Solve: 168.9050ms
Step: 1185.1804ms
====================================
Loop: 362
  Solve: 169.9682ms
Step: 1174.5266ms
====================================
Loop: 363
  Solve: 164.3987ms
Step: 1172.1891ms
====================================
Loop: 364
  Solve: 160.3276ms
Step: 1160.3303ms
====================================
Loop: 365
  Solve: 164.5485ms
Step: 1152.2931ms
====================================
Loop: 366
  Solve: 162.7268ms
Step: 1159.6810ms
====================================
Loop: 367
  Solve: 164.7239ms
Step: 1154.8676ms
====================================
Loop: 368
  Solve: 160.3394ms
Step: 1153.4615ms
====================================
Loop: 369
  Solve: 156.9759ms
Step: 1138.9636ms
====================================
Loop: 370
  Solve: 159.5062ms
Step: 1161.1328ms
====================================
Loop: 371
  Solve: 161.2482ms
Step: 1138.6404ms
====================================
Loop: 372
  Solve: 162.4628ms
Step: 1123.7379ms
====================================
Loop: 373
  Solve: 157.5099ms
Step: 1123.8297ms
====================================
Loop: 374
  Solve: 153.3962ms
Step: 1145.4640ms
====================================
Loop: 375
  Solve: 158.9071ms
Step: 1113.0708ms
====================================
Loop: 376
  Solve: 157.6586ms
Step: 1098.8285ms
====================================
Loop: 377
  Solve: 154.8732ms
Step: 1091.9808ms
====================================
Loop: 378
  Solve: 151.6391ms
Step: 1095.8550ms
====================================
Loop: 379
  Solve: 149.0421ms
Step: 1086.4480ms
====================================
Loop: 380
  Solve: 148.3236ms
Step: 1085.7664ms
====================================
Loop: 381
  Solve: 149.5162ms
Step: 1066.6265ms
====================================
Loop: 382
  Solve: 153.5913ms
Step: 1060.4745ms
====================================
Loop: 383
  Solve: 148.1542ms
Step: 1058.7462ms
====================================
Loop: 384
  Solve: 146.7143ms
Step: 1064.4376ms
====================================
Loop: 385
  Solve: 146.5528ms
Step: 1053.4446ms
====================================
Loop: 386
  Solve: 145.3471ms
Step: 1043.0314ms
====================================
Loop: 387
  Solve: 144.8726ms
Step: 1050.9395ms
====================================
Loop: 388
  Solve: 144.8279ms
Step: 1044.0665ms
====================================
Loop: 389
  Solve: 145.8079ms
Step: 1034.4087ms
====================================
Loop: 390
  Solve: 148.7895ms
Step: 1038.6340ms
====================================
Loop: 391
  Solve: 146.6912ms
Step: 1025.3075ms
====================================
Loop: 392
  Solve: 147.4152ms
Step: 1026.2054ms
====================================
Loop: 393
  Solve: 145.0306ms
Step: 1021.3646ms
====================================
Loop: 394
  Solve: 145.6092ms
Step: 1020.9609ms
====================================
Loop: 395
  Solve: 145.7064ms
Step: 1011.6942ms
====================================
Loop: 396
  Solve: 146.7430ms
Step: 1012.5432ms
====================================
Loop: 397
  Solve: 147.4797ms
Step: 1018.0779ms
====================================
Loop: 398
  Solve: 149.3128ms
Step: 1010.6102ms
====================================
Loop: 399
  Solve: 149.7088ms
Step: 1007.6636ms
====================================
Loop: 400
  Solve: 149.4981ms
Step: 1006.5360ms
====================================
Loop: 401
  Solve: 146.9561ms
Step: 997.3251ms
====================================
Loop: 402
  Solve: 148.6614ms
Step: 992.9820ms
====================================
Loop: 403
  Solve: 149.6951ms
Step: 996.7870ms
====================================
Loop: 404
  Solve: 145.3458ms
Step: 988.3105ms
====================================
Loop: 405
  Solve: 146.7609ms
Step: 990.8693ms
====================================
Loop: 406
  Solve: 144.8982ms
Step: 986.8770ms
====================================
Loop: 407
  Solve: 140.9520ms
Step: 983.4352ms
====================================
Loop: 408
  Solve: 150.4518ms
Step: 994.8387ms
====================================
Loop: 409
  Solve: 138.4368ms
Step: 968.0128ms
====================================
Loop: 410
  Solve: 140.4927ms
Step: 967.2979ms
====================================
Loop: 411
  Solve: 140.3065ms
Step: 966.6240ms
====================================
Loop: 412
  Solve: 139.8730ms
Step: 960.9202ms
====================================
Loop: 413
  Solve: 136.0843ms
Step: 953.0025ms
====================================
Loop: 414
  Solve: 136.6310ms
Step: 954.3450ms
====================================
Loop: 415
  Solve: 135.4712ms
Step: 950.0438ms
====================================
Loop: 416
  Solve: 135.8358ms
Step: 951.3107ms
====================================
Loop: 417
  Solve: 137.9553ms
Step: 943.7363ms
====================================
Loop: 418
  Solve: 138.7590ms
Step: 944.5071ms
====================================
Loop: 419
  Solve: 133.9739ms
Step: 940.8566ms
====================================
Loop: 420
  Solve: 134.9489ms
Step: 946.4256ms
====================================
Loop: 421
  Solve: 133.9205ms
Step: 942.7900ms
====================================
Loop: 422
  Solve: 134.6513ms
Step: 931.2465ms
====================================
Loop: 423
  Solve: 136.4512ms
Step: 931.8467ms
====================================
Loop: 424
  Solve: 134.1171ms
Step: 923.1909ms
====================================
Loop: 425
  Solve: 141.4945ms
Step: 968.5742ms
====================================
Loop: 426
  Solve: 134.3556ms
Step: 914.1182ms
====================================
Loop: 427
  Solve: 133.6867ms
Step: 918.9587ms
====================================
Loop: 428
  Solve: 134.9040ms
Step: 911.2830ms
====================================
Loop: 429
  Solve: 132.3916ms
Step: 901.9481ms
====================================
Loop: 430
  Solve: 133.4086ms
Step: 913.4514ms
====================================
Loop: 431
  Solve: 136.4186ms
Step: 901.5272ms
====================================
Loop: 432
  Solve: 132.8461ms
Step: 895.0026ms
====================================
Loop: 433
  Solve: 132.4546ms
Step: 905.1307ms
====================================
Loop: 434
  Solve: 131.3249ms
Step: 893.9280ms
====================================
Loop: 435
  Solve: 131.0470ms
Step: 898.3240ms
====================================
Loop: 436
  Solve: 134.8836ms
Step: 907.8743ms
====================================
Loop: 437
  Solve: 135.7911ms
Step: 905.7131ms
====================================
Loop: 438
  Solve: 137.2953ms
Step: 906.2530ms
====================================
Loop: 439
  Solve: 139.7685ms
Step: 931.7159ms
====================================
Loop: 440
  Solve: 136.9510ms
Step: 902.7628ms
====================================
Loop: 441
  Solve: 136.4510ms
Step: 901.9144ms
====================================
Loop: 442
  Solve: 136.8072ms
Step: 918.8740ms
====================================
Loop: 443
  Solve: 133.6579ms
Step: 896.9846ms
====================================
Loop: 444
  Solve: 133.0756ms
Step: 887.6741ms
====================================
Loop: 445
  Solve: 135.5913ms
Step: 894.3427ms
====================================
Loop: 446
  Solve: 135.8783ms
Step: 891.7704ms
====================================
Loop: 447
  Solve: 135.2886ms
Step: 891.8704ms
====================================
Loop: 448
  Solve: 135.2672ms
Step: 889.9475ms
====================================
Loop: 449
  Solve: 133.9612ms
Step: 882.2875ms
====================================
Loop: 450
  Solve: 131.3087ms
Step: 872.1504ms
====================================
Loop: 451
  Solve: 137.1944ms
Step: 881.6904ms
====================================
Loop: 452
  Solve: 135.9658ms
Step: 884.9947ms
====================================
Loop: 453
  Solve: 132.6757ms
Step: 872.1458ms
====================================
Loop: 454
  Solve: 132.4174ms
Step: 871.7623ms
====================================
Loop: 455
  Solve: 132.3904ms
Step: 864.8544ms
====================================
Loop: 456
  Solve: 136.9411ms
Step: 866.8859ms
====================================
Loop: 457
  Solve: 130.7045ms
Step: 868.4228ms
====================================
Loop: 458
  Solve: 139.5816ms
Step: 865.3938ms
====================================
Loop: 459
  Solve: 130.4418ms
Step: 860.6874ms
====================================
Loop: 460
  Solve: 132.0764ms
Step: 854.7348ms
====================================
Loop: 461
  Solve: 132.5592ms
Step: 854.4577ms
====================================
Loop: 462
  Solve: 134.8923ms
Step: 857.0623ms
====================================
Loop: 463
  Solve: 132.1185ms
Step: 849.9939ms
====================================
Loop: 464
  Solve: 133.5896ms
Step: 843.2985ms
====================================
Loop: 465
  Solve: 136.7342ms
Step: 843.8881ms
====================================
Loop: 466
  Solve: 133.5183ms
Step: 865.3288ms
====================================
Loop: 467
  Solve: 132.3618ms
Step: 845.8424ms
====================================
Loop: 468
  Solve: 135.5215ms
Step: 852.9213ms
====================================
Loop: 469
  Solve: 138.7507ms
Step: 852.2812ms
====================================
Loop: 470
  Solve: 138.6929ms
Step: 841.7269ms
====================================
Loop: 471
  Solve: 134.6959ms
Step: 838.9017ms
====================================
Loop: 472
  Solve: 136.3433ms
Step: 839.6029ms
====================================
Loop: 473
  Solve: 131.5881ms
Step: 834.8262ms
====================================
Loop: 474
  Solve: 133.2256ms
Step: 833.7710ms
====================================
Loop: 475
  Solve: 133.5355ms
Step: 829.7443ms
====================================
Loop: 476
  Solve: 132.2439ms
Step: 821.3665ms
====================================
Loop: 477
  Solve: 151.1398ms
Step: 837.8714ms
====================================
Loop: 478
  Solve: 129.8873ms
Step: 819.8389ms
====================================
Loop: 479
  Solve: 130.2335ms
Step: 813.8784ms
====================================
Loop: 480
  Solve: 139.0811ms
Step: 893.9202ms
====================================
Loop: 481
  Solve: 135.3740ms
Step: 836.1516ms
====================================
Loop: 482
  Solve: 134.5965ms
Step: 828.8778ms
====================================
Loop: 483
  Solve: 135.0350ms
Step: 834.5359ms
====================================
Loop: 484
  Solve: 134.8599ms
Step: 845.3815ms
====================================
Loop: 485
  Solve: 133.9103ms
Step: 846.1168ms
====================================
Loop: 486
  Solve: 133.6866ms
Step: 848.5105ms
====================================
Loop: 487
  Solve: 134.2434ms
Step: 850.1041ms
====================================
Loop: 488
  Solve: 134.1417ms
Step: 846.0773ms
====================================
Loop: 489
  Solve: 136.0006ms
Step: 842.2139ms
====================================
Loop: 490
  Solve: 135.2428ms
Step: 841.2963ms
====================================
Loop: 491
  Solve: 136.4311ms
Step: 820.7687ms
====================================
Loop: 492
  Solve: 134.0046ms
Step: 808.3293ms
====================================
Loop: 493
  Solve: 130.6794ms
Step: 807.3646ms
====================================
Loop: 494
  Solve: 130.8839ms
Step: 818.2989ms
====================================
Loop: 495
  Solve: 132.3779ms
Step: 803.7366ms
====================================
Loop: 496
  Solve: 136.8655ms
Step: 804.6517ms
====================================
Loop: 497
  Solve: 129.5623ms
Step: 806.6685ms
====================================
Loop: 498
  Solve: 131.5490ms
Step: 804.7026ms
====================================
Loop: 499
  Solve: 135.3339ms
Step: 801.2604ms
====================================
Loop: 500
  Solve: 134.3102ms
Step: 796.4205ms
====================================
