Loop: 0
  Solve: 4.1771ms
Step: 621.9037ms
====================================
Loop: 1
  Solve: 4.3968ms
Step: 321.4171ms
====================================
Loop: 2
  Solve: 4.4069ms
Step: 313.6748ms
====================================
Loop: 3
  Solve: 4.1749ms
Step: 317.0248ms
====================================
Loop: 4
  Solve: 4.5179ms
Step: 320.5687ms
====================================
Loop: 5
  Solve: 4.2693ms
Step: 315.3860ms
====================================
Loop: 6
  Solve: 4.1706ms
Step: 318.7361ms
====================================
Loop: 7
  Solve: 4.3630ms
Step: 316.2018ms
====================================
Loop: 8
  Solve: 4.2154ms
Step: 318.9559ms
====================================
Loop: 9
  Solve: 4.2114ms
Step: 319.7295ms
====================================
Loop: 10
  Solve: 4.4701ms
Step: 313.3853ms
====================================
Loop: 11
  Solve: 7.0364ms
Step: 377.2455ms
====================================
Loop: 12
  Solve: 4.5476ms
Step: 329.6968ms
====================================
Loop: 13
  Solve: 4.4281ms
Step: 317.1605ms
====================================
Loop: 14
  Solve: 4.5662ms
Step: 321.9167ms
====================================
Loop: 15
  Solve: 4.3968ms
Step: 319.4618ms
====================================
Loop: 16
  Solve: 4.5741ms
Step: 316.8495ms
====================================
Loop: 17
  Solve: 4.5743ms
Step: 326.4917ms
====================================
Loop: 18
  Solve: 4.5232ms
Step: 722.5932ms
====================================
Loop: 19
  Solve: 4.6675ms
Step: 324.0156ms
====================================
Loop: 20
  Solve: 4.4511ms
Step: 321.2925ms
====================================
Loop: 21
  Solve: 4.7623ms
Step: 320.7015ms
====================================
Loop: 22
  Solve: 4.6098ms
Step: 323.1685ms
====================================
Loop: 23
  Solve: 4.4230ms
Step: 319.6388ms
====================================
Loop: 24
  Solve: 4.6473ms
Step: 316.8463ms
====================================
Loop: 25
  Solve: 4.5574ms
Step: 325.2658ms
====================================
Loop: 26
  Solve: 4.6188ms
Step: 728.6501ms
====================================
Loop: 27
  Solve: 4.5569ms
Step: 323.6429ms
====================================
Loop: 28
  Solve: 4.4652ms
Step: 318.6283ms
====================================
Loop: 29
  Solve: 4.5882ms
Step: 316.3332ms
====================================
Loop: 30
  Solve: 4.6310ms
Step: 321.8273ms
====================================
Loop: 31
  Solve: 4.7109ms
Step: 321.4286ms
====================================
Loop: 32
  Solve: 4.5953ms
Step: 316.3507ms
====================================
Loop: 33
  Solve: 4.7751ms
Step: 733.6624ms
====================================
Loop: 34
  Solve: 4.5341ms
Step: 316.3336ms
====================================
Loop: 35
  Solve: 4.5729ms
Step: 321.8003ms
====================================
Loop: 36
  Solve: 4.7065ms
Step: 319.8902ms
====================================
Loop: 37
  Solve: 4.5484ms
Step: 316.2769ms
====================================
Loop: 38
  Solve: 4.5704ms
Step: 729.6082ms
====================================
Loop: 39
  Solve: 4.6814ms
Step: 319.7238ms
====================================
Loop: 40
  Solve: 4.6159ms
Step: 323.2963ms
====================================
Loop: 41
  Solve: 4.5425ms
Step: 317.4510ms
====================================
Loop: 42
  Solve: 4.4133ms
Step: 314.1790ms
====================================
Loop: 43
  Solve: 4.5796ms
Step: 728.0243ms
====================================
Loop: 44
  Solve: 4.5878ms
Step: 316.2566ms
====================================
Loop: 45
  Solve: 4.6186ms
Step: 326.1681ms
====================================
Loop: 46
  Solve: 4.6019ms
Step: 318.2881ms
====================================
Loop: 47
  Solve: 4.5508ms
Step: 721.8365ms
====================================
Loop: 48
  Solve: 4.6200ms
Step: 322.6303ms
====================================
Loop: 49
  Solve: 4.7332ms
Step: 317.4585ms
====================================
Loop: 50
  Solve: 4.5783ms
Step: 324.3186ms
====================================
Loop: 51
  Solve: 4.5701ms
Step: 717.0305ms
====================================
Loop: 52
  Solve: 4.5388ms
Step: 324.4334ms
====================================
Loop: 53
  Solve: 4.5979ms
Step: 321.8149ms
====================================
Loop: 54
  Solve: 19.8491ms
Step: 332.1006ms
====================================
Loop: 55
  Solve: 34.5125ms
Step: 750.7777ms
====================================
Loop: 56
  Solve: 50.8090ms
Step: 371.5042ms
====================================
Loop: 57
  Solve: 64.1703ms
Step: 381.3767ms
====================================
Loop: 58
  Solve: 77.3223ms
Step: 403.4481ms
====================================
Loop: 59
  Solve: 91.5360ms
Step: 794.6107ms
====================================
Loop: 60
  Solve: 111.3838ms
Step: 435.8981ms
====================================
Loop: 61
  Solve: 127.1665ms
Step: 447.5544ms
====================================
Loop: 62
  Solve: 138.4713ms
Step: 823.3095ms
====================================
Loop: 63
  Solve: 157.8168ms
Step: 491.9823ms
====================================
Loop: 64
  Solve: 173.8844ms
Step: 508.4633ms
====================================
Loop: 65
  Solve: 187.2360ms
Step: 876.1858ms
====================================
Loop: 66
  Solve: 213.1772ms
Step: 550.1573ms
====================================
Loop: 67
  Solve: 219.2206ms
Step: 558.7168ms
====================================
Loop: 68
  Solve: 233.8402ms
Step: 917.7598ms
====================================
Loop: 69
  Solve: 255.9736ms
Step: 600.1992ms
====================================
Loop: 70
  Solve: 262.3109ms
Step: 612.5051ms
====================================
Loop: 71
  Solve: 283.8329ms
Step: 948.2142ms
====================================
Loop: 72
  Solve: 287.9469ms
Step: 642.8184ms
====================================
Loop: 73
  Solve: 314.9831ms
Step: 663.2919ms
====================================
Loop: 74
  Solve: 323.6295ms
Step: 986.5179ms
====================================
Loop: 75
  Solve: 329.5946ms
Step: 685.9360ms
====================================
Loop: 76
  Solve: 344.7806ms
Step: 707.2677ms
====================================
Loop: 77
  Solve: 364.2462ms
Step: 1014.3762ms
====================================
Loop: 78
  Solve: 408.4290ms
Step: 774.0164ms
====================================
Loop: 79
  Solve: 413.4872ms
Step: 783.0229ms
====================================
Loop: 80
  Solve: 417.5667ms
Step: 1064.9149ms
====================================
Loop: 81
  Solve: 448.3810ms
Step: 831.1744ms
====================================
Loop: 82
  Solve: 466.7011ms
Step: 845.1612ms
====================================
Loop: 83
  Solve: 482.1382ms
Step: 1125.2834ms
====================================
Loop: 84
  Solve: 502.5065ms
Step: 889.7140ms
====================================
Loop: 85
  Solve: 525.2217ms
Step: 919.7656ms
====================================
Loop: 86
  Solve: 542.3415ms
Step: 1186.5342ms
====================================
Loop: 87
  Solve: 576.3616ms
Step: 983.5485ms
====================================
Loop: 88
  Solve: 593.0684ms
Step: 999.1497ms
====================================
Loop: 89
  Solve: 620.4959ms
Step: 1255.7454ms
====================================
Loop: 90
  Solve: 640.3737ms
Step: 1056.1161ms
====================================
Loop: 91
  Solve: 664.4272ms
Step: 1087.4292ms
====================================
Loop: 92
  Solve: 683.3973ms
Step: 1327.8296ms
====================================
Loop: 93
  Solve: 719.0346ms
Step: 1153.8688ms
====================================
Loop: 94
  Solve: 748.7392ms
Step: 1393.4387ms
====================================
Loop: 95
  Solve: 777.3921ms
Step: 1223.0896ms
====================================
Loop: 96
  Solve: 817.8906ms
Step: 1458.2751ms
====================================
Loop: 97
  Solve: 842.4996ms
Step: 1302.9296ms
====================================
Loop: 98
  Solve: 872.3360ms
Step: 1517.5566ms
====================================
Loop: 99
  Solve: 903.0674ms
Step: 1384.2382ms
====================================
Loop: 100
  Solve: 932.1243ms
Step: 1590.8173ms
====================================
Loop: 101
  Solve: 962.7866ms
Step: 1462.2847ms
====================================
Loop: 102
  Solve: 978.2534ms
Step: 1645.5347ms
====================================
Loop: 103
  Solve: 999.4260ms
Step: 1520.4343ms
====================================
Loop: 104
  Solve: 1033.6331ms
Step: 1728.5005ms
====================================
Loop: 105
  Solve: 1064.0747ms
Step: 1627.6335ms
====================================
Loop: 106
  Solve: 1079.0682ms
Step: 1802.0444ms
====================================
Loop: 107
  Solve: 1103.9674ms
Step: 1694.6592ms
====================================
Loop: 108
  Solve: 1116.3491ms
Step: 1862.2661ms
====================================
Loop: 109
  Solve: 1137.9913ms
Step: 1764.8718ms
====================================
Loop: 110
  Solve: 1154.0734ms
Step: 1917.2000ms
====================================
Loop: 111
  Solve: 1175.3328ms
Step: 1826.4304ms
====================================
Loop: 112
  Solve: 1204.7186ms
Step: 1986.8223ms
====================================
Loop: 113
  Solve: 1229.3694ms
Step: 1923.1820ms
====================================
Loop: 114
  Solve: 1246.2898ms
Step: 2055.3049ms
====================================
Loop: 115
  Solve: 1267.3468ms
Step: 2001.0433ms
====================================
Loop: 116
  Solve: 1285.0511ms
Step: 2131.5657ms
====================================
Loop: 117
  Solve: 1314.5017ms
Step: 2086.7571ms
====================================
Loop: 118
  Solve: 1340.3055ms
Step: 2217.4683ms
====================================
Loop: 119
  Solve: 1357.4258ms
Step: 2181.0923ms
====================================
Loop: 120
  Solve: 1390.6812ms
Step: 2312.1072ms
====================================
Loop: 121
  Solve: 1416.7817ms
Step: 2295.6597ms
====================================
Loop: 122
  Solve: 1441.6992ms
Step: 2405.8423ms
====================================
Loop: 123
  Solve: 1457.6940ms
Step: 2382.8308ms
====================================
Loop: 124
  Solve: 1466.0532ms
Step: 2470.1738ms
====================================
Loop: 125
  Solve: 1474.4899ms
Step: 2452.4316ms
====================================
Loop: 126
  Solve: 1477.6394ms
Step: 2517.1772ms
====================================
Loop: 127
  Solve: 1495.6929ms
Step: 2527.4702ms
====================================
Loop: 128
  Solve: 1495.9290ms
Step: 2580.9297ms
====================================
Loop: 129
  Solve: 1500.4011ms
Step: 2575.4536ms
====================================
Loop: 130
  Solve: 1498.5494ms
Step: 2613.6814ms
====================================
Loop: 131
  Solve: 1505.1951ms
Step: 2611.1719ms
====================================
Loop: 132
  Solve: 1490.8716ms
Step: 2635.6328ms
====================================
Loop: 133
  Solve: 1499.5978ms
Step: 2637.6138ms
====================================
Loop: 134
  Solve: 1497.4896ms
Step: 2649.1895ms
====================================
Loop: 135
  Solve: 1481.2483ms
Step: 2650.2690ms
====================================
Loop: 136
  Solve: 1472.2913ms
Step: 2631.3650ms
====================================
Loop: 137
  Solve: 1452.7407ms
Step: 2626.9041ms
====================================
Loop: 138
  Solve: 1436.6178ms
Step: 2604.6064ms
====================================
Loop: 139
  Solve: 1423.2610ms
Step: 2609.0088ms
====================================
Loop: 140
  Solve: 1405.9581ms
Step: 2590.8062ms
====================================
Loop: 141
  Solve: 1393.8638ms
Step: 2577.7280ms
====================================
Loop: 142
  Solve: 1374.0413ms
Step: 2562.2693ms
====================================
Loop: 143
  Solve: 1369.4590ms
Step: 2631.3081ms
====================================
Loop: 144
  Solve: 1349.9122ms
Step: 2546.3740ms
====================================
Loop: 145
  Solve: 1344.3292ms
Step: 2534.7727ms
====================================
Loop: 146
  Solve: 1316.9985ms
Step: 2503.3513ms
====================================
Loop: 147
  Solve: 1294.5522ms
Step: 2490.3118ms
====================================
Loop: 148
  Solve: 1289.2166ms
Step: 2478.0710ms
====================================
Loop: 149
  Solve: 1276.8499ms
Step: 2458.0859ms
====================================
Loop: 150
  Solve: 1261.2294ms
Step: 2459.7012ms
====================================
Loop: 151
  Solve: 1319.9707ms
Step: 2514.0779ms
====================================
Loop: 152
  Solve: 1247.3838ms
Step: 2519.7124ms
====================================
Loop: 153
  Solve: 1237.9905ms
Step: 2466.3643ms
====================================
Loop: 154
  Solve: 1216.3071ms
Step: 2434.5547ms
====================================
Loop: 155
  Solve: 1205.9875ms
Step: 2433.0295ms
====================================
Loop: 156
  Solve: 1194.7046ms
Step: 2462.2554ms
====================================
Loop: 157
  Solve: 1182.3350ms
Step: 2407.5349ms
====================================
Loop: 158
  Solve: 1165.5083ms
Step: 2397.6475ms
====================================
Loop: 159
  Solve: 1156.1686ms
Step: 2374.7681ms
====================================
Loop: 160
  Solve: 1127.5511ms
Step: 2334.2800ms
====================================
Loop: 161
  Solve: 1181.0498ms
Step: 2389.6733ms
====================================
Loop: 162
  Solve: 1103.6920ms
Step: 2303.4990ms
====================================
Loop: 163
  Solve: 1077.0681ms
Step: 2272.4070ms
====================================
Loop: 164
  Solve: 1063.9319ms
Step: 2270.2847ms
====================================
Loop: 165
  Solve: 1043.5519ms
Step: 2251.0012ms
====================================
Loop: 166
  Solve: 1026.5756ms
Step: 2229.3982ms
====================================
Loop: 167
  Solve: 1012.5107ms
Step: 2204.4666ms
====================================
Loop: 168
  Solve: 995.8574ms
Step: 2189.6536ms
====================================
Loop: 169
  Solve: 979.1547ms
Step: 2184.1042ms
====================================
Loop: 170
  Solve: 962.4597ms
Step: 2165.2415ms
====================================
Loop: 171
  Solve: 964.0206ms
Step: 2157.2332ms
====================================
Loop: 172
  Solve: 934.5490ms
Step: 2121.5508ms
====================================
Loop: 173
  Solve: 928.9127ms
Step: 2116.2402ms
====================================
Loop: 174
  Solve: 920.8880ms
Step: 2097.5227ms
====================================
Loop: 175
  Solve: 908.0318ms
Step: 2086.0820ms
====================================
Loop: 176
  Solve: 894.9706ms
Step: 2076.7141ms
====================================
Loop: 177
  Solve: 892.6293ms
Step: 2075.2307ms
====================================
Loop: 178
  Solve: 882.6503ms
Step: 2057.2896ms
====================================
Loop: 179
  Solve: 875.3864ms
Step: 2053.4998ms
====================================
Loop: 180
  Solve: 867.7570ms
Step: 2041.4424ms
====================================
Loop: 181
  Solve: 867.7904ms
Step: 2032.9462ms
====================================
Loop: 182
  Solve: 863.5815ms
Step: 2031.8658ms
====================================
Loop: 183
  Solve: 860.7007ms
Step: 2022.9821ms
====================================
Loop: 184
  Solve: 861.7889ms
Step: 2022.5444ms
====================================
Loop: 185
  Solve: 854.8693ms
Step: 2007.3937ms
====================================
Loop: 186
  Solve: 848.5272ms
Step: 2003.6891ms
====================================
Loop: 187
  Solve: 841.5455ms
Step: 1993.9501ms
====================================
Loop: 188
  Solve: 845.4169ms
Step: 1994.1733ms
====================================
Loop: 189
  Solve: 824.3625ms
Step: 1973.5000ms
====================================
Loop: 190
  Solve: 821.0148ms
Step: 1965.3717ms
====================================
Loop: 191
  Solve: 818.9294ms
Step: 1966.5999ms
====================================
Loop: 192
  Solve: 804.0050ms
Step: 1942.0315ms
====================================
Loop: 193
  Solve: 804.2488ms
Step: 1943.7625ms
====================================
Loop: 194
  Solve: 789.1383ms
Step: 1923.0249ms
====================================
Loop: 195
  Solve: 778.0293ms
Step: 1926.9121ms
====================================
Loop: 196
  Solve: 780.8224ms
Step: 1933.0430ms
====================================
Loop: 197
  Solve: 769.0676ms
Step: 1917.8037ms
====================================
Loop: 198
  Solve: 755.8400ms
Step: 1906.9666ms
====================================
Loop: 199
  Solve: 754.8408ms
Step: 1904.5891ms
====================================
Loop: 200
  Solve: 740.7877ms
Step: 1892.4594ms
====================================
Loop: 201
  Solve: 741.0462ms
Step: 1897.2788ms
====================================
Loop: 202
  Solve: 738.2209ms
Step: 1882.2925ms
====================================
Loop: 203
  Solve: 726.0104ms
Step: 1850.7502ms
====================================
Loop: 204
  Solve: 748.9431ms
Step: 1996.2089ms
====================================
Loop: 205
  Solve: 890.6057ms
Step: 2412.6763ms
====================================
Loop: 206
  Solve: 714.6766ms
Step: 1867.2542ms
====================================
Loop: 207
  Solve: 714.0482ms
Step: 1856.5916ms
====================================
Loop: 208
  Solve: 715.8403ms
Step: 1849.7039ms
====================================
Loop: 209
  Solve: 735.2845ms
Step: 1874.2657ms
====================================
Loop: 210
  Solve: 716.7482ms
Step: 1857.7825ms
====================================
Loop: 211
  Solve: 733.5034ms
Step: 1865.4255ms
====================================
Loop: 212
  Solve: 718.9720ms
Step: 1855.2084ms
====================================
Loop: 213
  Solve: 725.2973ms
Step: 1868.5254ms
====================================
Loop: 214
  Solve: 730.7297ms
Step: 1876.6443ms
====================================
Loop: 215
  Solve: 730.3066ms
Step: 1863.1642ms
====================================
Loop: 216
  Solve: 731.9420ms
Step: 1893.5977ms
====================================
Loop: 217
  Solve: 751.6242ms
Step: 1915.6208ms
====================================
Loop: 218
  Solve: 745.0012ms
Step: 1905.2595ms
====================================
Loop: 219
  Solve: 751.3317ms
Step: 1919.4519ms
====================================
Loop: 220
  Solve: 753.7441ms
Step: 1914.0389ms
====================================
Loop: 221
  Solve: 829.1218ms
Step: 2005.9919ms
====================================
Loop: 222
  Solve: 769.8369ms
Step: 2003.8992ms
====================================
Loop: 223
  Solve: 818.4058ms
Step: 2020.6924ms
====================================
Loop: 224
  Solve: 788.2834ms
Step: 1969.4419ms
====================================
Loop: 225
  Solve: 782.2319ms
Step: 1959.7618ms
====================================
Loop: 226
  Solve: 784.7298ms
Step: 1963.8750ms
====================================
Loop: 227
  Solve: 802.1639ms
Step: 1992.1555ms
====================================
Loop: 228
  Solve: 802.1869ms
Step: 1995.5596ms
====================================
Loop: 229
  Solve: 810.2280ms
Step: 2000.6234ms
====================================
Loop: 230
  Solve: 823.0259ms
Step: 2019.2820ms
====================================
Loop: 231
  Solve: 843.1919ms
Step: 2055.7891ms
====================================
Loop: 232
  Solve: 902.0679ms
Step: 2095.7661ms
====================================
Loop: 233
  Solve: 838.9554ms
Step: 2029.4286ms
====================================
Loop: 234
  Solve: 844.1647ms
Step: 2057.8472ms
====================================
Loop: 235
  Solve: 844.6843ms
Step: 2052.6038ms
====================================
Loop: 236
  Solve: 854.0092ms
Step: 2066.7341ms
====================================
Loop: 237
  Solve: 854.0273ms
Step: 2077.7556ms
====================================
Loop: 238
  Solve: 858.5627ms
Step: 2078.9849ms
====================================
Loop: 239
  Solve: 858.5014ms
Step: 2069.7432ms
====================================
Loop: 240
  Solve: 869.0451ms
Step: 2073.5142ms
====================================
Loop: 241
  Solve: 877.0034ms
Step: 2094.4636ms
====================================
Loop: 242
  Solve: 882.8233ms
Step: 2103.8281ms
====================================
Loop: 243
  Solve: 883.7550ms
Step: 2091.5876ms
====================================
Loop: 244
  Solve: 883.6009ms
Step: 2104.3901ms
====================================
Loop: 245
  Solve: 884.1201ms
Step: 2095.3281ms
====================================
Loop: 246
  Solve: 911.3772ms
Step: 2131.8865ms
====================================
Loop: 247
  Solve: 880.6907ms
Step: 2083.5776ms
====================================
Loop: 248
  Solve: 881.7593ms
Step: 2087.1216ms
====================================
Loop: 249
  Solve: 876.2795ms
Step: 2090.1731ms
====================================
Loop: 250
  Solve: 871.7002ms
Step: 2066.9624ms
====================================
Loop: 251
  Solve: 866.5545ms
Step: 2048.3279ms
====================================
Loop: 252
  Solve: 860.1489ms
Step: 2084.9490ms
====================================
Loop: 253
  Solve: 864.4583ms
Step: 2048.7490ms
====================================
Loop: 254
  Solve: 860.2001ms
Step: 2055.2195ms
====================================
Loop: 255
  Solve: 858.7750ms
Step: 2067.5720ms
====================================
Loop: 256
  Solve: 869.5049ms
Step: 2075.7622ms
====================================
Loop: 257
  Solve: 942.5044ms
Step: 2201.1978ms
====================================
Loop: 258
  Solve: 876.4501ms
Step: 2078.4111ms
====================================
Loop: 259
  Solve: 881.4664ms
Step: 2088.2280ms
====================================
Loop: 260
  Solve: 881.8494ms
Step: 2090.8003ms
====================================
Loop: 261
  Solve: 880.5168ms
Step: 2089.0430ms
====================================
Loop: 262
  Solve: 886.5954ms
Step: 2096.6516ms
====================================
Loop: 263
  Solve: 895.5305ms
Step: 2103.4026ms
====================================
Loop: 264
  Solve: 893.3558ms
Step: 2096.5015ms
====================================
Loop: 265
  Solve: 894.5920ms
Step: 2102.8135ms
====================================
Loop: 266
  Solve: 890.0824ms
Step: 2094.0090ms
====================================
Loop: 267
  Solve: 888.2756ms
Step: 2091.3923ms
====================================
Loop: 268
  Solve: 900.3934ms
Step: 2108.8018ms
====================================
Loop: 269
  Solve: 903.2417ms
Step: 2098.8784ms
====================================
Loop: 270
  Solve: 895.0032ms
Step: 2094.4844ms
====================================
Loop: 271
  Solve: 890.0041ms
Step: 2120.2427ms
====================================
Loop: 272
  Solve: 882.2068ms
Step: 2105.8308ms
====================================
Loop: 273
  Solve: 889.3144ms
Step: 2100.4128ms
====================================
Loop: 274
  Solve: 888.7475ms
Step: 2101.1208ms
====================================
Loop: 275
  Solve: 888.7841ms
Step: 2086.7490ms
====================================
Loop: 276
  Solve: 884.1730ms
Step: 2065.8770ms
====================================
Loop: 277
  Solve: 933.0831ms
Step: 2130.4517ms
====================================
Loop: 278
  Solve: 891.5897ms
Step: 2106.6323ms
====================================
Loop: 279
  Solve: 891.7433ms
Step: 2095.6257ms
====================================
Loop: 280
  Solve: 894.2990ms
Step: 2105.6145ms
====================================
Loop: 281
  Solve: 890.2034ms
Step: 2095.7351ms
====================================
Loop: 282
  Solve: 879.6926ms
Step: 2087.8032ms
====================================
Loop: 283
  Solve: 883.4279ms
Step: 2089.8484ms
====================================
Loop: 284
  Solve: 904.0742ms
Step: 2146.9570ms
====================================
Loop: 285
  Solve: 882.1048ms
Step: 2087.5408ms
====================================
Loop: 286
  Solve: 881.5206ms
Step: 2089.1021ms
====================================
Loop: 287
  Solve: 872.3225ms
Step: 2075.4297ms
====================================
Loop: 288
  Solve: 893.6230ms
Step: 2260.3477ms
====================================
Loop: 289
  Solve: 875.3231ms
Step: 2073.5552ms
====================================
Loop: 290
  Solve: 880.4200ms
Step: 2071.1377ms
====================================
Loop: 291
  Solve: 884.6746ms
Step: 2080.2727ms
====================================
Loop: 292
  Solve: 877.5662ms
Step: 2081.2024ms
====================================
Loop: 293
  Solve: 874.1995ms
Step: 2073.2324ms
====================================
Loop: 294
  Solve: 881.4141ms
Step: 2078.8154ms
====================================
Loop: 295
  Solve: 881.7529ms
Step: 2109.4336ms
====================================
Loop: 296
  Solve: 875.3302ms
Step: 2063.5444ms
====================================
Loop: 297
  Solve: 881.1817ms
Step: 2067.2339ms
====================================
Loop: 298
  Solve: 885.6315ms
Step: 2065.9175ms
====================================
Loop: 299
  Solve: 882.4749ms
Step: 2069.1504ms
====================================
Loop: 300
  Solve: 878.7480ms
Step: 2064.5286ms
====================================
Loop: 301
  Solve: 880.4836ms
Step: 2061.1538ms
====================================
Loop: 302
  Solve: 882.3881ms
Step: 2066.3359ms
====================================
Loop: 303
  Solve: 880.7882ms
Step: 2060.2424ms
====================================
Loop: 304
  Solve: 878.2429ms
Step: 2071.4082ms
====================================
Loop: 305
  Solve: 874.8505ms
Step: 2063.5393ms
====================================
Loop: 306
  Solve: 874.7568ms
Step: 2060.6768ms
====================================
Loop: 307
  Solve: 869.3193ms
Step: 2046.2489ms
====================================
Loop: 308
  Solve: 863.1824ms
Step: 2051.4897ms
====================================
Loop: 309
  Solve: 857.7791ms
Step: 2040.0865ms
====================================
Loop: 310
  Solve: 856.3113ms
Step: 2032.2455ms
====================================
Loop: 311
  Solve: 857.3356ms
Step: 2033.0286ms
====================================
Loop: 312
  Solve: 858.6483ms
Step: 2036.5718ms
====================================
Loop: 313
  Solve: 854.7097ms
Step: 2034.1816ms
====================================
Loop: 314
  Solve: 925.9150ms
Step: 2130.6279ms
====================================
Loop: 315
  Solve: 850.6735ms
Step: 2031.0675ms
====================================
Loop: 316
  Solve: 861.2184ms
Step: 2041.1288ms
====================================
Loop: 317
  Solve: 845.2443ms
Step: 2029.6514ms
====================================
Loop: 318
  Solve: 849.3669ms
Step: 2033.2864ms
====================================
Loop: 319
  Solve: 851.6871ms
Step: 2026.2887ms
====================================
Loop: 320
  Solve: 841.0729ms
Step: 2010.0330ms
====================================
Loop: 321
  Solve: 840.9935ms
Step: 2009.4093ms
====================================
Loop: 322
  Solve: 835.1275ms
Step: 2008.7289ms
====================================
Loop: 323
  Solve: 834.2780ms
Step: 2001.0734ms
====================================
Loop: 324
  Solve: 836.7239ms
Step: 2000.9214ms
====================================
Loop: 325
  Solve: 833.8959ms
Step: 1995.1140ms
====================================
Loop: 326
  Solve: 830.7869ms
Step: 1992.6317ms
====================================
Loop: 327
  Solve: 821.0386ms
Step: 1979.4380ms
====================================
Loop: 328
  Solve: 819.0059ms
Step: 1980.4263ms
====================================
Loop: 329
  Solve: 815.6810ms
Step: 1977.2736ms
====================================
Loop: 330
  Solve: 808.0464ms
Step: 1966.5244ms
====================================
Loop: 331
  Solve: 804.3982ms
Step: 1943.6357ms
====================================
Loop: 332
  Solve: 798.1506ms
Step: 1949.2549ms
====================================
Loop: 333
  Solve: 792.1051ms
Step: 1931.8633ms
====================================
Loop: 334
  Solve: 786.8035ms
Step: 1922.6134ms
====================================
Loop: 335
  Solve: 771.7019ms
Step: 1915.5990ms
====================================
Loop: 336
  Solve: 797.9211ms
Step: 1932.4800ms
====================================
Loop: 337
  Solve: 766.3200ms
Step: 1879.7500ms
====================================
Loop: 338
  Solve: 766.1047ms
Step: 1873.5659ms
====================================
Loop: 339
  Solve: 753.9873ms
Step: 1862.0586ms
====================================
Loop: 340
  Solve: 751.9732ms
Step: 1864.5986ms
====================================
Loop: 341
  Solve: 751.2158ms
Step: 1848.2019ms
====================================
Loop: 342
  Solve: 737.3688ms
Step: 1833.1182ms
====================================
Loop: 343
  Solve: 731.3710ms
Step: 1837.8615ms
====================================
Loop: 344
  Solve: 736.7205ms
Step: 1821.4858ms
====================================
Loop: 345
  Solve: 725.3059ms
Step: 1805.0527ms
====================================
Loop: 346
  Solve: 724.4136ms
Step: 1800.2167ms
====================================
Loop: 347
  Solve: 721.8378ms
Step: 1797.1880ms
====================================
Loop: 348
  Solve: 715.8475ms
Step: 1796.8960ms
====================================
Loop: 349
  Solve: 711.9338ms
Step: 1778.7886ms
====================================
Loop: 350
  Solve: 716.0117ms
Step: 1782.8011ms
====================================
Loop: 351
  Solve: 719.6180ms
Step: 1771.0656ms
====================================
Loop: 352
  Solve: 703.0972ms
Step: 1767.4739ms
====================================
Loop: 353
  Solve: 699.8635ms
Step: 1753.8262ms
====================================
Loop: 354
  Solve: 692.8208ms
Step: 1737.5745ms
====================================
Loop: 355
  Solve: 694.4813ms
Step: 1737.8474ms
====================================
Loop: 356
  Solve: 683.8035ms
Step: 1732.9711ms
====================================
Loop: 357
  Solve: 685.2289ms
Step: 1734.6460ms
====================================
Loop: 358
  Solve: 682.4335ms
Step: 1718.7720ms
====================================
Loop: 359
  Solve: 673.5652ms
Step: 1703.3674ms
====================================
Loop: 360
  Solve: 668.9974ms
Step: 1689.2869ms
====================================
Loop: 361
  Solve: 669.4223ms
Step: 1679.7747ms
====================================
Loop: 362
  Solve: 665.4011ms
Step: 1673.0881ms
====================================
Loop: 363
  Solve: 663.3008ms
Step: 1670.7825ms
====================================
Loop: 364
  Solve: 659.6440ms
Step: 1713.0658ms
====================================
Loop: 365
  Solve: 665.5728ms
Step: 1662.9738ms
====================================
Loop: 366
  Solve: 653.8168ms
Step: 1657.3660ms
====================================
Loop: 367
  Solve: 655.9045ms
Step: 1645.8431ms
====================================
Loop: 368
  Solve: 658.5076ms
Step: 1651.3442ms
====================================
Loop: 369
  Solve: 645.7656ms
Step: 1639.5955ms
====================================
Loop: 370
  Solve: 646.7561ms
Step: 1622.8405ms
====================================
Loop: 371
  Solve: 645.1381ms
Step: 1632.2827ms
====================================
Loop: 372
  Solve: 639.0393ms
Step: 1618.7383ms
====================================
Loop: 373
  Solve: 643.4567ms
Step: 1608.3737ms
====================================
Loop: 374
  Solve: 629.6750ms
Step: 1607.0477ms
====================================
Loop: 375
  Solve: 632.0421ms
Step: 1592.1226ms
====================================
Loop: 376
  Solve: 626.0453ms
Step: 1585.3812ms
====================================
Loop: 377
  Solve: 621.8414ms
Step: 1574.8862ms
====================================
Loop: 378
  Solve: 623.7654ms
Step: 1564.3184ms
====================================
Loop: 379
  Solve: 616.8962ms
Step: 1568.9478ms
====================================
Loop: 380
  Solve: 620.3842ms
Step: 1555.7583ms
====================================
Loop: 381
  Solve: 611.6679ms
Step: 1570.6772ms
====================================
Loop: 382
  Solve: 615.0726ms
Step: 1538.7019ms
====================================
Loop: 383
  Solve: 605.8406ms
Step: 1546.4993ms
====================================
Loop: 384
  Solve: 608.1981ms
Step: 1522.9558ms
====================================
Loop: 385
  Solve: 604.8042ms
Step: 1521.6631ms
====================================
Loop: 386
  Solve: 602.6259ms
Step: 1524.0261ms
====================================
Loop: 387
  Solve: 603.9469ms
Step: 1523.0886ms
====================================
Loop: 388
  Solve: 598.1882ms
Step: 1509.5707ms
====================================
Loop: 389
  Solve: 597.4642ms
Step: 1507.5662ms
====================================
Loop: 390
  Solve: 598.0879ms
Step: 1507.0623ms
====================================
Loop: 391
  Solve: 594.0683ms
Step: 1502.1667ms
====================================
Loop: 392
  Solve: 592.7057ms
Step: 1492.4271ms
====================================
Loop: 393
  Solve: 592.4373ms
Step: 1484.0635ms
====================================
Loop: 394
  Solve: 589.1199ms
Step: 1479.5142ms
====================================
Loop: 395
  Solve: 588.7888ms
Step: 1481.1489ms
====================================
Loop: 396
  Solve: 588.2516ms
Step: 1471.1667ms
====================================
Loop: 397
  Solve: 585.5279ms
Step: 1472.7346ms
====================================
Loop: 398
  Solve: 587.7932ms
Step: 1465.2286ms
====================================
Loop: 399
  Solve: 586.2982ms
Step: 1464.8696ms
====================================
Loop: 400
  Solve: 583.8184ms
Step: 1455.1598ms
====================================
Loop: 401
  Solve: 580.0057ms
Step: 1455.2937ms
====================================
Loop: 402
  Solve: 587.6138ms
Step: 1448.8846ms
====================================
Loop: 403
  Solve: 574.1072ms
Step: 1441.3706ms
====================================
Loop: 404
  Solve: 575.7574ms
Step: 1429.0881ms
====================================
Loop: 405
  Solve: 580.9174ms
Step: 1439.4550ms
====================================
Loop: 406
  Solve: 571.7048ms
Step: 1428.5225ms
====================================
Loop: 407
  Solve: 575.9905ms
Step: 1423.9666ms
====================================
Loop: 408
  Solve: 566.5767ms
Step: 1422.4734ms
====================================
Loop: 409
  Solve: 576.5511ms
Step: 1412.8359ms
====================================
Loop: 410
  Solve: 565.7608ms
Step: 1405.0840ms
====================================
Loop: 411
  Solve: 567.7205ms
Step: 1403.1487ms
====================================
Loop: 412
  Solve: 566.4905ms
Step: 1402.1226ms
====================================
Loop: 413
  Solve: 565.9035ms
Step: 1459.8020ms
====================================
Loop: 414
  Solve: 564.2306ms
Step: 1396.1104ms
====================================
Loop: 415
  Solve: 561.0520ms
Step: 1394.1324ms
====================================
Loop: 416
  Solve: 564.1100ms
Step: 1391.8019ms
====================================
Loop: 417
  Solve: 557.6615ms
Step: 1379.3665ms
====================================
Loop: 418
  Solve: 555.1664ms
Step: 1384.9646ms
====================================
Loop: 419
  Solve: 561.2583ms
Step: 1372.1558ms
====================================
Loop: 420
  Solve: 555.6881ms
Step: 1381.9333ms
====================================
Loop: 421
  Solve: 555.8079ms
Step: 1374.3358ms
====================================
Loop: 422
  Solve: 559.0534ms
Step: 1380.9775ms
====================================
Loop: 423
  Solve: 554.5490ms
Step: 1374.0553ms
====================================
Loop: 424
  Solve: 558.7290ms
Step: 1370.1509ms
====================================
Loop: 425
  Solve: 554.3996ms
Step: 1367.6012ms
====================================
Loop: 426
  Solve: 551.0778ms
Step: 1369.3862ms
====================================
Loop: 427
  Solve: 555.4911ms
Step: 1345.1428ms
====================================
Loop: 428
  Solve: 551.7307ms
Step: 1358.4471ms
====================================
Loop: 429
  Solve: 548.3862ms
Step: 1342.8384ms
====================================
Loop: 430
  Solve: 548.9330ms
Step: 1334.5526ms
====================================
Loop: 431
  Solve: 547.7208ms
Step: 1338.7109ms
====================================
Loop: 432
  Solve: 544.6198ms
Step: 1333.6489ms
====================================
Loop: 433
  Solve: 547.9270ms
Step: 1321.4027ms
====================================
Loop: 434
  Solve: 582.8300ms
Step: 1435.9994ms
====================================
Loop: 435
  Solve: 651.5163ms
Step: 1685.0833ms
====================================
Loop: 436
  Solve: 542.9573ms
Step: 1368.0842ms
====================================
Loop: 437
  Solve: 542.4881ms
Step: 1305.9503ms
====================================
Loop: 438
  Solve: 540.6224ms
Step: 1305.0800ms
====================================
Loop: 439
  Solve: 537.2756ms
Step: 1309.7808ms
====================================
Loop: 440
  Solve: 537.2905ms
Step: 1297.4092ms
====================================
Loop: 441
  Solve: 537.9035ms
Step: 1298.0596ms
====================================
Loop: 442
  Solve: 539.0577ms
Step: 1298.9053ms
====================================
Loop: 443
  Solve: 534.1083ms
Step: 1296.9392ms
====================================
Loop: 444
  Solve: 538.2087ms
Step: 1293.6324ms
====================================
Loop: 445
  Solve: 537.8072ms
Step: 1300.4772ms
====================================
Loop: 446
  Solve: 542.3578ms
Step: 1402.2893ms
====================================
Loop: 447
  Solve: 536.8162ms
Step: 1300.0604ms
====================================
Loop: 448
  Solve: 542.3703ms
Step: 1305.5360ms
====================================
Loop: 449
  Solve: 537.2726ms
Step: 1301.0704ms
====================================
Loop: 450
  Solve: 541.4646ms
Step: 1298.8450ms
====================================
Loop: 451
  Solve: 543.8133ms
Step: 1304.2847ms
====================================
Loop: 452
  Solve: 529.8625ms
Step: 1284.4028ms
====================================
Loop: 453
  Solve: 534.8629ms
Step: 1293.1157ms
====================================
Loop: 454
  Solve: 535.9705ms
Step: 1284.2615ms
====================================
Loop: 455
  Solve: 535.3679ms
Step: 1283.0159ms
====================================
Loop: 456
  Solve: 536.5599ms
Step: 1279.4960ms
====================================
Loop: 457
  Solve: 536.4137ms
Step: 1275.3484ms
====================================
Loop: 458
  Solve: 534.3856ms
Step: 1273.6519ms
====================================
Loop: 459
  Solve: 603.9164ms
Step: 1359.3718ms
====================================
Loop: 460
  Solve: 539.0845ms
Step: 1279.6111ms
====================================
Loop: 461
  Solve: 540.7871ms
Step: 1276.3861ms
====================================
Loop: 462
  Solve: 537.8874ms
Step: 1268.4781ms
====================================
Loop: 463
  Solve: 610.3544ms
Step: 1342.5459ms
====================================
Loop: 464
  Solve: 539.2709ms
Step: 1266.4734ms
====================================
Loop: 465
  Solve: 536.9916ms
Step: 1266.0375ms
====================================
Loop: 466
  Solve: 526.7759ms
Step: 1252.0941ms
====================================
Loop: 467
  Solve: 532.2873ms
Step: 1267.0122ms
====================================
Loop: 468
  Solve: 534.9050ms
Step: 1297.5671ms
====================================
Loop: 469
  Solve: 532.0718ms
Step: 1257.2148ms
====================================
Loop: 470
  Solve: 525.2307ms
Step: 1304.1849ms
====================================
Loop: 471
  Solve: 527.4464ms
Step: 1230.5121ms
====================================
Loop: 472
  Solve: 527.7494ms
Step: 1240.4922ms
====================================
Loop: 473
  Solve: 529.4347ms
Step: 1252.8475ms
====================================
Loop: 474
  Solve: 527.5465ms
Step: 1247.6461ms
====================================
Loop: 475
  Solve: 525.5559ms
Step: 1236.6136ms
====================================
Loop: 476
  Solve: 532.7999ms
Step: 1238.3068ms
====================================
Loop: 477
  Solve: 531.4156ms
Step: 1238.9862ms
====================================
Loop: 478
  Solve: 526.3977ms
Step: 1231.8093ms
====================================
Loop: 479
  Solve: 529.7520ms
Step: 1229.7943ms
====================================
Loop: 480
  Solve: 530.0114ms
Step: 1223.4396ms
====================================
Loop: 481
  Solve: 530.8402ms
Step: 1227.6404ms
====================================
Loop: 482
  Solve: 529.4045ms
Step: 1221.0253ms
====================================
Loop: 483
  Solve: 526.5551ms
Step: 1228.4376ms
====================================
Loop: 484
  Solve: 532.3835ms
Step: 1233.5024ms
====================================
Loop: 485
  Solve: 539.2023ms
Step: 1231.9344ms
====================================
Loop: 486
  Solve: 533.9876ms
Step: 1228.2479ms
====================================
Loop: 487
  Solve: 529.7109ms
Step: 1242.2135ms
====================================
Loop: 488
  Solve: 528.4468ms
Step: 1225.9756ms
====================================
Loop: 489
  Solve: 538.1742ms
Step: 1230.8480ms
====================================
Loop: 490
  Solve: 535.9108ms
Step: 1226.6914ms
====================================
Loop: 491
  Solve: 535.0670ms
Step: 1228.5361ms
====================================
Loop: 492
  Solve: 528.7965ms
Step: 1220.6837ms
====================================
Loop: 493
  Solve: 529.4871ms
Step: 1221.6113ms
====================================
Loop: 494
  Solve: 536.5819ms
Step: 1219.4351ms
====================================
Loop: 495
  Solve: 530.8652ms
Step: 1212.8026ms
====================================
Loop: 496
  Solve: 528.9000ms
Step: 1229.5005ms
====================================
Loop: 497
  Solve: 532.9750ms
Step: 1214.1168ms
====================================
Loop: 498
  Solve: 532.9886ms
Step: 1211.7007ms
====================================
Loop: 499
  Solve: 536.6164ms
Step: 1226.1765ms
====================================
Loop: 500
  Solve: 530.6029ms
Step: 1211.0312ms
====================================
