Using platform vendor: Intel(R) Corporation
Loop: 0
  Solve: 0.0006ms
Step: 602.6537ms
====================================
Loop: 1
  Solve: 0.0013ms
Step: 290.6972ms
====================================
Loop: 2
  Solve: 0.0012ms
Step: 290.0362ms
====================================
Loop: 3
  Solve: 0.0013ms
Step: 296.3459ms
====================================
Loop: 4
  Solve: 0.0013ms
Step: 288.2643ms
====================================
Loop: 5
  Solve: 0.0012ms
Step: 344.1537ms
====================================
Loop: 6
  Solve: 0.0012ms
Step: 288.5252ms
====================================
Loop: 7
  Solve: 0.0014ms
Step: 292.2433ms
====================================
Loop: 8
  Solve: 0.0011ms
Step: 293.6866ms
====================================
Loop: 9
  Solve: 0.0012ms
Step: 291.9115ms
====================================
Loop: 10
  Solve: 0.0012ms
Step: 294.4110ms
====================================
Loop: 11
  Solve: 0.0014ms
Step: 289.5615ms
====================================
Loop: 12
  Solve: 0.0011ms
Step: 291.2007ms
====================================
Loop: 13
  Solve: 0.0011ms
Step: 292.4478ms
====================================
Loop: 14
  Solve: 0.0011ms
Step: 288.0023ms
====================================
Loop: 15
  Solve: 0.0011ms
Step: 295.0316ms
====================================
Loop: 16
  Solve: 0.0009ms
Step: 290.7071ms
====================================
Loop: 17
  Solve: 0.0026ms
Step: 294.8623ms
====================================
Loop: 18
  Solve: 0.0013ms
Step: 692.5505ms
====================================
Loop: 19
  Solve: 0.0014ms
Step: 293.0663ms
====================================
Loop: 20
  Solve: 0.0100ms
Step: 288.8353ms
====================================
Loop: 21
  Solve: 0.0012ms
Step: 290.3438ms
====================================
Loop: 22
  Solve: 0.0010ms
Step: 293.8841ms
====================================
Loop: 23
  Solve: 0.0016ms
Step: 287.3581ms
====================================
Loop: 24
  Solve: 0.0013ms
Step: 293.0036ms
====================================
Loop: 25
  Solve: 0.0013ms
Step: 288.9638ms
====================================
Loop: 26
  Solve: 0.0011ms
Step: 700.4616ms
====================================
Loop: 27
  Solve: 0.0013ms
Step: 289.8311ms
====================================
Loop: 28
  Solve: 0.0012ms
Step: 293.6378ms
====================================
Loop: 29
  Solve: 0.0009ms
Step: 288.7903ms
====================================
Loop: 30
  Solve: 0.0012ms
Step: 289.1979ms
====================================
Loop: 31
  Solve: 0.0010ms
Step: 294.1718ms
====================================
Loop: 32
  Solve: 0.0011ms
Step: 289.7739ms
====================================
Loop: 33
  Solve: 0.0011ms
Step: 697.3268ms
====================================
Loop: 34
  Solve: 0.0011ms
Step: 289.6082ms
====================================
Loop: 35
  Solve: 0.0011ms
Step: 292.9821ms
====================================
Loop: 36
  Solve: 0.0012ms
Step: 289.4677ms
====================================
Loop: 37
  Solve: 0.0012ms
Step: 292.6480ms
====================================
Loop: 38
  Solve: 0.0011ms
Step: 690.5704ms
====================================
Loop: 39
  Solve: 0.0012ms
Step: 293.8017ms
====================================
Loop: 40
  Solve: 0.0012ms
Step: 289.0645ms
====================================
Loop: 41
  Solve: 0.0013ms
Step: 291.4582ms
====================================
Loop: 42
  Solve: 0.0011ms
Step: 293.5983ms
====================================
Loop: 43
  Solve: 0.0012ms
Step: 688.3862ms
====================================
Loop: 44
  Solve: 0.0009ms
Step: 296.5286ms
====================================
Loop: 45
  Solve: 0.0014ms
Step: 287.0289ms
====================================
Loop: 46
  Solve: 0.0012ms
Step: 294.2766ms
====================================
Loop: 47
  Solve: 0.0016ms
Step: 684.9873ms
====================================
Loop: 48
  Solve: 0.0013ms
Step: 292.2564ms
====================================
Loop: 49
  Solve: 0.0016ms
Step: 291.0692ms
====================================
Loop: 50
  Solve: 0.0014ms
Step: 291.7302ms
====================================
Loop: 51
  Solve: 0.0012ms
Step: 687.2142ms
====================================
Loop: 52
  Solve: 0.0011ms
Step: 293.1371ms
====================================
Loop: 53
  Solve: 0.0012ms
Step: 287.8000ms
====================================
Loop: 54
  Solve: 3.2204ms
Step: 295.0421ms
====================================
Loop: 55
  Solve: 6.8616ms
Step: 695.5477ms
====================================
Loop: 56
  Solve: 8.6172ms
Step: 306.9368ms
====================================
Loop: 57
  Solve: 10.7532ms
Step: 311.5608ms
====================================
Loop: 58
  Solve: 13.1902ms
Step: 309.4014ms
====================================
Loop: 59
  Solve: 15.6826ms
Step: 692.8414ms
====================================
Loop: 60
  Solve: 17.7237ms
Step: 319.1310ms
====================================
Loop: 61
  Solve: 19.8075ms
Step: 324.9697ms
====================================
Loop: 62
  Solve: 25.0294ms
Step: 687.3445ms
====================================
Loop: 63
  Solve: 26.1604ms
Step: 338.5974ms
====================================
Loop: 64
  Solve: 31.9248ms
Step: 348.6978ms
====================================
Loop: 65
  Solve: 31.8963ms
Step: 686.7122ms
====================================
Loop: 66
  Solve: 33.8560ms
Step: 357.2729ms
====================================
Loop: 67
  Solve: 39.1523ms
Step: 355.2872ms
====================================
Loop: 68
  Solve: 40.8201ms
Step: 693.5242ms
====================================
Loop: 69
  Solve: 48.0420ms
Step: 373.6680ms
====================================
Loop: 70
  Solve: 50.1071ms
Step: 374.8885ms
====================================
Loop: 71
  Solve: 51.9940ms
Step: 703.8995ms
====================================
Loop: 72
  Solve: 58.8689ms
Step: 395.2163ms
====================================
Loop: 73
  Solve: 58.7400ms
Step: 392.2873ms
====================================
Loop: 74
  Solve: 60.9136ms
Step: 726.5428ms
====================================
Loop: 75
  Solve: 74.1372ms
Step: 414.7138ms
====================================
Loop: 76
  Solve: 76.8002ms
Step: 422.8151ms
====================================
Loop: 77
  Solve: 112.9501ms
Step: 754.6102ms
====================================
Loop: 78
  Solve: 86.8849ms
Step: 454.8721ms
====================================
Loop: 79
  Solve: 92.7393ms
Step: 461.6286ms
====================================
Loop: 80
  Solve: 105.3926ms
Step: 741.5562ms
====================================
Loop: 81
  Solve: 109.0478ms
Step: 487.2508ms
====================================
Loop: 82
  Solve: 114.4692ms
Step: 494.5244ms
====================================
Loop: 83
  Solve: 134.7417ms
Step: 788.4751ms
====================================
Loop: 84
  Solve: 130.7975ms
Step: 515.1196ms
====================================
Loop: 85
  Solve: 131.1183ms
Step: 524.6140ms
====================================
Loop: 86
  Solve: 137.8987ms
Step: 779.3713ms
====================================
Loop: 87
  Solve: 160.0921ms
Step: 565.1201ms
====================================
Loop: 88
  Solve: 164.8374ms
Step: 571.7446ms
====================================
Loop: 89
  Solve: 157.6921ms
Step: 791.2701ms
====================================
Loop: 90
  Solve: 170.1600ms
Step: 603.4799ms
====================================
Loop: 91
  Solve: 187.3445ms
Step: 607.9639ms
====================================
Loop: 92
  Solve: 175.4475ms
Step: 815.7263ms
====================================
Loop: 93
  Solve: 184.4580ms
Step: 628.7387ms
====================================
Loop: 94
  Solve: 192.0818ms
Step: 829.4657ms
====================================
Loop: 95
  Solve: 208.0395ms
Step: 663.8064ms
====================================
Loop: 96
  Solve: 201.1768ms
Step: 847.8837ms
====================================
Loop: 97
  Solve: 228.9449ms
Step: 720.1893ms
====================================
Loop: 98
  Solve: 211.2587ms
Step: 876.7868ms
====================================
Loop: 99
  Solve: 219.1020ms
Step: 716.5010ms
====================================
Loop: 100
  Solve: 218.1640ms
Step: 904.6140ms
====================================
Loop: 101
  Solve: 223.0997ms
Step: 745.7208ms
====================================
Loop: 102
  Solve: 237.0554ms
Step: 935.3506ms
====================================
Loop: 103
  Solve: 253.6616ms
Step: 866.1603ms
====================================
Loop: 104
  Solve: 233.2416ms
Step: 949.4959ms
====================================
Loop: 105
  Solve: 255.7993ms
Step: 886.7019ms
====================================
Loop: 106
  Solve: 247.2090ms
Step: 978.6572ms
====================================
Loop: 107
  Solve: 252.4967ms
Step: 856.5980ms
====================================
Loop: 108
  Solve: 271.6640ms
Step: 1016.4839ms
====================================
Loop: 109
  Solve: 269.4264ms
Step: 899.4981ms
====================================
Loop: 110
  Solve: 287.9639ms
Step: 1056.0127ms
====================================
Loop: 111
  Solve: 284.6982ms
Step: 947.8982ms
====================================
Loop: 112
  Solve: 293.7186ms
Step: 1085.5533ms
====================================
Loop: 113
  Solve: 295.4025ms
Step: 1002.5546ms
====================================
Loop: 114
  Solve: 290.1728ms
Step: 1112.6450ms
====================================
Loop: 115
  Solve: 293.9726ms
Step: 1041.6893ms
====================================
Loop: 116
  Solve: 294.6237ms
Step: 1163.2537ms
====================================
Loop: 117
  Solve: 307.8259ms
Step: 1093.6787ms
====================================
Loop: 118
  Solve: 326.3372ms
Step: 1226.2263ms
====================================
Loop: 119
  Solve: 308.7128ms
Step: 1156.1260ms
====================================
Loop: 120
  Solve: 329.4417ms
Step: 1263.0372ms
====================================
Loop: 121
  Solve: 314.9424ms
Step: 1268.7397ms
====================================
Loop: 122
  Solve: 326.7751ms
Step: 1313.4030ms
====================================
Loop: 123
  Solve: 342.0728ms
Step: 1292.2788ms
====================================
Loop: 124
  Solve: 324.2888ms
Step: 1349.4843ms
====================================
Loop: 125
  Solve: 339.4479ms
Step: 1324.0200ms
====================================
Loop: 126
  Solve: 353.4076ms
Step: 1417.9460ms
====================================
Loop: 127
  Solve: 333.2281ms
Step: 1379.2799ms
====================================
Loop: 128
  Solve: 336.1201ms
Step: 1433.4487ms
====================================
Loop: 129
  Solve: 342.2814ms
Step: 1420.4512ms
====================================
Loop: 130
  Solve: 339.9448ms
Step: 1471.0548ms
====================================
Loop: 131
  Solve: 347.7102ms
Step: 1463.1252ms
====================================
Loop: 132
  Solve: 353.4721ms
Step: 1511.1283ms
====================================
Loop: 133
  Solve: 353.5037ms
Step: 1503.9172ms
====================================
Loop: 134
  Solve: 353.2910ms
Step: 1530.0037ms
====================================
Loop: 135
  Solve: 348.2860ms
Step: 1521.1172ms
====================================
Loop: 136
  Solve: 342.5594ms
Step: 1534.8491ms
====================================
Loop: 137
  Solve: 344.8438ms
Step: 1531.2976ms
====================================
Loop: 138
  Solve: 344.0354ms
Step: 1577.1199ms
====================================
Loop: 139
  Solve: 320.8062ms
Step: 1521.9376ms
====================================
Loop: 140
  Solve: 348.0562ms
Step: 1597.0112ms
====================================
Loop: 141
  Solve: 307.1553ms
Step: 1515.8027ms
====================================
Loop: 142
  Solve: 319.0411ms
Step: 1520.1572ms
====================================
Loop: 143
  Solve: 298.5603ms
Step: 1508.2128ms
====================================
Loop: 144
  Solve: 304.5839ms
Step: 1518.5813ms
====================================
Loop: 145
  Solve: 301.6895ms
Step: 1539.8358ms
====================================
Loop: 146
  Solve: 295.5048ms
Step: 1508.9426ms
====================================
Loop: 147
  Solve: 287.9905ms
Step: 1503.9899ms
====================================
Loop: 148
  Solve: 286.9584ms
Step: 1503.5054ms
====================================
Loop: 149
  Solve: 278.5745ms
Step: 1490.7961ms
====================================
Loop: 150
  Solve: 281.1072ms
Step: 1502.1177ms
====================================
Loop: 151
  Solve: 264.7706ms
Step: 1479.5767ms
====================================
Loop: 152
  Solve: 303.2435ms
Step: 1534.2195ms
====================================
Loop: 153
  Solve: 259.1512ms
Step: 1482.0974ms
====================================
Loop: 154
  Solve: 273.3720ms
Step: 1493.7327ms
====================================
Loop: 155
  Solve: 251.6106ms
Step: 1476.9265ms
====================================
Loop: 156
  Solve: 276.3282ms
Step: 1554.7539ms
====================================
Loop: 157
  Solve: 244.5088ms
Step: 1468.6616ms
====================================
Loop: 158
  Solve: 260.5772ms
Step: 1480.4036ms
====================================
Loop: 159
  Solve: 250.9964ms
Step: 1481.5144ms
====================================
Loop: 160
  Solve: 252.2973ms
Step: 1466.8368ms
====================================
Loop: 161
  Solve: 234.5667ms
Step: 1450.4255ms
====================================
Loop: 162
  Solve: 238.7240ms
Step: 1509.4033ms
====================================
Loop: 163
  Solve: 230.3884ms
Step: 1439.9504ms
====================================
Loop: 164
  Solve: 230.8765ms
Step: 1429.2018ms
====================================
Loop: 165
  Solve: 232.3962ms
Step: 1423.7166ms
====================================
Loop: 166
  Solve: 220.5280ms
Step: 1431.7812ms
====================================
Loop: 167
  Solve: 224.7381ms
Step: 1424.1053ms
====================================
Loop: 168
  Solve: 204.6180ms
Step: 1402.8312ms
====================================
Loop: 169
  Solve: 210.9968ms
Step: 1462.1729ms
====================================
Loop: 170
  Solve: 202.9450ms
Step: 1395.1530ms
====================================
Loop: 171
  Solve: 202.6105ms
Step: 1391.2714ms
====================================
Loop: 172
  Solve: 197.1154ms
Step: 1384.6910ms
====================================
Loop: 173
  Solve: 190.9988ms
Step: 1399.5383ms
====================================
Loop: 174
  Solve: 198.0273ms
Step: 1397.3896ms
====================================
Loop: 175
  Solve: 197.2808ms
Step: 1384.5165ms
====================================
Loop: 176
  Solve: 185.4827ms
Step: 1394.0825ms
====================================
Loop: 177
  Solve: 198.4128ms
Step: 1390.8866ms
====================================
Loop: 178
  Solve: 185.2094ms
Step: 1395.2300ms
====================================
Loop: 179
  Solve: 180.2624ms
Step: 1366.7753ms
====================================
Loop: 180
  Solve: 181.4795ms
Step: 1359.6207ms
====================================
Loop: 181
  Solve: 179.0164ms
Step: 1414.0603ms
====================================
Loop: 182
  Solve: 181.6711ms
Step: 1407.2538ms
====================================
Loop: 183
  Solve: 177.7893ms
Step: 1355.1444ms
====================================
Loop: 184
  Solve: 178.8941ms
Step: 1338.8909ms
====================================
Loop: 185
  Solve: 180.6245ms
Step: 1385.7866ms
====================================
Loop: 186
  Solve: 174.2974ms
Step: 1342.8806ms
====================================
Loop: 187
  Solve: 186.7104ms
Step: 1341.0376ms
====================================
Loop: 188
  Solve: 172.8104ms
Step: 1338.6997ms
====================================
Loop: 189
  Solve: 192.2533ms
Step: 1416.3247ms
====================================
Loop: 190
  Solve: 210.2211ms
Step: 1518.2280ms
====================================
Loop: 191
  Solve: 178.0971ms
Step: 1402.4547ms
====================================
Loop: 192
  Solve: 187.0202ms
Step: 1358.2937ms
====================================
Loop: 193
  Solve: 246.4499ms
Step: 1408.0205ms
====================================
Loop: 194
  Solve: 171.7347ms
Step: 1332.8115ms
====================================
Loop: 195
  Solve: 195.5107ms
Step: 1349.7208ms
====================================
Loop: 196
  Solve: 174.2982ms
Step: 1320.7524ms
====================================
Loop: 197
  Solve: 171.3779ms
Step: 1319.2102ms
====================================
Loop: 198
  Solve: 198.1455ms
Step: 1341.5962ms
====================================
Loop: 199
  Solve: 186.2490ms
Step: 1341.0981ms
====================================
Loop: 200
  Solve: 173.9703ms
Step: 1328.3716ms
====================================
Loop: 201
  Solve: 202.8637ms
Step: 1359.9611ms
====================================
Loop: 202
  Solve: 194.5926ms
Step: 1418.1594ms
====================================
Loop: 203
  Solve: 208.6919ms
Step: 1516.5898ms
====================================
Loop: 204
  Solve: 183.8076ms
Step: 1400.6533ms
====================================
Loop: 205
  Solve: 187.0236ms
Step: 1459.3818ms
====================================
Loop: 206
  Solve: 175.2642ms
Step: 1320.8439ms
====================================
Loop: 207
  Solve: 174.5666ms
Step: 1320.5623ms
====================================
Loop: 208
  Solve: 179.4277ms
Step: 1321.9524ms
====================================
Loop: 209
  Solve: 183.0663ms
Step: 1315.6331ms
====================================
Loop: 210
  Solve: 176.2441ms
Step: 1325.5336ms
====================================
Loop: 211
  Solve: 180.7234ms
Step: 1327.1243ms
====================================
Loop: 212
  Solve: 181.1833ms
Step: 1320.2180ms
====================================
Loop: 213
  Solve: 179.8972ms
Step: 1335.5726ms
====================================
Loop: 214
  Solve: 186.1843ms
Step: 1359.3314ms
====================================
Loop: 215
  Solve: 179.1949ms
Step: 1337.3730ms
====================================
Loop: 216
  Solve: 179.8464ms
Step: 1353.3422ms
====================================
Loop: 217
  Solve: 184.3465ms
Step: 1355.8575ms
====================================
Loop: 218
  Solve: 203.2335ms
Step: 1374.9297ms
====================================
Loop: 219
  Solve: 179.0416ms
Step: 1352.3275ms
====================================
Loop: 220
  Solve: 196.7747ms
Step: 1373.4783ms
====================================
Loop: 221
  Solve: 191.4252ms
Step: 1363.0270ms
====================================
Loop: 222
  Solve: 180.4125ms
Step: 1362.4436ms
====================================
Loop: 223
  Solve: 181.7916ms
Step: 1356.5150ms
====================================
Loop: 224
  Solve: 188.0479ms
Step: 1359.1877ms
====================================
Loop: 225
  Solve: 185.8517ms
Step: 1355.2762ms
====================================
Loop: 226
  Solve: 195.2256ms
Step: 1369.1588ms
====================================
Loop: 227
  Solve: 188.3086ms
Step: 1372.2911ms
====================================
Loop: 228
  Solve: 200.9133ms
Step: 1370.3838ms
====================================
Loop: 229
  Solve: 195.8143ms
Step: 1364.5408ms
====================================
Loop: 230
  Solve: 190.7367ms
Step: 1372.3129ms
====================================
Loop: 231
  Solve: 199.9869ms
Step: 1373.9230ms
====================================
Loop: 232
  Solve: 202.3662ms
Step: 1382.9275ms
====================================
Loop: 233
  Solve: 201.9048ms
Step: 1383.4415ms
====================================
Loop: 234
  Solve: 197.5199ms
Step: 1368.0947ms
====================================
Loop: 235
  Solve: 195.7899ms
Step: 1368.9180ms
====================================
Loop: 236
  Solve: 202.1634ms
Step: 1366.3645ms
====================================
Loop: 237
  Solve: 198.5771ms
Step: 1368.8900ms
====================================
Loop: 238
  Solve: 193.7584ms
Step: 1368.5336ms
====================================
Loop: 239
  Solve: 196.3616ms
Step: 1364.4391ms
====================================
Loop: 240
  Solve: 198.2287ms
Step: 1368.4668ms
====================================
Loop: 241
  Solve: 195.6816ms
Step: 1372.9109ms
====================================
Loop: 242
  Solve: 200.9616ms
Step: 1412.1133ms
====================================
Loop: 243
  Solve: 192.8035ms
Step: 1362.0419ms
====================================
Loop: 244
  Solve: 202.9142ms
Step: 1369.8748ms
====================================
Loop: 245
  Solve: 194.0082ms
Step: 1356.8738ms
====================================
Loop: 246
  Solve: 192.3901ms
Step: 1377.0940ms
====================================
Loop: 247
  Solve: 200.4856ms
Step: 1387.1199ms
====================================
Loop: 248
  Solve: 201.4539ms
Step: 1374.7312ms
====================================
Loop: 249
  Solve: 190.9769ms
Step: 1373.3608ms
====================================
Loop: 250
  Solve: 203.4202ms
Step: 1389.6226ms
====================================
Loop: 251
  Solve: 200.3555ms
Step: 1377.8676ms
====================================
Loop: 252
  Solve: 204.1786ms
Step: 1412.9283ms
====================================
Loop: 253
  Solve: 198.6425ms
Step: 1368.7180ms
====================================
Loop: 254
  Solve: 192.5439ms
Step: 1370.9526ms
====================================
Loop: 255
  Solve: 196.2770ms
Step: 1366.1980ms
====================================
Loop: 256
  Solve: 199.5683ms
Step: 1372.5049ms
====================================
Loop: 257
  Solve: 203.5779ms
Step: 1447.2141ms
====================================
Loop: 258
  Solve: 193.7465ms
Step: 1365.7291ms
====================================
Loop: 259
  Solve: 195.7367ms
Step: 1380.1808ms
====================================
Loop: 260
  Solve: 196.9863ms
Step: 1435.8578ms
====================================
Loop: 261
  Solve: 205.5102ms
Step: 1377.3046ms
====================================
Loop: 262
  Solve: 193.9006ms
Step: 1388.5543ms
====================================
Loop: 263
  Solve: 206.7524ms
Step: 1378.1277ms
====================================
Loop: 264
  Solve: 198.4610ms
Step: 1378.6191ms
====================================
Loop: 265
  Solve: 206.4831ms
Step: 1429.8745ms
====================================
Loop: 266
  Solve: 215.6373ms
Step: 1414.3882ms
====================================
Loop: 267
  Solve: 197.7972ms
Step: 1395.5146ms
====================================
Loop: 268
  Solve: 202.5499ms
Step: 1382.9633ms
====================================
Loop: 269
  Solve: 200.3802ms
Step: 1376.4165ms
====================================
Loop: 270
  Solve: 212.3813ms
Step: 1401.7786ms
====================================
Loop: 271
  Solve: 230.2123ms
Step: 1443.0128ms
====================================
Loop: 272
  Solve: 200.1860ms
Step: 1390.8964ms
====================================
Loop: 273
  Solve: 199.7165ms
Step: 1383.7380ms
====================================
Loop: 274
  Solve: 201.9699ms
Step: 1382.5796ms
====================================
Loop: 275
  Solve: 207.6890ms
Step: 1389.5468ms
====================================
Loop: 276
  Solve: 209.2686ms
Step: 1396.2068ms
====================================
Loop: 277
  Solve: 197.7218ms
Step: 1403.3287ms
====================================
Loop: 278
  Solve: 205.7104ms
Step: 1388.2515ms
====================================
Loop: 279
  Solve: 204.7834ms
Step: 1385.3412ms
====================================
Loop: 280
  Solve: 202.4125ms
Step: 1393.3667ms
====================================
Loop: 281
  Solve: 196.8379ms
Step: 1408.9243ms
====================================
Loop: 282
  Solve: 200.0318ms
Step: 1449.1812ms
====================================
Loop: 283
  Solve: 206.9063ms
Step: 1416.1880ms
====================================
Loop: 284
  Solve: 205.5147ms
Step: 1403.9069ms
====================================
Loop: 285
  Solve: 216.7045ms
Step: 1461.6311ms
====================================
Loop: 286
  Solve: 202.1752ms
Step: 1401.8987ms
====================================
Loop: 287
  Solve: 200.7511ms
Step: 1412.4469ms
====================================
Loop: 288
  Solve: 202.6019ms
Step: 1412.4982ms
====================================
Loop: 289
  Solve: 206.1472ms
Step: 1419.9366ms
====================================
Loop: 290
  Solve: 211.2918ms
Step: 1407.2111ms
====================================
Loop: 291
  Solve: 210.7122ms
Step: 1460.9812ms
====================================
Loop: 292
  Solve: 201.5751ms
Step: 1400.5253ms
====================================
Loop: 293
  Solve: 197.9604ms
Step: 1401.4299ms
====================================
Loop: 294
  Solve: 198.5806ms
Step: 1409.7516ms
====================================
Loop: 295
  Solve: 205.7128ms
Step: 1395.3619ms
====================================
Loop: 296
  Solve: 202.1138ms
Step: 1387.3507ms
====================================
Loop: 297
  Solve: 206.5129ms
Step: 1396.9489ms
====================================
Loop: 298
  Solve: 196.1521ms
Step: 1384.7700ms
====================================
Loop: 299
  Solve: 200.1984ms
Step: 1396.9907ms
====================================
Loop: 300
  Solve: 201.0962ms
Step: 1434.8232ms
====================================
Loop: 301
  Solve: 203.2183ms
Step: 1381.7051ms
====================================
Loop: 302
  Solve: 200.2868ms
Step: 1382.3153ms
====================================
Loop: 303
  Solve: 192.2007ms
Step: 1378.0769ms
====================================
Loop: 304
  Solve: 195.5514ms
Step: 1368.5055ms
====================================
Loop: 305
  Solve: 213.7172ms
Step: 1377.6193ms
====================================
Loop: 306
  Solve: 198.0454ms
Step: 1389.7507ms
====================================
Loop: 307
  Solve: 203.2590ms
Step: 1408.6801ms
====================================
Loop: 308
  Solve: 195.8792ms
Step: 1368.2621ms
====================================
Loop: 309
  Solve: 194.9726ms
Step: 1358.8280ms
====================================
Loop: 310
  Solve: 200.1160ms
Step: 1368.1396ms
====================================
Loop: 311
  Solve: 188.6012ms
Step: 1359.1499ms
====================================
Loop: 312
  Solve: 187.9586ms
Step: 1334.2517ms
====================================
Loop: 313
  Solve: 191.0511ms
Step: 1352.9434ms
====================================
Loop: 314
  Solve: 185.9939ms
Step: 1342.8190ms
====================================
Loop: 315
  Solve: 188.7273ms
Step: 1334.0104ms
====================================
Loop: 316
  Solve: 192.6054ms
Step: 1342.5276ms
====================================
Loop: 317
  Solve: 188.4019ms
Step: 1336.0333ms
====================================
Loop: 318
  Solve: 186.3824ms
Step: 1317.4601ms
====================================
Loop: 319
  Solve: 187.1835ms
Step: 1335.8143ms
====================================
Loop: 320
  Solve: 185.0841ms
Step: 1331.5371ms
====================================
Loop: 321
  Solve: 185.5391ms
Step: 1319.7836ms
====================================
Loop: 322
  Solve: 188.3015ms
Step: 1323.9402ms
====================================
Loop: 323
  Solve: 182.6022ms
Step: 1321.7747ms
====================================
Loop: 324
  Solve: 180.9785ms
Step: 1361.0151ms
====================================
Loop: 325
  Solve: 199.5925ms
Step: 1380.5548ms
====================================
Loop: 326
  Solve: 177.4880ms
Step: 1330.3975ms
====================================
Loop: 327
  Solve: 180.6854ms
Step: 1295.8951ms
====================================
Loop: 328
  Solve: 182.9795ms
Step: 1309.4448ms
====================================
Loop: 329
  Solve: 176.3885ms
Step: 1302.9261ms
====================================
Loop: 330
  Solve: 184.3536ms
Step: 1291.6694ms
====================================
Loop: 331
  Solve: 173.5356ms
Step: 1292.3647ms
====================================
Loop: 332
  Solve: 177.5809ms
Step: 1279.5496ms
====================================
Loop: 333
  Solve: 172.4530ms
Step: 1284.6660ms
====================================
Loop: 334
  Solve: 184.5079ms
Step: 1396.2510ms
====================================
Loop: 335
  Solve: 184.4894ms
Step: 1275.8190ms
====================================
Loop: 336
  Solve: 170.4086ms
Step: 1279.0618ms
====================================
Loop: 337
  Solve: 172.6172ms
Step: 1280.1381ms
====================================
Loop: 338
  Solve: 168.5367ms
Step: 1259.6451ms
====================================
Loop: 339
  Solve: 171.5303ms
Step: 1244.9258ms
====================================
Loop: 340
  Solve: 167.7814ms
Step: 1255.0502ms
====================================
Loop: 341
  Solve: 167.3789ms
Step: 1249.4683ms
====================================
Loop: 342
  Solve: 164.8423ms
Step: 1243.0446ms
====================================
Loop: 343
  Solve: 169.0679ms
Step: 1231.5105ms
====================================
Loop: 344
  Solve: 160.9784ms
Step: 1235.2585ms
====================================
Loop: 345
  Solve: 169.8463ms
Step: 1225.9277ms
====================================
Loop: 346
  Solve: 175.9500ms
Step: 1242.9619ms
====================================
Loop: 347
  Solve: 161.5567ms
Step: 1212.8110ms
====================================
Loop: 348
  Solve: 159.9983ms
Step: 1212.5518ms
====================================
Loop: 349
  Solve: 160.4420ms
Step: 1209.0858ms
====================================
Loop: 350
  Solve: 156.5698ms
Step: 1192.2700ms
====================================
Loop: 351
  Solve: 159.4860ms
Step: 1211.3838ms
====================================
Loop: 352
  Solve: 163.8680ms
Step: 1194.0342ms
====================================
Loop: 353
  Solve: 151.5626ms
Step: 1187.8997ms
====================================
Loop: 354
  Solve: 153.0803ms
Step: 1173.0100ms
====================================
Loop: 355
  Solve: 161.2526ms
Step: 1176.5900ms
====================================
Loop: 356
  Solve: 151.0741ms
Step: 1172.6504ms
====================================
Loop: 357
  Solve: 150.8303ms
Step: 1151.8381ms
====================================
Loop: 358
  Solve: 162.9417ms
Step: 1168.0664ms
====================================
Loop: 359
  Solve: 148.8844ms
Step: 1152.9883ms
====================================
Loop: 360
  Solve: 147.6730ms
Step: 1155.1028ms
====================================
Loop: 361
  Solve: 147.0587ms
Step: 1147.2733ms
====================================
Loop: 362
  Solve: 149.0505ms
Step: 1130.5273ms
====================================
Loop: 363
  Solve: 149.6421ms
Step: 1144.8577ms
====================================
Loop: 364
  Solve: 154.1540ms
Step: 1140.5875ms
====================================
Loop: 365
  Solve: 161.0081ms
Step: 1141.5564ms
====================================
Loop: 366
  Solve: 148.0398ms
Step: 1119.6388ms
====================================
Loop: 367
  Solve: 146.2153ms
Step: 1122.1893ms
====================================
Loop: 368
  Solve: 144.4335ms
Step: 1115.5084ms
====================================
Loop: 369
  Solve: 150.0689ms
Step: 1112.3553ms
====================================
Loop: 370
  Solve: 144.0247ms
Step: 1098.0024ms
====================================
Loop: 371
  Solve: 143.0899ms
Step: 1101.5999ms
====================================
Loop: 372
  Solve: 145.2201ms
Step: 1103.0884ms
====================================
Loop: 373
  Solve: 141.8347ms
Step: 1090.4089ms
====================================
Loop: 374
  Solve: 144.9716ms
Step: 1089.2598ms
====================================
Loop: 375
  Solve: 146.3261ms
Step: 1111.1561ms
====================================
Loop: 376
  Solve: 137.7613ms
Step: 1080.8698ms
====================================
Loop: 377
  Solve: 139.4098ms
Step: 1080.3512ms
====================================
Loop: 378
  Solve: 134.6507ms
Step: 1072.4329ms
====================================
Loop: 379
  Solve: 134.4790ms
Step: 1058.0311ms
====================================
Loop: 380
  Solve: 138.2112ms
Step: 1065.9207ms
====================================
Loop: 381
  Solve: 142.0126ms
Step: 1114.8302ms
====================================
Loop: 382
  Solve: 137.3390ms
Step: 1056.6927ms
====================================
Loop: 383
  Solve: 144.7214ms
Step: 1130.0087ms
====================================
Loop: 384
  Solve: 142.0252ms
Step: 1058.2747ms
====================================
Loop: 385
  Solve: 143.1862ms
Step: 1043.6550ms
====================================
Loop: 386
  Solve: 138.1110ms
Step: 1034.7850ms
====================================
Loop: 387
  Solve: 153.7561ms
Step: 1048.6027ms
====================================
Loop: 388
  Solve: 150.8483ms
Step: 1101.3481ms
====================================
Loop: 389
  Solve: 137.0477ms
Step: 1035.2870ms
====================================
Loop: 390
  Solve: 146.6223ms
Step: 1107.2314ms
====================================
Loop: 391
  Solve: 145.1264ms
Step: 1048.3691ms
====================================
Loop: 392
  Solve: 136.8781ms
Step: 1047.4108ms
====================================
Loop: 393
  Solve: 138.7687ms
Step: 1033.4492ms
====================================
Loop: 394
  Solve: 128.5831ms
Step: 1008.9494ms
====================================
Loop: 395
  Solve: 127.9686ms
Step: 1011.5579ms
====================================
Loop: 396
  Solve: 129.1920ms
Step: 1011.0337ms
====================================
Loop: 397
  Solve: 126.9928ms
Step: 1014.6857ms
====================================
Loop: 398
  Solve: 137.5193ms
Step: 1064.5281ms
====================================
Loop: 399
  Solve: 135.7442ms
Step: 1015.7487ms
====================================
Loop: 400
  Solve: 126.6697ms
Step: 992.3253ms
====================================
Loop: 401
  Solve: 123.9976ms
Step: 980.8218ms
====================================
Loop: 402
  Solve: 124.2182ms
Step: 986.7045ms
====================================
Loop: 403
  Solve: 124.4118ms
Step: 1013.2681ms
====================================
Loop: 404
  Solve: 132.2684ms
Step: 1006.1458ms
====================================
Loop: 405
  Solve: 137.8840ms
Step: 1002.9370ms
====================================
Loop: 406
  Solve: 126.4759ms
Step: 1015.1143ms
====================================
Loop: 407
  Solve: 135.3034ms
Step: 1015.7439ms
====================================
Loop: 408
  Solve: 122.6115ms
Step: 966.1387ms
====================================
Loop: 409
  Solve: 122.8583ms
Step: 965.5108ms
====================================
Loop: 410
  Solve: 123.3300ms
Step: 958.8099ms
====================================
Loop: 411
  Solve: 124.1474ms
Step: 952.8933ms
====================================
Loop: 412
  Solve: 122.8541ms
Step: 950.5919ms
====================================
Loop: 413
  Solve: 128.3814ms
Step: 951.5436ms
====================================
Loop: 414
  Solve: 124.9449ms
Step: 940.2822ms
====================================
Loop: 415
  Solve: 129.0220ms
Step: 961.1151ms
====================================
Loop: 416
  Solve: 121.7210ms
Step: 940.6953ms
====================================
Loop: 417
  Solve: 124.6940ms
Step: 939.2562ms
====================================
Loop: 418
  Solve: 122.5091ms
Step: 930.1844ms
====================================
Loop: 419
  Solve: 135.1859ms
Step: 933.5031ms
====================================
Loop: 420
  Solve: 121.2346ms
Step: 933.9481ms
====================================
Loop: 421
  Solve: 126.1810ms
Step: 974.8340ms
====================================
Loop: 422
  Solve: 121.0932ms
Step: 951.1376ms
====================================
Loop: 423
  Solve: 126.2189ms
Step: 956.3061ms
====================================
Loop: 424
  Solve: 123.4032ms
Step: 917.0861ms
====================================
Loop: 425
  Solve: 123.5432ms
Step: 981.1844ms
====================================
Loop: 426
  Solve: 117.4962ms
Step: 910.9087ms
====================================
Loop: 427
  Solve: 121.8574ms
Step: 911.3553ms
====================================
Loop: 428
  Solve: 130.2908ms
Step: 987.5267ms
====================================
Loop: 429
  Solve: 130.6610ms
Step: 929.2933ms
====================================
Loop: 430
  Solve: 127.8617ms
Step: 918.7874ms
====================================
Loop: 431
  Solve: 123.0193ms
Step: 895.8598ms
====================================
Loop: 432
  Solve: 124.8738ms
Step: 905.0332ms
====================================
Loop: 433
  Solve: 117.7983ms
Step: 894.0214ms
====================================
Loop: 434
  Solve: 173.6571ms
Step: 939.5387ms
====================================
Loop: 435
  Solve: 120.5366ms
Step: 892.9833ms
====================================
Loop: 436
  Solve: 122.1567ms
Step: 894.7985ms
====================================
Loop: 437
  Solve: 123.5199ms
Step: 891.6504ms
====================================
Loop: 438
  Solve: 117.9318ms
Step: 890.5801ms
====================================
Loop: 439
  Solve: 116.2518ms
Step: 873.7123ms
====================================
Loop: 440
  Solve: 117.6812ms
Step: 881.0624ms
====================================
Loop: 441
  Solve: 120.8464ms
Step: 889.2158ms
====================================
Loop: 442
  Solve: 114.5864ms
Step: 876.4768ms
====================================
Loop: 443
  Solve: 126.0848ms
Step: 871.9285ms
====================================
Loop: 444
  Solve: 116.7163ms
Step: 870.1711ms
====================================
Loop: 445
  Solve: 117.1597ms
Step: 868.4531ms
====================================
Loop: 446
  Solve: 117.1292ms
Step: 877.2558ms
====================================
Loop: 447
  Solve: 116.7079ms
Step: 914.5510ms
====================================
Loop: 448
  Solve: 117.7200ms
Step: 873.5251ms
====================================
Loop: 449
  Solve: 117.8775ms
Step: 884.6307ms
====================================
Loop: 450
  Solve: 116.9465ms
Step: 879.1583ms
====================================
Loop: 451
  Solve: 123.6304ms
Step: 924.0623ms
====================================
Loop: 452
  Solve: 115.6395ms
Step: 868.9356ms
====================================
Loop: 453
  Solve: 122.9435ms
Step: 867.5156ms
====================================
Loop: 454
  Solve: 114.9771ms
Step: 862.3411ms
====================================
Loop: 455
  Solve: 114.7691ms
Step: 853.3672ms
====================================
Loop: 456
  Solve: 116.0755ms
Step: 857.8759ms
====================================
Loop: 457
  Solve: 117.8508ms
Step: 857.4401ms
====================================
Loop: 458
  Solve: 122.4185ms
Step: 855.9680ms
====================================
Loop: 459
  Solve: 115.6962ms
Step: 848.1324ms
====================================
Loop: 460
  Solve: 114.8008ms
Step: 845.5249ms
====================================
Loop: 461
  Solve: 114.0939ms
Step: 838.1541ms
====================================
Loop: 462
  Solve: 113.8008ms
Step: 838.1415ms
====================================
Loop: 463
  Solve: 120.7393ms
Step: 841.6993ms
====================================
Loop: 464
  Solve: 115.3589ms
Step: 838.7876ms
====================================
Loop: 465
  Solve: 123.0097ms
Step: 835.3242ms
====================================
Loop: 466
  Solve: 122.9985ms
Step: 838.7655ms
====================================
Loop: 467
  Solve: 118.6178ms
Step: 838.0197ms
====================================
Loop: 468
  Solve: 113.4168ms
Step: 831.3360ms
====================================
Loop: 469
  Solve: 127.0264ms
Step: 841.9678ms
====================================
Loop: 470
  Solve: 148.0489ms
Step: 913.6860ms
====================================
Loop: 471
  Solve: 117.6267ms
Step: 826.1049ms
====================================
Loop: 472
  Solve: 119.9518ms
Step: 831.5176ms
====================================
Loop: 473
  Solve: 121.1926ms
Step: 833.0958ms
====================================
Loop: 474
  Solve: 115.1754ms
Step: 824.0782ms
====================================
Loop: 475
  Solve: 117.7894ms
Step: 826.8387ms
====================================
Loop: 476
  Solve: 114.2270ms
Step: 829.6397ms
====================================
Loop: 477
  Solve: 118.1221ms
Step: 819.5420ms
====================================
Loop: 478
  Solve: 119.7234ms
Step: 821.1170ms
====================================
Loop: 479
  Solve: 118.7240ms
Step: 820.0610ms
====================================
Loop: 480
  Solve: 113.9226ms
Step: 814.5519ms
====================================
Loop: 481
  Solve: 115.5625ms
Step: 813.4871ms
====================================
Loop: 482
  Solve: 116.6614ms
Step: 816.4991ms
====================================
Loop: 483
  Solve: 119.2078ms
Step: 811.2244ms
====================================
Loop: 484
  Solve: 123.6654ms
Step: 815.3634ms
====================================
Loop: 485
  Solve: 113.3639ms
Step: 802.0917ms
====================================
Loop: 486
  Solve: 120.5678ms
Step: 816.3834ms
====================================
Loop: 487
  Solve: 116.0905ms
Step: 814.6235ms
====================================
Loop: 488
  Solve: 123.2563ms
Step: 811.6485ms
====================================
Loop: 489
  Solve: 116.8310ms
Step: 809.3191ms
====================================
Loop: 490
  Solve: 114.4613ms
Step: 800.2576ms
====================================
Loop: 491
  Solve: 117.1884ms
Step: 806.8259ms
====================================
Loop: 492
  Solve: 123.4259ms
Step: 854.9086ms
====================================
Loop: 493
  Solve: 116.2715ms
Step: 801.5328ms
====================================
Loop: 494
  Solve: 127.0605ms
Step: 812.8497ms
====================================
Loop: 495
  Solve: 115.8194ms
Step: 796.2686ms
====================================
Loop: 496
  Solve: 119.7259ms
Step: 815.0125ms
====================================
Loop: 497
  Solve: 117.3109ms
Step: 804.2230ms
====================================
Loop: 498
  Solve: 119.2090ms
Step: 869.7894ms
====================================
Loop: 499
  Solve: 130.4545ms
Step: 849.1579ms
====================================
Loop: 500
  Solve: 121.4771ms
Step: 805.3201ms
====================================
