Using platform vendor: NVIDIA Corporation
Loop: 0
  Solve: 0.0007ms
Step: 597.4623ms
====================================
Loop: 1
  Solve: 0.0008ms
Step: 293.4393ms
====================================
Loop: 2
  Solve: 0.0012ms
Step: 295.0397ms
====================================
Loop: 3
  Solve: 0.0013ms
Step: 290.7787ms
====================================
Loop: 4
  Solve: 0.0012ms
Step: 289.3152ms
====================================
Loop: 5
  Solve: 0.0012ms
Step: 295.1295ms
====================================
Loop: 6
  Solve: 0.0012ms
Step: 291.2354ms
====================================
Loop: 7
  Solve: 0.0013ms
Step: 289.5761ms
====================================
Loop: 8
  Solve: 0.0016ms
Step: 296.8705ms
====================================
Loop: 9
  Solve: 0.0011ms
Step: 292.3932ms
====================================
Loop: 10
  Solve: 0.0012ms
Step: 291.4622ms
====================================
Loop: 11
  Solve: 0.0011ms
Step: 291.4457ms
====================================
Loop: 12
  Solve: 0.0011ms
Step: 295.5355ms
====================================
Loop: 13
  Solve: 0.0012ms
Step: 291.5207ms
====================================
Loop: 14
  Solve: 0.0013ms
Step: 288.9837ms
====================================
Loop: 15
  Solve: 0.0008ms
Step: 295.7809ms
====================================
Loop: 16
  Solve: 0.0012ms
Step: 290.0541ms
====================================
Loop: 17
  Solve: 0.0016ms
Step: 290.2781ms
====================================
Loop: 18
  Solve: 0.0011ms
Step: 698.3231ms
====================================
Loop: 19
  Solve: 0.0012ms
Step: 290.2419ms
====================================
Loop: 20
  Solve: 0.0011ms
Step: 290.8378ms
====================================
Loop: 21
  Solve: 0.0017ms
Step: 295.4140ms
====================================
Loop: 22
  Solve: 0.0029ms
Step: 294.1306ms
====================================
Loop: 23
  Solve: 0.0012ms
Step: 290.7427ms
====================================
Loop: 24
  Solve: 0.0012ms
Step: 297.7899ms
====================================
Loop: 25
  Solve: 0.0013ms
Step: 292.6006ms
====================================
Loop: 26
  Solve: 0.0011ms
Step: 698.4241ms
====================================
Loop: 27
  Solve: 0.0013ms
Step: 289.7567ms
====================================
Loop: 28
  Solve: 0.0011ms
Step: 289.8042ms
====================================
Loop: 29
  Solve: 0.0011ms
Step: 290.4231ms
====================================
Loop: 30
  Solve: 0.0011ms
Step: 292.8144ms
====================================
Loop: 31
  Solve: 0.0011ms
Step: 293.1303ms
====================================
Loop: 32
  Solve: 0.0015ms
Step: 288.4632ms
====================================
Loop: 33
  Solve: 0.0012ms
Step: 696.0228ms
====================================
Loop: 34
  Solve: 0.0013ms
Step: 288.6100ms
====================================
Loop: 35
  Solve: 0.0014ms
Step: 292.7540ms
====================================
Loop: 36
  Solve: 0.0011ms
Step: 291.0527ms
====================================
Loop: 37
  Solve: 0.0012ms
Step: 288.9518ms
====================================
Loop: 38
  Solve: 0.0011ms
Step: 694.0198ms
====================================
Loop: 39
  Solve: 0.0010ms
Step: 290.1910ms
====================================
Loop: 40
  Solve: 0.0011ms
Step: 290.4311ms
====================================
Loop: 41
  Solve: 0.0012ms
Step: 292.9024ms
====================================
Loop: 42
  Solve: 0.0013ms
Step: 293.7898ms
====================================
Loop: 43
  Solve: 0.0011ms
Step: 689.6558ms
====================================
Loop: 44
  Solve: 0.0012ms
Step: 291.9083ms
====================================
Loop: 45
  Solve: 0.0009ms
Step: 288.5835ms
====================================
Loop: 46
  Solve: 0.0011ms
Step: 294.0936ms
====================================
Loop: 47
  Solve: 0.0011ms
Step: 684.6373ms
====================================
Loop: 48
  Solve: 0.0008ms
Step: 294.7633ms
====================================
Loop: 49
  Solve: 0.0010ms
Step: 288.6495ms
====================================
Loop: 50
  Solve: 0.0012ms
Step: 290.3781ms
====================================
Loop: 51
  Solve: 0.0012ms
Step: 756.9354ms
====================================
Loop: 52
  Solve: 0.0011ms
Step: 288.8727ms
====================================
Loop: 53
  Solve: 0.0011ms
Step: 291.8104ms
====================================
Loop: 54
  Solve: 5.7807ms
Step: 297.8299ms
====================================
Loop: 55
  Solve: 9.7113ms
Step: 699.9897ms
====================================
Loop: 56
  Solve: 12.1760ms
Step: 309.5497ms
====================================
Loop: 57
  Solve: 14.1415ms
Step: 312.0378ms
====================================
Loop: 58
  Solve: 17.5413ms
Step: 314.8381ms
====================================
Loop: 59
  Solve: 18.9788ms
Step: 695.2483ms
====================================
Loop: 60
  Solve: 22.8098ms
Step: 325.5381ms
====================================
Loop: 61
  Solve: 24.7740ms
Step: 333.6820ms
====================================
Loop: 62
  Solve: 29.7047ms
Step: 690.8146ms
====================================
Loop: 63
  Solve: 35.2990ms
Step: 349.3611ms
====================================
Loop: 64
  Solve: 37.3011ms
Step: 349.6741ms
====================================
Loop: 65
  Solve: 41.5975ms
Step: 696.9931ms
====================================
Loop: 66
  Solve: 42.9757ms
Step: 362.2652ms
====================================
Loop: 67
  Solve: 48.2978ms
Step: 371.5996ms
====================================
Loop: 68
  Solve: 51.4608ms
Step: 699.4969ms
====================================
Loop: 69
  Solve: 55.3388ms
Step: 386.0628ms
====================================
Loop: 70
  Solve: 61.6825ms
Step: 389.0131ms
====================================
Loop: 71
  Solve: 66.1363ms
Step: 708.1826ms
====================================
Loop: 72
  Solve: 68.3762ms
Step: 401.6060ms
====================================
Loop: 73
  Solve: 74.8783ms
Step: 411.0284ms
====================================
Loop: 74
  Solve: 74.3178ms
Step: 708.1896ms
====================================
Loop: 75
  Solve: 77.8979ms
Step: 425.3031ms
====================================
Loop: 76
  Solve: 83.4541ms
Step: 433.3055ms
====================================
Loop: 77
  Solve: 101.9124ms
Step: 735.9417ms
====================================
Loop: 78
  Solve: 106.9638ms
Step: 467.7079ms
====================================
Loop: 79
  Solve: 112.2169ms
Step: 477.8015ms
====================================
Loop: 80
  Solve: 119.9453ms
Step: 756.2205ms
====================================
Loop: 81
  Solve: 132.8150ms
Step: 506.2720ms
====================================
Loop: 82
  Solve: 141.2812ms
Step: 515.5771ms
====================================
Loop: 83
  Solve: 142.0455ms
Step: 780.0707ms
====================================
Loop: 84
  Solve: 149.5137ms
Step: 538.3387ms
====================================
Loop: 85
  Solve: 150.3948ms
Step: 537.9744ms
====================================
Loop: 86
  Solve: 159.6123ms
Step: 794.5512ms
====================================
Loop: 87
  Solve: 163.5742ms
Step: 568.4194ms
====================================
Loop: 88
  Solve: 170.1176ms
Step: 580.2725ms
====================================
Loop: 89
  Solve: 179.1920ms
Step: 817.7921ms
====================================
Loop: 90
  Solve: 182.7272ms
Step: 608.3934ms
====================================
Loop: 91
  Solve: 191.9187ms
Step: 614.5425ms
====================================
Loop: 92
  Solve: 201.7820ms
Step: 844.1110ms
====================================
Loop: 93
  Solve: 206.6537ms
Step: 651.8195ms
====================================
Loop: 94
  Solve: 214.1188ms
Step: 855.8626ms
====================================
Loop: 95
  Solve: 215.4046ms
Step: 674.6325ms
====================================
Loop: 96
  Solve: 222.2074ms
Step: 877.3610ms
====================================
Loop: 97
  Solve: 233.1029ms
Step: 720.8381ms
====================================
Loop: 98
  Solve: 232.6190ms
Step: 905.7736ms
====================================
Loop: 99
  Solve: 241.5343ms
Step: 741.3342ms
====================================
Loop: 100
  Solve: 242.7359ms
Step: 935.8856ms
====================================
Loop: 101
  Solve: 247.9227ms
Step: 780.1832ms
====================================
Loop: 102
  Solve: 255.5859ms
Step: 958.5904ms
====================================
Loop: 103
  Solve: 264.5632ms
Step: 822.2150ms
====================================
Loop: 104
  Solve: 265.5749ms
Step: 985.3123ms
====================================
Loop: 105
  Solve: 273.8734ms
Step: 858.9368ms
====================================
Loop: 106
  Solve: 278.5565ms
Step: 1017.0749ms
====================================
Loop: 107
  Solve: 283.2964ms
Step: 895.1177ms
====================================
Loop: 108
  Solve: 291.5854ms
Step: 1049.0278ms
====================================
Loop: 109
  Solve: 289.5062ms
Step: 938.3968ms
====================================
Loop: 110
  Solve: 294.6100ms
Step: 1079.1761ms
====================================
Loop: 111
  Solve: 299.3320ms
Step: 979.8773ms
====================================
Loop: 112
  Solve: 380.8519ms
Step: 1249.0682ms
====================================
Loop: 113
  Solve: 345.0019ms
Step: 1350.7411ms
====================================
Loop: 114
  Solve: 325.0151ms
Step: 1218.8589ms
====================================
Loop: 115
  Solve: 320.2834ms
Step: 1075.4490ms
====================================
Loop: 116
  Solve: 323.6237ms
Step: 1197.1661ms
====================================
Loop: 117
  Solve: 328.3775ms
Step: 1130.4706ms
====================================
Loop: 118
  Solve: 329.7590ms
Step: 1225.7396ms
====================================
Loop: 119
  Solve: 327.9874ms
Step: 1181.2517ms
====================================
Loop: 120
  Solve: 344.3541ms
Step: 1283.5222ms
====================================
Loop: 121
  Solve: 350.8945ms
Step: 1255.2554ms
====================================
Loop: 122
  Solve: 347.6498ms
Step: 1343.6799ms
====================================
Loop: 123
  Solve: 359.5614ms
Step: 1310.1027ms
====================================
Loop: 124
  Solve: 355.6610ms
Step: 1413.5269ms
====================================
Loop: 125
  Solve: 359.3068ms
Step: 1376.5841ms
====================================
Loop: 126
  Solve: 385.3852ms
Step: 1504.4467ms
====================================
Loop: 127
  Solve: 371.2157ms
Step: 1478.2485ms
====================================
Loop: 128
  Solve: 377.0046ms
Step: 1503.9496ms
====================================
Loop: 129
  Solve: 372.9326ms
Step: 1481.1824ms
====================================
Loop: 130
  Solve: 377.6697ms
Step: 1524.0630ms
====================================
Loop: 131
  Solve: 373.6577ms
Step: 1520.0626ms
====================================
Loop: 132
  Solve: 375.9793ms
Step: 1548.9951ms
====================================
Loop: 133
  Solve: 372.0081ms
Step: 1562.4800ms
====================================
Loop: 134
  Solve: 367.6732ms
Step: 1565.0720ms
====================================
Loop: 135
  Solve: 362.5641ms
Step: 1571.0281ms
====================================
Loop: 136
  Solve: 360.1261ms
Step: 1574.6760ms
====================================
Loop: 137
  Solve: 354.2804ms
Step: 1563.2667ms
====================================
Loop: 138
  Solve: 350.4321ms
Step: 1562.9424ms
====================================
Loop: 139
  Solve: 344.1840ms
Step: 1560.8063ms
====================================
Loop: 140
  Solve: 335.9099ms
Step: 1547.2257ms
====================================
Loop: 141
  Solve: 328.8841ms
Step: 1557.8115ms
====================================
Loop: 142
  Solve: 322.6203ms
Step: 1546.2839ms
====================================
Loop: 143
  Solve: 315.6311ms
Step: 1539.0933ms
====================================
Loop: 144
  Solve: 310.1126ms
Step: 1543.4846ms
====================================
Loop: 145
  Solve: 304.6521ms
Step: 1537.3657ms
====================================
Loop: 146
  Solve: 302.9364ms
Step: 1525.7080ms
====================================
Loop: 147
  Solve: 305.2111ms
Step: 1531.5322ms
====================================
Loop: 148
  Solve: 300.1123ms
Step: 1535.0045ms
====================================
Loop: 149
  Solve: 291.7476ms
Step: 1534.1719ms
====================================
Loop: 150
  Solve: 297.2530ms
Step: 1517.0708ms
====================================
Loop: 151
  Solve: 285.3709ms
Step: 1529.8286ms
====================================
Loop: 152
  Solve: 286.8075ms
Step: 1516.5459ms
====================================
Loop: 153
  Solve: 279.7197ms
Step: 1520.2567ms
====================================
Loop: 154
  Solve: 278.5781ms
Step: 1517.9691ms
====================================
Loop: 155
  Solve: 274.9630ms
Step: 1514.0320ms
====================================
Loop: 156
  Solve: 278.4622ms
Step: 1505.5259ms
====================================
Loop: 157
  Solve: 274.9621ms
Step: 1514.2534ms
====================================
Loop: 158
  Solve: 268.6790ms
Step: 1499.2625ms
====================================
Loop: 159
  Solve: 273.7378ms
Step: 1523.7545ms
====================================
Loop: 160
  Solve: 262.9691ms
Step: 1500.7871ms
====================================
Loop: 161
  Solve: 260.7718ms
Step: 1506.4919ms
====================================
Loop: 162
  Solve: 254.1675ms
Step: 1487.4934ms
====================================
Loop: 163
  Solve: 244.8968ms
Step: 1496.2946ms
====================================
Loop: 164
  Solve: 241.9190ms
Step: 1474.7369ms
====================================
Loop: 165
  Solve: 236.2002ms
Step: 1483.6431ms
====================================
Loop: 166
  Solve: 233.0132ms
Step: 1526.8953ms
====================================
Loop: 167
  Solve: 227.7023ms
Step: 1485.3865ms
====================================
Loop: 168
  Solve: 229.6581ms
Step: 1465.7867ms
====================================
Loop: 169
  Solve: 218.0247ms
Step: 1510.1737ms
====================================
Loop: 170
  Solve: 218.5786ms
Step: 1474.2906ms
====================================
Loop: 171
  Solve: 211.5322ms
Step: 1471.3169ms
====================================
Loop: 172
  Solve: 212.2992ms
Step: 1453.0034ms
====================================
Loop: 173
  Solve: 206.5679ms
Step: 1453.3440ms
====================================
Loop: 174
  Solve: 204.3096ms
Step: 1441.6731ms
====================================
Loop: 175
  Solve: 202.3324ms
Step: 1438.1503ms
====================================
Loop: 176
  Solve: 206.1623ms
Step: 1580.6675ms
====================================
Loop: 177
  Solve: 200.5004ms
Step: 1457.4165ms
====================================
Loop: 178
  Solve: 197.1781ms
Step: 1513.9902ms
====================================
Loop: 179
  Solve: 198.4714ms
Step: 1511.8545ms
====================================
Loop: 180
  Solve: 195.6123ms
Step: 1512.0078ms
====================================
Loop: 181
  Solve: 193.1003ms
Step: 1456.1033ms
====================================
Loop: 182
  Solve: 191.5457ms
Step: 1445.7826ms
====================================
Loop: 183
  Solve: 199.6653ms
Step: 1437.2214ms
====================================
Loop: 184
  Solve: 195.6262ms
Step: 1429.0052ms
====================================
Loop: 185
  Solve: 191.2740ms
Step: 1432.8087ms
====================================
Loop: 186
  Solve: 192.7644ms
Step: 1448.9744ms
====================================
Loop: 187
  Solve: 193.4039ms
Step: 1446.6980ms
====================================
Loop: 188
  Solve: 192.2881ms
Step: 1427.4252ms
====================================
Loop: 189
  Solve: 186.3887ms
Step: 1434.8728ms
====================================
Loop: 190
  Solve: 190.8432ms
Step: 1418.5720ms
====================================
Loop: 191
  Solve: 197.0226ms
Step: 1481.4309ms
====================================
Loop: 192
  Solve: 195.7070ms
Step: 1438.3696ms
====================================
Loop: 193
  Solve: 195.5270ms
Step: 1431.1428ms
====================================
Loop: 194
  Solve: 204.2909ms
Step: 1452.8073ms
====================================
Loop: 195
  Solve: 197.8751ms
Step: 1441.7366ms
====================================
Loop: 196
  Solve: 204.2677ms
Step: 1421.6915ms
====================================
Loop: 197
  Solve: 203.8308ms
Step: 1429.2271ms
====================================
Loop: 198
  Solve: 204.9581ms
Step: 1429.0260ms
====================================
Loop: 199
  Solve: 203.9848ms
Step: 1410.1577ms
====================================
Loop: 200
  Solve: 207.5408ms
Step: 1489.9894ms
====================================
Loop: 201
  Solve: 202.5893ms
Step: 1433.6895ms
====================================
Loop: 202
  Solve: 204.0185ms
Step: 1437.3650ms
====================================
Loop: 203
  Solve: 211.5279ms
Step: 1422.8488ms
====================================
Loop: 204
  Solve: 209.8896ms
Step: 1490.4585ms
====================================
Loop: 205
  Solve: 207.1204ms
Step: 1412.2804ms
====================================
Loop: 206
  Solve: 211.6088ms
Step: 1414.1696ms
====================================
Loop: 207
  Solve: 210.9755ms
Step: 1419.5923ms
====================================
Loop: 208
  Solve: 205.4668ms
Step: 1411.6276ms
====================================
Loop: 209
  Solve: 211.8776ms
Step: 1419.1606ms
====================================
Loop: 210
  Solve: 215.0527ms
Step: 1411.6677ms
====================================
Loop: 211
  Solve: 207.8613ms
Step: 1410.4321ms
====================================
Loop: 212
  Solve: 211.0394ms
Step: 1411.5779ms
====================================
Loop: 213
  Solve: 211.3246ms
Step: 1402.0217ms
====================================
Loop: 214
  Solve: 209.9629ms
Step: 1412.0106ms
====================================
Loop: 215
  Solve: 211.0550ms
Step: 1410.3386ms
====================================
Loop: 216
  Solve: 208.3135ms
Step: 1412.7114ms
====================================
Loop: 217
  Solve: 206.5503ms
Step: 1408.8677ms
====================================
Loop: 218
  Solve: 204.6791ms
Step: 1398.5497ms
====================================
Loop: 219
  Solve: 205.5227ms
Step: 1413.9347ms
====================================
Loop: 220
  Solve: 206.6498ms
Step: 1403.3484ms
====================================
Loop: 221
  Solve: 203.8158ms
Step: 1410.2970ms
====================================
Loop: 222
  Solve: 202.0900ms
Step: 1393.2820ms
====================================
Loop: 223
  Solve: 203.6541ms
Step: 1392.5707ms
====================================
Loop: 224
  Solve: 205.0378ms
Step: 1397.0005ms
====================================
Loop: 225
  Solve: 201.8663ms
Step: 1394.4445ms
====================================
Loop: 226
  Solve: 202.8813ms
Step: 1398.7047ms
====================================
Loop: 227
  Solve: 209.7396ms
Step: 1441.4175ms
====================================
Loop: 228
  Solve: 207.8802ms
Step: 1394.7910ms
====================================
Loop: 229
  Solve: 203.8551ms
Step: 1399.2290ms
====================================
Loop: 230
  Solve: 201.9421ms
Step: 1396.7197ms
====================================
Loop: 231
  Solve: 203.4866ms
Step: 1406.1799ms
====================================
Loop: 232
  Solve: 207.9217ms
Step: 1398.0854ms
====================================
Loop: 233
  Solve: 205.7469ms
Step: 1392.8553ms
====================================
Loop: 234
  Solve: 206.7496ms
Step: 1406.6260ms
====================================
Loop: 235
  Solve: 206.9874ms
Step: 1408.9158ms
====================================
Loop: 236
  Solve: 209.5329ms
Step: 1419.9866ms
====================================
Loop: 237
  Solve: 211.6363ms
Step: 1408.7452ms
====================================
Loop: 238
  Solve: 215.5604ms
Step: 1412.5225ms
====================================
Loop: 239
  Solve: 213.5823ms
Step: 1422.7694ms
====================================
Loop: 240
  Solve: 210.3933ms
Step: 1411.5111ms
====================================
Loop: 241
  Solve: 211.2423ms
Step: 1423.9623ms
====================================
Loop: 242
  Solve: 211.9738ms
Step: 1413.4576ms
====================================
Loop: 243
  Solve: 213.1879ms
Step: 1416.1863ms
====================================
Loop: 244
  Solve: 220.0489ms
Step: 1434.1904ms
====================================
Loop: 245
  Solve: 214.4607ms
Step: 1424.5483ms
====================================
Loop: 246
  Solve: 210.0207ms
Step: 1423.7134ms
====================================
Loop: 247
  Solve: 207.8456ms
Step: 1435.1218ms
====================================
Loop: 248
  Solve: 207.3426ms
Step: 1435.1074ms
====================================
Loop: 249
  Solve: 212.9790ms
Step: 1417.0037ms
====================================
Loop: 250
  Solve: 217.8357ms
Step: 1435.9945ms
====================================
Loop: 251
  Solve: 219.4148ms
Step: 1432.2443ms
====================================
Loop: 252
  Solve: 218.8127ms
Step: 1425.6053ms
====================================
Loop: 253
  Solve: 218.1197ms
Step: 1441.6158ms
====================================
Loop: 254
  Solve: 212.4291ms
Step: 1431.0974ms
====================================
Loop: 255
  Solve: 215.5805ms
Step: 1427.8669ms
====================================
Loop: 256
  Solve: 219.8413ms
Step: 1425.0956ms
====================================
Loop: 257
  Solve: 220.1236ms
Step: 1442.6644ms
====================================
Loop: 258
  Solve: 222.6241ms
Step: 1427.2559ms
====================================
Loop: 259
  Solve: 218.9960ms
Step: 1433.5503ms
====================================
Loop: 260
  Solve: 214.9815ms
Step: 1429.3394ms
====================================
Loop: 261
  Solve: 218.1552ms
Step: 1443.7391ms
====================================
Loop: 262
  Solve: 217.5542ms
Step: 1438.7532ms
====================================
Loop: 263
  Solve: 218.0704ms
Step: 1454.0098ms
====================================
Loop: 264
  Solve: 218.6923ms
Step: 1434.4264ms
====================================
Loop: 265
  Solve: 220.6720ms
Step: 1438.5883ms
====================================
Loop: 266
  Solve: 224.9734ms
Step: 1442.1620ms
====================================
Loop: 267
  Solve: 221.2721ms
Step: 1449.0104ms
====================================
Loop: 268
  Solve: 223.2832ms
Step: 1448.7332ms
====================================
Loop: 269
  Solve: 222.6475ms
Step: 1462.0526ms
====================================
Loop: 270
  Solve: 216.2366ms
Step: 1448.0522ms
====================================
Loop: 271
  Solve: 219.5641ms
Step: 1456.6580ms
====================================
Loop: 272
  Solve: 225.0137ms
Step: 1466.2715ms
====================================
Loop: 273
  Solve: 223.1160ms
Step: 1478.4253ms
====================================
Loop: 274
  Solve: 225.9961ms
Step: 1463.6891ms
====================================
Loop: 275
  Solve: 226.0960ms
Step: 1471.4744ms
====================================
Loop: 276
  Solve: 228.4529ms
Step: 1468.5026ms
====================================
Loop: 277
  Solve: 223.6648ms
Step: 1464.5004ms
====================================
Loop: 278
  Solve: 232.6222ms
Step: 1479.0150ms
====================================
Loop: 279
  Solve: 230.7023ms
Step: 1470.5673ms
====================================
Loop: 280
  Solve: 229.7681ms
Step: 1470.8439ms
====================================
Loop: 281
  Solve: 227.0081ms
Step: 1469.0096ms
====================================
Loop: 282
  Solve: 225.8575ms
Step: 1474.5173ms
====================================
Loop: 283
  Solve: 224.0606ms
Step: 1468.8878ms
====================================
Loop: 284
  Solve: 219.6993ms
Step: 1460.7284ms
====================================
Loop: 285
  Solve: 219.4982ms
Step: 1449.0619ms
====================================
Loop: 286
  Solve: 222.0257ms
Step: 1454.0199ms
====================================
Loop: 287
  Solve: 226.0549ms
Step: 1452.0825ms
====================================
Loop: 288
  Solve: 226.1007ms
Step: 1516.3367ms
====================================
Loop: 289
  Solve: 225.1427ms
Step: 1447.8470ms
====================================
Loop: 290
  Solve: 221.3257ms
Step: 1453.0977ms
====================================
Loop: 291
  Solve: 225.8593ms
Step: 1441.4272ms
====================================
Loop: 292
  Solve: 222.6954ms
Step: 1452.5531ms
====================================
Loop: 293
  Solve: 228.6798ms
Step: 1457.7594ms
====================================
Loop: 294
  Solve: 224.3587ms
Step: 1452.4697ms
====================================
Loop: 295
  Solve: 216.7196ms
Step: 1450.0729ms
====================================
Loop: 296
  Solve: 216.2497ms
Step: 1438.1952ms
====================================
Loop: 297
  Solve: 223.6674ms
Step: 1451.6445ms
====================================
Loop: 298
  Solve: 222.5169ms
Step: 1450.2905ms
====================================
Loop: 299
  Solve: 222.7268ms
Step: 1459.1676ms
====================================
Loop: 300
  Solve: 226.5018ms
Step: 1437.0129ms
====================================
Loop: 301
  Solve: 229.5519ms
Step: 1468.0968ms
====================================
Loop: 302
  Solve: 226.4813ms
Step: 1454.7959ms
====================================
Loop: 303
  Solve: 227.1015ms
Step: 1454.6284ms
====================================
Loop: 304
  Solve: 226.6278ms
Step: 1450.3842ms
====================================
Loop: 305
  Solve: 224.1580ms
Step: 1448.9216ms
====================================
Loop: 306
  Solve: 224.1296ms
Step: 1452.1418ms
====================================
Loop: 307
  Solve: 222.5233ms
Step: 1454.5861ms
====================================
Loop: 308
  Solve: 223.3121ms
Step: 1452.2590ms
====================================
Loop: 309
  Solve: 261.6143ms
Step: 1490.4114ms
====================================
Loop: 310
  Solve: 220.6756ms
Step: 1512.5491ms
====================================
Loop: 311
  Solve: 223.4618ms
Step: 1442.5331ms
====================================
Loop: 312
  Solve: 224.0471ms
Step: 1436.7970ms
====================================
Loop: 313
  Solve: 223.4248ms
Step: 1436.1503ms
====================================
Loop: 314
  Solve: 224.7180ms
Step: 1422.3977ms
====================================
Loop: 315
  Solve: 213.9048ms
Step: 1416.5671ms
====================================
Loop: 316
  Solve: 219.8773ms
Step: 1409.3086ms
====================================
Loop: 317
  Solve: 214.9894ms
Step: 1422.4832ms
====================================
Loop: 318
  Solve: 216.8036ms
Step: 1415.0247ms
====================================
Loop: 319
  Solve: 212.6071ms
Step: 1418.0798ms
====================================
Loop: 320
  Solve: 213.1303ms
Step: 1380.1534ms
====================================
Loop: 321
  Solve: 213.0178ms
Step: 1399.8368ms
====================================
Loop: 322
  Solve: 210.3638ms
Step: 1401.2651ms
====================================
Loop: 323
  Solve: 208.0997ms
Step: 1378.4115ms
====================================
Loop: 324
  Solve: 208.9996ms
Step: 1374.9519ms
====================================
Loop: 325
  Solve: 202.8049ms
Step: 1383.1965ms
====================================
Loop: 326
  Solve: 204.1825ms
Step: 1377.5808ms
====================================
Loop: 327
  Solve: 204.7894ms
Step: 1381.7816ms
====================================
Loop: 328
  Solve: 205.8950ms
Step: 1472.0104ms
====================================
Loop: 329
  Solve: 202.2141ms
Step: 1365.2021ms
====================================
Loop: 330
  Solve: 202.6160ms
Step: 1366.3887ms
====================================
Loop: 331
  Solve: 196.9088ms
Step: 1354.9265ms
====================================
Loop: 332
  Solve: 200.7097ms
Step: 1356.5936ms
====================================
Loop: 333
  Solve: 194.1326ms
Step: 1344.3774ms
====================================
Loop: 334
  Solve: 193.8205ms
Step: 1335.5465ms
====================================
Loop: 335
  Solve: 197.9972ms
Step: 1338.3296ms
====================================
Loop: 336
  Solve: 194.5051ms
Step: 1319.9912ms
====================================
Loop: 337
  Solve: 190.5097ms
Step: 1302.7933ms
====================================
Loop: 338
  Solve: 194.9948ms
Step: 1320.2156ms
====================================
Loop: 339
  Solve: 195.0190ms
Step: 1317.8835ms
====================================
Loop: 340
  Solve: 192.4329ms
Step: 1303.2607ms
====================================
Loop: 341
  Solve: 182.8678ms
Step: 1351.3080ms
====================================
Loop: 342
  Solve: 187.1280ms
Step: 1284.9326ms
====================================
Loop: 343
  Solve: 189.0182ms
Step: 1273.5107ms
====================================
Loop: 344
  Solve: 183.9076ms
Step: 1282.9678ms
====================================
Loop: 345
  Solve: 186.6446ms
Step: 1277.7274ms
====================================
Loop: 346
  Solve: 186.6086ms
Step: 1270.4238ms
====================================
Loop: 347
  Solve: 182.4390ms
Step: 1254.8337ms
====================================
Loop: 348
  Solve: 181.1422ms
Step: 1256.8098ms
====================================
Loop: 349
  Solve: 178.8473ms
Step: 1247.0912ms
====================================
Loop: 350
  Solve: 181.3574ms
Step: 1247.3402ms
====================================
Loop: 351
  Solve: 178.0530ms
Step: 1232.3887ms
====================================
Loop: 352
  Solve: 232.6378ms
Step: 1337.4374ms
====================================
Loop: 353
  Solve: 175.5670ms
Step: 1232.9659ms
====================================
Loop: 354
  Solve: 171.4340ms
Step: 1283.1807ms
====================================
Loop: 355
  Solve: 169.2874ms
Step: 1212.0007ms
====================================
Loop: 356
  Solve: 171.0676ms
Step: 1204.7386ms
====================================
Loop: 357
  Solve: 170.3648ms
Step: 1195.8481ms
====================================
Loop: 358
  Solve: 170.0544ms
Step: 1191.0460ms
====================================
Loop: 359
  Solve: 177.8674ms
Step: 1211.3960ms
====================================
Loop: 360
  Solve: 171.6312ms
Step: 1184.0389ms
====================================
Loop: 361
  Solve: 167.6091ms
Step: 1185.7705ms
====================================
Loop: 362
  Solve: 168.0498ms
Step: 1183.8004ms
====================================
Loop: 363
  Solve: 166.3267ms
Step: 1209.2892ms
====================================
Loop: 364
  Solve: 168.9147ms
Step: 1165.5579ms
====================================
Loop: 365
  Solve: 165.0376ms
Step: 1148.1694ms
====================================
Loop: 366
  Solve: 163.3693ms
Step: 1146.0088ms
====================================
Loop: 367
  Solve: 164.3119ms
Step: 1152.0577ms
====================================
Loop: 368
  Solve: 162.0918ms
Step: 1150.1918ms
====================================
Loop: 369
  Solve: 163.3907ms
Step: 1138.2424ms
====================================
Loop: 370
  Solve: 160.0532ms
Step: 1140.1104ms
====================================
Loop: 371
  Solve: 159.8311ms
Step: 1134.7507ms
====================================
Loop: 372
  Solve: 160.6664ms
Step: 1122.1721ms
====================================
Loop: 373
  Solve: 158.8573ms
Step: 1121.5040ms
====================================
Loop: 374
  Solve: 158.2809ms
Step: 1128.3271ms
====================================
Loop: 375
  Solve: 157.4798ms
Step: 1116.1011ms
====================================
Loop: 376
  Solve: 150.8224ms
Step: 1110.1215ms
====================================
Loop: 377
  Solve: 154.5033ms
Step: 1091.0559ms
====================================
Loop: 378
  Solve: 154.3681ms
Step: 1103.6704ms
====================================
Loop: 379
  Solve: 156.2884ms
Step: 1096.1240ms
====================================
Loop: 380
  Solve: 154.8842ms
Step: 1098.8451ms
====================================
Loop: 381
  Solve: 155.3499ms
Step: 1087.8170ms
====================================
Loop: 382
  Solve: 152.4895ms
Step: 1075.0543ms
====================================
Loop: 383
  Solve: 154.2541ms
Step: 1076.7069ms
====================================
Loop: 384
  Solve: 151.1820ms
Step: 1074.0142ms
====================================
Loop: 385
  Solve: 150.9132ms
Step: 1073.6562ms
====================================
Loop: 386
  Solve: 151.3431ms
Step: 1076.6697ms
====================================
Loop: 387
  Solve: 151.7457ms
Step: 1072.3912ms
====================================
Loop: 388
  Solve: 146.4934ms
Step: 1065.9126ms
====================================
Loop: 389
  Solve: 153.4966ms
Step: 1058.5745ms
====================================
Loop: 390
  Solve: 152.8824ms
Step: 1065.8496ms
====================================
Loop: 391
  Solve: 149.8501ms
Step: 1039.0485ms
====================================
Loop: 392
  Solve: 151.8398ms
Step: 1042.8922ms
====================================
Loop: 393
  Solve: 151.6797ms
Step: 1045.8505ms
====================================
Loop: 394
  Solve: 151.3652ms
Step: 1040.0754ms
====================================
Loop: 395
  Solve: 189.4010ms
Step: 1088.1395ms
====================================
Loop: 396
  Solve: 149.4812ms
Step: 1043.5194ms
====================================
Loop: 397
  Solve: 150.6739ms
Step: 1036.9160ms
====================================
Loop: 398
  Solve: 146.6944ms
Step: 1087.8198ms
====================================
Loop: 399
  Solve: 144.7984ms
Step: 1013.4053ms
====================================
Loop: 400
  Solve: 145.4587ms
Step: 1010.4892ms
====================================
Loop: 401
  Solve: 144.3392ms
Step: 1008.1916ms
====================================
Loop: 402
  Solve: 149.9357ms
Step: 1064.9503ms
====================================
Loop: 403
  Solve: 147.2370ms
Step: 1011.5983ms
====================================
Loop: 404
  Solve: 144.8858ms
Step: 1004.4157ms
====================================
Loop: 405
  Solve: 148.1902ms
Step: 1003.6141ms
====================================
Loop: 406
  Solve: 144.8705ms
Step: 988.8226ms
====================================
Loop: 407
  Solve: 145.8890ms
Step: 996.4100ms
====================================
Loop: 408
  Solve: 141.9854ms
Step: 981.2302ms
====================================
Loop: 409
  Solve: 139.7260ms
Step: 972.8959ms
====================================
Loop: 410
  Solve: 140.4875ms
Step: 976.3497ms
====================================
Loop: 411
  Solve: 140.1261ms
Step: 972.4135ms
====================================
Loop: 412
  Solve: 142.0317ms
Step: 976.5761ms
====================================
Loop: 413
  Solve: 143.1426ms
Step: 976.6238ms
====================================
Loop: 414
  Solve: 143.4244ms
Step: 976.4695ms
====================================
Loop: 415
  Solve: 142.6456ms
Step: 969.7407ms
====================================
Loop: 416
  Solve: 141.9034ms
Step: 976.8173ms
====================================
Loop: 417
  Solve: 138.9925ms
Step: 972.1075ms
====================================
Loop: 418
  Solve: 139.6804ms
Step: 966.1412ms
====================================
Loop: 419
  Solve: 140.2111ms
Step: 959.8884ms
====================================
Loop: 420
  Solve: 141.8850ms
Step: 949.5162ms
====================================
Loop: 421
  Solve: 141.5765ms
Step: 943.2969ms
====================================
Loop: 422
  Solve: 140.7661ms
Step: 943.1843ms
====================================
Loop: 423
  Solve: 136.8292ms
Step: 939.3994ms
====================================
Loop: 424
  Solve: 140.8019ms
Step: 941.9390ms
====================================
Loop: 425
  Solve: 140.0430ms
Step: 936.3118ms
====================================
Loop: 426
  Solve: 169.9370ms
Step: 1167.6725ms
====================================
Loop: 427
  Solve: 173.2590ms
Step: 1282.9048ms
====================================
Loop: 428
  Solve: 139.1569ms
Step: 1007.2574ms
====================================
Loop: 429
  Solve: 137.6825ms
Step: 921.4014ms
====================================
Loop: 430
  Solve: 138.2732ms
Step: 920.9234ms
====================================
Loop: 431
  Solve: 138.0769ms
Step: 956.5684ms
====================================
Loop: 432
  Solve: 132.9731ms
Step: 897.5505ms
====================================
Loop: 433
  Solve: 134.1699ms
Step: 917.6031ms
====================================
Loop: 434
  Solve: 137.3736ms
Step: 919.0757ms
====================================
Loop: 435
  Solve: 136.8111ms
Step: 912.0145ms
====================================
Loop: 436
  Solve: 135.5723ms
Step: 908.4484ms
====================================
Loop: 437
  Solve: 137.8344ms
Step: 897.2203ms
====================================
Loop: 438
  Solve: 132.3536ms
Step: 897.0843ms
====================================
Loop: 439
  Solve: 138.7404ms
Step: 908.6648ms
====================================
Loop: 440
  Solve: 136.9209ms
Step: 904.5338ms
====================================
Loop: 441
  Solve: 135.4769ms
Step: 909.6307ms
====================================
Loop: 442
  Solve: 138.3189ms
Step: 943.5074ms
====================================
Loop: 443
  Solve: 131.8641ms
Step: 882.6676ms
====================================
Loop: 444
  Solve: 138.1666ms
Step: 896.5148ms
====================================
Loop: 445
  Solve: 134.8351ms
Step: 888.2758ms
====================================
Loop: 446
  Solve: 136.1920ms
Step: 888.4169ms
====================================
Loop: 447
  Solve: 134.4260ms
Step: 879.8312ms
====================================
Loop: 448
  Solve: 133.4305ms
Step: 882.5291ms
====================================
Loop: 449
  Solve: 135.3591ms
Step: 916.4778ms
====================================
Loop: 450
  Solve: 135.9535ms
Step: 876.2711ms
====================================
Loop: 451
  Solve: 141.9804ms
Step: 876.3083ms
====================================
Loop: 452
  Solve: 132.6203ms
Step: 869.8177ms
====================================
Loop: 453
  Solve: 135.0138ms
Step: 867.3035ms
====================================
Loop: 454
  Solve: 135.6312ms
Step: 864.5660ms
====================================
Loop: 455
  Solve: 135.8717ms
Step: 893.2578ms
====================================
Loop: 456
  Solve: 132.5713ms
Step: 903.8265ms
====================================
Loop: 457
  Solve: 135.8922ms
Step: 864.0399ms
====================================
Loop: 458
  Solve: 135.3858ms
Step: 862.1854ms
====================================
Loop: 459
  Solve: 138.6451ms
Step: 852.7616ms
====================================
Loop: 460
  Solve: 136.6608ms
Step: 863.5876ms
====================================
Loop: 461
  Solve: 135.6352ms
Step: 853.1063ms
====================================
Loop: 462
  Solve: 133.8334ms
Step: 852.6412ms
====================================
Loop: 463
  Solve: 132.7859ms
Step: 844.5940ms
====================================
Loop: 464
  Solve: 136.4671ms
Step: 851.2657ms
====================================
Loop: 465
  Solve: 133.0040ms
Step: 847.2717ms
====================================
Loop: 466
  Solve: 132.3975ms
Step: 839.4542ms
====================================
Loop: 467
  Solve: 133.6649ms
Step: 844.5505ms
====================================
Loop: 468
  Solve: 134.4835ms
Step: 843.7005ms
====================================
Loop: 469
  Solve: 139.6358ms
Step: 851.3603ms
====================================
Loop: 470
  Solve: 131.9762ms
Step: 854.2283ms
====================================
Loop: 471
  Solve: 135.0901ms
Step: 836.4200ms
====================================
Loop: 472
  Solve: 140.0584ms
Step: 877.2018ms
====================================
Loop: 473
  Solve: 135.0039ms
Step: 832.8896ms
====================================
Loop: 474
  Solve: 134.6432ms
Step: 826.0361ms
====================================
Loop: 475
  Solve: 182.9517ms
Step: 883.8054ms
====================================
Loop: 476
  Solve: 133.7749ms
Step: 834.5194ms
====================================
Loop: 477
  Solve: 136.7590ms
Step: 834.4261ms
====================================
Loop: 478
  Solve: 136.3027ms
Step: 831.0514ms
====================================
Loop: 479
  Solve: 136.9247ms
Step: 829.6224ms
====================================
Loop: 480
  Solve: 134.5107ms
Step: 828.5761ms
====================================
Loop: 481
  Solve: 134.5889ms
Step: 821.4843ms
====================================
Loop: 482
  Solve: 136.5767ms
Step: 827.7894ms
====================================
Loop: 483
  Solve: 136.4257ms
Step: 826.9358ms
====================================
Loop: 484
  Solve: 136.8583ms
Step: 812.8303ms
====================================
Loop: 485
  Solve: 135.7108ms
Step: 827.3460ms
====================================
Loop: 486
  Solve: 134.8266ms
Step: 817.0280ms
====================================
Loop: 487
  Solve: 130.0322ms
Step: 812.6191ms
====================================
Loop: 488
  Solve: 133.5315ms
Step: 817.7581ms
====================================
Loop: 489
  Solve: 133.2027ms
Step: 813.6064ms
====================================
Loop: 490
  Solve: 136.5780ms
Step: 814.6197ms
====================================
Loop: 491
  Solve: 134.5340ms
Step: 822.1309ms
====================================
Loop: 492
  Solve: 136.5770ms
Step: 879.0149ms
====================================
Loop: 493
  Solve: 135.8591ms
Step: 817.6519ms
====================================
Loop: 494
  Solve: 136.9749ms
Step: 813.1436ms
====================================
Loop: 495
  Solve: 134.7872ms
Step: 811.3787ms
====================================
Loop: 496
  Solve: 137.1856ms
Step: 813.0276ms
====================================
Loop: 497
  Solve: 133.7600ms
Step: 807.4234ms
====================================
Loop: 498
  Solve: 135.9607ms
Step: 813.3568ms
====================================
Loop: 499
  Solve: 133.7123ms
Step: 813.7026ms
====================================
Loop: 500
  Solve: 135.2260ms
Step: 812.0245ms
====================================
