Loop: 0
  Solve: 4.1949ms
Step: 621.1072ms
====================================
Loop: 1
  Solve: 4.3811ms
Step: 316.1699ms
====================================
Loop: 2
  Solve: 4.2106ms
Step: 314.1125ms
====================================
Loop: 3
  Solve: 4.1759ms
Step: 315.9183ms
====================================
Loop: 4
  Solve: 4.3073ms
Step: 323.7652ms
====================================
Loop: 5
  Solve: 4.5439ms
Step: 384.3091ms
====================================
Loop: 6
  Solve: 4.1618ms
Step: 316.2152ms
====================================
Loop: 7
  Solve: 4.4544ms
Step: 316.3002ms
====================================
Loop: 8
  Solve: 4.3468ms
Step: 320.0647ms
====================================
Loop: 9
  Solve: 4.1654ms
Step: 314.4452ms
====================================
Loop: 10
  Solve: 4.2428ms
Step: 313.8282ms
====================================
Loop: 11
  Solve: 4.1890ms
Step: 321.8239ms
====================================
Loop: 12
  Solve: 4.2751ms
Step: 315.9111ms
====================================
Loop: 13
  Solve: 4.2611ms
Step: 314.4962ms
====================================
Loop: 14
  Solve: 4.1756ms
Step: 322.2122ms
====================================
Loop: 15
  Solve: 4.3563ms
Step: 318.4949ms
====================================
Loop: 16
  Solve: 4.1368ms
Step: 310.5471ms
====================================
Loop: 17
  Solve: 4.3225ms
Step: 321.2476ms
====================================
Loop: 18
  Solve: 4.2659ms
Step: 712.8254ms
====================================
Loop: 19
  Solve: 4.4339ms
Step: 322.7107ms
====================================
Loop: 20
  Solve: 4.5688ms
Step: 318.5186ms
====================================
Loop: 21
  Solve: 4.1971ms
Step: 311.8445ms
====================================
Loop: 22
  Solve: 4.5252ms
Step: 319.5526ms
====================================
Loop: 23
  Solve: 4.1691ms
Step: 313.0626ms
====================================
Loop: 24
  Solve: 4.1726ms
Step: 315.1796ms
====================================
Loop: 25
  Solve: 4.5507ms
Step: 318.8038ms
====================================
Loop: 26
  Solve: 4.2464ms
Step: 718.8335ms
====================================
Loop: 27
  Solve: 4.7487ms
Step: 325.1794ms
====================================
Loop: 28
  Solve: 4.2183ms
Step: 313.8317ms
====================================
Loop: 29
  Solve: 4.2202ms
Step: 314.3342ms
====================================
Loop: 30
  Solve: 4.5905ms
Step: 321.0288ms
====================================
Loop: 31
  Solve: 4.2570ms
Step: 313.5876ms
====================================
Loop: 32
  Solve: 4.3974ms
Step: 322.2481ms
====================================
Loop: 33
  Solve: 4.3860ms
Step: 728.7230ms
====================================
Loop: 34
  Solve: 4.1462ms
Step: 313.0864ms
====================================
Loop: 35
  Solve: 4.3322ms
Step: 316.9138ms
====================================
Loop: 36
  Solve: 4.1988ms
Step: 313.5055ms
====================================
Loop: 37
  Solve: 4.1858ms
Step: 313.6857ms
====================================
Loop: 38
  Solve: 4.3258ms
Step: 717.7128ms
====================================
Loop: 39
  Solve: 4.1823ms
Step: 314.9112ms
====================================
Loop: 40
  Solve: 4.3268ms
Step: 316.0032ms
====================================
Loop: 41
  Solve: 4.1760ms
Step: 315.5128ms
====================================
Loop: 42
  Solve: 4.1472ms
Step: 313.5767ms
====================================
Loop: 43
  Solve: 4.2810ms
Step: 716.3835ms
====================================
Loop: 44
  Solve: 4.1899ms
Step: 313.5089ms
====================================
Loop: 45
  Solve: 4.3382ms
Step: 315.6466ms
====================================
Loop: 46
  Solve: 4.1544ms
Step: 314.8481ms
====================================
Loop: 47
  Solve: 4.4122ms
Step: 715.6908ms
====================================
Loop: 48
  Solve: 4.1517ms
Step: 314.4377ms
====================================
Loop: 49
  Solve: 4.3263ms
Step: 315.6453ms
====================================
Loop: 50
  Solve: 4.2567ms
Step: 313.6425ms
====================================
Loop: 51
  Solve: 4.2589ms
Step: 715.4874ms
====================================
Loop: 52
  Solve: 4.4561ms
Step: 316.6471ms
====================================
Loop: 53
  Solve: 4.2082ms
Step: 316.0093ms
====================================
Loop: 54
  Solve: 18.5749ms
Step: 331.3651ms
====================================
Loop: 55
  Solve: 33.4630ms
Step: 739.2964ms
====================================
Loop: 56
  Solve: 46.9917ms
Step: 366.5057ms
====================================
Loop: 57
  Solve: 61.6012ms
Step: 381.0726ms
====================================
Loop: 58
  Solve: 77.2301ms
Step: 394.5058ms
====================================
Loop: 59
  Solve: 123.7906ms
Step: 820.4178ms
====================================
Loop: 60
  Solve: 104.0098ms
Step: 428.9138ms
====================================
Loop: 61
  Solve: 122.1946ms
Step: 449.5570ms
====================================
Loop: 62
  Solve: 138.3023ms
Step: 822.2953ms
====================================
Loop: 63
  Solve: 159.6465ms
Step: 488.4928ms
====================================
Loop: 64
  Solve: 175.2381ms
Step: 502.2631ms
====================================
Loop: 65
  Solve: 192.2587ms
Step: 867.8335ms
====================================
Loop: 66
  Solve: 206.3309ms
Step: 545.5370ms
====================================
Loop: 67
  Solve: 221.9627ms
Step: 561.8840ms
====================================
Loop: 68
  Solve: 237.0547ms
Step: 905.6149ms
====================================
Loop: 69
  Solve: 250.0889ms
Step: 597.4849ms
====================================
Loop: 70
  Solve: 266.9173ms
Step: 615.0493ms
====================================
Loop: 71
  Solve: 289.5580ms
Step: 949.9515ms
====================================
Loop: 72
  Solve: 290.2874ms
Step: 635.5675ms
====================================
Loop: 73
  Solve: 305.6402ms
Step: 657.0726ms
====================================
Loop: 74
  Solve: 320.9886ms
Step: 973.9313ms
====================================
Loop: 75
  Solve: 330.9438ms
Step: 693.4963ms
====================================
Loop: 76
  Solve: 345.7894ms
Step: 701.4971ms
====================================
Loop: 77
  Solve: 356.3472ms
Step: 1017.0220ms
====================================
Loop: 78
  Solve: 410.5515ms
Step: 785.7208ms
====================================
Loop: 79
  Solve: 415.2427ms
Step: 783.1285ms
====================================
Loop: 80
  Solve: 419.1026ms
Step: 1059.1195ms
====================================
Loop: 81
  Solve: 450.8516ms
Step: 831.4440ms
====================================
Loop: 82
  Solve: 464.7622ms
Step: 845.9838ms
====================================
Loop: 83
  Solve: 485.0164ms
Step: 1122.5181ms
====================================
Loop: 84
  Solve: 506.0240ms
Step: 895.4773ms
====================================
Loop: 85
  Solve: 523.9990ms
Step: 915.1981ms
====================================
Loop: 86
  Solve: 541.8482ms
Step: 1188.4517ms
====================================
Loop: 87
  Solve: 574.5671ms
Step: 978.9301ms
====================================
Loop: 88
  Solve: 595.4905ms
Step: 1002.2083ms
====================================
Loop: 89
  Solve: 618.0931ms
Step: 1251.7223ms
====================================
Loop: 90
  Solve: 641.1080ms
Step: 1058.1931ms
====================================
Loop: 91
  Solve: 660.7631ms
Step: 1079.8256ms
====================================
Loop: 92
  Solve: 686.5624ms
Step: 1318.0486ms
====================================
Loop: 93
  Solve: 728.9265ms
Step: 1167.3689ms
====================================
Loop: 94
  Solve: 749.9359ms
Step: 1385.4427ms
====================================
Loop: 95
  Solve: 784.3664ms
Step: 1227.6558ms
====================================
Loop: 96
  Solve: 812.9990ms
Step: 1457.2408ms
====================================
Loop: 97
  Solve: 844.5798ms
Step: 1308.8588ms
====================================
Loop: 98
  Solve: 872.8098ms
Step: 1522.1912ms
====================================
Loop: 99
  Solve: 910.5468ms
Step: 1391.5763ms
====================================
Loop: 100
  Solve: 932.6467ms
Step: 1583.2112ms
====================================
Loop: 101
  Solve: 960.6122ms
Step: 1458.6754ms
====================================
Loop: 102
  Solve: 980.9624ms
Step: 1649.6497ms
====================================
Loop: 103
  Solve: 1007.2068ms
Step: 1530.9504ms
====================================
Loop: 104
  Solve: 1030.6093ms
Step: 1717.3613ms
====================================
Loop: 105
  Solve: 1058.6968ms
Step: 1613.1558ms
====================================
Loop: 106
  Solve: 1081.8571ms
Step: 1806.0417ms
====================================
Loop: 107
  Solve: 1104.0996ms
Step: 1692.2605ms
====================================
Loop: 108
  Solve: 1119.5948ms
Step: 1859.7721ms
====================================
Loop: 109
  Solve: 1135.6865ms
Step: 1759.8324ms
====================================
Loop: 110
  Solve: 1159.3472ms
Step: 1921.8450ms
====================================
Loop: 111
  Solve: 1196.6182ms
Step: 1853.1300ms
====================================
Loop: 112
  Solve: 1209.9362ms
Step: 1992.6560ms
====================================
Loop: 113
  Solve: 1227.6309ms
Step: 1918.4878ms
====================================
Loop: 114
  Solve: 1247.0107ms
Step: 2054.8101ms
====================================
Loop: 115
  Solve: 1274.1008ms
Step: 2000.4768ms
====================================
Loop: 116
  Solve: 1290.3391ms
Step: 2137.1304ms
====================================
Loop: 117
  Solve: 1318.4419ms
Step: 2091.8367ms
====================================
Loop: 118
  Solve: 1346.7048ms
Step: 2230.7832ms
====================================
Loop: 119
  Solve: 1493.8748ms
Step: 2350.9368ms
====================================
Loop: 120
  Solve: 1423.8201ms
Step: 2502.9395ms
====================================
Loop: 121
  Solve: 1424.6544ms
Step: 2292.4617ms
====================================
Loop: 122
  Solve: 1449.9780ms
Step: 2410.5525ms
====================================
Loop: 123
  Solve: 1531.8176ms
Step: 2461.6052ms
====================================
Loop: 124
  Solve: 1537.5687ms
Step: 2556.3225ms
====================================
Loop: 125
  Solve: 1611.5012ms
Step: 2654.5405ms
====================================
Loop: 126
  Solve: 1493.7167ms
Step: 2557.8379ms
====================================
Loop: 127
  Solve: 1572.6102ms
Step: 2610.0977ms
====================================
Loop: 128
  Solve: 1492.8005ms
Step: 2618.2903ms
====================================
Loop: 129
  Solve: 1500.8948ms
Step: 2558.8721ms
====================================
Loop: 130
  Solve: 1498.3235ms
Step: 2611.8325ms
====================================
Loop: 131
  Solve: 1499.4244ms
Step: 2592.1416ms
====================================
Loop: 132
  Solve: 1496.7280ms
Step: 2626.7083ms
====================================
Loop: 133
  Solve: 1496.0201ms
Step: 2635.6973ms
====================================
Loop: 134
  Solve: 1491.9373ms
Step: 2627.9377ms
====================================
Loop: 135
  Solve: 1522.2681ms
Step: 2673.7185ms
====================================
Loop: 136
  Solve: 1463.4609ms
Step: 2613.9988ms
====================================
Loop: 137
  Solve: 1455.8386ms
Step: 2621.9990ms
====================================
Loop: 138
  Solve: 1436.0120ms
Step: 2596.3953ms
====================================
Loop: 139
  Solve: 1421.0759ms
Step: 2593.6140ms
====================================
Loop: 140
  Solve: 1409.9727ms
Step: 2594.5173ms
====================================
Loop: 141
  Solve: 1412.3926ms
Step: 2611.9282ms
====================================
Loop: 142
  Solve: 1400.1395ms
Step: 2594.6572ms
====================================
Loop: 143
  Solve: 1369.9236ms
Step: 2565.1321ms
====================================
Loop: 144
  Solve: 1358.8246ms
Step: 2556.3777ms
====================================
Loop: 145
  Solve: 1342.3179ms
Step: 2548.5925ms
====================================
Loop: 146
  Solve: 1321.0715ms
Step: 2509.5513ms
====================================
Loop: 147
  Solve: 1368.3784ms
Step: 2552.9880ms
====================================
Loop: 148
  Solve: 1298.1233ms
Step: 2489.5420ms
====================================
Loop: 149
  Solve: 1301.2847ms
Step: 2495.3806ms
====================================
Loop: 150
  Solve: 1327.7634ms
Step: 2506.8723ms
====================================
Loop: 151
  Solve: 1250.1658ms
Step: 2445.9839ms
====================================
Loop: 152
  Solve: 1249.2715ms
Step: 2433.7139ms
====================================
Loop: 153
  Solve: 1237.3647ms
Step: 2431.8860ms
====================================
Loop: 154
  Solve: 1224.4957ms
Step: 2405.0696ms
====================================
Loop: 155
  Solve: 1203.4978ms
Step: 2397.5691ms
====================================
Loop: 156
  Solve: 1190.7188ms
Step: 2381.0276ms
====================================
Loop: 157
  Solve: 1176.4656ms
Step: 2365.1426ms
====================================
Loop: 158
  Solve: 1161.5839ms
Step: 2338.3599ms
====================================
Loop: 159
  Solve: 1143.0776ms
Step: 2323.3386ms
====================================
Loop: 160
  Solve: 1171.5662ms
Step: 2353.3345ms
====================================
Loop: 161
  Solve: 1119.7743ms
Step: 2287.6584ms
====================================
Loop: 162
  Solve: 1093.5757ms
Step: 2249.4753ms
====================================
Loop: 163
  Solve: 1077.5953ms
Step: 2230.5688ms
====================================
Loop: 164
  Solve: 1063.8872ms
Step: 2232.6682ms
====================================
Loop: 165
  Solve: 1043.0233ms
Step: 2209.4170ms
====================================
Loop: 166
  Solve: 1031.2980ms
Step: 2195.0232ms
====================================
Loop: 167
  Solve: 1009.8263ms
Step: 2171.6362ms
====================================
Loop: 168
  Solve: 1001.8010ms
Step: 2223.3655ms
====================================
Loop: 169
  Solve: 984.9429ms
Step: 2165.3513ms
====================================
Loop: 170
  Solve: 970.1133ms
Step: 2150.3367ms
====================================
Loop: 171
  Solve: 956.3038ms
Step: 2127.6909ms
====================================
Loop: 172
  Solve: 946.4907ms
Step: 2102.7783ms
====================================
Loop: 173
  Solve: 936.0446ms
Step: 2111.6670ms
====================================
Loop: 174
  Solve: 922.1156ms
Step: 2085.8403ms
====================================
Loop: 175
  Solve: 918.3431ms
Step: 2075.2554ms
====================================
Loop: 176
  Solve: 905.8533ms
Step: 2054.6982ms
====================================
Loop: 177
  Solve: 895.0181ms
Step: 2049.7766ms
====================================
Loop: 178
  Solve: 888.8693ms
Step: 2031.8341ms
====================================
Loop: 179
  Solve: 902.1134ms
Step: 2048.8550ms
====================================
Loop: 180
  Solve: 882.9708ms
Step: 2026.8905ms
====================================
Loop: 181
  Solve: 875.1695ms
Step: 2014.8152ms
====================================
Loop: 182
  Solve: 876.2031ms
Step: 2016.6320ms
====================================
Loop: 183
  Solve: 875.5973ms
Step: 2002.4976ms
====================================
Loop: 184
  Solve: 864.9284ms
Step: 1995.6228ms
====================================
Loop: 185
  Solve: 865.4854ms
Step: 1994.5935ms
====================================
Loop: 186
  Solve: 858.2537ms
Step: 1982.6334ms
====================================
Loop: 187
  Solve: 848.3912ms
Step: 1970.3064ms
====================================
Loop: 188
  Solve: 830.0789ms
Step: 1939.2388ms
====================================
Loop: 189
  Solve: 828.6322ms
Step: 1945.2384ms
====================================
Loop: 190
  Solve: 828.2697ms
Step: 1942.2832ms
====================================
Loop: 191
  Solve: 820.0220ms
Step: 1928.9795ms
====================================
Loop: 192
  Solve: 817.3577ms
Step: 1913.9263ms
====================================
Loop: 193
  Solve: 860.1325ms
Step: 1961.7927ms
====================================
Loop: 194
  Solve: 792.4610ms
Step: 1899.1558ms
====================================
Loop: 195
  Solve: 787.7695ms
Step: 1897.4160ms
====================================
Loop: 196
  Solve: 776.6894ms
Step: 1945.3187ms
====================================
Loop: 197
  Solve: 772.6624ms
Step: 1871.4551ms
====================================
Loop: 198
  Solve: 760.0144ms
Step: 1865.6189ms
====================================
Loop: 199
  Solve: 747.5706ms
Step: 1883.9792ms
====================================
Loop: 200
  Solve: 750.5159ms
Step: 1874.2919ms
====================================
Loop: 201
  Solve: 737.0662ms
Step: 1837.2430ms
====================================
Loop: 202
  Solve: 734.1913ms
Step: 1837.2891ms
====================================
Loop: 203
  Solve: 728.1027ms
Step: 1821.4919ms
====================================
Loop: 204
  Solve: 763.4024ms
Step: 1850.7166ms
====================================
Loop: 205
  Solve: 722.9667ms
Step: 1844.2493ms
====================================
Loop: 206
  Solve: 722.9929ms
Step: 1811.0177ms
====================================
Loop: 207
  Solve: 712.1107ms
Step: 1785.6230ms
====================================
Loop: 208
  Solve: 708.0688ms
Step: 1795.8519ms
====================================
Loop: 209
  Solve: 717.9190ms
Step: 1785.8016ms
====================================
Loop: 210
  Solve: 710.8074ms
Step: 1792.0280ms
====================================
Loop: 211
  Solve: 721.4847ms
Step: 1801.2631ms
====================================
Loop: 212
  Solve: 717.5309ms
Step: 1792.0200ms
====================================
Loop: 213
  Solve: 718.5229ms
Step: 1801.7218ms
====================================
Loop: 214
  Solve: 730.4479ms
Step: 1795.9635ms
====================================
Loop: 215
  Solve: 725.4152ms
Step: 1802.8762ms
====================================
Loop: 216
  Solve: 728.2054ms
Step: 1808.5256ms
====================================
Loop: 217
  Solve: 726.4148ms
Step: 1808.9109ms
====================================
Loop: 218
  Solve: 731.4208ms
Step: 1812.1147ms
====================================
Loop: 219
  Solve: 740.9558ms
Step: 1815.9590ms
====================================
Loop: 220
  Solve: 737.2942ms
Step: 1819.5513ms
====================================
Loop: 221
  Solve: 749.7756ms
Step: 1833.0885ms
====================================
Loop: 222
  Solve: 757.5068ms
Step: 1838.3931ms
====================================
Loop: 223
  Solve: 762.9435ms
Step: 1872.4392ms
====================================
Loop: 224
  Solve: 766.4488ms
Step: 1869.4534ms
====================================
Loop: 225
  Solve: 780.1509ms
Step: 1883.2925ms
====================================
Loop: 226
  Solve: 789.5430ms
Step: 1882.0293ms
====================================
Loop: 227
  Solve: 797.2028ms
Step: 1911.9689ms
====================================
Loop: 228
  Solve: 795.2156ms
Step: 1911.6348ms
====================================
Loop: 229
  Solve: 801.6021ms
Step: 1916.1360ms
====================================
Loop: 230
  Solve: 813.2791ms
Step: 1932.0300ms
====================================
Loop: 231
  Solve: 817.5516ms
Step: 1928.9026ms
====================================
Loop: 232
  Solve: 825.4589ms
Step: 1938.3967ms
====================================
Loop: 233
  Solve: 828.0668ms
Step: 1943.2373ms
====================================
Loop: 234
  Solve: 829.1982ms
Step: 1955.7500ms
====================================
Loop: 235
  Solve: 835.9087ms
Step: 1968.3059ms
====================================
Loop: 236
  Solve: 839.2643ms
Step: 1969.1656ms
====================================
Loop: 237
  Solve: 846.7071ms
Step: 1981.5862ms
====================================
Loop: 238
  Solve: 857.6232ms
Step: 2003.3003ms
====================================
Loop: 239
  Solve: 929.6549ms
Step: 2095.4751ms
====================================
Loop: 240
  Solve: 865.3594ms
Step: 1995.3123ms
====================================
Loop: 241
  Solve: 871.5729ms
Step: 2001.6366ms
====================================
Loop: 242
  Solve: 877.5367ms
Step: 2010.9885ms
====================================
Loop: 243
  Solve: 916.4332ms
Step: 2054.8662ms
====================================
Loop: 244
  Solve: 889.9741ms
Step: 2017.6506ms
====================================
Loop: 245
  Solve: 891.1985ms
Step: 2020.5977ms
====================================
Loop: 246
  Solve: 884.6017ms
Step: 1994.4426ms
====================================
Loop: 247
  Solve: 882.9056ms
Step: 1995.3861ms
====================================
Loop: 248
  Solve: 879.7223ms
Step: 1997.4144ms
====================================
Loop: 249
  Solve: 874.1303ms
Step: 1986.9722ms
====================================
Loop: 250
  Solve: 870.1052ms
Step: 1984.9502ms
====================================
Loop: 251
  Solve: 865.2707ms
Step: 1974.7588ms
====================================
Loop: 252
  Solve: 860.1882ms
Step: 1978.5636ms
====================================
Loop: 253
  Solve: 865.7206ms
Step: 1983.2522ms
====================================
Loop: 254
  Solve: 883.2153ms
Step: 2007.9504ms
====================================
Loop: 255
  Solve: 858.6898ms
Step: 1962.3423ms
====================================
Loop: 256
  Solve: 863.9415ms
Step: 1977.4613ms
====================================
Loop: 257
  Solve: 863.4920ms
Step: 1973.4897ms
====================================
Loop: 258
  Solve: 867.9048ms
Step: 1973.7507ms
====================================
Loop: 259
  Solve: 869.1072ms
Step: 2035.9285ms
====================================
Loop: 260
  Solve: 877.4655ms
Step: 1982.4628ms
====================================
Loop: 261
  Solve: 880.0591ms
Step: 1991.5825ms
====================================
Loop: 262
  Solve: 886.8547ms
Step: 2004.3662ms
====================================
Loop: 263
  Solve: 885.2742ms
Step: 2001.0858ms
====================================
Loop: 264
  Solve: 883.9337ms
Step: 1986.4202ms
====================================
Loop: 265
  Solve: 883.0545ms
Step: 1985.3997ms
====================================
Loop: 266
  Solve: 887.8020ms
Step: 1995.8187ms
====================================
Loop: 267
  Solve: 885.8597ms
Step: 1992.3440ms
====================================
Loop: 268
  Solve: 888.1011ms
Step: 1992.0162ms
====================================
Loop: 269
  Solve: 913.6993ms
Step: 2049.8677ms
====================================
Loop: 270
  Solve: 888.0215ms
Step: 2000.2135ms
====================================
Loop: 271
  Solve: 890.6099ms
Step: 2007.9822ms
====================================
Loop: 272
  Solve: 884.1739ms
Step: 1988.6248ms
====================================
Loop: 273
  Solve: 879.8546ms
Step: 1988.4875ms
====================================
Loop: 274
  Solve: 878.2468ms
Step: 1983.2288ms
====================================
Loop: 275
  Solve: 877.4137ms
Step: 1974.8192ms
====================================
Loop: 276
  Solve: 877.7577ms
Step: 1979.9033ms
====================================
Loop: 277
  Solve: 882.5314ms
Step: 1992.0656ms
====================================
Loop: 278
  Solve: 881.4135ms
Step: 1986.7078ms
====================================
Loop: 279
  Solve: 881.9678ms
Step: 1982.7321ms
====================================
Loop: 280
  Solve: 879.1003ms
Step: 1985.8755ms
====================================
Loop: 281
  Solve: 878.1982ms
Step: 1973.4729ms
====================================
Loop: 282
  Solve: 874.6326ms
Step: 1969.0249ms
====================================
Loop: 283
  Solve: 874.6414ms
Step: 1986.0994ms
====================================
Loop: 284
  Solve: 868.9391ms
Step: 1973.1212ms
====================================
Loop: 285
  Solve: 868.0474ms
Step: 1975.6382ms
====================================
Loop: 286
  Solve: 870.7486ms
Step: 1978.9998ms
====================================
Loop: 287
  Solve: 869.0770ms
Step: 1976.8191ms
====================================
Loop: 288
  Solve: 873.4354ms
Step: 1973.6736ms
====================================
Loop: 289
  Solve: 871.8308ms
Step: 1973.3015ms
====================================
Loop: 290
  Solve: 872.4268ms
Step: 1979.9587ms
====================================
Loop: 291
  Solve: 873.9877ms
Step: 1981.1924ms
====================================
Loop: 292
  Solve: 879.2693ms
Step: 1988.6943ms
====================================
Loop: 293
  Solve: 879.2153ms
Step: 1992.2334ms
====================================
Loop: 294
  Solve: 877.0438ms
Step: 2020.1351ms
====================================
Loop: 295
  Solve: 877.8837ms
Step: 1981.8701ms
====================================
Loop: 296
  Solve: 876.4904ms
Step: 1983.0773ms
====================================
Loop: 297
  Solve: 882.6194ms
Step: 1988.3528ms
====================================
Loop: 298
  Solve: 890.2608ms
Step: 1998.0098ms
====================================
Loop: 299
  Solve: 882.0199ms
Step: 1989.9885ms
====================================
Loop: 300
  Solve: 884.1328ms
Step: 1990.3611ms
====================================
Loop: 301
  Solve: 884.6876ms
Step: 1997.1155ms
====================================
Loop: 302
  Solve: 885.3860ms
Step: 1989.3186ms
====================================
Loop: 303
  Solve: 884.5735ms
Step: 1991.9093ms
====================================
Loop: 304
  Solve: 876.3661ms
Step: 1989.4421ms
====================================
Loop: 305
  Solve: 880.8448ms
Step: 1986.4193ms
====================================
Loop: 306
  Solve: 876.7601ms
Step: 1993.3929ms
====================================
Loop: 307
  Solve: 874.3427ms
Step: 1972.2317ms
====================================
Loop: 308
  Solve: 871.8745ms
Step: 1977.3250ms
====================================
Loop: 309
  Solve: 863.6185ms
Step: 1970.9626ms
====================================
Loop: 310
  Solve: 863.0391ms
Step: 1962.8242ms
====================================
Loop: 311
  Solve: 868.5493ms
Step: 1979.6455ms
====================================
Loop: 312
  Solve: 859.0405ms
Step: 1960.9690ms
====================================
Loop: 313
  Solve: 856.8022ms
Step: 1960.3127ms
====================================
Loop: 314
  Solve: 854.5063ms
Step: 1968.2517ms
====================================
Loop: 315
  Solve: 853.0693ms
Step: 1955.6816ms
====================================
Loop: 316
  Solve: 851.2819ms
Step: 1952.9392ms
====================================
Loop: 317
  Solve: 846.2750ms
Step: 1938.5979ms
====================================
Loop: 318
  Solve: 842.1957ms
Step: 1949.0637ms
====================================
Loop: 319
  Solve: 842.0241ms
Step: 1942.2749ms
====================================
Loop: 320
  Solve: 836.1157ms
Step: 1935.1975ms
====================================
Loop: 321
  Solve: 835.2048ms
Step: 1928.3145ms
====================================
Loop: 322
  Solve: 1094.3478ms
Step: 2560.3491ms
====================================
Loop: 323
  Solve: 827.6952ms
Step: 1938.1865ms
====================================
Loop: 324
  Solve: 833.0366ms
Step: 1913.0825ms
====================================
Loop: 325
  Solve: 830.9381ms
Step: 1916.3442ms
====================================
Loop: 326
  Solve: 831.3210ms
Step: 1911.1954ms
====================================
Loop: 327
  Solve: 823.7947ms
Step: 1903.3379ms
====================================
Loop: 328
  Solve: 811.0636ms
Step: 1903.1956ms
====================================
Loop: 329
  Solve: 809.8651ms
Step: 1892.8091ms
====================================
Loop: 330
  Solve: 801.6769ms
Step: 1873.8984ms
====================================
Loop: 331
  Solve: 796.4491ms
Step: 1856.5605ms
====================================
Loop: 332
  Solve: 784.8787ms
Step: 1862.1411ms
====================================
Loop: 333
  Solve: 787.4639ms
Step: 1847.5825ms
====================================
Loop: 334
  Solve: 780.1996ms
Step: 1826.0592ms
====================================
Loop: 335
  Solve: 775.4039ms
Step: 1844.4238ms
====================================
Loop: 336
  Solve: 777.5340ms
Step: 1829.2551ms
====================================
Loop: 337
  Solve: 763.5001ms
Step: 1793.6957ms
====================================
Loop: 338
  Solve: 763.7241ms
Step: 1797.5034ms
====================================
Loop: 339
  Solve: 757.3875ms
Step: 1781.7434ms
====================================
Loop: 340
  Solve: 746.0654ms
Step: 1791.7275ms
====================================
Loop: 341
  Solve: 747.2563ms
Step: 1760.9424ms
====================================
Loop: 342
  Solve: 737.9042ms
Step: 1759.9448ms
====================================
Loop: 343
  Solve: 739.9381ms
Step: 1748.2292ms
====================================
Loop: 344
  Solve: 729.4906ms
Step: 1753.1094ms
====================================
Loop: 345
  Solve: 737.5931ms
Step: 1742.9512ms
====================================
Loop: 346
  Solve: 725.3245ms
Step: 1739.1053ms
====================================
Loop: 347
  Solve: 727.4615ms
Step: 1726.7566ms
====================================
Loop: 348
  Solve: 719.0902ms
Step: 1733.7561ms
====================================
Loop: 349
  Solve: 785.8679ms
Step: 1778.1158ms
====================================
Loop: 350
  Solve: 712.8008ms
Step: 1707.8147ms
====================================
Loop: 351
  Solve: 712.2621ms
Step: 1693.0753ms
====================================
Loop: 352
  Solve: 710.4999ms
Step: 1693.2734ms
====================================
Loop: 353
  Solve: 700.0740ms
Step: 1705.5867ms
====================================
Loop: 354
  Solve: 702.1309ms
Step: 1690.6653ms
====================================
Loop: 355
  Solve: 699.0221ms
Step: 1676.0459ms
====================================
Loop: 356
  Solve: 691.0988ms
Step: 1659.3074ms
====================================
Loop: 357
  Solve: 686.6491ms
Step: 1643.4458ms
====================================
Loop: 358
  Solve: 684.9579ms
Step: 1644.4875ms
====================================
Loop: 359
  Solve: 677.9042ms
Step: 1633.0620ms
====================================
Loop: 360
  Solve: 673.4297ms
Step: 1617.0504ms
====================================
Loop: 361
  Solve: 677.4108ms
Step: 1619.5392ms
====================================
Loop: 362
  Solve: 671.9799ms
Step: 1607.6445ms
====================================
Loop: 363
  Solve: 660.5462ms
Step: 1607.4153ms
====================================
Loop: 364
  Solve: 659.3580ms
Step: 1605.0040ms
====================================
Loop: 365
  Solve: 663.2076ms
Step: 1589.1208ms
====================================
Loop: 366
  Solve: 656.0909ms
Step: 1576.8589ms
====================================
Loop: 367
  Solve: 655.6321ms
Step: 1568.6681ms
====================================
Loop: 368
  Solve: 652.7837ms
Step: 1575.7317ms
====================================
Loop: 369
  Solve: 646.8352ms
Step: 1554.5073ms
====================================
Loop: 370
  Solve: 645.5728ms
Step: 1557.6648ms
====================================
Loop: 371
  Solve: 642.1663ms
Step: 1548.3248ms
====================================
Loop: 372
  Solve: 646.5559ms
Step: 1551.2510ms
====================================
Loop: 373
  Solve: 636.5637ms
Step: 1533.5110ms
====================================
Loop: 374
  Solve: 639.2972ms
Step: 1532.5438ms
====================================
Loop: 375
  Solve: 629.8969ms
Step: 1518.0012ms
====================================
Loop: 376
  Solve: 627.8599ms
Step: 1509.5132ms
====================================
Loop: 377
  Solve: 624.7116ms
Step: 1506.1448ms
====================================
Loop: 378
  Solve: 625.1383ms
Step: 1500.5232ms
====================================
Loop: 379
  Solve: 622.5041ms
Step: 1491.5742ms
====================================
Loop: 380
  Solve: 622.5696ms
Step: 1494.3110ms
====================================
Loop: 381
  Solve: 619.2670ms
Step: 1493.2961ms
====================================
Loop: 382
  Solve: 613.1879ms
Step: 1479.4767ms
====================================
Loop: 383
  Solve: 609.0905ms
Step: 1468.7949ms
====================================
Loop: 384
  Solve: 611.7010ms
Step: 1472.9929ms
====================================
Loop: 385
  Solve: 608.4613ms
Step: 1463.6584ms
====================================
Loop: 386
  Solve: 599.3779ms
Step: 1455.8521ms
====================================
Loop: 387
  Solve: 606.9306ms
Step: 1446.6085ms
====================================
Loop: 388
  Solve: 599.8162ms
Step: 1446.8083ms
====================================
Loop: 389
  Solve: 598.3489ms
Step: 1439.9065ms
====================================
Loop: 390
  Solve: 599.4138ms
Step: 1434.6951ms
====================================
Loop: 391
  Solve: 600.2817ms
Step: 1437.2793ms
====================================
Loop: 392
  Solve: 594.9701ms
Step: 1423.3125ms
====================================
Loop: 393
  Solve: 593.3910ms
Step: 1423.1562ms
====================================
Loop: 394
  Solve: 597.8011ms
Step: 1420.9581ms
====================================
Loop: 395
  Solve: 590.0799ms
Step: 1420.3385ms
====================================
Loop: 396
  Solve: 586.9380ms
Step: 1402.1273ms
====================================
Loop: 397
  Solve: 585.5847ms
Step: 1404.8787ms
====================================
Loop: 398
  Solve: 593.4293ms
Step: 1423.1854ms
====================================
Loop: 399
  Solve: 586.2551ms
Step: 1402.5710ms
====================================
Loop: 400
  Solve: 591.7920ms
Step: 1414.5552ms
====================================
Loop: 401
  Solve: 586.1600ms
Step: 1406.7180ms
====================================
Loop: 402
  Solve: 589.4063ms
Step: 1403.9735ms
====================================
Loop: 403
  Solve: 583.4281ms
Step: 1426.1620ms
====================================
Loop: 404
  Solve: 577.9230ms
Step: 1389.9167ms
====================================
Loop: 405
  Solve: 582.5573ms
Step: 1386.9459ms
====================================
Loop: 406
  Solve: 576.8867ms
Step: 1372.8750ms
====================================
Loop: 407
  Solve: 574.8028ms
Step: 1377.6910ms
====================================
Loop: 408
  Solve: 569.9105ms
Step: 1367.8602ms
====================================
Loop: 409
  Solve: 577.1849ms
Step: 1358.6118ms
====================================
Loop: 410
  Solve: 591.4017ms
Step: 1424.9321ms
====================================
Loop: 411
  Solve: 569.3651ms
Step: 1352.8772ms
====================================
Loop: 412
  Solve: 569.5480ms
Step: 1353.5017ms
====================================
Loop: 413
  Solve: 564.1345ms
Step: 1358.0261ms
====================================
Loop: 414
  Solve: 564.3801ms
Step: 1336.2278ms
====================================
Loop: 415
  Solve: 560.4896ms
Step: 1332.9579ms
====================================
Loop: 416
  Solve: 563.1589ms
Step: 1340.8545ms
====================================
Loop: 417
  Solve: 564.1741ms
Step: 1328.7117ms
====================================
Loop: 418
  Solve: 560.3876ms
Step: 1334.6660ms
====================================
Loop: 419
  Solve: 561.6821ms
Step: 1328.6152ms
====================================
Loop: 420
  Solve: 560.1301ms
Step: 1325.5592ms
====================================
Loop: 421
  Solve: 558.0258ms
Step: 1329.9388ms
====================================
Loop: 422
  Solve: 555.3749ms
Step: 1328.8118ms
====================================
Loop: 423
  Solve: 561.2570ms
Step: 1326.7950ms
====================================
Loop: 424
  Solve: 570.9991ms
Step: 1337.0182ms
====================================
Loop: 425
  Solve: 563.1868ms
Step: 1334.1407ms
====================================
Loop: 426
  Solve: 560.6446ms
Step: 1311.3135ms
====================================
Loop: 427
  Solve: 553.9006ms
Step: 1309.5537ms
====================================
Loop: 428
  Solve: 562.7189ms
Step: 1307.1121ms
====================================
Loop: 429
  Solve: 556.6035ms
Step: 1300.8728ms
====================================
Loop: 430
  Solve: 556.1434ms
Step: 1295.7272ms
====================================
Loop: 431
  Solve: 551.1646ms
Step: 1346.3589ms
====================================
Loop: 432
  Solve: 552.4753ms
Step: 1286.4342ms
====================================
Loop: 433
  Solve: 551.3078ms
Step: 1275.3474ms
====================================
Loop: 434
  Solve: 546.1966ms
Step: 1282.6869ms
====================================
Loop: 435
  Solve: 544.8938ms
Step: 1275.6876ms
====================================
Loop: 436
  Solve: 549.0440ms
Step: 1266.2280ms
====================================
Loop: 437
  Solve: 546.1954ms
Step: 1259.2075ms
====================================
Loop: 438
  Solve: 541.8058ms
Step: 1262.8721ms
====================================
Loop: 439
  Solve: 546.7545ms
Step: 1259.6135ms
====================================
Loop: 440
  Solve: 540.9970ms
Step: 1253.6409ms
====================================
Loop: 441
  Solve: 540.6190ms
Step: 1247.0221ms
====================================
Loop: 442
  Solve: 545.0543ms
Step: 1264.9692ms
====================================
Loop: 443
  Solve: 535.3101ms
Step: 1244.6188ms
====================================
Loop: 444
  Solve: 534.4613ms
Step: 1235.7797ms
====================================
Loop: 445
  Solve: 539.4955ms
Step: 1240.7192ms
====================================
Loop: 446
  Solve: 534.9466ms
Step: 1252.2875ms
====================================
Loop: 447
  Solve: 534.0262ms
Step: 1231.2073ms
====================================
Loop: 448
  Solve: 533.6140ms
Step: 1224.8992ms
====================================
Loop: 449
  Solve: 538.5308ms
Step: 1229.6566ms
====================================
Loop: 450
  Solve: 534.9735ms
Step: 1237.1765ms
====================================
Loop: 451
  Solve: 532.9136ms
Step: 1230.8542ms
====================================
Loop: 452
  Solve: 534.5661ms
Step: 1224.4333ms
====================================
Loop: 453
  Solve: 531.6718ms
Step: 1223.7373ms
====================================
Loop: 454
  Solve: 531.6162ms
Step: 1216.3018ms
====================================
Loop: 455
  Solve: 527.4197ms
Step: 1223.7974ms
====================================
Loop: 456
  Solve: 527.2875ms
Step: 1207.8105ms
====================================
Loop: 457
  Solve: 530.2094ms
Step: 1206.2528ms
====================================
Loop: 458
  Solve: 533.8281ms
Step: 1209.5327ms
====================================
Loop: 459
  Solve: 528.1740ms
Step: 1208.2819ms
====================================
Loop: 460
  Solve: 525.3215ms
Step: 1202.2490ms
====================================
Loop: 461
  Solve: 525.9893ms
Step: 1200.5376ms
====================================
Loop: 462
  Solve: 531.0989ms
Step: 1198.5652ms
====================================
Loop: 463
  Solve: 528.2640ms
Step: 1196.1152ms
====================================
Loop: 464
  Solve: 528.2391ms
Step: 1199.4633ms
====================================
Loop: 465
  Solve: 537.2667ms
Step: 1219.0646ms
====================================
Loop: 466
  Solve: 523.4512ms
Step: 1190.9226ms
====================================
Loop: 467
  Solve: 527.6097ms
Step: 1199.7206ms
====================================
Loop: 468
  Solve: 526.4072ms
Step: 1191.6611ms
====================================
Loop: 469
  Solve: 525.8831ms
Step: 1194.3330ms
====================================
Loop: 470
  Solve: 527.1923ms
Step: 1202.0736ms
====================================
Loop: 471
  Solve: 524.5941ms
Step: 1188.3955ms
====================================
Loop: 472
  Solve: 534.2739ms
Step: 1191.7010ms
====================================
Loop: 473
  Solve: 527.6268ms
Step: 1187.7981ms
====================================
Loop: 474
  Solve: 529.9605ms
Step: 1185.8409ms
====================================
Loop: 475
  Solve: 530.7536ms
Step: 1196.1926ms
====================================
Loop: 476
  Solve: 525.5652ms
Step: 1190.9043ms
====================================
Loop: 477
  Solve: 530.6489ms
Step: 1184.6042ms
====================================
Loop: 478
  Solve: 528.5213ms
Step: 1184.4136ms
====================================
Loop: 479
  Solve: 533.6490ms
Step: 1180.8567ms
====================================
Loop: 480
  Solve: 530.9647ms
Step: 1183.7438ms
====================================
Loop: 481
  Solve: 527.5553ms
Step: 1181.3425ms
====================================
Loop: 482
  Solve: 531.7379ms
Step: 1182.5553ms
====================================
Loop: 483
  Solve: 534.3430ms
Step: 1184.8484ms
====================================
Loop: 484
  Solve: 529.4353ms
Step: 1173.4785ms
====================================
Loop: 485
  Solve: 527.0129ms
Step: 1174.1616ms
====================================
Loop: 486
  Solve: 526.7205ms
Step: 1177.7255ms
====================================
Loop: 487
  Solve: 528.5101ms
Step: 1182.1899ms
====================================
Loop: 488
  Solve: 532.7835ms
Step: 1173.0762ms
====================================
Loop: 489
  Solve: 527.9719ms
Step: 1175.7361ms
====================================
Loop: 490
  Solve: 530.7811ms
Step: 1174.0494ms
====================================
Loop: 491
  Solve: 531.6438ms
Step: 1176.6338ms
====================================
Loop: 492
  Solve: 528.2349ms
Step: 1175.4098ms
====================================
Loop: 493
  Solve: 529.2384ms
Step: 1174.4316ms
====================================
Loop: 494
  Solve: 527.8221ms
Step: 1161.4702ms
====================================
Loop: 495
  Solve: 532.4458ms
Step: 1172.3346ms
====================================
Loop: 496
  Solve: 536.8196ms
Step: 1179.3584ms
====================================
Loop: 497
  Solve: 532.7640ms
Step: 1169.2529ms
====================================
Loop: 498
  Solve: 528.3047ms
Step: 1170.1360ms
====================================
Loop: 499
  Solve: 529.5992ms
Step: 1165.1272ms
====================================
Loop: 500
  Solve: 530.1764ms
Step: 1162.7319ms
====================================
