Using platform vendor: Intel(R) Corporation
Loop: 0
  Solve: 0.0006ms
Step: 605.4010ms
====================================
Loop: 1
  Solve: 0.0014ms
Step: 298.6808ms
====================================
Loop: 2
  Solve: 0.0012ms
Step: 297.2511ms
====================================
Loop: 3
  Solve: 0.0013ms
Step: 300.8452ms
====================================
Loop: 4
  Solve: 0.0014ms
Step: 297.2289ms
====================================
Loop: 5
  Solve: 0.0012ms
Step: 298.2192ms
====================================
Loop: 6
  Solve: 0.0012ms
Step: 296.3847ms
====================================
Loop: 7
  Solve: 0.0012ms
Step: 299.9603ms
====================================
Loop: 8
  Solve: 0.0012ms
Step: 302.1814ms
====================================
Loop: 9
  Solve: 0.0013ms
Step: 297.4725ms
====================================
Loop: 10
  Solve: 0.0011ms
Step: 300.1935ms
====================================
Loop: 11
  Solve: 0.0013ms
Step: 301.1150ms
====================================
Loop: 12
  Solve: 0.0013ms
Step: 298.5040ms
====================================
Loop: 13
  Solve: 0.0012ms
Step: 300.2236ms
====================================
Loop: 14
  Solve: 0.0012ms
Step: 297.6704ms
====================================
Loop: 15
  Solve: 0.0013ms
Step: 302.3605ms
====================================
Loop: 16
  Solve: 0.0013ms
Step: 296.8936ms
====================================
Loop: 17
  Solve: 0.0013ms
Step: 300.1377ms
====================================
Loop: 18
  Solve: 0.0016ms
Step: 699.3451ms
====================================
Loop: 19
  Solve: 0.0013ms
Step: 297.6246ms
====================================
Loop: 20
  Solve: 0.0012ms
Step: 298.5996ms
====================================
Loop: 21
  Solve: 0.0012ms
Step: 296.6640ms
====================================
Loop: 22
  Solve: 0.0012ms
Step: 299.6362ms
====================================
Loop: 23
  Solve: 0.0014ms
Step: 297.6609ms
====================================
Loop: 24
  Solve: 0.0013ms
Step: 299.4254ms
====================================
Loop: 25
  Solve: 0.0015ms
Step: 292.7562ms
====================================
Loop: 26
  Solve: 0.0016ms
Step: 706.2035ms
====================================
Loop: 27
  Solve: 0.0014ms
Step: 292.0489ms
====================================
Loop: 28
  Solve: 0.0019ms
Step: 300.6035ms
====================================
Loop: 29
  Solve: 0.0011ms
Step: 298.0261ms
====================================
Loop: 30
  Solve: 0.0011ms
Step: 294.4869ms
====================================
Loop: 31
  Solve: 0.0010ms
Step: 304.9178ms
====================================
Loop: 32
  Solve: 0.0012ms
Step: 292.5592ms
====================================
Loop: 33
  Solve: 0.0012ms
Step: 701.9047ms
====================================
Loop: 34
  Solve: 0.0012ms
Step: 292.5891ms
====================================
Loop: 35
  Solve: 0.0012ms
Step: 296.4836ms
====================================
Loop: 36
  Solve: 0.0009ms
Step: 297.9798ms
====================================
Loop: 37
  Solve: 0.0015ms
Step: 295.9984ms
====================================
Loop: 38
  Solve: 0.0012ms
Step: 701.1841ms
====================================
Loop: 39
  Solve: 0.0021ms
Step: 298.2049ms
====================================
Loop: 40
  Solve: 0.0016ms
Step: 299.3087ms
====================================
Loop: 41
  Solve: 0.0012ms
Step: 294.7528ms
====================================
Loop: 42
  Solve: 0.0015ms
Step: 300.7388ms
====================================
Loop: 43
  Solve: 0.0010ms
Step: 713.7355ms
====================================
Loop: 44
  Solve: 0.0011ms
Step: 299.0050ms
====================================
Loop: 45
  Solve: 0.0011ms
Step: 296.3649ms
====================================
Loop: 46
  Solve: 0.0011ms
Step: 295.0299ms
====================================
Loop: 47
  Solve: 0.0012ms
Step: 708.5864ms
====================================
Loop: 48
  Solve: 0.0016ms
Step: 295.2623ms
====================================
Loop: 49
  Solve: 0.0011ms
Step: 300.6121ms
====================================
Loop: 50
  Solve: 0.0011ms
Step: 298.5537ms
====================================
Loop: 51
  Solve: 0.0012ms
Step: 699.9575ms
====================================
Loop: 52
  Solve: 0.0010ms
Step: 297.6854ms
====================================
Loop: 53
  Solve: 0.0012ms
Step: 295.6852ms
====================================
Loop: 54
  Solve: 3.4621ms
Step: 301.3495ms
====================================
Loop: 55
  Solve: 6.5312ms
Step: 702.0401ms
====================================
Loop: 56
  Solve: 10.1028ms
Step: 311.9383ms
====================================
Loop: 57
  Solve: 11.3882ms
Step: 344.8467ms
====================================
Loop: 58
  Solve: 20.5399ms
Step: 377.0652ms
====================================
Loop: 59
  Solve: 16.9832ms
Step: 727.1278ms
====================================
Loop: 60
  Solve: 20.1328ms
Step: 331.0602ms
====================================
Loop: 61
  Solve: 22.2591ms
Step: 338.4195ms
====================================
Loop: 62
  Solve: 24.2186ms
Step: 687.5687ms
====================================
Loop: 63
  Solve: 28.0463ms
Step: 346.1722ms
====================================
Loop: 64
  Solve: 37.7041ms
Step: 355.2501ms
====================================
Loop: 65
  Solve: 33.3791ms
Step: 699.0615ms
====================================
Loop: 66
  Solve: 36.2981ms
Step: 358.9604ms
====================================
Loop: 67
  Solve: 45.3206ms
Step: 364.5140ms
====================================
Loop: 68
  Solve: 45.5790ms
Step: 707.2304ms
====================================
Loop: 69
  Solve: 48.5401ms
Step: 375.6778ms
====================================
Loop: 70
  Solve: 52.6547ms
Step: 382.9522ms
====================================
Loop: 71
  Solve: 56.1108ms
Step: 705.3445ms
====================================
Loop: 72
  Solve: 55.9116ms
Step: 393.0982ms
====================================
Loop: 73
  Solve: 62.1081ms
Step: 398.9563ms
====================================
Loop: 74
  Solve: 68.5294ms
Step: 714.0078ms
====================================
Loop: 75
  Solve: 73.4625ms
Step: 416.9207ms
====================================
Loop: 76
  Solve: 77.1365ms
Step: 429.8123ms
====================================
Loop: 77
  Solve: 85.3200ms
Step: 732.2000ms
====================================
Loop: 78
  Solve: 91.1116ms
Step: 456.2870ms
====================================
Loop: 79
  Solve: 98.3071ms
Step: 460.1469ms
====================================
Loop: 80
  Solve: 140.5218ms
Step: 779.1678ms
====================================
Loop: 81
  Solve: 112.5142ms
Step: 496.6414ms
====================================
Loop: 82
  Solve: 120.6566ms
Step: 502.3456ms
====================================
Loop: 83
  Solve: 127.3040ms
Step: 771.2592ms
====================================
Loop: 84
  Solve: 128.3989ms
Step: 515.2103ms
====================================
Loop: 85
  Solve: 166.4192ms
Step: 574.1942ms
====================================
Loop: 86
  Solve: 144.4448ms
Step: 790.2860ms
====================================
Loop: 87
  Solve: 157.2062ms
Step: 556.5306ms
====================================
Loop: 88
  Solve: 155.1794ms
Step: 561.6180ms
====================================
Loop: 89
  Solve: 157.3743ms
Step: 792.8705ms
====================================
Loop: 90
  Solve: 168.9550ms
Step: 588.6434ms
====================================
Loop: 91
  Solve: 175.3378ms
Step: 602.5292ms
====================================
Loop: 92
  Solve: 242.6957ms
Step: 885.3724ms
====================================
Loop: 93
  Solve: 193.5879ms
Step: 629.8973ms
====================================
Loop: 94
  Solve: 195.3653ms
Step: 844.1453ms
====================================
Loop: 95
  Solve: 201.0613ms
Step: 658.2678ms
====================================
Loop: 96
  Solve: 204.8956ms
Step: 865.5939ms
====================================
Loop: 97
  Solve: 210.6686ms
Step: 688.4349ms
====================================
Loop: 98
  Solve: 216.5313ms
Step: 891.9225ms
====================================
Loop: 99
  Solve: 217.3435ms
Step: 723.5176ms
====================================
Loop: 100
  Solve: 228.1353ms
Step: 915.2463ms
====================================
Loop: 101
  Solve: 235.6671ms
Step: 772.7001ms
====================================
Loop: 102
  Solve: 243.4127ms
Step: 941.8348ms
====================================
Loop: 103
  Solve: 250.8636ms
Step: 809.3560ms
====================================
Loop: 104
  Solve: 250.9797ms
Step: 975.3333ms
====================================
Loop: 105
  Solve: 262.7472ms
Step: 851.3693ms
====================================
Loop: 106
  Solve: 257.8923ms
Step: 1006.5933ms
====================================
Loop: 107
  Solve: 257.7154ms
Step: 875.6086ms
====================================
Loop: 108
  Solve: 264.2837ms
Step: 1023.2233ms
====================================
Loop: 109
  Solve: 271.2186ms
Step: 912.7132ms
====================================
Loop: 110
  Solve: 275.0824ms
Step: 1060.0215ms
====================================
Loop: 111
  Solve: 324.2667ms
Step: 999.0320ms
====================================
Loop: 112
  Solve: 284.5368ms
Step: 1094.8197ms
====================================
Loop: 113
  Solve: 303.2088ms
Step: 1057.5420ms
====================================
Loop: 114
  Solve: 302.4323ms
Step: 1150.6366ms
====================================
Loop: 115
  Solve: 318.6963ms
Step: 1078.2209ms
====================================
Loop: 116
  Solve: 316.5677ms
Step: 1184.3926ms
====================================
Loop: 117
  Solve: 317.8471ms
Step: 1120.6548ms
====================================
Loop: 118
  Solve: 330.0278ms
Step: 1235.1498ms
====================================
Loop: 119
  Solve: 360.9821ms
Step: 1223.1178ms
====================================
Loop: 120
  Solve: 331.5276ms
Step: 1281.6646ms
====================================
Loop: 121
  Solve: 321.1853ms
Step: 1226.6877ms
====================================
Loop: 122
  Solve: 332.8885ms
Step: 1337.8374ms
====================================
Loop: 123
  Solve: 339.7792ms
Step: 1370.8293ms
====================================
Loop: 124
  Solve: 380.5201ms
Step: 1412.9626ms
====================================
Loop: 125
  Solve: 334.7965ms
Step: 1345.0691ms
====================================
Loop: 126
  Solve: 376.7649ms
Step: 1449.7383ms
====================================
Loop: 127
  Solve: 348.9403ms
Step: 1397.8062ms
====================================
Loop: 128
  Solve: 349.9450ms
Step: 1463.3260ms
====================================
Loop: 129
  Solve: 355.7720ms
Step: 1455.0143ms
====================================
Loop: 130
  Solve: 352.9492ms
Step: 1504.6368ms
====================================
Loop: 131
  Solve: 352.0490ms
Step: 1485.5317ms
====================================
Loop: 132
  Solve: 383.1594ms
Step: 1628.7173ms
====================================
Loop: 133
  Solve: 421.0136ms
Step: 1801.2275ms
====================================
Loop: 134
  Solve: 360.6857ms
Step: 1622.8440ms
====================================
Loop: 135
  Solve: 367.0000ms
Step: 1574.2383ms
====================================
Loop: 136
  Solve: 361.4243ms
Step: 1569.2557ms
====================================
Loop: 137
  Solve: 357.3285ms
Step: 1557.8955ms
====================================
Loop: 138
  Solve: 359.1472ms
Step: 1637.7578ms
====================================
Loop: 139
  Solve: 326.3797ms
Step: 1537.0037ms
====================================
Loop: 140
  Solve: 324.8306ms
Step: 1578.6282ms
====================================
Loop: 141
  Solve: 318.3205ms
Step: 1538.9431ms
====================================
Loop: 142
  Solve: 326.4877ms
Step: 1544.9603ms
====================================
Loop: 143
  Solve: 321.5156ms
Step: 1545.7004ms
====================================
Loop: 144
  Solve: 316.2983ms
Step: 1546.8779ms
====================================
Loop: 145
  Solve: 309.1923ms
Step: 1582.2605ms
====================================
Loop: 146
  Solve: 307.0601ms
Step: 1544.7183ms
====================================
Loop: 147
  Solve: 293.6133ms
Step: 1524.9557ms
====================================
Loop: 148
  Solve: 289.0189ms
Step: 1573.6362ms
====================================
Loop: 149
  Solve: 283.7492ms
Step: 1518.3245ms
====================================
Loop: 150
  Solve: 278.7935ms
Step: 1508.3118ms
====================================
Loop: 151
  Solve: 274.3933ms
Step: 1514.4045ms
====================================
Loop: 152
  Solve: 271.2587ms
Step: 1489.9500ms
====================================
Loop: 153
  Solve: 268.0338ms
Step: 1507.9810ms
====================================
Loop: 154
  Solve: 265.6617ms
Step: 1497.8134ms
====================================
Loop: 155
  Solve: 270.3582ms
Step: 1500.0900ms
====================================
Loop: 156
  Solve: 256.5068ms
Step: 1485.0874ms
====================================
Loop: 157
  Solve: 258.8598ms
Step: 1510.8325ms
====================================
Loop: 158
  Solve: 290.7691ms
Step: 1533.2466ms
====================================
Loop: 159
  Solve: 248.1995ms
Step: 1485.2048ms
====================================
Loop: 160
  Solve: 247.0546ms
Step: 1470.6763ms
====================================
Loop: 161
  Solve: 243.6118ms
Step: 1479.7571ms
====================================
Loop: 162
  Solve: 238.9237ms
Step: 1454.6132ms
====================================
Loop: 163
  Solve: 240.4317ms
Step: 1469.9270ms
====================================
Loop: 164
  Solve: 253.3521ms
Step: 1486.1013ms
====================================
Loop: 165
  Solve: 240.1543ms
Step: 1469.0940ms
====================================
Loop: 166
  Solve: 241.4935ms
Step: 1475.9742ms
====================================
Loop: 167
  Solve: 230.4486ms
Step: 1444.3948ms
====================================
Loop: 168
  Solve: 214.3461ms
Step: 1421.2046ms
====================================
Loop: 169
  Solve: 205.0841ms
Step: 1411.5334ms
====================================
Loop: 170
  Solve: 202.9223ms
Step: 1451.9652ms
====================================
Loop: 171
  Solve: 221.3826ms
Step: 1480.4840ms
====================================
Loop: 172
  Solve: 201.3853ms
Step: 1416.5648ms
====================================
Loop: 173
  Solve: 199.3762ms
Step: 1400.2048ms
====================================
Loop: 174
  Solve: 193.2739ms
Step: 1405.5520ms
====================================
Loop: 175
  Solve: 192.0007ms
Step: 1408.4731ms
====================================
Loop: 176
  Solve: 188.8557ms
Step: 1447.8168ms
====================================
Loop: 177
  Solve: 191.2244ms
Step: 1412.5295ms
====================================
Loop: 178
  Solve: 195.7944ms
Step: 1394.3628ms
====================================
Loop: 179
  Solve: 189.2380ms
Step: 1393.3577ms
====================================
Loop: 180
  Solve: 183.0256ms
Step: 1378.4812ms
====================================
Loop: 181
  Solve: 183.7190ms
Step: 1372.4126ms
====================================
Loop: 182
  Solve: 191.1105ms
Step: 1383.5515ms
====================================
Loop: 183
  Solve: 191.1111ms
Step: 1374.5271ms
====================================
Loop: 184
  Solve: 181.2869ms
Step: 1369.2080ms
====================================
Loop: 185
  Solve: 183.1493ms
Step: 1371.7592ms
====================================
Loop: 186
  Solve: 193.0181ms
Step: 1361.4690ms
====================================
Loop: 187
  Solve: 182.5683ms
Step: 1367.5026ms
====================================
Loop: 188
  Solve: 179.7630ms
Step: 1364.6248ms
====================================
Loop: 189
  Solve: 181.8727ms
Step: 1365.9117ms
====================================
Loop: 190
  Solve: 180.5293ms
Step: 1360.0052ms
====================================
Loop: 191
  Solve: 177.5443ms
Step: 1358.0850ms
====================================
Loop: 192
  Solve: 192.1021ms
Step: 1368.0043ms
====================================
Loop: 193
  Solve: 188.4883ms
Step: 1363.4653ms
====================================
Loop: 194
  Solve: 187.1371ms
Step: 1352.0278ms
====================================
Loop: 195
  Solve: 180.2310ms
Step: 1341.7832ms
====================================
Loop: 196
  Solve: 183.4786ms
Step: 1346.4342ms
====================================
Loop: 197
  Solve: 183.9043ms
Step: 1363.8167ms
====================================
Loop: 198
  Solve: 180.2991ms
Step: 1343.7357ms
====================================
Loop: 199
  Solve: 181.3875ms
Step: 1336.2329ms
====================================
Loop: 200
  Solve: 187.5402ms
Step: 1341.0527ms
====================================
Loop: 201
  Solve: 179.8763ms
Step: 1334.1602ms
====================================
Loop: 202
  Solve: 183.7413ms
Step: 1343.3954ms
====================================
Loop: 203
  Solve: 182.5028ms
Step: 1330.5780ms
====================================
Loop: 204
  Solve: 181.4721ms
Step: 1356.8787ms
====================================
Loop: 205
  Solve: 182.4369ms
Step: 1374.0338ms
====================================
Loop: 206
  Solve: 185.0297ms
Step: 1352.4124ms
====================================
Loop: 207
  Solve: 186.0989ms
Step: 1346.1743ms
====================================
Loop: 208
  Solve: 184.9332ms
Step: 1351.5222ms
====================================
Loop: 209
  Solve: 183.7625ms
Step: 1397.4658ms
====================================
Loop: 210
  Solve: 182.8945ms
Step: 1355.5518ms
====================================
Loop: 211
  Solve: 191.0362ms
Step: 1353.5282ms
====================================
Loop: 212
  Solve: 183.7957ms
Step: 1350.1989ms
====================================
Loop: 213
  Solve: 188.0013ms
Step: 1407.1199ms
====================================
Loop: 214
  Solve: 192.2881ms
Step: 1355.3699ms
====================================
Loop: 215
  Solve: 184.5103ms
Step: 1358.0533ms
====================================
Loop: 216
  Solve: 189.1443ms
Step: 1373.8254ms
====================================
Loop: 217
  Solve: 204.8537ms
Step: 1391.7263ms
====================================
Loop: 218
  Solve: 196.4489ms
Step: 1390.8834ms
====================================
Loop: 219
  Solve: 193.8619ms
Step: 1369.5350ms
====================================
Loop: 220
  Solve: 191.1078ms
Step: 1377.3125ms
====================================
Loop: 221
  Solve: 194.4865ms
Step: 1386.3164ms
====================================
Loop: 222
  Solve: 202.0770ms
Step: 1383.0955ms
====================================
Loop: 223
  Solve: 186.6977ms
Step: 1369.2162ms
====================================
Loop: 224
  Solve: 195.8465ms
Step: 1387.1039ms
====================================
Loop: 225
  Solve: 195.1509ms
Step: 1378.2914ms
====================================
Loop: 226
  Solve: 196.8010ms
Step: 1394.8398ms
====================================
Loop: 227
  Solve: 195.9076ms
Step: 1379.8405ms
====================================
Loop: 228
  Solve: 200.0074ms
Step: 1394.5526ms
====================================
Loop: 229
  Solve: 201.3680ms
Step: 1425.5035ms
====================================
Loop: 230
  Solve: 199.7848ms
Step: 1389.3734ms
====================================
Loop: 231
  Solve: 203.6133ms
Step: 1391.7327ms
====================================
Loop: 232
  Solve: 198.4211ms
Step: 1389.3169ms
====================================
Loop: 233
  Solve: 198.0507ms
Step: 1387.3329ms
====================================
Loop: 234
  Solve: 200.0040ms
Step: 1417.8250ms
====================================
Loop: 235
  Solve: 210.4050ms
Step: 1394.2288ms
====================================
Loop: 236
  Solve: 204.7792ms
Step: 1396.7507ms
====================================
Loop: 237
  Solve: 199.0485ms
Step: 1380.5985ms
====================================
Loop: 238
  Solve: 221.7536ms
Step: 1412.3193ms
====================================
Loop: 239
  Solve: 200.9754ms
Step: 1380.8718ms
====================================
Loop: 240
  Solve: 206.8772ms
Step: 1396.1400ms
====================================
Loop: 241
  Solve: 200.6523ms
Step: 1384.5670ms
====================================
Loop: 242
  Solve: 207.5699ms
Step: 1390.2971ms
====================================
Loop: 243
  Solve: 257.7827ms
Step: 1445.5308ms
====================================
Loop: 244
  Solve: 196.6665ms
Step: 1395.9824ms
====================================
Loop: 245
  Solve: 203.5136ms
Step: 1375.1511ms
====================================
Loop: 246
  Solve: 200.4526ms
Step: 1389.2251ms
====================================
Loop: 247
  Solve: 208.6152ms
Step: 1388.9774ms
====================================
Loop: 248
  Solve: 200.5078ms
Step: 1388.0254ms
====================================
Loop: 249
  Solve: 207.0757ms
Step: 1399.7239ms
====================================
Loop: 250
  Solve: 212.6918ms
Step: 1400.7654ms
====================================
Loop: 251
  Solve: 197.4487ms
Step: 1388.4579ms
====================================
Loop: 252
  Solve: 222.1814ms
Step: 1422.5946ms
====================================
Loop: 253
  Solve: 198.7527ms
Step: 1387.2605ms
====================================
Loop: 254
  Solve: 206.2457ms
Step: 1408.4108ms
====================================
Loop: 255
  Solve: 204.9892ms
Step: 1394.1768ms
====================================
Loop: 256
  Solve: 198.5994ms
Step: 1392.5331ms
====================================
Loop: 257
  Solve: 210.2607ms
Step: 1393.7805ms
====================================
Loop: 258
  Solve: 199.9135ms
Step: 1397.2300ms
====================================
Loop: 259
  Solve: 206.5617ms
Step: 1400.4026ms
====================================
Loop: 260
  Solve: 199.8604ms
Step: 1392.3367ms
====================================
Loop: 261
  Solve: 201.9089ms
Step: 1396.4547ms
====================================
Loop: 262
  Solve: 216.0657ms
Step: 1415.5540ms
====================================
Loop: 263
  Solve: 205.3927ms
Step: 1463.5986ms
====================================
Loop: 264
  Solve: 211.5869ms
Step: 1408.6351ms
====================================
Loop: 265
  Solve: 205.8353ms
Step: 1395.3351ms
====================================
Loop: 266
  Solve: 208.7019ms
Step: 1409.7485ms
====================================
Loop: 267
  Solve: 208.2397ms
Step: 1400.0116ms
====================================
Loop: 268
  Solve: 210.0142ms
Step: 1409.8037ms
====================================
Loop: 269
  Solve: 210.5978ms
Step: 1405.9095ms
====================================
Loop: 270
  Solve: 207.3967ms
Step: 1405.4258ms
====================================
Loop: 271
  Solve: 202.1009ms
Step: 1409.7745ms
====================================
Loop: 272
  Solve: 201.1255ms
Step: 1401.8705ms
====================================
Loop: 273
  Solve: 204.5177ms
Step: 1413.9899ms
====================================
Loop: 274
  Solve: 211.2977ms
Step: 1418.7506ms
====================================
Loop: 275
  Solve: 215.8339ms
Step: 1412.6091ms
====================================
Loop: 276
  Solve: 211.6393ms
Step: 1426.3984ms
====================================
Loop: 277
  Solve: 204.5136ms
Step: 1410.1528ms
====================================
Loop: 278
  Solve: 207.2228ms
Step: 1417.4910ms
====================================
Loop: 279
  Solve: 214.6871ms
Step: 1421.1661ms
====================================
Loop: 280
  Solve: 213.1917ms
Step: 1424.2285ms
====================================
Loop: 281
  Solve: 216.8897ms
Step: 1433.7325ms
====================================
Loop: 282
  Solve: 206.6454ms
Step: 1420.8606ms
====================================
Loop: 283
  Solve: 208.6998ms
Step: 1427.5002ms
====================================
Loop: 284
  Solve: 206.0208ms
Step: 1421.8253ms
====================================
Loop: 285
  Solve: 207.8385ms
Step: 1435.0547ms
====================================
Loop: 286
  Solve: 216.6228ms
Step: 1430.9813ms
====================================
Loop: 287
  Solve: 210.2401ms
Step: 1423.5796ms
====================================
Loop: 288
  Solve: 209.3226ms
Step: 1421.3477ms
====================================
Loop: 289
  Solve: 218.2802ms
Step: 1428.8552ms
====================================
Loop: 290
  Solve: 209.2670ms
Step: 1430.8381ms
====================================
Loop: 291
  Solve: 205.9624ms
Step: 1420.3743ms
====================================
Loop: 292
  Solve: 206.7995ms
Step: 1425.0923ms
====================================
Loop: 293
  Solve: 217.4957ms
Step: 1422.4719ms
====================================
Loop: 294
  Solve: 213.6851ms
Step: 1420.5209ms
====================================
Loop: 295
  Solve: 208.4823ms
Step: 1426.1169ms
====================================
Loop: 296
  Solve: 208.4981ms
Step: 1425.1089ms
====================================
Loop: 297
  Solve: 209.2418ms
Step: 1425.6045ms
====================================
Loop: 298
  Solve: 207.7034ms
Step: 1404.8734ms
====================================
Loop: 299
  Solve: 209.6069ms
Step: 1421.0684ms
====================================
Loop: 300
  Solve: 216.7849ms
Step: 1414.4373ms
====================================
Loop: 301
  Solve: 206.6416ms
Step: 1407.5332ms
====================================
Loop: 302
  Solve: 209.2605ms
Step: 1459.7244ms
====================================
Loop: 303
  Solve: 202.2989ms
Step: 1401.0020ms
====================================
Loop: 304
  Solve: 199.5054ms
Step: 1396.2019ms
====================================
Loop: 305
  Solve: 213.1931ms
Step: 1389.8555ms
====================================
Loop: 306
  Solve: 198.7053ms
Step: 1377.1995ms
====================================
Loop: 307
  Solve: 200.9958ms
Step: 1392.3745ms
====================================
Loop: 308
  Solve: 195.2669ms
Step: 1387.7037ms
====================================
Loop: 309
  Solve: 199.3773ms
Step: 1377.4001ms
====================================
Loop: 310
  Solve: 193.5686ms
Step: 1370.1770ms
====================================
Loop: 311
  Solve: 209.4731ms
Step: 1442.9064ms
====================================
Loop: 312
  Solve: 188.8412ms
Step: 1401.8939ms
====================================
Loop: 313
  Solve: 193.7415ms
Step: 1358.2808ms
====================================
Loop: 314
  Solve: 203.7613ms
Step: 1358.6592ms
====================================
Loop: 315
  Solve: 195.0505ms
Step: 1371.0100ms
====================================
Loop: 316
  Solve: 191.8443ms
Step: 1365.2605ms
====================================
Loop: 317
  Solve: 193.1530ms
Step: 1359.1304ms
====================================
Loop: 318
  Solve: 192.0765ms
Step: 1339.5531ms
====================================
Loop: 319
  Solve: 193.7149ms
Step: 1353.4071ms
====================================
Loop: 320
  Solve: 190.9471ms
Step: 1348.4811ms
====================================
Loop: 321
  Solve: 197.6509ms
Step: 1341.1313ms
====================================
Loop: 322
  Solve: 192.5813ms
Step: 1342.9277ms
====================================
Loop: 323
  Solve: 211.5643ms
Step: 1369.9935ms
====================================
Loop: 324
  Solve: 191.2473ms
Step: 1391.2312ms
====================================
Loop: 325
  Solve: 190.2792ms
Step: 1330.9487ms
====================================
Loop: 326
  Solve: 186.9926ms
Step: 1321.6121ms
====================================
Loop: 327
  Solve: 191.0198ms
Step: 1309.0277ms
====================================
Loop: 328
  Solve: 182.2351ms
Step: 1316.1978ms
====================================
Loop: 329
  Solve: 182.6290ms
Step: 1310.7426ms
====================================
Loop: 330
  Solve: 202.1888ms
Step: 1351.4109ms
====================================
Loop: 331
  Solve: 180.9612ms
Step: 1303.2411ms
====================================
Loop: 332
  Solve: 181.3540ms
Step: 1306.0824ms
====================================
Loop: 333
  Solve: 187.1824ms
Step: 1303.4623ms
====================================
Loop: 334
  Solve: 174.8833ms
Step: 1298.2195ms
====================================
Loop: 335
  Solve: 183.8835ms
Step: 1288.3649ms
====================================
Loop: 336
  Solve: 177.8491ms
Step: 1294.8818ms
====================================
Loop: 337
  Solve: 175.0221ms
Step: 1276.8066ms
====================================
Loop: 338
  Solve: 174.7800ms
Step: 1267.4978ms
====================================
Loop: 339
  Solve: 177.3784ms
Step: 1273.1464ms
====================================
Loop: 340
  Solve: 171.9745ms
Step: 1267.2983ms
====================================
Loop: 341
  Solve: 172.4962ms
Step: 1264.6432ms
====================================
Loop: 342
  Solve: 180.4032ms
Step: 1270.4486ms
====================================
Loop: 343
  Solve: 169.0033ms
Step: 1258.3115ms
====================================
Loop: 344
  Solve: 180.1914ms
Step: 1259.8148ms
====================================
Loop: 345
  Solve: 165.6141ms
Step: 1241.1084ms
====================================
Loop: 346
  Solve: 180.7150ms
Step: 1252.7809ms
====================================
Loop: 347
  Solve: 163.1974ms
Step: 1231.8425ms
====================================
Loop: 348
  Solve: 171.4265ms
Step: 1238.9773ms
====================================
Loop: 349
  Solve: 163.1196ms
Step: 1208.0095ms
====================================
Loop: 350
  Solve: 159.1243ms
Step: 1245.8892ms
====================================
Loop: 351
  Solve: 161.8902ms
Step: 1199.3658ms
====================================
Loop: 352
  Solve: 160.3719ms
Step: 1221.6869ms
====================================
Loop: 353
  Solve: 164.1006ms
Step: 1206.7849ms
====================================
Loop: 354
  Solve: 159.9743ms
Step: 1202.5303ms
====================================
Loop: 355
  Solve: 161.3090ms
Step: 1193.1210ms
====================================
Loop: 356
  Solve: 159.0649ms
Step: 1185.3745ms
====================================
Loop: 357
  Solve: 158.5055ms
Step: 1246.4801ms
====================================
Loop: 358
  Solve: 155.4805ms
Step: 1177.3784ms
====================================
Loop: 359
  Solve: 156.6075ms
Step: 1164.9812ms
====================================
Loop: 360
  Solve: 155.3806ms
Step: 1180.4539ms
====================================
Loop: 361
  Solve: 198.8784ms
Step: 1306.9519ms
====================================
Loop: 362
  Solve: 199.4999ms
Step: 1380.7247ms
====================================
Loop: 363
  Solve: 156.2158ms
Step: 1240.3557ms
====================================
Loop: 364
  Solve: 153.2264ms
Step: 1153.3798ms
====================================
Loop: 365
  Solve: 154.3255ms
Step: 1145.7185ms
====================================
Loop: 366
  Solve: 151.9518ms
Step: 1141.5765ms
====================================
Loop: 367
  Solve: 153.7598ms
Step: 1142.2797ms
====================================
Loop: 368
  Solve: 156.1589ms
Step: 1138.2731ms
====================================
Loop: 369
  Solve: 152.9209ms
Step: 1180.9598ms
====================================
Loop: 370
  Solve: 151.2387ms
Step: 1126.6628ms
====================================
Loop: 371
  Solve: 150.4789ms
Step: 1119.4695ms
====================================
Loop: 372
  Solve: 196.4091ms
Step: 1172.3970ms
====================================
Loop: 373
  Solve: 149.1490ms
Step: 1114.6833ms
====================================
Loop: 374
  Solve: 145.9634ms
Step: 1102.0916ms
====================================
Loop: 375
  Solve: 157.7216ms
Step: 1110.6550ms
====================================
Loop: 376
  Solve: 196.0024ms
Step: 1149.7540ms
====================================
Loop: 377
  Solve: 145.4980ms
Step: 1091.0399ms
====================================
Loop: 378
  Solve: 146.9693ms
Step: 1143.8473ms
====================================
Loop: 379
  Solve: 143.9788ms
Step: 1083.1799ms
====================================
Loop: 380
  Solve: 157.3659ms
Step: 1138.7029ms
====================================
Loop: 381
  Solve: 146.6432ms
Step: 1075.6449ms
====================================
Loop: 382
  Solve: 141.5673ms
Step: 1061.9457ms
====================================
Loop: 383
  Solve: 138.4809ms
Step: 1062.5619ms
====================================
Loop: 384
  Solve: 141.0414ms
Step: 1064.2455ms
====================================
Loop: 385
  Solve: 140.7411ms
Step: 1058.8702ms
====================================
Loop: 386
  Solve: 150.0161ms
Step: 1065.3594ms
====================================
Loop: 387
  Solve: 145.5399ms
Step: 1116.9740ms
====================================
Loop: 388
  Solve: 140.2511ms
Step: 1072.3054ms
====================================
Loop: 389
  Solve: 139.3950ms
Step: 1054.8342ms
====================================
Loop: 390
  Solve: 135.3143ms
Step: 1049.7018ms
====================================
Loop: 391
  Solve: 136.5623ms
Step: 1033.8379ms
====================================
Loop: 392
  Solve: 135.7869ms
Step: 1030.1216ms
====================================
Loop: 393
  Solve: 132.9692ms
Step: 1016.1575ms
====================================
Loop: 394
  Solve: 134.3864ms
Step: 1017.7441ms
====================================
Loop: 395
  Solve: 134.6106ms
Step: 1014.3095ms
====================================
Loop: 396
  Solve: 132.5019ms
Step: 1018.0341ms
====================================
Loop: 397
  Solve: 134.1261ms
Step: 1010.9674ms
====================================
Loop: 398
  Solve: 132.7888ms
Step: 1017.7784ms
====================================
Loop: 399
  Solve: 133.2343ms
Step: 1009.1516ms
====================================
Loop: 400
  Solve: 133.3825ms
Step: 1005.8783ms
====================================
Loop: 401
  Solve: 132.9489ms
Step: 1005.7670ms
====================================
Loop: 402
  Solve: 130.9725ms
Step: 997.6935ms
====================================
Loop: 403
  Solve: 132.3092ms
Step: 996.6465ms
====================================
Loop: 404
  Solve: 133.3139ms
Step: 1001.0591ms
====================================
Loop: 405
  Solve: 132.4033ms
Step: 991.0300ms
====================================
Loop: 406
  Solve: 133.1569ms
Step: 993.2547ms
====================================
Loop: 407
  Solve: 133.9120ms
Step: 978.8489ms
====================================
Loop: 408
  Solve: 133.2945ms
Step: 974.4899ms
====================================
Loop: 409
  Solve: 133.2969ms
Step: 972.5501ms
====================================
Loop: 410
  Solve: 132.4647ms
Step: 966.3685ms
====================================
Loop: 411
  Solve: 128.7909ms
Step: 968.2677ms
====================================
Loop: 412
  Solve: 129.8505ms
Step: 964.1071ms
====================================
Loop: 413
  Solve: 131.7436ms
Step: 987.7297ms
====================================
Loop: 414
  Solve: 127.9763ms
Step: 953.5573ms
====================================
Loop: 415
  Solve: 137.9861ms
Step: 966.8813ms
====================================
Loop: 416
  Solve: 133.6622ms
Step: 967.1347ms
====================================
Loop: 417
  Solve: 131.1501ms
Step: 951.4075ms
====================================
Loop: 418
  Solve: 127.7095ms
Step: 948.6653ms
====================================
Loop: 419
  Solve: 132.1674ms
Step: 955.5364ms
====================================
Loop: 420
  Solve: 135.5650ms
Step: 952.5246ms
====================================
Loop: 421
  Solve: 129.4719ms
Step: 943.5237ms
====================================
Loop: 422
  Solve: 127.7050ms
Step: 934.1763ms
====================================
Loop: 423
  Solve: 125.4638ms
Step: 936.5763ms
====================================
Loop: 424
  Solve: 132.3804ms
Step: 930.8552ms
====================================
Loop: 425
  Solve: 128.7355ms
Step: 938.4781ms
====================================
Loop: 426
  Solve: 131.7497ms
Step: 978.0798ms
====================================
Loop: 427
  Solve: 124.5362ms
Step: 969.5898ms
====================================
Loop: 428
  Solve: 123.0127ms
Step: 926.6334ms
====================================
Loop: 429
  Solve: 166.7366ms
Step: 976.2932ms
====================================
Loop: 430
  Solve: 126.5743ms
Step: 912.5826ms
====================================
Loop: 431
  Solve: 121.6577ms
Step: 900.3642ms
====================================
Loop: 432
  Solve: 129.9746ms
Step: 918.1766ms
====================================
Loop: 433
  Solve: 128.0253ms
Step: 909.6587ms
====================================
Loop: 434
  Solve: 125.8328ms
Step: 908.4333ms
====================================
Loop: 435
  Solve: 133.8564ms
Step: 908.1367ms
====================================
Loop: 436
  Solve: 125.9217ms
Step: 898.5618ms
====================================
Loop: 437
  Solve: 125.5922ms
Step: 897.6843ms
====================================
Loop: 438
  Solve: 124.8199ms
Step: 898.1151ms
====================================
Loop: 439
  Solve: 148.2793ms
Step: 968.9557ms
====================================
Loop: 440
  Solve: 121.9583ms
Step: 887.2031ms
====================================
Loop: 441
  Solve: 124.1173ms
Step: 890.3365ms
====================================
Loop: 442
  Solve: 122.1508ms
Step: 887.3338ms
====================================
Loop: 443
  Solve: 120.4591ms
Step: 877.1921ms
====================================
Loop: 444
  Solve: 121.3885ms
Step: 886.9918ms
====================================
Loop: 445
  Solve: 131.7639ms
Step: 887.3508ms
====================================
Loop: 446
  Solve: 118.2971ms
Step: 885.2568ms
====================================
Loop: 447
  Solve: 123.9375ms
Step: 884.1720ms
====================================
Loop: 448
  Solve: 122.9182ms
Step: 893.4301ms
====================================
Loop: 449
  Solve: 123.3612ms
Step: 886.8151ms
====================================
Loop: 450
  Solve: 120.7169ms
Step: 885.1234ms
====================================
Loop: 451
  Solve: 128.7327ms
Step: 881.4449ms
====================================
Loop: 452
  Solve: 116.3851ms
Step: 873.2904ms
====================================
Loop: 453
  Solve: 140.6081ms
Step: 891.6891ms
====================================
Loop: 454
  Solve: 131.9288ms
Step: 940.3798ms
====================================
Loop: 455
  Solve: 120.0730ms
Step: 871.0212ms
====================================
Loop: 456
  Solve: 123.3468ms
Step: 874.1083ms
====================================
Loop: 457
  Solve: 123.7022ms
Step: 914.6671ms
====================================
Loop: 458
  Solve: 121.8731ms
Step: 864.7692ms
====================================
Loop: 459
  Solve: 120.2916ms
Step: 855.5571ms
====================================
Loop: 460
  Solve: 123.3482ms
Step: 865.5246ms
====================================
Loop: 461
  Solve: 119.0483ms
Step: 854.6506ms
====================================
Loop: 462
  Solve: 122.6261ms
Step: 844.2426ms
====================================
Loop: 463
  Solve: 129.0744ms
Step: 857.8734ms
====================================
Loop: 464
  Solve: 121.5499ms
Step: 849.2211ms
====================================
Loop: 465
  Solve: 121.4356ms
Step: 844.4494ms
====================================
Loop: 466
  Solve: 126.5430ms
Step: 852.6667ms
====================================
Loop: 467
  Solve: 124.1861ms
Step: 853.0204ms
====================================
Loop: 468
  Solve: 123.7415ms
Step: 843.5591ms
====================================
Loop: 469
  Solve: 119.5983ms
Step: 836.6595ms
====================================
Loop: 470
  Solve: 126.8284ms
Step: 844.4578ms
====================================
Loop: 471
  Solve: 122.8739ms
Step: 845.1581ms
====================================
Loop: 472
  Solve: 122.4190ms
Step: 840.5430ms
====================================
Loop: 473
  Solve: 124.0744ms
Step: 849.2199ms
====================================
Loop: 474
  Solve: 125.2566ms
Step: 838.7219ms
====================================
Loop: 475
  Solve: 121.3071ms
Step: 830.3569ms
====================================
Loop: 476
  Solve: 124.6538ms
Step: 829.3514ms
====================================
Loop: 477
  Solve: 121.8741ms
Step: 828.5944ms
====================================
Loop: 478
  Solve: 122.4260ms
Step: 830.7230ms
====================================
Loop: 479
  Solve: 124.7868ms
Step: 833.8110ms
====================================
Loop: 480
  Solve: 120.8087ms
Step: 827.5151ms
====================================
Loop: 481
  Solve: 122.2554ms
Step: 818.6877ms
====================================
Loop: 482
  Solve: 125.6186ms
Step: 818.0181ms
====================================
Loop: 483
  Solve: 120.9429ms
Step: 818.4229ms
====================================
Loop: 484
  Solve: 123.0557ms
Step: 822.9066ms
====================================
Loop: 485
  Solve: 123.0481ms
Step: 827.6329ms
====================================
Loop: 486
  Solve: 128.5054ms
Step: 822.1600ms
====================================
Loop: 487
  Solve: 129.5614ms
Step: 828.5270ms
====================================
Loop: 488
  Solve: 121.1676ms
Step: 817.2620ms
====================================
Loop: 489
  Solve: 120.5318ms
Step: 817.5534ms
====================================
Loop: 490
  Solve: 122.9469ms
Step: 819.0172ms
====================================
Loop: 491
  Solve: 120.3342ms
Step: 814.0867ms
====================================
Loop: 492
  Solve: 121.2120ms
Step: 810.9564ms
====================================
Loop: 493
  Solve: 127.7215ms
Step: 818.6402ms
====================================
Loop: 494
  Solve: 143.3951ms
Step: 834.2301ms
====================================
Loop: 495
  Solve: 121.4471ms
Step: 811.2910ms
====================================
Loop: 496
  Solve: 121.8903ms
Step: 818.7667ms
====================================
Loop: 497
  Solve: 126.9810ms
Step: 807.8224ms
====================================
Loop: 498
  Solve: 122.0633ms
Step: 812.7238ms
====================================
Loop: 499
  Solve: 118.9522ms
Step: 846.0981ms
====================================
Loop: 500
  Solve: 120.7671ms
Step: 805.7167ms
====================================
