Using platform vendor: NVIDIA Corporation
Loop: 0
  Solve: 0.0007ms
Step: 609.6917ms
====================================
Loop: 1
  Solve: 0.0011ms
Step: 296.2300ms
====================================
Loop: 2
  Solve: 0.0012ms
Step: 294.9599ms
====================================
Loop: 3
  Solve: 0.0014ms
Step: 299.4783ms
====================================
Loop: 4
  Solve: 0.0013ms
Step: 294.4119ms
====================================
Loop: 5
  Solve: 0.0011ms
Step: 298.7870ms
====================================
Loop: 6
  Solve: 0.0016ms
Step: 299.2571ms
====================================
Loop: 7
  Solve: 0.0011ms
Step: 299.8220ms
====================================
Loop: 8
  Solve: 0.0008ms
Step: 298.7765ms
====================================
Loop: 9
  Solve: 0.0014ms
Step: 293.1509ms
====================================
Loop: 10
  Solve: 0.0015ms
Step: 302.4027ms
====================================
Loop: 11
  Solve: 0.0012ms
Step: 295.7640ms
====================================
Loop: 12
  Solve: 0.0012ms
Step: 294.9416ms
====================================
Loop: 13
  Solve: 0.0012ms
Step: 303.9612ms
====================================
Loop: 14
  Solve: 0.0011ms
Step: 292.4233ms
====================================
Loop: 15
  Solve: 0.0012ms
Step: 298.1488ms
====================================
Loop: 16
  Solve: 0.0012ms
Step: 297.2028ms
====================================
Loop: 17
  Solve: 0.0016ms
Step: 297.3471ms
====================================
Loop: 18
  Solve: 0.0013ms
Step: 705.4860ms
====================================
Loop: 19
  Solve: 0.0012ms
Step: 301.9538ms
====================================
Loop: 20
  Solve: 0.0012ms
Step: 297.4881ms
====================================
Loop: 21
  Solve: 0.0013ms
Step: 293.3841ms
====================================
Loop: 22
  Solve: 0.0012ms
Step: 299.3943ms
====================================
Loop: 23
  Solve: 0.0015ms
Step: 297.4988ms
====================================
Loop: 24
  Solve: 0.0015ms
Step: 294.1855ms
====================================
Loop: 25
  Solve: 0.0013ms
Step: 300.6964ms
====================================
Loop: 26
  Solve: 0.0012ms
Step: 702.7382ms
====================================
Loop: 27
  Solve: 0.0012ms
Step: 300.7061ms
====================================
Loop: 28
  Solve: 0.0011ms
Step: 293.9743ms
====================================
Loop: 29
  Solve: 0.0012ms
Step: 300.6489ms
====================================
Loop: 30
  Solve: 0.0008ms
Step: 297.0639ms
====================================
Loop: 31
  Solve: 0.0013ms
Step: 299.9768ms
====================================
Loop: 32
  Solve: 0.0011ms
Step: 294.6482ms
====================================
Loop: 33
  Solve: 0.0014ms
Step: 700.0660ms
====================================
Loop: 34
  Solve: 0.0012ms
Step: 296.0280ms
====================================
Loop: 35
  Solve: 0.0012ms
Step: 293.6118ms
====================================
Loop: 36
  Solve: 0.0018ms
Step: 299.7700ms
====================================
Loop: 37
  Solve: 0.0014ms
Step: 297.1194ms
====================================
Loop: 38
  Solve: 0.0013ms
Step: 706.2552ms
====================================
Loop: 39
  Solve: 0.0012ms
Step: 294.2072ms
====================================
Loop: 40
  Solve: 0.0013ms
Step: 298.7090ms
====================================
Loop: 41
  Solve: 0.0008ms
Step: 300.1990ms
====================================
Loop: 42
  Solve: 0.0012ms
Step: 293.9493ms
====================================
Loop: 43
  Solve: 0.0011ms
Step: 703.0874ms
====================================
Loop: 44
  Solve: 0.0015ms
Step: 296.1869ms
====================================
Loop: 45
  Solve: 0.0013ms
Step: 300.9590ms
====================================
Loop: 46
  Solve: 0.0011ms
Step: 297.5371ms
====================================
Loop: 47
  Solve: 0.0015ms
Step: 704.0784ms
====================================
Loop: 48
  Solve: 0.0012ms
Step: 293.7215ms
====================================
Loop: 49
  Solve: 0.0012ms
Step: 304.7069ms
====================================
Loop: 50
  Solve: 0.0011ms
Step: 295.6752ms
====================================
Loop: 51
  Solve: 0.0009ms
Step: 709.5982ms
====================================
Loop: 52
  Solve: 0.0013ms
Step: 296.7946ms
====================================
Loop: 53
  Solve: 0.0010ms
Step: 293.6628ms
====================================
Loop: 54
  Solve: 5.7220ms
Step: 307.4540ms
====================================
Loop: 55
  Solve: 10.1987ms
Step: 704.4318ms
====================================
Loop: 56
  Solve: 12.5494ms
Step: 319.8723ms
====================================
Loop: 57
  Solve: 15.2886ms
Step: 317.9976ms
====================================
Loop: 58
  Solve: 17.8181ms
Step: 320.0175ms
====================================
Loop: 59
  Solve: 20.5564ms
Step: 703.1357ms
====================================
Loop: 60
  Solve: 24.0939ms
Step: 331.0878ms
====================================
Loop: 61
  Solve: 25.8282ms
Step: 338.1268ms
====================================
Loop: 62
  Solve: 32.3124ms
Step: 695.7701ms
====================================
Loop: 63
  Solve: 38.2403ms
Step: 357.1090ms
====================================
Loop: 64
  Solve: 39.5077ms
Step: 356.1254ms
====================================
Loop: 65
  Solve: 42.7717ms
Step: 703.7935ms
====================================
Loop: 66
  Solve: 44.6182ms
Step: 366.3721ms
====================================
Loop: 67
  Solve: 51.9886ms
Step: 375.5813ms
====================================
Loop: 68
  Solve: 54.8388ms
Step: 707.5985ms
====================================
Loop: 69
  Solve: 58.8047ms
Step: 391.0244ms
====================================
Loop: 70
  Solve: 65.7616ms
Step: 394.6447ms
====================================
Loop: 71
  Solve: 69.5097ms
Step: 713.8010ms
====================================
Loop: 72
  Solve: 69.9438ms
Step: 405.1321ms
====================================
Loop: 73
  Solve: 76.8275ms
Step: 415.2728ms
====================================
Loop: 74
  Solve: 78.4665ms
Step: 717.0797ms
====================================
Loop: 75
  Solve: 82.0962ms
Step: 430.6620ms
====================================
Loop: 76
  Solve: 87.3134ms
Step: 440.3107ms
====================================
Loop: 77
  Solve: 107.7450ms
Step: 745.4440ms
====================================
Loop: 78
  Solve: 114.1733ms
Step: 480.5757ms
====================================
Loop: 79
  Solve: 118.3680ms
Step: 491.0639ms
====================================
Loop: 80
  Solve: 125.9316ms
Step: 771.4799ms
====================================
Loop: 81
  Solve: 136.2471ms
Step: 513.5342ms
====================================
Loop: 82
  Solve: 142.5443ms
Step: 521.8082ms
====================================
Loop: 83
  Solve: 145.4757ms
Step: 779.7722ms
====================================
Loop: 84
  Solve: 153.6080ms
Step: 547.6755ms
====================================
Loop: 85
  Solve: 154.2779ms
Step: 549.1539ms
====================================
Loop: 86
  Solve: 163.2309ms
Step: 801.0287ms
====================================
Loop: 87
  Solve: 167.7124ms
Step: 577.3658ms
====================================
Loop: 88
  Solve: 177.6257ms
Step: 590.1788ms
====================================
Loop: 89
  Solve: 184.9548ms
Step: 833.3546ms
====================================
Loop: 90
  Solve: 189.1315ms
Step: 617.7734ms
====================================
Loop: 91
  Solve: 197.8549ms
Step: 625.6306ms
====================================
Loop: 92
  Solve: 205.6949ms
Step: 850.5848ms
====================================
Loop: 93
  Solve: 213.9489ms
Step: 662.9685ms
====================================
Loop: 94
  Solve: 218.1768ms
Step: 867.8566ms
====================================
Loop: 95
  Solve: 226.7350ms
Step: 688.8560ms
====================================
Loop: 96
  Solve: 219.5872ms
Step: 882.4041ms
====================================
Loop: 97
  Solve: 232.9735ms
Step: 715.5368ms
====================================
Loop: 98
  Solve: 236.8684ms
Step: 915.5839ms
====================================
Loop: 99
  Solve: 241.3866ms
Step: 748.2595ms
====================================
Loop: 100
  Solve: 252.6414ms
Step: 937.3291ms
====================================
Loop: 101
  Solve: 255.8395ms
Step: 789.4191ms
====================================
Loop: 102
  Solve: 257.1769ms
Step: 970.5835ms
====================================
Loop: 103
  Solve: 266.4008ms
Step: 826.5291ms
====================================
Loop: 104
  Solve: 273.0747ms
Step: 997.3888ms
====================================
Loop: 105
  Solve: 278.2279ms
Step: 863.7150ms
====================================
Loop: 106
  Solve: 287.4191ms
Step: 1027.6960ms
====================================
Loop: 107
  Solve: 294.0931ms
Step: 912.5114ms
====================================
Loop: 108
  Solve: 297.4430ms
Step: 1061.2194ms
====================================
Loop: 109
  Solve: 298.0956ms
Step: 948.3085ms
====================================
Loop: 110
  Solve: 330.3900ms
Step: 1117.8164ms
====================================
Loop: 111
  Solve: 311.8961ms
Step: 999.9686ms
====================================
Loop: 112
  Solve: 311.7068ms
Step: 1124.3774ms
====================================
Loop: 113
  Solve: 314.3981ms
Step: 1046.1688ms
====================================
Loop: 114
  Solve: 317.6069ms
Step: 1163.2321ms
====================================
Loop: 115
  Solve: 332.6235ms
Step: 1099.6644ms
====================================
Loop: 116
  Solve: 330.4836ms
Step: 1212.3553ms
====================================
Loop: 117
  Solve: 325.0014ms
Step: 1140.8430ms
====================================
Loop: 118
  Solve: 335.5621ms
Step: 1244.0112ms
====================================
Loop: 119
  Solve: 335.7783ms
Step: 1205.5868ms
====================================
Loop: 120
  Solve: 348.0219ms
Step: 1307.1570ms
====================================
Loop: 121
  Solve: 344.1353ms
Step: 1263.8569ms
====================================
Loop: 122
  Solve: 352.1788ms
Step: 1362.1575ms
====================================
Loop: 123
  Solve: 363.5236ms
Step: 1330.5530ms
====================================
Loop: 124
  Solve: 356.9917ms
Step: 1409.9426ms
====================================
Loop: 125
  Solve: 366.5934ms
Step: 1393.1276ms
====================================
Loop: 126
  Solve: 376.1277ms
Step: 1460.2880ms
====================================
Loop: 127
  Solve: 375.6345ms
Step: 1458.1722ms
====================================
Loop: 128
  Solve: 379.5831ms
Step: 1510.0220ms
====================================
Loop: 129
  Solve: 379.4946ms
Step: 1520.8060ms
====================================
Loop: 130
  Solve: 383.1518ms
Step: 1551.9580ms
====================================
Loop: 131
  Solve: 384.4699ms
Step: 1553.7742ms
====================================
Loop: 132
  Solve: 379.7644ms
Step: 1571.7789ms
====================================
Loop: 133
  Solve: 379.6666ms
Step: 1622.2402ms
====================================
Loop: 134
  Solve: 369.5954ms
Step: 1594.4319ms
====================================
Loop: 135
  Solve: 370.4407ms
Step: 1631.5590ms
====================================
Loop: 136
  Solve: 363.0747ms
Step: 1586.2893ms
====================================
Loop: 137
  Solve: 358.4617ms
Step: 1569.2163ms
====================================
Loop: 138
  Solve: 346.9528ms
Step: 1560.9669ms
====================================
Loop: 139
  Solve: 341.7415ms
Step: 1552.3115ms
====================================
Loop: 140
  Solve: 334.1071ms
Step: 1548.7222ms
====================================
Loop: 141
  Solve: 329.3529ms
Step: 1544.0908ms
====================================
Loop: 142
  Solve: 330.5693ms
Step: 1550.9431ms
====================================
Loop: 143
  Solve: 321.2824ms
Step: 1546.4945ms
====================================
Loop: 144
  Solve: 316.8281ms
Step: 1541.3870ms
====================================
Loop: 145
  Solve: 309.5924ms
Step: 1538.5594ms
====================================
Loop: 146
  Solve: 306.1128ms
Step: 1527.5481ms
====================================
Loop: 147
  Solve: 303.0456ms
Step: 1534.6309ms
====================================
Loop: 148
  Solve: 298.0735ms
Step: 1524.1372ms
====================================
Loop: 149
  Solve: 298.2858ms
Step: 1525.3489ms
====================================
Loop: 150
  Solve: 299.2348ms
Step: 1520.0037ms
====================================
Loop: 151
  Solve: 291.2653ms
Step: 1524.8766ms
====================================
Loop: 152
  Solve: 289.1193ms
Step: 1516.1427ms
====================================
Loop: 153
  Solve: 287.3643ms
Step: 1523.1738ms
====================================
Loop: 154
  Solve: 282.7562ms
Step: 1522.6074ms
====================================
Loop: 155
  Solve: 280.0664ms
Step: 1514.2263ms
====================================
Loop: 156
  Solve: 277.3715ms
Step: 1509.7059ms
====================================
Loop: 157
  Solve: 273.7835ms
Step: 1512.7166ms
====================================
Loop: 158
  Solve: 268.1922ms
Step: 1502.3705ms
====================================
Loop: 159
  Solve: 262.9192ms
Step: 1512.2690ms
====================================
Loop: 160
  Solve: 260.8191ms
Step: 1501.0881ms
====================================
Loop: 161
  Solve: 255.3603ms
Step: 1499.1294ms
====================================
Loop: 162
  Solve: 252.4490ms
Step: 1491.1584ms
====================================
Loop: 163
  Solve: 248.5844ms
Step: 1500.8792ms
====================================
Loop: 164
  Solve: 242.8142ms
Step: 1485.6492ms
====================================
Loop: 165
  Solve: 237.2572ms
Step: 1485.2258ms
====================================
Loop: 166
  Solve: 232.3362ms
Step: 1480.5503ms
====================================
Loop: 167
  Solve: 228.5696ms
Step: 1492.4166ms
====================================
Loop: 168
  Solve: 224.0926ms
Step: 1462.0210ms
====================================
Loop: 169
  Solve: 220.8280ms
Step: 1473.7051ms
====================================
Loop: 170
  Solve: 218.8549ms
Step: 1468.5532ms
====================================
Loop: 171
  Solve: 215.8992ms
Step: 1468.5212ms
====================================
Loop: 172
  Solve: 213.3472ms
Step: 1450.7626ms
====================================
Loop: 173
  Solve: 207.9313ms
Step: 1450.5593ms
====================================
Loop: 174
  Solve: 204.5805ms
Step: 1436.2742ms
====================================
Loop: 175
  Solve: 200.2118ms
Step: 1439.2954ms
====================================
Loop: 176
  Solve: 199.5972ms
Step: 1433.2310ms
====================================
Loop: 177
  Solve: 197.1509ms
Step: 1426.7267ms
====================================
Loop: 178
  Solve: 195.6815ms
Step: 1429.7761ms
====================================
Loop: 179
  Solve: 197.0656ms
Step: 1436.6626ms
====================================
Loop: 180
  Solve: 188.9694ms
Step: 1418.6243ms
====================================
Loop: 181
  Solve: 192.1497ms
Step: 1412.3420ms
====================================
Loop: 182
  Solve: 189.4199ms
Step: 1414.8986ms
====================================
Loop: 183
  Solve: 186.7398ms
Step: 1404.3333ms
====================================
Loop: 184
  Solve: 190.1015ms
Step: 1402.8857ms
====================================
Loop: 185
  Solve: 185.7678ms
Step: 1407.8651ms
====================================
Loop: 186
  Solve: 186.2529ms
Step: 1429.4083ms
====================================
Loop: 187
  Solve: 185.5452ms
Step: 1397.6477ms
====================================
Loop: 188
  Solve: 185.4904ms
Step: 1394.8867ms
====================================
Loop: 189
  Solve: 185.4875ms
Step: 1399.5266ms
====================================
Loop: 190
  Solve: 186.7192ms
Step: 1455.3441ms
====================================
Loop: 191
  Solve: 187.8696ms
Step: 1377.8734ms
====================================
Loop: 192
  Solve: 187.6288ms
Step: 1390.3474ms
====================================
Loop: 193
  Solve: 189.5491ms
Step: 1383.7792ms
====================================
Loop: 194
  Solve: 191.1971ms
Step: 1389.5497ms
====================================
Loop: 195
  Solve: 191.2805ms
Step: 1390.9799ms
====================================
Loop: 196
  Solve: 194.7436ms
Step: 1382.9580ms
====================================
Loop: 197
  Solve: 193.8183ms
Step: 1388.9095ms
====================================
Loop: 198
  Solve: 195.9327ms
Step: 1392.8230ms
====================================
Loop: 199
  Solve: 200.6275ms
Step: 1387.8789ms
====================================
Loop: 200
  Solve: 199.4560ms
Step: 1388.7034ms
====================================
Loop: 201
  Solve: 199.9660ms
Step: 1382.5542ms
====================================
Loop: 202
  Solve: 198.3619ms
Step: 1387.1802ms
====================================
Loop: 203
  Solve: 202.1554ms
Step: 1389.8268ms
====================================
Loop: 204
  Solve: 203.8699ms
Step: 1385.4570ms
====================================
Loop: 205
  Solve: 205.3654ms
Step: 1395.4503ms
====================================
Loop: 206
  Solve: 206.6885ms
Step: 1390.4183ms
====================================
Loop: 207
  Solve: 205.7490ms
Step: 1400.1218ms
====================================
Loop: 208
  Solve: 209.2113ms
Step: 1408.8674ms
====================================
Loop: 209
  Solve: 209.5830ms
Step: 1387.7576ms
====================================
Loop: 210
  Solve: 207.9783ms
Step: 1396.2393ms
====================================
Loop: 211
  Solve: 208.9529ms
Step: 1391.0480ms
====================================
Loop: 212
  Solve: 204.6489ms
Step: 1384.8757ms
====================================
Loop: 213
  Solve: 204.1129ms
Step: 1386.7783ms
====================================
Loop: 214
  Solve: 206.2264ms
Step: 1386.3647ms
====================================
Loop: 215
  Solve: 204.0959ms
Step: 1403.9436ms
====================================
Loop: 216
  Solve: 203.7423ms
Step: 1388.0134ms
====================================
Loop: 217
  Solve: 202.7764ms
Step: 1381.8865ms
====================================
Loop: 218
  Solve: 199.7546ms
Step: 1387.0186ms
====================================
Loop: 219
  Solve: 197.8722ms
Step: 1378.4136ms
====================================
Loop: 220
  Solve: 198.1290ms
Step: 1377.1704ms
====================================
Loop: 221
  Solve: 200.9898ms
Step: 1441.4873ms
====================================
Loop: 222
  Solve: 202.8008ms
Step: 1371.8387ms
====================================
Loop: 223
  Solve: 197.2998ms
Step: 1371.3904ms
====================================
Loop: 224
  Solve: 198.0840ms
Step: 1361.4951ms
====================================
Loop: 225
  Solve: 198.4032ms
Step: 1378.6212ms
====================================
Loop: 226
  Solve: 197.5848ms
Step: 1365.5947ms
====================================
Loop: 227
  Solve: 200.9501ms
Step: 1367.6907ms
====================================
Loop: 228
  Solve: 208.4486ms
Step: 1471.6909ms
====================================
Loop: 229
  Solve: 204.0569ms
Step: 1398.0959ms
====================================
Loop: 230
  Solve: 201.6714ms
Step: 1391.0132ms
====================================
Loop: 231
  Solve: 206.2047ms
Step: 1415.0216ms
====================================
Loop: 232
  Solve: 204.4340ms
Step: 1402.5571ms
====================================
Loop: 233
  Solve: 208.3107ms
Step: 1419.3914ms
====================================
Loop: 234
  Solve: 204.6049ms
Step: 1384.7133ms
====================================
Loop: 235
  Solve: 204.2598ms
Step: 1384.0963ms
====================================
Loop: 236
  Solve: 204.4776ms
Step: 1388.1321ms
====================================
Loop: 237
  Solve: 206.7961ms
Step: 1386.1696ms
====================================
Loop: 238
  Solve: 203.5599ms
Step: 1393.7095ms
====================================
Loop: 239
  Solve: 207.4909ms
Step: 1426.3296ms
====================================
Loop: 240
  Solve: 207.5908ms
Step: 1387.2806ms
====================================
Loop: 241
  Solve: 208.1815ms
Step: 1402.0187ms
====================================
Loop: 242
  Solve: 208.2893ms
Step: 1391.2161ms
====================================
Loop: 243
  Solve: 205.1140ms
Step: 1396.1516ms
====================================
Loop: 244
  Solve: 211.3119ms
Step: 1405.1478ms
====================================
Loop: 245
  Solve: 213.7253ms
Step: 1403.6528ms
====================================
Loop: 246
  Solve: 212.6529ms
Step: 1420.4282ms
====================================
Loop: 247
  Solve: 216.0756ms
Step: 1432.9160ms
====================================
Loop: 248
  Solve: 213.7787ms
Step: 1431.4609ms
====================================
Loop: 249
  Solve: 212.4392ms
Step: 1431.3263ms
====================================
Loop: 250
  Solve: 264.1512ms
Step: 1500.3374ms
====================================
Loop: 251
  Solve: 216.8950ms
Step: 1436.3147ms
====================================
Loop: 252
  Solve: 216.1007ms
Step: 1492.8141ms
====================================
Loop: 253
  Solve: 217.9092ms
Step: 1441.1632ms
====================================
Loop: 254
  Solve: 219.8754ms
Step: 1426.0842ms
====================================
Loop: 255
  Solve: 217.9143ms
Step: 1422.9587ms
====================================
Loop: 256
  Solve: 222.3877ms
Step: 1426.1338ms
====================================
Loop: 257
  Solve: 218.0568ms
Step: 1441.2556ms
====================================
Loop: 258
  Solve: 219.3935ms
Step: 1437.6870ms
====================================
Loop: 259
  Solve: 218.4839ms
Step: 1451.3887ms
====================================
Loop: 260
  Solve: 221.2437ms
Step: 1430.9556ms
====================================
Loop: 261
  Solve: 216.9682ms
Step: 1429.8545ms
====================================
Loop: 262
  Solve: 216.3067ms
Step: 1425.0659ms
====================================
Loop: 263
  Solve: 222.2517ms
Step: 1436.5771ms
====================================
Loop: 264
  Solve: 218.3365ms
Step: 1432.4860ms
====================================
Loop: 265
  Solve: 220.2478ms
Step: 1439.0892ms
====================================
Loop: 266
  Solve: 220.6419ms
Step: 1453.1890ms
====================================
Loop: 267
  Solve: 219.3986ms
Step: 1449.8169ms
====================================
Loop: 268
  Solve: 222.4702ms
Step: 1449.1261ms
====================================
Loop: 269
  Solve: 224.1161ms
Step: 1456.6052ms
====================================
Loop: 270
  Solve: 218.9099ms
Step: 1436.2860ms
====================================
Loop: 271
  Solve: 224.4688ms
Step: 1454.3658ms
====================================
Loop: 272
  Solve: 228.6843ms
Step: 1463.5413ms
====================================
Loop: 273
  Solve: 252.7493ms
Step: 1642.9844ms
====================================
Loop: 274
  Solve: 234.4723ms
Step: 1629.5625ms
====================================
Loop: 275
  Solve: 224.1525ms
Step: 1533.4545ms
====================================
Loop: 276
  Solve: 231.0651ms
Step: 1477.9448ms
====================================
Loop: 277
  Solve: 254.4820ms
Step: 1492.3335ms
====================================
Loop: 278
  Solve: 228.5620ms
Step: 1475.3599ms
====================================
Loop: 279
  Solve: 227.5510ms
Step: 1457.2249ms
====================================
Loop: 280
  Solve: 227.2661ms
Step: 1450.9590ms
====================================
Loop: 281
  Solve: 223.3369ms
Step: 1444.9027ms
====================================
Loop: 282
  Solve: 224.5522ms
Step: 1455.8328ms
====================================
Loop: 283
  Solve: 227.2428ms
Step: 1462.7026ms
====================================
Loop: 284
  Solve: 222.7517ms
Step: 1452.8958ms
====================================
Loop: 285
  Solve: 225.7570ms
Step: 1457.4462ms
====================================
Loop: 286
  Solve: 228.4526ms
Step: 1458.6198ms
====================================
Loop: 287
  Solve: 223.1596ms
Step: 1500.6857ms
====================================
Loop: 288
  Solve: 225.3070ms
Step: 1452.6139ms
====================================
Loop: 289
  Solve: 222.2817ms
Step: 1457.6500ms
====================================
Loop: 290
  Solve: 223.7467ms
Step: 1428.5579ms
====================================
Loop: 291
  Solve: 219.5526ms
Step: 1424.4730ms
====================================
Loop: 292
  Solve: 227.8882ms
Step: 1436.4955ms
====================================
Loop: 293
  Solve: 223.8568ms
Step: 1443.8607ms
====================================
Loop: 294
  Solve: 222.7885ms
Step: 1451.1980ms
====================================
Loop: 295
  Solve: 221.8727ms
Step: 1455.1689ms
====================================
Loop: 296
  Solve: 222.6646ms
Step: 1460.6554ms
====================================
Loop: 297
  Solve: 223.0408ms
Step: 1454.4022ms
====================================
Loop: 298
  Solve: 218.9263ms
Step: 1446.5270ms
====================================
Loop: 299
  Solve: 225.4936ms
Step: 1443.9023ms
====================================
Loop: 300
  Solve: 224.1664ms
Step: 1430.4622ms
====================================
Loop: 301
  Solve: 229.7965ms
Step: 1450.7988ms
====================================
Loop: 302
  Solve: 224.6352ms
Step: 1437.4818ms
====================================
Loop: 303
  Solve: 221.6508ms
Step: 1439.6993ms
====================================
Loop: 304
  Solve: 225.7145ms
Step: 1444.1575ms
====================================
Loop: 305
  Solve: 221.3288ms
Step: 1456.3289ms
====================================
Loop: 306
  Solve: 223.6944ms
Step: 1436.4432ms
====================================
Loop: 307
  Solve: 224.8287ms
Step: 1455.0846ms
====================================
Loop: 308
  Solve: 222.5038ms
Step: 1501.1609ms
====================================
Loop: 309
  Solve: 221.9238ms
Step: 1435.9574ms
====================================
Loop: 310
  Solve: 224.6006ms
Step: 1439.5146ms
====================================
Loop: 311
  Solve: 235.3776ms
Step: 1440.6594ms
====================================
Loop: 312
  Solve: 223.0133ms
Step: 1422.8950ms
====================================
Loop: 313
  Solve: 222.3074ms
Step: 1436.0321ms
====================================
Loop: 314
  Solve: 218.0129ms
Step: 1431.9570ms
====================================
Loop: 315
  Solve: 218.1970ms
Step: 1419.1239ms
====================================
Loop: 316
  Solve: 217.9013ms
Step: 1401.8242ms
====================================
Loop: 317
  Solve: 221.4368ms
Step: 1400.9434ms
====================================
Loop: 318
  Solve: 216.5039ms
Step: 1404.5898ms
====================================
Loop: 319
  Solve: 214.3217ms
Step: 1411.5516ms
====================================
Loop: 320
  Solve: 215.3619ms
Step: 1380.7111ms
====================================
Loop: 321
  Solve: 212.6616ms
Step: 1393.9209ms
====================================
Loop: 322
  Solve: 213.3322ms
Step: 1382.2773ms
====================================
Loop: 323
  Solve: 202.1226ms
Step: 1367.8541ms
====================================
Loop: 324
  Solve: 207.6946ms
Step: 1365.1274ms
====================================
Loop: 325
  Solve: 208.2161ms
Step: 1365.7405ms
====================================
Loop: 326
  Solve: 206.3547ms
Step: 1364.5186ms
====================================
Loop: 327
  Solve: 204.1369ms
Step: 1375.7443ms
====================================
Loop: 328
  Solve: 202.2876ms
Step: 1419.1741ms
====================================
Loop: 329
  Solve: 209.9232ms
Step: 1390.2076ms
====================================
Loop: 330
  Solve: 203.7042ms
Step: 1347.2109ms
====================================
Loop: 331
  Solve: 192.9351ms
Step: 1347.3003ms
====================================
Loop: 332
  Solve: 197.3773ms
Step: 1335.0374ms
====================================
Loop: 333
  Solve: 200.0863ms
Step: 1331.9529ms
====================================
Loop: 334
  Solve: 190.2655ms
Step: 1331.1162ms
====================================
Loop: 335
  Solve: 197.9315ms
Step: 1321.5922ms
====================================
Loop: 336
  Solve: 195.6265ms
Step: 1309.5359ms
====================================
Loop: 337
  Solve: 193.1488ms
Step: 1311.9058ms
====================================
Loop: 338
  Solve: 197.5594ms
Step: 1335.8457ms
====================================
Loop: 339
  Solve: 196.2001ms
Step: 1349.6517ms
====================================
Loop: 340
  Solve: 190.9001ms
Step: 1296.9481ms
====================================
Loop: 341
  Solve: 191.8130ms
Step: 1292.1189ms
====================================
Loop: 342
  Solve: 188.0825ms
Step: 1282.2958ms
====================================
Loop: 343
  Solve: 186.4802ms
Step: 1272.2249ms
====================================
Loop: 344
  Solve: 184.0838ms
Step: 1275.2695ms
====================================
Loop: 345
  Solve: 186.4914ms
Step: 1267.0295ms
====================================
Loop: 346
  Solve: 202.7171ms
Step: 1284.6520ms
====================================
Loop: 347
  Solve: 180.1799ms
Step: 1251.5000ms
====================================
Loop: 348
  Solve: 236.9644ms
Step: 1302.6803ms
====================================
Loop: 349
  Solve: 176.0030ms
Step: 1244.4596ms
====================================
Loop: 350
  Solve: 179.8933ms
Step: 1240.4602ms
====================================
Loop: 351
  Solve: 174.1735ms
Step: 1227.8643ms
====================================
Loop: 352
  Solve: 175.7235ms
Step: 1228.0543ms
====================================
Loop: 353
  Solve: 174.9918ms
Step: 1230.2820ms
====================================
Loop: 354
  Solve: 176.9107ms
Step: 1225.4745ms
====================================
Loop: 355
  Solve: 175.3449ms
Step: 1207.9006ms
====================================
Loop: 356
  Solve: 167.1891ms
Step: 1198.2610ms
====================================
Loop: 357
  Solve: 170.1389ms
Step: 1195.4305ms
====================================
Loop: 358
  Solve: 166.7791ms
Step: 1195.8624ms
====================================
Loop: 359
  Solve: 170.6063ms
Step: 1194.6348ms
====================================
Loop: 360
  Solve: 166.5780ms
Step: 1182.2043ms
====================================
Loop: 361
  Solve: 166.6241ms
Step: 1171.4667ms
====================================
Loop: 362
  Solve: 166.1899ms
Step: 1178.6838ms
====================================
Loop: 363
  Solve: 166.7834ms
Step: 1171.9177ms
====================================
Loop: 364
  Solve: 159.8740ms
Step: 1151.8940ms
====================================
Loop: 365
  Solve: 168.0995ms
Step: 1157.3353ms
====================================
Loop: 366
  Solve: 194.0027ms
Step: 1181.3021ms
====================================
Loop: 367
  Solve: 160.8695ms
Step: 1135.2816ms
====================================
Loop: 368
  Solve: 162.0358ms
Step: 1145.1012ms
====================================
Loop: 369
  Solve: 160.1397ms
Step: 1133.9712ms
====================================
Loop: 370
  Solve: 197.4202ms
Step: 1177.1486ms
====================================
Loop: 371
  Solve: 160.8900ms
Step: 1165.5859ms
====================================
Loop: 372
  Solve: 161.8225ms
Step: 1117.3198ms
====================================
Loop: 373
  Solve: 158.6615ms
Step: 1116.4191ms
====================================
Loop: 374
  Solve: 161.1368ms
Step: 1108.7109ms
====================================
Loop: 375
  Solve: 155.0352ms
Step: 1103.5811ms
====================================
Loop: 376
  Solve: 157.8460ms
Step: 1113.8271ms
====================================
Loop: 377
  Solve: 155.9154ms
Step: 1096.4531ms
====================================
Loop: 378
  Solve: 155.8228ms
Step: 1099.2490ms
====================================
Loop: 379
  Solve: 150.8010ms
Step: 1139.5122ms
====================================
Loop: 380
  Solve: 153.9448ms
Step: 1080.8186ms
====================================
Loop: 381
  Solve: 156.0198ms
Step: 1076.0922ms
====================================
Loop: 382
  Solve: 151.4033ms
Step: 1070.6290ms
====================================
Loop: 383
  Solve: 146.0936ms
Step: 1106.2168ms
====================================
Loop: 384
  Solve: 146.6155ms
Step: 1048.4685ms
====================================
Loop: 385
  Solve: 153.4015ms
Step: 1087.8607ms
====================================
Loop: 386
  Solve: 148.0787ms
Step: 1061.3723ms
====================================
Loop: 387
  Solve: 150.8629ms
Step: 1068.1450ms
====================================
Loop: 388
  Solve: 151.1067ms
Step: 1061.5320ms
====================================
Loop: 389
  Solve: 151.6630ms
Step: 1051.6301ms
====================================
Loop: 390
  Solve: 148.6463ms
Step: 1050.2458ms
====================================
Loop: 391
  Solve: 149.8658ms
Step: 1042.0337ms
====================================
Loop: 392
  Solve: 149.0449ms
Step: 1044.1794ms
====================================
Loop: 393
  Solve: 150.2411ms
Step: 1041.0941ms
====================================
Loop: 394
  Solve: 150.0447ms
Step: 1036.0541ms
====================================
Loop: 395
  Solve: 149.9400ms
Step: 1032.0820ms
====================================
Loop: 396
  Solve: 149.9628ms
Step: 1026.2195ms
====================================
Loop: 397
  Solve: 148.4755ms
Step: 1028.4635ms
====================================
Loop: 398
  Solve: 149.2994ms
Step: 1016.5074ms
====================================
Loop: 399
  Solve: 147.9612ms
Step: 1015.7456ms
====================================
Loop: 400
  Solve: 145.5009ms
Step: 1007.4036ms
====================================
Loop: 401
  Solve: 147.4510ms
Step: 1004.2361ms
====================================
Loop: 402
  Solve: 145.5630ms
Step: 994.9099ms
====================================
Loop: 403
  Solve: 145.6035ms
Step: 998.2938ms
====================================
Loop: 404
  Solve: 142.9342ms
Step: 991.1588ms
====================================
Loop: 405
  Solve: 145.4446ms
Step: 993.0782ms
====================================
Loop: 406
  Solve: 143.3507ms
Step: 987.9541ms
====================================
Loop: 407
  Solve: 145.5130ms
Step: 988.4307ms
====================================
Loop: 408
  Solve: 146.5988ms
Step: 980.2272ms
====================================
Loop: 409
  Solve: 145.0510ms
Step: 977.2268ms
====================================
Loop: 410
  Solve: 144.0312ms
Step: 978.8835ms
====================================
Loop: 411
  Solve: 144.0629ms
Step: 983.2391ms
====================================
Loop: 412
  Solve: 141.8722ms
Step: 1021.1908ms
====================================
Loop: 413
  Solve: 142.8132ms
Step: 966.7555ms
====================================
Loop: 414
  Solve: 143.0353ms
Step: 966.5292ms
====================================
Loop: 415
  Solve: 140.2136ms
Step: 957.7504ms
====================================
Loop: 416
  Solve: 141.0976ms
Step: 963.7789ms
====================================
Loop: 417
  Solve: 140.9101ms
Step: 962.2738ms
====================================
Loop: 418
  Solve: 139.4968ms
Step: 955.2764ms
====================================
Loop: 419
  Solve: 138.3946ms
Step: 948.7968ms
====================================
Loop: 420
  Solve: 140.8774ms
Step: 949.8629ms
====================================
Loop: 421
  Solve: 137.5495ms
Step: 949.4514ms
====================================
Loop: 422
  Solve: 137.9250ms
Step: 936.5489ms
====================================
Loop: 423
  Solve: 139.0424ms
Step: 941.5339ms
====================================
Loop: 424
  Solve: 141.3596ms
Step: 933.8439ms
====================================
Loop: 425
  Solve: 139.0052ms
Step: 935.9706ms
====================================
Loop: 426
  Solve: 137.6600ms
Step: 930.1475ms
====================================
Loop: 427
  Solve: 140.1980ms
Step: 922.0043ms
====================================
Loop: 428
  Solve: 139.5120ms
Step: 916.8191ms
====================================
Loop: 429
  Solve: 141.9802ms
Step: 917.3099ms
====================================
Loop: 430
  Solve: 138.0061ms
Step: 921.0881ms
====================================
Loop: 431
  Solve: 137.1017ms
Step: 915.9156ms
====================================
Loop: 432
  Solve: 138.6661ms
Step: 904.1695ms
====================================
Loop: 433
  Solve: 137.1732ms
Step: 906.9626ms
====================================
Loop: 434
  Solve: 136.8578ms
Step: 904.0672ms
====================================
Loop: 435
  Solve: 140.3647ms
Step: 950.3100ms
====================================
Loop: 436
  Solve: 135.6690ms
Step: 950.4414ms
====================================
Loop: 437
  Solve: 137.1674ms
Step: 901.4260ms
====================================
Loop: 438
  Solve: 137.2203ms
Step: 895.6974ms
====================================
Loop: 439
  Solve: 136.3708ms
Step: 895.6180ms
====================================
Loop: 440
  Solve: 138.1113ms
Step: 889.9314ms
====================================
Loop: 441
  Solve: 138.2423ms
Step: 900.8667ms
====================================
Loop: 442
  Solve: 136.6469ms
Step: 899.9434ms
====================================
Loop: 443
  Solve: 136.4834ms
Step: 877.8790ms
====================================
Loop: 444
  Solve: 133.4481ms
Step: 878.8819ms
====================================
Loop: 445
  Solve: 135.6093ms
Step: 885.4396ms
====================================
Loop: 446
  Solve: 148.1853ms
Step: 902.5782ms
====================================
Loop: 447
  Solve: 136.5313ms
Step: 883.1805ms
====================================
Loop: 448
  Solve: 133.5886ms
Step: 871.8944ms
====================================
Loop: 449
  Solve: 135.0305ms
Step: 871.0923ms
====================================
Loop: 450
  Solve: 135.2029ms
Step: 875.2840ms
====================================
Loop: 451
  Solve: 129.2210ms
Step: 853.1526ms
====================================
Loop: 452
  Solve: 131.9092ms
Step: 854.7831ms
====================================
Loop: 453
  Solve: 131.7021ms
Step: 855.2976ms
====================================
Loop: 454
  Solve: 127.5533ms
Step: 843.9512ms
====================================
Loop: 455
  Solve: 130.1578ms
Step: 839.8480ms
====================================
Loop: 456
  Solve: 130.3540ms
Step: 852.6733ms
====================================
Loop: 457
  Solve: 141.5006ms
Step: 898.0329ms
====================================
Loop: 458
  Solve: 129.4754ms
Step: 838.2056ms
====================================
Loop: 459
  Solve: 130.3507ms
Step: 835.9318ms
====================================
Loop: 460
  Solve: 128.8556ms
Step: 840.2120ms
====================================
Loop: 461
  Solve: 128.1296ms
Step: 832.6697ms
====================================
Loop: 462
  Solve: 133.6284ms
Step: 830.6147ms
====================================
Loop: 463
  Solve: 128.4897ms
Step: 836.7367ms
====================================
Loop: 464
  Solve: 128.8054ms
Step: 826.5127ms
====================================
Loop: 465
  Solve: 130.1129ms
Step: 829.1587ms
====================================
Loop: 466
  Solve: 127.8182ms
Step: 830.8272ms
====================================
Loop: 467
  Solve: 128.0316ms
Step: 822.0005ms
====================================
Loop: 468
  Solve: 131.5139ms
Step: 829.0085ms
====================================
Loop: 469
  Solve: 128.5101ms
Step: 827.1489ms
====================================
Loop: 470
  Solve: 131.4502ms
Step: 822.2715ms
====================================
Loop: 471
  Solve: 130.8544ms
Step: 825.4069ms
====================================
Loop: 472
  Solve: 128.5725ms
Step: 821.9013ms
====================================
Loop: 473
  Solve: 130.6776ms
Step: 814.5997ms
====================================
Loop: 474
  Solve: 129.9598ms
Step: 821.0504ms
====================================
Loop: 475
  Solve: 128.8104ms
Step: 813.8556ms
====================================
Loop: 476
  Solve: 133.5047ms
Step: 823.8900ms
====================================
Loop: 477
  Solve: 130.9133ms
Step: 820.6180ms
====================================
Loop: 478
  Solve: 128.8033ms
Step: 806.4335ms
====================================
Loop: 479
  Solve: 134.7353ms
Step: 811.5297ms
====================================
Loop: 480
  Solve: 129.0561ms
Step: 808.7233ms
====================================
Loop: 481
  Solve: 131.1381ms
Step: 808.3450ms
====================================
Loop: 482
  Solve: 130.5482ms
Step: 808.9013ms
====================================
Loop: 483
  Solve: 129.4370ms
Step: 807.3868ms
====================================
Loop: 484
  Solve: 133.0172ms
Step: 798.7683ms
====================================
Loop: 485
  Solve: 127.8919ms
Step: 806.6514ms
====================================
Loop: 486
  Solve: 130.4137ms
Step: 801.2433ms
====================================
Loop: 487
  Solve: 131.3895ms
Step: 809.2821ms
====================================
Loop: 488
  Solve: 128.9771ms
Step: 802.4601ms
====================================
Loop: 489
  Solve: 130.7671ms
Step: 795.9552ms
====================================
Loop: 490
  Solve: 129.3351ms
Step: 803.1155ms
====================================
Loop: 491
  Solve: 131.1211ms
Step: 798.7504ms
====================================
Loop: 492
  Solve: 131.9284ms
Step: 801.7259ms
====================================
Loop: 493
  Solve: 129.3767ms
Step: 798.3456ms
====================================
Loop: 494
  Solve: 134.0694ms
Step: 795.4174ms
====================================
Loop: 495
  Solve: 128.8589ms
Step: 800.9484ms
====================================
Loop: 496
  Solve: 130.2574ms
Step: 793.2234ms
====================================
Loop: 497
  Solve: 133.6227ms
Step: 801.5021ms
====================================
Loop: 498
  Solve: 129.1303ms
Step: 795.6812ms
====================================
Loop: 499
  Solve: 134.3138ms
Step: 798.3633ms
====================================
Loop: 500
  Solve: 129.7810ms
Step: 802.1459ms
====================================
