Loop: 0
  Solve: 4.1953ms
Step: 623.3278ms
====================================
Loop: 1
  Solve: 4.1384ms
Step: 317.5994ms
====================================
Loop: 2
  Solve: 4.3608ms
Step: 316.0665ms
====================================
Loop: 3
  Solve: 4.1722ms
Step: 315.3953ms
====================================
Loop: 4
  Solve: 4.2890ms
Step: 334.4609ms
====================================
Loop: 5
  Solve: 4.3339ms
Step: 315.6992ms
====================================
Loop: 6
  Solve: 4.1923ms
Step: 317.1689ms
====================================
Loop: 7
  Solve: 4.4183ms
Step: 319.4514ms
====================================
Loop: 8
  Solve: 4.1971ms
Step: 315.5313ms
====================================
Loop: 9
  Solve: 4.1506ms
Step: 318.0722ms
====================================
Loop: 10
  Solve: 4.4037ms
Step: 316.6434ms
====================================
Loop: 11
  Solve: 4.3551ms
Step: 315.8449ms
====================================
Loop: 12
  Solve: 4.2505ms
Step: 318.1406ms
====================================
Loop: 13
  Solve: 4.2784ms
Step: 313.7615ms
====================================
Loop: 14
  Solve: 4.4637ms
Step: 319.9129ms
====================================
Loop: 15
  Solve: 4.2670ms
Step: 319.8842ms
====================================
Loop: 16
  Solve: 4.2141ms
Step: 311.8145ms
====================================
Loop: 17
  Solve: 4.2432ms
Step: 321.7788ms
====================================
Loop: 18
  Solve: 4.3721ms
Step: 718.8813ms
====================================
Loop: 19
  Solve: 4.3347ms
Step: 318.4435ms
====================================
Loop: 20
  Solve: 4.3948ms
Step: 318.3705ms
====================================
Loop: 21
  Solve: 4.2287ms
Step: 311.6449ms
====================================
Loop: 22
  Solve: 4.1699ms
Step: 318.0621ms
====================================
Loop: 23
  Solve: 4.3286ms
Step: 318.6725ms
====================================
Loop: 24
  Solve: 4.1613ms
Step: 311.9537ms
====================================
Loop: 25
  Solve: 4.1793ms
Step: 317.8642ms
====================================
Loop: 26
  Solve: 4.3478ms
Step: 721.9989ms
====================================
Loop: 27
  Solve: 4.1266ms
Step: 315.5521ms
====================================
Loop: 28
  Solve: 4.2839ms
Step: 318.4261ms
====================================
Loop: 29
  Solve: 4.2162ms
Step: 312.5493ms
====================================
Loop: 30
  Solve: 4.3592ms
Step: 319.9228ms
====================================
Loop: 31
  Solve: 4.2227ms
Step: 316.0050ms
====================================
Loop: 32
  Solve: 4.1539ms
Step: 314.6370ms
====================================
Loop: 33
  Solve: 4.2675ms
Step: 721.6600ms
====================================
Loop: 34
  Solve: 4.1879ms
Step: 313.3747ms
====================================
Loop: 35
  Solve: 4.2085ms
Step: 319.6174ms
====================================
Loop: 36
  Solve: 4.2003ms
Step: 318.3803ms
====================================
Loop: 37
  Solve: 4.1366ms
Step: 312.5753ms
====================================
Loop: 38
  Solve: 4.5855ms
Step: 723.6064ms
====================================
Loop: 39
  Solve: 4.1653ms
Step: 314.8711ms
====================================
Loop: 40
  Solve: 4.1778ms
Step: 322.1601ms
====================================
Loop: 41
  Solve: 4.1960ms
Step: 323.2483ms
====================================
Loop: 42
  Solve: 4.1212ms
Step: 316.1424ms
====================================
Loop: 43
  Solve: 4.3750ms
Step: 718.0607ms
====================================
Loop: 44
  Solve: 4.1445ms
Step: 314.3304ms
====================================
Loop: 45
  Solve: 4.3088ms
Step: 320.0468ms
====================================
Loop: 46
  Solve: 4.2507ms
Step: 316.9955ms
====================================
Loop: 47
  Solve: 4.1549ms
Step: 713.1015ms
====================================
Loop: 48
  Solve: 4.2410ms
Step: 317.0611ms
====================================
Loop: 49
  Solve: 4.1610ms
Step: 315.7480ms
====================================
Loop: 50
  Solve: 4.3646ms
Step: 318.2395ms
====================================
Loop: 51
  Solve: 4.1776ms
Step: 715.0502ms
====================================
Loop: 52
  Solve: 4.2160ms
Step: 320.4589ms
====================================
Loop: 53
  Solve: 4.2292ms
Step: 314.6788ms
====================================
Loop: 54
  Solve: 18.4821ms
Step: 329.6178ms
====================================
Loop: 55
  Solve: 33.1092ms
Step: 745.4506ms
====================================
Loop: 56
  Solve: 47.0838ms
Step: 361.8589ms
====================================
Loop: 57
  Solve: 63.9311ms
Step: 385.5841ms
====================================
Loop: 58
  Solve: 75.9345ms
Step: 397.6698ms
====================================
Loop: 59
  Solve: 92.4057ms
Step: 788.4457ms
====================================
Loop: 60
  Solve: 103.9822ms
Step: 425.7629ms
====================================
Loop: 61
  Solve: 124.2652ms
Step: 449.9902ms
====================================
Loop: 62
  Solve: 136.5695ms
Step: 817.3994ms
====================================
Loop: 63
  Solve: 160.7695ms
Step: 490.8700ms
====================================
Loop: 64
  Solve: 176.8264ms
Step: 504.9695ms
====================================
Loop: 65
  Solve: 189.4351ms
Step: 864.2670ms
====================================
Loop: 66
  Solve: 205.4635ms
Step: 544.7058ms
====================================
Loop: 67
  Solve: 222.0233ms
Step: 555.1621ms
====================================
Loop: 68
  Solve: 235.1518ms
Step: 898.5992ms
====================================
Loop: 69
  Solve: 258.9805ms
Step: 603.7286ms
====================================
Loop: 70
  Solve: 328.4872ms
Step: 674.8740ms
====================================
Loop: 71
  Solve: 278.9314ms
Step: 941.0557ms
====================================
Loop: 72
  Solve: 286.3948ms
Step: 636.7074ms
====================================
Loop: 73
  Solve: 306.8587ms
Step: 659.6645ms
====================================
Loop: 74
  Solve: 322.7542ms
Step: 973.0174ms
====================================
Loop: 75
  Solve: 329.9799ms
Step: 684.1638ms
====================================
Loop: 76
  Solve: 341.8955ms
Step: 696.9653ms
====================================
Loop: 77
  Solve: 359.1161ms
Step: 1004.4224ms
====================================
Loop: 78
  Solve: 408.5057ms
Step: 776.9155ms
====================================
Loop: 79
  Solve: 412.2939ms
Step: 777.9235ms
====================================
Loop: 80
  Solve: 418.7169ms
Step: 1060.9260ms
====================================
Loop: 81
  Solve: 516.9104ms
Step: 893.6644ms
====================================
Loop: 82
  Solve: 466.0230ms
Step: 850.2188ms
====================================
Loop: 83
  Solve: 537.3060ms
Step: 1184.0494ms
====================================
Loop: 84
  Solve: 509.6428ms
Step: 902.8096ms
====================================
Loop: 85
  Solve: 528.5949ms
Step: 928.1838ms
====================================
Loop: 86
  Solve: 546.7076ms
Step: 1196.2423ms
====================================
Loop: 87
  Solve: 577.0549ms
Step: 987.3250ms
====================================
Loop: 88
  Solve: 601.6012ms
Step: 1012.5367ms
====================================
Loop: 89
  Solve: 629.2169ms
Step: 1267.7194ms
====================================
Loop: 90
  Solve: 637.5612ms
Step: 1057.6488ms
====================================
Loop: 91
  Solve: 663.9393ms
Step: 1089.8768ms
====================================
Loop: 92
  Solve: 684.6112ms
Step: 1330.2340ms
====================================
Loop: 93
  Solve: 721.3641ms
Step: 1158.7006ms
====================================
Loop: 94
  Solve: 751.7394ms
Step: 1399.9586ms
====================================
Loop: 95
  Solve: 783.1852ms
Step: 1236.6393ms
====================================
Loop: 96
  Solve: 815.3110ms
Step: 1459.2704ms
====================================
Loop: 97
  Solve: 844.9016ms
Step: 1308.1953ms
====================================
Loop: 98
  Solve: 872.1252ms
Step: 1523.5546ms
====================================
Loop: 99
  Solve: 906.2251ms
Step: 1387.6702ms
====================================
Loop: 100
  Solve: 942.7932ms
Step: 1605.7913ms
====================================
Loop: 101
  Solve: 960.5977ms
Step: 1456.3323ms
====================================
Loop: 102
  Solve: 980.3674ms
Step: 1652.7173ms
====================================
Loop: 103
  Solve: 1003.0864ms
Step: 1523.5198ms
====================================
Loop: 104
  Solve: 1033.3892ms
Step: 1729.5164ms
====================================
Loop: 105
  Solve: 1056.5994ms
Step: 1612.5332ms
====================================
Loop: 106
  Solve: 1074.2158ms
Step: 1794.1050ms
====================================
Loop: 107
  Solve: 1095.9194ms
Step: 1685.0034ms
====================================
Loop: 108
  Solve: 1114.7000ms
Step: 1857.3942ms
====================================
Loop: 109
  Solve: 1135.4797ms
Step: 1762.5857ms
====================================
Loop: 110
  Solve: 1152.4301ms
Step: 1912.2051ms
====================================
Loop: 111
  Solve: 1180.2607ms
Step: 1831.6299ms
====================================
Loop: 112
  Solve: 1200.7515ms
Step: 1985.0007ms
====================================
Loop: 113
  Solve: 1232.9698ms
Step: 1920.7361ms
====================================
Loop: 114
  Solve: 1257.6299ms
Step: 2064.4373ms
====================================
Loop: 115
  Solve: 1277.1255ms
Step: 2003.7318ms
====================================
Loop: 116
  Solve: 1293.9305ms
Step: 2147.3145ms
====================================
Loop: 117
  Solve: 1322.1445ms
Step: 2100.1870ms
====================================
Loop: 118
  Solve: 1349.4021ms
Step: 2225.7390ms
====================================
Loop: 119
  Solve: 1362.3273ms
Step: 2196.4844ms
====================================
Loop: 120
  Solve: 1387.2190ms
Step: 2301.2197ms
====================================
Loop: 121
  Solve: 1421.5823ms
Step: 2293.0991ms
====================================
Loop: 122
  Solve: 1438.9969ms
Step: 2403.0820ms
====================================
Loop: 123
  Solve: 1451.5419ms
Step: 2375.6714ms
====================================
Loop: 124
  Solve: 1467.8911ms
Step: 2468.2915ms
====================================
Loop: 125
  Solve: 1481.7854ms
Step: 2468.7461ms
====================================
Loop: 126
  Solve: 1483.8333ms
Step: 2523.9385ms
====================================
Loop: 127
  Solve: 1489.8678ms
Step: 2520.4756ms
====================================
Loop: 128
  Solve: 1500.6531ms
Step: 2579.8389ms
====================================
Loop: 129
  Solve: 1497.8624ms
Step: 2572.2202ms
====================================
Loop: 130
  Solve: 1491.2963ms
Step: 2610.3682ms
====================================
Loop: 131
  Solve: 1506.8906ms
Step: 2678.4409ms
====================================
Loop: 132
  Solve: 1490.4912ms
Step: 2628.6809ms
====================================
Loop: 133
  Solve: 1501.1886ms
Step: 2645.9355ms
====================================
Loop: 134
  Solve: 1498.1313ms
Step: 2648.6379ms
====================================
Loop: 135
  Solve: 1477.6144ms
Step: 2636.7974ms
====================================
Loop: 136
  Solve: 1468.7335ms
Step: 2631.7373ms
====================================
Loop: 137
  Solve: 1447.2487ms
Step: 2618.6138ms
====================================
Loop: 138
  Solve: 1439.7042ms
Step: 2611.9402ms
====================================
Loop: 139
  Solve: 1420.4685ms
Step: 2594.7197ms
====================================
Loop: 140
  Solve: 1403.0148ms
Step: 2578.5400ms
====================================
Loop: 141
  Solve: 1423.4644ms
Step: 2628.2715ms
====================================
Loop: 142
  Solve: 1385.9075ms
Step: 2595.9937ms
====================================
Loop: 143
  Solve: 1391.4631ms
Step: 2602.3870ms
====================================
Loop: 144
  Solve: 1352.5526ms
Step: 2569.2898ms
====================================
Loop: 145
  Solve: 1332.9781ms
Step: 2543.2441ms
====================================
Loop: 146
  Solve: 1307.7428ms
Step: 2515.0757ms
====================================
Loop: 147
  Solve: 1290.7723ms
Step: 2505.6438ms
====================================
Loop: 148
  Solve: 1287.8756ms
Step: 2502.7754ms
====================================
Loop: 149
  Solve: 1275.3958ms
Step: 2490.6079ms
====================================
Loop: 150
  Solve: 1263.4502ms
Step: 2473.1519ms
====================================
Loop: 151
  Solve: 1252.2134ms
Step: 2466.0278ms
====================================
Loop: 152
  Solve: 1247.3689ms
Step: 2458.9263ms
====================================
Loop: 153
  Solve: 1234.2014ms
Step: 2469.3831ms
====================================
Loop: 154
  Solve: 1218.2391ms
Step: 2428.8525ms
====================================
Loop: 155
  Solve: 1201.0486ms
Step: 2461.3684ms
====================================
Loop: 156
  Solve: 1188.3892ms
Step: 2463.7549ms
====================================
Loop: 157
  Solve: 1174.0422ms
Step: 2391.8137ms
====================================
Loop: 158
  Solve: 1153.2106ms
Step: 2378.9600ms
====================================
Loop: 159
  Solve: 1143.5339ms
Step: 2359.7471ms
====================================
Loop: 160
  Solve: 1126.4989ms
Step: 2338.3816ms
====================================
Loop: 161
  Solve: 1109.8285ms
Step: 2330.4048ms
====================================
Loop: 162
  Solve: 1095.2614ms
Step: 2305.5227ms
====================================
Loop: 163
  Solve: 1073.8250ms
Step: 2290.3213ms
====================================
Loop: 164
  Solve: 1060.7435ms
Step: 2290.3550ms
====================================
Loop: 165
  Solve: 1045.8575ms
Step: 2327.9285ms
====================================
Loop: 166
  Solve: 1030.1813ms
Step: 2255.4431ms
====================================
Loop: 167
  Solve: 1011.0371ms
Step: 2234.2607ms
====================================
Loop: 168
  Solve: 998.3492ms
Step: 2262.4966ms
====================================
Loop: 169
  Solve: 988.2204ms
Step: 2210.4622ms
====================================
Loop: 170
  Solve: 974.4791ms
Step: 2196.9827ms
====================================
Loop: 171
  Solve: 1006.0991ms
Step: 2203.6912ms
====================================
Loop: 172
  Solve: 935.2226ms
Step: 2121.2866ms
====================================
Loop: 173
  Solve: 926.3053ms
Step: 2122.6790ms
====================================
Loop: 174
  Solve: 917.0861ms
Step: 2109.1333ms
====================================
Loop: 175
  Solve: 906.7139ms
Step: 2081.6362ms
====================================
Loop: 176
  Solve: 896.0324ms
Step: 2078.5640ms
====================================
Loop: 177
  Solve: 884.4437ms
Step: 2066.6392ms
====================================
Loop: 178
  Solve: 883.7737ms
Step: 2068.3999ms
====================================
Loop: 179
  Solve: 881.5999ms
Step: 2061.1604ms
====================================
Loop: 180
  Solve: 882.2853ms
Step: 2050.7363ms
====================================
Loop: 181
  Solve: 876.1090ms
Step: 2038.0898ms
====================================
Loop: 182
  Solve: 869.5541ms
Step: 2102.2878ms
====================================
Loop: 183
  Solve: 860.5774ms
Step: 2017.2372ms
====================================
Loop: 184
  Solve: 861.3395ms
Step: 2026.0536ms
====================================
Loop: 185
  Solve: 854.8169ms
Step: 2009.8589ms
====================================
Loop: 186
  Solve: 853.7263ms
Step: 2008.3052ms
====================================
Loop: 187
  Solve: 893.1827ms
Step: 2058.1147ms
====================================
Loop: 188
  Solve: 840.0379ms
Step: 2010.1329ms
====================================
Loop: 189
  Solve: 840.6471ms
Step: 2013.9778ms
====================================
Loop: 190
  Solve: 826.6407ms
Step: 1999.2683ms
====================================
Loop: 191
  Solve: 832.9872ms
Step: 2005.8108ms
====================================
Loop: 192
  Solve: 806.4630ms
Step: 2007.6344ms
====================================
Loop: 193
  Solve: 798.2289ms
Step: 1943.6921ms
====================================
Loop: 194
  Solve: 793.7580ms
Step: 1932.5615ms
====================================
Loop: 195
  Solve: 779.9589ms
Step: 1931.0813ms
====================================
Loop: 196
  Solve: 777.4285ms
Step: 1918.3528ms
====================================
Loop: 197
  Solve: 766.3280ms
Step: 1909.5347ms
====================================
Loop: 198
  Solve: 751.9469ms
Step: 1897.7949ms
====================================
Loop: 199
  Solve: 745.0108ms
Step: 1900.1202ms
====================================
Loop: 200
  Solve: 743.0325ms
Step: 1880.3086ms
====================================
Loop: 201
  Solve: 731.3989ms
Step: 1875.5333ms
====================================
Loop: 202
  Solve: 732.4584ms
Step: 1872.2502ms
====================================
Loop: 203
  Solve: 717.1762ms
Step: 1864.1034ms
====================================
Loop: 204
  Solve: 721.1237ms
Step: 1856.7756ms
====================================
Loop: 205
  Solve: 716.0211ms
Step: 1849.9857ms
====================================
Loop: 206
  Solve: 708.4870ms
Step: 1849.4839ms
====================================
Loop: 207
  Solve: 711.9304ms
Step: 1895.5746ms
====================================
Loop: 208
  Solve: 710.7444ms
Step: 1843.1814ms
====================================
Loop: 209
  Solve: 711.4111ms
Step: 1835.8921ms
====================================
Loop: 210
  Solve: 709.7919ms
Step: 1845.7864ms
====================================
Loop: 211
  Solve: 719.0242ms
Step: 1845.0872ms
====================================
Loop: 212
  Solve: 717.8035ms
Step: 1849.4031ms
====================================
Loop: 213
  Solve: 719.4836ms
Step: 1854.7957ms
====================================
Loop: 214
  Solve: 728.7858ms
Step: 1858.8164ms
====================================
Loop: 215
  Solve: 725.9583ms
Step: 1855.4148ms
====================================
Loop: 216
  Solve: 725.2564ms
Step: 1874.7030ms
====================================
Loop: 217
  Solve: 728.9351ms
Step: 1875.6978ms
====================================
Loop: 218
  Solve: 732.6196ms
Step: 1866.0804ms
====================================
Loop: 219
  Solve: 732.1317ms
Step: 1872.7585ms
====================================
Loop: 220
  Solve: 735.3865ms
Step: 1881.7289ms
====================================
Loop: 221
  Solve: 745.4391ms
Step: 1891.4320ms
====================================
Loop: 222
  Solve: 757.2255ms
Step: 1900.5651ms
====================================
Loop: 223
  Solve: 762.7184ms
Step: 1918.2507ms
====================================
Loop: 224
  Solve: 770.7289ms
Step: 1929.6113ms
====================================
Loop: 225
  Solve: 774.0660ms
Step: 1931.2646ms
====================================
Loop: 226
  Solve: 783.6853ms
Step: 1933.7953ms
====================================
Loop: 227
  Solve: 788.8665ms
Step: 1947.5530ms
====================================
Loop: 228
  Solve: 784.1652ms
Step: 1939.4045ms
====================================
Loop: 229
  Solve: 796.3259ms
Step: 1960.7410ms
====================================
Loop: 230
  Solve: 801.0724ms
Step: 1962.1819ms
====================================
Loop: 231
  Solve: 818.6154ms
Step: 1985.0078ms
====================================
Loop: 232
  Solve: 814.6313ms
Step: 1980.5283ms
====================================
Loop: 233
  Solve: 823.4172ms
Step: 1992.6439ms
====================================
Loop: 234
  Solve: 832.0507ms
Step: 2012.8783ms
====================================
Loop: 235
  Solve: 838.1077ms
Step: 2014.4954ms
====================================
Loop: 236
  Solve: 843.6540ms
Step: 2018.6947ms
====================================
Loop: 237
  Solve: 852.8931ms
Step: 2029.0991ms
====================================
Loop: 238
  Solve: 919.3148ms
Step: 2180.9553ms
====================================
Loop: 239
  Solve: 854.6144ms
Step: 2121.5771ms
====================================
Loop: 240
  Solve: 859.2859ms
Step: 2052.6997ms
====================================
Loop: 241
  Solve: 880.7763ms
Step: 2068.6108ms
====================================
Loop: 242
  Solve: 874.9562ms
Step: 2054.8774ms
====================================
Loop: 243
  Solve: 877.8558ms
Step: 2055.8777ms
====================================
Loop: 244
  Solve: 879.7188ms
Step: 2071.9380ms
====================================
Loop: 245
  Solve: 890.4273ms
Step: 2128.2944ms
====================================
Loop: 246
  Solve: 912.6258ms
Step: 2120.2791ms
====================================
Loop: 247
  Solve: 889.3529ms
Step: 2098.1418ms
====================================
Loop: 248
  Solve: 885.6273ms
Step: 2092.2012ms
====================================
Loop: 249
  Solve: 885.6885ms
Step: 2081.3293ms
====================================
Loop: 250
  Solve: 878.9762ms
Step: 2086.7935ms
====================================
Loop: 251
  Solve: 868.6541ms
Step: 2066.6758ms
====================================
Loop: 252
  Solve: 863.5091ms
Step: 2072.0542ms
====================================
Loop: 253
  Solve: 867.2430ms
Step: 2066.6450ms
====================================
Loop: 254
  Solve: 871.9370ms
Step: 2075.2146ms
====================================
Loop: 255
  Solve: 924.7075ms
Step: 2121.4019ms
====================================
Loop: 256
  Solve: 876.2056ms
Step: 2050.9126ms
====================================
Loop: 257
  Solve: 875.7313ms
Step: 2066.1919ms
====================================
Loop: 258
  Solve: 875.0397ms
Step: 2048.8315ms
====================================
Loop: 259
  Solve: 876.2250ms
Step: 2056.2178ms
====================================
Loop: 260
  Solve: 887.7020ms
Step: 2069.3174ms
====================================
Loop: 261
  Solve: 884.3624ms
Step: 2064.0154ms
====================================
Loop: 262
  Solve: 889.8062ms
Step: 2123.8257ms
====================================
Loop: 263
  Solve: 888.1279ms
Step: 2054.8706ms
====================================
Loop: 264
  Solve: 891.5541ms
Step: 2063.6077ms
====================================
Loop: 265
  Solve: 882.5170ms
Step: 2062.3503ms
====================================
Loop: 266
  Solve: 888.5679ms
Step: 2067.0327ms
====================================
Loop: 267
  Solve: 885.7048ms
Step: 2057.8499ms
====================================
Loop: 268
  Solve: 885.3343ms
Step: 2055.1724ms
====================================
Loop: 269
  Solve: 887.2700ms
Step: 2066.7261ms
====================================
Loop: 270
  Solve: 884.8745ms
Step: 2071.4531ms
====================================
Loop: 271
  Solve: 883.8740ms
Step: 2047.6465ms
====================================
Loop: 272
  Solve: 891.5984ms
Step: 2056.3962ms
====================================
Loop: 273
  Solve: 879.9960ms
Step: 2052.2625ms
====================================
Loop: 274
  Solve: 882.8503ms
Step: 2060.7212ms
====================================
Loop: 275
  Solve: 879.7696ms
Step: 2043.2782ms
====================================
Loop: 276
  Solve: 876.7047ms
Step: 2116.2048ms
====================================
Loop: 277
  Solve: 874.7137ms
Step: 2054.9043ms
====================================
Loop: 278
  Solve: 878.5772ms
Step: 2052.0950ms
====================================
Loop: 279
  Solve: 880.1125ms
Step: 2053.4219ms
====================================
Loop: 280
  Solve: 875.9169ms
Step: 2044.6117ms
====================================
Loop: 281
  Solve: 878.2587ms
Step: 2044.4374ms
====================================
Loop: 282
  Solve: 877.8851ms
Step: 2043.3866ms
====================================
Loop: 283
  Solve: 876.4542ms
Step: 2054.3853ms
====================================
Loop: 284
  Solve: 870.0674ms
Step: 2052.9636ms
====================================
Loop: 285
  Solve: 872.6364ms
Step: 2046.7761ms
====================================
Loop: 286
  Solve: 867.6448ms
Step: 2038.7539ms
====================================
Loop: 287
  Solve: 868.9297ms
Step: 2046.5159ms
====================================
Loop: 288
  Solve: 872.7045ms
Step: 2057.0251ms
====================================
Loop: 289
  Solve: 866.1434ms
Step: 2049.4241ms
====================================
Loop: 290
  Solve: 876.5936ms
Step: 2056.5469ms
====================================
Loop: 291
  Solve: 878.4026ms
Step: 2045.4590ms
====================================
Loop: 292
  Solve: 878.4774ms
Step: 2051.9382ms
====================================
Loop: 293
  Solve: 878.3950ms
Step: 2057.4204ms
====================================
Loop: 294
  Solve: 878.0706ms
Step: 2059.0652ms
====================================
Loop: 295
  Solve: 878.3898ms
Step: 2055.3760ms
====================================
Loop: 296
  Solve: 876.4370ms
Step: 2091.7834ms
====================================
Loop: 297
  Solve: 877.1657ms
Step: 2059.1860ms
====================================
Loop: 298
  Solve: 880.4810ms
Step: 2066.8711ms
====================================
Loop: 299
  Solve: 884.6851ms
Step: 2055.1658ms
====================================
Loop: 300
  Solve: 884.8918ms
Step: 2059.7520ms
====================================
Loop: 301
  Solve: 886.0500ms
Step: 2063.4133ms
====================================
Loop: 302
  Solve: 884.9929ms
Step: 2071.5542ms
====================================
Loop: 303
  Solve: 884.9054ms
Step: 2060.9272ms
====================================
Loop: 304
  Solve: 876.2770ms
Step: 2058.8792ms
====================================
Loop: 305
  Solve: 874.5336ms
Step: 2069.2908ms
====================================
Loop: 306
  Solve: 874.3759ms
Step: 2060.7014ms
====================================
Loop: 307
  Solve: 871.1783ms
Step: 2039.3992ms
====================================
Loop: 308
  Solve: 867.0775ms
Step: 2036.2437ms
====================================
Loop: 309
  Solve: 865.9417ms
Step: 2031.4149ms
====================================
Loop: 310
  Solve: 864.3887ms
Step: 2022.2675ms
====================================
Loop: 311
  Solve: 860.1610ms
Step: 2022.3093ms
====================================
Loop: 312
  Solve: 856.6326ms
Step: 2015.6649ms
====================================
Loop: 313
  Solve: 855.1028ms
Step: 2021.9426ms
====================================
Loop: 314
  Solve: 852.5758ms
Step: 2027.0372ms
====================================
Loop: 315
  Solve: 848.5109ms
Step: 2014.2113ms
====================================
Loop: 316
  Solve: 846.6874ms
Step: 2011.3147ms
====================================
Loop: 317
  Solve: 844.7680ms
Step: 2010.2733ms
====================================
Loop: 318
  Solve: 844.7798ms
Step: 2072.3093ms
====================================
Loop: 319
  Solve: 911.4970ms
Step: 2084.1753ms
====================================
Loop: 320
  Solve: 843.1891ms
Step: 2032.5339ms
====================================
Loop: 321
  Solve: 836.7049ms
Step: 2015.7408ms
====================================
Loop: 322
  Solve: 837.8801ms
Step: 2021.3654ms
====================================
Loop: 323
  Solve: 832.0012ms
Step: 2028.6681ms
====================================
Loop: 324
  Solve: 829.6255ms
Step: 2009.9508ms
====================================
Loop: 325
  Solve: 830.7124ms
Step: 2017.4021ms
====================================
Loop: 326
  Solve: 843.5762ms
Step: 2036.0242ms
====================================
Loop: 327
  Solve: 828.5925ms
Step: 2008.0565ms
====================================
Loop: 328
  Solve: 818.2480ms
Step: 1995.2479ms
====================================
Loop: 329
  Solve: 846.1803ms
Step: 2037.3307ms
====================================
Loop: 330
  Solve: 807.6584ms
Step: 2022.2314ms
====================================
Loop: 331
  Solve: 800.8134ms
Step: 1961.5322ms
====================================
Loop: 332
  Solve: 791.6751ms
Step: 1969.3425ms
====================================
Loop: 333
  Solve: 789.5298ms
Step: 1955.4199ms
====================================
Loop: 334
  Solve: 786.5138ms
Step: 1934.6914ms
====================================
Loop: 335
  Solve: 778.2726ms
Step: 1923.5302ms
====================================
Loop: 336
  Solve: 776.6146ms
Step: 1909.9821ms
====================================
Loop: 337
  Solve: 784.7363ms
Step: 1915.2644ms
====================================
Loop: 338
  Solve: 768.8455ms
Step: 1958.0862ms
====================================
Loop: 339
  Solve: 760.5283ms
Step: 1888.5579ms
====================================
Loop: 340
  Solve: 761.8861ms
Step: 1903.1699ms
====================================
Loop: 341
  Solve: 754.8680ms
Step: 1873.2051ms
====================================
Loop: 342
  Solve: 743.0588ms
Step: 1862.3635ms
====================================
Loop: 343
  Solve: 736.1422ms
Step: 1849.2074ms
====================================
Loop: 344
  Solve: 740.1782ms
Step: 1842.0181ms
====================================
Loop: 345
  Solve: 737.0792ms
Step: 1837.7097ms
====================================
Loop: 346
  Solve: 725.0922ms
Step: 1821.5541ms
====================================
Loop: 347
  Solve: 725.0701ms
Step: 1821.7175ms
====================================
Loop: 348
  Solve: 718.0473ms
Step: 1815.8396ms
====================================
Loop: 349
  Solve: 714.5120ms
Step: 1809.0354ms
====================================
Loop: 350
  Solve: 715.7803ms
Step: 1782.9432ms
====================================
Loop: 351
  Solve: 711.4444ms
Step: 1804.7139ms
====================================
Loop: 352
  Solve: 705.8035ms
Step: 1799.3843ms
====================================
Loop: 353
  Solve: 706.0651ms
Step: 1809.1738ms
====================================
Loop: 354
  Solve: 698.0303ms
Step: 1751.5591ms
====================================
Loop: 355
  Solve: 695.3879ms
Step: 1751.1157ms
====================================
Loop: 356
  Solve: 691.5480ms
Step: 1752.5134ms
====================================
Loop: 357
  Solve: 683.9944ms
Step: 1736.3541ms
====================================
Loop: 358
  Solve: 690.5887ms
Step: 1773.3704ms
====================================
Loop: 359
  Solve: 689.1957ms
Step: 1746.5156ms
====================================
Loop: 360
  Solve: 676.3837ms
Step: 1712.1869ms
====================================
Loop: 361
  Solve: 667.5904ms
Step: 1695.8145ms
====================================
Loop: 362
  Solve: 674.1101ms
Step: 1702.9146ms
====================================
Loop: 363
  Solve: 665.8438ms
Step: 1697.4441ms
====================================
Loop: 364
  Solve: 658.3601ms
Step: 1682.1992ms
====================================
Loop: 365
  Solve: 665.4224ms
Step: 1683.5034ms
====================================
Loop: 366
  Solve: 650.9863ms
Step: 1656.0574ms
====================================
Loop: 367
  Solve: 655.5009ms
Step: 1657.4111ms
====================================
Loop: 368
  Solve: 654.5239ms
Step: 1650.3311ms
====================================
Loop: 369
  Solve: 654.6378ms
Step: 1649.3618ms
====================================
Loop: 370
  Solve: 644.4493ms
Step: 1645.5002ms
====================================
Loop: 371
  Solve: 649.2845ms
Step: 1632.7803ms
====================================
Loop: 372
  Solve: 640.1055ms
Step: 1616.6632ms
====================================
Loop: 373
  Solve: 647.8168ms
Step: 1630.1964ms
====================================
Loop: 374
  Solve: 637.7354ms
Step: 1612.1440ms
====================================
Loop: 375
  Solve: 637.8384ms
Step: 1605.6193ms
====================================
Loop: 376
  Solve: 704.0402ms
Step: 1666.9263ms
====================================
Loop: 377
  Solve: 635.0143ms
Step: 1600.0084ms
====================================
Loop: 378
  Solve: 633.3449ms
Step: 1616.6909ms
====================================
Loop: 379
  Solve: 622.2141ms
Step: 1574.4487ms
====================================
Loop: 380
  Solve: 627.9675ms
Step: 1582.2019ms
====================================
Loop: 381
  Solve: 617.1097ms
Step: 1569.1617ms
====================================
Loop: 382
  Solve: 615.4977ms
Step: 1557.1294ms
====================================
Loop: 383
  Solve: 613.4793ms
Step: 1562.9441ms
====================================
Loop: 384
  Solve: 616.6430ms
Step: 1551.2319ms
====================================
Loop: 385
  Solve: 609.2430ms
Step: 1549.8169ms
====================================
Loop: 386
  Solve: 604.5482ms
Step: 1558.2568ms
====================================
Loop: 387
  Solve: 601.9784ms
Step: 1514.7390ms
====================================
Loop: 388
  Solve: 602.1537ms
Step: 1504.3262ms
====================================
Loop: 389
  Solve: 664.7684ms
Step: 1577.6503ms
====================================
Loop: 390
  Solve: 594.2012ms
Step: 1489.6381ms
====================================
Loop: 391
  Solve: 592.6014ms
Step: 1495.5966ms
====================================
Loop: 392
  Solve: 590.6615ms
Step: 1479.2499ms
====================================
Loop: 393
  Solve: 588.6189ms
Step: 1482.0383ms
====================================
Loop: 394
  Solve: 591.6340ms
Step: 1478.8766ms
====================================
Loop: 395
  Solve: 590.0292ms
Step: 1479.3545ms
====================================
Loop: 396
  Solve: 586.7128ms
Step: 1455.9768ms
====================================
Loop: 397
  Solve: 584.5035ms
Step: 1462.2209ms
====================================
Loop: 398
  Solve: 592.5178ms
Step: 1469.5303ms
====================================
Loop: 399
  Solve: 589.0237ms
Step: 1478.1818ms
====================================
Loop: 400
  Solve: 586.4870ms
Step: 1457.1357ms
====================================
Loop: 401
  Solve: 581.6213ms
Step: 1451.7231ms
====================================
Loop: 402
  Solve: 581.3409ms
Step: 1446.9596ms
====================================
Loop: 403
  Solve: 573.9202ms
Step: 1424.0255ms
====================================
Loop: 404
  Solve: 574.2643ms
Step: 1435.9908ms
====================================
Loop: 405
  Solve: 577.6544ms
Step: 1430.9799ms
====================================
Loop: 406
  Solve: 576.8599ms
Step: 1419.4315ms
====================================
Loop: 407
  Solve: 574.5239ms
Step: 1429.7527ms
====================================
Loop: 408
  Solve: 571.3851ms
Step: 1416.1262ms
====================================
Loop: 409
  Solve: 568.8763ms
Step: 1404.1472ms
====================================
Loop: 410
  Solve: 566.1332ms
Step: 1396.7220ms
====================================
Loop: 411
  Solve: 565.2516ms
Step: 1394.6865ms
====================================
Loop: 412
  Solve: 564.6066ms
Step: 1401.3632ms
====================================
Loop: 413
  Solve: 563.5530ms
Step: 1391.5973ms
====================================
Loop: 414
  Solve: 557.3499ms
Step: 1375.9413ms
====================================
Loop: 415
  Solve: 559.3741ms
Step: 1374.1021ms
====================================
Loop: 416
  Solve: 558.4311ms
Step: 1381.4232ms
====================================
Loop: 417
  Solve: 560.7874ms
Step: 1375.5835ms
====================================
Loop: 418
  Solve: 560.6977ms
Step: 1371.8967ms
====================================
Loop: 419
  Solve: 554.4721ms
Step: 1367.7568ms
====================================
Loop: 420
  Solve: 564.8419ms
Step: 1375.3657ms
====================================
Loop: 421
  Solve: 552.8691ms
Step: 1373.5671ms
====================================
Loop: 422
  Solve: 553.1025ms
Step: 1372.5662ms
====================================
Loop: 423
  Solve: 555.5176ms
Step: 1361.2705ms
====================================
Loop: 424
  Solve: 551.4083ms
Step: 1368.2595ms
====================================
Loop: 425
  Solve: 549.2726ms
Step: 1356.0978ms
====================================
Loop: 426
  Solve: 548.1418ms
Step: 1341.1844ms
====================================
Loop: 427
  Solve: 546.8193ms
Step: 1341.0310ms
====================================
Loop: 428
  Solve: 549.3330ms
Step: 1339.5227ms
====================================
Loop: 429
  Solve: 548.4135ms
Step: 1336.3877ms
====================================
Loop: 430
  Solve: 544.5858ms
Step: 1333.4972ms
====================================
Loop: 431
  Solve: 581.3207ms
Step: 1365.2184ms
====================================
Loop: 432
  Solve: 549.5717ms
Step: 1338.7600ms
====================================
Loop: 433
  Solve: 549.8922ms
Step: 1340.7672ms
====================================
Loop: 434
  Solve: 551.7169ms
Step: 1342.1589ms
====================================
Loop: 435
  Solve: 551.6937ms
Step: 1338.4044ms
====================================
Loop: 436
  Solve: 566.7988ms
Step: 1366.6758ms
====================================
Loop: 437
  Solve: 547.9749ms
Step: 1322.2659ms
====================================
Loop: 438
  Solve: 545.8336ms
Step: 1318.1318ms
====================================
Loop: 439
  Solve: 546.6957ms
Step: 1386.7693ms
====================================
Loop: 440
  Solve: 544.4823ms
Step: 1305.2225ms
====================================
Loop: 441
  Solve: 537.2515ms
Step: 1297.2456ms
====================================
Loop: 442
  Solve: 541.2870ms
Step: 1314.2092ms
====================================
Loop: 443
  Solve: 542.8777ms
Step: 1314.3562ms
====================================
Loop: 444
  Solve: 606.6506ms
Step: 1369.3280ms
====================================
Loop: 445
  Solve: 539.1223ms
Step: 1311.8905ms
====================================
Loop: 446
  Solve: 546.7588ms
Step: 1309.9236ms
====================================
Loop: 447
  Solve: 537.6863ms
Step: 1290.6307ms
====================================
Loop: 448
  Solve: 542.8866ms
Step: 1296.3677ms
====================================
Loop: 449
  Solve: 540.2810ms
Step: 1300.0876ms
====================================
Loop: 450
  Solve: 539.4703ms
Step: 1287.6382ms
====================================
Loop: 451
  Solve: 537.8770ms
Step: 1291.8876ms
====================================
Loop: 452
  Solve: 534.3098ms
Step: 1286.4928ms
====================================
Loop: 453
  Solve: 536.2513ms
Step: 1355.7061ms
====================================
Loop: 454
  Solve: 531.2805ms
Step: 1275.0172ms
====================================
Loop: 455
  Solve: 535.3762ms
Step: 1289.4197ms
====================================
Loop: 456
  Solve: 541.7611ms
Step: 1285.1251ms
====================================
Loop: 457
  Solve: 533.7003ms
Step: 1263.9398ms
====================================
Loop: 458
  Solve: 568.4788ms
Step: 1363.4624ms
====================================
Loop: 459
  Solve: 532.5247ms
Step: 1263.1599ms
====================================
Loop: 460
  Solve: 530.5566ms
Step: 1242.8818ms
====================================
Loop: 461
  Solve: 534.9268ms
Step: 1254.7081ms
====================================
Loop: 462
  Solve: 545.8044ms
Step: 1307.9888ms
====================================
Loop: 463
  Solve: 531.6371ms
Step: 1258.6198ms
====================================
Loop: 464
  Solve: 529.8748ms
Step: 1246.2565ms
====================================
Loop: 465
  Solve: 532.6595ms
Step: 1258.3750ms
====================================
Loop: 466
  Solve: 527.2621ms
Step: 1257.5594ms
====================================
Loop: 467
  Solve: 526.0199ms
Step: 1245.3403ms
====================================
Loop: 468
  Solve: 530.7866ms
Step: 1245.1685ms
====================================
Loop: 469
  Solve: 527.4979ms
Step: 1236.5942ms
====================================
Loop: 470
  Solve: 524.4821ms
Step: 1250.2140ms
====================================
Loop: 471
  Solve: 530.2750ms
Step: 1245.1271ms
====================================
Loop: 472
  Solve: 535.1452ms
Step: 1238.8213ms
====================================
Loop: 473
  Solve: 526.3737ms
Step: 1227.1593ms
====================================
Loop: 474
  Solve: 523.8303ms
Step: 1241.1135ms
====================================
Loop: 475
  Solve: 528.9146ms
Step: 1235.8041ms
====================================
Loop: 476
  Solve: 535.0132ms
Step: 1230.7382ms
====================================
Loop: 477
  Solve: 529.4741ms
Step: 1231.2662ms
====================================
Loop: 478
  Solve: 523.9075ms
Step: 1232.6050ms
====================================
Loop: 479
  Solve: 528.8315ms
Step: 1231.8820ms
====================================
Loop: 480
  Solve: 529.0345ms
Step: 1224.9301ms
====================================
Loop: 481
  Solve: 532.6580ms
Step: 1225.2904ms
====================================
Loop: 482
  Solve: 534.0939ms
Step: 1229.0085ms
====================================
Loop: 483
  Solve: 526.9606ms
Step: 1223.6519ms
====================================
Loop: 484
  Solve: 529.0761ms
Step: 1219.9788ms
====================================
Loop: 485
  Solve: 530.0858ms
Step: 1219.1219ms
====================================
Loop: 486
  Solve: 550.7300ms
Step: 1282.2871ms
====================================
Loop: 487
  Solve: 605.6071ms
Step: 1463.6128ms
====================================
Loop: 488
  Solve: 532.8121ms
Step: 1287.7369ms
====================================
Loop: 489
  Solve: 529.2831ms
Step: 1218.5801ms
====================================
Loop: 490
  Solve: 532.3740ms
Step: 1225.6654ms
====================================
Loop: 491
  Solve: 526.8658ms
Step: 1211.6998ms
====================================
Loop: 492
  Solve: 527.0844ms
Step: 1212.4886ms
====================================
Loop: 493
  Solve: 527.5258ms
Step: 1208.4083ms
====================================
Loop: 494
  Solve: 533.9009ms
Step: 1220.7302ms
====================================
Loop: 495
  Solve: 527.7882ms
Step: 1221.4551ms
====================================
Loop: 496
  Solve: 536.3644ms
Step: 1232.1251ms
====================================
Loop: 497
  Solve: 536.7143ms
Step: 1210.7916ms
====================================
Loop: 498
  Solve: 528.2269ms
Step: 1198.7480ms
====================================
Loop: 499
  Solve: 532.4707ms
Step: 1220.7753ms
====================================
Loop: 500
  Solve: 527.5397ms
Step: 1207.5610ms
====================================
