Using platform vendor: Intel(R) Corporation
Loop: 0
  Solve: 0.0006ms
Step: 633.0709ms
====================================
Loop: 1
  Solve: 0.0012ms
Step: 292.9150ms
====================================
Loop: 2
  Solve: 0.0010ms
Step: 289.9887ms
====================================
Loop: 3
  Solve: 0.0012ms
Step: 292.9827ms
====================================
Loop: 4
  Solve: 0.0014ms
Step: 294.3017ms
====================================
Loop: 5
  Solve: 0.0012ms
Step: 293.0865ms
====================================
Loop: 6
  Solve: 0.0012ms
Step: 289.4635ms
====================================
Loop: 7
  Solve: 0.0012ms
Step: 292.9501ms
====================================
Loop: 8
  Solve: 0.0012ms
Step: 293.7106ms
====================================
Loop: 9
  Solve: 0.0011ms
Step: 288.6302ms
====================================
Loop: 10
  Solve: 0.0011ms
Step: 294.4439ms
====================================
Loop: 11
  Solve: 0.0013ms
Step: 295.3500ms
====================================
Loop: 12
  Solve: 0.0012ms
Step: 290.8537ms
====================================
Loop: 13
  Solve: 0.0011ms
Step: 290.3122ms
====================================
Loop: 14
  Solve: 0.0012ms
Step: 296.0202ms
====================================
Loop: 15
  Solve: 0.0010ms
Step: 296.1795ms
====================================
Loop: 16
  Solve: 0.0016ms
Step: 287.0788ms
====================================
Loop: 17
  Solve: 0.0012ms
Step: 348.5875ms
====================================
Loop: 18
  Solve: 0.0013ms
Step: 690.1318ms
====================================
Loop: 19
  Solve: 0.0011ms
Step: 293.1363ms
====================================
Loop: 20
  Solve: 0.0015ms
Step: 291.2517ms
====================================
Loop: 21
  Solve: 0.0011ms
Step: 289.3940ms
====================================
Loop: 22
  Solve: 0.0011ms
Step: 291.2182ms
====================================
Loop: 23
  Solve: 0.0011ms
Step: 293.2639ms
====================================
Loop: 24
  Solve: 0.0012ms
Step: 292.3255ms
====================================
Loop: 25
  Solve: 0.0012ms
Step: 288.2678ms
====================================
Loop: 26
  Solve: 0.0011ms
Step: 704.4803ms
====================================
Loop: 27
  Solve: 0.0010ms
Step: 288.7693ms
====================================
Loop: 28
  Solve: 0.0012ms
Step: 337.3741ms
====================================
Loop: 29
  Solve: 0.0011ms
Step: 296.0304ms
====================================
Loop: 30
  Solve: 0.0012ms
Step: 287.6858ms
====================================
Loop: 31
  Solve: 0.0010ms
Step: 293.8813ms
====================================
Loop: 32
  Solve: 0.0008ms
Step: 291.3819ms
====================================
Loop: 33
  Solve: 0.0011ms
Step: 697.1813ms
====================================
Loop: 34
  Solve: 0.0011ms
Step: 292.4280ms
====================================
Loop: 35
  Solve: 0.0010ms
Step: 291.3599ms
====================================
Loop: 36
  Solve: 0.0014ms
Step: 288.4521ms
====================================
Loop: 37
  Solve: 0.0010ms
Step: 292.4836ms
====================================
Loop: 38
  Solve: 0.0011ms
Step: 686.7941ms
====================================
Loop: 39
  Solve: 0.0010ms
Step: 295.6279ms
====================================
Loop: 40
  Solve: 0.0010ms
Step: 293.0550ms
====================================
Loop: 41
  Solve: 0.0010ms
Step: 289.3025ms
====================================
Loop: 42
  Solve: 0.0012ms
Step: 293.2482ms
====================================
Loop: 43
  Solve: 0.0010ms
Step: 692.5684ms
====================================
Loop: 44
  Solve: 0.0016ms
Step: 293.5904ms
====================================
Loop: 45
  Solve: 0.0010ms
Step: 292.3773ms
====================================
Loop: 46
  Solve: 0.0011ms
Step: 292.7180ms
====================================
Loop: 47
  Solve: 0.0012ms
Step: 688.3454ms
====================================
Loop: 48
  Solve: 0.0010ms
Step: 293.4977ms
====================================
Loop: 49
  Solve: 0.0010ms
Step: 287.6496ms
====================================
Loop: 50
  Solve: 0.0012ms
Step: 295.4069ms
====================================
Loop: 51
  Solve: 0.0012ms
Step: 689.0222ms
====================================
Loop: 52
  Solve: 0.0011ms
Step: 297.3482ms
====================================
Loop: 53
  Solve: 0.0012ms
Step: 291.6711ms
====================================
Loop: 54
  Solve: 8.5623ms
Step: 299.5037ms
====================================
Loop: 55
  Solve: 12.5478ms
Step: 709.2418ms
====================================
Loop: 56
  Solve: 16.5101ms
Step: 328.4374ms
====================================
Loop: 57
  Solve: 14.8213ms
Step: 336.9919ms
====================================
Loop: 58
  Solve: 15.5616ms
Step: 320.7303ms
====================================
Loop: 59
  Solve: 19.3769ms
Step: 774.2375ms
====================================
Loop: 60
  Solve: 17.7295ms
Step: 322.3578ms
====================================
Loop: 61
  Solve: 19.9486ms
Step: 322.1373ms
====================================
Loop: 62
  Solve: 24.2469ms
Step: 688.5165ms
====================================
Loop: 63
  Solve: 26.3064ms
Step: 336.2618ms
====================================
Loop: 64
  Solve: 29.1893ms
Step: 348.5371ms
====================================
Loop: 65
  Solve: 31.6944ms
Step: 691.9199ms
====================================
Loop: 66
  Solve: 35.3778ms
Step: 360.3000ms
====================================
Loop: 67
  Solve: 37.7497ms
Step: 358.5519ms
====================================
Loop: 68
  Solve: 42.4125ms
Step: 701.4139ms
====================================
Loop: 69
  Solve: 44.6718ms
Step: 371.9557ms
====================================
Loop: 70
  Solve: 50.9629ms
Step: 381.7620ms
====================================
Loop: 71
  Solve: 53.6899ms
Step: 700.7812ms
====================================
Loop: 72
  Solve: 58.7526ms
Step: 397.7520ms
====================================
Loop: 73
  Solve: 57.4650ms
Step: 394.0855ms
====================================
Loop: 74
  Solve: 65.4567ms
Step: 706.3936ms
====================================
Loop: 75
  Solve: 64.0692ms
Step: 408.8735ms
====================================
Loop: 76
  Solve: 73.1616ms
Step: 422.7400ms
====================================
Loop: 77
  Solve: 80.2832ms
Step: 722.9383ms
====================================
Loop: 78
  Solve: 88.1948ms
Step: 456.2430ms
====================================
Loop: 79
  Solve: 92.6123ms
Step: 455.8178ms
====================================
Loop: 80
  Solve: 103.6344ms
Step: 744.1820ms
====================================
Loop: 81
  Solve: 113.4995ms
Step: 486.4775ms
====================================
Loop: 82
  Solve: 120.4956ms
Step: 499.0325ms
====================================
Loop: 83
  Solve: 127.0102ms
Step: 762.5638ms
====================================
Loop: 84
  Solve: 126.2806ms
Step: 513.1926ms
====================================
Loop: 85
  Solve: 139.1491ms
Step: 533.5767ms
====================================
Loop: 86
  Solve: 137.7825ms
Step: 777.6761ms
====================================
Loop: 87
  Solve: 143.2020ms
Step: 544.7988ms
====================================
Loop: 88
  Solve: 157.5272ms
Step: 563.1107ms
====================================
Loop: 89
  Solve: 151.5822ms
Step: 790.5534ms
====================================
Loop: 90
  Solve: 163.2311ms
Step: 581.3265ms
====================================
Loop: 91
  Solve: 170.6896ms
Step: 595.3390ms
====================================
Loop: 92
  Solve: 174.9217ms
Step: 815.0826ms
====================================
Loop: 93
  Solve: 185.4338ms
Step: 624.8824ms
====================================
Loop: 94
  Solve: 199.3322ms
Step: 842.2451ms
====================================
Loop: 95
  Solve: 197.8249ms
Step: 651.5040ms
====================================
Loop: 96
  Solve: 202.8547ms
Step: 922.1585ms
====================================
Loop: 97
  Solve: 206.0056ms
Step: 680.8198ms
====================================
Loop: 98
  Solve: 210.8139ms
Step: 874.4398ms
====================================
Loop: 99
  Solve: 221.8455ms
Step: 719.1459ms
====================================
Loop: 100
  Solve: 228.5371ms
Step: 914.5034ms
====================================
Loop: 101
  Solve: 226.3651ms
Step: 751.0712ms
====================================
Loop: 102
  Solve: 231.4027ms
Step: 934.2239ms
====================================
Loop: 103
  Solve: 238.4884ms
Step: 795.3443ms
====================================
Loop: 104
  Solve: 245.3840ms
Step: 967.7864ms
====================================
Loop: 105
  Solve: 253.0539ms
Step: 835.9883ms
====================================
Loop: 106
  Solve: 255.4572ms
Step: 988.9633ms
====================================
Loop: 107
  Solve: 259.6356ms
Step: 863.4449ms
====================================
Loop: 108
  Solve: 260.6917ms
Step: 1006.1848ms
====================================
Loop: 109
  Solve: 273.0173ms
Step: 905.4052ms
====================================
Loop: 110
  Solve: 272.1699ms
Step: 1038.3521ms
====================================
Loop: 111
  Solve: 275.8124ms
Step: 975.8861ms
====================================
Loop: 112
  Solve: 284.4146ms
Step: 1087.3030ms
====================================
Loop: 113
  Solve: 291.7296ms
Step: 997.1533ms
====================================
Loop: 114
  Solve: 298.5706ms
Step: 1120.1765ms
====================================
Loop: 115
  Solve: 333.4283ms
Step: 1102.1692ms
====================================
Loop: 116
  Solve: 304.5833ms
Step: 1167.9757ms
====================================
Loop: 117
  Solve: 303.5553ms
Step: 1088.9563ms
====================================
Loop: 118
  Solve: 309.0040ms
Step: 1198.5353ms
====================================
Loop: 119
  Solve: 318.1534ms
Step: 1174.2959ms
====================================
Loop: 120
  Solve: 343.3363ms
Step: 1290.3043ms
====================================
Loop: 121
  Solve: 327.4816ms
Step: 1218.8838ms
====================================
Loop: 122
  Solve: 321.9432ms
Step: 1310.4604ms
====================================
Loop: 123
  Solve: 332.6770ms
Step: 1271.8408ms
====================================
Loop: 124
  Solve: 325.5030ms
Step: 1345.4032ms
====================================
Loop: 125
  Solve: 333.2725ms
Step: 1322.3552ms
====================================
Loop: 126
  Solve: 340.6364ms
Step: 1434.9744ms
====================================
Loop: 127
  Solve: 337.3529ms
Step: 1375.3440ms
====================================
Loop: 128
  Solve: 343.8916ms
Step: 1503.3706ms
====================================
Loop: 129
  Solve: 344.0966ms
Step: 1418.6653ms
====================================
Loop: 130
  Solve: 338.4832ms
Step: 1466.3088ms
====================================
Loop: 131
  Solve: 343.0453ms
Step: 1455.1077ms
====================================
Loop: 132
  Solve: 342.0372ms
Step: 1484.5305ms
====================================
Loop: 133
  Solve: 347.0292ms
Step: 1499.0963ms
====================================
Loop: 134
  Solve: 356.7668ms
Step: 1523.3812ms
====================================
Loop: 135
  Solve: 352.6526ms
Step: 1532.0109ms
====================================
Loop: 136
  Solve: 340.4077ms
Step: 1525.4995ms
====================================
Loop: 137
  Solve: 336.8918ms
Step: 1516.6453ms
====================================
Loop: 138
  Solve: 330.7015ms
Step: 1521.3457ms
====================================
Loop: 139
  Solve: 328.7349ms
Step: 1571.9974ms
====================================
Loop: 140
  Solve: 320.7589ms
Step: 1512.2524ms
====================================
Loop: 141
  Solve: 311.1302ms
Step: 1505.2009ms
====================================
Loop: 142
  Solve: 306.5173ms
Step: 1501.7666ms
====================================
Loop: 143
  Solve: 306.3957ms
Step: 1503.6587ms
====================================
Loop: 144
  Solve: 297.8362ms
Step: 1508.7861ms
====================================
Loop: 145
  Solve: 291.5749ms
Step: 1490.7367ms
====================================
Loop: 146
  Solve: 287.6555ms
Step: 1501.0107ms
====================================
Loop: 147
  Solve: 292.7912ms
Step: 1493.2806ms
====================================
Loop: 148
  Solve: 285.8767ms
Step: 1506.7206ms
====================================
Loop: 149
  Solve: 280.7979ms
Step: 1481.4170ms
====================================
Loop: 150
  Solve: 272.4572ms
Step: 1492.0031ms
====================================
Loop: 151
  Solve: 269.2589ms
Step: 1471.8245ms
====================================
Loop: 152
  Solve: 267.7303ms
Step: 1479.6050ms
====================================
Loop: 153
  Solve: 266.2653ms
Step: 1469.0747ms
====================================
Loop: 154
  Solve: 265.1687ms
Step: 1489.9288ms
====================================
Loop: 155
  Solve: 268.6739ms
Step: 1471.6517ms
====================================
Loop: 156
  Solve: 268.9766ms
Step: 1510.0216ms
====================================
Loop: 157
  Solve: 263.9020ms
Step: 1469.6406ms
====================================
Loop: 158
  Solve: 252.7838ms
Step: 1462.1549ms
====================================
Loop: 159
  Solve: 262.6030ms
Step: 1470.2277ms
====================================
Loop: 160
  Solve: 250.3815ms
Step: 1453.8787ms
====================================
Loop: 161
  Solve: 244.8571ms
Step: 1500.4446ms
====================================
Loop: 162
  Solve: 246.2216ms
Step: 1448.0786ms
====================================
Loop: 163
  Solve: 230.3533ms
Step: 1437.5699ms
====================================
Loop: 164
  Solve: 225.6700ms
Step: 1426.3082ms
====================================
Loop: 165
  Solve: 225.7904ms
Step: 1427.4310ms
====================================
Loop: 166
  Solve: 220.0627ms
Step: 1417.5952ms
====================================
Loop: 167
  Solve: 219.9226ms
Step: 1415.0635ms
====================================
Loop: 168
  Solve: 215.2973ms
Step: 1446.7607ms
====================================
Loop: 169
  Solve: 211.7994ms
Step: 1398.9148ms
====================================
Loop: 170
  Solve: 203.8896ms
Step: 1388.6333ms
====================================
Loop: 171
  Solve: 206.5111ms
Step: 1386.3654ms
====================================
Loop: 172
  Solve: 203.6017ms
Step: 1382.6223ms
====================================
Loop: 173
  Solve: 200.1054ms
Step: 1378.0945ms
====================================
Loop: 174
  Solve: 192.5092ms
Step: 1372.2454ms
====================================
Loop: 175
  Solve: 191.0694ms
Step: 1404.1807ms
====================================
Loop: 176
  Solve: 196.6951ms
Step: 1387.8644ms
====================================
Loop: 177
  Solve: 185.8406ms
Step: 1368.5299ms
====================================
Loop: 178
  Solve: 183.8231ms
Step: 1376.7566ms
====================================
Loop: 179
  Solve: 182.8326ms
Step: 1370.2266ms
====================================
Loop: 180
  Solve: 187.1505ms
Step: 1355.1405ms
====================================
Loop: 181
  Solve: 179.4975ms
Step: 1345.8423ms
====================================
Loop: 182
  Solve: 182.4310ms
Step: 1413.1936ms
====================================
Loop: 183
  Solve: 176.3355ms
Step: 1349.1631ms
====================================
Loop: 184
  Solve: 187.1193ms
Step: 1340.7245ms
====================================
Loop: 185
  Solve: 182.8663ms
Step: 1347.8425ms
====================================
Loop: 186
  Solve: 179.3900ms
Step: 1348.8416ms
====================================
Loop: 187
  Solve: 189.5046ms
Step: 1334.6768ms
====================================
Loop: 188
  Solve: 175.4056ms
Step: 1335.3577ms
====================================
Loop: 189
  Solve: 181.1899ms
Step: 1364.1708ms
====================================
Loop: 190
  Solve: 188.9430ms
Step: 1334.0071ms
====================================
Loop: 191
  Solve: 172.6638ms
Step: 1326.1132ms
====================================
Loop: 192
  Solve: 174.0349ms
Step: 1333.5251ms
====================================
Loop: 193
  Solve: 183.9017ms
Step: 1315.9113ms
====================================
Loop: 194
  Solve: 172.8028ms
Step: 1314.9642ms
====================================
Loop: 195
  Solve: 172.4227ms
Step: 1321.7263ms
====================================
Loop: 196
  Solve: 188.9500ms
Step: 1321.4250ms
====================================
Loop: 197
  Solve: 172.9567ms
Step: 1313.6088ms
====================================
Loop: 198
  Solve: 176.7908ms
Step: 1321.6506ms
====================================
Loop: 199
  Solve: 183.3459ms
Step: 1308.1533ms
====================================
Loop: 200
  Solve: 181.0112ms
Step: 1320.8594ms
====================================
Loop: 201
  Solve: 184.8411ms
Step: 1318.1652ms
====================================
Loop: 202
  Solve: 182.0026ms
Step: 1312.9429ms
====================================
Loop: 203
  Solve: 174.9584ms
Step: 1311.7469ms
====================================
Loop: 204
  Solve: 180.5094ms
Step: 1315.0979ms
====================================
Loop: 205
  Solve: 176.8798ms
Step: 1317.1807ms
====================================
Loop: 206
  Solve: 176.8288ms
Step: 1347.8392ms
====================================
Loop: 207
  Solve: 187.2551ms
Step: 1333.9066ms
====================================
Loop: 208
  Solve: 176.6009ms
Step: 1318.3130ms
====================================
Loop: 209
  Solve: 178.3177ms
Step: 1314.4077ms
====================================
Loop: 210
  Solve: 176.3753ms
Step: 1312.0502ms
====================================
Loop: 211
  Solve: 174.9324ms
Step: 1319.3418ms
====================================
Loop: 212
  Solve: 190.5267ms
Step: 1323.6956ms
====================================
Loop: 213
  Solve: 176.1790ms
Step: 1319.5350ms
====================================
Loop: 214
  Solve: 177.9956ms
Step: 1338.0408ms
====================================
Loop: 215
  Solve: 190.0846ms
Step: 1333.7074ms
====================================
Loop: 216
  Solve: 237.7180ms
Step: 1396.5298ms
====================================
Loop: 217
  Solve: 177.7779ms
Step: 1352.8079ms
====================================
Loop: 218
  Solve: 181.7495ms
Step: 1346.9877ms
====================================
Loop: 219
  Solve: 188.9818ms
Step: 1405.8364ms
====================================
Loop: 220
  Solve: 189.0721ms
Step: 1352.8640ms
====================================
Loop: 221
  Solve: 184.7740ms
Step: 1357.3964ms
====================================
Loop: 222
  Solve: 190.7160ms
Step: 1363.6429ms
====================================
Loop: 223
  Solve: 195.1529ms
Step: 1347.8173ms
====================================
Loop: 224
  Solve: 209.4268ms
Step: 1479.5989ms
====================================
Loop: 225
  Solve: 254.5970ms
Step: 1635.7767ms
====================================
Loop: 226
  Solve: 189.2573ms
Step: 1401.3169ms
====================================
Loop: 227
  Solve: 204.2009ms
Step: 1410.2596ms
====================================
Loop: 228
  Solve: 192.3309ms
Step: 1366.1135ms
====================================
Loop: 229
  Solve: 195.4703ms
Step: 1360.9825ms
====================================
Loop: 230
  Solve: 204.1478ms
Step: 1367.9011ms
====================================
Loop: 231
  Solve: 192.2214ms
Step: 1354.1199ms
====================================
Loop: 232
  Solve: 197.0291ms
Step: 1375.6113ms
====================================
Loop: 233
  Solve: 258.2886ms
Step: 1424.0830ms
====================================
Loop: 234
  Solve: 203.5110ms
Step: 1378.0594ms
====================================
Loop: 235
  Solve: 202.6789ms
Step: 1367.2709ms
====================================
Loop: 236
  Solve: 196.6102ms
Step: 1377.0621ms
====================================
Loop: 237
  Solve: 200.6221ms
Step: 1362.2726ms
====================================
Loop: 238
  Solve: 204.3398ms
Step: 1363.9331ms
====================================
Loop: 239
  Solve: 194.5774ms
Step: 1355.8967ms
====================================
Loop: 240
  Solve: 194.1499ms
Step: 1362.1042ms
====================================
Loop: 241
  Solve: 198.1746ms
Step: 1359.2397ms
====================================
Loop: 242
  Solve: 199.0039ms
Step: 1404.7109ms
====================================
Loop: 243
  Solve: 194.5661ms
Step: 1371.2297ms
====================================
Loop: 244
  Solve: 193.5616ms
Step: 1365.0796ms
====================================
Loop: 245
  Solve: 192.4535ms
Step: 1348.3562ms
====================================
Loop: 246
  Solve: 200.5111ms
Step: 1365.9579ms
====================================
Loop: 247
  Solve: 190.7340ms
Step: 1357.4830ms
====================================
Loop: 248
  Solve: 197.1316ms
Step: 1362.8621ms
====================================
Loop: 249
  Solve: 249.3249ms
Step: 1400.8726ms
====================================
Loop: 250
  Solve: 192.1288ms
Step: 1353.1963ms
====================================
Loop: 251
  Solve: 192.8232ms
Step: 1356.4722ms
====================================
Loop: 252
  Solve: 201.8338ms
Step: 1367.9109ms
====================================
Loop: 253
  Solve: 194.5806ms
Step: 1357.5319ms
====================================
Loop: 254
  Solve: 201.1510ms
Step: 1381.2983ms
====================================
Loop: 255
  Solve: 196.1139ms
Step: 1369.4800ms
====================================
Loop: 256
  Solve: 193.4484ms
Step: 1377.7126ms
====================================
Loop: 257
  Solve: 204.1980ms
Step: 1399.4366ms
====================================
Loop: 258
  Solve: 194.1925ms
Step: 1378.2222ms
====================================
Loop: 259
  Solve: 197.9596ms
Step: 1368.1632ms
====================================
Loop: 260
  Solve: 202.5211ms
Step: 1412.9221ms
====================================
Loop: 261
  Solve: 207.0127ms
Step: 1372.5731ms
====================================
Loop: 262
  Solve: 215.1275ms
Step: 1393.8597ms
====================================
Loop: 263
  Solve: 200.1693ms
Step: 1374.5220ms
====================================
Loop: 264
  Solve: 204.8573ms
Step: 1378.2744ms
====================================
Loop: 265
  Solve: 221.1042ms
Step: 1402.1893ms
====================================
Loop: 266
  Solve: 231.6742ms
Step: 1473.6521ms
====================================
Loop: 267
  Solve: 211.3988ms
Step: 1382.9552ms
====================================
Loop: 268
  Solve: 202.4910ms
Step: 1381.8334ms
====================================
Loop: 269
  Solve: 206.7320ms
Step: 1370.6140ms
====================================
Loop: 270
  Solve: 207.7442ms
Step: 1387.3115ms
====================================
Loop: 271
  Solve: 197.6329ms
Step: 1375.7795ms
====================================
Loop: 272
  Solve: 209.7609ms
Step: 1396.9069ms
====================================
Loop: 273
  Solve: 205.4274ms
Step: 1374.6727ms
====================================
Loop: 274
  Solve: 207.2835ms
Step: 1385.4459ms
====================================
Loop: 275
  Solve: 200.0526ms
Step: 1367.9771ms
====================================
Loop: 276
  Solve: 200.4513ms
Step: 1394.5898ms
====================================
Loop: 277
  Solve: 203.9645ms
Step: 1383.1246ms
====================================
Loop: 278
  Solve: 205.3235ms
Step: 1380.8950ms
====================================
Loop: 279
  Solve: 199.2869ms
Step: 1371.8427ms
====================================
Loop: 280
  Solve: 204.3207ms
Step: 1396.2334ms
====================================
Loop: 281
  Solve: 201.0569ms
Step: 1385.7446ms
====================================
Loop: 282
  Solve: 213.9452ms
Step: 1402.9847ms
====================================
Loop: 283
  Solve: 217.5741ms
Step: 1419.0326ms
====================================
Loop: 284
  Solve: 202.1789ms
Step: 1401.9791ms
====================================
Loop: 285
  Solve: 205.2068ms
Step: 1411.0746ms
====================================
Loop: 286
  Solve: 201.2395ms
Step: 1387.8386ms
====================================
Loop: 287
  Solve: 209.6576ms
Step: 1404.4573ms
====================================
Loop: 288
  Solve: 210.1953ms
Step: 1401.6366ms
====================================
Loop: 289
  Solve: 200.2665ms
Step: 1398.2344ms
====================================
Loop: 290
  Solve: 212.8459ms
Step: 1422.2125ms
====================================
Loop: 291
  Solve: 202.8227ms
Step: 1390.8347ms
====================================
Loop: 292
  Solve: 214.0520ms
Step: 1397.1450ms
====================================
Loop: 293
  Solve: 208.6627ms
Step: 1397.6235ms
====================================
Loop: 294
  Solve: 202.4592ms
Step: 1451.6582ms
====================================
Loop: 295
  Solve: 202.2119ms
Step: 1391.4276ms
====================================
Loop: 296
  Solve: 201.0992ms
Step: 1383.1768ms
====================================
Loop: 297
  Solve: 210.5020ms
Step: 1390.9554ms
====================================
Loop: 298
  Solve: 206.6670ms
Step: 1388.4551ms
====================================
Loop: 299
  Solve: 195.8060ms
Step: 1389.7424ms
====================================
Loop: 300
  Solve: 206.7536ms
Step: 1409.3391ms
====================================
Loop: 301
  Solve: 201.0872ms
Step: 1369.4586ms
====================================
Loop: 302
  Solve: 203.8769ms
Step: 1368.3430ms
====================================
Loop: 303
  Solve: 199.0547ms
Step: 1370.9359ms
====================================
Loop: 304
  Solve: 195.8190ms
Step: 1364.0983ms
====================================
Loop: 305
  Solve: 203.9740ms
Step: 1366.5444ms
====================================
Loop: 306
  Solve: 192.8721ms
Step: 1356.7256ms
====================================
Loop: 307
  Solve: 195.7599ms
Step: 1370.5979ms
====================================
Loop: 308
  Solve: 202.7371ms
Step: 1360.4113ms
====================================
Loop: 309
  Solve: 192.8954ms
Step: 1347.5027ms
====================================
Loop: 310
  Solve: 188.9427ms
Step: 1347.9636ms
====================================
Loop: 311
  Solve: 193.5438ms
Step: 1345.6174ms
====================================
Loop: 312
  Solve: 196.5787ms
Step: 1336.5508ms
====================================
Loop: 313
  Solve: 189.1861ms
Step: 1337.0022ms
====================================
Loop: 314
  Solve: 201.2895ms
Step: 1331.9852ms
====================================
Loop: 315
  Solve: 194.4607ms
Step: 1328.0383ms
====================================
Loop: 316
  Solve: 184.9928ms
Step: 1337.2794ms
====================================
Loop: 317
  Solve: 195.3110ms
Step: 1329.3953ms
====================================
Loop: 318
  Solve: 188.3351ms
Step: 1307.6832ms
====================================
Loop: 319
  Solve: 185.7083ms
Step: 1339.6138ms
====================================
Loop: 320
  Solve: 192.8963ms
Step: 1312.8788ms
====================================
Loop: 321
  Solve: 199.7220ms
Step: 1326.3888ms
====================================
Loop: 322
  Solve: 182.8204ms
Step: 1324.9805ms
====================================
Loop: 323
  Solve: 194.1811ms
Step: 1306.5433ms
====================================
Loop: 324
  Solve: 179.2684ms
Step: 1293.2228ms
====================================
Loop: 325
  Solve: 182.1198ms
Step: 1361.2546ms
====================================
Loop: 326
  Solve: 187.7024ms
Step: 1292.7167ms
====================================
Loop: 327
  Solve: 175.4761ms
Step: 1294.7051ms
====================================
Loop: 328
  Solve: 181.0210ms
Step: 1283.9183ms
====================================
Loop: 329
  Solve: 175.0049ms
Step: 1280.1852ms
====================================
Loop: 330
  Solve: 179.2715ms
Step: 1278.7135ms
====================================
Loop: 331
  Solve: 175.5577ms
Step: 1268.3311ms
====================================
Loop: 332
  Solve: 174.7208ms
Step: 1273.3495ms
====================================
Loop: 333
  Solve: 181.6490ms
Step: 1272.0071ms
====================================
Loop: 334
  Solve: 207.5127ms
Step: 1307.8010ms
====================================
Loop: 335
  Solve: 177.1194ms
Step: 1257.5229ms
====================================
Loop: 336
  Solve: 171.1268ms
Step: 1272.3171ms
====================================
Loop: 337
  Solve: 187.1483ms
Step: 1266.2712ms
====================================
Loop: 338
  Solve: 168.1754ms
Step: 1252.1111ms
====================================
Loop: 339
  Solve: 179.9664ms
Step: 1238.6219ms
====================================
Loop: 340
  Solve: 165.3268ms
Step: 1241.5129ms
====================================
Loop: 341
  Solve: 178.9736ms
Step: 1239.7942ms
====================================
Loop: 342
  Solve: 170.6221ms
Step: 1241.7382ms
====================================
Loop: 343
  Solve: 167.3969ms
Step: 1225.9729ms
====================================
Loop: 344
  Solve: 162.6044ms
Step: 1289.6471ms
====================================
Loop: 345
  Solve: 163.1397ms
Step: 1201.1244ms
====================================
Loop: 346
  Solve: 160.3475ms
Step: 1215.2216ms
====================================
Loop: 347
  Solve: 158.2883ms
Step: 1195.4666ms
====================================
Loop: 348
  Solve: 164.0496ms
Step: 1192.0076ms
====================================
Loop: 349
  Solve: 166.1856ms
Step: 1237.9149ms
====================================
Loop: 350
  Solve: 167.5709ms
Step: 1181.4889ms
====================================
Loop: 351
  Solve: 156.8281ms
Step: 1179.4945ms
====================================
Loop: 352
  Solve: 154.3285ms
Step: 1174.7484ms
====================================
Loop: 353
  Solve: 161.4821ms
Step: 1204.2993ms
====================================
Loop: 354
  Solve: 151.9294ms
Step: 1175.8871ms
====================================
Loop: 355
  Solve: 153.4077ms
Step: 1166.3497ms
====================================
Loop: 356
  Solve: 166.1583ms
Step: 1160.6334ms
====================================
Loop: 357
  Solve: 148.6369ms
Step: 1150.5271ms
====================================
Loop: 358
  Solve: 150.5687ms
Step: 1146.0542ms
====================================
Loop: 359
  Solve: 150.6235ms
Step: 1135.3888ms
====================================
Loop: 360
  Solve: 149.4836ms
Step: 1136.8093ms
====================================
Loop: 361
  Solve: 147.2572ms
Step: 1145.1865ms
====================================
Loop: 362
  Solve: 149.0940ms
Step: 1129.2360ms
====================================
Loop: 363
  Solve: 158.3231ms
Step: 1127.3163ms
====================================
Loop: 364
  Solve: 149.0992ms
Step: 1125.8722ms
====================================
Loop: 365
  Solve: 148.0583ms
Step: 1125.5449ms
====================================
Loop: 366
  Solve: 147.4172ms
Step: 1112.0648ms
====================================
Loop: 367
  Solve: 146.4433ms
Step: 1102.2670ms
====================================
Loop: 368
  Solve: 155.8669ms
Step: 1152.4248ms
====================================
Loop: 369
  Solve: 143.6370ms
Step: 1105.8044ms
====================================
Loop: 370
  Solve: 147.1033ms
Step: 1129.9814ms
====================================
Loop: 371
  Solve: 152.4761ms
Step: 1091.3788ms
====================================
Loop: 372
  Solve: 157.1752ms
Step: 1097.4686ms
====================================
Loop: 373
  Solve: 140.8131ms
Step: 1079.7107ms
====================================
Loop: 374
  Solve: 140.7175ms
Step: 1080.8082ms
====================================
Loop: 375
  Solve: 139.9025ms
Step: 1075.2891ms
====================================
Loop: 376
  Solve: 142.5216ms
Step: 1134.1857ms
====================================
Loop: 377
  Solve: 141.1294ms
Step: 1066.2040ms
====================================
Loop: 378
  Solve: 146.6273ms
Step: 1071.5488ms
====================================
Loop: 379
  Solve: 140.7462ms
Step: 1054.1428ms
====================================
Loop: 380
  Solve: 137.6106ms
Step: 1056.3428ms
====================================
Loop: 381
  Solve: 138.0621ms
Step: 1065.5039ms
====================================
Loop: 382
  Solve: 135.0349ms
Step: 1041.1746ms
====================================
Loop: 383
  Solve: 134.3587ms
Step: 1049.3240ms
====================================
Loop: 384
  Solve: 134.3485ms
Step: 1041.5800ms
====================================
Loop: 385
  Solve: 134.5065ms
Step: 1027.8693ms
====================================
Loop: 386
  Solve: 141.2365ms
Step: 1038.0530ms
====================================
Loop: 387
  Solve: 145.3030ms
Step: 1031.9551ms
====================================
Loop: 388
  Solve: 138.1936ms
Step: 1025.9133ms
====================================
Loop: 389
  Solve: 136.3891ms
Step: 1024.1460ms
====================================
Loop: 390
  Solve: 140.2285ms
Step: 1019.8906ms
====================================
Loop: 391
  Solve: 145.2705ms
Step: 1022.1865ms
====================================
Loop: 392
  Solve: 171.8443ms
Step: 1047.2539ms
====================================
Loop: 393
  Solve: 138.8512ms
Step: 1061.5515ms
====================================
Loop: 394
  Solve: 136.1766ms
Step: 1016.4200ms
====================================
Loop: 395
  Solve: 129.3254ms
Step: 1004.0262ms
====================================
Loop: 396
  Solve: 129.6385ms
Step: 997.6285ms
====================================
Loop: 397
  Solve: 130.3391ms
Step: 996.2281ms
====================================
Loop: 398
  Solve: 130.7012ms
Step: 991.8082ms
====================================
Loop: 399
  Solve: 135.9335ms
Step: 1024.4810ms
====================================
Loop: 400
  Solve: 127.5703ms
Step: 981.4286ms
====================================
Loop: 401
  Solve: 126.2668ms
Step: 983.6180ms
====================================
Loop: 402
  Solve: 128.6478ms
Step: 978.0247ms
====================================
Loop: 403
  Solve: 131.4750ms
Step: 1000.8801ms
====================================
Loop: 404
  Solve: 133.2857ms
Step: 976.7292ms
====================================
Loop: 405
  Solve: 133.5962ms
Step: 968.9976ms
====================================
Loop: 406
  Solve: 132.7798ms
Step: 972.0151ms
====================================
Loop: 407
  Solve: 131.0483ms
Step: 958.1394ms
====================================
Loop: 408
  Solve: 138.2838ms
Step: 971.1215ms
====================================
Loop: 409
  Solve: 129.3257ms
Step: 958.1022ms
====================================
Loop: 410
  Solve: 134.9128ms
Step: 962.4438ms
====================================
Loop: 411
  Solve: 124.7461ms
Step: 945.4011ms
====================================
Loop: 412
  Solve: 123.7805ms
Step: 941.7571ms
====================================
Loop: 413
  Solve: 123.6831ms
Step: 939.4244ms
====================================
Loop: 414
  Solve: 126.7547ms
Step: 934.7434ms
====================================
Loop: 415
  Solve: 129.3939ms
Step: 964.4279ms
====================================
Loop: 416
  Solve: 129.1260ms
Step: 939.8515ms
====================================
Loop: 417
  Solve: 130.3302ms
Step: 938.1485ms
====================================
Loop: 418
  Solve: 120.0828ms
Step: 928.6521ms
====================================
Loop: 419
  Solve: 120.8944ms
Step: 927.3514ms
====================================
Loop: 420
  Solve: 120.4057ms
Step: 924.0264ms
====================================
Loop: 421
  Solve: 120.1156ms
Step: 918.6420ms
====================================
Loop: 422
  Solve: 124.2388ms
Step: 918.7112ms
====================================
Loop: 423
  Solve: 158.1283ms
Step: 954.8734ms
====================================
Loop: 424
  Solve: 132.8555ms
Step: 926.4430ms
====================================
Loop: 425
  Solve: 124.8610ms
Step: 914.4728ms
====================================
Loop: 426
  Solve: 118.7603ms
Step: 902.1393ms
====================================
Loop: 427
  Solve: 118.9041ms
Step: 904.6567ms
====================================
Loop: 428
  Solve: 125.9507ms
Step: 905.1395ms
====================================
Loop: 429
  Solve: 119.2772ms
Step: 900.3469ms
====================================
Loop: 430
  Solve: 123.5870ms
Step: 938.9476ms
====================================
Loop: 431
  Solve: 117.9695ms
Step: 884.9881ms
====================================
Loop: 432
  Solve: 119.6466ms
Step: 894.1556ms
====================================
Loop: 433
  Solve: 125.4703ms
Step: 886.5865ms
====================================
Loop: 434
  Solve: 123.3037ms
Step: 891.0898ms
====================================
Loop: 435
  Solve: 124.3501ms
Step: 888.4171ms
====================================
Loop: 436
  Solve: 117.6351ms
Step: 877.0595ms
====================================
Loop: 437
  Solve: 121.9414ms
Step: 873.9922ms
====================================
Loop: 438
  Solve: 117.8012ms
Step: 877.5189ms
====================================
Loop: 439
  Solve: 117.5429ms
Step: 872.1119ms
====================================
Loop: 440
  Solve: 116.1916ms
Step: 874.3042ms
====================================
Loop: 441
  Solve: 121.6457ms
Step: 870.6327ms
====================================
Loop: 442
  Solve: 120.4905ms
Step: 872.6009ms
====================================
Loop: 443
  Solve: 123.1325ms
Step: 876.8029ms
====================================
Loop: 444
  Solve: 115.3687ms
Step: 867.5027ms
====================================
Loop: 445
  Solve: 122.7219ms
Step: 865.4017ms
====================================
Loop: 446
  Solve: 115.3138ms
Step: 871.2294ms
====================================
Loop: 447
  Solve: 116.0456ms
Step: 864.6573ms
====================================
Loop: 448
  Solve: 116.2967ms
Step: 861.8931ms
====================================
Loop: 449
  Solve: 118.8868ms
Step: 868.3045ms
====================================
Loop: 450
  Solve: 117.1575ms
Step: 863.0577ms
====================================
Loop: 451
  Solve: 116.2923ms
Step: 853.4659ms
====================================
Loop: 452
  Solve: 119.3913ms
Step: 857.8327ms
====================================
Loop: 453
  Solve: 119.0955ms
Step: 904.5062ms
====================================
Loop: 454
  Solve: 114.8943ms
Step: 856.9103ms
====================================
Loop: 455
  Solve: 118.0342ms
Step: 911.8268ms
====================================
Loop: 456
  Solve: 121.3758ms
Step: 871.0653ms
====================================
Loop: 457
  Solve: 118.6493ms
Step: 851.3821ms
====================================
Loop: 458
  Solve: 118.5088ms
Step: 850.9567ms
====================================
Loop: 459
  Solve: 116.2126ms
Step: 842.3927ms
====================================
Loop: 460
  Solve: 134.5645ms
Step: 859.0206ms
====================================
Loop: 461
  Solve: 114.3740ms
Step: 840.6907ms
====================================
Loop: 462
  Solve: 127.0424ms
Step: 897.8264ms
====================================
Loop: 463
  Solve: 119.4585ms
Step: 842.9517ms
====================================
Loop: 464
  Solve: 121.9110ms
Step: 846.3647ms
====================================
Loop: 465
  Solve: 122.5393ms
Step: 835.1755ms
====================================
Loop: 466
  Solve: 119.0957ms
Step: 827.8345ms
====================================
Loop: 467
  Solve: 120.5377ms
Step: 834.4006ms
====================================
Loop: 468
  Solve: 114.7169ms
Step: 821.2698ms
====================================
Loop: 469
  Solve: 118.3179ms
Step: 828.4306ms
====================================
Loop: 470
  Solve: 115.5674ms
Step: 829.2384ms
====================================
Loop: 471
  Solve: 125.6288ms
Step: 824.3896ms
====================================
Loop: 472
  Solve: 126.6761ms
Step: 831.0985ms
====================================
Loop: 473
  Solve: 114.8706ms
Step: 829.1478ms
====================================
Loop: 474
  Solve: 115.3276ms
Step: 820.0306ms
====================================
Loop: 475
  Solve: 123.7793ms
Step: 825.4496ms
====================================
Loop: 476
  Solve: 115.6158ms
Step: 825.3466ms
====================================
Loop: 477
  Solve: 117.1672ms
Step: 809.9131ms
====================================
Loop: 478
  Solve: 117.7630ms
Step: 814.2166ms
====================================
Loop: 479
  Solve: 119.8489ms
Step: 818.5735ms
====================================
Loop: 480
  Solve: 117.8391ms
Step: 812.3080ms
====================================
Loop: 481
  Solve: 115.9157ms
Step: 811.6890ms
====================================
Loop: 482
  Solve: 125.8231ms
Step: 813.6363ms
====================================
Loop: 483
  Solve: 126.5166ms
Step: 817.7633ms
====================================
Loop: 484
  Solve: 114.9906ms
Step: 822.7469ms
====================================
Loop: 485
  Solve: 126.1062ms
Step: 865.5133ms
====================================
Loop: 486
  Solve: 120.2150ms
Step: 856.2192ms
====================================
Loop: 487
  Solve: 116.0339ms
Step: 810.3450ms
====================================
Loop: 488
  Solve: 122.6164ms
Step: 815.6678ms
====================================
Loop: 489
  Solve: 114.4899ms
Step: 804.4258ms
====================================
Loop: 490
  Solve: 113.6661ms
Step: 803.0804ms
====================================
Loop: 491
  Solve: 117.7157ms
Step: 868.2555ms
====================================
Loop: 492
  Solve: 117.5482ms
Step: 807.4484ms
====================================
Loop: 493
  Solve: 141.0507ms
Step: 828.2895ms
====================================
Loop: 494
  Solve: 117.5974ms
Step: 803.4593ms
====================================
Loop: 495
  Solve: 114.0952ms
Step: 800.0954ms
====================================
Loop: 496
  Solve: 116.6502ms
Step: 800.5658ms
====================================
Loop: 497
  Solve: 116.1242ms
Step: 802.9280ms
====================================
Loop: 498
  Solve: 152.5457ms
Step: 837.6308ms
====================================
Loop: 499
  Solve: 118.3659ms
Step: 797.3875ms
====================================
Loop: 500
  Solve: 121.6122ms
Step: 831.6457ms
====================================
