Using platform vendor: NVIDIA Corporation
Loop: 0
  Solve: 0.0010ms
Step: 606.9658ms
====================================
Loop: 1
  Solve: 0.0013ms
Step: 297.7107ms
====================================
Loop: 2
  Solve: 0.0012ms
Step: 298.8455ms
====================================
Loop: 3
  Solve: 0.0012ms
Step: 293.8270ms
====================================
Loop: 4
  Solve: 0.0010ms
Step: 294.7194ms
====================================
Loop: 5
  Solve: 0.0011ms
Step: 302.6398ms
====================================
Loop: 6
  Solve: 0.0012ms
Step: 297.8557ms
====================================
Loop: 7
  Solve: 0.0011ms
Step: 297.3786ms
====================================
Loop: 8
  Solve: 0.0012ms
Step: 294.3965ms
====================================
Loop: 9
  Solve: 0.0014ms
Step: 338.2643ms
====================================
Loop: 10
  Solve: 0.0012ms
Step: 301.3561ms
====================================
Loop: 11
  Solve: 0.0012ms
Step: 298.7774ms
====================================
Loop: 12
  Solve: 0.0012ms
Step: 344.1596ms
====================================
Loop: 13
  Solve: 0.0013ms
Step: 298.3693ms
====================================
Loop: 14
  Solve: 0.0011ms
Step: 295.2104ms
====================================
Loop: 15
  Solve: 0.0013ms
Step: 301.7652ms
====================================
Loop: 16
  Solve: 0.0012ms
Step: 366.6100ms
====================================
Loop: 17
  Solve: 0.0012ms
Step: 291.4322ms
====================================
Loop: 18
  Solve: 0.0010ms
Step: 706.4995ms
====================================
Loop: 19
  Solve: 0.0010ms
Step: 291.9789ms
====================================
Loop: 20
  Solve: 0.0008ms
Step: 299.6522ms
====================================
Loop: 21
  Solve: 0.0013ms
Step: 295.8431ms
====================================
Loop: 22
  Solve: 0.0012ms
Step: 299.7455ms
====================================
Loop: 23
  Solve: 0.0011ms
Step: 297.9861ms
====================================
Loop: 24
  Solve: 0.0011ms
Step: 298.3577ms
====================================
Loop: 25
  Solve: 0.0011ms
Step: 298.5656ms
====================================
Loop: 26
  Solve: 0.0012ms
Step: 713.6332ms
====================================
Loop: 27
  Solve: 0.0010ms
Step: 299.1497ms
====================================
Loop: 28
  Solve: 0.0011ms
Step: 294.6992ms
====================================
Loop: 29
  Solve: 0.0014ms
Step: 295.2292ms
====================================
Loop: 30
  Solve: 0.0012ms
Step: 366.3482ms
====================================
Loop: 31
  Solve: 0.0011ms
Step: 297.8537ms
====================================
Loop: 32
  Solve: 0.0013ms
Step: 302.9997ms
====================================
Loop: 33
  Solve: 0.0012ms
Step: 701.7146ms
====================================
Loop: 34
  Solve: 0.0013ms
Step: 303.0351ms
====================================
Loop: 35
  Solve: 0.0011ms
Step: 297.6660ms
====================================
Loop: 36
  Solve: 0.0011ms
Step: 295.6278ms
====================================
Loop: 37
  Solve: 0.0012ms
Step: 302.4719ms
====================================
Loop: 38
  Solve: 0.0012ms
Step: 707.6083ms
====================================
Loop: 39
  Solve: 0.0012ms
Step: 300.8808ms
====================================
Loop: 40
  Solve: 0.0013ms
Step: 303.0475ms
====================================
Loop: 41
  Solve: 0.0011ms
Step: 302.3567ms
====================================
Loop: 42
  Solve: 0.0012ms
Step: 297.5537ms
====================================
Loop: 43
  Solve: 0.0015ms
Step: 696.2729ms
====================================
Loop: 44
  Solve: 0.0010ms
Step: 297.8934ms
====================================
Loop: 45
  Solve: 0.0012ms
Step: 301.1595ms
====================================
Loop: 46
  Solve: 0.0014ms
Step: 300.0532ms
====================================
Loop: 47
  Solve: 0.0010ms
Step: 701.1455ms
====================================
Loop: 48
  Solve: 0.0011ms
Step: 296.7499ms
====================================
Loop: 49
  Solve: 0.0011ms
Step: 293.0274ms
====================================
Loop: 50
  Solve: 0.0012ms
Step: 303.6640ms
====================================
Loop: 51
  Solve: 0.0016ms
Step: 700.8475ms
====================================
Loop: 52
  Solve: 0.0012ms
Step: 305.3256ms
====================================
Loop: 53
  Solve: 0.0015ms
Step: 303.1328ms
====================================
Loop: 54
  Solve: 6.2105ms
Step: 302.7281ms
====================================
Loop: 55
  Solve: 10.2156ms
Step: 714.9194ms
====================================
Loop: 56
  Solve: 13.6508ms
Step: 315.4102ms
====================================
Loop: 57
  Solve: 15.4036ms
Step: 325.1561ms
====================================
Loop: 58
  Solve: 18.0497ms
Step: 329.4867ms
====================================
Loop: 59
  Solve: 21.6122ms
Step: 707.9000ms
====================================
Loop: 60
  Solve: 24.1308ms
Step: 400.5771ms
====================================
Loop: 61
  Solve: 27.9010ms
Step: 335.7304ms
====================================
Loop: 62
  Solve: 31.2267ms
Step: 701.7285ms
====================================
Loop: 63
  Solve: 39.3576ms
Step: 357.0780ms
====================================
Loop: 64
  Solve: 41.3994ms
Step: 361.2159ms
====================================
Loop: 65
  Solve: 44.2519ms
Step: 711.6786ms
====================================
Loop: 66
  Solve: 47.3966ms
Step: 374.9687ms
====================================
Loop: 67
  Solve: 52.3312ms
Step: 376.9398ms
====================================
Loop: 68
  Solve: 54.0785ms
Step: 716.2304ms
====================================
Loop: 69
  Solve: 58.4186ms
Step: 387.3459ms
====================================
Loop: 70
  Solve: 62.0541ms
Step: 391.7903ms
====================================
Loop: 71
  Solve: 70.8336ms
Step: 721.7610ms
====================================
Loop: 72
  Solve: 73.9243ms
Step: 412.7248ms
====================================
Loop: 73
  Solve: 76.0960ms
Step: 413.2755ms
====================================
Loop: 74
  Solve: 77.1505ms
Step: 721.6648ms
====================================
Loop: 75
  Solve: 87.0549ms
Step: 432.8585ms
====================================
Loop: 76
  Solve: 87.0771ms
Step: 437.4968ms
====================================
Loop: 77
  Solve: 102.9062ms
Step: 743.0494ms
====================================
Loop: 78
  Solve: 111.9694ms
Step: 477.4582ms
====================================
Loop: 79
  Solve: 118.7422ms
Step: 491.0088ms
====================================
Loop: 80
  Solve: 126.7089ms
Step: 768.7921ms
====================================
Loop: 81
  Solve: 140.3857ms
Step: 524.6619ms
====================================
Loop: 82
  Solve: 143.2785ms
Step: 522.9156ms
====================================
Loop: 83
  Solve: 148.6300ms
Step: 788.5696ms
====================================
Loop: 84
  Solve: 157.9650ms
Step: 552.5225ms
====================================
Loop: 85
  Solve: 159.5397ms
Step: 618.5807ms
====================================
Loop: 86
  Solve: 164.5359ms
Step: 808.4962ms
====================================
Loop: 87
  Solve: 172.3539ms
Step: 582.3329ms
====================================
Loop: 88
  Solve: 180.3028ms
Step: 592.2557ms
====================================
Loop: 89
  Solve: 186.5774ms
Step: 831.7078ms
====================================
Loop: 90
  Solve: 194.7198ms
Step: 621.0698ms
====================================
Loop: 91
  Solve: 202.8889ms
Step: 631.1442ms
====================================
Loop: 92
  Solve: 208.9206ms
Step: 854.4850ms
====================================
Loop: 93
  Solve: 217.7027ms
Step: 674.4507ms
====================================
Loop: 94
  Solve: 223.3238ms
Step: 868.8282ms
====================================
Loop: 95
  Solve: 227.1881ms
Step: 684.4219ms
====================================
Loop: 96
  Solve: 225.2143ms
Step: 885.0341ms
====================================
Loop: 97
  Solve: 230.6012ms
Step: 710.1436ms
====================================
Loop: 98
  Solve: 234.6925ms
Step: 904.8011ms
====================================
Loop: 99
  Solve: 242.4519ms
Step: 748.5823ms
====================================
Loop: 100
  Solve: 254.1129ms
Step: 937.5017ms
====================================
Loop: 101
  Solve: 255.4802ms
Step: 783.9081ms
====================================
Loop: 102
  Solve: 256.7206ms
Step: 969.1674ms
====================================
Loop: 103
  Solve: 264.4539ms
Step: 821.9293ms
====================================
Loop: 104
  Solve: 312.5795ms
Step: 1034.1470ms
====================================
Loop: 105
  Solve: 284.8430ms
Step: 879.7446ms
====================================
Loop: 106
  Solve: 293.2411ms
Step: 1032.3007ms
====================================
Loop: 107
  Solve: 298.7325ms
Step: 919.6342ms
====================================
Loop: 108
  Solve: 297.5224ms
Step: 1060.6858ms
====================================
Loop: 109
  Solve: 305.8699ms
Step: 957.8535ms
====================================
Loop: 110
  Solve: 313.4692ms
Step: 1104.0909ms
====================================
Loop: 111
  Solve: 315.1786ms
Step: 1008.4947ms
====================================
Loop: 112
  Solve: 317.0211ms
Step: 1140.9788ms
====================================
Loop: 113
  Solve: 320.7892ms
Step: 1051.0504ms
====================================
Loop: 114
  Solve: 323.9671ms
Step: 1174.1985ms
====================================
Loop: 115
  Solve: 333.0859ms
Step: 1098.6401ms
====================================
Loop: 116
  Solve: 337.5063ms
Step: 1223.4102ms
====================================
Loop: 117
  Solve: 343.3864ms
Step: 1158.2351ms
====================================
Loop: 118
  Solve: 345.2429ms
Step: 1249.7366ms
====================================
Loop: 119
  Solve: 345.0616ms
Step: 1210.6560ms
====================================
Loop: 120
  Solve: 363.8811ms
Step: 1330.3143ms
====================================
Loop: 121
  Solve: 358.4827ms
Step: 1277.7141ms
====================================
Loop: 122
  Solve: 361.2561ms
Step: 1375.1501ms
====================================
Loop: 123
  Solve: 369.9692ms
Step: 1350.6989ms
====================================
Loop: 124
  Solve: 366.6145ms
Step: 1416.7975ms
====================================
Loop: 125
  Solve: 370.7774ms
Step: 1407.2434ms
====================================
Loop: 126
  Solve: 384.5377ms
Step: 1478.3352ms
====================================
Loop: 127
  Solve: 381.2246ms
Step: 1472.0980ms
====================================
Loop: 128
  Solve: 386.4671ms
Step: 1510.1237ms
====================================
Loop: 129
  Solve: 382.8148ms
Step: 1511.5895ms
====================================
Loop: 130
  Solve: 387.3658ms
Step: 1566.7131ms
====================================
Loop: 131
  Solve: 386.3392ms
Step: 1559.4595ms
====================================
Loop: 132
  Solve: 388.6799ms
Step: 1647.7749ms
====================================
Loop: 133
  Solve: 389.3604ms
Step: 1602.7734ms
====================================
Loop: 134
  Solve: 385.3648ms
Step: 1603.8317ms
====================================
Loop: 135
  Solve: 381.6788ms
Step: 1610.5801ms
====================================
Loop: 136
  Solve: 374.3344ms
Step: 1613.9395ms
====================================
Loop: 137
  Solve: 367.4880ms
Step: 1600.2334ms
====================================
Loop: 138
  Solve: 359.1083ms
Step: 1594.8040ms
====================================
Loop: 139
  Solve: 356.4429ms
Step: 1593.3965ms
====================================
Loop: 140
  Solve: 381.4424ms
Step: 1637.6057ms
====================================
Loop: 141
  Solve: 338.6461ms
Step: 1593.2124ms
====================================
Loop: 142
  Solve: 338.0208ms
Step: 1623.2018ms
====================================
Loop: 143
  Solve: 328.4705ms
Step: 1576.3503ms
====================================
Loop: 144
  Solve: 326.6234ms
Step: 1580.2385ms
====================================
Loop: 145
  Solve: 326.4121ms
Step: 1576.3718ms
====================================
Loop: 146
  Solve: 380.8973ms
Step: 1911.2505ms
====================================
Loop: 147
  Solve: 325.3651ms
Step: 1820.6621ms
====================================
Loop: 148
  Solve: 312.5529ms
Step: 1633.6255ms
====================================
Loop: 149
  Solve: 312.3725ms
Step: 1562.8856ms
====================================
Loop: 150
  Solve: 305.6613ms
Step: 1550.7554ms
====================================
Loop: 151
  Solve: 307.1009ms
Step: 1562.0237ms
====================================
Loop: 152
  Solve: 301.7958ms
Step: 1556.1167ms
====================================
Loop: 153
  Solve: 291.8223ms
Step: 1549.8406ms
====================================
Loop: 154
  Solve: 296.8307ms
Step: 1556.3304ms
====================================
Loop: 155
  Solve: 289.4462ms
Step: 1544.6011ms
====================================
Loop: 156
  Solve: 289.6813ms
Step: 1543.4041ms
====================================
Loop: 157
  Solve: 284.1758ms
Step: 1606.3682ms
====================================
Loop: 158
  Solve: 280.0141ms
Step: 1599.7305ms
====================================
Loop: 159
  Solve: 275.4266ms
Step: 1550.7371ms
====================================
Loop: 160
  Solve: 270.0724ms
Step: 1536.1633ms
====================================
Loop: 161
  Solve: 270.5489ms
Step: 1588.5222ms
====================================
Loop: 162
  Solve: 260.1312ms
Step: 1537.5597ms
====================================
Loop: 163
  Solve: 260.8541ms
Step: 1533.6335ms
====================================
Loop: 164
  Solve: 255.5522ms
Step: 1529.9238ms
====================================
Loop: 165
  Solve: 249.7001ms
Step: 1507.5601ms
====================================
Loop: 166
  Solve: 243.9560ms
Step: 1518.5198ms
====================================
Loop: 167
  Solve: 240.2030ms
Step: 1515.0662ms
====================================
Loop: 168
  Solve: 239.5316ms
Step: 1512.8882ms
====================================
Loop: 169
  Solve: 232.9500ms
Step: 1509.3331ms
====================================
Loop: 170
  Solve: 227.5737ms
Step: 1504.5403ms
====================================
Loop: 171
  Solve: 226.4749ms
Step: 1503.6638ms
====================================
Loop: 172
  Solve: 229.2509ms
Step: 1550.8678ms
====================================
Loop: 173
  Solve: 220.1962ms
Step: 1547.7980ms
====================================
Loop: 174
  Solve: 215.5430ms
Step: 1485.9972ms
====================================
Loop: 175
  Solve: 211.2103ms
Step: 1473.1799ms
====================================
Loop: 176
  Solve: 211.4036ms
Step: 1478.6797ms
====================================
Loop: 177
  Solve: 212.2081ms
Step: 1471.1287ms
====================================
Loop: 178
  Solve: 209.3696ms
Step: 1470.3218ms
====================================
Loop: 179
  Solve: 202.3078ms
Step: 1458.9138ms
====================================
Loop: 180
  Solve: 196.5614ms
Step: 1461.4622ms
====================================
Loop: 181
  Solve: 198.8845ms
Step: 1448.2028ms
====================================
Loop: 182
  Solve: 195.6423ms
Step: 1435.2544ms
====================================
Loop: 183
  Solve: 199.9031ms
Step: 1446.5349ms
====================================
Loop: 184
  Solve: 191.7134ms
Step: 1433.9513ms
====================================
Loop: 185
  Solve: 196.8335ms
Step: 1450.6028ms
====================================
Loop: 186
  Solve: 197.5085ms
Step: 1436.3330ms
====================================
Loop: 187
  Solve: 198.1216ms
Step: 1426.8691ms
====================================
Loop: 188
  Solve: 191.5407ms
Step: 1418.6084ms
====================================
Loop: 189
  Solve: 197.7567ms
Step: 1429.7944ms
====================================
Loop: 190
  Solve: 196.2627ms
Step: 1418.8748ms
====================================
Loop: 191
  Solve: 192.9954ms
Step: 1414.3596ms
====================================
Loop: 192
  Solve: 198.3757ms
Step: 1428.5459ms
====================================
Loop: 193
  Solve: 200.0896ms
Step: 1423.4558ms
====================================
Loop: 194
  Solve: 203.1138ms
Step: 1426.9460ms
====================================
Loop: 195
  Solve: 204.5692ms
Step: 1421.6250ms
====================================
Loop: 196
  Solve: 203.0784ms
Step: 1429.7935ms
====================================
Loop: 197
  Solve: 206.3686ms
Step: 1427.4227ms
====================================
Loop: 198
  Solve: 207.6428ms
Step: 1435.8972ms
====================================
Loop: 199
  Solve: 210.0098ms
Step: 1434.8585ms
====================================
Loop: 200
  Solve: 209.5148ms
Step: 1419.1531ms
====================================
Loop: 201
  Solve: 205.6992ms
Step: 1454.4648ms
====================================
Loop: 202
  Solve: 211.7247ms
Step: 1424.3850ms
====================================
Loop: 203
  Solve: 214.2851ms
Step: 1427.8568ms
====================================
Loop: 204
  Solve: 215.6033ms
Step: 1431.6509ms
====================================
Loop: 205
  Solve: 212.1774ms
Step: 1424.9307ms
====================================
Loop: 206
  Solve: 216.2435ms
Step: 1427.3813ms
====================================
Loop: 207
  Solve: 215.7463ms
Step: 1424.1099ms
====================================
Loop: 208
  Solve: 216.8824ms
Step: 1431.5393ms
====================================
Loop: 209
  Solve: 218.5410ms
Step: 1482.6472ms
====================================
Loop: 210
  Solve: 220.9157ms
Step: 1426.5364ms
====================================
Loop: 211
  Solve: 219.0243ms
Step: 1417.7725ms
====================================
Loop: 212
  Solve: 215.5469ms
Step: 1427.4739ms
====================================
Loop: 213
  Solve: 215.3391ms
Step: 1427.8860ms
====================================
Loop: 214
  Solve: 218.6618ms
Step: 1420.7876ms
====================================
Loop: 215
  Solve: 210.8238ms
Step: 1415.2449ms
====================================
Loop: 216
  Solve: 216.7658ms
Step: 1413.7979ms
====================================
Loop: 217
  Solve: 213.0222ms
Step: 1414.6321ms
====================================
Loop: 218
  Solve: 207.6906ms
Step: 1416.3840ms
====================================
Loop: 219
  Solve: 212.0458ms
Step: 1408.7494ms
====================================
Loop: 220
  Solve: 208.0790ms
Step: 1405.0931ms
====================================
Loop: 221
  Solve: 207.6914ms
Step: 1403.8805ms
====================================
Loop: 222
  Solve: 211.4770ms
Step: 1413.5735ms
====================================
Loop: 223
  Solve: 212.8038ms
Step: 1413.6008ms
====================================
Loop: 224
  Solve: 204.1656ms
Step: 1394.1434ms
====================================
Loop: 225
  Solve: 210.7119ms
Step: 1411.4822ms
====================================
Loop: 226
  Solve: 211.5237ms
Step: 1399.7783ms
====================================
Loop: 227
  Solve: 210.5930ms
Step: 1419.0109ms
====================================
Loop: 228
  Solve: 211.9380ms
Step: 1415.6041ms
====================================
Loop: 229
  Solve: 205.3015ms
Step: 1401.0624ms
====================================
Loop: 230
  Solve: 205.2253ms
Step: 1394.9933ms
====================================
Loop: 231
  Solve: 207.0668ms
Step: 1399.4543ms
====================================
Loop: 232
  Solve: 210.3646ms
Step: 1414.6427ms
====================================
Loop: 233
  Solve: 211.3046ms
Step: 1409.4912ms
====================================
Loop: 234
  Solve: 210.0699ms
Step: 1415.3021ms
====================================
Loop: 235
  Solve: 215.4138ms
Step: 1415.5863ms
====================================
Loop: 236
  Solve: 215.6128ms
Step: 1412.8936ms
====================================
Loop: 237
  Solve: 215.2906ms
Step: 1409.4761ms
====================================
Loop: 238
  Solve: 216.6677ms
Step: 1425.6746ms
====================================
Loop: 239
  Solve: 217.7098ms
Step: 1432.3760ms
====================================
Loop: 240
  Solve: 220.9340ms
Step: 1431.7272ms
====================================
Loop: 241
  Solve: 214.9830ms
Step: 1425.0081ms
====================================
Loop: 242
  Solve: 216.8663ms
Step: 1416.5417ms
====================================
Loop: 243
  Solve: 215.4261ms
Step: 1415.2876ms
====================================
Loop: 244
  Solve: 217.4767ms
Step: 1436.5751ms
====================================
Loop: 245
  Solve: 217.4101ms
Step: 1439.1514ms
====================================
Loop: 246
  Solve: 218.4270ms
Step: 1444.9969ms
====================================
Loop: 247
  Solve: 219.0778ms
Step: 1440.5500ms
====================================
Loop: 248
  Solve: 214.8304ms
Step: 1426.8774ms
====================================
Loop: 249
  Solve: 220.3414ms
Step: 1433.4292ms
====================================
Loop: 250
  Solve: 223.6775ms
Step: 1440.3851ms
====================================
Loop: 251
  Solve: 223.1823ms
Step: 1445.6367ms
====================================
Loop: 252
  Solve: 223.1071ms
Step: 1455.1425ms
====================================
Loop: 253
  Solve: 223.6569ms
Step: 1459.9355ms
====================================
Loop: 254
  Solve: 222.6086ms
Step: 1455.4030ms
====================================
Loop: 255
  Solve: 268.5602ms
Step: 1508.5806ms
====================================
Loop: 256
  Solve: 222.3810ms
Step: 1445.8862ms
====================================
Loop: 257
  Solve: 224.4919ms
Step: 1452.9463ms
====================================
Loop: 258
  Solve: 227.7558ms
Step: 1436.9312ms
====================================
Loop: 259
  Solve: 221.6599ms
Step: 1430.3156ms
====================================
Loop: 260
  Solve: 220.2233ms
Step: 1432.8745ms
====================================
Loop: 261
  Solve: 226.0697ms
Step: 1449.7135ms
====================================
Loop: 262
  Solve: 224.9441ms
Step: 1452.7336ms
====================================
Loop: 263
  Solve: 223.9756ms
Step: 1455.9470ms
====================================
Loop: 264
  Solve: 224.9455ms
Step: 1454.6156ms
====================================
Loop: 265
  Solve: 225.5550ms
Step: 1453.9086ms
====================================
Loop: 266
  Solve: 225.2896ms
Step: 1453.9690ms
====================================
Loop: 267
  Solve: 227.0922ms
Step: 1447.7443ms
====================================
Loop: 268
  Solve: 222.5916ms
Step: 1434.6582ms
====================================
Loop: 269
  Solve: 226.0601ms
Step: 1455.1560ms
====================================
Loop: 270
  Solve: 231.2951ms
Step: 1458.9591ms
====================================
Loop: 271
  Solve: 230.4289ms
Step: 1466.7542ms
====================================
Loop: 272
  Solve: 232.1610ms
Step: 1478.5654ms
====================================
Loop: 273
  Solve: 229.9063ms
Step: 1484.2388ms
====================================
Loop: 274
  Solve: 228.8724ms
Step: 1475.9788ms
====================================
Loop: 275
  Solve: 232.0531ms
Step: 1488.4336ms
====================================
Loop: 276
  Solve: 230.5004ms
Step: 1480.4867ms
====================================
Loop: 277
  Solve: 230.1535ms
Step: 1475.0333ms
====================================
Loop: 278
  Solve: 230.3163ms
Step: 1481.4261ms
====================================
Loop: 279
  Solve: 230.5139ms
Step: 1468.6506ms
====================================
Loop: 280
  Solve: 228.9820ms
Step: 1466.2087ms
====================================
Loop: 281
  Solve: 231.9319ms
Step: 1459.1049ms
====================================
Loop: 282
  Solve: 231.1265ms
Step: 1470.6648ms
====================================
Loop: 283
  Solve: 227.4482ms
Step: 1458.5022ms
====================================
Loop: 284
  Solve: 233.0398ms
Step: 1470.3904ms
====================================
Loop: 285
  Solve: 231.3175ms
Step: 1486.6525ms
====================================
Loop: 286
  Solve: 233.5587ms
Step: 1457.4301ms
====================================
Loop: 287
  Solve: 233.0895ms
Step: 1461.1395ms
====================================
Loop: 288
  Solve: 230.0525ms
Step: 1455.1384ms
====================================
Loop: 289
  Solve: 231.3707ms
Step: 1461.2423ms
====================================
Loop: 290
  Solve: 228.9414ms
Step: 1465.1460ms
====================================
Loop: 291
  Solve: 226.1047ms
Step: 1453.4769ms
====================================
Loop: 292
  Solve: 229.6243ms
Step: 1458.1036ms
====================================
Loop: 293
  Solve: 230.0531ms
Step: 1461.8184ms
====================================
Loop: 294
  Solve: 227.6701ms
Step: 1446.3937ms
====================================
Loop: 295
  Solve: 228.5392ms
Step: 1449.9458ms
====================================
Loop: 296
  Solve: 223.2496ms
Step: 1445.3904ms
====================================
Loop: 297
  Solve: 232.7820ms
Step: 1454.7832ms
====================================
Loop: 298
  Solve: 227.9995ms
Step: 1453.3160ms
====================================
Loop: 299
  Solve: 229.8131ms
Step: 1467.9543ms
====================================
Loop: 300
  Solve: 231.0447ms
Step: 1453.7611ms
====================================
Loop: 301
  Solve: 228.8878ms
Step: 1470.1670ms
====================================
Loop: 302
  Solve: 227.1320ms
Step: 1521.3655ms
====================================
Loop: 303
  Solve: 230.3056ms
Step: 1533.3052ms
====================================
Loop: 304
  Solve: 231.6468ms
Step: 1466.5250ms
====================================
Loop: 305
  Solve: 228.0496ms
Step: 1470.5959ms
====================================
Loop: 306
  Solve: 225.8881ms
Step: 1455.2406ms
====================================
Loop: 307
  Solve: 227.3585ms
Step: 1461.9448ms
====================================
Loop: 308
  Solve: 228.7001ms
Step: 1446.1976ms
====================================
Loop: 309
  Solve: 229.9855ms
Step: 1448.2106ms
====================================
Loop: 310
  Solve: 230.9789ms
Step: 1449.1945ms
====================================
Loop: 311
  Solve: 228.0292ms
Step: 1443.3921ms
====================================
Loop: 312
  Solve: 233.3742ms
Step: 1445.0990ms
====================================
Loop: 313
  Solve: 227.8901ms
Step: 1502.3369ms
====================================
Loop: 314
  Solve: 226.7632ms
Step: 1438.6514ms
====================================
Loop: 315
  Solve: 225.7580ms
Step: 1437.6113ms
====================================
Loop: 316
  Solve: 223.9740ms
Step: 1432.9473ms
====================================
Loop: 317
  Solve: 221.6727ms
Step: 1419.6746ms
====================================
Loop: 318
  Solve: 224.0798ms
Step: 1406.9418ms
====================================
Loop: 319
  Solve: 222.8359ms
Step: 1408.0254ms
====================================
Loop: 320
  Solve: 217.3185ms
Step: 1392.4968ms
====================================
Loop: 321
  Solve: 218.0409ms
Step: 1413.6512ms
====================================
Loop: 322
  Solve: 212.9024ms
Step: 1400.4448ms
====================================
Loop: 323
  Solve: 215.8110ms
Step: 1383.7756ms
====================================
Loop: 324
  Solve: 216.9395ms
Step: 1380.8745ms
====================================
Loop: 325
  Solve: 209.6668ms
Step: 1394.0679ms
====================================
Loop: 326
  Solve: 212.0973ms
Step: 1401.0220ms
====================================
Loop: 327
  Solve: 207.2717ms
Step: 1381.8696ms
====================================
Loop: 328
  Solve: 204.2166ms
Step: 1364.5281ms
====================================
Loop: 329
  Solve: 208.5636ms
Step: 1391.0088ms
====================================
Loop: 330
  Solve: 202.1416ms
Step: 1355.4561ms
====================================
Loop: 331
  Solve: 206.2668ms
Step: 1361.2307ms
====================================
Loop: 332
  Solve: 204.4947ms
Step: 1347.8907ms
====================================
Loop: 333
  Solve: 204.5347ms
Step: 1353.4275ms
====================================
Loop: 334
  Solve: 197.9425ms
Step: 1342.2660ms
====================================
Loop: 335
  Solve: 201.1824ms
Step: 1361.6689ms
====================================
Loop: 336
  Solve: 203.3168ms
Step: 1344.5470ms
====================================
Loop: 337
  Solve: 195.7142ms
Step: 1388.5730ms
====================================
Loop: 338
  Solve: 204.7879ms
Step: 1330.5461ms
====================================
Loop: 339
  Solve: 197.1909ms
Step: 1331.1486ms
====================================
Loop: 340
  Solve: 192.2350ms
Step: 1316.6451ms
====================================
Loop: 341
  Solve: 195.4620ms
Step: 1294.8953ms
====================================
Loop: 342
  Solve: 194.6771ms
Step: 1297.7213ms
====================================
Loop: 343
  Solve: 196.2241ms
Step: 1294.5073ms
====================================
Loop: 344
  Solve: 192.2030ms
Step: 1290.0823ms
====================================
Loop: 345
  Solve: 186.7976ms
Step: 1274.8770ms
====================================
Loop: 346
  Solve: 181.1449ms
Step: 1268.4568ms
====================================
Loop: 347
  Solve: 181.3771ms
Step: 1268.6862ms
====================================
Loop: 348
  Solve: 183.2727ms
Step: 1259.1224ms
====================================
Loop: 349
  Solve: 180.9528ms
Step: 1247.8054ms
====================================
Loop: 350
  Solve: 181.9415ms
Step: 1252.0083ms
====================================
Loop: 351
  Solve: 177.9704ms
Step: 1251.6863ms
====================================
Loop: 352
  Solve: 179.3985ms
Step: 1236.4170ms
====================================
Loop: 353
  Solve: 175.5164ms
Step: 1227.0402ms
====================================
Loop: 354
  Solve: 170.8517ms
Step: 1225.7848ms
====================================
Loop: 355
  Solve: 179.3736ms
Step: 1226.1246ms
====================================
Loop: 356
  Solve: 174.4019ms
Step: 1208.7894ms
====================================
Loop: 357
  Solve: 173.1306ms
Step: 1196.7566ms
====================================
Loop: 358
  Solve: 172.1221ms
Step: 1208.6011ms
====================================
Loop: 359
  Solve: 172.5585ms
Step: 1187.7278ms
====================================
Loop: 360
  Solve: 175.2876ms
Step: 1190.7893ms
====================================
Loop: 361
  Solve: 164.3026ms
Step: 1168.3912ms
====================================
Loop: 362
  Solve: 166.0465ms
Step: 1158.1456ms
====================================
Loop: 363
  Solve: 168.5488ms
Step: 1259.6576ms
====================================
Loop: 364
  Solve: 165.8116ms
Step: 1198.2400ms
====================================
Loop: 365
  Solve: 174.2904ms
Step: 1169.0953ms
====================================
Loop: 366
  Solve: 169.0822ms
Step: 1171.3186ms
====================================
Loop: 367
  Solve: 171.2481ms
Step: 1155.2721ms
====================================
Loop: 368
  Solve: 164.7854ms
Step: 1147.0764ms
====================================
Loop: 369
  Solve: 163.1010ms
Step: 1146.0828ms
====================================
Loop: 370
  Solve: 163.5808ms
Step: 1146.5544ms
====================================
Loop: 371
  Solve: 166.1770ms
Step: 1144.5436ms
====================================
Loop: 372
  Solve: 164.9809ms
Step: 1132.6963ms
====================================
Loop: 373
  Solve: 163.8987ms
Step: 1128.4847ms
====================================
Loop: 374
  Solve: 164.9609ms
Step: 1123.6511ms
====================================
Loop: 375
  Solve: 161.3838ms
Step: 1153.7732ms
====================================
Loop: 376
  Solve: 160.1883ms
Step: 1110.7313ms
====================================
Loop: 377
  Solve: 162.2008ms
Step: 1108.0000ms
====================================
Loop: 378
  Solve: 156.5952ms
Step: 1108.5470ms
====================================
Loop: 379
  Solve: 158.0794ms
Step: 1096.3578ms
====================================
Loop: 380
  Solve: 156.9454ms
Step: 1097.9047ms
====================================
Loop: 381
  Solve: 159.5726ms
Step: 1096.0798ms
====================================
Loop: 382
  Solve: 151.4366ms
Step: 1077.9041ms
====================================
Loop: 383
  Solve: 158.0186ms
Step: 1085.7617ms
====================================
Loop: 384
  Solve: 157.0605ms
Step: 1078.2893ms
====================================
Loop: 385
  Solve: 154.7597ms
Step: 1078.3759ms
====================================
Loop: 386
  Solve: 155.6010ms
Step: 1068.9614ms
====================================
Loop: 387
  Solve: 155.9713ms
Step: 1071.7261ms
====================================
Loop: 388
  Solve: 154.7365ms
Step: 1063.5861ms
====================================
Loop: 389
  Solve: 150.0418ms
Step: 1055.6252ms
====================================
Loop: 390
  Solve: 151.5627ms
Step: 1065.8391ms
====================================
Loop: 391
  Solve: 148.2203ms
Step: 1053.1495ms
====================================
Loop: 392
  Solve: 146.1726ms
Step: 1038.1331ms
====================================
Loop: 393
  Solve: 145.8858ms
Step: 1030.6915ms
====================================
Loop: 394
  Solve: 145.5271ms
Step: 1028.2422ms
====================================
Loop: 395
  Solve: 189.8923ms
Step: 1084.5544ms
====================================
Loop: 396
  Solve: 146.2791ms
Step: 1020.4663ms
====================================
Loop: 397
  Solve: 148.9724ms
Step: 1017.6068ms
====================================
Loop: 398
  Solve: 147.8871ms
Step: 1009.2437ms
====================================
Loop: 399
  Solve: 148.9710ms
Step: 1010.0835ms
====================================
Loop: 400
  Solve: 147.8932ms
Step: 998.9885ms
====================================
Loop: 401
  Solve: 148.8325ms
Step: 995.8894ms
====================================
Loop: 402
  Solve: 146.1254ms
Step: 992.8528ms
====================================
Loop: 403
  Solve: 144.2685ms
Step: 993.3818ms
====================================
Loop: 404
  Solve: 144.2895ms
Step: 993.3609ms
====================================
Loop: 405
  Solve: 142.3562ms
Step: 985.0461ms
====================================
Loop: 406
  Solve: 143.2426ms
Step: 980.7492ms
====================================
Loop: 407
  Solve: 141.2385ms
Step: 979.9817ms
====================================
Loop: 408
  Solve: 140.7074ms
Step: 975.1516ms
====================================
Loop: 409
  Solve: 140.4214ms
Step: 974.8895ms
====================================
Loop: 410
  Solve: 140.3351ms
Step: 971.4530ms
====================================
Loop: 411
  Solve: 140.5086ms
Step: 962.1624ms
====================================
Loop: 412
  Solve: 140.1524ms
Step: 963.2061ms
====================================
Loop: 413
  Solve: 139.2554ms
Step: 954.4301ms
====================================
Loop: 414
  Solve: 141.6415ms
Step: 957.8379ms
====================================
Loop: 415
  Solve: 140.9389ms
Step: 953.1780ms
====================================
Loop: 416
  Solve: 139.3714ms
Step: 947.3973ms
====================================
Loop: 417
  Solve: 145.6633ms
Step: 1019.1758ms
====================================
Loop: 418
  Solve: 145.6892ms
Step: 980.0036ms
====================================
Loop: 419
  Solve: 144.8331ms
Step: 1024.7317ms
====================================
Loop: 420
  Solve: 169.4397ms
Step: 995.4745ms
====================================
Loop: 421
  Solve: 145.6750ms
Step: 968.2078ms
====================================
Loop: 422
  Solve: 143.5287ms
Step: 957.4101ms
====================================
Loop: 423
  Solve: 144.4777ms
Step: 953.4741ms
====================================
Loop: 424
  Solve: 142.8757ms
Step: 947.6965ms
====================================
Loop: 425
  Solve: 142.5190ms
Step: 943.2238ms
====================================
Loop: 426
  Solve: 135.8132ms
Step: 932.5302ms
====================================
Loop: 427
  Solve: 138.1835ms
Step: 918.3746ms
====================================
Loop: 428
  Solve: 137.5868ms
Step: 912.6829ms
====================================
Loop: 429
  Solve: 137.9321ms
Step: 909.5839ms
====================================
Loop: 430
  Solve: 134.8565ms
Step: 913.7938ms
====================================
Loop: 431
  Solve: 134.4211ms
Step: 904.6226ms
====================================
Loop: 432
  Solve: 133.9134ms
Step: 892.6260ms
====================================
Loop: 433
  Solve: 143.2333ms
Step: 937.5378ms
====================================
Loop: 434
  Solve: 139.9701ms
Step: 982.9621ms
====================================
Loop: 435
  Solve: 142.0502ms
Step: 914.0768ms
====================================
Loop: 436
  Solve: 139.8223ms
Step: 913.2366ms
====================================
Loop: 437
  Solve: 139.7605ms
Step: 909.0627ms
====================================
Loop: 438
  Solve: 138.9345ms
Step: 899.7443ms
====================================
Loop: 439
  Solve: 139.2889ms
Step: 907.6193ms
====================================
Loop: 440
  Solve: 142.1326ms
Step: 906.8873ms
====================================
Loop: 441
  Solve: 140.8955ms
Step: 906.2142ms
====================================
Loop: 442
  Solve: 138.6626ms
Step: 908.7298ms
====================================
Loop: 443
  Solve: 137.2410ms
Step: 885.1132ms
====================================
Loop: 444
  Solve: 137.2733ms
Step: 890.2371ms
====================================
Loop: 445
  Solve: 141.0448ms
Step: 893.7963ms
====================================
Loop: 446
  Solve: 140.5921ms
Step: 895.9647ms
====================================
Loop: 447
  Solve: 139.7978ms
Step: 901.5231ms
====================================
Loop: 448
  Solve: 139.5040ms
Step: 886.6886ms
====================================
Loop: 449
  Solve: 140.7444ms
Step: 885.0972ms
====================================
Loop: 450
  Solve: 137.2541ms
Step: 880.5836ms
====================================
Loop: 451
  Solve: 138.5964ms
Step: 886.1122ms
====================================
Loop: 452
  Solve: 134.5844ms
Step: 862.8810ms
====================================
Loop: 453
  Solve: 137.9866ms
Step: 871.7366ms
====================================
Loop: 454
  Solve: 137.9892ms
Step: 879.3984ms
====================================
Loop: 455
  Solve: 138.7089ms
Step: 876.5175ms
====================================
Loop: 456
  Solve: 163.0124ms
Step: 976.3922ms
====================================
Loop: 457
  Solve: 135.0970ms
Step: 865.4916ms
====================================
Loop: 458
  Solve: 143.8548ms
Step: 867.1671ms
====================================
Loop: 459
  Solve: 138.3986ms
Step: 871.6778ms
====================================
Loop: 460
  Solve: 138.7292ms
Step: 867.1567ms
====================================
Loop: 461
  Solve: 135.8297ms
Step: 851.4131ms
====================================
Loop: 462
  Solve: 138.5438ms
Step: 858.5519ms
====================================
Loop: 463
  Solve: 136.6450ms
Step: 857.5901ms
====================================
Loop: 464
  Solve: 132.3854ms
Step: 844.8879ms
====================================
Loop: 465
  Solve: 141.2219ms
Step: 856.5515ms
====================================
Loop: 466
  Solve: 138.5046ms
Step: 854.2382ms
====================================
Loop: 467
  Solve: 136.3394ms
Step: 847.5785ms
====================================
Loop: 468
  Solve: 131.0033ms
Step: 843.1569ms
====================================
Loop: 469
  Solve: 139.0854ms
Step: 851.9448ms
====================================
Loop: 470
  Solve: 136.8535ms
Step: 837.2849ms
====================================
Loop: 471
  Solve: 139.8289ms
Step: 839.1873ms
====================================
Loop: 472
  Solve: 139.9434ms
Step: 868.5378ms
====================================
Loop: 473
  Solve: 137.6426ms
Step: 844.0558ms
====================================
Loop: 474
  Solve: 133.5028ms
Step: 878.3402ms
====================================
Loop: 475
  Solve: 141.5836ms
Step: 841.6769ms
====================================
Loop: 476
  Solve: 139.4220ms
Step: 841.1023ms
====================================
Loop: 477
  Solve: 137.0335ms
Step: 834.6688ms
====================================
Loop: 478
  Solve: 160.4360ms
Step: 1058.7717ms
====================================
Loop: 479
  Solve: 146.7971ms
Step: 981.5820ms
====================================
Loop: 480
  Solve: 140.5604ms
Step: 894.2512ms
====================================
Loop: 481
  Solve: 138.5199ms
Step: 832.6652ms
====================================
Loop: 482
  Solve: 139.3794ms
Step: 829.1093ms
====================================
Loop: 483
  Solve: 136.7566ms
Step: 826.6462ms
====================================
Loop: 484
  Solve: 138.8159ms
Step: 830.2627ms
====================================
Loop: 485
  Solve: 139.0114ms
Step: 829.7897ms
====================================
Loop: 486
  Solve: 135.7889ms
Step: 822.2857ms
====================================
Loop: 487
  Solve: 139.2197ms
Step: 826.5125ms
====================================
Loop: 488
  Solve: 135.4631ms
Step: 813.0517ms
====================================
Loop: 489
  Solve: 135.1090ms
Step: 842.6552ms
====================================
Loop: 490
  Solve: 138.4159ms
Step: 821.0743ms
====================================
Loop: 491
  Solve: 134.2839ms
Step: 817.2151ms
====================================
Loop: 492
  Solve: 143.3828ms
Step: 821.9877ms
====================================
Loop: 493
  Solve: 138.1544ms
Step: 817.9033ms
====================================
Loop: 494
  Solve: 140.1664ms
Step: 812.0637ms
====================================
Loop: 495
  Solve: 137.6605ms
Step: 814.5805ms
====================================
Loop: 496
  Solve: 139.2097ms
Step: 813.0280ms
====================================
Loop: 497
  Solve: 140.5215ms
Step: 817.4138ms
====================================
Loop: 498
  Solve: 140.4709ms
Step: 819.1371ms
====================================
Loop: 499
  Solve: 136.6206ms
Step: 808.9421ms
====================================
Loop: 500
  Solve: 140.4144ms
Step: 813.8525ms
====================================
