Loop: 0
  Solve: 4.3255ms
Step: 628.1855ms
====================================
Loop: 1
  Solve: 4.1177ms
Step: 314.1161ms
====================================
Loop: 2
  Solve: 4.2490ms
Step: 318.0112ms
====================================
Loop: 3
  Solve: 4.2619ms
Step: 317.8335ms
====================================
Loop: 4
  Solve: 4.1399ms
Step: 314.0177ms
====================================
Loop: 5
  Solve: 4.1507ms
Step: 317.8549ms
====================================
Loop: 6
  Solve: 4.3295ms
Step: 317.4591ms
====================================
Loop: 7
  Solve: 4.3807ms
Step: 316.0860ms
====================================
Loop: 8
  Solve: 4.4476ms
Step: 320.3972ms
====================================
Loop: 9
  Solve: 4.3332ms
Step: 316.7980ms
====================================
Loop: 10
  Solve: 4.2076ms
Step: 317.0728ms
====================================
Loop: 11
  Solve: 4.4672ms
Step: 318.2607ms
====================================
Loop: 12
  Solve: 4.1827ms
Step: 315.6190ms
====================================
Loop: 13
  Solve: 4.1828ms
Step: 317.5831ms
====================================
Loop: 14
  Solve: 4.3344ms
Step: 315.4985ms
====================================
Loop: 15
  Solve: 4.2395ms
Step: 316.7328ms
====================================
Loop: 16
  Solve: 4.1568ms
Step: 318.6098ms
====================================
Loop: 17
  Solve: 4.2612ms
Step: 315.4213ms
====================================
Loop: 18
  Solve: 4.2944ms
Step: 722.2239ms
====================================
Loop: 19
  Solve: 4.2108ms
Step: 316.6048ms
====================================
Loop: 20
  Solve: 4.3010ms
Step: 316.0836ms
====================================
Loop: 21
  Solve: 4.2677ms
Step: 319.5444ms
====================================
Loop: 22
  Solve: 4.2484ms
Step: 312.0563ms
====================================
Loop: 23
  Solve: 4.2475ms
Step: 319.5756ms
====================================
Loop: 24
  Solve: 4.2491ms
Step: 321.0667ms
====================================
Loop: 25
  Solve: 4.1556ms
Step: 314.3244ms
====================================
Loop: 26
  Solve: 4.2510ms
Step: 728.3521ms
====================================
Loop: 27
  Solve: 4.1443ms
Step: 313.7321ms
====================================
Loop: 28
  Solve: 4.2371ms
Step: 319.3246ms
====================================
Loop: 29
  Solve: 4.1885ms
Step: 318.4979ms
====================================
Loop: 30
  Solve: 4.1616ms
Step: 314.7539ms
====================================
Loop: 31
  Solve: 4.1597ms
Step: 316.0690ms
====================================
Loop: 32
  Solve: 4.2415ms
Step: 317.2322ms
====================================
Loop: 33
  Solve: 4.2843ms
Step: 748.8646ms
====================================
Loop: 34
  Solve: 4.3833ms
Step: 320.0907ms
====================================
Loop: 35
  Solve: 4.1535ms
Step: 315.2200ms
====================================
Loop: 36
  Solve: 4.1464ms
Step: 317.6346ms
====================================
Loop: 37
  Solve: 4.2281ms
Step: 317.6920ms
====================================
Loop: 38
  Solve: 4.3223ms
Step: 716.0041ms
====================================
Loop: 39
  Solve: 4.1940ms
Step: 315.7052ms
====================================
Loop: 40
  Solve: 4.1529ms
Step: 311.0235ms
====================================
Loop: 41
  Solve: 4.2269ms
Step: 319.6810ms
====================================
Loop: 42
  Solve: 4.2245ms
Step: 315.2535ms
====================================
Loop: 43
  Solve: 4.3643ms
Step: 717.9695ms
====================================
Loop: 44
  Solve: 4.2393ms
Step: 318.5909ms
====================================
Loop: 45
  Solve: 4.2246ms
Step: 314.2278ms
====================================
Loop: 46
  Solve: 4.1831ms
Step: 318.6624ms
====================================
Loop: 47
  Solve: 4.2931ms
Step: 719.3383ms
====================================
Loop: 48
  Solve: 4.2133ms
Step: 316.9283ms
====================================
Loop: 49
  Solve: 4.1686ms
Step: 317.5971ms
====================================
Loop: 50
  Solve: 4.4157ms
Step: 316.8400ms
====================================
Loop: 51
  Solve: 4.1923ms
Step: 727.4926ms
====================================
Loop: 52
  Solve: 4.2579ms
Step: 314.1633ms
====================================
Loop: 53
  Solve: 4.1738ms
Step: 316.5981ms
====================================
Loop: 54
  Solve: 18.4667ms
Step: 335.3889ms
====================================
Loop: 55
  Solve: 32.7291ms
Step: 742.4293ms
====================================
Loop: 56
  Solve: 47.1878ms
Step: 369.4707ms
====================================
Loop: 57
  Solve: 82.0481ms
Step: 441.8694ms
====================================
Loop: 58
  Solve: 76.6984ms
Step: 393.4957ms
====================================
Loop: 59
  Solve: 92.7715ms
Step: 788.9543ms
====================================
Loop: 60
  Solve: 104.3863ms
Step: 431.1735ms
====================================
Loop: 61
  Solve: 122.7999ms
Step: 453.2091ms
====================================
Loop: 62
  Solve: 138.8465ms
Step: 815.8904ms
====================================
Loop: 63
  Solve: 161.4592ms
Step: 490.6969ms
====================================
Loop: 64
  Solve: 173.3735ms
Step: 502.2699ms
====================================
Loop: 65
  Solve: 192.7550ms
Step: 867.7956ms
====================================
Loop: 66
  Solve: 209.2465ms
Step: 545.8423ms
====================================
Loop: 67
  Solve: 220.3120ms
Step: 557.7308ms
====================================
Loop: 68
  Solve: 237.5580ms
Step: 907.7562ms
====================================
Loop: 69
  Solve: 254.1638ms
Step: 595.2908ms
====================================
Loop: 70
  Solve: 264.4917ms
Step: 605.5042ms
====================================
Loop: 71
  Solve: 284.8970ms
Step: 944.1479ms
====================================
Loop: 72
  Solve: 293.0872ms
Step: 640.1281ms
====================================
Loop: 73
  Solve: 306.3811ms
Step: 651.9749ms
====================================
Loop: 74
  Solve: 319.2574ms
Step: 974.0710ms
====================================
Loop: 75
  Solve: 328.8933ms
Step: 689.8094ms
====================================
Loop: 76
  Solve: 347.4345ms
Step: 705.5426ms
====================================
Loop: 77
  Solve: 356.3428ms
Step: 1008.2951ms
====================================
Loop: 78
  Solve: 413.5168ms
Step: 783.7182ms
====================================
Loop: 79
  Solve: 413.0200ms
Step: 818.7570ms
====================================
Loop: 80
  Solve: 415.0863ms
Step: 1058.4686ms
====================================
Loop: 81
  Solve: 448.9171ms
Step: 827.9963ms
====================================
Loop: 82
  Solve: 463.4327ms
Step: 845.8997ms
====================================
Loop: 83
  Solve: 483.6278ms
Step: 1124.9028ms
====================================
Loop: 84
  Solve: 500.4633ms
Step: 893.7193ms
====================================
Loop: 85
  Solve: 529.1064ms
Step: 929.0013ms
====================================
Loop: 86
  Solve: 541.2198ms
Step: 1192.9963ms
====================================
Loop: 87
  Solve: 577.6866ms
Step: 989.0347ms
====================================
Loop: 88
  Solve: 598.3196ms
Step: 1008.4069ms
====================================
Loop: 89
  Solve: 621.9672ms
Step: 1278.4067ms
====================================
Loop: 90
  Solve: 647.6556ms
Step: 1065.5155ms
====================================
Loop: 91
  Solve: 662.0947ms
Step: 1082.6017ms
====================================
Loop: 92
  Solve: 698.7805ms
Step: 1339.2542ms
====================================
Loop: 93
  Solve: 729.5935ms
Step: 1171.2811ms
====================================
Loop: 94
  Solve: 757.6031ms
Step: 1403.6172ms
====================================
Loop: 95
  Solve: 785.3096ms
Step: 1229.7653ms
====================================
Loop: 96
  Solve: 810.6266ms
Step: 1464.3938ms
====================================
Loop: 97
  Solve: 873.8336ms
Step: 1336.0408ms
====================================
Loop: 98
  Solve: 871.1449ms
Step: 1523.6643ms
====================================
Loop: 99
  Solve: 906.0373ms
Step: 1387.7363ms
====================================
Loop: 100
  Solve: 942.2789ms
Step: 1666.4612ms
====================================
Loop: 101
  Solve: 1013.1215ms
Step: 1519.4608ms
====================================
Loop: 102
  Solve: 983.4103ms
Step: 1660.1619ms
====================================
Loop: 103
  Solve: 1006.2954ms
Step: 1535.9218ms
====================================
Loop: 104
  Solve: 1037.6835ms
Step: 1743.2532ms
====================================
Loop: 105
  Solve: 1062.5636ms
Step: 1627.8171ms
====================================
Loop: 106
  Solve: 1083.4362ms
Step: 1816.0804ms
====================================
Loop: 107
  Solve: 1100.4100ms
Step: 1695.1069ms
====================================
Loop: 108
  Solve: 1123.8296ms
Step: 1883.4407ms
====================================
Loop: 109
  Solve: 1140.2596ms
Step: 1774.1006ms
====================================
Loop: 110
  Solve: 1163.1364ms
Step: 1935.0228ms
====================================
Loop: 111
  Solve: 1185.1168ms
Step: 1848.2583ms
====================================
Loop: 112
  Solve: 1206.7192ms
Step: 2007.8645ms
====================================
Loop: 113
  Solve: 1230.0956ms
Step: 1937.4093ms
====================================
Loop: 114
  Solve: 1262.2880ms
Step: 2082.5913ms
====================================
Loop: 115
  Solve: 1272.1187ms
Step: 2014.7302ms
====================================
Loop: 116
  Solve: 1291.0291ms
Step: 2154.7227ms
====================================
Loop: 117
  Solve: 1318.9805ms
Step: 2105.4021ms
====================================
Loop: 118
  Solve: 1344.1702ms
Step: 2231.7144ms
====================================
Loop: 119
  Solve: 1362.8970ms
Step: 2196.5813ms
====================================
Loop: 120
  Solve: 1456.4663ms
Step: 2387.4424ms
====================================
Loop: 121
  Solve: 1487.2247ms
Step: 2365.4771ms
====================================
Loop: 122
  Solve: 1447.1578ms
Step: 2423.2832ms
====================================
Loop: 123
  Solve: 1460.1775ms
Step: 2392.2227ms
====================================
Loop: 124
  Solve: 1474.9875ms
Step: 2497.2549ms
====================================
Loop: 125
  Solve: 1497.3352ms
Step: 2492.4597ms
====================================
Loop: 126
  Solve: 1499.1970ms
Step: 2551.5063ms
====================================
Loop: 127
  Solve: 1504.0032ms
Step: 2556.6995ms
====================================
Loop: 128
  Solve: 1502.5862ms
Step: 2609.8801ms
====================================
Loop: 129
  Solve: 1502.4172ms
Step: 2587.6826ms
====================================
Loop: 130
  Solve: 1501.0977ms
Step: 2634.9248ms
====================================
Loop: 131
  Solve: 1505.3112ms
Step: 2630.3071ms
====================================
Loop: 132
  Solve: 1495.5769ms
Step: 2649.0688ms
====================================
Loop: 133
  Solve: 1505.2640ms
Step: 2669.7092ms
====================================
Loop: 134
  Solve: 1542.2905ms
Step: 2710.6572ms
====================================
Loop: 135
  Solve: 1495.3459ms
Step: 2680.5771ms
====================================
Loop: 136
  Solve: 1479.7954ms
Step: 2719.3506ms
====================================
Loop: 137
  Solve: 1466.7859ms
Step: 2652.4934ms
====================================
Loop: 138
  Solve: 1449.8933ms
Step: 2646.0603ms
====================================
Loop: 139
  Solve: 1437.8195ms
Step: 2646.2402ms
====================================
Loop: 140
  Solve: 1418.8556ms
Step: 2629.7588ms
====================================
Loop: 141
  Solve: 1401.6034ms
Step: 2604.7080ms
====================================
Loop: 142
  Solve: 1379.7596ms
Step: 2584.6726ms
====================================
Loop: 143
  Solve: 1371.3811ms
Step: 2576.4258ms
====================================
Loop: 144
  Solve: 1353.3477ms
Step: 2549.7527ms
====================================
Loop: 145
  Solve: 1331.7200ms
Step: 2531.1772ms
====================================
Loop: 146
  Solve: 1329.3789ms
Step: 2554.2217ms
====================================
Loop: 147
  Solve: 1542.1133ms
Step: 3074.8477ms
====================================
Loop: 148
  Solve: 1288.7274ms
Step: 2522.6516ms
====================================
Loop: 149
  Solve: 1278.0117ms
Step: 2545.0986ms
====================================
Loop: 150
  Solve: 1269.4941ms
Step: 2490.1211ms
====================================
Loop: 151
  Solve: 1276.7141ms
Step: 2477.8325ms
====================================
Loop: 152
  Solve: 1255.0967ms
Step: 2499.3655ms
====================================
Loop: 153
  Solve: 1240.8043ms
Step: 2448.3054ms
====================================
Loop: 154
  Solve: 1225.6731ms
Step: 2413.0874ms
====================================
Loop: 155
  Solve: 1206.2307ms
Step: 2401.9319ms
====================================
Loop: 156
  Solve: 1182.5760ms
Step: 2386.3853ms
====================================
Loop: 157
  Solve: 1169.4760ms
Step: 2372.6575ms
====================================
Loop: 158
  Solve: 1164.4558ms
Step: 2349.4285ms
====================================
Loop: 159
  Solve: 1136.7168ms
Step: 2324.7698ms
====================================
Loop: 160
  Solve: 1121.6599ms
Step: 2322.5181ms
====================================
Loop: 161
  Solve: 1116.2972ms
Step: 2301.9868ms
====================================
Loop: 162
  Solve: 1089.7471ms
Step: 2274.4172ms
====================================
Loop: 163
  Solve: 1072.9967ms
Step: 2256.2700ms
====================================
Loop: 164
  Solve: 1053.6965ms
Step: 2245.8154ms
====================================
Loop: 165
  Solve: 1038.5106ms
Step: 2222.9294ms
====================================
Loop: 166
  Solve: 1016.9571ms
Step: 2212.6851ms
====================================
Loop: 167
  Solve: 1004.8586ms
Step: 2207.3035ms
====================================
Loop: 168
  Solve: 992.3723ms
Step: 2258.1462ms
====================================
Loop: 169
  Solve: 980.7280ms
Step: 2231.5752ms
====================================
Loop: 170
  Solve: 964.0338ms
Step: 2185.6003ms
====================================
Loop: 171
  Solve: 955.2428ms
Step: 2163.5688ms
====================================
Loop: 172
  Solve: 931.2565ms
Step: 2140.2776ms
====================================
Loop: 173
  Solve: 922.2323ms
Step: 2105.3408ms
====================================
Loop: 174
  Solve: 917.4732ms
Step: 2103.7522ms
====================================
Loop: 175
  Solve: 906.6429ms
Step: 2087.9746ms
====================================
Loop: 176
  Solve: 922.0488ms
Step: 2106.3291ms
====================================
Loop: 177
  Solve: 892.0986ms
Step: 2090.5632ms
====================================
Loop: 178
  Solve: 883.8271ms
Step: 2083.6978ms
====================================
Loop: 179
  Solve: 879.8883ms
Step: 2080.3718ms
====================================
Loop: 180
  Solve: 875.8739ms
Step: 2066.6023ms
====================================
Loop: 181
  Solve: 875.2751ms
Step: 2052.2476ms
====================================
Loop: 182
  Solve: 869.6590ms
Step: 2047.7157ms
====================================
Loop: 183
  Solve: 865.3848ms
Step: 2036.6355ms
====================================
Loop: 184
  Solve: 864.1951ms
Step: 2063.2817ms
====================================
Loop: 185
  Solve: 859.4587ms
Step: 2023.3407ms
====================================
Loop: 186
  Solve: 845.8137ms
Step: 1998.3523ms
====================================
Loop: 187
  Solve: 841.8268ms
Step: 1988.3809ms
====================================
Loop: 188
  Solve: 833.8656ms
Step: 1973.2388ms
====================================
Loop: 189
  Solve: 824.5229ms
Step: 1966.4890ms
====================================
Loop: 190
  Solve: 820.6219ms
Step: 2025.3551ms
====================================
Loop: 191
  Solve: 813.5202ms
Step: 1958.6140ms
====================================
Loop: 192
  Solve: 808.8923ms
Step: 1939.7576ms
====================================
Loop: 193
  Solve: 798.3953ms
Step: 1927.4476ms
====================================
Loop: 194
  Solve: 788.4935ms
Step: 1978.3823ms
====================================
Loop: 195
  Solve: 785.8730ms
Step: 1932.1244ms
====================================
Loop: 196
  Solve: 767.3444ms
Step: 1916.5048ms
====================================
Loop: 197
  Solve: 766.6852ms
Step: 1909.6013ms
====================================
Loop: 198
  Solve: 753.6977ms
Step: 1889.2000ms
====================================
Loop: 199
  Solve: 746.2770ms
Step: 1880.7810ms
====================================
Loop: 200
  Solve: 735.0207ms
Step: 1874.3549ms
====================================
Loop: 201
  Solve: 730.7064ms
Step: 1867.4683ms
====================================
Loop: 202
  Solve: 729.8062ms
Step: 1855.8765ms
====================================
Loop: 203
  Solve: 716.5479ms
Step: 1844.7350ms
====================================
Loop: 204
  Solve: 712.2096ms
Step: 1843.6771ms
====================================
Loop: 205
  Solve: 711.9061ms
Step: 1838.0098ms
====================================
Loop: 206
  Solve: 708.8055ms
Step: 1830.1128ms
====================================
Loop: 207
  Solve: 704.6738ms
Step: 1829.9563ms
====================================
Loop: 208
  Solve: 705.2061ms
Step: 1890.4885ms
====================================
Loop: 209
  Solve: 706.9815ms
Step: 1821.4563ms
====================================
Loop: 210
  Solve: 705.4208ms
Step: 1833.7747ms
====================================
Loop: 211
  Solve: 717.3134ms
Step: 1842.3352ms
====================================
Loop: 212
  Solve: 712.6848ms
Step: 1832.0895ms
====================================
Loop: 213
  Solve: 717.9603ms
Step: 1869.8896ms
====================================
Loop: 214
  Solve: 724.9000ms
Step: 1860.0093ms
====================================
Loop: 215
  Solve: 727.9698ms
Step: 1846.5719ms
====================================
Loop: 216
  Solve: 723.2644ms
Step: 1861.2358ms
====================================
Loop: 217
  Solve: 725.2409ms
Step: 1873.6205ms
====================================
Loop: 218
  Solve: 731.1287ms
Step: 1865.5374ms
====================================
Loop: 219
  Solve: 734.6009ms
Step: 1870.1897ms
====================================
Loop: 220
  Solve: 737.6343ms
Step: 1874.0736ms
====================================
Loop: 221
  Solve: 746.9577ms
Step: 1888.0704ms
====================================
Loop: 222
  Solve: 759.2374ms
Step: 1902.2686ms
====================================
Loop: 223
  Solve: 760.0595ms
Step: 1913.6941ms
====================================
Loop: 224
  Solve: 767.9472ms
Step: 1926.0168ms
====================================
Loop: 225
  Solve: 776.6820ms
Step: 1926.5867ms
====================================
Loop: 226
  Solve: 781.2123ms
Step: 1932.5200ms
====================================
Loop: 227
  Solve: 792.8395ms
Step: 1961.2058ms
====================================
Loop: 228
  Solve: 790.3148ms
Step: 1954.5574ms
====================================
Loop: 229
  Solve: 797.3335ms
Step: 1961.3767ms
====================================
Loop: 230
  Solve: 801.7391ms
Step: 1965.7378ms
====================================
Loop: 231
  Solve: 807.7568ms
Step: 1982.4111ms
====================================
Loop: 232
  Solve: 820.4195ms
Step: 1992.0024ms
====================================
Loop: 233
  Solve: 827.2512ms
Step: 1999.3280ms
====================================
Loop: 234
  Solve: 826.2780ms
Step: 2007.4565ms
====================================
Loop: 235
  Solve: 850.6600ms
Step: 2027.0231ms
====================================
Loop: 236
  Solve: 842.1591ms
Step: 2026.9575ms
====================================
Loop: 237
  Solve: 844.6528ms
Step: 2046.4229ms
====================================
Loop: 238
  Solve: 860.1611ms
Step: 2072.3372ms
====================================
Loop: 239
  Solve: 862.1060ms
Step: 2067.3772ms
====================================
Loop: 240
  Solve: 862.5532ms
Step: 2066.6897ms
====================================
Loop: 241
  Solve: 870.6851ms
Step: 2072.3792ms
====================================
Loop: 242
  Solve: 877.0267ms
Step: 2074.8755ms
====================================
Loop: 243
  Solve: 950.8989ms
Step: 2149.3523ms
====================================
Loop: 244
  Solve: 881.7635ms
Step: 2086.0212ms
====================================
Loop: 245
  Solve: 884.1049ms
Step: 2094.9600ms
====================================
Loop: 246
  Solve: 884.5126ms
Step: 2090.9001ms
====================================
Loop: 247
  Solve: 883.4629ms
Step: 2087.2739ms
====================================
Loop: 248
  Solve: 883.5284ms
Step: 2092.7556ms
====================================
Loop: 249
  Solve: 890.7195ms
Step: 2104.7249ms
====================================
Loop: 250
  Solve: 883.4197ms
Step: 2077.8882ms
====================================
Loop: 251
  Solve: 872.1061ms
Step: 2069.1101ms
====================================
Loop: 252
  Solve: 864.6118ms
Step: 2057.9270ms
====================================
Loop: 253
  Solve: 869.8799ms
Step: 2065.6765ms
====================================
Loop: 254
  Solve: 873.7537ms
Step: 2098.4705ms
====================================
Loop: 255
  Solve: 868.3339ms
Step: 2056.2812ms
====================================
Loop: 256
  Solve: 871.9705ms
Step: 2069.4219ms
====================================
Loop: 257
  Solve: 879.6474ms
Step: 2082.5847ms
====================================
Loop: 258
  Solve: 880.9483ms
Step: 2076.8091ms
====================================
Loop: 259
  Solve: 877.9053ms
Step: 2081.3665ms
====================================
Loop: 260
  Solve: 881.3320ms
Step: 2080.6060ms
====================================
Loop: 261
  Solve: 885.5087ms
Step: 2081.5889ms
====================================
Loop: 262
  Solve: 892.1478ms
Step: 2097.9697ms
====================================
Loop: 263
  Solve: 895.5057ms
Step: 2095.6714ms
====================================
Loop: 264
  Solve: 889.7193ms
Step: 2077.0471ms
====================================
Loop: 265
  Solve: 886.7592ms
Step: 2076.4272ms
====================================
Loop: 266
  Solve: 896.0930ms
Step: 2098.4993ms
====================================
Loop: 267
  Solve: 887.4610ms
Step: 2077.4312ms
====================================
Loop: 268
  Solve: 889.4760ms
Step: 2076.8599ms
====================================
Loop: 269
  Solve: 899.8607ms
Step: 2161.8655ms
====================================
Loop: 270
  Solve: 890.2704ms
Step: 2089.5383ms
====================================
Loop: 271
  Solve: 893.3613ms
Step: 2089.7507ms
====================================
Loop: 272
  Solve: 884.3184ms
Step: 2079.2998ms
====================================
Loop: 273
  Solve: 887.1405ms
Step: 2085.7520ms
====================================
Loop: 274
  Solve: 887.0931ms
Step: 2087.3059ms
====================================
Loop: 275
  Solve: 881.9556ms
Step: 2076.5171ms
====================================
Loop: 276
  Solve: 884.1990ms
Step: 2079.2871ms
====================================
Loop: 277
  Solve: 889.9114ms
Step: 2085.1667ms
====================================
Loop: 278
  Solve: 881.6139ms
Step: 2086.9407ms
====================================
Loop: 279
  Solve: 951.9628ms
Step: 2150.8127ms
====================================
Loop: 280
  Solve: 888.4957ms
Step: 2137.8799ms
====================================
Loop: 281
  Solve: 889.1001ms
Step: 2080.1624ms
====================================
Loop: 282
  Solve: 880.6924ms
Step: 2076.2288ms
====================================
Loop: 283
  Solve: 875.1243ms
Step: 2080.1221ms
====================================
Loop: 284
  Solve: 873.3268ms
Step: 2072.6145ms
====================================
Loop: 285
  Solve: 878.0616ms
Step: 2076.1377ms
====================================
Loop: 286
  Solve: 880.2837ms
Step: 2084.9756ms
====================================
Loop: 287
  Solve: 881.7750ms
Step: 2080.4707ms
====================================
Loop: 288
  Solve: 881.5312ms
Step: 2071.6997ms
====================================
Loop: 289
  Solve: 882.9283ms
Step: 2086.9236ms
====================================
Loop: 290
  Solve: 876.2386ms
Step: 2077.3728ms
====================================
Loop: 291
  Solve: 879.1050ms
Step: 2087.0164ms
====================================
Loop: 292
  Solve: 887.0505ms
Step: 2096.9165ms
====================================
Loop: 293
  Solve: 887.7407ms
Step: 2105.4619ms
====================================
Loop: 294
  Solve: 883.1833ms
Step: 2099.4766ms
====================================
Loop: 295
  Solve: 886.4578ms
Step: 2094.3228ms
====================================
Loop: 296
  Solve: 882.9453ms
Step: 2084.8655ms
====================================
Loop: 297
  Solve: 887.9086ms
Step: 2095.7742ms
====================================
Loop: 298
  Solve: 887.0795ms
Step: 2089.2983ms
====================================
Loop: 299
  Solve: 888.6414ms
Step: 2085.2361ms
====================================
Loop: 300
  Solve: 886.6624ms
Step: 2089.4966ms
====================================
Loop: 301
  Solve: 923.4219ms
Step: 2125.8542ms
====================================
Loop: 302
  Solve: 887.7748ms
Step: 2096.3262ms
====================================
Loop: 303
  Solve: 890.7307ms
Step: 2095.1003ms
====================================
Loop: 304
  Solve: 882.5343ms
Step: 2095.4487ms
====================================
Loop: 305
  Solve: 875.6572ms
Step: 2088.8921ms
====================================
Loop: 306
  Solve: 884.2764ms
Step: 2093.4253ms
====================================
Loop: 307
  Solve: 877.1989ms
Step: 2076.6772ms
====================================
Loop: 308
  Solve: 877.7050ms
Step: 2075.3245ms
====================================
Loop: 309
  Solve: 873.1002ms
Step: 2082.1084ms
====================================
Loop: 310
  Solve: 871.0045ms
Step: 2062.1912ms
====================================
Loop: 311
  Solve: 875.8414ms
Step: 2072.4946ms
====================================
Loop: 312
  Solve: 864.3779ms
Step: 2120.7363ms
====================================
Loop: 313
  Solve: 858.7074ms
Step: 2053.8879ms
====================================
Loop: 314
  Solve: 864.5321ms
Step: 2103.5244ms
====================================
Loop: 315
  Solve: 858.8403ms
Step: 2057.7031ms
====================================
Loop: 316
  Solve: 860.7261ms
Step: 2062.7041ms
====================================
Loop: 317
  Solve: 847.7850ms
Step: 2055.3103ms
====================================
Loop: 318
  Solve: 847.8091ms
Step: 2050.5603ms
====================================
Loop: 319
  Solve: 910.3668ms
Step: 2118.7534ms
====================================
Loop: 320
  Solve: 852.3743ms
Step: 2041.4371ms
====================================
Loop: 321
  Solve: 848.0164ms
Step: 2028.5977ms
====================================
Loop: 322
  Solve: 839.3928ms
Step: 2025.7924ms
====================================
Loop: 323
  Solve: 841.0441ms
Step: 2017.3358ms
====================================
Loop: 324
  Solve: 838.6577ms
Step: 2018.0718ms
====================================
Loop: 325
  Solve: 832.1870ms
Step: 2011.9830ms
====================================
Loop: 326
  Solve: 831.7421ms
Step: 2007.2251ms
====================================
Loop: 327
  Solve: 826.5405ms
Step: 2040.0571ms
====================================
Loop: 328
  Solve: 829.6125ms
Step: 2010.9143ms
====================================
Loop: 329
  Solve: 818.2213ms
Step: 1998.4541ms
====================================
Loop: 330
  Solve: 812.3254ms
Step: 2041.8717ms
====================================
Loop: 331
  Solve: 804.4739ms
Step: 1968.4863ms
====================================
Loop: 332
  Solve: 795.9258ms
Step: 1953.0354ms
====================================
Loop: 333
  Solve: 798.8604ms
Step: 1947.1404ms
====================================
Loop: 334
  Solve: 796.4544ms
Step: 1950.4387ms
====================================
Loop: 335
  Solve: 784.8831ms
Step: 1940.6946ms
====================================
Loop: 336
  Solve: 822.8749ms
Step: 1978.0881ms
====================================
Loop: 337
  Solve: 768.2035ms
Step: 1908.2383ms
====================================
Loop: 338
  Solve: 765.1822ms
Step: 1903.5006ms
====================================
Loop: 339
  Solve: 760.4299ms
Step: 1885.1351ms
====================================
Loop: 340
  Solve: 755.8418ms
Step: 1881.2056ms
====================================
Loop: 341
  Solve: 748.4767ms
Step: 1866.7920ms
====================================
Loop: 342
  Solve: 739.2915ms
Step: 1841.8579ms
====================================
Loop: 343
  Solve: 737.9850ms
Step: 1843.0581ms
====================================
Loop: 344
  Solve: 734.3602ms
Step: 1919.3608ms
====================================
Loop: 345
  Solve: 731.1781ms
Step: 1845.5732ms
====================================
Loop: 346
  Solve: 731.3782ms
Step: 1827.2454ms
====================================
Loop: 347
  Solve: 727.6779ms
Step: 1821.8569ms
====================================
Loop: 348
  Solve: 716.7050ms
Step: 1806.0000ms
====================================
Loop: 349
  Solve: 712.6021ms
Step: 1792.0983ms
====================================
Loop: 350
  Solve: 713.6275ms
Step: 1806.0287ms
====================================
Loop: 351
  Solve: 713.3630ms
Step: 1789.3398ms
====================================
Loop: 352
  Solve: 779.0172ms
Step: 1943.0930ms
====================================
Loop: 353
  Solve: 756.7278ms
Step: 2103.0879ms
====================================
Loop: 354
  Solve: 696.4371ms
Step: 1751.4814ms
====================================
Loop: 355
  Solve: 692.8533ms
Step: 1740.4041ms
====================================
Loop: 356
  Solve: 695.3987ms
Step: 1750.7368ms
====================================
Loop: 357
  Solve: 685.5945ms
Step: 1740.0488ms
====================================
Loop: 358
  Solve: 682.4504ms
Step: 1729.0945ms
====================================
Loop: 359
  Solve: 673.2927ms
Step: 1708.4888ms
====================================
Loop: 360
  Solve: 674.4488ms
Step: 1715.7297ms
====================================
Loop: 361
  Solve: 672.1084ms
Step: 1712.4628ms
====================================
Loop: 362
  Solve: 666.5655ms
Step: 1677.4409ms
====================================
Loop: 363
  Solve: 665.2116ms
Step: 1681.3403ms
====================================
Loop: 364
  Solve: 655.8165ms
Step: 1682.0938ms
====================================
Loop: 365
  Solve: 656.4760ms
Step: 1659.2711ms
====================================
Loop: 366
  Solve: 654.9210ms
Step: 1668.3623ms
====================================
Loop: 367
  Solve: 726.2534ms
Step: 1728.8318ms
====================================
Loop: 368
  Solve: 650.2537ms
Step: 1705.0435ms
====================================
Loop: 369
  Solve: 649.6902ms
Step: 1641.9604ms
====================================
Loop: 370
  Solve: 641.6632ms
Step: 1627.9521ms
====================================
Loop: 371
  Solve: 647.9370ms
Step: 1630.5862ms
====================================
Loop: 372
  Solve: 642.6545ms
Step: 1626.7330ms
====================================
Loop: 373
  Solve: 639.4814ms
Step: 1623.5350ms
====================================
Loop: 374
  Solve: 671.6996ms
Step: 1637.2070ms
====================================
Loop: 375
  Solve: 629.5419ms
Step: 1635.5925ms
====================================
Loop: 376
  Solve: 625.1413ms
Step: 1571.7542ms
====================================
Loop: 377
  Solve: 623.6028ms
Step: 1576.4188ms
====================================
Loop: 378
  Solve: 622.3967ms
Step: 1566.1738ms
====================================
Loop: 379
  Solve: 623.6594ms
Step: 1555.1541ms
====================================
Loop: 380
  Solve: 619.9192ms
Step: 1556.8857ms
====================================
Loop: 381
  Solve: 615.4556ms
Step: 1545.9021ms
====================================
Loop: 382
  Solve: 610.3841ms
Step: 1535.4031ms
====================================
Loop: 383
  Solve: 610.0248ms
Step: 1527.6584ms
====================================
Loop: 384
  Solve: 606.4030ms
Step: 1522.0820ms
====================================
Loop: 385
  Solve: 604.9282ms
Step: 1514.7201ms
====================================
Loop: 386
  Solve: 599.5084ms
Step: 1515.4347ms
====================================
Loop: 387
  Solve: 601.9724ms
Step: 1506.2935ms
====================================
Loop: 388
  Solve: 596.8114ms
Step: 1504.0211ms
====================================
Loop: 389
  Solve: 596.6105ms
Step: 1522.9133ms
====================================
Loop: 390
  Solve: 594.5041ms
Step: 1497.1089ms
====================================
Loop: 391
  Solve: 593.5300ms
Step: 1491.2930ms
====================================
Loop: 392
  Solve: 617.3843ms
Step: 1513.8177ms
====================================
Loop: 393
  Solve: 600.1848ms
Step: 1503.2443ms
====================================
Loop: 394
  Solve: 595.5781ms
Step: 1497.6069ms
====================================
Loop: 395
  Solve: 593.6932ms
Step: 1545.1332ms
====================================
Loop: 396
  Solve: 591.9751ms
Step: 1481.8423ms
====================================
Loop: 397
  Solve: 586.5569ms
Step: 1479.0469ms
====================================
Loop: 398
  Solve: 589.5862ms
Step: 1481.1835ms
====================================
Loop: 399
  Solve: 590.1339ms
Step: 1470.0432ms
====================================
Loop: 400
  Solve: 589.2449ms
Step: 1468.5969ms
====================================
Loop: 401
  Solve: 581.0483ms
Step: 1450.6676ms
====================================
Loop: 402
  Solve: 584.7611ms
Step: 1462.6512ms
====================================
Loop: 403
  Solve: 580.1909ms
Step: 1447.3293ms
====================================
Loop: 404
  Solve: 577.5619ms
Step: 1458.9536ms
====================================
Loop: 405
  Solve: 582.4736ms
Step: 1442.8018ms
====================================
Loop: 406
  Solve: 578.0604ms
Step: 1440.5079ms
====================================
Loop: 407
  Solve: 576.2243ms
Step: 1443.5906ms
====================================
Loop: 408
  Solve: 573.1486ms
Step: 1430.4950ms
====================================
Loop: 409
  Solve: 571.6462ms
Step: 1420.6359ms
====================================
Loop: 410
  Solve: 569.2623ms
Step: 1405.2988ms
====================================
Loop: 411
  Solve: 570.1091ms
Step: 1421.6669ms
====================================
Loop: 412
  Solve: 565.8817ms
Step: 1403.7274ms
====================================
Loop: 413
  Solve: 563.7568ms
Step: 1409.8127ms
====================================
Loop: 414
  Solve: 572.8968ms
Step: 1407.2017ms
====================================
Loop: 415
  Solve: 560.8930ms
Step: 1382.8484ms
====================================
Loop: 416
  Solve: 563.5113ms
Step: 1405.6678ms
====================================
Loop: 417
  Solve: 565.0212ms
Step: 1387.2069ms
====================================
Loop: 418
  Solve: 557.3578ms
Step: 1382.0859ms
====================================
Loop: 419
  Solve: 556.8777ms
Step: 1375.9165ms
====================================
Loop: 420
  Solve: 558.8204ms
Step: 1380.3805ms
====================================
Loop: 421
  Solve: 555.0859ms
Step: 1382.8203ms
====================================
Loop: 422
  Solve: 556.0566ms
Step: 1380.3330ms
====================================
Loop: 423
  Solve: 557.5086ms
Step: 1377.1368ms
====================================
Loop: 424
  Solve: 558.7071ms
Step: 1375.3252ms
====================================
Loop: 425
  Solve: 557.5010ms
Step: 1371.3838ms
====================================
Loop: 426
  Solve: 596.1254ms
Step: 1409.7903ms
====================================
Loop: 427
  Solve: 552.0095ms
Step: 1356.3756ms
====================================
Loop: 428
  Solve: 551.5978ms
Step: 1425.0955ms
====================================
Loop: 429
  Solve: 554.3182ms
Step: 1392.8810ms
====================================
Loop: 430
  Solve: 557.5781ms
Step: 1350.3723ms
====================================
Loop: 431
  Solve: 552.2487ms
Step: 1359.6018ms
====================================
Loop: 432
  Solve: 547.7021ms
Step: 1402.4978ms
====================================
Loop: 433
  Solve: 557.7363ms
Step: 1350.9551ms
====================================
Loop: 434
  Solve: 545.7643ms
Step: 1354.5013ms
====================================
Loop: 435
  Solve: 545.9013ms
Step: 1333.7416ms
====================================
Loop: 436
  Solve: 548.9332ms
Step: 1319.4639ms
====================================
Loop: 437
  Solve: 546.4691ms
Step: 1321.0820ms
====================================
Loop: 438
  Solve: 544.3570ms
Step: 1323.3784ms
====================================
Loop: 439
  Solve: 548.7209ms
Step: 1314.4348ms
====================================
Loop: 440
  Solve: 540.0970ms
Step: 1306.9375ms
====================================
Loop: 441
  Solve: 545.7282ms
Step: 1315.1945ms
====================================
Loop: 442
  Solve: 544.0538ms
Step: 1306.9219ms
====================================
Loop: 443
  Solve: 538.0883ms
Step: 1300.2227ms
====================================
Loop: 444
  Solve: 538.3831ms
Step: 1300.8164ms
====================================
Loop: 445
  Solve: 541.4885ms
Step: 1298.9846ms
====================================
Loop: 446
  Solve: 531.0342ms
Step: 1292.5566ms
====================================
Loop: 447
  Solve: 535.7043ms
Step: 1295.0768ms
====================================
Loop: 448
  Solve: 538.2616ms
Step: 1293.3199ms
====================================
Loop: 449
  Solve: 537.0357ms
Step: 1287.0679ms
====================================
Loop: 450
  Solve: 530.5635ms
Step: 1282.9775ms
====================================
Loop: 451
  Solve: 537.9999ms
Step: 1295.0715ms
====================================
Loop: 452
  Solve: 532.4116ms
Step: 1270.5056ms
====================================
Loop: 453
  Solve: 529.1532ms
Step: 1268.6067ms
====================================
Loop: 454
  Solve: 531.1176ms
Step: 1271.2032ms
====================================
Loop: 455
  Solve: 531.4639ms
Step: 1274.1543ms
====================================
Loop: 456
  Solve: 535.7450ms
Step: 1269.7626ms
====================================
Loop: 457
  Solve: 531.9673ms
Step: 1267.3499ms
====================================
Loop: 458
  Solve: 529.8613ms
Step: 1268.0029ms
====================================
Loop: 459
  Solve: 530.7051ms
Step: 1266.3868ms
====================================
Loop: 460
  Solve: 533.6761ms
Step: 1255.0687ms
====================================
Loop: 461
  Solve: 532.7108ms
Step: 1261.4436ms
====================================
Loop: 462
  Solve: 533.3249ms
Step: 1261.6033ms
====================================
Loop: 463
  Solve: 539.1964ms
Step: 1264.1648ms
====================================
Loop: 464
  Solve: 532.4108ms
Step: 1252.5001ms
====================================
Loop: 465
  Solve: 533.1876ms
Step: 1261.2021ms
====================================
Loop: 466
  Solve: 531.2841ms
Step: 1256.3289ms
====================================
Loop: 467
  Solve: 534.1588ms
Step: 1251.3759ms
====================================
Loop: 468
  Solve: 531.9671ms
Step: 1247.1909ms
====================================
Loop: 469
  Solve: 527.2390ms
Step: 1254.5538ms
====================================
Loop: 470
  Solve: 532.1985ms
Step: 1253.2469ms
====================================
Loop: 471
  Solve: 532.7272ms
Step: 1242.3389ms
====================================
Loop: 472
  Solve: 532.4459ms
Step: 1243.4564ms
====================================
Loop: 473
  Solve: 527.6187ms
Step: 1241.8806ms
====================================
Loop: 474
  Solve: 528.3578ms
Step: 1244.2303ms
====================================
Loop: 475
  Solve: 535.2014ms
Step: 1249.7130ms
====================================
Loop: 476
  Solve: 529.6840ms
Step: 1226.0812ms
====================================
Loop: 477
  Solve: 529.5624ms
Step: 1230.9088ms
====================================
Loop: 478
  Solve: 525.9478ms
Step: 1227.6288ms
====================================
Loop: 479
  Solve: 529.2616ms
Step: 1228.5676ms
====================================
Loop: 480
  Solve: 531.3159ms
Step: 1223.2382ms
====================================
Loop: 481
  Solve: 529.4847ms
Step: 1216.2405ms
====================================
Loop: 482
  Solve: 527.2313ms
Step: 1224.8463ms
====================================
Loop: 483
  Solve: 525.7618ms
Step: 1219.6663ms
====================================
Loop: 484
  Solve: 528.9444ms
Step: 1215.3932ms
====================================
Loop: 485
  Solve: 561.3185ms
Step: 1296.7710ms
====================================
Loop: 486
  Solve: 529.9841ms
Step: 1231.8103ms
====================================
Loop: 487
  Solve: 604.1090ms
Step: 1302.0297ms
====================================
Loop: 488
  Solve: 531.0085ms
Step: 1218.9717ms
====================================
Loop: 489
  Solve: 533.9428ms
Step: 1225.6361ms
====================================
Loop: 490
  Solve: 530.4780ms
Step: 1254.2007ms
====================================
Loop: 491
  Solve: 532.0237ms
Step: 1228.1257ms
====================================
Loop: 492
  Solve: 533.1465ms
Step: 1220.3217ms
====================================
Loop: 493
  Solve: 534.1869ms
Step: 1218.2417ms
====================================
Loop: 494
  Solve: 530.7549ms
Step: 1217.2505ms
====================================
Loop: 495
  Solve: 530.8561ms
Step: 1276.5231ms
====================================
Loop: 496
  Solve: 531.8156ms
Step: 1217.1495ms
====================================
Loop: 497
  Solve: 538.5413ms
Step: 1220.4808ms
====================================
Loop: 498
  Solve: 527.8665ms
Step: 1199.9210ms
====================================
Loop: 499
  Solve: 532.5829ms
Step: 1225.4597ms
====================================
Loop: 500
  Solve: 529.5176ms
Step: 1219.8229ms
====================================
