Using platform vendor: Intel(R) Corporation
Loop: 0
Kernel done
  ManagerOCL: 46.0329ms
  ManagerCPU: 13.5094ms
 Test collisions: 60.2415ms
Step: 285.6923ms
====================================
Loop: 1
Kernel done
  ManagerOCL: 46.4139ms
  ManagerCPU: 14.4375ms
 Test collisions: 61.5684ms
Step: 110.5023ms
====================================
Loop: 2
Kernel done
  ManagerOCL: 42.0347ms
  ManagerCPU: 13.1686ms
 Test collisions: 55.9207ms
Step: 108.8913ms
====================================
Loop: 3
Kernel done
  ManagerOCL: 43.1908ms
  ManagerCPU: 13.4905ms
 Test collisions: 57.3815ms
Step: 105.6546ms
====================================
Loop: 4
Kernel done
  ManagerOCL: 42.4533ms
  ManagerCPU: 13.2193ms
 Test collisions: 56.3724ms
Step: 104.6098ms
====================================
Loop: 5
Kernel done
  ManagerOCL: 42.1884ms
  ManagerCPU: 13.2690ms
 Test collisions: 56.1459ms
Step: 105.2927ms
====================================
Loop: 6
Kernel done
  ManagerOCL: 44.5637ms
  ManagerCPU: 13.5141ms
 Test collisions: 58.7914ms
Step: 107.9147ms
====================================
Loop: 7
Kernel done
  ManagerOCL: 42.6668ms
  ManagerCPU: 13.1279ms
 Test collisions: 56.4918ms
Step: 104.9114ms
====================================
Loop: 8
Kernel done
  ManagerOCL: 42.1336ms
  ManagerCPU: 13.1589ms
 Test collisions: 55.9927ms
Step: 104.0832ms
====================================
Loop: 9
Kernel done
  ManagerOCL: 45.1759ms
  ManagerCPU: 13.4191ms
 Test collisions: 59.3006ms
Step: 107.9525ms
====================================
Loop: 10
Kernel done
  ManagerOCL: 42.7102ms
  ManagerCPU: 13.1353ms
 Test collisions: 56.6215ms
Step: 108.4324ms
====================================
Loop: 11
Kernel done
  ManagerOCL: 42.5225ms
  ManagerCPU: 13.3896ms
 Test collisions: 56.6160ms
Step: 105.0978ms
====================================
Loop: 12
Kernel done
  ManagerOCL: 46.3244ms
  ManagerCPU: 14.7512ms
 Test collisions: 61.7790ms
Step: 110.4104ms
====================================
Loop: 13
Kernel done
  ManagerOCL: 43.0774ms
  ManagerCPU: 13.6506ms
 Test collisions: 57.4318ms
Step: 106.2181ms
====================================
Loop: 14
Kernel done
  ManagerOCL: 44.4464ms
  ManagerCPU: 13.5484ms
 Test collisions: 58.7269ms
Step: 106.4714ms
====================================
Loop: 15
Kernel done
  ManagerOCL: 44.7199ms
  ManagerCPU: 14.6255ms
 Test collisions: 60.0454ms
Step: 107.9806ms
====================================
Loop: 16
Kernel done
  ManagerOCL: 43.1952ms
  ManagerCPU: 13.7282ms
 Test collisions: 57.6395ms
Step: 106.4868ms
====================================
Loop: 17
Kernel done
  ManagerOCL: 42.9503ms
  ManagerCPU: 13.3116ms
 Test collisions: 57.0375ms
Step: 105.2968ms
====================================
Loop: 18
Kernel done
  ManagerOCL: 43.8940ms
  ManagerCPU: 13.2761ms
 Test collisions: 57.8597ms
Step: 264.1752ms
====================================
Loop: 19
Kernel done
  ManagerOCL: 44.4280ms
  ManagerCPU: 13.3449ms
 Test collisions: 58.4726ms
Step: 107.7839ms
====================================
Loop: 20
Kernel done
  ManagerOCL: 44.6861ms
  ManagerCPU: 13.5023ms
 Test collisions: 58.9645ms
Step: 107.6466ms
====================================
Loop: 21
Kernel done
  ManagerOCL: 42.9465ms
  ManagerCPU: 13.4136ms
 Test collisions: 57.0610ms
Step: 106.3679ms
====================================
Loop: 22
Kernel done
  ManagerOCL: 46.0932ms
  ManagerCPU: 13.6868ms
 Test collisions: 60.5089ms
Step: 109.3578ms
====================================
Loop: 23
Kernel done
  ManagerOCL: 45.6729ms
  ManagerCPU: 13.4332ms
 Test collisions: 59.8193ms
Step: 108.4139ms
====================================
Loop: 24
Kernel done
  ManagerOCL: 42.6172ms
  ManagerCPU: 13.7991ms
 Test collisions: 57.1338ms
Step: 106.2264ms
====================================
Loop: 25
Kernel done
  ManagerOCL: 42.5649ms
  ManagerCPU: 13.4538ms
 Test collisions: 56.7488ms
Step: 104.5763ms
====================================
Loop: 26
Kernel done
  ManagerOCL: 42.6901ms
  ManagerCPU: 13.4944ms
 Test collisions: 56.8821ms
Step: 262.2398ms
====================================
Loop: 27
Kernel done
  ManagerOCL: 41.2671ms
  ManagerCPU: 13.1074ms
 Test collisions: 55.0746ms
Step: 108.4400ms
====================================
Loop: 28
Kernel done
  ManagerOCL: 44.9361ms
  ManagerCPU: 13.1624ms
 Test collisions: 58.7988ms
Step: 106.4513ms
====================================
Loop: 29
Kernel done
  ManagerOCL: 42.1198ms
  ManagerCPU: 13.1509ms
 Test collisions: 56.0510ms
Step: 104.6521ms
====================================
Loop: 30
Kernel done
  ManagerOCL: 45.9643ms
  ManagerCPU: 13.2553ms
 Test collisions: 59.9692ms
Step: 108.8099ms
====================================
Loop: 31
Kernel done
  ManagerOCL: 45.6833ms
  ManagerCPU: 13.1066ms
 Test collisions: 59.5036ms
Step: 107.7566ms
====================================
Loop: 32
Kernel done
  ManagerOCL: 41.2971ms
  ManagerCPU: 13.2771ms
 Test collisions: 55.2882ms
Step: 104.8260ms
====================================
Loop: 33
Kernel done
  ManagerOCL: 42.6873ms
  ManagerCPU: 13.2008ms
 Test collisions: 56.5946ms
Step: 263.0219ms
====================================
Loop: 34
Kernel done
  ManagerOCL: 45.9605ms
  ManagerCPU: 15.2962ms
 Test collisions: 61.9689ms
Step: 111.9806ms
====================================
Loop: 35
Kernel done
  ManagerOCL: 43.6483ms
  ManagerCPU: 13.6421ms
 Test collisions: 58.0097ms
Step: 109.8194ms
====================================
Loop: 36
Kernel done
  ManagerOCL: 46.0568ms
  ManagerCPU: 13.3196ms
 Test collisions: 60.1882ms
Step: 108.7397ms
====================================
Loop: 37
Kernel done
  ManagerOCL: 43.6054ms
  ManagerCPU: 13.4480ms
 Test collisions: 57.7572ms
Step: 106.5370ms
====================================
Loop: 38
Kernel done
  ManagerOCL: 42.3410ms
  ManagerCPU: 13.4137ms
 Test collisions: 56.4594ms
Step: 267.0930ms
====================================
Loop: 39
Kernel done
  ManagerOCL: 42.4266ms
  ManagerCPU: 13.3769ms
 Test collisions: 56.5063ms
Step: 104.6547ms
====================================
Loop: 40
Kernel done
  ManagerOCL: 44.1969ms
  ManagerCPU: 13.1248ms
 Test collisions: 58.0328ms
Step: 106.2626ms
====================================
Loop: 41
Kernel done
  ManagerOCL: 45.7875ms
  ManagerCPU: 13.0842ms
 Test collisions: 59.5972ms
Step: 107.7952ms
====================================
Loop: 42
Kernel done
  ManagerOCL: 46.7053ms
  ManagerCPU: 13.4538ms
 Test collisions: 60.8971ms
Step: 109.7342ms
====================================
Loop: 43
Kernel done
  ManagerOCL: 42.2473ms
  ManagerCPU: 15.7096ms
 Test collisions: 58.6651ms
Step: 266.8639ms
====================================
Loop: 44
Kernel done
  ManagerOCL: 48.2368ms
  ManagerCPU: 16.3316ms
 Test collisions: 65.4266ms
Step: 118.1003ms
====================================
Loop: 45
Kernel done
  ManagerOCL: 46.0544ms
  ManagerCPU: 13.3006ms
 Test collisions: 60.0648ms
Step: 110.9046ms
====================================
Loop: 46
Kernel done
  ManagerOCL: 43.0489ms
  ManagerCPU: 13.3150ms
 Test collisions: 57.0886ms
Step: 105.4253ms
====================================
Loop: 47
Kernel done
  ManagerOCL: 42.1406ms
  ManagerCPU: 13.2985ms
 Test collisions: 56.1631ms
Step: 275.5736ms
====================================
Loop: 48
Kernel done
  ManagerOCL: 48.7315ms
  ManagerCPU: 15.6053ms
 Test collisions: 65.0842ms
Step: 119.6579ms
====================================
Loop: 49
Kernel done
  ManagerOCL: 46.7255ms
  ManagerCPU: 15.8784ms
 Test collisions: 63.3633ms
Step: 122.5387ms
====================================
Loop: 50
Kernel done
  ManagerOCL: 43.3132ms
  ManagerCPU: 13.6803ms
 Test collisions: 57.7277ms
Step: 113.6957ms
====================================
Loop: 51
Kernel done
  ManagerOCL: 43.9117ms
  ManagerCPU: 13.5257ms
 Test collisions: 58.2452ms
Step: 266.8829ms
====================================
Loop: 52
Kernel done
  ManagerOCL: 44.3257ms
  ManagerCPU: 13.9687ms
 Test collisions: 59.0734ms
Step: 118.0386ms
====================================
Loop: 53
Kernel done
  ManagerOCL: 44.7156ms
  ManagerCPU: 13.8605ms
 Test collisions: 59.3491ms
Step: 119.6090ms
====================================
Loop: 54
Kernel done
  ManagerOCL: 44.8003ms
  ManagerCPU: 13.6291ms
 Test collisions: 59.2122ms
Step: 119.4720ms
====================================
Loop: 55
Kernel done
  ManagerOCL: 47.1817ms
  ManagerCPU: 15.6236ms
 Test collisions: 63.8142ms
Step: 268.6755ms
====================================
Loop: 56
Kernel done
  ManagerOCL: 45.8044ms
  ManagerCPU: 14.0061ms
 Test collisions: 60.6286ms
Step: 122.2095ms
====================================
Loop: 57
Kernel done
  ManagerOCL: 46.9157ms
  ManagerCPU: 14.1897ms
 Test collisions: 61.9394ms
Step: 125.1354ms
====================================
Loop: 58
Kernel done
  ManagerOCL: 48.4458ms
  ManagerCPU: 16.2256ms
 Test collisions: 65.4895ms
Step: 128.5673ms
====================================
Loop: 59
Kernel done
  ManagerOCL: 46.0475ms
  ManagerCPU: 14.0139ms
 Test collisions: 60.8568ms
Step: 258.8074ms
====================================
Loop: 60
Kernel done
  ManagerOCL: 46.5472ms
  ManagerCPU: 14.7351ms
 Test collisions: 62.1308ms
Step: 127.3593ms
====================================
Loop: 61
Kernel done
  ManagerOCL: 53.1120ms
  ManagerCPU: 14.7904ms
 Test collisions: 68.7447ms
Step: 135.1795ms
====================================
Loop: 62
Kernel done
  ManagerOCL: 50.3119ms
  ManagerCPU: 14.4897ms
 Test collisions: 65.6638ms
Step: 260.3904ms
====================================
Loop: 63
Kernel done
  ManagerOCL: 51.7584ms
  ManagerCPU: 14.5285ms
 Test collisions: 67.2387ms
Step: 143.6697ms
====================================
Loop: 64
Kernel done
  ManagerOCL: 51.4431ms
  ManagerCPU: 14.6887ms
 Test collisions: 67.1471ms
Step: 140.1030ms
====================================
Loop: 65
Kernel done
  ManagerOCL: 55.3072ms
  ManagerCPU: 14.8152ms
 Test collisions: 71.1902ms
Step: 268.4010ms
====================================
Loop: 66
Kernel done
  ManagerOCL: 55.0654ms
  ManagerCPU: 16.6238ms
 Test collisions: 73.1104ms
Step: 153.7996ms
====================================
Loop: 67
Kernel done
  ManagerOCL: 54.1010ms
  ManagerCPU: 17.3424ms
 Test collisions: 72.5773ms
Step: 149.9376ms
====================================
Loop: 68
Kernel done
  ManagerOCL: 55.9504ms
  ManagerCPU: 14.8894ms
 Test collisions: 72.0919ms
Step: 264.9489ms
====================================
Loop: 69
Kernel done
  ManagerOCL: 62.2943ms
  ManagerCPU: 15.4173ms
 Test collisions: 78.9706ms
Step: 158.8757ms
====================================
Loop: 70
Kernel done
  ManagerOCL: 58.6401ms
  ManagerCPU: 15.1998ms
 Test collisions: 75.0030ms
Step: 156.0093ms
====================================
Loop: 71
Kernel done
  ManagerOCL: 61.2691ms
  ManagerCPU: 15.4689ms
 Test collisions: 78.0746ms
Step: 271.0779ms
====================================
Loop: 72
Kernel done
  ManagerOCL: 61.8110ms
  ManagerCPU: 17.2262ms
 Test collisions: 80.7020ms
Step: 166.7798ms
====================================
Loop: 73
Kernel done
  ManagerOCL: 61.9358ms
  ManagerCPU: 15.6151ms
 Test collisions: 78.9658ms
Step: 163.9067ms
====================================
Loop: 74
Kernel done
  ManagerOCL: 65.4559ms
  ManagerCPU: 15.4672ms
 Test collisions: 82.5107ms
Step: 277.7077ms
====================================
Loop: 75
Kernel done
  ManagerOCL: 65.3720ms
  ManagerCPU: 15.9178ms
 Test collisions: 82.9938ms
Step: 173.1476ms
====================================
Loop: 76
Kernel done
  ManagerOCL: 72.5089ms
  ManagerCPU: 16.0954ms
 Test collisions: 90.4315ms
Step: 189.1638ms
====================================
Loop: 77
Kernel done
  ManagerOCL: 67.9203ms
  ManagerCPU: 15.9626ms
 Test collisions: 85.7747ms
Step: 287.7103ms
====================================
Loop: 78
Kernel done
  ManagerOCL: 74.7914ms
  ManagerCPU: 16.4787ms
 Test collisions: 93.2361ms
Step: 203.6380ms
====================================
Loop: 79
Kernel done
  ManagerOCL: 73.7367ms
  ManagerCPU: 16.2108ms
 Test collisions: 92.0361ms
Step: 198.4776ms
====================================
Loop: 80
Kernel done
  ManagerOCL: 73.8740ms
  ManagerCPU: 16.2268ms
 Test collisions: 92.3003ms
Step: 304.6884ms
====================================
Loop: 81
Kernel done
  ManagerOCL: 76.1375ms
  ManagerCPU: 16.7410ms
 Test collisions: 95.0991ms
Step: 231.5663ms
====================================
Loop: 82
Kernel done
  ManagerOCL: 77.6205ms
  ManagerCPU: 16.8375ms
 Test collisions: 96.8334ms
Step: 237.1830ms
====================================
Loop: 83
Kernel done
  ManagerOCL: 84.0731ms
  ManagerCPU: 16.8011ms
 Test collisions: 103.3540ms
Step: 334.5010ms
====================================
Loop: 84
Kernel done
  ManagerOCL: 86.8522ms
  ManagerCPU: 17.2564ms
 Test collisions: 106.9368ms
Step: 267.0748ms
====================================
Loop: 85
Kernel done
  ManagerOCL: 90.9679ms
  ManagerCPU: 17.3089ms
 Test collisions: 111.2700ms
Step: 276.2565ms
====================================
Loop: 86
Kernel done
  ManagerOCL: 91.6756ms
  ManagerCPU: 17.6373ms
 Test collisions: 112.5312ms
Step: 365.2291ms
====================================
Loop: 87
Kernel done
  ManagerOCL: 94.7196ms
  ManagerCPU: 17.8988ms
 Test collisions: 116.0623ms
Step: 305.8430ms
====================================
Loop: 88
Kernel done
  ManagerOCL: 101.5610ms
  ManagerCPU: 18.3376ms
 Test collisions: 123.2292ms
Step: 312.4685ms
====================================
Loop: 89
Kernel done
  ManagerOCL: 101.2587ms
  ManagerCPU: 18.0279ms
 Test collisions: 122.8675ms
Step: 394.7002ms
====================================
Loop: 90
Kernel done
  ManagerOCL: 102.8742ms
  ManagerCPU: 18.3444ms
 Test collisions: 125.0118ms
Step: 335.3258ms
====================================
Loop: 91
Kernel done
  ManagerOCL: 108.0030ms
  ManagerCPU: 18.5920ms
 Test collisions: 130.4828ms
Step: 347.8651ms
====================================
Loop: 92
Kernel done
  ManagerOCL: 108.4077ms
  ManagerCPU: 18.6474ms
 Test collisions: 131.1442ms
Step: 422.0442ms
====================================
Loop: 93
Kernel done
  ManagerOCL: 108.9879ms
  ManagerCPU: 19.2841ms
 Test collisions: 132.6360ms
Step: 369.0013ms
====================================
Loop: 94
Kernel done
  ManagerOCL: 112.7709ms
  ManagerCPU: 19.1633ms
 Test collisions: 136.5467ms
Step: 436.0730ms
====================================
Loop: 95
Kernel done
  ManagerOCL: 114.4784ms
  ManagerCPU: 19.6548ms
 Test collisions: 138.7852ms
Step: 386.7516ms
====================================
Loop: 96
Kernel done
  ManagerOCL: 122.7069ms
  ManagerCPU: 19.7735ms
 Test collisions: 147.5051ms
Step: 456.8886ms
====================================
Loop: 97
Kernel done
  ManagerOCL: 126.8112ms
  ManagerCPU: 19.9594ms
 Test collisions: 152.0144ms
Step: 392.0137ms
====================================
Loop: 98
Kernel done
  ManagerOCL: 130.3175ms
  ManagerCPU: 20.6684ms
 Test collisions: 156.4192ms
Step: 468.0322ms
====================================
Loop: 99
Kernel done
  ManagerOCL: 132.7971ms
  ManagerCPU: 23.7597ms
 Test collisions: 162.1358ms
Step: 428.6971ms
====================================
Loop: 100
Kernel done
  ManagerOCL: 133.3809ms
  ManagerCPU: 20.7640ms
 Test collisions: 159.7061ms
Step: 481.3968ms
====================================
Loop: 101
Kernel done
  ManagerOCL: 136.0687ms
  ManagerCPU: 21.3764ms
 Test collisions: 163.0503ms
Step: 432.7533ms
====================================
Loop: 102
Kernel done
  ManagerOCL: 136.7205ms
  ManagerCPU: 21.5583ms
 Test collisions: 164.1883ms
Step: 501.5784ms
====================================
Loop: 103
Kernel done
  ManagerOCL: 140.5173ms
  ManagerCPU: 21.8356ms
 Test collisions: 168.1723ms
Step: 458.1844ms
====================================
Loop: 104
Kernel done
  ManagerOCL: 142.2930ms
  ManagerCPU: 22.9342ms
 Test collisions: 171.3213ms
Step: 514.5036ms
====================================
Loop: 105
Kernel done
  ManagerOCL: 149.8296ms
  ManagerCPU: 23.1599ms
 Test collisions: 179.4086ms
Step: 488.0192ms
====================================
Loop: 106
Kernel done
  ManagerOCL: 147.9535ms
  ManagerCPU: 23.1646ms
 Test collisions: 177.3966ms
Step: 545.0976ms
====================================
Loop: 107
Kernel done
  ManagerOCL: 155.8580ms
  ManagerCPU: 24.2089ms
 Test collisions: 186.7041ms
Step: 508.1767ms
====================================
Loop: 108
Kernel done
  ManagerOCL: 156.3665ms
  ManagerCPU: 24.5325ms
 Test collisions: 187.4294ms
Step: 558.5538ms
====================================
Loop: 109
Kernel done
  ManagerOCL: 168.5447ms
  ManagerCPU: 26.3984ms
 Test collisions: 201.7223ms
Step: 538.7052ms
====================================
Loop: 110
Kernel done
  ManagerOCL: 166.3875ms
  ManagerCPU: 28.6094ms
 Test collisions: 202.4924ms
Step: 591.3877ms
====================================
Loop: 111
Kernel done
  ManagerOCL: 176.7123ms
  ManagerCPU: 27.1125ms
 Test collisions: 210.9560ms
Step: 564.6511ms
====================================
Loop: 112
Kernel done
  ManagerOCL: 179.5579ms
  ManagerCPU: 27.3884ms
 Test collisions: 213.7419ms
Step: 617.2227ms
====================================
Loop: 113
Kernel done
  ManagerOCL: 180.0635ms
  ManagerCPU: 28.4059ms
 Test collisions: 215.3810ms
Step: 608.1368ms
====================================
Loop: 114
Kernel done
  ManagerOCL: 184.6627ms
  ManagerCPU: 29.3748ms
 Test collisions: 221.3213ms
Step: 632.5613ms
====================================
Loop: 115
Kernel done
  ManagerOCL: 192.1163ms
  ManagerCPU: 32.1766ms
 Test collisions: 231.7517ms
Step: 629.4874ms
====================================
Loop: 116
Kernel done
  ManagerOCL: 193.9545ms
  ManagerCPU: 30.8241ms
 Test collisions: 232.1371ms
Step: 684.1340ms
====================================
Loop: 117
Kernel done
  ManagerOCL: 199.2382ms
  ManagerCPU: 31.9981ms
 Test collisions: 239.0107ms
Step: 674.8235ms
====================================
Loop: 118
Kernel done
  ManagerOCL: 202.4283ms
  ManagerCPU: 35.1117ms
 Test collisions: 245.4700ms
Step: 699.0300ms
====================================
Loop: 119
Kernel done
  ManagerOCL: 209.5432ms
  ManagerCPU: 34.9534ms
 Test collisions: 252.4521ms
Step: 714.3448ms
====================================
Loop: 120
Kernel done
  ManagerOCL: 213.3748ms
  ManagerCPU: 35.8324ms
 Test collisions: 257.4767ms
Step: 735.2330ms
====================================
Loop: 121
Kernel done
  ManagerOCL: 232.3668ms
  ManagerCPU: 36.1089ms
 Test collisions: 276.9173ms
Step: 765.5829ms
====================================
Loop: 122
Kernel done
  ManagerOCL: 229.4223ms
  ManagerCPU: 36.6723ms
 Test collisions: 274.5355ms
Step: 782.9722ms
====================================
Loop: 123
Kernel done
  ManagerOCL: 237.0230ms
  ManagerCPU: 38.1375ms
 Test collisions: 283.8891ms
Step: 801.4753ms
====================================
Loop: 124
Kernel done
  ManagerOCL: 240.2951ms
  ManagerCPU: 39.2694ms
 Test collisions: 288.3901ms
Step: 818.0947ms
====================================
Loop: 125
Kernel done
  ManagerOCL: 243.8350ms
  ManagerCPU: 41.3737ms
 Test collisions: 294.8966ms
Step: 826.2368ms
====================================
Loop: 126
Kernel done
  ManagerOCL: 255.2345ms
  ManagerCPU: 41.2895ms
 Test collisions: 305.8485ms
Step: 852.6575ms
====================================
Loop: 127
Kernel done
  ManagerOCL: 255.5774ms
  ManagerCPU: 44.3037ms
 Test collisions: 310.4982ms
Step: 877.7698ms
====================================
Loop: 128
Kernel done
  ManagerOCL: 254.0287ms
  ManagerCPU: 43.3618ms
 Test collisions: 306.7634ms
Step: 866.3667ms
====================================
Loop: 129
Kernel done
  ManagerOCL: 252.9009ms
  ManagerCPU: 45.0778ms
 Test collisions: 307.4031ms
Step: 878.8319ms
====================================
Loop: 130
Kernel done
  ManagerOCL: 263.9506ms
  ManagerCPU: 46.1735ms
 Test collisions: 319.5053ms
Step: 903.1160ms
====================================
Loop: 131
Kernel done
  ManagerOCL: 264.6778ms
  ManagerCPU: 46.2693ms
 Test collisions: 320.7014ms
Step: 899.9181ms
====================================
Loop: 132
Kernel done
  ManagerOCL: 262.6430ms
  ManagerCPU: 48.9293ms
 Test collisions: 321.9513ms
Step: 884.1173ms
====================================
Loop: 133
Kernel done
  ManagerOCL: 261.7677ms
  ManagerCPU: 46.9169ms
 Test collisions: 318.2940ms
Step: 873.7913ms
====================================
Loop: 134
Kernel done
  ManagerOCL: 269.5899ms
  ManagerCPU: 47.4314ms
 Test collisions: 326.4886ms
Step: 884.2928ms
====================================
Loop: 135
Kernel done
  ManagerOCL: 269.3432ms
  ManagerCPU: 47.9335ms
 Test collisions: 326.7119ms
Step: 887.0637ms
====================================
Loop: 136
Kernel done
  ManagerOCL: 261.4742ms
  ManagerCPU: 53.2428ms
 Test collisions: 323.8089ms
Step: 886.5530ms
====================================
Loop: 137
Kernel done
  ManagerOCL: 261.3147ms
  ManagerCPU: 49.1254ms
 Test collisions: 319.6350ms
Step: 868.8673ms
====================================
Loop: 138
Kernel done
  ManagerOCL: 269.0408ms
  ManagerCPU: 49.9029ms
 Test collisions: 327.9166ms
Step: 894.4474ms
====================================
Loop: 139
Kernel done
  ManagerOCL: 265.8654ms
  ManagerCPU: 49.7223ms
 Test collisions: 324.7632ms
Step: 907.0726ms
====================================
Loop: 140
Kernel done
  ManagerOCL: 267.2460ms
  ManagerCPU: 50.6798ms
 Test collisions: 326.8396ms
Step: 932.6481ms
====================================
Loop: 141
Kernel done
  ManagerOCL: 314.6255ms
  ManagerCPU: 51.1429ms
 Test collisions: 374.7270ms
Step: 917.9283ms
====================================
Loop: 142
Kernel done
  ManagerOCL: 260.5963ms
  ManagerCPU: 51.9963ms
 Test collisions: 321.3456ms
Step: 849.3315ms
====================================
Loop: 143
Kernel done
  ManagerOCL: 275.8358ms
  ManagerCPU: 50.5576ms
 Test collisions: 335.2838ms
Step: 859.2281ms
====================================
Loop: 144
Kernel done
  ManagerOCL: 266.6111ms
  ManagerCPU: 51.3628ms
 Test collisions: 326.6293ms
Step: 853.1791ms
====================================
Loop: 145
Kernel done
  ManagerOCL: 263.0301ms
  ManagerCPU: 52.3399ms
 Test collisions: 325.6397ms
Step: 849.0860ms
====================================
Loop: 146
Kernel done
  ManagerOCL: 259.1120ms
  ManagerCPU: 50.4743ms
 Test collisions: 317.9908ms
Step: 850.1380ms
====================================
Loop: 147
Kernel done
  ManagerOCL: 264.7270ms
  ManagerCPU: 51.1488ms
 Test collisions: 324.1581ms
Step: 846.8794ms
====================================
Loop: 148
Kernel done
  ManagerOCL: 259.4101ms
  ManagerCPU: 56.9626ms
 Test collisions: 324.8337ms
Step: 843.4726ms
====================================
Loop: 149
Kernel done
  ManagerOCL: 256.7297ms
  ManagerCPU: 51.7060ms
 Test collisions: 316.7791ms
Step: 828.3358ms
====================================
Loop: 150
Kernel done
  ManagerOCL: 267.7239ms
  ManagerCPU: 52.1494ms
 Test collisions: 328.2132ms
Step: 844.2666ms
====================================
Loop: 151
Kernel done
  ManagerOCL: 253.7377ms
  ManagerCPU: 56.6526ms
 Test collisions: 319.8482ms
Step: 821.9480ms
====================================
Loop: 152
Kernel done
  ManagerOCL: 254.3194ms
  ManagerCPU: 51.2699ms
 Test collisions: 313.6594ms
Step: 818.9290ms
====================================
Loop: 153
Kernel done
  ManagerOCL: 258.0746ms
  ManagerCPU: 51.0247ms
 Test collisions: 317.4047ms
Step: 818.2609ms
====================================
Loop: 154
Kernel done
  ManagerOCL: 254.6069ms
  ManagerCPU: 51.1150ms
 Test collisions: 315.0208ms
Step: 811.6514ms
====================================
Loop: 155
Kernel done
  ManagerOCL: 257.9277ms
  ManagerCPU: 51.2352ms
 Test collisions: 317.5378ms
Step: 812.5594ms
====================================
Loop: 156
Kernel done
  ManagerOCL: 260.6038ms
  ManagerCPU: 51.9217ms
 Test collisions: 320.2689ms
Step: 812.9818ms
====================================
Loop: 157
Kernel done
  ManagerOCL: 245.0262ms
  ManagerCPU: 52.2901ms
 Test collisions: 304.9948ms
Step: 828.3666ms
====================================
Loop: 158
Kernel done
  ManagerOCL: 258.6598ms
  ManagerCPU: 52.3584ms
 Test collisions: 318.9836ms
Step: 808.8780ms
====================================
Loop: 159
Kernel done
  ManagerOCL: 271.2236ms
  ManagerCPU: 58.6433ms
 Test collisions: 339.2117ms
Step: 860.9272ms
====================================
Loop: 160
Kernel done
  ManagerOCL: 249.3060ms
  ManagerCPU: 53.0920ms
 Test collisions: 310.1112ms
Step: 803.5269ms
====================================
Loop: 161
Kernel done
  ManagerOCL: 250.8709ms
  ManagerCPU: 50.5410ms
 Test collisions: 309.0202ms
Step: 792.5838ms
====================================
Loop: 162
Kernel done
  ManagerOCL: 247.1932ms
  ManagerCPU: 52.2123ms
 Test collisions: 307.0984ms
Step: 789.2374ms
====================================
Loop: 163
Kernel done
  ManagerOCL: 248.0979ms
  ManagerCPU: 50.7954ms
 Test collisions: 306.5518ms
Step: 800.5618ms
====================================
Loop: 164
Kernel done
  ManagerOCL: 250.5802ms
  ManagerCPU: 48.2942ms
 Test collisions: 306.1573ms
Step: 776.4094ms
====================================
Loop: 165
Kernel done
  ManagerOCL: 240.8321ms
  ManagerCPU: 50.1253ms
 Test collisions: 298.2150ms
Step: 773.1594ms
====================================
Loop: 166
Kernel done
  ManagerOCL: 249.5908ms
  ManagerCPU: 49.3660ms
 Test collisions: 306.3182ms
Step: 788.0346ms
====================================
Loop: 167
Kernel done
  ManagerOCL: 240.3752ms
  ManagerCPU: 52.0601ms
 Test collisions: 299.7486ms
Step: 785.1289ms
====================================
Loop: 168
Kernel done
  ManagerOCL: 240.7073ms
  ManagerCPU: 50.0766ms
 Test collisions: 298.0401ms
Step: 798.3704ms
====================================
Loop: 169
Kernel done
  ManagerOCL: 242.5034ms
  ManagerCPU: 51.8712ms
 Test collisions: 302.4358ms
Step: 757.0594ms
====================================
Loop: 170
Kernel done
  ManagerOCL: 245.8203ms
  ManagerCPU: 49.0329ms
 Test collisions: 302.0376ms
Step: 757.5942ms
====================================
Loop: 171
Kernel done
  ManagerOCL: 236.8310ms
  ManagerCPU: 54.2857ms
 Test collisions: 298.1936ms
Step: 756.4653ms
====================================
Loop: 172
Kernel done
  ManagerOCL: 238.2958ms
  ManagerCPU: 48.8434ms
 Test collisions: 294.2939ms
Step: 752.4474ms
====================================
Loop: 173
Kernel done
  ManagerOCL: 237.6331ms
  ManagerCPU: 50.2693ms
 Test collisions: 296.1601ms
Step: 743.3386ms
====================================
Loop: 174
Kernel done
  ManagerOCL: 239.3719ms
  ManagerCPU: 49.6007ms
 Test collisions: 296.2604ms
Step: 747.8195ms
====================================
Loop: 175
Kernel done
  ManagerOCL: 233.7815ms
  ManagerCPU: 47.9441ms
 Test collisions: 289.8651ms
Step: 743.3935ms
====================================
Loop: 176
Kernel done
  ManagerOCL: 248.6323ms
  ManagerCPU: 50.4978ms
 Test collisions: 306.2002ms
Step: 783.7940ms
====================================
Loop: 177
Kernel done
  ManagerOCL: 235.7023ms
  ManagerCPU: 52.9398ms
 Test collisions: 295.8634ms
Step: 749.3889ms
====================================
Loop: 178
Kernel done
  ManagerOCL: 237.6528ms
  ManagerCPU: 49.3728ms
 Test collisions: 293.7573ms
Step: 749.4124ms
====================================
Loop: 179
Kernel done
  ManagerOCL: 231.1314ms
  ManagerCPU: 53.8413ms
 Test collisions: 291.8168ms
Step: 735.0437ms
====================================
Loop: 180
Kernel done
  ManagerOCL: 239.1296ms
  ManagerCPU: 49.1335ms
 Test collisions: 294.8934ms
Step: 760.9688ms
====================================
Loop: 181
Kernel done
  ManagerOCL: 233.1232ms
  ManagerCPU: 50.5460ms
 Test collisions: 290.5165ms
Step: 729.3030ms
====================================
Loop: 182
Kernel done
  ManagerOCL: 234.6794ms
  ManagerCPU: 48.5562ms
 Test collisions: 289.8315ms
Step: 742.6854ms
====================================
Loop: 183
Kernel done
  ManagerOCL: 233.0547ms
  ManagerCPU: 47.9269ms
 Test collisions: 287.5380ms
Step: 739.1202ms
====================================
Loop: 184
Kernel done
  ManagerOCL: 231.8251ms
  ManagerCPU: 48.0441ms
 Test collisions: 286.4109ms
Step: 732.8772ms
====================================
Loop: 185
Kernel done
  ManagerOCL: 227.2876ms
  ManagerCPU: 50.4798ms
 Test collisions: 284.5516ms
Step: 733.0142ms
====================================
Loop: 186
Kernel done
  ManagerOCL: 232.6393ms
  ManagerCPU: 50.8342ms
 Test collisions: 290.4519ms
Step: 740.9839ms
====================================
Loop: 187
Kernel done
  ManagerOCL: 225.0955ms
  ManagerCPU: 47.9389ms
 Test collisions: 279.5243ms
Step: 727.4020ms
====================================
Loop: 188
Kernel done
  ManagerOCL: 230.2218ms
  ManagerCPU: 48.3821ms
 Test collisions: 285.5087ms
Step: 732.8409ms
====================================
Loop: 189
Kernel done
  ManagerOCL: 229.3874ms
  ManagerCPU: 47.9795ms
 Test collisions: 284.3324ms
Step: 729.8854ms
====================================
Loop: 190
Kernel done
  ManagerOCL: 232.3238ms
  ManagerCPU: 48.2799ms
 Test collisions: 287.9465ms
Step: 740.0367ms
====================================
Loop: 191
Kernel done
  ManagerOCL: 222.7622ms
  ManagerCPU: 46.5765ms
 Test collisions: 275.8130ms
Step: 741.8425ms
====================================
Loop: 192
Kernel done
  ManagerOCL: 227.3608ms
  ManagerCPU: 48.6883ms
 Test collisions: 282.4478ms
Step: 742.8154ms
====================================
Loop: 193
Kernel done
  ManagerOCL: 223.0771ms
  ManagerCPU: 46.2047ms
 Test collisions: 276.0643ms
Step: 736.0504ms
====================================
Loop: 194
Kernel done
  ManagerOCL: 228.0873ms
  ManagerCPU: 50.8655ms
 Test collisions: 285.5192ms
Step: 741.0879ms
====================================
Loop: 195
Kernel done
  ManagerOCL: 223.1696ms
  ManagerCPU: 48.3785ms
 Test collisions: 278.2197ms
Step: 745.3398ms
====================================
Loop: 196
Kernel done
  ManagerOCL: 224.3439ms
  ManagerCPU: 53.4653ms
 Test collisions: 284.4906ms
Step: 742.5551ms
====================================
Loop: 197
Kernel done
  ManagerOCL: 226.8047ms
  ManagerCPU: 47.8175ms
 Test collisions: 280.9401ms
Step: 732.8248ms
====================================
Loop: 198
Kernel done
  ManagerOCL: 224.1127ms
  ManagerCPU: 52.5785ms
 Test collisions: 284.5258ms
Step: 739.8102ms
====================================
Loop: 199
Kernel done
  ManagerOCL: 225.8771ms
  ManagerCPU: 47.8571ms
 Test collisions: 280.7907ms
Step: 737.0009ms
====================================
Loop: 200
Kernel done
  ManagerOCL: 222.3428ms
  ManagerCPU: 47.6568ms
 Test collisions: 276.7370ms
Step: 733.7971ms
====================================
Loop: 201
Kernel done
  ManagerOCL: 221.0878ms
  ManagerCPU: 47.8664ms
 Test collisions: 275.4084ms
Step: 733.1585ms
====================================
Loop: 202
Kernel done
  ManagerOCL: 217.1245ms
  ManagerCPU: 48.9196ms
 Test collisions: 272.3517ms
Step: 732.7040ms
====================================
Loop: 203
Kernel done
  ManagerOCL: 221.0793ms
  ManagerCPU: 47.9539ms
 Test collisions: 275.6291ms
Step: 726.6451ms
====================================
Loop: 204
Kernel done
  ManagerOCL: 219.0119ms
  ManagerCPU: 47.7067ms
 Test collisions: 273.7039ms
Step: 728.4337ms
====================================
Loop: 205
Kernel done
  ManagerOCL: 224.1748ms
  ManagerCPU: 47.8595ms
 Test collisions: 278.4504ms
Step: 738.5114ms
====================================
Loop: 206
Kernel done
  ManagerOCL: 218.4121ms
  ManagerCPU: 48.8739ms
 Test collisions: 273.5800ms
Step: 749.4808ms
====================================
Loop: 207
Kernel done
  ManagerOCL: 218.4703ms
  ManagerCPU: 45.8292ms
 Test collisions: 270.9568ms
Step: 858.7532ms
====================================
Loop: 208
Kernel done
  ManagerOCL: 227.6002ms
  ManagerCPU: 48.2558ms
 Test collisions: 282.5246ms
Step: 744.8574ms
====================================
Loop: 209
Kernel done
  ManagerOCL: 225.1404ms
  ManagerCPU: 47.2458ms
 Test collisions: 279.2826ms
Step: 756.3769ms
====================================
Loop: 210
Kernel done
  ManagerOCL: 213.8688ms
  ManagerCPU: 49.6582ms
 Test collisions: 269.5744ms
Step: 742.7070ms
====================================
Loop: 211
Kernel done
  ManagerOCL: 224.3188ms
  ManagerCPU: 46.0920ms
 Test collisions: 277.2646ms
Step: 738.5322ms
====================================
Loop: 212
Kernel done
  ManagerOCL: 214.1845ms
  ManagerCPU: 49.4672ms
 Test collisions: 270.1058ms
Step: 735.7841ms
====================================
Loop: 213
Kernel done
  ManagerOCL: 222.6069ms
  ManagerCPU: 47.7554ms
 Test collisions: 276.9102ms
Step: 744.8679ms
====================================
Loop: 214
Kernel done
  ManagerOCL: 214.6430ms
  ManagerCPU: 48.1131ms
 Test collisions: 268.7781ms
Step: 736.5365ms
====================================
Loop: 215
Kernel done
  ManagerOCL: 215.7491ms
  ManagerCPU: 46.9719ms
 Test collisions: 269.2453ms
Step: 722.7944ms
====================================
Loop: 216
Kernel done
  ManagerOCL: 214.5852ms
  ManagerCPU: 48.2754ms
 Test collisions: 270.0682ms
Step: 737.4849ms
====================================
Loop: 217
Kernel done
  ManagerOCL: 220.1418ms
  ManagerCPU: 48.0207ms
 Test collisions: 274.4598ms
Step: 735.2667ms
====================================
Loop: 218
Kernel done
  ManagerOCL: 210.4665ms
  ManagerCPU: 47.1381ms
 Test collisions: 263.8842ms
Step: 743.1441ms
====================================
Loop: 219
Kernel done
  ManagerOCL: 220.7321ms
  ManagerCPU: 46.5075ms
 Test collisions: 273.9816ms
Step: 740.4913ms
====================================
Loop: 220
Kernel done
  ManagerOCL: 209.8435ms
  ManagerCPU: 46.6328ms
 Test collisions: 262.6685ms
Step: 727.0865ms
====================================
Loop: 221
Kernel done
  ManagerOCL: 218.9089ms
  ManagerCPU: 49.7866ms
 Test collisions: 275.0744ms
Step: 745.2410ms
====================================
Loop: 222
Kernel done
  ManagerOCL: 210.0151ms
  ManagerCPU: 44.9422ms
 Test collisions: 261.1936ms
Step: 731.1215ms
====================================
Loop: 223
Kernel done
  ManagerOCL: 208.8710ms
  ManagerCPU: 51.1817ms
 Test collisions: 265.9898ms
Step: 729.8463ms
====================================
Loop: 224
Kernel done
  ManagerOCL: 216.3726ms
  ManagerCPU: 44.8719ms
 Test collisions: 267.4235ms
Step: 734.7953ms
====================================
Loop: 225
Kernel done
  ManagerOCL: 215.4174ms
  ManagerCPU: 49.3316ms
 Test collisions: 271.5334ms
Step: 740.5372ms
====================================
Loop: 226
Kernel done
  ManagerOCL: 209.6204ms
  ManagerCPU: 45.6009ms
 Test collisions: 261.5538ms
Step: 735.2557ms
====================================
Loop: 227
Kernel done
  ManagerOCL: 211.7343ms
  ManagerCPU: 47.3413ms
 Test collisions: 264.8976ms
Step: 729.4997ms
====================================
Loop: 228
Kernel done
  ManagerOCL: 216.7692ms
  ManagerCPU: 46.4486ms
 Test collisions: 269.4279ms
Step: 720.4608ms
====================================
Loop: 229
Kernel done
  ManagerOCL: 208.9686ms
  ManagerCPU: 46.3203ms
 Test collisions: 261.7509ms
Step: 721.2755ms
====================================
Loop: 230
Kernel done
  ManagerOCL: 210.1858ms
  ManagerCPU: 46.0930ms
 Test collisions: 262.8020ms
Step: 721.2836ms
====================================
Loop: 231
Kernel done
  ManagerOCL: 206.5673ms
  ManagerCPU: 46.2183ms
 Test collisions: 258.9665ms
Step: 717.0913ms
====================================
Loop: 232
Kernel done
  ManagerOCL: 214.1362ms
  ManagerCPU: 47.5380ms
 Test collisions: 269.1398ms
Step: 721.4991ms
====================================
Loop: 233
Kernel done
  ManagerOCL: 207.6079ms
  ManagerCPU: 45.8462ms
 Test collisions: 259.1557ms
Step: 716.8509ms
====================================
Loop: 234
Kernel done
  ManagerOCL: 207.9944ms
  ManagerCPU: 45.3995ms
 Test collisions: 259.7447ms
Step: 710.4567ms
====================================
Loop: 235
Kernel done
  ManagerOCL: 208.1535ms
  ManagerCPU: 47.7720ms
 Test collisions: 262.3515ms
Step: 709.5019ms
====================================
Loop: 236
Kernel done
  ManagerOCL: 203.3983ms
  ManagerCPU: 46.1652ms
 Test collisions: 256.0598ms
Step: 725.5932ms
====================================
Loop: 237
Kernel done
  ManagerOCL: 205.2903ms
  ManagerCPU: 44.8785ms
 Test collisions: 256.7168ms
Step: 707.1517ms
====================================
Loop: 238
Kernel done
  ManagerOCL: 205.9894ms
  ManagerCPU: 45.7935ms
 Test collisions: 258.1541ms
Step: 702.1980ms
====================================
Loop: 239
Kernel done
  ManagerOCL: 207.4367ms
  ManagerCPU: 50.0046ms
 Test collisions: 263.1606ms
Step: 712.7812ms
====================================
Loop: 240
Kernel done
  ManagerOCL: 203.8783ms
  ManagerCPU: 44.6225ms
 Test collisions: 254.6486ms
Step: 713.6298ms
====================================
Loop: 241
Kernel done
  ManagerOCL: 204.5777ms
  ManagerCPU: 45.7670ms
 Test collisions: 256.2870ms
Step: 710.6013ms
====================================
Loop: 242
Kernel done
  ManagerOCL: 206.8840ms
  ManagerCPU: 45.2020ms
 Test collisions: 258.4242ms
Step: 700.3602ms
====================================
Loop: 243
Kernel done
  ManagerOCL: 200.6866ms
  ManagerCPU: 45.5221ms
 Test collisions: 252.7871ms
Step: 708.8483ms
====================================
Loop: 244
Kernel done
  ManagerOCL: 207.3958ms
  ManagerCPU: 44.7398ms
 Test collisions: 258.3839ms
Step: 707.8724ms
====================================
Loop: 245
Kernel done
  ManagerOCL: 200.3224ms
  ManagerCPU: 44.9878ms
 Test collisions: 251.6928ms
Step: 714.3804ms
====================================
Loop: 246
Kernel done
  ManagerOCL: 209.4223ms
  ManagerCPU: 43.4327ms
 Test collisions: 258.6750ms
Step: 720.2228ms
====================================
Loop: 247
Kernel done
  ManagerOCL: 203.1938ms
  ManagerCPU: 44.4041ms
 Test collisions: 253.7460ms
Step: 704.3550ms
====================================
Loop: 248
Kernel done
  ManagerOCL: 200.7254ms
  ManagerCPU: 44.7406ms
 Test collisions: 251.5496ms
Step: 705.7266ms
====================================
Loop: 249
Kernel done
  ManagerOCL: 208.0990ms
  ManagerCPU: 45.2232ms
 Test collisions: 259.4633ms
Step: 725.5370ms
====================================
Loop: 250
Kernel done
  ManagerOCL: 200.6385ms
  ManagerCPU: 44.2928ms
 Test collisions: 251.2669ms
Step: 720.3229ms
====================================
Loop: 251
Kernel done
  ManagerOCL: 206.4477ms
  ManagerCPU: 45.0125ms
 Test collisions: 257.3773ms
Step: 705.3241ms
====================================
Loop: 252
Kernel done
  ManagerOCL: 204.0767ms
  ManagerCPU: 43.5940ms
 Test collisions: 253.8921ms
Step: 709.3439ms
====================================
Loop: 253
Kernel done
  ManagerOCL: 209.3017ms
  ManagerCPU: 45.2761ms
 Test collisions: 260.9619ms
Step: 722.2891ms
====================================
Loop: 254
Kernel done
  ManagerOCL: 201.8338ms
  ManagerCPU: 44.0434ms
 Test collisions: 252.1130ms
Step: 698.6789ms
====================================
Loop: 255
Kernel done
  ManagerOCL: 201.2798ms
  ManagerCPU: 42.7909ms
 Test collisions: 250.1345ms
Step: 700.2282ms
====================================
Loop: 256
Kernel done
  ManagerOCL: 207.5626ms
  ManagerCPU: 44.3495ms
 Test collisions: 258.1466ms
Step: 707.5439ms
====================================
Loop: 257
Kernel done
  ManagerOCL: 198.6653ms
  ManagerCPU: 44.5059ms
 Test collisions: 249.7768ms
Step: 705.3813ms
====================================
Loop: 258
Kernel done
  ManagerOCL: 200.8315ms
  ManagerCPU: 44.5357ms
 Test collisions: 252.8828ms
Step: 707.2300ms
====================================
Loop: 259
Kernel done
  ManagerOCL: 198.9260ms
  ManagerCPU: 45.0156ms
 Test collisions: 250.0038ms
Step: 692.8590ms
====================================
Loop: 260
Kernel done
  ManagerOCL: 196.3848ms
  ManagerCPU: 45.2883ms
 Test collisions: 247.8629ms
Step: 724.5211ms
====================================
Loop: 261
Kernel done
  ManagerOCL: 206.1383ms
  ManagerCPU: 45.8689ms
 Test collisions: 258.0545ms
Step: 765.1066ms
====================================
Loop: 262
Kernel done
  ManagerOCL: 245.7793ms
  ManagerCPU: 46.8788ms
 Test collisions: 293.6427ms
Step: 771.0042ms
====================================
Loop: 263
Kernel done
  ManagerOCL: 203.3116ms
  ManagerCPU: 44.7593ms
 Test collisions: 254.2418ms
Step: 864.7318ms
====================================
Loop: 264
Kernel done
  ManagerOCL: 198.4977ms
  ManagerCPU: 49.2484ms
 Test collisions: 253.7978ms
Step: 705.0585ms
====================================
Loop: 265
Kernel done
  ManagerOCL: 197.1387ms
  ManagerCPU: 43.8499ms
 Test collisions: 247.0560ms
Step: 723.7057ms
====================================
Loop: 266
Kernel done
  ManagerOCL: 195.0249ms
  ManagerCPU: 45.6799ms
 Test collisions: 246.1495ms
Step: 713.0577ms
====================================
Loop: 267
Kernel done
  ManagerOCL: 199.6680ms
  ManagerCPU: 43.6708ms
 Test collisions: 249.2903ms
Step: 702.8220ms
====================================
Loop: 268
Kernel done
  ManagerOCL: 192.1338ms
  ManagerCPU: 43.8065ms
 Test collisions: 241.9202ms
Step: 701.0330ms
====================================
Loop: 269
Kernel done
  ManagerOCL: 195.9859ms
  ManagerCPU: 46.4555ms
 Test collisions: 248.1353ms
Step: 693.6838ms
====================================
Loop: 270
Kernel done
  ManagerOCL: 196.4541ms
  ManagerCPU: 43.3255ms
 Test collisions: 245.7837ms
Step: 694.5884ms
====================================
Loop: 271
Kernel done
  ManagerOCL: 197.1385ms
  ManagerCPU: 45.3104ms
 Test collisions: 247.7460ms
Step: 690.5336ms
====================================
Loop: 272
Kernel done
  ManagerOCL: 195.0333ms
  ManagerCPU: 43.1536ms
 Test collisions: 244.1127ms
Step: 690.6017ms
====================================
Loop: 273
Kernel done
  ManagerOCL: 192.2940ms
  ManagerCPU: 43.0324ms
 Test collisions: 241.1473ms
Step: 680.4028ms
====================================
Loop: 274
Kernel done
  ManagerOCL: 197.5603ms
  ManagerCPU: 42.5762ms
 Test collisions: 246.2088ms
Step: 687.8253ms
====================================
Loop: 275
Kernel done
  ManagerOCL: 195.7440ms
  ManagerCPU: 42.8601ms
 Test collisions: 244.4545ms
Step: 683.9639ms
====================================
Loop: 276
Kernel done
  ManagerOCL: 189.6295ms
  ManagerCPU: 43.3899ms
 Test collisions: 238.8221ms
Step: 676.5468ms
====================================
Loop: 277
Kernel done
  ManagerOCL: 192.6480ms
  ManagerCPU: 48.7459ms
 Test collisions: 247.1639ms
Step: 685.2315ms
====================================
Loop: 278
Kernel done
  ManagerOCL: 192.3272ms
  ManagerCPU: 42.8828ms
 Test collisions: 240.7220ms
Step: 695.1649ms
====================================
Loop: 279
Kernel done
  ManagerOCL: 189.3457ms
  ManagerCPU: 42.1107ms
 Test collisions: 237.2373ms
Step: 674.2572ms
====================================
Loop: 280
Kernel done
  ManagerOCL: 200.1391ms
  ManagerCPU: 42.3872ms
 Test collisions: 248.1723ms
Step: 684.7472ms
====================================
Loop: 281
Kernel done
  ManagerOCL: 187.5874ms
  ManagerCPU: 42.5539ms
 Test collisions: 235.7901ms
Step: 680.4234ms
====================================
Loop: 282
Kernel done
  ManagerOCL: 188.1124ms
  ManagerCPU: 43.6632ms
 Test collisions: 237.7842ms
Step: 680.8825ms
====================================
Loop: 283
Kernel done
  ManagerOCL: 188.8799ms
  ManagerCPU: 42.2832ms
 Test collisions: 236.6190ms
Step: 684.1734ms
====================================
Loop: 284
Kernel done
  ManagerOCL: 184.2577ms
  ManagerCPU: 41.0800ms
 Test collisions: 231.7059ms
Step: 667.8929ms
====================================
Loop: 285
Kernel done
  ManagerOCL: 188.0461ms
  ManagerCPU: 43.9682ms
 Test collisions: 237.5545ms
Step: 683.2665ms
====================================
Loop: 286
Kernel done
  ManagerOCL: 190.4764ms
  ManagerCPU: 41.9468ms
 Test collisions: 238.5793ms
Step: 666.2164ms
====================================
Loop: 287
Kernel done
  ManagerOCL: 184.6888ms
  ManagerCPU: 40.6489ms
 Test collisions: 231.0220ms
Step: 674.1431ms
====================================
Loop: 288
Kernel done
  ManagerOCL: 189.0168ms
  ManagerCPU: 41.4531ms
 Test collisions: 236.7554ms
Step: 670.9298ms
====================================
Loop: 289
Kernel done
  ManagerOCL: 186.1096ms
  ManagerCPU: 41.2434ms
 Test collisions: 232.7974ms
Step: 668.4316ms
====================================
Loop: 290
Kernel done
  ManagerOCL: 182.7140ms
  ManagerCPU: 39.5617ms
 Test collisions: 227.8575ms
Step: 679.0101ms
====================================
Loop: 291
Kernel done
  ManagerOCL: 187.2926ms
  ManagerCPU: 41.7825ms
 Test collisions: 234.7674ms
Step: 792.9480ms
====================================
Loop: 292
Kernel done
  ManagerOCL: 206.5236ms
  ManagerCPU: 40.2122ms
 Test collisions: 252.1476ms
Step: 672.2347ms
====================================
Loop: 293
Kernel done
  ManagerOCL: 189.9457ms
  ManagerCPU: 40.7234ms
 Test collisions: 235.9553ms
Step: 655.3030ms
====================================
Loop: 294
Kernel done
  ManagerOCL: 183.8875ms
  ManagerCPU: 40.3842ms
 Test collisions: 229.7312ms
Step: 650.1834ms
====================================
Loop: 295
Kernel done
  ManagerOCL: 182.2717ms
  ManagerCPU: 41.3731ms
 Test collisions: 229.0246ms
Step: 664.4482ms
====================================
Loop: 296
Kernel done
  ManagerOCL: 183.3039ms
  ManagerCPU: 41.9440ms
 Test collisions: 230.1927ms
Step: 652.0082ms
====================================
Loop: 297
Kernel done
  ManagerOCL: 185.5820ms
  ManagerCPU: 39.3146ms
 Test collisions: 230.1407ms
Step: 648.3264ms
====================================
Loop: 298
Kernel done
  ManagerOCL: 179.6762ms
  ManagerCPU: 43.0112ms
 Test collisions: 227.7262ms
Step: 643.2558ms
====================================
Loop: 299
Kernel done
  ManagerOCL: 174.3590ms
  ManagerCPU: 44.7495ms
 Test collisions: 224.0030ms
Step: 652.4774ms
====================================
Loop: 300
Kernel done
  ManagerOCL: 176.3647ms
  ManagerCPU: 44.4702ms
 Test collisions: 225.7262ms
Step: 653.4515ms
====================================
Loop: 301
Kernel done
  ManagerOCL: 184.8440ms
  ManagerCPU: 41.6333ms
 Test collisions: 231.7829ms
Step: 674.6613ms
====================================
Loop: 302
Kernel done
  ManagerOCL: 174.0177ms
  ManagerCPU: 42.5878ms
 Test collisions: 221.6757ms
Step: 643.2129ms
====================================
Loop: 303
Kernel done
  ManagerOCL: 178.4035ms
  ManagerCPU: 39.4418ms
 Test collisions: 223.2626ms
Step: 648.5179ms
====================================
Loop: 304
Kernel done
  ManagerOCL: 177.3583ms
  ManagerCPU: 41.4713ms
 Test collisions: 223.7083ms
Step: 633.9766ms
====================================
Loop: 305
Kernel done
  ManagerOCL: 171.4538ms
  ManagerCPU: 38.8598ms
 Test collisions: 215.6228ms
Step: 638.2495ms
====================================
Loop: 306
Kernel done
  ManagerOCL: 168.8736ms
  ManagerCPU: 38.1865ms
 Test collisions: 212.5115ms
Step: 623.0174ms
====================================
Loop: 307
Kernel done
  ManagerOCL: 179.2094ms
  ManagerCPU: 43.9637ms
 Test collisions: 228.2574ms
Step: 634.3066ms
====================================
Loop: 308
Kernel done
  ManagerOCL: 173.5471ms
  ManagerCPU: 39.3408ms
 Test collisions: 217.9470ms
Step: 630.7969ms
====================================
Loop: 309
Kernel done
  ManagerOCL: 167.5571ms
  ManagerCPU: 37.8387ms
 Test collisions: 210.5782ms
Step: 625.1366ms
====================================
Loop: 310
Kernel done
  ManagerOCL: 173.0468ms
  ManagerCPU: 37.3846ms
 Test collisions: 215.5185ms
Step: 620.3770ms
====================================
Loop: 311
Kernel done
  ManagerOCL: 164.7574ms
  ManagerCPU: 41.7560ms
 Test collisions: 212.1433ms
Step: 611.2703ms
====================================
Loop: 312
Kernel done
  ManagerOCL: 171.0127ms
  ManagerCPU: 37.6433ms
 Test collisions: 213.6142ms
Step: 632.2739ms
====================================
Loop: 313
Kernel done
  ManagerOCL: 192.8447ms
  ManagerCPU: 48.5201ms
 Test collisions: 242.7091ms
Step: 722.6447ms
====================================
Loop: 314
Kernel done
  ManagerOCL: 188.5069ms
  ManagerCPU: 38.1893ms
 Test collisions: 231.5446ms
Step: 637.8317ms
====================================
Loop: 315
Kernel done
  ManagerOCL: 168.4695ms
  ManagerCPU: 36.2991ms
 Test collisions: 209.8017ms
Step: 607.5416ms
====================================
Loop: 316
Kernel done
  ManagerOCL: 167.4192ms
  ManagerCPU: 36.1600ms
 Test collisions: 208.6001ms
Step: 605.1190ms
====================================
Loop: 317
Kernel done
  ManagerOCL: 167.3047ms
  ManagerCPU: 36.4658ms
 Test collisions: 208.7187ms
Step: 658.0744ms
====================================
Loop: 318
Kernel done
  ManagerOCL: 204.1752ms
  ManagerCPU: 40.9640ms
 Test collisions: 250.5524ms
Step: 666.6728ms
====================================
Loop: 319
Kernel done
  ManagerOCL: 166.6633ms
  ManagerCPU: 37.0768ms
 Test collisions: 208.6319ms
Step: 658.3174ms
====================================
Loop: 320
Kernel done
  ManagerOCL: 165.6060ms
  ManagerCPU: 37.1570ms
 Test collisions: 207.7239ms
Step: 610.5537ms
====================================
Loop: 321
Kernel done
  ManagerOCL: 163.8260ms
  ManagerCPU: 36.1843ms
 Test collisions: 204.9263ms
Step: 608.3876ms
====================================
Loop: 322
Kernel done
  ManagerOCL: 161.6195ms
  ManagerCPU: 38.3942ms
 Test collisions: 205.6094ms
Step: 600.3538ms
====================================
Loop: 323
Kernel done
  ManagerOCL: 164.3887ms
  ManagerCPU: 36.0919ms
 Test collisions: 205.3720ms
Step: 605.7501ms
====================================
Loop: 324
Kernel done
  ManagerOCL: 162.3027ms
  ManagerCPU: 35.7336ms
 Test collisions: 202.8757ms
Step: 641.3441ms
====================================
Loop: 325
Kernel done
  ManagerOCL: 209.6888ms
  ManagerCPU: 44.3188ms
 Test collisions: 258.6428ms
Step: 672.9684ms
====================================
Loop: 326
Kernel done
  ManagerOCL: 211.7373ms
  ManagerCPU: 45.8234ms
 Test collisions: 263.0829ms
Step: 757.5710ms
====================================
Loop: 327
Kernel done
  ManagerOCL: 205.5323ms
  ManagerCPU: 49.0814ms
 Test collisions: 261.8184ms
Step: 771.9427ms
====================================
Loop: 328
Kernel done
  ManagerOCL: 195.6461ms
  ManagerCPU: 33.4812ms
 Test collisions: 234.2819ms
Step: 749.2314ms
====================================
Loop: 329
Kernel done
  ManagerOCL: 160.2589ms
  ManagerCPU: 35.1219ms
 Test collisions: 200.5316ms
Step: 606.5928ms
====================================
Loop: 330
Kernel done
  ManagerOCL: 158.3563ms
  ManagerCPU: 36.0174ms
 Test collisions: 199.2122ms
Step: 618.9052ms
====================================
Loop: 331
Kernel done
  ManagerOCL: 157.6095ms
  ManagerCPU: 39.8585ms
 Test collisions: 201.8979ms
Step: 617.3984ms
====================================
Loop: 332
Kernel done
  ManagerOCL: 160.3398ms
  ManagerCPU: 33.8890ms
 Test collisions: 199.2157ms
Step: 623.9741ms
====================================
Loop: 333
Kernel done
  ManagerOCL: 154.6181ms
  ManagerCPU: 33.3271ms
 Test collisions: 192.9545ms
Step: 610.8023ms
====================================
Loop: 334
Kernel done
  ManagerOCL: 152.0519ms
  ManagerCPU: 33.8626ms
 Test collisions: 190.9155ms
Step: 597.8668ms
====================================
Loop: 335
Kernel done
  ManagerOCL: 158.5932ms
  ManagerCPU: 33.6620ms
 Test collisions: 196.7924ms
Step: 602.4973ms
====================================
Loop: 336
Kernel done
  ManagerOCL: 158.9746ms
  ManagerCPU: 33.5001ms
 Test collisions: 197.2592ms
Step: 598.3201ms
====================================
Loop: 337
Kernel done
  ManagerOCL: 154.2486ms
  ManagerCPU: 33.1005ms
 Test collisions: 192.2960ms
Step: 615.8246ms
====================================
Loop: 338
Kernel done
  ManagerOCL: 159.9992ms
  ManagerCPU: 32.0243ms
 Test collisions: 197.1700ms
Step: 599.8435ms
====================================
Loop: 339
Kernel done
  ManagerOCL: 150.5540ms
  ManagerCPU: 32.7441ms
 Test collisions: 188.0489ms
Step: 580.5424ms
====================================
Loop: 340
Kernel done
  ManagerOCL: 156.9074ms
  ManagerCPU: 32.8517ms
 Test collisions: 194.1051ms
Step: 619.7429ms
====================================
Loop: 341
Kernel done
  ManagerOCL: 163.8832ms
  ManagerCPU: 33.4773ms
 Test collisions: 202.1608ms
Step: 610.5455ms
====================================
Loop: 342
Kernel done
  ManagerOCL: 159.4633ms
  ManagerCPU: 32.8099ms
 Test collisions: 197.0519ms
Step: 589.7374ms
====================================
Loop: 343
Kernel done
  ManagerOCL: 148.6922ms
  ManagerCPU: 30.9981ms
 Test collisions: 184.5365ms
Step: 592.7521ms
====================================
Loop: 344
Kernel done
  ManagerOCL: 146.5156ms
  ManagerCPU: 31.7481ms
 Test collisions: 183.0658ms
Step: 671.6420ms
====================================
Loop: 345
Kernel done
  ManagerOCL: 160.1350ms
  ManagerCPU: 35.0853ms
 Test collisions: 199.2643ms
Step: 628.6133ms
====================================
Loop: 346
Kernel done
  ManagerOCL: 165.1546ms
  ManagerCPU: 40.4383ms
 Test collisions: 211.7969ms
Step: 636.0648ms
====================================
Loop: 347
Kernel done
  ManagerOCL: 145.9508ms
  ManagerCPU: 31.4177ms
 Test collisions: 181.6597ms
Step: 581.1518ms
====================================
Loop: 348
Kernel done
  ManagerOCL: 152.4315ms
  ManagerCPU: 39.4648ms
 Test collisions: 196.7263ms
Step: 659.6901ms
====================================
Loop: 349
Kernel done
  ManagerOCL: 155.2397ms
  ManagerCPU: 35.6194ms
 Test collisions: 195.2309ms
Step: 635.6149ms
====================================
Loop: 350
Kernel done
  ManagerOCL: 155.4638ms
  ManagerCPU: 32.2866ms
 Test collisions: 191.9428ms
Step: 621.6104ms
====================================
Loop: 351
Kernel done
  ManagerOCL: 141.9018ms
  ManagerCPU: 32.9257ms
 Test collisions: 179.2729ms
Step: 623.3109ms
====================================
Loop: 352
Kernel done
  ManagerOCL: 144.0309ms
  ManagerCPU: 34.8912ms
 Test collisions: 184.9182ms
Step: 600.2451ms
====================================
Loop: 353
Kernel done
  ManagerOCL: 154.8034ms
  ManagerCPU: 33.9519ms
 Test collisions: 193.0942ms
Step: 589.6145ms
====================================
Loop: 354
Kernel done
  ManagerOCL: 155.1206ms
  ManagerCPU: 31.8574ms
 Test collisions: 191.0672ms
Step: 614.6359ms
====================================
Loop: 355
Kernel done
  ManagerOCL: 147.2565ms
  ManagerCPU: 34.4765ms
 Test collisions: 186.2643ms
Step: 562.4705ms
====================================
Loop: 356
Kernel done
  ManagerOCL: 138.8055ms
  ManagerCPU: 28.9912ms
 Test collisions: 172.2384ms
Step: 632.4179ms
====================================
Loop: 357
Kernel done
  ManagerOCL: 177.0224ms
  ManagerCPU: 36.5918ms
 Test collisions: 217.6374ms
Step: 709.1121ms
====================================
Loop: 358
Kernel done
  ManagerOCL: 160.4248ms
  ManagerCPU: 32.8741ms
 Test collisions: 197.2440ms
Step: 640.7731ms
====================================
Loop: 359
Kernel done
  ManagerOCL: 214.3300ms
  ManagerCPU: 41.2020ms
 Test collisions: 263.5045ms
Step: 833.1328ms
====================================
Loop: 360
Kernel done
  ManagerOCL: 216.8993ms
  ManagerCPU: 36.3273ms
 Test collisions: 259.3195ms
Step: 819.6826ms
====================================
Loop: 361
Kernel done
  ManagerOCL: 140.7383ms
  ManagerCPU: 35.6745ms
 Test collisions: 182.3734ms
Step: 607.9359ms
====================================
Loop: 362
Kernel done
  ManagerOCL: 147.4691ms
  ManagerCPU: 28.1090ms
 Test collisions: 180.0021ms
Step: 552.3055ms
====================================
Loop: 363
Kernel done
  ManagerOCL: 138.6213ms
  ManagerCPU: 30.5843ms
 Test collisions: 173.3847ms
Step: 585.3029ms
====================================
Loop: 364
Kernel done
  ManagerOCL: 193.6861ms
  ManagerCPU: 36.5002ms
 Test collisions: 234.6396ms
Step: 682.9746ms
====================================
Loop: 365
Kernel done
  ManagerOCL: 192.7732ms
  ManagerCPU: 40.0362ms
 Test collisions: 237.0646ms
Step: 724.3891ms
====================================
Loop: 366
Kernel done
  ManagerOCL: 140.9495ms
  ManagerCPU: 41.4532ms
 Test collisions: 191.1082ms
Step: 664.6395ms
====================================
Loop: 367
Kernel done
  ManagerOCL: 131.4398ms
  ManagerCPU: 28.0540ms
 Test collisions: 163.2028ms
Step: 652.5766ms
====================================
Loop: 368
Kernel done
  ManagerOCL: 136.1517ms
  ManagerCPU: 37.5588ms
 Test collisions: 178.2708ms
Step: 656.8000ms
====================================
Loop: 369
Kernel done
  ManagerOCL: 201.9556ms
  ManagerCPU: 43.3231ms
 Test collisions: 249.0426ms
Step: 684.9632ms
====================================
Loop: 370
Kernel done
  ManagerOCL: 161.4892ms
  ManagerCPU: 27.2243ms
 Test collisions: 194.1914ms
Step: 554.7449ms
====================================
Loop: 371
Kernel done
  ManagerOCL: 125.4205ms
  ManagerCPU: 26.0098ms
 Test collisions: 155.3415ms
Step: 524.2814ms
====================================
Loop: 372
Kernel done
  ManagerOCL: 125.4528ms
  ManagerCPU: 26.8463ms
 Test collisions: 156.0947ms
Step: 511.5309ms
====================================
Loop: 373
Kernel done
  ManagerOCL: 121.9014ms
  ManagerCPU: 28.4702ms
 Test collisions: 154.0327ms
Step: 523.3210ms
====================================
Loop: 374
Kernel done
  ManagerOCL: 132.8419ms
  ManagerCPU: 26.8127ms
 Test collisions: 163.4870ms
Step: 533.8794ms
====================================
Loop: 375
Kernel done
  ManagerOCL: 129.9102ms
  ManagerCPU: 26.5637ms
 Test collisions: 160.1548ms
Step: 506.2126ms
====================================
Loop: 376
Kernel done
  ManagerOCL: 120.9760ms
  ManagerCPU: 25.8678ms
 Test collisions: 150.5956ms
Step: 515.8550ms
====================================
Loop: 377
Kernel done
  ManagerOCL: 123.7603ms
  ManagerCPU: 24.5739ms
 Test collisions: 152.0452ms
Step: 502.9143ms
====================================
Loop: 378
Kernel done
  ManagerOCL: 121.3530ms
  ManagerCPU: 24.7136ms
 Test collisions: 149.7676ms
Step: 512.0890ms
====================================
Loop: 379
Kernel done
  ManagerOCL: 118.0229ms
  ManagerCPU: 24.5638ms
 Test collisions: 146.2488ms
Step: 486.6047ms
====================================
Loop: 380
Kernel done
  ManagerOCL: 112.9466ms
  ManagerCPU: 24.3839ms
 Test collisions: 140.9776ms
Step: 481.1656ms
====================================
Loop: 381
Kernel done
  ManagerOCL: 116.5975ms
  ManagerCPU: 23.5355ms
 Test collisions: 143.6925ms
Step: 513.1532ms
====================================
Loop: 382
Kernel done
  ManagerOCL: 115.1520ms
  ManagerCPU: 23.8096ms
 Test collisions: 142.3914ms
Step: 505.5257ms
====================================
Loop: 383
Kernel done
  ManagerOCL: 113.2284ms
  ManagerCPU: 24.2212ms
 Test collisions: 140.9596ms
Step: 505.1186ms
====================================
Loop: 384
Kernel done
  ManagerOCL: 111.5629ms
  ManagerCPU: 23.1867ms
 Test collisions: 138.2859ms
Step: 475.3750ms
====================================
Loop: 385
Kernel done
  ManagerOCL: 116.7100ms
  ManagerCPU: 23.2539ms
 Test collisions: 143.5795ms
Step: 508.1035ms
====================================
Loop: 386
Kernel done
  ManagerOCL: 110.6340ms
  ManagerCPU: 22.6137ms
 Test collisions: 136.8576ms
Step: 473.7013ms
====================================
Loop: 387
Kernel done
  ManagerOCL: 110.6546ms
  ManagerCPU: 23.9243ms
 Test collisions: 137.7372ms
Step: 519.7801ms
====================================
Loop: 388
Kernel done
  ManagerOCL: 120.9192ms
  ManagerCPU: 23.4820ms
 Test collisions: 147.4601ms
Step: 519.3038ms
====================================
Loop: 389
Kernel done
  ManagerOCL: 117.2582ms
  ManagerCPU: 22.6287ms
 Test collisions: 142.8713ms
Step: 489.3400ms
====================================
Loop: 390
Kernel done
  ManagerOCL: 107.2574ms
  ManagerCPU: 22.0668ms
 Test collisions: 132.4579ms
Step: 446.6772ms
====================================
Loop: 391
Kernel done
  ManagerOCL: 105.2939ms
  ManagerCPU: 24.2109ms
 Test collisions: 132.5202ms
Step: 454.5552ms
====================================
Loop: 392
Kernel done
  ManagerOCL: 120.1268ms
  ManagerCPU: 22.1420ms
 Test collisions: 145.2798ms
Step: 547.7388ms
====================================
Loop: 393
Kernel done
  ManagerOCL: 110.1576ms
  ManagerCPU: 24.8737ms
 Test collisions: 138.0251ms
Step: 457.6900ms
====================================
Loop: 394
Kernel done
  ManagerOCL: 100.6814ms
  ManagerCPU: 22.0635ms
 Test collisions: 126.0804ms
Step: 431.9522ms
====================================
Loop: 395
Kernel done
  ManagerOCL: 105.2235ms
  ManagerCPU: 20.6672ms
 Test collisions: 129.1383ms
Step: 437.0138ms
====================================
Loop: 396
Kernel done
  ManagerOCL: 105.9483ms
  ManagerCPU: 20.8494ms
 Test collisions: 129.9117ms
Step: 430.5743ms
====================================
Loop: 397
Kernel done
  ManagerOCL: 112.2875ms
  ManagerCPU: 26.4067ms
 Test collisions: 144.1519ms
Step: 486.4580ms
====================================
Loop: 398
Kernel done
  ManagerOCL: 96.5969ms
  ManagerCPU: 20.5052ms
 Test collisions: 120.1454ms
Step: 454.2677ms
====================================
Loop: 399
Kernel done
  ManagerOCL: 101.0417ms
  ManagerCPU: 21.6641ms
 Test collisions: 125.6054ms
Step: 428.8011ms
====================================
Loop: 400
Kernel done
  ManagerOCL: 95.9308ms
  ManagerCPU: 19.6042ms
 Test collisions: 118.6249ms
Step: 422.3435ms
====================================
Loop: 401
Kernel done
  ManagerOCL: 94.3222ms
  ManagerCPU: 19.9380ms
 Test collisions: 117.5122ms
Step: 405.4165ms
====================================
Loop: 402
Kernel done
  ManagerOCL: 91.0790ms
  ManagerCPU: 19.4663ms
 Test collisions: 113.6680ms
Step: 401.1833ms
====================================
Loop: 403
Kernel done
  ManagerOCL: 97.6544ms
  ManagerCPU: 19.4468ms
 Test collisions: 120.0278ms
Step: 407.9716ms
====================================
Loop: 404
Kernel done
  ManagerOCL: 91.8377ms
  ManagerCPU: 18.7735ms
 Test collisions: 113.8047ms
Step: 432.8327ms
====================================
Loop: 405
Kernel done
  ManagerOCL: 88.7474ms
  ManagerCPU: 18.5701ms
 Test collisions: 110.2366ms
Step: 438.0390ms
====================================
Loop: 406
Kernel done
  ManagerOCL: 114.5026ms
  ManagerCPU: 23.1243ms
 Test collisions: 140.2218ms
Step: 506.4593ms
====================================
Loop: 407
Kernel done
  ManagerOCL: 108.5353ms
  ManagerCPU: 18.7049ms
 Test collisions: 130.0868ms
Step: 439.1915ms
====================================
Loop: 408
Kernel done
  ManagerOCL: 103.0835ms
  ManagerCPU: 19.2755ms
 Test collisions: 125.5080ms
Step: 434.3224ms
====================================
Loop: 409
Kernel done
  ManagerOCL: 107.9664ms
  ManagerCPU: 20.3845ms
 Test collisions: 131.6492ms
Step: 422.4939ms
====================================
Loop: 410
Kernel done
  ManagerOCL: 86.7825ms
  ManagerCPU: 17.0505ms
 Test collisions: 106.5167ms
Step: 378.7893ms
====================================
Loop: 411
Kernel done
  ManagerOCL: 85.0142ms
  ManagerCPU: 19.6526ms
 Test collisions: 107.6918ms
Step: 406.6287ms
====================================
Loop: 412
Kernel done
  ManagerOCL: 88.0440ms
  ManagerCPU: 18.7054ms
 Test collisions: 109.2322ms
Step: 421.2691ms
====================================
Loop: 413
Kernel done
  ManagerOCL: 86.1074ms
  ManagerCPU: 16.7611ms
 Test collisions: 105.2932ms
Step: 417.3671ms
====================================
Loop: 414
Kernel done
  ManagerOCL: 85.3575ms
  ManagerCPU: 19.0933ms
 Test collisions: 106.8382ms
Step: 395.2437ms
====================================
Loop: 415
Kernel done
  ManagerOCL: 80.3057ms
  ManagerCPU: 16.2350ms
 Test collisions: 98.9999ms
Step: 381.4349ms
====================================
Loop: 416
Kernel done
  ManagerOCL: 84.0821ms
  ManagerCPU: 17.8462ms
 Test collisions: 104.2622ms
Step: 398.6625ms
====================================
Loop: 417
Kernel done
  ManagerOCL: 76.8976ms
  ManagerCPU: 16.3243ms
 Test collisions: 95.5710ms
Step: 367.7783ms
====================================
Loop: 418
Kernel done
  ManagerOCL: 84.6052ms
  ManagerCPU: 15.5739ms
 Test collisions: 102.4597ms
Step: 369.2441ms
====================================
Loop: 419
Kernel done
  ManagerOCL: 103.8898ms
  ManagerCPU: 20.7276ms
 Test collisions: 127.2624ms
Step: 478.5995ms
====================================
Loop: 420
Kernel done
  ManagerOCL: 95.8671ms
  ManagerCPU: 15.9736ms
 Test collisions: 114.4329ms
Step: 386.5962ms
====================================
Loop: 421
Kernel done
  ManagerOCL: 97.8418ms
  ManagerCPU: 17.2015ms
 Test collisions: 118.0546ms
Step: 389.3989ms
====================================
Loop: 422
Kernel done
  ManagerOCL: 74.3560ms
  ManagerCPU: 14.8666ms
 Test collisions: 91.4337ms
Step: 357.1876ms
====================================
Loop: 423
Kernel done
  ManagerOCL: 78.9204ms
  ManagerCPU: 15.0431ms
 Test collisions: 96.2292ms
Step: 358.4656ms
====================================
Loop: 424
Kernel done
  ManagerOCL: 78.7762ms
  ManagerCPU: 14.5596ms
 Test collisions: 95.5621ms
Step: 355.9018ms
====================================
Loop: 425
Kernel done
  ManagerOCL: 75.7459ms
  ManagerCPU: 14.7465ms
 Test collisions: 92.8930ms
Step: 357.4646ms
====================================
Loop: 426
Kernel done
  ManagerOCL: 70.5514ms
  ManagerCPU: 14.2586ms
 Test collisions: 86.9904ms
Step: 353.6806ms
====================================
Loop: 427
Kernel done
  ManagerOCL: 72.1041ms
  ManagerCPU: 14.1782ms
 Test collisions: 88.4416ms
Step: 342.5182ms
====================================
Loop: 428
Kernel done
  ManagerOCL: 79.6309ms
  ManagerCPU: 16.2223ms
 Test collisions: 98.3139ms
Step: 357.6420ms
====================================
Loop: 429
Kernel done
  ManagerOCL: 71.3292ms
  ManagerCPU: 14.2963ms
 Test collisions: 87.9019ms
Step: 347.8474ms
====================================
Loop: 430
Kernel done
  ManagerOCL: 69.0854ms
  ManagerCPU: 15.2652ms
 Test collisions: 86.4606ms
Step: 339.5156ms
====================================
Loop: 431
Kernel done
  ManagerOCL: 74.6255ms
  ManagerCPU: 14.0247ms
 Test collisions: 91.0302ms
Step: 342.6393ms
====================================
Loop: 432
Kernel done
  ManagerOCL: 69.0556ms
  ManagerCPU: 13.9522ms
 Test collisions: 85.3791ms
Step: 335.8449ms
====================================
Loop: 433
Kernel done
  ManagerOCL: 71.2900ms
  ManagerCPU: 14.1646ms
 Test collisions: 87.5246ms
Step: 332.2907ms
====================================
Loop: 434
Kernel done
  ManagerOCL: 71.7035ms
  ManagerCPU: 13.3535ms
 Test collisions: 87.8813ms
Step: 334.3570ms
====================================
Loop: 435
Kernel done
  ManagerOCL: 66.3946ms
  ManagerCPU: 12.8226ms
 Test collisions: 81.2695ms
Step: 328.6143ms
====================================
Loop: 436
Kernel done
  ManagerOCL: 69.3176ms
  ManagerCPU: 12.8099ms
 Test collisions: 84.1769ms
Step: 327.8289ms
====================================
Loop: 437
Kernel done
  ManagerOCL: 68.9902ms
  ManagerCPU: 13.0602ms
 Test collisions: 84.0483ms
Step: 323.0453ms
====================================
Loop: 438
Kernel done
  ManagerOCL: 66.1687ms
  ManagerCPU: 12.3099ms
 Test collisions: 80.4763ms
Step: 327.5670ms
====================================
Loop: 439
Kernel done
  ManagerOCL: 71.7673ms
  ManagerCPU: 12.6973ms
 Test collisions: 87.4352ms
Step: 322.2762ms
====================================
Loop: 440
Kernel done
  ManagerOCL: 69.2186ms
  ManagerCPU: 13.8803ms
 Test collisions: 85.0653ms
Step: 332.0001ms
====================================
Loop: 441
Kernel done
  ManagerOCL: 64.5366ms
  ManagerCPU: 12.8447ms
 Test collisions: 79.6175ms
Step: 322.9853ms
====================================
Loop: 442
Kernel done
  ManagerOCL: 66.9724ms
  ManagerCPU: 12.4982ms
 Test collisions: 81.7644ms
Step: 323.7643ms
====================================
Loop: 443
Kernel done
  ManagerOCL: 63.5589ms
  ManagerCPU: 12.4784ms
 Test collisions: 78.4253ms
Step: 325.7333ms
====================================
Loop: 444
Kernel done
  ManagerOCL: 62.2677ms
  ManagerCPU: 12.5768ms
 Test collisions: 76.9375ms
Step: 324.8957ms
====================================
Loop: 445
Kernel done
  ManagerOCL: 64.2659ms
  ManagerCPU: 12.2162ms
 Test collisions: 78.6385ms
Step: 318.2776ms
====================================
Loop: 446
Kernel done
  ManagerOCL: 62.1034ms
  ManagerCPU: 11.9851ms
 Test collisions: 76.1842ms
Step: 320.3258ms
====================================
Loop: 447
Kernel done
  ManagerOCL: 60.9706ms
  ManagerCPU: 12.2198ms
 Test collisions: 75.2709ms
Step: 308.1782ms
====================================
Loop: 448
Kernel done
  ManagerOCL: 66.9213ms
  ManagerCPU: 11.1862ms
 Test collisions: 79.9869ms
Step: 310.2631ms
====================================
Loop: 449
Kernel done
  ManagerOCL: 59.5945ms
  ManagerCPU: 11.0031ms
 Test collisions: 72.4267ms
Step: 315.2241ms
====================================
Loop: 450
Kernel done
  ManagerOCL: 59.5572ms
  ManagerCPU: 11.5554ms
 Test collisions: 73.1866ms
Step: 299.2974ms
====================================
Loop: 451
Kernel done
  ManagerOCL: 58.1239ms
  ManagerCPU: 12.6735ms
 Test collisions: 72.6450ms
Step: 311.2570ms
====================================
Loop: 452
Kernel done
  ManagerOCL: 60.4444ms
  ManagerCPU: 10.8648ms
 Test collisions: 73.2138ms
Step: 305.4487ms
====================================
Loop: 453
Kernel done
  ManagerOCL: 61.3075ms
  ManagerCPU: 10.8778ms
 Test collisions: 73.9622ms
Step: 308.4924ms
====================================
Loop: 454
Kernel done
  ManagerOCL: 58.8361ms
  ManagerCPU: 10.5099ms
 Test collisions: 71.2496ms
Step: 305.0067ms
====================================
Loop: 455
Kernel done
  ManagerOCL: 59.6151ms
  ManagerCPU: 10.4970ms
 Test collisions: 71.8854ms
Step: 308.6575ms
====================================
Loop: 456
Kernel done
  ManagerOCL: 59.0363ms
  ManagerCPU: 11.3939ms
 Test collisions: 72.4694ms
Step: 307.7390ms
====================================
Loop: 457
Kernel done
  ManagerOCL: 54.5903ms
  ManagerCPU: 10.2831ms
 Test collisions: 66.6473ms
Step: 306.4139ms
====================================
Loop: 458
Kernel done
  ManagerOCL: 56.4597ms
  ManagerCPU: 10.1116ms
 Test collisions: 68.3328ms
Step: 294.9924ms
====================================
Loop: 459
Kernel done
  ManagerOCL: 57.9651ms
  ManagerCPU: 10.1728ms
 Test collisions: 69.8710ms
Step: 301.1137ms
====================================
Loop: 460
Kernel done
  ManagerOCL: 56.3727ms
  ManagerCPU: 10.0551ms
 Test collisions: 68.1557ms
Step: 294.9575ms
====================================
Loop: 461
Kernel done
  ManagerOCL: 58.1214ms
  ManagerCPU: 9.8770ms
 Test collisions: 69.7196ms
Step: 300.5843ms
====================================
Loop: 462
Kernel done
  ManagerOCL: 53.6539ms
  ManagerCPU: 9.7927ms
 Test collisions: 65.1496ms
Step: 294.2742ms
====================================
Loop: 463
Kernel done
  ManagerOCL: 54.9431ms
  ManagerCPU: 10.0075ms
 Test collisions: 66.7334ms
Step: 290.4219ms
====================================
Loop: 464
Kernel done
  ManagerOCL: 56.1432ms
  ManagerCPU: 9.7826ms
 Test collisions: 67.5377ms
Step: 301.4794ms
====================================
Loop: 465
Kernel done
  ManagerOCL: 56.1953ms
  ManagerCPU: 9.7426ms
 Test collisions: 67.5612ms
Step: 293.9734ms
====================================
Loop: 466
Kernel done
  ManagerOCL: 57.4483ms
  ManagerCPU: 9.7705ms
 Test collisions: 69.0668ms
Step: 304.3042ms
====================================
Loop: 467
Kernel done
  ManagerOCL: 50.2670ms
  ManagerCPU: 9.4071ms
 Test collisions: 61.2781ms
Step: 283.3594ms
====================================
Loop: 468
Kernel done
  ManagerOCL: 56.3484ms
  ManagerCPU: 10.2584ms
 Test collisions: 68.3709ms
Step: 289.1093ms
====================================
Loop: 469
Kernel done
  ManagerOCL: 51.2871ms
  ManagerCPU: 9.4115ms
 Test collisions: 62.3662ms
Step: 286.2153ms
====================================
Loop: 470
Kernel done
  ManagerOCL: 52.7812ms
  ManagerCPU: 9.3495ms
 Test collisions: 63.8519ms
Step: 281.6288ms
====================================
Loop: 471
Kernel done
  ManagerOCL: 52.5792ms
  ManagerCPU: 9.1450ms
 Test collisions: 63.3496ms
Step: 283.4142ms
====================================
Loop: 472
Kernel done
  ManagerOCL: 51.9427ms
  ManagerCPU: 9.1444ms
 Test collisions: 62.7360ms
Step: 276.2023ms
====================================
Loop: 473
Kernel done
  ManagerOCL: 55.0349ms
  ManagerCPU: 9.2207ms
 Test collisions: 65.9355ms
Step: 287.2875ms
====================================
Loop: 474
Kernel done
  ManagerOCL: 50.3604ms
  ManagerCPU: 8.9298ms
 Test collisions: 60.8837ms
Step: 272.1880ms
====================================
Loop: 475
Kernel done
  ManagerOCL: 54.3772ms
  ManagerCPU: 10.1534ms
 Test collisions: 66.1018ms
Step: 277.6560ms
====================================
Loop: 476
Kernel done
  ManagerOCL: 47.2176ms
  ManagerCPU: 9.0050ms
 Test collisions: 57.9387ms
Step: 281.1786ms
====================================
Loop: 477
Kernel done
  ManagerOCL: 50.0118ms
  ManagerCPU: 9.7008ms
 Test collisions: 61.5382ms
Step: 280.7147ms
====================================
Loop: 478
Kernel done
  ManagerOCL: 49.7035ms
  ManagerCPU: 8.7908ms
 Test collisions: 60.1417ms
Step: 281.5242ms
====================================
Loop: 479
Kernel done
  ManagerOCL: 48.4664ms
  ManagerCPU: 11.0788ms
 Test collisions: 61.3044ms
Step: 275.3489ms
====================================
Loop: 480
Kernel done
  ManagerOCL: 49.7951ms
  ManagerCPU: 8.5888ms
 Test collisions: 60.0125ms
Step: 277.1412ms
====================================
Loop: 481
Kernel done
  ManagerOCL: 51.3971ms
  ManagerCPU: 8.5183ms
 Test collisions: 61.4825ms
Step: 269.9349ms
====================================
Loop: 482
Kernel done
  ManagerOCL: 50.1838ms
  ManagerCPU: 9.0017ms
 Test collisions: 60.7976ms
Step: 281.0637ms
====================================
Loop: 483
Kernel done
  ManagerOCL: 46.0330ms
  ManagerCPU: 8.3142ms
 Test collisions: 55.9872ms
Step: 265.7855ms
====================================
Loop: 484
Kernel done
  ManagerOCL: 48.5637ms
  ManagerCPU: 10.0185ms
 Test collisions: 60.6504ms
Step: 270.7400ms
====================================
Loop: 485
Kernel done
  ManagerOCL: 43.6019ms
  ManagerCPU: 8.1630ms
 Test collisions: 53.3182ms
Step: 265.0965ms
====================================
Loop: 486
Kernel done
  ManagerOCL: 49.6425ms
  ManagerCPU: 8.2208ms
 Test collisions: 59.4257ms
Step: 266.3034ms
====================================
Loop: 487
Kernel done
  ManagerOCL: 43.5977ms
  ManagerCPU: 8.2308ms
 Test collisions: 53.4341ms
Step: 270.4471ms
====================================
Loop: 488
Kernel done
  ManagerOCL: 47.7851ms
  ManagerCPU: 8.0790ms
 Test collisions: 57.4081ms
Step: 270.1122ms
====================================
Loop: 489
Kernel done
  ManagerOCL: 42.9826ms
  ManagerCPU: 8.0977ms
 Test collisions: 52.6718ms
Step: 267.4301ms
====================================
Loop: 490
Kernel done
  ManagerOCL: 50.2507ms
  ManagerCPU: 8.4632ms
 Test collisions: 60.2330ms
Step: 262.3464ms
====================================
Loop: 491
Kernel done
  ManagerOCL: 50.4678ms
  ManagerCPU: 8.4004ms
 Test collisions: 60.5927ms
Step: 275.6164ms
====================================
Loop: 492
Kernel done
  ManagerOCL: 44.1286ms
  ManagerCPU: 8.0936ms
 Test collisions: 53.7122ms
Step: 259.0358ms
====================================
Loop: 493
Kernel done
  ManagerOCL: 43.6038ms
  ManagerCPU: 7.8335ms
 Test collisions: 52.9978ms
Step: 263.9179ms
====================================
Loop: 494
Kernel done
  ManagerOCL: 43.7470ms
  ManagerCPU: 7.6580ms
 Test collisions: 52.9272ms
Step: 252.9578ms
====================================
Loop: 495
Kernel done
  ManagerOCL: 41.7519ms
  ManagerCPU: 7.7626ms
 Test collisions: 51.0943ms
Step: 260.5263ms
====================================
Loop: 496
Kernel done
  ManagerOCL: 45.1055ms
  ManagerCPU: 7.7089ms
 Test collisions: 54.3750ms
Step: 261.1898ms
====================================
Loop: 497
Kernel done
  ManagerOCL: 44.3680ms
  ManagerCPU: 7.4754ms
 Test collisions: 53.3549ms
Step: 275.2224ms
====================================
Loop: 498
Kernel done
  ManagerOCL: 42.9750ms
  ManagerCPU: 7.7539ms
 Test collisions: 52.2258ms
Step: 260.5609ms
====================================
Loop: 499
Kernel done
  ManagerOCL: 50.6247ms
  ManagerCPU: 7.7849ms
 Test collisions: 59.8650ms
Step: 268.1428ms
====================================
Loop: 500
Kernel done
  ManagerOCL: 42.6167ms
  ManagerCPU: 7.2907ms
 Test collisions: 51.3912ms
Step: 251.9953ms
====================================
