Using platform vendor: NVIDIA Corporation
Loop: 0
Kernel done
  ManagerOCL: 107.1708ms
  ManagerCPU: 13.4646ms
 Test collisions: 143.7503ms
Step: 384.2844ms
====================================
Loop: 1
Kernel done
  ManagerOCL: 100.5734ms
  ManagerCPU: 13.8959ms
 Test collisions: 138.7803ms
Step: 191.3859ms
====================================
Loop: 2
Kernel done
  ManagerOCL: 109.4174ms
  ManagerCPU: 13.4419ms
 Test collisions: 146.0568ms
Step: 198.0208ms
====================================
Loop: 3
Kernel done
  ManagerOCL: 102.0971ms
  ManagerCPU: 13.2504ms
 Test collisions: 138.6422ms
Step: 190.0949ms
====================================
Loop: 4
Kernel done
  ManagerOCL: 101.7851ms
  ManagerCPU: 13.4733ms
 Test collisions: 138.8287ms
Step: 192.5662ms
====================================
Loop: 5
Kernel done
  ManagerOCL: 106.0177ms
  ManagerCPU: 15.1539ms
 Test collisions: 144.5931ms
Step: 196.1868ms
====================================
Loop: 6
Kernel done
  ManagerOCL: 101.0357ms
  ManagerCPU: 13.2365ms
 Test collisions: 138.0987ms
Step: 189.1925ms
====================================
Loop: 7
Kernel done
  ManagerOCL: 102.0091ms
  ManagerCPU: 13.8152ms
 Test collisions: 140.6379ms
Step: 192.3045ms
====================================
Loop: 8
Kernel done
  ManagerOCL: 101.9108ms
  ManagerCPU: 13.3526ms
 Test collisions: 138.2404ms
Step: 189.2703ms
====================================
Loop: 9
Kernel done
  ManagerOCL: 101.4840ms
  ManagerCPU: 13.4267ms
 Test collisions: 138.0976ms
Step: 189.6432ms
====================================
Loop: 10
Kernel done
  ManagerOCL: 107.1046ms
  ManagerCPU: 13.4242ms
 Test collisions: 144.6904ms
Step: 197.2385ms
====================================
Loop: 11
Kernel done
  ManagerOCL: 101.7955ms
  ManagerCPU: 13.1515ms
 Test collisions: 138.2130ms
Step: 189.3142ms
====================================
Loop: 12
Kernel done
  ManagerOCL: 102.4187ms
  ManagerCPU: 15.4719ms
 Test collisions: 142.2419ms
Step: 196.8360ms
====================================
Loop: 13
Kernel done
  ManagerOCL: 103.2054ms
  ManagerCPU: 13.3591ms
 Test collisions: 139.9836ms
Step: 191.5817ms
====================================
Loop: 14
Kernel done
  ManagerOCL: 101.8237ms
  ManagerCPU: 13.7792ms
 Test collisions: 139.5054ms
Step: 191.2864ms
====================================
Loop: 15
Kernel done
  ManagerOCL: 106.1380ms
  ManagerCPU: 13.5959ms
 Test collisions: 143.1622ms
Step: 195.5649ms
====================================
Loop: 16
Kernel done
  ManagerOCL: 101.9249ms
  ManagerCPU: 13.3976ms
 Test collisions: 138.8014ms
Step: 190.5482ms
====================================
Loop: 17
Kernel done
  ManagerOCL: 102.9384ms
  ManagerCPU: 13.4993ms
 Test collisions: 139.9918ms
Step: 194.6471ms
====================================
Loop: 18
Kernel done
  ManagerOCL: 104.0104ms
  ManagerCPU: 13.2891ms
 Test collisions: 140.6676ms
Step: 347.6138ms
====================================
Loop: 19
Kernel done
  ManagerOCL: 102.0392ms
  ManagerCPU: 15.6266ms
 Test collisions: 141.7212ms
Step: 197.8667ms
====================================
Loop: 20
Kernel done
  ManagerOCL: 104.5922ms
  ManagerCPU: 13.5632ms
 Test collisions: 141.6763ms
Step: 193.1498ms
====================================
Loop: 21
Kernel done
  ManagerOCL: 100.9532ms
  ManagerCPU: 13.5093ms
 Test collisions: 138.3765ms
Step: 189.8954ms
====================================
Loop: 22
Kernel done
  ManagerOCL: 106.9679ms
  ManagerCPU: 13.2202ms
 Test collisions: 144.0040ms
Step: 195.9683ms
====================================
Loop: 23
Kernel done
  ManagerOCL: 102.6589ms
  ManagerCPU: 13.3077ms
 Test collisions: 139.7777ms
Step: 192.3008ms
====================================
Loop: 24
Kernel done
  ManagerOCL: 101.5958ms
  ManagerCPU: 13.3216ms
 Test collisions: 138.5112ms
Step: 191.2014ms
====================================
Loop: 25
Kernel done
  ManagerOCL: 105.7853ms
  ManagerCPU: 13.5207ms
 Test collisions: 142.7056ms
Step: 194.2269ms
====================================
Loop: 26
Kernel done
  ManagerOCL: 102.3013ms
  ManagerCPU: 13.1733ms
 Test collisions: 138.8042ms
Step: 349.7914ms
====================================
Loop: 27
Kernel done
  ManagerOCL: 102.4916ms
  ManagerCPU: 13.4409ms
 Test collisions: 139.8211ms
Step: 190.9019ms
====================================
Loop: 28
Kernel done
  ManagerOCL: 103.1782ms
  ManagerCPU: 13.4320ms
 Test collisions: 140.2942ms
Step: 191.4827ms
====================================
Loop: 29
Kernel done
  ManagerOCL: 107.7393ms
  ManagerCPU: 13.1138ms
 Test collisions: 144.3538ms
Step: 198.7780ms
====================================
Loop: 30
Kernel done
  ManagerOCL: 101.4205ms
  ManagerCPU: 13.1670ms
 Test collisions: 137.9715ms
Step: 189.7498ms
====================================
Loop: 31
Kernel done
  ManagerOCL: 101.8179ms
  ManagerCPU: 13.4089ms
 Test collisions: 139.5142ms
Step: 194.0444ms
====================================
Loop: 32
Kernel done
  ManagerOCL: 102.8090ms
  ManagerCPU: 13.6107ms
 Test collisions: 140.6773ms
Step: 192.4273ms
====================================
Loop: 33
Kernel done
  ManagerOCL: 101.4614ms
  ManagerCPU: 13.2693ms
 Test collisions: 138.2137ms
Step: 347.7755ms
====================================
Loop: 34
Kernel done
  ManagerOCL: 104.1107ms
  ManagerCPU: 13.1748ms
 Test collisions: 140.6842ms
Step: 191.8158ms
====================================
Loop: 35
Kernel done
  ManagerOCL: 100.8771ms
  ManagerCPU: 13.3461ms
 Test collisions: 137.9383ms
Step: 189.2167ms
====================================
Loop: 36
Kernel done
  ManagerOCL: 108.9507ms
  ManagerCPU: 13.8589ms
 Test collisions: 147.4884ms
Step: 201.5754ms
====================================
Loop: 37
Kernel done
  ManagerOCL: 104.4350ms
  ManagerCPU: 14.1597ms
 Test collisions: 142.9483ms
Step: 195.6353ms
====================================
Loop: 38
Kernel done
  ManagerOCL: 102.0461ms
  ManagerCPU: 13.1928ms
 Test collisions: 139.6613ms
Step: 350.1122ms
====================================
Loop: 39
Kernel done
  ManagerOCL: 103.6370ms
  ManagerCPU: 13.1934ms
 Test collisions: 140.0606ms
Step: 192.9472ms
====================================
Loop: 40
Kernel done
  ManagerOCL: 105.5013ms
  ManagerCPU: 13.3939ms
 Test collisions: 144.0226ms
Step: 195.2940ms
====================================
Loop: 41
Kernel done
  ManagerOCL: 101.0215ms
  ManagerCPU: 13.7568ms
 Test collisions: 138.2639ms
Step: 189.8307ms
====================================
Loop: 42
Kernel done
  ManagerOCL: 102.9436ms
  ManagerCPU: 13.6267ms
 Test collisions: 139.9666ms
Step: 190.9414ms
====================================
Loop: 43
Kernel done
  ManagerOCL: 107.3559ms
  ManagerCPU: 13.5154ms
 Test collisions: 144.7902ms
Step: 353.7179ms
====================================
Loop: 44
Kernel done
  ManagerOCL: 101.6839ms
  ManagerCPU: 13.5940ms
 Test collisions: 139.1370ms
Step: 193.4539ms
====================================
Loop: 45
Kernel done
  ManagerOCL: 104.6768ms
  ManagerCPU: 13.5504ms
 Test collisions: 142.1297ms
Step: 194.9016ms
====================================
Loop: 46
Kernel done
  ManagerOCL: 103.1997ms
  ManagerCPU: 13.2336ms
 Test collisions: 140.5297ms
Step: 192.3372ms
====================================
Loop: 47
Kernel done
  ManagerOCL: 105.7791ms
  ManagerCPU: 17.4657ms
 Test collisions: 147.7483ms
Step: 368.9328ms
====================================
Loop: 48
Kernel done
  ManagerOCL: 105.1498ms
  ManagerCPU: 14.1516ms
 Test collisions: 145.9327ms
Step: 220.0272ms
====================================
Loop: 49
Kernel done
  ManagerOCL: 105.5395ms
  ManagerCPU: 13.8676ms
 Test collisions: 143.5953ms
Step: 214.2600ms
====================================
Loop: 50
Kernel done
  ManagerOCL: 102.6701ms
  ManagerCPU: 14.0343ms
 Test collisions: 140.2402ms
Step: 209.7762ms
====================================
Loop: 51
Kernel done
  ManagerOCL: 106.0969ms
  ManagerCPU: 13.6171ms
 Test collisions: 143.2980ms
Step: 364.5932ms
====================================
Loop: 52
Kernel done
  ManagerOCL: 105.7056ms
  ManagerCPU: 14.1814ms
 Test collisions: 144.4079ms
Step: 216.9341ms
====================================
Loop: 53
Kernel done
  ManagerOCL: 105.8322ms
  ManagerCPU: 14.2261ms
 Test collisions: 144.5079ms
Step: 216.5974ms
====================================
Loop: 54
Kernel done
  ManagerOCL: 104.3952ms
  ManagerCPU: 13.7209ms
 Test collisions: 142.1152ms
Step: 215.3270ms
====================================
Loop: 55
Kernel done
  ManagerOCL: 108.3397ms
  ManagerCPU: 14.0604ms
 Test collisions: 146.0614ms
Step: 377.6382ms
====================================
Loop: 56
Kernel done
  ManagerOCL: 129.2598ms
  ManagerCPU: 25.0711ms
 Test collisions: 188.1148ms
Step: 281.6887ms
====================================
Loop: 57
Kernel done
  ManagerOCL: 132.3695ms
  ManagerCPU: 19.6466ms
 Test collisions: 178.1528ms
Step: 255.9987ms
====================================
Loop: 58
Kernel done
  ManagerOCL: 114.1354ms
  ManagerCPU: 14.4179ms
 Test collisions: 153.7802ms
Step: 229.9028ms
====================================
Loop: 59
Kernel done
  ManagerOCL: 109.4671ms
  ManagerCPU: 14.3350ms
 Test collisions: 148.4035ms
Step: 363.3144ms
====================================
Loop: 60
Kernel done
  ManagerOCL: 112.3836ms
  ManagerCPU: 14.6943ms
 Test collisions: 152.5355ms
Step: 231.8316ms
====================================
Loop: 61
Kernel done
  ManagerOCL: 110.5021ms
  ManagerCPU: 14.5837ms
 Test collisions: 149.7878ms
Step: 229.2553ms
====================================
Loop: 62
Kernel done
  ManagerOCL: 113.7778ms
  ManagerCPU: 14.6914ms
 Test collisions: 153.3090ms
Step: 359.4800ms
====================================
Loop: 63
Kernel done
  ManagerOCL: 111.7459ms
  ManagerCPU: 15.0901ms
 Test collisions: 153.4091ms
Step: 236.9482ms
====================================
Loop: 64
Kernel done
  ManagerOCL: 118.2611ms
  ManagerCPU: 15.1168ms
 Test collisions: 158.4891ms
Step: 251.9077ms
====================================
Loop: 65
Kernel done
  ManagerOCL: 176.3919ms
  ManagerCPU: 29.2575ms
 Test collisions: 239.3005ms
Step: 468.5288ms
====================================
Loop: 66
Kernel done
  ManagerOCL: 113.7383ms
  ManagerCPU: 15.3764ms
 Test collisions: 154.6040ms
Step: 243.6617ms
====================================
Loop: 67
Kernel done
  ManagerOCL: 118.1549ms
  ManagerCPU: 15.2834ms
 Test collisions: 158.7578ms
Step: 245.3595ms
====================================
Loop: 68
Kernel done
  ManagerOCL: 113.9294ms
  ManagerCPU: 15.0039ms
 Test collisions: 154.3997ms
Step: 362.3268ms
====================================
Loop: 69
Kernel done
  ManagerOCL: 119.5502ms
  ManagerCPU: 15.3164ms
 Test collisions: 160.5291ms
Step: 250.8053ms
====================================
Loop: 70
Kernel done
  ManagerOCL: 117.7040ms
  ManagerCPU: 15.7378ms
 Test collisions: 159.4521ms
Step: 256.2815ms
====================================
Loop: 71
Kernel done
  ManagerOCL: 119.1851ms
  ManagerCPU: 15.6180ms
 Test collisions: 160.4939ms
Step: 378.9624ms
====================================
Loop: 72
Kernel done
  ManagerOCL: 182.0092ms
  ManagerCPU: 19.8934ms
 Test collisions: 230.1542ms
Step: 328.2359ms
====================================
Loop: 73
Kernel done
  ManagerOCL: 118.5335ms
  ManagerCPU: 15.8870ms
 Test collisions: 160.6280ms
Step: 262.8449ms
====================================
Loop: 74
Kernel done
  ManagerOCL: 119.8833ms
  ManagerCPU: 15.5854ms
 Test collisions: 162.6046ms
Step: 369.3335ms
====================================
Loop: 75
Kernel done
  ManagerOCL: 128.3461ms
  ManagerCPU: 16.1570ms
 Test collisions: 173.5542ms
Step: 280.9191ms
====================================
Loop: 76
Kernel done
  ManagerOCL: 122.0788ms
  ManagerCPU: 16.0859ms
 Test collisions: 164.7663ms
Step: 271.1276ms
====================================
Loop: 77
Kernel done
  ManagerOCL: 129.0294ms
  ManagerCPU: 16.7268ms
 Test collisions: 176.4306ms
Step: 445.8662ms
====================================
Loop: 78
Kernel done
  ManagerOCL: 146.8355ms
  ManagerCPU: 16.2301ms
 Test collisions: 192.2268ms
Step: 308.5557ms
====================================
Loop: 79
Kernel done
  ManagerOCL: 125.7750ms
  ManagerCPU: 16.5416ms
 Test collisions: 170.5986ms
Step: 294.3571ms
====================================
Loop: 80
Kernel done
  ManagerOCL: 125.0134ms
  ManagerCPU: 16.4244ms
 Test collisions: 168.6414ms
Step: 400.7710ms
====================================
Loop: 81
Kernel done
  ManagerOCL: 133.0772ms
  ManagerCPU: 17.1333ms
 Test collisions: 178.4638ms
Step: 326.4385ms
====================================
Loop: 82
Kernel done
  ManagerOCL: 128.0161ms
  ManagerCPU: 16.8133ms
 Test collisions: 172.1322ms
Step: 318.6645ms
====================================
Loop: 83
Kernel done
  ManagerOCL: 130.0243ms
  ManagerCPU: 16.8320ms
 Test collisions: 174.5305ms
Step: 414.7342ms
====================================
Loop: 84
Kernel done
  ManagerOCL: 139.3725ms
  ManagerCPU: 17.2708ms
 Test collisions: 184.5726ms
Step: 341.2573ms
====================================
Loop: 85
Kernel done
  ManagerOCL: 131.0427ms
  ManagerCPU: 17.5068ms
 Test collisions: 178.5979ms
Step: 386.2364ms
====================================
Loop: 86
Kernel done
  ManagerOCL: 174.1258ms
  ManagerCPU: 18.3031ms
 Test collisions: 221.0841ms
Step: 469.2387ms
====================================
Loop: 87
Kernel done
  ManagerOCL: 134.8052ms
  ManagerCPU: 17.8682ms
 Test collisions: 182.7267ms
Step: 353.3609ms
====================================
Loop: 88
Kernel done
  ManagerOCL: 137.0892ms
  ManagerCPU: 24.7987ms
 Test collisions: 191.3169ms
Step: 366.0564ms
====================================
Loop: 89
Kernel done
  ManagerOCL: 138.4614ms
  ManagerCPU: 18.2892ms
 Test collisions: 185.5645ms
Step: 444.9174ms
====================================
Loop: 90
Kernel done
  ManagerOCL: 141.4720ms
  ManagerCPU: 21.5236ms
 Test collisions: 193.1159ms
Step: 377.0702ms
====================================
Loop: 91
Kernel done
  ManagerOCL: 145.0350ms
  ManagerCPU: 19.3899ms
 Test collisions: 194.0086ms
Step: 388.5549ms
====================================
Loop: 92
Kernel done
  ManagerOCL: 173.6163ms
  ManagerCPU: 27.6966ms
 Test collisions: 232.8804ms
Step: 514.0550ms
====================================
Loop: 93
Kernel done
  ManagerOCL: 147.3898ms
  ManagerCPU: 20.1040ms
 Test collisions: 201.3327ms
Step: 398.1598ms
====================================
Loop: 94
Kernel done
  ManagerOCL: 152.4738ms
  ManagerCPU: 20.1695ms
 Test collisions: 202.9247ms
Step: 481.6239ms
====================================
Loop: 95
Kernel done
  ManagerOCL: 155.0994ms
  ManagerCPU: 21.3500ms
 Test collisions: 207.6279ms
Step: 421.8141ms
====================================
Loop: 96
Kernel done
  ManagerOCL: 174.8221ms
  ManagerCPU: 24.9226ms
 Test collisions: 232.0873ms
Step: 513.9582ms
====================================
Loop: 97
Kernel done
  ManagerOCL: 159.2829ms
  ManagerCPU: 21.7008ms
 Test collisions: 212.8603ms
Step: 435.2745ms
====================================
Loop: 98
Kernel done
  ManagerOCL: 159.7350ms
  ManagerCPU: 22.2668ms
 Test collisions: 213.8620ms
Step: 500.5441ms
====================================
Loop: 99
Kernel done
  ManagerOCL: 163.5420ms
  ManagerCPU: 23.7004ms
 Test collisions: 220.2776ms
Step: 452.6781ms
====================================
Loop: 100
Kernel done
  ManagerOCL: 164.7068ms
  ManagerCPU: 23.8075ms
 Test collisions: 221.7291ms
Step: 515.0998ms
====================================
Loop: 101
Kernel done
  ManagerOCL: 165.8854ms
  ManagerCPU: 26.5996ms
 Test collisions: 227.0896ms
Step: 470.9223ms
====================================
Loop: 102
Kernel done
  ManagerOCL: 167.3366ms
  ManagerCPU: 24.2637ms
 Test collisions: 226.3059ms
Step: 522.3774ms
====================================
Loop: 103
Kernel done
  ManagerOCL: 170.5751ms
  ManagerCPU: 27.2920ms
 Test collisions: 233.0767ms
Step: 481.9766ms
====================================
Loop: 104
Kernel done
  ManagerOCL: 171.9034ms
  ManagerCPU: 25.6253ms
 Test collisions: 232.7374ms
Step: 533.2391ms
====================================
Loop: 105
Kernel done
  ManagerOCL: 176.6614ms
  ManagerCPU: 28.7393ms
 Test collisions: 240.6948ms
Step: 497.0058ms
====================================
Loop: 106
Kernel done
  ManagerOCL: 178.3535ms
  ManagerCPU: 28.0770ms
 Test collisions: 241.0987ms
Step: 545.3036ms
====================================
Loop: 107
Kernel done
  ManagerOCL: 179.8843ms
  ManagerCPU: 27.3031ms
 Test collisions: 242.5494ms
Step: 504.7733ms
====================================
Loop: 108
Kernel done
  ManagerOCL: 211.4021ms
  ManagerCPU: 29.5417ms
 Test collisions: 276.4320ms
Step: 583.1498ms
====================================
Loop: 109
Kernel done
  ManagerOCL: 187.4984ms
  ManagerCPU: 27.6946ms
 Test collisions: 251.7411ms
Step: 522.4242ms
====================================
Loop: 110
Kernel done
  ManagerOCL: 189.3217ms
  ManagerCPU: 28.1892ms
 Test collisions: 253.3011ms
Step: 562.2410ms
====================================
Loop: 111
Kernel done
  ManagerOCL: 185.9135ms
  ManagerCPU: 28.8553ms
 Test collisions: 252.6803ms
Step: 529.9110ms
====================================
Loop: 112
Kernel done
  ManagerOCL: 190.9174ms
  ManagerCPU: 32.6380ms
 Test collisions: 260.6184ms
Step: 572.5663ms
====================================
Loop: 113
Kernel done
  ManagerOCL: 193.5276ms
  ManagerCPU: 29.8855ms
 Test collisions: 260.4849ms
Step: 548.0682ms
====================================
Loop: 114
Kernel done
  ManagerOCL: 196.8491ms
  ManagerCPU: 30.5080ms
 Test collisions: 264.6218ms
Step: 587.0210ms
====================================
Loop: 115
Kernel done
  ManagerOCL: 199.6969ms
  ManagerCPU: 33.6988ms
 Test collisions: 271.5591ms
Step: 568.2855ms
====================================
Loop: 116
Kernel done
  ManagerOCL: 194.9767ms
  ManagerCPU: 31.4422ms
 Test collisions: 264.2377ms
Step: 589.2313ms
====================================
Loop: 117
Kernel done
  ManagerOCL: 202.8386ms
  ManagerCPU: 32.1124ms
 Test collisions: 273.2246ms
Step: 581.6802ms
====================================
Loop: 118
Kernel done
  ManagerOCL: 200.7328ms
  ManagerCPU: 32.3012ms
 Test collisions: 276.3517ms
Step: 608.2117ms
====================================
Loop: 119
Kernel done
  ManagerOCL: 200.4059ms
  ManagerCPU: 33.3150ms
 Test collisions: 274.0202ms
Step: 589.5570ms
====================================
Loop: 120
Kernel done
  ManagerOCL: 208.5981ms
  ManagerCPU: 34.7937ms
 Test collisions: 283.3196ms
Step: 622.8687ms
====================================
Loop: 121
Kernel done
  ManagerOCL: 208.2369ms
  ManagerCPU: 34.3545ms
 Test collisions: 284.5464ms
Step: 608.6593ms
====================================
Loop: 122
Kernel done
  ManagerOCL: 213.9664ms
  ManagerCPU: 34.9368ms
 Test collisions: 289.3958ms
Step: 639.9781ms
====================================
Loop: 123
Kernel done
  ManagerOCL: 217.2012ms
  ManagerCPU: 36.1817ms
 Test collisions: 294.6700ms
Step: 631.3231ms
====================================
Loop: 124
Kernel done
  ManagerOCL: 224.3353ms
  ManagerCPU: 36.7148ms
 Test collisions: 303.4377ms
Step: 666.3917ms
====================================
Loop: 125
Kernel done
  ManagerOCL: 228.3427ms
  ManagerCPU: 37.6036ms
 Test collisions: 308.4320ms
Step: 670.7346ms
====================================
Loop: 126
Kernel done
  ManagerOCL: 226.1896ms
  ManagerCPU: 43.5672ms
 Test collisions: 313.5681ms
Step: 677.2213ms
====================================
Loop: 127
Kernel done
  ManagerOCL: 225.7736ms
  ManagerCPU: 39.9784ms
 Test collisions: 310.6576ms
Step: 672.4194ms
====================================
Loop: 128
Kernel done
  ManagerOCL: 231.4970ms
  ManagerCPU: 39.9435ms
 Test collisions: 316.0148ms
Step: 689.8759ms
====================================
Loop: 129
Kernel done
  ManagerOCL: 230.2545ms
  ManagerCPU: 40.3197ms
 Test collisions: 315.2499ms
Step: 683.2946ms
====================================
Loop: 130
Kernel done
  ManagerOCL: 234.4219ms
  ManagerCPU: 45.8683ms
 Test collisions: 326.5682ms
Step: 697.1896ms
====================================
Loop: 131
Kernel done
  ManagerOCL: 236.5826ms
  ManagerCPU: 41.2829ms
 Test collisions: 322.9622ms
Step: 689.6583ms
====================================
Loop: 132
Kernel done
  ManagerOCL: 237.2838ms
  ManagerCPU: 40.7469ms
 Test collisions: 322.9281ms
Step: 698.6661ms
====================================
Loop: 133
Kernel done
  ManagerOCL: 232.1438ms
  ManagerCPU: 42.6505ms
 Test collisions: 319.4713ms
Step: 704.8463ms
====================================
Loop: 134
Kernel done
  ManagerOCL: 237.8513ms
  ManagerCPU: 43.5689ms
 Test collisions: 326.8186ms
Step: 713.0680ms
====================================
Loop: 135
Kernel done
  ManagerOCL: 235.8879ms
  ManagerCPU: 48.1083ms
 Test collisions: 329.6783ms
Step: 711.4219ms
====================================
Loop: 136
Kernel done
  ManagerOCL: 236.9957ms
  ManagerCPU: 43.1981ms
 Test collisions: 327.9524ms
Step: 713.5609ms
====================================
Loop: 137
Kernel done
  ManagerOCL: 237.5971ms
  ManagerCPU: 45.0314ms
 Test collisions: 329.6114ms
Step: 720.1224ms
====================================
Loop: 138
Kernel done
  ManagerOCL: 242.0974ms
  ManagerCPU: 44.6323ms
 Test collisions: 332.3083ms
Step: 724.5964ms
====================================
Loop: 139
Kernel done
  ManagerOCL: 236.4466ms
  ManagerCPU: 43.6483ms
 Test collisions: 325.3240ms
Step: 721.9022ms
====================================
Loop: 140
Kernel done
  ManagerOCL: 235.1564ms
  ManagerCPU: 45.4564ms
 Test collisions: 326.6628ms
Step: 727.5930ms
====================================
Loop: 141
Kernel done
  ManagerOCL: 237.9476ms
  ManagerCPU: 45.9844ms
 Test collisions: 329.0947ms
Step: 733.7864ms
====================================
Loop: 142
Kernel done
  ManagerOCL: 237.3893ms
  ManagerCPU: 49.4826ms
 Test collisions: 332.4514ms
Step: 716.2115ms
====================================
Loop: 143
Kernel done
  ManagerOCL: 237.0801ms
  ManagerCPU: 49.3649ms
 Test collisions: 332.0347ms
Step: 706.7382ms
====================================
Loop: 144
Kernel done
  ManagerOCL: 236.7500ms
  ManagerCPU: 45.2779ms
 Test collisions: 327.6260ms
Step: 707.0128ms
====================================
Loop: 145
Kernel done
  ManagerOCL: 240.4534ms
  ManagerCPU: 44.1177ms
 Test collisions: 329.4301ms
Step: 711.0731ms
====================================
Loop: 146
Kernel done
  ManagerOCL: 239.4984ms
  ManagerCPU: 45.2697ms
 Test collisions: 329.1516ms
Step: 710.4312ms
====================================
Loop: 147
Kernel done
  ManagerOCL: 231.4960ms
  ManagerCPU: 45.9059ms
 Test collisions: 321.9216ms
Step: 704.4071ms
====================================
Loop: 148
Kernel done
  ManagerOCL: 236.1773ms
  ManagerCPU: 46.0826ms
 Test collisions: 327.1181ms
Step: 698.1592ms
====================================
Loop: 149
Kernel done
  ManagerOCL: 233.8751ms
  ManagerCPU: 51.2514ms
 Test collisions: 330.1742ms
Step: 697.7955ms
====================================
Loop: 150
Kernel done
  ManagerOCL: 232.0390ms
  ManagerCPU: 44.0949ms
 Test collisions: 321.1253ms
Step: 689.5867ms
====================================
Loop: 151
Kernel done
  ManagerOCL: 235.1684ms
  ManagerCPU: 46.7222ms
 Test collisions: 326.2140ms
Step: 692.7116ms
====================================
Loop: 152
Kernel done
  ManagerOCL: 237.1750ms
  ManagerCPU: 46.2348ms
 Test collisions: 327.0060ms
Step: 700.0255ms
====================================
Loop: 153
Kernel done
  ManagerOCL: 233.9129ms
  ManagerCPU: 50.3446ms
 Test collisions: 328.0268ms
Step: 695.8560ms
====================================
Loop: 154
Kernel done
  ManagerOCL: 236.5654ms
  ManagerCPU: 44.8920ms
 Test collisions: 326.1442ms
Step: 691.7545ms
====================================
Loop: 155
Kernel done
  ManagerOCL: 242.4583ms
  ManagerCPU: 45.0333ms
 Test collisions: 331.1855ms
Step: 699.6064ms
====================================
Loop: 156
Kernel done
  ManagerOCL: 234.8174ms
  ManagerCPU: 44.7398ms
 Test collisions: 323.3797ms
Step: 694.7658ms
====================================
Loop: 157
Kernel done
  ManagerOCL: 236.0780ms
  ManagerCPU: 46.5274ms
 Test collisions: 326.0830ms
Step: 690.9801ms
====================================
Loop: 158
Kernel done
  ManagerOCL: 236.2496ms
  ManagerCPU: 48.2124ms
 Test collisions: 327.7646ms
Step: 686.8593ms
====================================
Loop: 159
Kernel done
  ManagerOCL: 233.2944ms
  ManagerCPU: 46.4990ms
 Test collisions: 322.4177ms
Step: 688.2891ms
====================================
Loop: 160
Kernel done
  ManagerOCL: 231.0084ms
  ManagerCPU: 45.6192ms
 Test collisions: 320.4200ms
Step: 689.7479ms
====================================
Loop: 161
Kernel done
  ManagerOCL: 233.1463ms
  ManagerCPU: 46.0865ms
 Test collisions: 322.1471ms
Step: 677.6008ms
====================================
Loop: 162
Kernel done
  ManagerOCL: 232.0363ms
  ManagerCPU: 45.6756ms
 Test collisions: 321.6284ms
Step: 677.5262ms
====================================
Loop: 163
Kernel done
  ManagerOCL: 235.4940ms
  ManagerCPU: 47.6745ms
 Test collisions: 325.9137ms
Step: 680.3820ms
====================================
Loop: 164
Kernel done
  ManagerOCL: 225.5033ms
  ManagerCPU: 45.2973ms
 Test collisions: 313.1625ms
Step: 663.4897ms
====================================
Loop: 165
Kernel done
  ManagerOCL: 229.7119ms
  ManagerCPU: 48.4273ms
 Test collisions: 320.0706ms
Step: 667.9062ms
====================================
Loop: 166
Kernel done
  ManagerOCL: 231.9496ms
  ManagerCPU: 46.6721ms
 Test collisions: 321.5023ms
Step: 674.9573ms
====================================
Loop: 167
Kernel done
  ManagerOCL: 224.3552ms
  ManagerCPU: 47.7814ms
 Test collisions: 313.9761ms
Step: 662.5139ms
====================================
Loop: 168
Kernel done
  ManagerOCL: 227.8729ms
  ManagerCPU: 47.6096ms
 Test collisions: 317.6296ms
Step: 655.9918ms
====================================
Loop: 169
Kernel done
  ManagerOCL: 229.3412ms
  ManagerCPU: 46.6896ms
 Test collisions: 317.5274ms
Step: 667.6169ms
====================================
Loop: 170
Kernel done
  ManagerOCL: 221.5299ms
  ManagerCPU: 44.3494ms
 Test collisions: 307.3184ms
Step: 655.5372ms
====================================
Loop: 171
Kernel done
  ManagerOCL: 222.9234ms
  ManagerCPU: 44.2346ms
 Test collisions: 309.4116ms
Step: 652.7043ms
====================================
Loop: 172
Kernel done
  ManagerOCL: 223.1459ms
  ManagerCPU: 44.4659ms
 Test collisions: 309.4426ms
Step: 658.0250ms
====================================
Loop: 173
Kernel done
  ManagerOCL: 217.9252ms
  ManagerCPU: 48.8883ms
 Test collisions: 307.9905ms
Step: 645.0341ms
====================================
Loop: 174
Kernel done
  ManagerOCL: 220.6319ms
  ManagerCPU: 44.8813ms
 Test collisions: 305.7595ms
Step: 653.0673ms
====================================
Loop: 175
Kernel done
  ManagerOCL: 219.6870ms
  ManagerCPU: 45.1942ms
 Test collisions: 305.1793ms
Step: 642.4426ms
====================================
Loop: 176
Kernel done
  ManagerOCL: 220.4985ms
  ManagerCPU: 44.4007ms
 Test collisions: 307.2812ms
Step: 644.6349ms
====================================
Loop: 177
Kernel done
  ManagerOCL: 217.5292ms
  ManagerCPU: 44.0676ms
 Test collisions: 302.0098ms
Step: 648.5914ms
====================================
Loop: 178
Kernel done
  ManagerOCL: 217.6585ms
  ManagerCPU: 47.9767ms
 Test collisions: 306.2565ms
Step: 646.8363ms
====================================
Loop: 179
Kernel done
  ManagerOCL: 223.3190ms
  ManagerCPU: 43.8889ms
 Test collisions: 307.1051ms
Step: 650.4112ms
====================================
Loop: 180
Kernel done
  ManagerOCL: 216.9468ms
  ManagerCPU: 43.7201ms
 Test collisions: 300.4680ms
Step: 639.7203ms
====================================
Loop: 181
Kernel done
  ManagerOCL: 216.4786ms
  ManagerCPU: 45.8795ms
 Test collisions: 302.5026ms
Step: 641.9227ms
====================================
Loop: 182
Kernel done
  ManagerOCL: 219.5829ms
  ManagerCPU: 46.3058ms
 Test collisions: 305.3029ms
Step: 658.2029ms
====================================
Loop: 183
Kernel done
  ManagerOCL: 220.5023ms
  ManagerCPU: 48.4103ms
 Test collisions: 308.6137ms
Step: 657.1241ms
====================================
Loop: 184
Kernel done
  ManagerOCL: 218.1978ms
  ManagerCPU: 44.6682ms
 Test collisions: 302.0226ms
Step: 652.8642ms
====================================
Loop: 185
Kernel done
  ManagerOCL: 261.6647ms
  ManagerCPU: 74.8412ms
 Test collisions: 387.9889ms
Step: 770.0065ms
====================================
Loop: 186
Kernel done
  ManagerOCL: 233.0666ms
  ManagerCPU: 53.4823ms
 Test collisions: 326.5612ms
Step: 683.4389ms
====================================
Loop: 187
Kernel done
  ManagerOCL: 210.2660ms
  ManagerCPU: 44.1055ms
 Test collisions: 293.6324ms
Step: 645.0479ms
====================================
Loop: 188
Kernel done
  ManagerOCL: 216.0390ms
  ManagerCPU: 44.1036ms
 Test collisions: 299.2137ms
Step: 710.4241ms
====================================
Loop: 189
Kernel done
  ManagerOCL: 212.7248ms
  ManagerCPU: 46.0574ms
 Test collisions: 296.1875ms
Step: 650.2611ms
====================================
Loop: 190
Kernel done
  ManagerOCL: 207.7556ms
  ManagerCPU: 44.4543ms
 Test collisions: 292.4447ms
Step: 744.6260ms
====================================
Loop: 191
Kernel done
  ManagerOCL: 209.5569ms
  ManagerCPU: 47.2294ms
 Test collisions: 298.4338ms
Step: 665.0281ms
====================================
Loop: 192
Kernel done
  ManagerOCL: 205.8017ms
  ManagerCPU: 43.0193ms
 Test collisions: 285.6552ms
Step: 639.9592ms
====================================
Loop: 193
Kernel done
  ManagerOCL: 205.3450ms
  ManagerCPU: 49.4411ms
 Test collisions: 292.5357ms
Step: 652.0093ms
====================================
Loop: 194
Kernel done
  ManagerOCL: 213.0566ms
  ManagerCPU: 46.7116ms
 Test collisions: 297.3436ms
Step: 654.0722ms
====================================
Loop: 195
Kernel done
  ManagerOCL: 276.3857ms
  ManagerCPU: 78.9206ms
 Test collisions: 405.3744ms
Step: 785.1713ms
====================================
Loop: 196
Kernel done
  ManagerOCL: 293.0838ms
  ManagerCPU: 43.6262ms
 Test collisions: 373.6112ms
Step: 721.8466ms
====================================
Loop: 197
Kernel done
  ManagerOCL: 200.9805ms
  ManagerCPU: 41.8240ms
 Test collisions: 279.3079ms
Step: 633.9508ms
====================================
Loop: 198
Kernel done
  ManagerOCL: 203.5510ms
  ManagerCPU: 45.9594ms
 Test collisions: 287.4574ms
Step: 641.4151ms
====================================
Loop: 199
Kernel done
  ManagerOCL: 203.9398ms
  ManagerCPU: 50.8676ms
 Test collisions: 291.8698ms
Step: 727.6017ms
====================================
Loop: 200
Kernel done
  ManagerOCL: 218.3188ms
  ManagerCPU: 41.7072ms
 Test collisions: 296.2759ms
Step: 654.5743ms
====================================
Loop: 201
Kernel done
  ManagerOCL: 198.3039ms
  ManagerCPU: 48.2503ms
 Test collisions: 284.1016ms
Step: 634.1310ms
====================================
Loop: 202
Kernel done
  ManagerOCL: 203.4121ms
  ManagerCPU: 41.8759ms
 Test collisions: 281.6718ms
Step: 645.4212ms
====================================
Loop: 203
Kernel done
  ManagerOCL: 196.4816ms
  ManagerCPU: 41.5667ms
 Test collisions: 273.4731ms
Step: 628.0178ms
====================================
Loop: 204
Kernel done
  ManagerOCL: 195.1821ms
  ManagerCPU: 41.4561ms
 Test collisions: 274.1765ms
Step: 630.7202ms
====================================
Loop: 205
Kernel done
  ManagerOCL: 196.3064ms
  ManagerCPU: 45.9471ms
 Test collisions: 277.5679ms
Step: 632.4166ms
====================================
Loop: 206
Kernel done
  ManagerOCL: 200.2417ms
  ManagerCPU: 40.9619ms
 Test collisions: 276.2775ms
Step: 630.5443ms
====================================
Loop: 207
Kernel done
  ManagerOCL: 193.9876ms
  ManagerCPU: 40.7750ms
 Test collisions: 269.5548ms
Step: 618.6131ms
====================================
Loop: 208
Kernel done
  ManagerOCL: 192.2231ms
  ManagerCPU: 40.7186ms
 Test collisions: 270.1498ms
Step: 632.8214ms
====================================
Loop: 209
Kernel done
  ManagerOCL: 194.5283ms
  ManagerCPU: 46.2356ms
 Test collisions: 275.2740ms
Step: 636.6513ms
====================================
Loop: 210
Kernel done
  ManagerOCL: 195.9026ms
  ManagerCPU: 40.7015ms
 Test collisions: 270.9840ms
Step: 633.2625ms
====================================
Loop: 211
Kernel done
  ManagerOCL: 190.4324ms
  ManagerCPU: 40.2906ms
 Test collisions: 264.9289ms
Step: 622.1623ms
====================================
Loop: 212
Kernel done
  ManagerOCL: 189.6721ms
  ManagerCPU: 41.7631ms
 Test collisions: 267.1179ms
Step: 634.2135ms
====================================
Loop: 213
Kernel done
  ManagerOCL: 196.3408ms
  ManagerCPU: 45.3803ms
 Test collisions: 276.0443ms
Step: 754.7211ms
====================================
Loop: 214
Kernel done
  ManagerOCL: 199.0921ms
  ManagerCPU: 70.0793ms
 Test collisions: 313.1080ms
Step: 766.0071ms
====================================
Loop: 215
Kernel done
  ManagerOCL: 259.5401ms
  ManagerCPU: 42.7222ms
 Test collisions: 336.7245ms
Step: 713.0666ms
====================================
Loop: 216
Kernel done
  ManagerOCL: 188.3509ms
  ManagerCPU: 59.4255ms
 Test collisions: 293.0860ms
Step: 733.5459ms
====================================
Loop: 217
Kernel done
  ManagerOCL: 192.8542ms
  ManagerCPU: 48.7715ms
 Test collisions: 281.7284ms
Step: 649.8308ms
====================================
Loop: 218
Kernel done
  ManagerOCL: 198.1342ms
  ManagerCPU: 41.6513ms
 Test collisions: 274.0574ms
Step: 655.0067ms
====================================
Loop: 219
Kernel done
  ManagerOCL: 186.0572ms
  ManagerCPU: 46.4535ms
 Test collisions: 266.9982ms
Step: 628.5087ms
====================================
Loop: 220
Kernel done
  ManagerOCL: 184.4121ms
  ManagerCPU: 41.0830ms
 Test collisions: 259.2247ms
Step: 669.1151ms
====================================
Loop: 221
Kernel done
  ManagerOCL: 239.7435ms
  ManagerCPU: 48.4310ms
 Test collisions: 325.7881ms
Step: 685.5035ms
====================================
Loop: 222
Kernel done
  ManagerOCL: 183.0213ms
  ManagerCPU: 40.0629ms
 Test collisions: 256.5117ms
Step: 613.6090ms
====================================
Loop: 223
Kernel done
  ManagerOCL: 182.4936ms
  ManagerCPU: 39.3879ms
 Test collisions: 254.9145ms
Step: 618.4809ms
====================================
Loop: 224
Kernel done
  ManagerOCL: 182.3184ms
  ManagerCPU: 42.1566ms
 Test collisions: 258.8929ms
Step: 615.2922ms
====================================
Loop: 225
Kernel done
  ManagerOCL: 188.0699ms
  ManagerCPU: 38.6662ms
 Test collisions: 260.3840ms
Step: 621.0435ms
====================================
Loop: 226
Kernel done
  ManagerOCL: 180.3528ms
  ManagerCPU: 39.1989ms
 Test collisions: 251.9244ms
Step: 612.2249ms
====================================
Loop: 227
Kernel done
  ManagerOCL: 184.0389ms
  ManagerCPU: 38.9758ms
 Test collisions: 255.2794ms
Step: 619.2769ms
====================================
Loop: 228
Kernel done
  ManagerOCL: 180.5994ms
  ManagerCPU: 38.4931ms
 Test collisions: 252.5493ms
Step: 614.4582ms
====================================
Loop: 229
Kernel done
  ManagerOCL: 184.9811ms
  ManagerCPU: 38.9045ms
 Test collisions: 256.1465ms
Step: 613.8522ms
====================================
Loop: 230
Kernel done
  ManagerOCL: 180.9823ms
  ManagerCPU: 38.2476ms
 Test collisions: 251.4480ms
Step: 613.7930ms
====================================
Loop: 231
Kernel done
  ManagerOCL: 178.2462ms
  ManagerCPU: 38.7476ms
 Test collisions: 248.9948ms
Step: 606.7010ms
====================================
Loop: 232
Kernel done
  ManagerOCL: 178.0942ms
  ManagerCPU: 38.4413ms
 Test collisions: 250.1422ms
Step: 612.0956ms
====================================
Loop: 233
Kernel done
  ManagerOCL: 177.5638ms
  ManagerCPU: 44.2727ms
 Test collisions: 253.8656ms
Step: 611.8768ms
====================================
Loop: 234
Kernel done
  ManagerOCL: 212.1572ms
  ManagerCPU: 72.3238ms
 Test collisions: 324.7201ms
Step: 726.5839ms
====================================
Loop: 235
Kernel done
  ManagerOCL: 199.4696ms
  ManagerCPU: 43.7228ms
 Test collisions: 277.9132ms
Step: 646.0869ms
====================================
Loop: 236
Kernel done
  ManagerOCL: 176.8022ms
  ManagerCPU: 38.6072ms
 Test collisions: 248.3727ms
Step: 609.1294ms
====================================
Loop: 237
Kernel done
  ManagerOCL: 182.4669ms
  ManagerCPU: 38.8485ms
 Test collisions: 252.9717ms
Step: 602.9159ms
====================================
Loop: 238
Kernel done
  ManagerOCL: 177.9614ms
  ManagerCPU: 38.3401ms
 Test collisions: 247.9547ms
Step: 603.9855ms
====================================
Loop: 239
Kernel done
  ManagerOCL: 174.7633ms
  ManagerCPU: 38.8722ms
 Test collisions: 245.4411ms
Step: 602.5229ms
====================================
Loop: 240
Kernel done
  ManagerOCL: 173.8864ms
  ManagerCPU: 40.3139ms
 Test collisions: 245.8541ms
Step: 602.0636ms
====================================
Loop: 241
Kernel done
  ManagerOCL: 174.4214ms
  ManagerCPU: 40.9966ms
 Test collisions: 247.4854ms
Step: 598.1597ms
====================================
Loop: 242
Kernel done
  ManagerOCL: 177.9252ms
  ManagerCPU: 37.1739ms
 Test collisions: 246.0544ms
Step: 601.7162ms
====================================
Loop: 243
Kernel done
  ManagerOCL: 176.7458ms
  ManagerCPU: 37.8052ms
 Test collisions: 246.0373ms
Step: 604.4405ms
====================================
Loop: 244
Kernel done
  ManagerOCL: 170.9619ms
  ManagerCPU: 37.7245ms
 Test collisions: 239.7700ms
Step: 592.3655ms
====================================
Loop: 245
Kernel done
  ManagerOCL: 171.3034ms
  ManagerCPU: 37.9883ms
 Test collisions: 241.9065ms
Step: 600.6132ms
====================================
Loop: 246
Kernel done
  ManagerOCL: 169.6036ms
  ManagerCPU: 38.2275ms
 Test collisions: 242.1337ms
Step: 594.3019ms
====================================
Loop: 247
Kernel done
  ManagerOCL: 177.4551ms
  ManagerCPU: 36.9938ms
 Test collisions: 245.4424ms
Step: 598.0449ms
====================================
Loop: 248
Kernel done
  ManagerOCL: 176.4429ms
  ManagerCPU: 37.2005ms
 Test collisions: 245.2476ms
Step: 600.4041ms
====================================
Loop: 249
Kernel done
  ManagerOCL: 168.3755ms
  ManagerCPU: 36.9820ms
 Test collisions: 236.1994ms
Step: 596.2833ms
====================================
Loop: 250
Kernel done
  ManagerOCL: 167.7417ms
  ManagerCPU: 37.0313ms
 Test collisions: 236.9249ms
Step: 595.2465ms
====================================
Loop: 251
Kernel done
  ManagerOCL: 167.4996ms
  ManagerCPU: 37.8265ms
 Test collisions: 238.3884ms
Step: 596.4700ms
====================================
Loop: 252
Kernel done
  ManagerOCL: 170.2385ms
  ManagerCPU: 37.9760ms
 Test collisions: 238.6940ms
Step: 583.7102ms
====================================
Loop: 253
Kernel done
  ManagerOCL: 171.4764ms
  ManagerCPU: 39.0323ms
 Test collisions: 240.6351ms
Step: 595.7903ms
====================================
Loop: 254
Kernel done
  ManagerOCL: 166.1488ms
  ManagerCPU: 37.1248ms
 Test collisions: 233.4834ms
Step: 584.6833ms
====================================
Loop: 255
Kernel done
  ManagerOCL: 166.7838ms
  ManagerCPU: 36.9409ms
 Test collisions: 233.7935ms
Step: 594.9105ms
====================================
Loop: 256
Kernel done
  ManagerOCL: 166.4103ms
  ManagerCPU: 38.7658ms
 Test collisions: 235.3138ms
Step: 595.7089ms
====================================
Loop: 257
Kernel done
  ManagerOCL: 170.3920ms
  ManagerCPU: 43.2193ms
 Test collisions: 243.4126ms
Step: 597.9400ms
====================================
Loop: 258
Kernel done
  ManagerOCL: 170.8011ms
  ManagerCPU: 36.4376ms
 Test collisions: 237.7551ms
Step: 590.5267ms
====================================
Loop: 259
Kernel done
  ManagerOCL: 165.2652ms
  ManagerCPU: 36.8441ms
 Test collisions: 231.8387ms
Step: 591.7920ms
====================================
Loop: 260
Kernel done
  ManagerOCL: 165.6314ms
  ManagerCPU: 36.2563ms
 Test collisions: 231.5905ms
Step: 589.4448ms
====================================
Loop: 261
Kernel done
  ManagerOCL: 163.6239ms
  ManagerCPU: 36.2832ms
 Test collisions: 230.2140ms
Step: 590.9256ms
====================================
Loop: 262
Kernel done
  ManagerOCL: 164.0022ms
  ManagerCPU: 36.8472ms
 Test collisions: 231.2761ms
Step: 582.3411ms
====================================
Loop: 263
Kernel done
  ManagerOCL: 163.4250ms
  ManagerCPU: 39.5318ms
 Test collisions: 232.5293ms
Step: 594.2406ms
====================================
Loop: 264
Kernel done
  ManagerOCL: 165.7706ms
  ManagerCPU: 36.8040ms
 Test collisions: 231.8366ms
Step: 593.7314ms
====================================
Loop: 265
Kernel done
  ManagerOCL: 162.1406ms
  ManagerCPU: 35.6557ms
 Test collisions: 227.2487ms
Step: 582.8121ms
====================================
Loop: 266
Kernel done
  ManagerOCL: 161.2706ms
  ManagerCPU: 35.8620ms
 Test collisions: 226.3983ms
Step: 581.1569ms
====================================
Loop: 267
Kernel done
  ManagerOCL: 161.3576ms
  ManagerCPU: 36.6661ms
 Test collisions: 227.1924ms
Step: 581.1611ms
====================================
Loop: 268
Kernel done
  ManagerOCL: 160.7017ms
  ManagerCPU: 36.7140ms
 Test collisions: 226.7811ms
Step: 579.5524ms
====================================
Loop: 269
Kernel done
  ManagerOCL: 165.4028ms
  ManagerCPU: 37.1380ms
 Test collisions: 231.3531ms
Step: 579.8418ms
====================================
Loop: 270
Kernel done
  ManagerOCL: 165.6929ms
  ManagerCPU: 38.1637ms
 Test collisions: 232.7440ms
Step: 586.2024ms
====================================
Loop: 271
Kernel done
  ManagerOCL: 159.7562ms
  ManagerCPU: 35.4465ms
 Test collisions: 224.5768ms
Step: 570.5403ms
====================================
Loop: 272
Kernel done
  ManagerOCL: 159.5017ms
  ManagerCPU: 36.0079ms
 Test collisions: 224.1022ms
Step: 581.7000ms
====================================
Loop: 273
Kernel done
  ManagerOCL: 159.7883ms
  ManagerCPU: 36.6632ms
 Test collisions: 225.0022ms
Step: 582.5378ms
====================================
Loop: 274
Kernel done
  ManagerOCL: 159.3003ms
  ManagerCPU: 38.7291ms
 Test collisions: 226.7325ms
Step: 581.5305ms
====================================
Loop: 275
Kernel done
  ManagerOCL: 159.7806ms
  ManagerCPU: 41.2595ms
 Test collisions: 229.5731ms
Step: 586.8080ms
====================================
Loop: 276
Kernel done
  ManagerOCL: 163.9304ms
  ManagerCPU: 35.6166ms
 Test collisions: 227.9550ms
Step: 586.3748ms
====================================
Loop: 277
Kernel done
  ManagerOCL: 162.2050ms
  ManagerCPU: 35.8801ms
 Test collisions: 226.6543ms
Step: 583.9106ms
====================================
Loop: 278
Kernel done
  ManagerOCL: 157.0088ms
  ManagerCPU: 35.4660ms
 Test collisions: 220.8967ms
Step: 573.0245ms
====================================
Loop: 279
Kernel done
  ManagerOCL: 157.8168ms
  ManagerCPU: 36.3710ms
 Test collisions: 222.9983ms
Step: 574.4716ms
====================================
Loop: 280
Kernel done
  ManagerOCL: 156.8062ms
  ManagerCPU: 37.2119ms
 Test collisions: 222.4162ms
Step: 579.8201ms
====================================
Loop: 281
Kernel done
  ManagerOCL: 159.8578ms
  ManagerCPU: 37.3515ms
 Test collisions: 225.9683ms
Step: 573.8922ms
====================================
Loop: 282
Kernel done
  ManagerOCL: 158.3177ms
  ManagerCPU: 36.2685ms
 Test collisions: 222.6248ms
Step: 570.0479ms
====================================
Loop: 283
Kernel done
  ManagerOCL: 160.1651ms
  ManagerCPU: 35.8453ms
 Test collisions: 223.8369ms
Step: 575.5048ms
====================================
Loop: 284
Kernel done
  ManagerOCL: 158.0241ms
  ManagerCPU: 35.3126ms
 Test collisions: 220.8477ms
Step: 567.2608ms
====================================
Loop: 285
Kernel done
  ManagerOCL: 153.9014ms
  ManagerCPU: 35.1367ms
 Test collisions: 216.8221ms
Step: 570.1472ms
====================================
Loop: 286
Kernel done
  ManagerOCL: 154.6272ms
  ManagerCPU: 35.0014ms
 Test collisions: 218.3992ms
Step: 564.3692ms
====================================
Loop: 287
Kernel done
  ManagerOCL: 153.8811ms
  ManagerCPU: 35.1145ms
 Test collisions: 216.6228ms
Step: 569.8198ms
====================================
Loop: 288
Kernel done
  ManagerOCL: 158.2419ms
  ManagerCPU: 34.6089ms
 Test collisions: 221.2371ms
Step: 574.3231ms
====================================
Loop: 289
Kernel done
  ManagerOCL: 153.2572ms
  ManagerCPU: 36.6054ms
 Test collisions: 217.5188ms
Step: 569.2284ms
====================================
Loop: 290
Kernel done
  ManagerOCL: 156.7274ms
  ManagerCPU: 35.3986ms
 Test collisions: 219.3883ms
Step: 564.5380ms
====================================
Loop: 291
Kernel done
  ManagerOCL: 156.1948ms
  ManagerCPU: 35.1370ms
 Test collisions: 218.7127ms
Step: 568.7637ms
====================================
Loop: 292
Kernel done
  ManagerOCL: 150.4674ms
  ManagerCPU: 34.2665ms
 Test collisions: 212.1727ms
Step: 558.2634ms
====================================
Loop: 293
Kernel done
  ManagerOCL: 150.9898ms
  ManagerCPU: 33.8857ms
 Test collisions: 211.9324ms
Step: 561.0258ms
====================================
Loop: 294
Kernel done
  ManagerOCL: 151.5059ms
  ManagerCPU: 34.1834ms
 Test collisions: 212.7395ms
Step: 557.0280ms
====================================
Loop: 295
Kernel done
  ManagerOCL: 150.1257ms
  ManagerCPU: 36.9730ms
 Test collisions: 213.8750ms
Step: 565.7643ms
====================================
Loop: 296
Kernel done
  ManagerOCL: 149.5217ms
  ManagerCPU: 34.6606ms
 Test collisions: 212.4115ms
Step: 563.2967ms
====================================
Loop: 297
Kernel done
  ManagerOCL: 150.1240ms
  ManagerCPU: 34.6289ms
 Test collisions: 211.3711ms
Step: 562.7395ms
====================================
Loop: 298
Kernel done
  ManagerOCL: 154.0567ms
  ManagerCPU: 35.1689ms
 Test collisions: 216.0332ms
Step: 566.5247ms
====================================
Loop: 299
Kernel done
  ManagerOCL: 151.2061ms
  ManagerCPU: 33.2270ms
 Test collisions: 211.8132ms
Step: 565.7790ms
====================================
Loop: 300
Kernel done
  ManagerOCL: 146.4045ms
  ManagerCPU: 33.7009ms
 Test collisions: 206.7154ms
Step: 562.6270ms
====================================
Loop: 301
Kernel done
  ManagerOCL: 146.4779ms
  ManagerCPU: 33.4101ms
 Test collisions: 205.9651ms
Step: 559.0495ms
====================================
Loop: 302
Kernel done
  ManagerOCL: 146.9127ms
  ManagerCPU: 38.5554ms
 Test collisions: 211.5968ms
Step: 555.8486ms
====================================
Loop: 303
Kernel done
  ManagerOCL: 145.6145ms
  ManagerCPU: 33.3615ms
 Test collisions: 205.4550ms
Step: 566.8639ms
====================================
Loop: 304
Kernel done
  ManagerOCL: 149.7226ms
  ManagerCPU: 35.1725ms
 Test collisions: 212.1763ms
Step: 578.8159ms
====================================
Loop: 305
Kernel done
  ManagerOCL: 178.4285ms
  ManagerCPU: 47.5071ms
 Test collisions: 256.3867ms
Step: 643.6185ms
====================================
Loop: 306
Kernel done
  ManagerOCL: 150.2061ms
  ManagerCPU: 33.3355ms
 Test collisions: 209.6165ms
Step: 568.1194ms
====================================
Loop: 307
Kernel done
  ManagerOCL: 144.1304ms
  ManagerCPU: 33.2366ms
 Test collisions: 202.9152ms
Step: 557.6121ms
====================================
Loop: 308
Kernel done
  ManagerOCL: 143.6008ms
  ManagerCPU: 46.7383ms
 Test collisions: 218.8432ms
Step: 576.8318ms
====================================
Loop: 309
Kernel done
  ManagerOCL: 144.5508ms
  ManagerCPU: 33.4484ms
 Test collisions: 203.8998ms
Step: 551.3605ms
====================================
Loop: 310
Kernel done
  ManagerOCL: 142.4716ms
  ManagerCPU: 33.3656ms
 Test collisions: 201.5571ms
Step: 564.9249ms
====================================
Loop: 311
Kernel done
  ManagerOCL: 144.4719ms
  ManagerCPU: 36.2593ms
 Test collisions: 207.1232ms
Step: 563.2733ms
====================================
Loop: 312
Kernel done
  ManagerOCL: 143.6976ms
  ManagerCPU: 38.2326ms
 Test collisions: 207.4695ms
Step: 564.3460ms
====================================
Loop: 313
Kernel done
  ManagerOCL: 147.8357ms
  ManagerCPU: 33.2913ms
 Test collisions: 207.3497ms
Step: 569.6857ms
====================================
Loop: 314
Kernel done
  ManagerOCL: 145.8549ms
  ManagerCPU: 33.0589ms
 Test collisions: 204.1222ms
Step: 559.8217ms
====================================
Loop: 315
Kernel done
  ManagerOCL: 140.1187ms
  ManagerCPU: 32.1495ms
 Test collisions: 197.6755ms
Step: 551.8329ms
====================================
Loop: 316
Kernel done
  ManagerOCL: 139.3902ms
  ManagerCPU: 31.6260ms
 Test collisions: 196.4852ms
Step: 561.3980ms
====================================
Loop: 317
Kernel done
  ManagerOCL: 141.2687ms
  ManagerCPU: 32.3176ms
 Test collisions: 199.1165ms
Step: 554.3413ms
====================================
Loop: 318
Kernel done
  ManagerOCL: 145.1395ms
  ManagerCPU: 34.0692ms
 Test collisions: 204.3117ms
Step: 559.4939ms
====================================
Loop: 319
Kernel done
  ManagerOCL: 138.6448ms
  ManagerCPU: 31.8506ms
 Test collisions: 195.9650ms
Step: 561.6198ms
====================================
Loop: 320
Kernel done
  ManagerOCL: 139.8713ms
  ManagerCPU: 34.4876ms
 Test collisions: 200.5014ms
Step: 556.1052ms
====================================
Loop: 321
Kernel done
  ManagerOCL: 146.2365ms
  ManagerCPU: 31.7701ms
 Test collisions: 202.7012ms
Step: 559.1591ms
====================================
Loop: 322
Kernel done
  ManagerOCL: 145.5562ms
  ManagerCPU: 31.4466ms
 Test collisions: 201.4757ms
Step: 562.7761ms
====================================
Loop: 323
Kernel done
  ManagerOCL: 143.5184ms
  ManagerCPU: 31.1651ms
 Test collisions: 199.3725ms
Step: 560.1998ms
====================================
Loop: 324
Kernel done
  ManagerOCL: 136.4569ms
  ManagerCPU: 31.4263ms
 Test collisions: 192.5385ms
Step: 552.1285ms
====================================
Loop: 325
Kernel done
  ManagerOCL: 136.1742ms
  ManagerCPU: 35.2968ms
 Test collisions: 196.3986ms
Step: 549.5970ms
====================================
Loop: 326
Kernel done
  ManagerOCL: 137.0871ms
  ManagerCPU: 30.9967ms
 Test collisions: 192.3846ms
Step: 543.1882ms
====================================
Loop: 327
Kernel done
  ManagerOCL: 140.0475ms
  ManagerCPU: 32.8208ms
 Test collisions: 196.8659ms
Step: 548.4891ms
====================================
Loop: 328
Kernel done
  ManagerOCL: 136.1598ms
  ManagerCPU: 31.7883ms
 Test collisions: 192.1017ms
Step: 562.0424ms
====================================
Loop: 329
Kernel done
  ManagerOCL: 135.5115ms
  ManagerCPU: 36.9197ms
 Test collisions: 197.0895ms
Step: 543.0836ms
====================================
Loop: 330
Kernel done
  ManagerOCL: 137.1051ms
  ManagerCPU: 36.9313ms
 Test collisions: 198.6288ms
Step: 548.9232ms
====================================
Loop: 331
Kernel done
  ManagerOCL: 140.5807ms
  ManagerCPU: 30.3253ms
 Test collisions: 194.8466ms
Step: 538.2067ms
====================================
Loop: 332
Kernel done
  ManagerOCL: 141.7256ms
  ManagerCPU: 30.9130ms
 Test collisions: 196.7506ms
Step: 546.3287ms
====================================
Loop: 333
Kernel done
  ManagerOCL: 136.3530ms
  ManagerCPU: 30.7972ms
 Test collisions: 190.9988ms
Step: 544.1051ms
====================================
Loop: 334
Kernel done
  ManagerOCL: 133.8376ms
  ManagerCPU: 30.8095ms
 Test collisions: 188.4419ms
Step: 550.5831ms
====================================
Loop: 335
Kernel done
  ManagerOCL: 133.2124ms
  ManagerCPU: 31.3710ms
 Test collisions: 188.4510ms
Step: 536.0156ms
====================================
Loop: 336
Kernel done
  ManagerOCL: 131.9581ms
  ManagerCPU: 36.8258ms
 Test collisions: 192.4294ms
Step: 535.2313ms
====================================
Loop: 337
Kernel done
  ManagerOCL: 132.7594ms
  ManagerCPU: 30.8408ms
 Test collisions: 187.1974ms
Step: 539.1222ms
====================================
Loop: 338
Kernel done
  ManagerOCL: 136.0190ms
  ManagerCPU: 30.4543ms
 Test collisions: 189.9060ms
Step: 534.5418ms
====================================
Loop: 339
Kernel done
  ManagerOCL: 131.2139ms
  ManagerCPU: 32.0140ms
 Test collisions: 186.6610ms
Step: 539.5507ms
====================================
Loop: 340
Kernel done
  ManagerOCL: 131.4268ms
  ManagerCPU: 29.8415ms
 Test collisions: 184.3978ms
Step: 535.5233ms
====================================
Loop: 341
Kernel done
  ManagerOCL: 132.6483ms
  ManagerCPU: 30.6379ms
 Test collisions: 188.7331ms
Step: 546.0123ms
====================================
Loop: 342
Kernel done
  ManagerOCL: 131.2268ms
  ManagerCPU: 32.1119ms
 Test collisions: 189.3351ms
Step: 530.9426ms
====================================
Loop: 343
Kernel done
  ManagerOCL: 129.8762ms
  ManagerCPU: 35.1798ms
 Test collisions: 188.3326ms
Step: 528.3503ms
====================================
Loop: 344
Kernel done
  ManagerOCL: 134.6582ms
  ManagerCPU: 29.9451ms
 Test collisions: 187.4575ms
Step: 533.3077ms
====================================
Loop: 345
Kernel done
  ManagerOCL: 139.7478ms
  ManagerCPU: 29.6384ms
 Test collisions: 192.8430ms
Step: 539.5163ms
====================================
Loop: 346
Kernel done
  ManagerOCL: 132.1289ms
  ManagerCPU: 29.3193ms
 Test collisions: 184.8990ms
Step: 533.9714ms
====================================
Loop: 347
Kernel done
  ManagerOCL: 131.9135ms
  ManagerCPU: 29.7293ms
 Test collisions: 184.2617ms
Step: 534.0743ms
====================================
Loop: 348
Kernel done
  ManagerOCL: 126.8329ms
  ManagerCPU: 29.5937ms
 Test collisions: 179.3881ms
Step: 528.8907ms
====================================
Loop: 349
Kernel done
  ManagerOCL: 126.1447ms
  ManagerCPU: 29.1821ms
 Test collisions: 178.4820ms
Step: 533.9845ms
====================================
Loop: 350
Kernel done
  ManagerOCL: 126.0076ms
  ManagerCPU: 29.4002ms
 Test collisions: 177.7622ms
Step: 525.2069ms
====================================
Loop: 351
Kernel done
  ManagerOCL: 125.5796ms
  ManagerCPU: 33.3156ms
 Test collisions: 181.4689ms
Step: 524.0994ms
====================================
Loop: 352
Kernel done
  ManagerOCL: 125.3075ms
  ManagerCPU: 28.6263ms
 Test collisions: 176.6372ms
Step: 523.5699ms
====================================
Loop: 353
Kernel done
  ManagerOCL: 127.9146ms
  ManagerCPU: 29.7174ms
 Test collisions: 180.1893ms
Step: 522.0386ms
====================================
Loop: 354
Kernel done
  ManagerOCL: 126.2858ms
  ManagerCPU: 28.8835ms
 Test collisions: 178.0806ms
Step: 515.7348ms
====================================
Loop: 355
Kernel done
  ManagerOCL: 127.8694ms
  ManagerCPU: 28.3335ms
 Test collisions: 178.6341ms
Step: 511.0089ms
====================================
Loop: 356
Kernel done
  ManagerOCL: 122.5507ms
  ManagerCPU: 28.3027ms
 Test collisions: 172.8111ms
Step: 509.1081ms
====================================
Loop: 357
Kernel done
  ManagerOCL: 125.5443ms
  ManagerCPU: 28.7419ms
 Test collisions: 176.2505ms
Step: 511.0826ms
====================================
Loop: 358
Kernel done
  ManagerOCL: 122.7051ms
  ManagerCPU: 29.5217ms
 Test collisions: 174.2596ms
Step: 517.7139ms
====================================
Loop: 359
Kernel done
  ManagerOCL: 122.6457ms
  ManagerCPU: 29.1303ms
 Test collisions: 173.5239ms
Step: 510.2550ms
====================================
Loop: 360
Kernel done
  ManagerOCL: 120.9393ms
  ManagerCPU: 29.1677ms
 Test collisions: 171.5969ms
Step: 519.3746ms
====================================
Loop: 361
Kernel done
  ManagerOCL: 120.4785ms
  ManagerCPU: 27.5647ms
 Test collisions: 169.9915ms
Step: 506.5817ms
====================================
Loop: 362
Kernel done
  ManagerOCL: 121.5195ms
  ManagerCPU: 27.4918ms
 Test collisions: 170.4910ms
Step: 513.6039ms
====================================
Loop: 363
Kernel done
  ManagerOCL: 119.0475ms
  ManagerCPU: 27.6769ms
 Test collisions: 168.4291ms
Step: 495.2054ms
====================================
Loop: 364
Kernel done
  ManagerOCL: 119.8356ms
  ManagerCPU: 27.6330ms
 Test collisions: 168.7049ms
Step: 509.0972ms
====================================
Loop: 365
Kernel done
  ManagerOCL: 118.4395ms
  ManagerCPU: 28.4658ms
 Test collisions: 168.7722ms
Step: 495.7475ms
====================================
Loop: 366
Kernel done
  ManagerOCL: 119.5630ms
  ManagerCPU: 27.3499ms
 Test collisions: 167.9074ms
Step: 526.2288ms
====================================
Loop: 367
Kernel done
  ManagerOCL: 135.5345ms
  ManagerCPU: 33.2491ms
 Test collisions: 191.8676ms
Step: 516.0558ms
====================================
Loop: 368
Kernel done
  ManagerOCL: 118.3741ms
  ManagerCPU: 30.8100ms
 Test collisions: 172.5908ms
Step: 511.8052ms
====================================
Loop: 369
Kernel done
  ManagerOCL: 116.1218ms
  ManagerCPU: 32.2798ms
 Test collisions: 170.9538ms
Step: 501.0718ms
====================================
Loop: 370
Kernel done
  ManagerOCL: 116.3075ms
  ManagerCPU: 32.4587ms
 Test collisions: 171.2552ms
Step: 502.9824ms
====================================
Loop: 371
Kernel done
  ManagerOCL: 114.7026ms
  ManagerCPU: 31.8883ms
 Test collisions: 168.6946ms
Step: 493.5134ms
====================================
Loop: 372
Kernel done
  ManagerOCL: 115.3840ms
  ManagerCPU: 30.2168ms
 Test collisions: 168.6826ms
Step: 504.4738ms
====================================
Loop: 373
Kernel done
  ManagerOCL: 113.6934ms
  ManagerCPU: 30.4969ms
 Test collisions: 166.6901ms
Step: 492.3403ms
====================================
Loop: 374
Kernel done
  ManagerOCL: 113.6470ms
  ManagerCPU: 29.2636ms
 Test collisions: 165.3584ms
Step: 501.3539ms
====================================
Loop: 375
Kernel done
  ManagerOCL: 112.8445ms
  ManagerCPU: 29.3859ms
 Test collisions: 164.0765ms
Step: 490.1479ms
====================================
Loop: 376
Kernel done
  ManagerOCL: 113.4576ms
  ManagerCPU: 26.3295ms
 Test collisions: 160.6282ms
Step: 497.8712ms
====================================
Loop: 377
Kernel done
  ManagerOCL: 113.2048ms
  ManagerCPU: 25.9543ms
 Test collisions: 162.8288ms
Step: 495.6425ms
====================================
Loop: 378
Kernel done
  ManagerOCL: 111.9893ms
  ManagerCPU: 25.5097ms
 Test collisions: 160.3295ms
Step: 501.4893ms
====================================
Loop: 379
Kernel done
  ManagerOCL: 111.4349ms
  ManagerCPU: 25.4205ms
 Test collisions: 157.6934ms
Step: 502.5771ms
====================================
Loop: 380
Kernel done
  ManagerOCL: 111.1695ms
  ManagerCPU: 25.6599ms
 Test collisions: 157.2887ms
Step: 501.7889ms
====================================
Loop: 381
Kernel done
  ManagerOCL: 112.8760ms
  ManagerCPU: 28.6299ms
 Test collisions: 162.6152ms
Step: 573.5361ms
====================================
Loop: 382
Kernel done
  ManagerOCL: 119.3953ms
  ManagerCPU: 30.0445ms
 Test collisions: 169.2574ms
Step: 533.1649ms
====================================
Loop: 383
Kernel done
  ManagerOCL: 115.6413ms
  ManagerCPU: 25.6936ms
 Test collisions: 160.0428ms
Step: 484.8884ms
====================================
Loop: 384
Kernel done
  ManagerOCL: 111.2004ms
  ManagerCPU: 25.5499ms
 Test collisions: 156.0794ms
Step: 478.9032ms
====================================
Loop: 385
Kernel done
  ManagerOCL: 108.5947ms
  ManagerCPU: 28.5562ms
 Test collisions: 155.6351ms
Step: 474.9549ms
====================================
Loop: 386
Kernel done
  ManagerOCL: 109.3140ms
  ManagerCPU: 31.3747ms
 Test collisions: 160.3260ms
Step: 487.9826ms
====================================
Loop: 387
Kernel done
  ManagerOCL: 116.6144ms
  ManagerCPU: 30.1238ms
 Test collisions: 165.9030ms
Step: 485.9958ms
====================================
Loop: 388
Kernel done
  ManagerOCL: 106.8091ms
  ManagerCPU: 24.5369ms
 Test collisions: 150.6561ms
Step: 478.9283ms
====================================
Loop: 389
Kernel done
  ManagerOCL: 104.2636ms
  ManagerCPU: 24.1455ms
 Test collisions: 146.3761ms
Step: 466.3546ms
====================================
Loop: 390
Kernel done
  ManagerOCL: 103.4059ms
  ManagerCPU: 24.5481ms
 Test collisions: 146.1741ms
Step: 463.1489ms
====================================
Loop: 391
Kernel done
  ManagerOCL: 103.4745ms
  ManagerCPU: 23.7846ms
 Test collisions: 145.9131ms
Step: 450.6970ms
====================================
Loop: 392
Kernel done
  ManagerOCL: 109.5250ms
  ManagerCPU: 24.5134ms
 Test collisions: 151.7662ms
Step: 465.3268ms
====================================
Loop: 393
Kernel done
  ManagerOCL: 105.4244ms
  ManagerCPU: 27.4017ms
 Test collisions: 150.8727ms
Step: 460.6160ms
====================================
Loop: 394
Kernel done
  ManagerOCL: 101.4600ms
  ManagerCPU: 25.6223ms
 Test collisions: 144.7626ms
Step: 465.6793ms
====================================
Loop: 395
Kernel done
  ManagerOCL: 100.8212ms
  ManagerCPU: 23.6903ms
 Test collisions: 142.8765ms
Step: 461.0758ms
====================================
Loop: 396
Kernel done
  ManagerOCL: 100.1015ms
  ManagerCPU: 24.0013ms
 Test collisions: 141.4026ms
Step: 454.6897ms
====================================
Loop: 397
Kernel done
  ManagerOCL: 104.0453ms
  ManagerCPU: 23.6666ms
 Test collisions: 144.9643ms
Step: 445.2869ms
====================================
Loop: 398
Kernel done
  ManagerOCL: 107.1172ms
  ManagerCPU: 23.0990ms
 Test collisions: 147.3561ms
Step: 457.8162ms
====================================
Loop: 399
Kernel done
  ManagerOCL: 103.7582ms
  ManagerCPU: 25.7945ms
 Test collisions: 146.9423ms
Step: 452.5262ms
====================================
Loop: 400
Kernel done
  ManagerOCL: 98.7309ms
  ManagerCPU: 23.5456ms
 Test collisions: 140.2580ms
Step: 448.9838ms
====================================
Loop: 401
Kernel done
  ManagerOCL: 98.6205ms
  ManagerCPU: 23.2993ms
 Test collisions: 139.0867ms
Step: 453.2590ms
====================================
Loop: 402
Kernel done
  ManagerOCL: 98.1487ms
  ManagerCPU: 22.6412ms
 Test collisions: 138.2145ms
Step: 444.0818ms
====================================
Loop: 403
Kernel done
  ManagerOCL: 97.9399ms
  ManagerCPU: 24.0448ms
 Test collisions: 139.1524ms
Step: 446.9477ms
====================================
Loop: 404
Kernel done
  ManagerOCL: 100.3989ms
  ManagerCPU: 22.8258ms
 Test collisions: 142.3550ms
Step: 452.8852ms
====================================
Loop: 405
Kernel done
  ManagerOCL: 105.8447ms
  ManagerCPU: 22.5172ms
 Test collisions: 145.3054ms
Step: 454.1378ms
====================================
Loop: 406
Kernel done
  ManagerOCL: 96.7631ms
  ManagerCPU: 22.2901ms
 Test collisions: 135.7859ms
Step: 454.1426ms
====================================
Loop: 407
Kernel done
  ManagerOCL: 97.1325ms
  ManagerCPU: 22.4221ms
 Test collisions: 136.2281ms
Step: 442.2517ms
====================================
Loop: 408
Kernel done
  ManagerOCL: 105.3804ms
  ManagerCPU: 23.0323ms
 Test collisions: 144.9909ms
Step: 449.4265ms
====================================
Loop: 409
Kernel done
  ManagerOCL: 96.1081ms
  ManagerCPU: 28.4617ms
 Test collisions: 141.1136ms
Step: 445.0973ms
====================================
Loop: 410
Kernel done
  ManagerOCL: 96.0923ms
  ManagerCPU: 22.1311ms
 Test collisions: 134.5869ms
Step: 449.2806ms
====================================
Loop: 411
Kernel done
  ManagerOCL: 93.9927ms
  ManagerCPU: 23.5787ms
 Test collisions: 133.8075ms
Step: 432.9128ms
====================================
Loop: 412
Kernel done
  ManagerOCL: 93.5342ms
  ManagerCPU: 22.1523ms
 Test collisions: 131.9576ms
Step: 432.2779ms
====================================
Loop: 413
Kernel done
  ManagerOCL: 98.2082ms
  ManagerCPU: 23.5014ms
 Test collisions: 138.0919ms
Step: 440.0514ms
====================================
Loop: 414
Kernel done
  ManagerOCL: 93.4527ms
  ManagerCPU: 21.5206ms
 Test collisions: 131.1287ms
Step: 434.0684ms
====================================
Loop: 415
Kernel done
  ManagerOCL: 95.0917ms
  ManagerCPU: 21.7452ms
 Test collisions: 132.9427ms
Step: 432.5145ms
====================================
Loop: 416
Kernel done
  ManagerOCL: 95.1934ms
  ManagerCPU: 21.7835ms
 Test collisions: 133.4925ms
Step: 434.7576ms
====================================
Loop: 417
Kernel done
  ManagerOCL: 94.5012ms
  ManagerCPU: 21.1961ms
 Test collisions: 131.5546ms
Step: 430.3117ms
====================================
Loop: 418
Kernel done
  ManagerOCL: 91.0255ms
  ManagerCPU: 22.0161ms
 Test collisions: 129.7323ms
Step: 429.8271ms
====================================
Loop: 419
Kernel done
  ManagerOCL: 90.2318ms
  ManagerCPU: 22.1838ms
 Test collisions: 128.5307ms
Step: 419.2762ms
====================================
Loop: 420
Kernel done
  ManagerOCL: 91.0112ms
  ManagerCPU: 21.0229ms
 Test collisions: 127.5667ms
Step: 421.9069ms
====================================
Loop: 421
Kernel done
  ManagerOCL: 89.1546ms
  ManagerCPU: 20.8207ms
 Test collisions: 126.1880ms
Step: 423.9525ms
====================================
Loop: 422
Kernel done
  ManagerOCL: 88.2800ms
  ManagerCPU: 20.6726ms
 Test collisions: 124.1919ms
Step: 427.4057ms
====================================
Loop: 423
Kernel done
  ManagerOCL: 92.5657ms
  ManagerCPU: 20.2814ms
 Test collisions: 128.8164ms
Step: 421.0257ms
====================================
Loop: 424
Kernel done
  ManagerOCL: 88.2639ms
  ManagerCPU: 26.2729ms
 Test collisions: 129.8554ms
Step: 417.8451ms
====================================
Loop: 425
Kernel done
  ManagerOCL: 85.8360ms
  ManagerCPU: 20.1984ms
 Test collisions: 121.1826ms
Step: 405.7050ms
====================================
Loop: 426
Kernel done
  ManagerOCL: 85.4348ms
  ManagerCPU: 20.2181ms
 Test collisions: 120.5074ms
Step: 405.4792ms
====================================
Loop: 427
Kernel done
  ManagerOCL: 86.6284ms
  ManagerCPU: 19.8243ms
 Test collisions: 121.4641ms
Step: 406.2916ms
====================================
Loop: 428
Kernel done
  ManagerOCL: 84.4352ms
  ManagerCPU: 19.9553ms
 Test collisions: 119.3026ms
Step: 405.7159ms
====================================
Loop: 429
Kernel done
  ManagerOCL: 91.4077ms
  ManagerCPU: 19.6838ms
 Test collisions: 127.1093ms
Step: 401.8705ms
====================================
Loop: 430
Kernel done
  ManagerOCL: 83.0292ms
  ManagerCPU: 19.2511ms
 Test collisions: 116.9115ms
Step: 401.3503ms
====================================
Loop: 431
Kernel done
  ManagerOCL: 82.8454ms
  ManagerCPU: 19.3807ms
 Test collisions: 116.9645ms
Step: 400.0508ms
====================================
Loop: 432
Kernel done
  ManagerOCL: 84.3627ms
  ManagerCPU: 19.2229ms
 Test collisions: 118.0126ms
Step: 398.3827ms
====================================
Loop: 433
Kernel done
  ManagerOCL: 81.5247ms
  ManagerCPU: 18.9252ms
 Test collisions: 114.7316ms
Step: 391.0011ms
====================================
Loop: 434
Kernel done
  ManagerOCL: 84.8347ms
  ManagerCPU: 19.2655ms
 Test collisions: 118.3058ms
Step: 391.9370ms
====================================
Loop: 435
Kernel done
  ManagerOCL: 80.8500ms
  ManagerCPU: 19.8687ms
 Test collisions: 114.6055ms
Step: 389.9761ms
====================================
Loop: 436
Kernel done
  ManagerOCL: 78.9683ms
  ManagerCPU: 18.4340ms
 Test collisions: 111.3542ms
Step: 399.3622ms
====================================
Loop: 437
Kernel done
  ManagerOCL: 77.5856ms
  ManagerCPU: 20.9358ms
 Test collisions: 113.4622ms
Step: 408.1362ms
====================================
Loop: 438
Kernel done
  ManagerOCL: 76.7705ms
  ManagerCPU: 18.1813ms
 Test collisions: 108.4735ms
Step: 389.2065ms
====================================
Loop: 439
Kernel done
  ManagerOCL: 76.2327ms
  ManagerCPU: 22.7786ms
 Test collisions: 115.2214ms
Step: 400.9468ms
====================================
Loop: 440
Kernel done
  ManagerOCL: 75.5032ms
  ManagerCPU: 18.4256ms
 Test collisions: 107.5532ms
Step: 400.1570ms
====================================
Loop: 441
Kernel done
  ManagerOCL: 74.7710ms
  ManagerCPU: 18.3027ms
 Test collisions: 107.2575ms
Step: 393.7473ms
====================================
Loop: 442
Kernel done
  ManagerOCL: 74.7349ms
  ManagerCPU: 19.7929ms
 Test collisions: 108.0126ms
Step: 392.0331ms
====================================
Loop: 443
Kernel done
  ManagerOCL: 78.4729ms
  ManagerCPU: 17.0512ms
 Test collisions: 108.7253ms
Step: 390.4722ms
====================================
Loop: 444
Kernel done
  ManagerOCL: 73.1758ms
  ManagerCPU: 17.0190ms
 Test collisions: 103.1358ms
Step: 396.0207ms
====================================
Loop: 445
Kernel done
  ManagerOCL: 72.0521ms
  ManagerCPU: 16.8236ms
 Test collisions: 101.8992ms
Step: 382.7654ms
====================================
Loop: 446
Kernel done
  ManagerOCL: 71.6390ms
  ManagerCPU: 16.6066ms
 Test collisions: 100.9310ms
Step: 384.3073ms
====================================
Loop: 447
Kernel done
  ManagerOCL: 70.8315ms
  ManagerCPU: 16.4728ms
 Test collisions: 99.9075ms
Step: 383.4206ms
====================================
Loop: 448
Kernel done
  ManagerOCL: 79.9380ms
  ManagerCPU: 18.3730ms
 Test collisions: 110.8223ms
Step: 382.0585ms
====================================
Loop: 449
Kernel done
  ManagerOCL: 69.7855ms
  ManagerCPU: 16.3969ms
 Test collisions: 98.9754ms
Step: 365.3987ms
====================================
Loop: 450
Kernel done
  ManagerOCL: 71.0542ms
  ManagerCPU: 16.4564ms
 Test collisions: 99.7757ms
Step: 359.0218ms
====================================
Loop: 451
Kernel done
  ManagerOCL: 68.0294ms
  ManagerCPU: 15.6790ms
 Test collisions: 95.8845ms
Step: 348.3605ms
====================================
Loop: 452
Kernel done
  ManagerOCL: 67.6224ms
  ManagerCPU: 15.6271ms
 Test collisions: 95.3549ms
Step: 364.6111ms
====================================
Loop: 453
Kernel done
  ManagerOCL: 66.4298ms
  ManagerCPU: 15.4936ms
 Test collisions: 93.9807ms
Step: 350.7499ms
====================================
Loop: 454
Kernel done
  ManagerOCL: 66.2166ms
  ManagerCPU: 15.3068ms
 Test collisions: 93.2980ms
Step: 345.1069ms
====================================
Loop: 455
Kernel done
  ManagerOCL: 66.9442ms
  ManagerCPU: 17.5668ms
 Test collisions: 96.1610ms
Step: 345.2066ms
====================================
Loop: 456
Kernel done
  ManagerOCL: 64.3901ms
  ManagerCPU: 14.9867ms
 Test collisions: 90.8666ms
Step: 339.7638ms
====================================
Loop: 457
Kernel done
  ManagerOCL: 63.6664ms
  ManagerCPU: 14.7940ms
 Test collisions: 90.0154ms
Step: 338.9152ms
====================================
Loop: 458
Kernel done
  ManagerOCL: 69.2910ms
  ManagerCPU: 15.2630ms
 Test collisions: 96.3125ms
Step: 344.6979ms
====================================
Loop: 459
Kernel done
  ManagerOCL: 62.9847ms
  ManagerCPU: 14.6093ms
 Test collisions: 88.8893ms
Step: 338.2485ms
====================================
Loop: 460
Kernel done
  ManagerOCL: 61.9356ms
  ManagerCPU: 14.7144ms
 Test collisions: 88.2232ms
Step: 338.5311ms
====================================
Loop: 461
Kernel done
  ManagerOCL: 67.7744ms
  ManagerCPU: 14.4103ms
 Test collisions: 94.0538ms
Step: 345.4688ms
====================================
Loop: 462
Kernel done
  ManagerOCL: 61.1072ms
  ManagerCPU: 14.1389ms
 Test collisions: 86.5415ms
Step: 328.6427ms
====================================
Loop: 463
Kernel done
  ManagerOCL: 60.2776ms
  ManagerCPU: 14.0325ms
 Test collisions: 85.7038ms
Step: 327.8896ms
====================================
Loop: 464
Kernel done
  ManagerOCL: 66.6677ms
  ManagerCPU: 13.9666ms
 Test collisions: 91.4100ms
Step: 334.9252ms
====================================
Loop: 465
Kernel done
  ManagerOCL: 59.4077ms
  ManagerCPU: 13.7199ms
 Test collisions: 83.9146ms
Step: 323.9799ms
====================================
Loop: 466
Kernel done
  ManagerOCL: 58.8593ms
  ManagerCPU: 13.5454ms
 Test collisions: 83.0611ms
Step: 317.3649ms
====================================
Loop: 467
Kernel done
  ManagerOCL: 64.3589ms
  ManagerCPU: 14.9480ms
 Test collisions: 89.6992ms
Step: 324.5502ms
====================================
Loop: 468
Kernel done
  ManagerOCL: 57.7454ms
  ManagerCPU: 13.3229ms
 Test collisions: 81.5104ms
Step: 321.1056ms
====================================
Loop: 469
Kernel done
  ManagerOCL: 57.8802ms
  ManagerCPU: 13.2944ms
 Test collisions: 81.6465ms
Step: 321.5195ms
====================================
Loop: 470
Kernel done
  ManagerOCL: 56.9790ms
  ManagerCPU: 12.6982ms
 Test collisions: 80.9239ms
Step: 321.6085ms
====================================
Loop: 471
Kernel done
  ManagerOCL: 56.8213ms
  ManagerCPU: 12.8962ms
 Test collisions: 79.9383ms
Step: 317.4721ms
====================================
Loop: 472
Kernel done
  ManagerOCL: 56.4167ms
  ManagerCPU: 12.8275ms
 Test collisions: 79.3545ms
Step: 307.4326ms
====================================
Loop: 473
Kernel done
  ManagerOCL: 55.6814ms
  ManagerCPU: 12.6440ms
 Test collisions: 78.2072ms
Step: 313.0242ms
====================================
Loop: 474
Kernel done
  ManagerOCL: 56.6524ms
  ManagerCPU: 12.7047ms
 Test collisions: 79.3674ms
Step: 310.2152ms
====================================
Loop: 475
Kernel done
  ManagerOCL: 61.3159ms
  ManagerCPU: 11.9263ms
 Test collisions: 82.9050ms
Step: 306.9749ms
====================================
Loop: 476
Kernel done
  ManagerOCL: 54.6101ms
  ManagerCPU: 12.5400ms
 Test collisions: 77.4017ms
Step: 309.3853ms
====================================
Loop: 477
Kernel done
  ManagerOCL: 54.2126ms
  ManagerCPU: 15.0603ms
 Test collisions: 79.2040ms
Step: 313.4411ms
====================================
Loop: 478
Kernel done
  ManagerOCL: 57.3715ms
  ManagerCPU: 12.8997ms
 Test collisions: 80.8166ms
Step: 310.3936ms
====================================
Loop: 479
Kernel done
  ManagerOCL: 53.3380ms
  ManagerCPU: 12.3153ms
 Test collisions: 75.5568ms
Step: 310.7453ms
====================================
Loop: 480
Kernel done
  ManagerOCL: 54.6970ms
  ManagerCPU: 12.2371ms
 Test collisions: 76.6248ms
Step: 299.0706ms
====================================
Loop: 481
Kernel done
  ManagerOCL: 53.2427ms
  ManagerCPU: 11.9722ms
 Test collisions: 75.2218ms
Step: 303.7470ms
====================================
Loop: 482
Kernel done
  ManagerOCL: 52.4533ms
  ManagerCPU: 11.9915ms
 Test collisions: 74.0324ms
Step: 293.2985ms
====================================
Loop: 483
Kernel done
  ManagerOCL: 51.5171ms
  ManagerCPU: 14.1098ms
 Test collisions: 77.1521ms
Step: 307.5303ms
====================================
Loop: 484
Kernel done
  ManagerOCL: 51.3023ms
  ManagerCPU: 11.6571ms
 Test collisions: 73.0195ms
Step: 303.1746ms
====================================
Loop: 485
Kernel done
  ManagerOCL: 51.5443ms
  ManagerCPU: 11.6298ms
 Test collisions: 72.5788ms
Step: 297.2159ms
====================================
Loop: 486
Kernel done
  ManagerOCL: 50.8480ms
  ManagerCPU: 11.7280ms
 Test collisions: 72.1259ms
Step: 297.5347ms
====================================
Loop: 487
Kernel done
  ManagerOCL: 52.3665ms
  ManagerCPU: 11.4780ms
 Test collisions: 73.1587ms
Step: 294.2792ms
====================================
Loop: 488
Kernel done
  ManagerOCL: 49.7876ms
  ManagerCPU: 11.6554ms
 Test collisions: 73.4437ms
Step: 288.2109ms
====================================
Loop: 489
Kernel done
  ManagerOCL: 49.9630ms
  ManagerCPU: 11.2718ms
 Test collisions: 70.4982ms
Step: 289.5963ms
====================================
Loop: 490
Kernel done
  ManagerOCL: 52.9434ms
  ManagerCPU: 11.2572ms
 Test collisions: 73.4444ms
Step: 286.2402ms
====================================
Loop: 491
Kernel done
  ManagerOCL: 48.4954ms
  ManagerCPU: 11.0412ms
 Test collisions: 68.7158ms
Step: 290.7782ms
====================================
Loop: 492
Kernel done
  ManagerOCL: 48.6401ms
  ManagerCPU: 10.9432ms
 Test collisions: 68.5901ms
Step: 284.3959ms
====================================
Loop: 493
Kernel done
  ManagerOCL: 48.0509ms
  ManagerCPU: 11.1198ms
 Test collisions: 68.3214ms
Step: 284.1266ms
====================================
Loop: 494
Kernel done
  ManagerOCL: 52.4681ms
  ManagerCPU: 10.8677ms
 Test collisions: 72.4535ms
Step: 280.8510ms
====================================
Loop: 495
Kernel done
  ManagerOCL: 47.5024ms
  ManagerCPU: 10.8392ms
 Test collisions: 70.0662ms
Step: 278.3673ms
====================================
Loop: 496
Kernel done
  ManagerOCL: 47.2246ms
  ManagerCPU: 11.0658ms
 Test collisions: 67.2604ms
Step: 279.2534ms
====================================
Loop: 497
Kernel done
  ManagerOCL: 54.1638ms
  ManagerCPU: 10.6699ms
 Test collisions: 73.8156ms
Step: 288.1941ms
====================================
Loop: 498
Kernel done
  ManagerOCL: 46.3356ms
  ManagerCPU: 10.5010ms
 Test collisions: 65.6099ms
Step: 284.3212ms
====================================
Loop: 499
Kernel done
  ManagerOCL: 47.4914ms
  ManagerCPU: 10.5254ms
 Test collisions: 66.7504ms
Step: 274.7418ms
====================================
Loop: 500
Kernel done
  ManagerOCL: 47.7603ms
  ManagerCPU: 10.5756ms
 Test collisions: 67.3786ms
Step: 296.9830ms
====================================
