Loop: 0
 Test collisions: 130.2409ms
Step: 368.9577ms
====================================
Loop: 1
 Test collisions: 129.3268ms
Step: 184.8758ms
====================================
Loop: 2
 Test collisions: 132.6874ms
Step: 188.4212ms
====================================
Loop: 3
 Test collisions: 130.7864ms
Step: 187.5773ms
====================================
Loop: 4
 Test collisions: 131.0695ms
Step: 188.7953ms
====================================
Loop: 5
 Test collisions: 129.1027ms
Step: 184.2831ms
====================================
Loop: 6
 Test collisions: 129.3468ms
Step: 184.4059ms
====================================
Loop: 7
 Test collisions: 132.3108ms
Step: 187.5207ms
====================================
Loop: 8
 Test collisions: 129.8058ms
Step: 185.3425ms
====================================
Loop: 9
 Test collisions: 130.8275ms
Step: 187.0420ms
====================================
Loop: 10
 Test collisions: 130.8857ms
Step: 186.3401ms
====================================
Loop: 11
 Test collisions: 129.7121ms
Step: 185.1851ms
====================================
Loop: 12
 Test collisions: 130.5352ms
Step: 186.1305ms
====================================
Loop: 13
 Test collisions: 130.6521ms
Step: 187.1571ms
====================================
Loop: 14
 Test collisions: 133.0485ms
Step: 189.9574ms
====================================
Loop: 15
 Test collisions: 132.8645ms
Step: 189.3806ms
====================================
Loop: 16
 Test collisions: 129.8611ms
Step: 185.0986ms
====================================
Loop: 17
 Test collisions: 129.5557ms
Step: 185.7732ms
====================================
Loop: 18
 Test collisions: 132.9829ms
Step: 348.6342ms
====================================
Loop: 19
 Test collisions: 132.9161ms
Step: 188.2756ms
====================================
Loop: 20
 Test collisions: 132.4436ms
Step: 188.0174ms
====================================
Loop: 21
 Test collisions: 130.7351ms
Step: 186.0228ms
====================================
Loop: 22
 Test collisions: 131.8999ms
Step: 190.5273ms
====================================
Loop: 23
 Test collisions: 131.8311ms
Step: 188.2147ms
====================================
Loop: 24
 Test collisions: 131.8612ms
Step: 188.3120ms
====================================
Loop: 25
 Test collisions: 132.5714ms
Step: 189.3427ms
====================================
Loop: 26
 Test collisions: 130.0198ms
Step: 343.8481ms
====================================
Loop: 27
 Test collisions: 130.5686ms
Step: 186.4274ms
====================================
Loop: 28
 Test collisions: 134.6189ms
Step: 193.0358ms
====================================
Loop: 29
 Test collisions: 130.5510ms
Step: 187.8414ms
====================================
Loop: 30
 Test collisions: 129.4114ms
Step: 184.9468ms
====================================
Loop: 31
 Test collisions: 129.9594ms
Step: 185.1858ms
====================================
Loop: 32
 Test collisions: 132.9753ms
Step: 188.1724ms
====================================
Loop: 33
 Test collisions: 132.0965ms
Step: 348.9429ms
====================================
Loop: 34
 Test collisions: 130.9989ms
Step: 186.7704ms
====================================
Loop: 35
 Test collisions: 130.4022ms
Step: 185.6189ms
====================================
Loop: 36
 Test collisions: 130.5372ms
Step: 187.9183ms
====================================
Loop: 37
 Test collisions: 130.8927ms
Step: 186.6485ms
====================================
Loop: 38
 Test collisions: 131.6277ms
Step: 350.3103ms
====================================
Loop: 39
 Test collisions: 130.1275ms
Step: 185.7604ms
====================================
Loop: 40
 Test collisions: 131.6083ms
Step: 186.8690ms
====================================
Loop: 41
 Test collisions: 131.0626ms
Step: 186.6652ms
====================================
Loop: 42
 Test collisions: 132.3512ms
Step: 187.8105ms
====================================
Loop: 43
 Test collisions: 132.8246ms
Step: 345.7929ms
====================================
Loop: 44
 Test collisions: 130.1058ms
Step: 186.6194ms
====================================
Loop: 45
 Test collisions: 130.5987ms
Step: 187.6382ms
====================================
Loop: 46
 Test collisions: 133.4294ms
Step: 188.9113ms
====================================
Loop: 47
 Test collisions: 134.0268ms
Step: 360.7279ms
====================================
Loop: 48
 Test collisions: 132.5630ms
Step: 210.8115ms
====================================
Loop: 49
 Test collisions: 132.1618ms
Step: 221.1742ms
====================================
Loop: 50
 Test collisions: 134.9417ms
Step: 235.8960ms
====================================
Loop: 51
 Test collisions: 135.4447ms
Step: 400.4364ms
====================================
Loop: 52
 Test collisions: 135.7854ms
Step: 259.4268ms
====================================
Loop: 53
 Test collisions: 135.9731ms
Step: 273.3854ms
====================================
Loop: 54
 Test collisions: 140.6061ms
Step: 287.6015ms
====================================
Loop: 55
 Test collisions: 139.7963ms
Step: 439.1436ms
====================================
Loop: 56
 Test collisions: 139.3918ms
Step: 310.1651ms
====================================
Loop: 57
 Test collisions: 141.2049ms
Step: 322.5089ms
====================================
Loop: 58
 Test collisions: 140.3187ms
Step: 331.7682ms
====================================
Loop: 59
 Test collisions: 140.3363ms
Step: 479.2191ms
====================================
Loop: 60
 Test collisions: 145.7458ms
Step: 360.3240ms
====================================
Loop: 61
 Test collisions: 143.0263ms
Step: 369.4625ms
====================================
Loop: 62
 Test collisions: 144.9633ms
Step: 511.5675ms
====================================
Loop: 63
 Test collisions: 146.1221ms
Step: 394.2209ms
====================================
Loop: 64
 Test collisions: 148.4286ms
Step: 414.4417ms
====================================
Loop: 65
 Test collisions: 147.6900ms
Step: 541.3058ms
====================================
Loop: 66
 Test collisions: 149.2914ms
Step: 434.1194ms
====================================
Loop: 67
 Test collisions: 150.5299ms
Step: 444.2179ms
====================================
Loop: 68
 Test collisions: 150.8826ms
Step: 580.2228ms
====================================
Loop: 69
 Test collisions: 154.4075ms
Step: 473.1508ms
====================================
Loop: 70
 Test collisions: 153.3935ms
Step: 483.4582ms
====================================
Loop: 71
 Test collisions: 155.5676ms
Step: 604.6404ms
====================================
Loop: 72
 Test collisions: 159.1942ms
Step: 512.5987ms
====================================
Loop: 73
 Test collisions: 157.2437ms
Step: 519.2875ms
====================================
Loop: 74
 Test collisions: 160.0734ms
Step: 639.1604ms
====================================
Loop: 75
 Test collisions: 159.4420ms
Step: 546.1078ms
====================================
Loop: 76
 Test collisions: 162.4466ms
Step: 570.8222ms
====================================
Loop: 77
 Test collisions: 161.6275ms
Step: 674.0035ms
====================================
Loop: 78
 Test collisions: 165.4341ms
Step: 590.6585ms
====================================
Loop: 79
 Test collisions: 167.7896ms
Step: 610.5034ms
====================================
Loop: 80
 Test collisions: 166.3381ms
Step: 714.8436ms
====================================
Loop: 81
 Test collisions: 175.0045ms
Step: 662.3675ms
====================================
Loop: 82
 Test collisions: 174.9938ms
Step: 648.3553ms
====================================
Loop: 83
 Test collisions: 174.6828ms
Step: 789.9800ms
====================================
Loop: 84
 Test collisions: 178.3548ms
Step: 753.0239ms
====================================
Loop: 85
 Test collisions: 180.3202ms
Step: 770.1832ms
====================================
Loop: 86
 Test collisions: 180.9361ms
Step: 854.1178ms
====================================
Loop: 87
 Test collisions: 185.0266ms
Step: 788.1085ms
====================================
Loop: 88
 Test collisions: 187.4323ms
Step: 797.8419ms
====================================
Loop: 89
 Test collisions: 189.2245ms
Step: 914.7717ms
====================================
Loop: 90
 Test collisions: 196.2338ms
Step: 867.1753ms
====================================
Loop: 91
 Test collisions: 201.3013ms
Step: 888.7000ms
====================================
Loop: 92
 Test collisions: 199.9586ms
Step: 1052.5541ms
====================================
Loop: 93
 Test collisions: 249.9005ms
Step: 996.6058ms
====================================
Loop: 94
 Test collisions: 203.1897ms
Step: 1006.9814ms
====================================
Loop: 95
 Test collisions: 275.0401ms
Step: 1110.1198ms
====================================
Loop: 96
 Test collisions: 273.6078ms
Step: 1159.7400ms
====================================
Loop: 97
 Test collisions: 239.1632ms
Step: 1175.1976ms
====================================
Loop: 98
 Test collisions: 329.3081ms
Step: 1245.8423ms
====================================
Loop: 99
 Test collisions: 344.2628ms
Step: 1232.2566ms
====================================
Loop: 100
 Test collisions: 223.5637ms
Step: 1209.9290ms
====================================
Loop: 101
 Test collisions: 237.5392ms
Step: 1110.4907ms
====================================
Loop: 102
 Test collisions: 271.0500ms
Step: 1263.0182ms
====================================
Loop: 103
 Test collisions: 233.7802ms
Step: 1174.2993ms
====================================
Loop: 104
 Test collisions: 237.3403ms
Step: 1250.1678ms
====================================
Loop: 105
 Test collisions: 249.6194ms
Step: 1235.2550ms
====================================
Loop: 106
 Test collisions: 259.2119ms
Step: 1305.2456ms
====================================
Loop: 107
 Test collisions: 261.5635ms
Step: 1297.2428ms
====================================
Loop: 108
 Test collisions: 323.5222ms
Step: 1402.7369ms
====================================
Loop: 109
 Test collisions: 273.5953ms
Step: 1384.6902ms
====================================
Loop: 110
 Test collisions: 357.5065ms
Step: 1516.3591ms
====================================
Loop: 111
 Test collisions: 287.2762ms
Step: 1470.8599ms
====================================
Loop: 112
 Test collisions: 388.1763ms
Step: 1625.7927ms
====================================
Loop: 113
 Test collisions: 304.3681ms
Step: 1542.0735ms
====================================
Loop: 114
 Test collisions: 368.9865ms
Step: 1658.3633ms
====================================
Loop: 115
 Test collisions: 322.5637ms
Step: 1640.7958ms
====================================
Loop: 116
 Test collisions: 358.6667ms
Step: 1681.4662ms
====================================
Loop: 117
 Test collisions: 346.8893ms
Step: 1672.7439ms
====================================
Loop: 118
 Test collisions: 357.6081ms
Step: 1731.0569ms
====================================
Loop: 119
 Test collisions: 373.8674ms
Step: 1755.6301ms
====================================
Loop: 120
 Test collisions: 387.8209ms
Step: 1806.5591ms
====================================
Loop: 121
 Test collisions: 395.5871ms
Step: 1848.9380ms
====================================
Loop: 122
 Test collisions: 405.4911ms
Step: 1894.6538ms
====================================
Loop: 123
 Test collisions: 421.6814ms
Step: 2053.2815ms
====================================
Loop: 124
 Test collisions: 437.5447ms
Step: 2015.4338ms
====================================
Loop: 125
 Test collisions: 469.2701ms
Step: 2117.8335ms
====================================
Loop: 126
 Test collisions: 454.9942ms
Step: 2053.0930ms
====================================
Loop: 127
 Test collisions: 460.1338ms
Step: 2056.7544ms
====================================
Loop: 128
 Test collisions: 471.9563ms
Step: 2058.9775ms
====================================
Loop: 129
 Test collisions: 478.6184ms
Step: 2063.4075ms
====================================
Loop: 130
 Test collisions: 487.8327ms
Step: 2074.2500ms
====================================
Loop: 131
 Test collisions: 716.3772ms
Step: 2307.9722ms
====================================
Loop: 132
 Test collisions: 625.5593ms
Step: 2289.9138ms
====================================
Loop: 133
 Test collisions: 598.1439ms
Step: 2243.0312ms
====================================
Loop: 134
 Test collisions: 591.6292ms
Step: 2130.6321ms
====================================
Loop: 135
 Test collisions: 512.5501ms
Step: 2071.9272ms
====================================
Loop: 136
 Test collisions: 520.6603ms
Step: 1972.4077ms
====================================
Loop: 137
 Test collisions: 506.6182ms
Step: 2022.9637ms
====================================
Loop: 138
 Test collisions: 556.5509ms
Step: 2027.7268ms
====================================
Loop: 139
 Test collisions: 516.4081ms
Step: 1979.1719ms
====================================
Loop: 140
 Test collisions: 578.5649ms
Step: 1988.4683ms
====================================
Loop: 141
 Test collisions: 506.0566ms
Step: 1856.9470ms
====================================
Loop: 142
 Test collisions: 506.2017ms
Step: 1847.3967ms
====================================
Loop: 143
 Test collisions: 505.9443ms
Step: 1831.8936ms
====================================
Loop: 144
 Test collisions: 504.2365ms
Step: 1819.1821ms
====================================
Loop: 145
 Test collisions: 503.1305ms
Step: 1795.1892ms
====================================
Loop: 146
 Test collisions: 506.7090ms
Step: 1785.5378ms
====================================
Loop: 147
 Test collisions: 504.6387ms
Step: 1767.2505ms
====================================
Loop: 148
 Test collisions: 502.8924ms
Step: 1759.4985ms
====================================
Loop: 149
 Test collisions: 498.1084ms
Step: 1733.2948ms
====================================
Loop: 150
 Test collisions: 502.1825ms
Step: 1729.3998ms
====================================
Loop: 151
 Test collisions: 500.6187ms
Step: 1708.1716ms
====================================
Loop: 152
 Test collisions: 494.6523ms
Step: 1702.4636ms
====================================
Loop: 153
 Test collisions: 495.0913ms
Step: 1674.7178ms
====================================
Loop: 154
 Test collisions: 502.6782ms
Step: 1670.8759ms
====================================
Loop: 155
 Test collisions: 492.6998ms
Step: 1655.6646ms
====================================
Loop: 156
 Test collisions: 491.7738ms
Step: 1618.8000ms
====================================
Loop: 157
 Test collisions: 494.8748ms
Step: 1604.3550ms
====================================
Loop: 158
 Test collisions: 486.3398ms
Step: 1574.4883ms
====================================
Loop: 159
 Test collisions: 489.8890ms
Step: 1563.0198ms
====================================
Loop: 160
 Test collisions: 482.9995ms
Step: 1547.0278ms
====================================
Loop: 161
 Test collisions: 484.9271ms
Step: 1529.1597ms
====================================
Loop: 162
 Test collisions: 480.0147ms
Step: 1523.7847ms
====================================
Loop: 163
 Test collisions: 477.9460ms
Step: 1498.2273ms
====================================
Loop: 164
 Test collisions: 479.1564ms
Step: 1484.4214ms
====================================
Loop: 165
 Test collisions: 474.9043ms
Step: 1467.5116ms
====================================
Loop: 166
 Test collisions: 473.8608ms
Step: 1458.5837ms
====================================
Loop: 167
 Test collisions: 478.1888ms
Step: 1447.6786ms
====================================
Loop: 168
 Test collisions: 469.9441ms
Step: 1428.4170ms
====================================
Loop: 169
 Test collisions: 472.6976ms
Step: 1422.7852ms
====================================
Loop: 170
 Test collisions: 466.0210ms
Step: 1410.4730ms
====================================
Loop: 171
 Test collisions: 469.7211ms
Step: 1402.8893ms
====================================
Loop: 172
 Test collisions: 461.4688ms
Step: 1386.0410ms
====================================
Loop: 173
 Test collisions: 460.8378ms
Step: 1373.8572ms
====================================
Loop: 174
 Test collisions: 464.1207ms
Step: 1371.9419ms
====================================
Loop: 175
 Test collisions: 454.5549ms
Step: 1352.1235ms
====================================
Loop: 176
 Test collisions: 454.8683ms
Step: 1349.4124ms
====================================
Loop: 177
 Test collisions: 457.7849ms
Step: 1341.6890ms
====================================
Loop: 178
 Test collisions: 449.5087ms
Step: 1327.0221ms
====================================
Loop: 179
 Test collisions: 449.0976ms
Step: 1321.0745ms
====================================
Loop: 180
 Test collisions: 451.2438ms
Step: 1313.9572ms
====================================
Loop: 181
 Test collisions: 443.2339ms
Step: 1296.4540ms
====================================
Loop: 182
 Test collisions: 443.5824ms
Step: 1296.1620ms
====================================
Loop: 183
 Test collisions: 445.6154ms
Step: 1294.3683ms
====================================
Loop: 184
 Test collisions: 437.5911ms
Step: 1282.1184ms
====================================
Loop: 185
 Test collisions: 436.2642ms
Step: 1276.9847ms
====================================
Loop: 186
 Test collisions: 438.1976ms
Step: 1266.6650ms
====================================
Loop: 187
 Test collisions: 437.0135ms
Step: 1266.8572ms
====================================
Loop: 188
 Test collisions: 429.4941ms
Step: 1255.9336ms
====================================
Loop: 189
 Test collisions: 427.4665ms
Step: 1248.6831ms
====================================
Loop: 190
 Test collisions: 431.5678ms
Step: 1245.9169ms
====================================
Loop: 191
 Test collisions: 432.1745ms
Step: 1245.1309ms
====================================
Loop: 192
 Test collisions: 421.0042ms
Step: 1230.9679ms
====================================
Loop: 193
 Test collisions: 423.1939ms
Step: 1229.3474ms
====================================
Loop: 194
 Test collisions: 421.7644ms
Step: 1231.1857ms
====================================
Loop: 195
 Test collisions: 423.7382ms
Step: 1233.7307ms
====================================
Loop: 196
 Test collisions: 418.1855ms
Step: 1224.1769ms
====================================
Loop: 197
 Test collisions: 415.8298ms
Step: 1225.8855ms
====================================
Loop: 198
 Test collisions: 417.5950ms
Step: 1223.1104ms
====================================
Loop: 199
 Test collisions: 420.3619ms
Step: 1210.2788ms
====================================
Loop: 200
 Test collisions: 414.7817ms
Step: 1209.6549ms
====================================
Loop: 201
 Test collisions: 408.4500ms
Step: 1215.7437ms
====================================
Loop: 202
 Test collisions: 411.0143ms
Step: 1274.2854ms
====================================
Loop: 203
 Test collisions: 411.6750ms
Step: 1198.6063ms
====================================
Loop: 204
 Test collisions: 415.5139ms
Step: 1195.1611ms
====================================
Loop: 205
 Test collisions: 406.8211ms
Step: 1189.8323ms
====================================
Loop: 206
 Test collisions: 402.0857ms
Step: 1182.2473ms
====================================
Loop: 207
 Test collisions: 404.8780ms
Step: 1201.0939ms
====================================
Loop: 208
 Test collisions: 411.7852ms
Step: 1288.6986ms
====================================
Loop: 209
 Test collisions: 419.0969ms
Step: 1289.8486ms
====================================
Loop: 210
 Test collisions: 431.2717ms
Step: 1210.5170ms
====================================
Loop: 211
 Test collisions: 470.9472ms
Step: 1332.0325ms
====================================
Loop: 212
 Test collisions: 412.9550ms
Step: 1182.6378ms
====================================
Loop: 213
 Test collisions: 401.0788ms
Step: 1170.1492ms
====================================
Loop: 214
 Test collisions: 394.8226ms
Step: 1157.3219ms
====================================
Loop: 215
 Test collisions: 391.8470ms
Step: 1147.8357ms
====================================
Loop: 216
 Test collisions: 396.4048ms
Step: 1157.8173ms
====================================
Loop: 217
 Test collisions: 396.5378ms
Step: 1170.4099ms
====================================
Loop: 218
 Test collisions: 396.2094ms
Step: 1167.1927ms
====================================
Loop: 219
 Test collisions: 400.6094ms
Step: 1164.8440ms
====================================
Loop: 220
 Test collisions: 394.2246ms
Step: 1165.7316ms
====================================
Loop: 221
 Test collisions: 391.5297ms
Step: 1156.6539ms
====================================
Loop: 222
 Test collisions: 392.1056ms
Step: 1152.9847ms
====================================
Loop: 223
 Test collisions: 390.8063ms
Step: 1160.5502ms
====================================
Loop: 224
 Test collisions: 390.9317ms
Step: 1163.9961ms
====================================
Loop: 225
 Test collisions: 395.8593ms
Step: 1203.5647ms
====================================
Loop: 226
 Test collisions: 399.0344ms
Step: 1233.7065ms
====================================
Loop: 227
 Test collisions: 468.2547ms
Step: 1239.4866ms
====================================
Loop: 228
 Test collisions: 413.0206ms
Step: 1196.8519ms
====================================
Loop: 229
 Test collisions: 395.2728ms
Step: 1172.2837ms
====================================
Loop: 230
 Test collisions: 394.4948ms
Step: 1160.3066ms
====================================
Loop: 231
 Test collisions: 391.8365ms
Step: 1156.6130ms
====================================
Loop: 232
 Test collisions: 393.7847ms
Step: 1160.1002ms
====================================
Loop: 233
 Test collisions: 400.3892ms
Step: 1152.1991ms
====================================
Loop: 234
 Test collisions: 401.1155ms
Step: 1170.4542ms
====================================
Loop: 235
 Test collisions: 396.4114ms
Step: 1146.1622ms
====================================
Loop: 236
 Test collisions: 394.5805ms
Step: 1155.3099ms
====================================
Loop: 237
 Test collisions: 393.2003ms
Step: 1153.1515ms
====================================
Loop: 238
 Test collisions: 395.1145ms
Step: 1167.1489ms
====================================
Loop: 239
 Test collisions: 384.7334ms
Step: 1144.5615ms
====================================
Loop: 240
 Test collisions: 389.6088ms
Step: 1145.8289ms
====================================
Loop: 241
 Test collisions: 390.6832ms
Step: 1162.1755ms
====================================
Loop: 242
 Test collisions: 384.6085ms
Step: 1144.9077ms
====================================
Loop: 243
 Test collisions: 398.4044ms
Step: 1146.6895ms
====================================
Loop: 244
 Test collisions: 394.2357ms
Step: 1170.1353ms
====================================
Loop: 245
 Test collisions: 378.2240ms
Step: 1162.4363ms
====================================
Loop: 246
 Test collisions: 389.0800ms
Step: 1140.1754ms
====================================
Loop: 247
 Test collisions: 382.4906ms
Step: 1125.3582ms
====================================
Loop: 248
 Test collisions: 382.0183ms
Step: 1121.7583ms
====================================
Loop: 249
 Test collisions: 377.8386ms
Step: 1119.7344ms
====================================
Loop: 250
 Test collisions: 385.1945ms
Step: 1116.0485ms
====================================
Loop: 251
 Test collisions: 377.1947ms
Step: 1104.2208ms
====================================
Loop: 252
 Test collisions: 379.6633ms
Step: 1104.9165ms
====================================
Loop: 253
 Test collisions: 369.9546ms
Step: 1110.1305ms
====================================
Loop: 254
 Test collisions: 373.5196ms
Step: 1095.0620ms
====================================
Loop: 255
 Test collisions: 372.1118ms
Step: 1089.2137ms
====================================
Loop: 256
 Test collisions: 375.2053ms
Step: 1103.8330ms
====================================
Loop: 257
 Test collisions: 383.4575ms
Step: 1101.3667ms
====================================
Loop: 258
 Test collisions: 370.1397ms
Step: 1082.6648ms
====================================
Loop: 259
 Test collisions: 375.9414ms
Step: 1085.6187ms
====================================
Loop: 260
 Test collisions: 376.4352ms
Step: 1083.3903ms
====================================
Loop: 261
 Test collisions: 372.7360ms
Step: 1081.7999ms
====================================
Loop: 262
 Test collisions: 370.5715ms
Step: 1073.9152ms
====================================
Loop: 263
 Test collisions: 368.7594ms
Step: 1068.6593ms
====================================
Loop: 264
 Test collisions: 363.8446ms
Step: 1074.6462ms
====================================
Loop: 265
 Test collisions: 358.8581ms
Step: 1058.1086ms
====================================
Loop: 266
 Test collisions: 361.6747ms
Step: 1070.7714ms
====================================
Loop: 267
 Test collisions: 360.3179ms
Step: 1050.2206ms
====================================
Loop: 268
 Test collisions: 359.6509ms
Step: 1052.5991ms
====================================
Loop: 269
 Test collisions: 362.8539ms
Step: 1046.7607ms
====================================
Loop: 270
 Test collisions: 361.4734ms
Step: 1051.3043ms
====================================
Loop: 271
 Test collisions: 362.0675ms
Step: 1044.0232ms
====================================
Loop: 272
 Test collisions: 361.0424ms
Step: 1038.4135ms
====================================
Loop: 273
 Test collisions: 359.8185ms
Step: 1036.6940ms
====================================
Loop: 274
 Test collisions: 360.7159ms
Step: 1043.8210ms
====================================
Loop: 275
 Test collisions: 357.8561ms
Step: 1031.6624ms
====================================
Loop: 276
 Test collisions: 357.7158ms
Step: 1041.8730ms
====================================
Loop: 277
 Test collisions: 356.5426ms
Step: 1031.1475ms
====================================
Loop: 278
 Test collisions: 354.8243ms
Step: 1026.4822ms
====================================
Loop: 279
 Test collisions: 352.1639ms
Step: 1015.4661ms
====================================
Loop: 280
 Test collisions: 353.5350ms
Step: 1019.6460ms
====================================
Loop: 281
 Test collisions: 347.9254ms
Step: 1009.0203ms
====================================
Loop: 282
 Test collisions: 352.9343ms
Step: 1013.3416ms
====================================
Loop: 283
 Test collisions: 348.0897ms
Step: 1006.0527ms
====================================
Loop: 284
 Test collisions: 351.3824ms
Step: 1008.9395ms
====================================
Loop: 285
 Test collisions: 348.1860ms
Step: 1005.6242ms
====================================
Loop: 286
 Test collisions: 348.4447ms
Step: 1002.6810ms
====================================
Loop: 287
 Test collisions: 347.1144ms
Step: 1005.2061ms
====================================
Loop: 288
 Test collisions: 344.9774ms
Step: 997.9543ms
====================================
Loop: 289
 Test collisions: 343.0526ms
Step: 996.2994ms
====================================
Loop: 290
 Test collisions: 343.3051ms
Step: 995.4492ms
====================================
Loop: 291
 Test collisions: 343.2708ms
Step: 996.4381ms
====================================
Loop: 292
 Test collisions: 340.8958ms
Step: 985.9246ms
====================================
Loop: 293
 Test collisions: 339.8283ms
Step: 988.0311ms
====================================
Loop: 294
 Test collisions: 339.7068ms
Step: 984.9706ms
====================================
Loop: 295
 Test collisions: 335.6322ms
Step: 977.3792ms
====================================
Loop: 296
 Test collisions: 333.2022ms
Step: 977.0012ms
====================================
Loop: 297
 Test collisions: 334.0639ms
Step: 967.5947ms
====================================
Loop: 298
 Test collisions: 334.2872ms
Step: 976.8865ms
====================================
Loop: 299
 Test collisions: 335.3279ms
Step: 967.9613ms
====================================
Loop: 300
 Test collisions: 333.7354ms
Step: 966.3939ms
====================================
Loop: 301
 Test collisions: 332.8582ms
Step: 960.9411ms
====================================
Loop: 302
 Test collisions: 333.1384ms
Step: 957.6075ms
====================================
Loop: 303
 Test collisions: 330.4464ms
Step: 951.9139ms
====================================
Loop: 304
 Test collisions: 326.4605ms
Step: 953.4203ms
====================================
Loop: 305
 Test collisions: 325.1443ms
Step: 946.4791ms
====================================
Loop: 306
 Test collisions: 320.7806ms
Step: 944.3958ms
====================================
Loop: 307
 Test collisions: 317.5914ms
Step: 937.1237ms
====================================
Loop: 308
 Test collisions: 314.2095ms
Step: 940.7213ms
====================================
Loop: 309
 Test collisions: 310.0681ms
Step: 915.7830ms
====================================
Loop: 310
 Test collisions: 312.6856ms
Step: 917.6034ms
====================================
Loop: 311
 Test collisions: 315.1548ms
Step: 915.2117ms
====================================
Loop: 312
 Test collisions: 313.9909ms
Step: 912.4218ms
====================================
Loop: 313
 Test collisions: 312.1244ms
Step: 908.7347ms
====================================
Loop: 314
 Test collisions: 309.2637ms
Step: 903.8802ms
====================================
Loop: 315
 Test collisions: 311.4662ms
Step: 895.8904ms
====================================
Loop: 316
 Test collisions: 311.7246ms
Step: 900.5357ms
====================================
Loop: 317
 Test collisions: 305.9576ms
Step: 897.3723ms
====================================
Loop: 318
 Test collisions: 299.2343ms
Step: 889.7478ms
====================================
Loop: 319
 Test collisions: 296.1247ms
Step: 881.0417ms
====================================
Loop: 320
 Test collisions: 298.3807ms
Step: 878.2338ms
====================================
Loop: 321
 Test collisions: 298.8251ms
Step: 881.4110ms
====================================
Loop: 322
 Test collisions: 298.0582ms
Step: 876.1313ms
====================================
Loop: 323
 Test collisions: 296.7686ms
Step: 869.3674ms
====================================
Loop: 324
 Test collisions: 300.0797ms
Step: 872.4366ms
====================================
Loop: 325
 Test collisions: 298.9211ms
Step: 869.3934ms
====================================
Loop: 326
 Test collisions: 288.0372ms
Step: 871.1714ms
====================================
Loop: 327
 Test collisions: 286.1854ms
Step: 856.4629ms
====================================
Loop: 328
 Test collisions: 291.0860ms
Step: 865.7253ms
====================================
Loop: 329
 Test collisions: 291.5386ms
Step: 868.7291ms
====================================
Loop: 330
 Test collisions: 286.1819ms
Step: 851.7493ms
====================================
Loop: 331
 Test collisions: 290.5065ms
Step: 854.9776ms
====================================
Loop: 332
 Test collisions: 291.1573ms
Step: 856.6259ms
====================================
Loop: 333
 Test collisions: 280.7196ms
Step: 855.0305ms
====================================
Loop: 334
 Test collisions: 279.3482ms
Step: 843.5791ms
====================================
Loop: 335
 Test collisions: 282.9939ms
Step: 848.5713ms
====================================
Loop: 336
 Test collisions: 283.7752ms
Step: 853.7443ms
====================================
Loop: 337
 Test collisions: 277.9626ms
Step: 839.2114ms
====================================
Loop: 338
 Test collisions: 284.8484ms
Step: 839.7982ms
====================================
Loop: 339
 Test collisions: 278.2697ms
Step: 845.7589ms
====================================
Loop: 340
 Test collisions: 273.2558ms
Step: 843.8171ms
====================================
Loop: 341
 Test collisions: 274.2113ms
Step: 865.5203ms
====================================
Loop: 342
 Test collisions: 285.9190ms
Step: 863.7623ms
====================================
Loop: 343
 Test collisions: 274.2744ms
Step: 842.5381ms
====================================
Loop: 344
 Test collisions: 275.3655ms
Step: 847.8325ms
====================================
Loop: 345
 Test collisions: 288.3576ms
Step: 856.8419ms
====================================
Loop: 346
 Test collisions: 268.4507ms
Step: 822.7168ms
====================================
Loop: 347
 Test collisions: 259.9463ms
Step: 815.8558ms
====================================
Loop: 348
 Test collisions: 264.9366ms
Step: 807.5284ms
====================================
Loop: 349
 Test collisions: 255.9051ms
Step: 793.2916ms
====================================
Loop: 350
 Test collisions: 262.2767ms
Step: 789.4645ms
====================================
Loop: 351
 Test collisions: 256.7052ms
Step: 787.1055ms
====================================
Loop: 352
 Test collisions: 253.3444ms
Step: 780.9399ms
====================================
Loop: 353
 Test collisions: 256.3286ms
Step: 770.7816ms
====================================
Loop: 354
 Test collisions: 246.1664ms
Step: 743.1816ms
====================================
Loop: 355
 Test collisions: 248.7456ms
Step: 754.0872ms
====================================
Loop: 356
 Test collisions: 247.4766ms
Step: 746.4312ms
====================================
Loop: 357
 Test collisions: 241.5242ms
Step: 732.5822ms
====================================
Loop: 358
 Test collisions: 238.5995ms
Step: 718.1320ms
====================================
Loop: 359
 Test collisions: 235.6886ms
Step: 712.1588ms
====================================
Loop: 360
 Test collisions: 235.1996ms
Step: 714.5372ms
====================================
Loop: 361
 Test collisions: 229.6848ms
Step: 698.9830ms
====================================
Loop: 362
 Test collisions: 235.2236ms
Step: 699.8654ms
====================================
Loop: 363
 Test collisions: 224.7284ms
Step: 688.7014ms
====================================
Loop: 364
 Test collisions: 228.5191ms
Step: 691.3212ms
====================================
Loop: 365
 Test collisions: 229.6469ms
Step: 686.0207ms
====================================
Loop: 366
 Test collisions: 217.7490ms
Step: 666.2125ms
====================================
Loop: 367
 Test collisions: 223.1137ms
Step: 665.2009ms
====================================
Loop: 368
 Test collisions: 223.5191ms
Step: 665.4692ms
====================================
Loop: 369
 Test collisions: 211.8490ms
Step: 673.7742ms
====================================
Loop: 370
 Test collisions: 217.1249ms
Step: 673.4769ms
====================================
Loop: 371
 Test collisions: 216.2806ms
Step: 661.9508ms
====================================
Loop: 372
 Test collisions: 206.6014ms
Step: 652.3879ms
====================================
Loop: 373
 Test collisions: 210.1751ms
Step: 647.8400ms
====================================
Loop: 374
 Test collisions: 213.4447ms
Step: 646.7158ms
====================================
Loop: 375
 Test collisions: 201.6250ms
Step: 630.6775ms
====================================
Loop: 376
 Test collisions: 200.3695ms
Step: 619.5341ms
====================================
Loop: 377
 Test collisions: 202.7673ms
Step: 618.9579ms
====================================
Loop: 378
 Test collisions: 200.0844ms
Step: 623.4837ms
====================================
Loop: 379
 Test collisions: 193.6222ms
Step: 610.6343ms
====================================
Loop: 380
 Test collisions: 194.0238ms
Step: 605.5711ms
====================================
Loop: 381
 Test collisions: 190.0503ms
Step: 592.3745ms
====================================
Loop: 382
 Test collisions: 195.5583ms
Step: 593.8832ms
====================================
Loop: 383
 Test collisions: 187.8705ms
Step: 590.5740ms
====================================
Loop: 384
 Test collisions: 186.2996ms
Step: 581.3005ms
====================================
Loop: 385
 Test collisions: 182.8565ms
Step: 577.2139ms
====================================
Loop: 386
 Test collisions: 182.1192ms
Step: 569.9134ms
====================================
Loop: 387
 Test collisions: 181.5360ms
Step: 570.7592ms
====================================
Loop: 388
 Test collisions: 181.9680ms
Step: 562.4958ms
====================================
Loop: 389
 Test collisions: 184.6194ms
Step: 560.5150ms
====================================
Loop: 390
 Test collisions: 178.2052ms
Step: 555.0724ms
====================================
Loop: 391
 Test collisions: 174.9885ms
Step: 546.9762ms
====================================
Loop: 392
 Test collisions: 170.2944ms
Step: 545.4125ms
====================================
Loop: 393
 Test collisions: 169.0565ms
Step: 536.9707ms
====================================
Loop: 394
 Test collisions: 168.1473ms
Step: 536.4803ms
====================================
Loop: 395
 Test collisions: 165.6103ms
Step: 522.2684ms
====================================
Loop: 396
 Test collisions: 161.7844ms
Step: 522.1785ms
====================================
Loop: 397
 Test collisions: 162.3374ms
Step: 513.4277ms
====================================
Loop: 398
 Test collisions: 162.0194ms
Step: 516.1559ms
====================================
Loop: 399
 Test collisions: 157.4844ms
Step: 503.5618ms
====================================
Loop: 400
 Test collisions: 157.4466ms
Step: 503.4188ms
====================================
Loop: 401
 Test collisions: 155.6929ms
Step: 496.0409ms
====================================
Loop: 402
 Test collisions: 155.0938ms
Step: 493.8485ms
====================================
Loop: 403
 Test collisions: 150.8168ms
Step: 480.2599ms
====================================
Loop: 404
 Test collisions: 150.2039ms
Step: 485.1110ms
====================================
Loop: 405
 Test collisions: 149.4947ms
Step: 479.8527ms
====================================
Loop: 406
 Test collisions: 147.8155ms
Step: 479.5152ms
====================================
Loop: 407
 Test collisions: 146.7738ms
Step: 470.8863ms
====================================
Loop: 408
 Test collisions: 145.0563ms
Step: 474.5649ms
====================================
Loop: 409
 Test collisions: 144.1710ms
Step: 463.1850ms
====================================
Loop: 410
 Test collisions: 141.6315ms
Step: 460.1274ms
====================================
Loop: 411
 Test collisions: 141.5455ms
Step: 462.3687ms
====================================
Loop: 412
 Test collisions: 140.4628ms
Step: 456.2614ms
====================================
Loop: 413
 Test collisions: 142.6766ms
Step: 453.9343ms
====================================
Loop: 414
 Test collisions: 140.3384ms
Step: 452.5665ms
====================================
Loop: 415
 Test collisions: 140.0236ms
Step: 455.6447ms
====================================
Loop: 416
 Test collisions: 133.4137ms
Step: 444.1504ms
====================================
Loop: 417
 Test collisions: 131.9144ms
Step: 445.2054ms
====================================
Loop: 418
 Test collisions: 131.6541ms
Step: 438.2227ms
====================================
Loop: 419
 Test collisions: 130.1634ms
Step: 451.2618ms
====================================
Loop: 420
 Test collisions: 129.5735ms
Step: 444.7245ms
====================================
Loop: 421
 Test collisions: 127.4743ms
Step: 435.9189ms
====================================
Loop: 422
 Test collisions: 131.2825ms
Step: 432.0255ms
====================================
Loop: 423
 Test collisions: 130.6330ms
Step: 425.2722ms
====================================
Loop: 424
 Test collisions: 124.5261ms
Step: 421.1422ms
====================================
Loop: 425
 Test collisions: 122.1178ms
Step: 417.1603ms
====================================
Loop: 426
 Test collisions: 121.1991ms
Step: 418.6306ms
====================================
Loop: 427
 Test collisions: 120.6829ms
Step: 404.4290ms
====================================
Loop: 428
 Test collisions: 120.9152ms
Step: 420.1949ms
====================================
Loop: 429
 Test collisions: 122.2750ms
Step: 429.3508ms
====================================
Loop: 430
 Test collisions: 115.5943ms
Step: 418.6546ms
====================================
Loop: 431
 Test collisions: 114.3623ms
Step: 408.9986ms
====================================
Loop: 432
 Test collisions: 114.2005ms
Step: 400.6495ms
====================================
Loop: 433
 Test collisions: 112.5433ms
Step: 397.3004ms
====================================
Loop: 434
 Test collisions: 117.2822ms
Step: 395.6777ms
====================================
Loop: 435
 Test collisions: 111.1649ms
Step: 390.9419ms
====================================
Loop: 436
 Test collisions: 109.6711ms
Step: 396.8084ms
====================================
Loop: 437
 Test collisions: 108.4289ms
Step: 387.6337ms
====================================
Loop: 438
 Test collisions: 107.5910ms
Step: 382.3430ms
====================================
Loop: 439
 Test collisions: 110.7818ms
Step: 384.1181ms
====================================
Loop: 440
 Test collisions: 105.3941ms
Step: 378.0319ms
====================================
Loop: 441
 Test collisions: 105.7551ms
Step: 385.0772ms
====================================
Loop: 442
 Test collisions: 104.9996ms
Step: 371.0884ms
====================================
Loop: 443
 Test collisions: 107.5602ms
Step: 374.2435ms
====================================
Loop: 444
 Test collisions: 102.3779ms
Step: 377.7600ms
====================================
Loop: 445
 Test collisions: 102.0448ms
Step: 377.4586ms
====================================
Loop: 446
 Test collisions: 99.7156ms
Step: 366.8944ms
====================================
Loop: 447
 Test collisions: 104.4599ms
Step: 367.8706ms
====================================
Loop: 448
 Test collisions: 98.2763ms
Step: 362.2207ms
====================================
Loop: 449
 Test collisions: 98.6037ms
Step: 368.3110ms
====================================
Loop: 450
 Test collisions: 98.6156ms
Step: 357.4205ms
====================================
Loop: 451
 Test collisions: 96.5995ms
Step: 353.8285ms
====================================
Loop: 452
 Test collisions: 94.6288ms
Step: 362.8549ms
====================================
Loop: 453
 Test collisions: 95.8692ms
Step: 358.2458ms
====================================
Loop: 454
 Test collisions: 96.2031ms
Step: 354.4626ms
====================================
Loop: 455
 Test collisions: 92.6707ms
Step: 351.8636ms
====================================
Loop: 456
 Test collisions: 91.9645ms
Step: 348.5416ms
====================================
Loop: 457
 Test collisions: 92.9489ms
Step: 346.3228ms
====================================
Loop: 458
 Test collisions: 91.5314ms
Step: 345.5152ms
====================================
Loop: 459
 Test collisions: 89.9803ms
Step: 344.3471ms
====================================
Loop: 460
 Test collisions: 88.9963ms
Step: 336.3116ms
====================================
Loop: 461
 Test collisions: 93.0170ms
Step: 340.5201ms
====================================
Loop: 462
 Test collisions: 88.2464ms
Step: 335.4369ms
====================================
Loop: 463
 Test collisions: 86.9526ms
Step: 330.3683ms
====================================
Loop: 464
 Test collisions: 89.3852ms
Step: 335.8135ms
====================================
Loop: 465
 Test collisions: 86.2332ms
Step: 336.6311ms
====================================
Loop: 466
 Test collisions: 85.1576ms
Step: 327.9263ms
====================================
Loop: 467
 Test collisions: 86.5023ms
Step: 338.7186ms
====================================
Loop: 468
 Test collisions: 85.0621ms
Step: 340.7729ms
====================================
Loop: 469
 Test collisions: 83.6331ms
Step: 327.0644ms
====================================
Loop: 470
 Test collisions: 86.4849ms
Step: 331.2300ms
====================================
Loop: 471
 Test collisions: 82.5799ms
Step: 326.7864ms
====================================
Loop: 472
 Test collisions: 81.0534ms
Step: 318.8293ms
====================================
Loop: 473
 Test collisions: 82.0974ms
Step: 329.4038ms
====================================
Loop: 474
 Test collisions: 80.4804ms
Step: 320.9701ms
====================================
Loop: 475
 Test collisions: 80.9664ms
Step: 316.8432ms
====================================
Loop: 476
 Test collisions: 78.8710ms
Step: 318.4748ms
====================================
Loop: 477
 Test collisions: 78.9552ms
Step: 316.5336ms
====================================
Loop: 478
 Test collisions: 80.2424ms
Step: 310.5610ms
====================================
Loop: 479
 Test collisions: 77.3706ms
Step: 320.3550ms
====================================
Loop: 480
 Test collisions: 78.1698ms
Step: 312.6039ms
====================================
Loop: 481
 Test collisions: 76.6775ms
Step: 309.7977ms
====================================
Loop: 482
 Test collisions: 75.5873ms
Step: 315.8677ms
====================================
Loop: 483
 Test collisions: 75.2086ms
Step: 306.2114ms
====================================
Loop: 484
 Test collisions: 74.5090ms
Step: 308.0775ms
====================================
Loop: 485
 Test collisions: 73.9571ms
Step: 306.2693ms
====================================
Loop: 486
 Test collisions: 77.3695ms
Step: 309.4901ms
====================================
Loop: 487
 Test collisions: 73.0420ms
Step: 313.8695ms
====================================
Loop: 488
 Test collisions: 72.6234ms
Step: 305.4009ms
====================================
Loop: 489
 Test collisions: 75.1683ms
Step: 312.1481ms
====================================
Loop: 490
 Test collisions: 72.5478ms
Step: 314.4735ms
====================================
Loop: 491
 Test collisions: 74.5136ms
Step: 304.9637ms
====================================
Loop: 492
 Test collisions: 70.7350ms
Step: 304.5455ms
====================================
Loop: 493
 Test collisions: 71.1787ms
Step: 295.3043ms
====================================
Loop: 494
 Test collisions: 70.6686ms
Step: 297.7844ms
====================================
Loop: 495
 Test collisions: 70.1175ms
Step: 300.5094ms
====================================
Loop: 496
 Test collisions: 72.9538ms
Step: 299.5474ms
====================================
Loop: 497
 Test collisions: 68.8080ms
Step: 300.4566ms
====================================
Loop: 498
 Test collisions: 68.4755ms
Step: 291.7465ms
====================================
Loop: 499
 Test collisions: 71.5107ms
Step: 298.6445ms
====================================
Loop: 500
 Test collisions: 68.6964ms
Step: 292.6658ms
====================================
