Using platform vendor: NVIDIA Corporation
Loop: 0
 Update pairs: 318.1952ms
 Test collisions: 205.1123ms
 Reset flags: 11.2830ms
       Build islands: 29.4379ms
       Apply gravity: 7.3724ms
  Solve: 0.0026ms
       Tangent impulse: 0.0004ms
       Integrate: 4.6105ms
 Island solver: 42.3079ms
 Synchronize proxies: 21.9361ms
 Find new contacts: 0.1935ms
Step: 599.9500ms
====================================
Loop: 1
 Update pairs: 0.0006ms
 Test collisions: 212.5758ms
 Reset flags: 11.2803ms
       Build islands: 29.5096ms
       Apply gravity: 7.4154ms
  Solve: 0.0012ms
       Tangent impulse: 0.0004ms
       Integrate: 4.9597ms
 Island solver: 42.7886ms
 Synchronize proxies: 22.6744ms
 Find new contacts: 0.2019ms
Step: 290.4751ms
====================================
Loop: 2
 Update pairs: 0.0004ms
 Test collisions: 210.3824ms
 Reset flags: 11.3517ms
       Build islands: 29.1799ms
       Apply gravity: 6.8565ms
  Solve: 0.0008ms
       Tangent impulse: 0.0003ms
       Integrate: 5.1075ms
 Island solver: 42.7565ms
 Synchronize proxies: 23.3892ms
 Find new contacts: 0.1908ms
Step: 289.2578ms
====================================
Loop: 3
 Update pairs: 0.0005ms
 Test collisions: 216.4187ms
 Reset flags: 11.4529ms
       Build islands: 29.3279ms
       Apply gravity: 7.1967ms
  Solve: 0.0009ms
       Tangent impulse: 0.0004ms
       Integrate: 4.8485ms
 Island solver: 42.2648ms
 Synchronize proxies: 22.1510ms
 Find new contacts: 0.1912ms
Step: 293.3842ms
====================================
Loop: 4
 Update pairs: 0.0004ms
 Test collisions: 213.3525ms
 Reset flags: 11.3962ms
       Build islands: 29.6426ms
       Apply gravity: 7.0013ms
  Solve: 0.0009ms
       Tangent impulse: 0.0004ms
       Integrate: 4.7565ms
 Island solver: 42.3075ms
 Synchronize proxies: 22.8231ms
 Find new contacts: 0.3619ms
Step: 291.9673ms
====================================
Loop: 5
 Update pairs: 0.0009ms
 Test collisions: 264.7543ms
 Reset flags: 13.1421ms
       Build islands: 31.4644ms
       Apply gravity: 7.8312ms
  Solve: 0.0010ms
       Tangent impulse: 0.0004ms
       Integrate: 4.8949ms
 Island solver: 45.0940ms
 Synchronize proxies: 23.7511ms
 Find new contacts: 0.2029ms
Step: 347.8758ms
====================================
Loop: 6
 Update pairs: 0.0004ms
 Test collisions: 217.4402ms
 Reset flags: 11.3107ms
       Build islands: 29.4254ms
       Apply gravity: 7.3776ms
  Solve: 0.0010ms
       Tangent impulse: 0.0003ms
       Integrate: 4.9569ms
 Island solver: 42.6613ms
 Synchronize proxies: 23.4287ms
 Find new contacts: 0.1958ms
Step: 295.9509ms
====================================
Loop: 7
 Update pairs: 0.0004ms
 Test collisions: 210.0361ms
 Reset flags: 11.3078ms
       Build islands: 29.3783ms
       Apply gravity: 7.3514ms
  Solve: 0.0010ms
       Tangent impulse: 0.0004ms
       Integrate: 4.9272ms
 Island solver: 42.5990ms
 Synchronize proxies: 23.2043ms
 Find new contacts: 0.1964ms
Step: 288.2556ms
====================================
Loop: 8
 Update pairs: 0.0004ms
 Test collisions: 217.2439ms
 Reset flags: 11.3460ms
       Build islands: 29.2365ms
       Apply gravity: 7.3621ms
  Solve: 0.0010ms
       Tangent impulse: 0.0003ms
       Integrate: 4.9250ms
 Island solver: 42.4306ms
 Synchronize proxies: 22.8081ms
 Find new contacts: 0.1930ms
Step: 294.9377ms
====================================
Loop: 9
 Update pairs: 0.0006ms
 Test collisions: 213.4458ms
 Reset flags: 11.5700ms
       Build islands: 29.8524ms
       Apply gravity: 7.1833ms
  Solve: 0.0010ms
       Tangent impulse: 0.0004ms
       Integrate: 4.8206ms
 Island solver: 42.7877ms
 Synchronize proxies: 22.5906ms
 Find new contacts: 0.1968ms
Step: 291.5467ms
====================================
Loop: 10
 Update pairs: 0.0004ms
 Test collisions: 211.7256ms
 Reset flags: 11.3193ms
       Build islands: 29.2581ms
       Apply gravity: 7.1519ms
  Solve: 0.0009ms
       Tangent impulse: 0.0003ms
       Integrate: 4.7871ms
 Island solver: 42.0939ms
 Synchronize proxies: 22.6654ms
 Find new contacts: 0.1877ms
Step: 288.9528ms
====================================
Loop: 11
 Update pairs: 0.0008ms
 Test collisions: 215.9334ms
 Reset flags: 15.0251ms
       Build islands: 29.2504ms
       Apply gravity: 7.1553ms
  Solve: 0.0013ms
       Tangent impulse: 0.0004ms
       Integrate: 4.7673ms
 Island solver: 42.0845ms
 Synchronize proxies: 22.4622ms
 Find new contacts: 0.2000ms
Step: 296.6457ms
====================================
Loop: 12
 Update pairs: 0.0004ms
 Test collisions: 210.6660ms
 Reset flags: 11.2147ms
       Build islands: 29.3596ms
       Apply gravity: 7.2987ms
  Solve: 0.0012ms
       Tangent impulse: 0.0004ms
       Integrate: 4.9164ms
 Island solver: 42.4920ms
 Synchronize proxies: 23.0981ms
 Find new contacts: 0.2274ms
Step: 288.6132ms
====================================
Loop: 13
 Update pairs: 0.0006ms
 Test collisions: 222.2793ms
 Reset flags: 11.3047ms
       Build islands: 29.3498ms
       Apply gravity: 7.3798ms
  Solve: 0.0009ms
       Tangent impulse: 0.0004ms
       Integrate: 4.9383ms
 Island solver: 42.5560ms
 Synchronize proxies: 22.9862ms
 Find new contacts: 0.1936ms
Step: 300.2319ms
====================================
Loop: 14
 Update pairs: 0.0004ms
 Test collisions: 213.7683ms
 Reset flags: 11.5576ms
       Build islands: 29.4173ms
       Apply gravity: 7.2672ms
  Solve: 0.0012ms
       Tangent impulse: 0.0003ms
       Integrate: 4.9852ms
 Island solver: 42.7089ms
 Synchronize proxies: 23.4433ms
 Find new contacts: 0.1871ms
Step: 292.6307ms
====================================
Loop: 15
 Update pairs: 0.0004ms
 Test collisions: 215.8091ms
 Reset flags: 11.3465ms
       Build islands: 29.5842ms
       Apply gravity: 7.6128ms
  Solve: 0.0010ms
       Tangent impulse: 0.0004ms
       Integrate: 5.1106ms
 Island solver: 43.2731ms
 Synchronize proxies: 23.4084ms
 Find new contacts: 0.2092ms
Step: 294.9789ms
====================================
Loop: 16
 Update pairs: 0.0004ms
 Test collisions: 218.2751ms
 Reset flags: 13.1509ms
       Build islands: 30.5582ms
       Apply gravity: 7.1634ms
  Solve: 0.0010ms
       Tangent impulse: 0.0003ms
       Integrate: 4.9291ms
 Island solver: 43.6622ms
 Synchronize proxies: 21.8805ms
 Find new contacts: 0.1873ms
Step: 298.0611ms
====================================
Loop: 17
 Update pairs: 0.0004ms
 Test collisions: 208.8784ms
 Reset flags: 11.3373ms
       Build islands: 28.8614ms
       Apply gravity: 6.7538ms
  Solve: 0.0009ms
       Tangent impulse: 0.0003ms
       Integrate: 4.4493ms
 Island solver: 40.9490ms
 Synchronize proxies: 21.0817ms
 Find new contacts: 0.1884ms
Step: 283.3313ms
====================================
Loop: 18
 Update pairs: 0.0004ms
 Test collisions: 217.7989ms
 Reset flags: 12.7803ms
       Build islands: 29.2961ms
       Apply gravity: 7.1398ms
  Solve: 0.0009ms
       Tangent impulse: 0.0003ms
       Integrate: 4.8245ms
 Island solver: 42.1430ms
 Synchronize proxies: 169.3443ms
 Find new contacts: 253.7199ms
Step: 696.7090ms
====================================
Loop: 19
 Update pairs: 0.0004ms
 Test collisions: 209.4156ms
 Reset flags: 11.3209ms
       Build islands: 29.3276ms
       Apply gravity: 7.1033ms
  Solve: 0.0013ms
       Tangent impulse: 0.0003ms
       Integrate: 4.9178ms
 Island solver: 42.2333ms
 Synchronize proxies: 22.1731ms
 Find new contacts: 0.1866ms
Step: 286.2375ms
====================================
Loop: 20
 Update pairs: 0.0004ms
 Test collisions: 213.1909ms
 Reset flags: 11.3635ms
       Build islands: 29.5346ms
       Apply gravity: 7.4182ms
  Solve: 0.0009ms
       Tangent impulse: 0.0003ms
       Integrate: 4.9468ms
 Island solver: 42.8293ms
 Synchronize proxies: 22.8481ms
 Find new contacts: 0.1956ms
Step: 291.3523ms
====================================
Loop: 21
 Update pairs: 0.0004ms
 Test collisions: 209.6647ms
 Reset flags: 11.3422ms
       Build islands: 30.3497ms
       Apply gravity: 7.2600ms
  Solve: 0.0009ms
       Tangent impulse: 0.0003ms
       Integrate: 4.6896ms
 Island solver: 43.1647ms
 Synchronize proxies: 22.9408ms
 Find new contacts: 0.1871ms
Step: 288.2440ms
====================================
Loop: 22
 Update pairs: 0.0004ms
 Test collisions: 213.9117ms
 Reset flags: 11.3272ms
       Build islands: 29.3926ms
       Apply gravity: 7.3726ms
  Solve: 0.0011ms
       Tangent impulse: 0.0003ms
       Integrate: 4.9354ms
 Island solver: 42.6068ms
 Synchronize proxies: 23.3142ms
 Find new contacts: 0.1991ms
Step: 292.2925ms
====================================
Loop: 23
 Update pairs: 0.0004ms
 Test collisions: 210.8165ms
 Reset flags: 11.3223ms
       Build islands: 29.9950ms
       Apply gravity: 7.2649ms
  Solve: 0.0011ms
       Tangent impulse: 0.0004ms
       Integrate: 4.8732ms
 Island solver: 43.0292ms
 Synchronize proxies: 22.6100ms
 Find new contacts: 0.2027ms
Step: 288.9706ms
====================================
Loop: 24
 Update pairs: 0.0005ms
 Test collisions: 210.0226ms
 Reset flags: 11.3188ms
       Build islands: 29.3513ms
       Apply gravity: 7.4162ms
  Solve: 0.0010ms
       Tangent impulse: 0.0004ms
       Integrate: 4.9373ms
 Island solver: 42.6216ms
 Synchronize proxies: 23.3283ms
 Find new contacts: 0.1970ms
Step: 288.4055ms
====================================
Loop: 25
 Update pairs: 0.0005ms
 Test collisions: 215.6700ms
 Reset flags: 11.2243ms
       Build islands: 30.6519ms
       Apply gravity: 7.0833ms
  Solve: 0.0012ms
       Tangent impulse: 0.0006ms
       Integrate: 4.6875ms
 Island solver: 43.3172ms
 Synchronize proxies: 21.7239ms
 Find new contacts: 0.1876ms
Step: 293.0683ms
====================================
Loop: 26
 Update pairs: 0.0008ms
 Test collisions: 208.3471ms
 Reset flags: 11.2748ms
       Build islands: 29.2668ms
       Apply gravity: 6.8107ms
  Solve: 0.0010ms
       Tangent impulse: 0.0003ms
       Integrate: 4.6156ms
 Island solver: 41.6119ms
 Synchronize proxies: 171.6580ms
 Find new contacts: 251.3489ms
Step: 685.1492ms
====================================
Loop: 27
 Update pairs: 0.0005ms
 Test collisions: 216.3669ms
 Reset flags: 11.3496ms
       Build islands: 30.6422ms
       Apply gravity: 7.1294ms
  Solve: 0.0009ms
       Tangent impulse: 0.0004ms
       Integrate: 4.6328ms
 Island solver: 43.3122ms
 Synchronize proxies: 22.3923ms
 Find new contacts: 0.1879ms
Step: 294.5369ms
====================================
Loop: 28
 Update pairs: 0.0006ms
 Test collisions: 208.9440ms
 Reset flags: 11.3591ms
       Build islands: 29.3207ms
       Apply gravity: 7.1676ms
  Solve: 0.0010ms
       Tangent impulse: 0.0004ms
       Integrate: 4.9325ms
 Island solver: 42.2982ms
 Synchronize proxies: 22.4852ms
 Find new contacts: 0.1908ms
Step: 286.2018ms
====================================
Loop: 29
 Update pairs: 0.0006ms
 Test collisions: 216.1331ms
 Reset flags: 11.4271ms
       Build islands: 29.3141ms
       Apply gravity: 7.0652ms
  Solve: 0.0012ms
       Tangent impulse: 0.0004ms
       Integrate: 4.8118ms
 Island solver: 42.0957ms
 Synchronize proxies: 22.1279ms
 Find new contacts: 0.1870ms
Step: 292.8783ms
====================================
Loop: 30
 Update pairs: 0.0005ms
 Test collisions: 208.5981ms
 Reset flags: 11.2765ms
       Build islands: 31.8811ms
       Apply gravity: 7.2876ms
  Solve: 0.0012ms
       Tangent impulse: 0.0004ms
       Integrate: 4.8573ms
 Island solver: 45.9925ms
 Synchronize proxies: 23.3030ms
 Find new contacts: 0.1932ms
Step: 290.3052ms
====================================
Loop: 31
 Update pairs: 0.0006ms
 Test collisions: 214.8797ms
 Reset flags: 11.3471ms
       Build islands: 29.4075ms
       Apply gravity: 7.3535ms
  Solve: 0.0009ms
       Tangent impulse: 0.0003ms
       Integrate: 4.9418ms
 Island solver: 42.6132ms
 Synchronize proxies: 23.2093ms
 Find new contacts: 0.1998ms
Step: 293.2100ms
====================================
Loop: 32
 Update pairs: 0.0006ms
 Test collisions: 212.2736ms
 Reset flags: 11.3352ms
       Build islands: 29.6018ms
       Apply gravity: 7.1344ms
  Solve: 0.0014ms
       Tangent impulse: 0.0004ms
       Integrate: 4.8088ms
 Island solver: 42.4527ms
 Synchronize proxies: 24.6172ms
 Find new contacts: 0.2887ms
Step: 291.8852ms
====================================
Loop: 33
 Update pairs: 0.0005ms
 Test collisions: 262.5521ms
 Reset flags: 11.3235ms
       Build islands: 29.0566ms
       Apply gravity: 7.0854ms
  Solve: 0.0010ms
       Tangent impulse: 0.0003ms
       Integrate: 4.7974ms
 Island solver: 41.8273ms
 Synchronize proxies: 177.3988ms
 Find new contacts: 250.3937ms
Step: 744.4055ms
====================================
Loop: 34
 Update pairs: 0.0004ms
 Test collisions: 210.4135ms
 Reset flags: 11.1915ms
       Build islands: 30.3098ms
       Apply gravity: 7.3345ms
  Solve: 0.0012ms
       Tangent impulse: 0.0004ms
       Integrate: 4.7299ms
 Island solver: 43.2871ms
 Synchronize proxies: 22.3461ms
 Find new contacts: 0.2003ms
Step: 288.3416ms
====================================
Loop: 35
 Update pairs: 0.0004ms
 Test collisions: 206.9337ms
 Reset flags: 14.4414ms
       Build islands: 29.3700ms
       Apply gravity: 7.1420ms
  Solve: 0.0012ms
       Tangent impulse: 0.0004ms
       Integrate: 4.7840ms
 Island solver: 42.1920ms
 Synchronize proxies: 23.2649ms
 Find new contacts: 0.1947ms
Step: 287.9420ms
====================================
Loop: 36
 Update pairs: 0.0004ms
 Test collisions: 218.1167ms
 Reset flags: 11.3744ms
       Build islands: 29.4323ms
       Apply gravity: 7.0597ms
  Solve: 0.0010ms
       Tangent impulse: 0.0003ms
       Integrate: 4.8025ms
 Island solver: 42.2021ms
 Synchronize proxies: 21.9490ms
 Find new contacts: 0.1956ms
Step: 294.7557ms
====================================
Loop: 37
 Update pairs: 0.0005ms
 Test collisions: 208.6267ms
 Reset flags: 11.3369ms
       Build islands: 31.5424ms
       Apply gravity: 7.3670ms
  Solve: 0.0011ms
       Tangent impulse: 0.0005ms
       Integrate: 5.0438ms
 Island solver: 44.8462ms
 Synchronize proxies: 22.6024ms
 Find new contacts: 0.1958ms
Step: 288.5366ms
====================================
Loop: 38
 Update pairs: 0.0006ms
 Test collisions: 214.1011ms
 Reset flags: 11.3320ms
       Build islands: 29.4316ms
       Apply gravity: 7.3720ms
  Solve: 0.0011ms
       Tangent impulse: 0.0003ms
       Integrate: 4.9571ms
 Island solver: 42.6504ms
 Synchronize proxies: 171.3949ms
 Find new contacts: 253.2091ms
Step: 693.6016ms
====================================
Loop: 39
 Update pairs: 0.0006ms
 Test collisions: 219.4781ms
 Reset flags: 16.4344ms
       Build islands: 35.6144ms
       Apply gravity: 9.9664ms
  Solve: 0.0011ms
       Tangent impulse: 0.0005ms
       Integrate: 6.3885ms
 Island solver: 53.0398ms
 Synchronize proxies: 28.8901ms
 Find new contacts: 0.2372ms
Step: 319.1072ms
====================================
Loop: 40
 Update pairs: 0.0005ms
 Test collisions: 219.5561ms
 Reset flags: 11.3014ms
       Build islands: 29.4961ms
       Apply gravity: 7.3330ms
  Solve: 0.0010ms
       Tangent impulse: 0.0004ms
       Integrate: 4.9434ms
 Island solver: 42.7040ms
 Synchronize proxies: 23.0219ms
 Find new contacts: 0.1946ms
Step: 297.6921ms
====================================
Loop: 41
 Update pairs: 0.0004ms
 Test collisions: 215.6024ms
 Reset flags: 11.3464ms
       Build islands: 29.1332ms
       Apply gravity: 7.0379ms
  Solve: 0.0010ms
       Tangent impulse: 0.0003ms
       Integrate: 4.7549ms
 Island solver: 41.8127ms
 Synchronize proxies: 22.2785ms
 Find new contacts: 0.2263ms
Step: 292.1630ms
====================================
Loop: 42
 Update pairs: 0.0004ms
 Test collisions: 211.8831ms
 Reset flags: 11.3187ms
       Build islands: 29.3474ms
       Apply gravity: 7.3470ms
  Solve: 0.0012ms
       Tangent impulse: 0.0003ms
       Integrate: 4.9593ms
 Island solver: 42.6235ms
 Synchronize proxies: 22.6122ms
 Find new contacts: 0.1973ms
Step: 289.5641ms
====================================
Loop: 43
 Update pairs: 0.0004ms
 Test collisions: 212.0979ms
 Reset flags: 11.3870ms
       Build islands: 31.9525ms
       Apply gravity: 6.8634ms
  Solve: 0.0010ms
       Tangent impulse: 0.0004ms
       Integrate: 4.5963ms
 Island solver: 44.2848ms
 Synchronize proxies: 170.2924ms
 Find new contacts: 251.4247ms
Step: 690.3876ms
====================================
Loop: 44
 Update pairs: 0.0004ms
 Test collisions: 210.0659ms
 Reset flags: 11.3340ms
       Build islands: 29.3044ms
       Apply gravity: 7.0799ms
  Solve: 0.0010ms
       Tangent impulse: 0.0003ms
       Integrate: 4.8004ms
 Island solver: 42.1536ms
 Synchronize proxies: 22.2574ms
 Find new contacts: 0.2017ms
Step: 286.9088ms
====================================
Loop: 45
 Update pairs: 0.0004ms
 Test collisions: 212.8860ms
 Reset flags: 11.3484ms
       Build islands: 32.1041ms
       Apply gravity: 7.6341ms
  Solve: 0.0011ms
       Tangent impulse: 0.0004ms
       Integrate: 4.8054ms
 Island solver: 45.4517ms
 Synchronize proxies: 22.0462ms
 Find new contacts: 0.1919ms
Step: 292.8280ms
====================================
Loop: 46
 Update pairs: 0.0005ms
 Test collisions: 206.9116ms
 Reset flags: 11.3569ms
       Build islands: 29.2017ms
       Apply gravity: 7.1099ms
  Solve: 0.0011ms
       Tangent impulse: 0.0003ms
       Integrate: 4.8828ms
 Island solver: 42.0878ms
 Synchronize proxies: 22.3994ms
 Find new contacts: 0.2002ms
Step: 283.8596ms
====================================
Loop: 47
 Update pairs: 0.0004ms
 Test collisions: 219.2072ms
 Reset flags: 11.3294ms
       Build islands: 29.5938ms
       Apply gravity: 7.5584ms
  Solve: 0.0010ms
       Tangent impulse: 0.0004ms
       Integrate: 5.0501ms
 Island solver: 43.0939ms
 Synchronize proxies: 170.3491ms
 Find new contacts: 248.6495ms
Step: 693.5338ms
====================================
Loop: 48
 Update pairs: 0.0004ms
 Test collisions: 206.9759ms
 Reset flags: 11.3476ms
       Build islands: 29.5520ms
       Apply gravity: 7.4036ms
  Solve: 0.0010ms
       Tangent impulse: 0.0004ms
       Integrate: 4.9418ms
 Island solver: 42.8250ms
 Synchronize proxies: 22.8217ms
 Find new contacts: 0.1915ms
Step: 285.0905ms
====================================
Loop: 49
 Update pairs: 0.0004ms
 Test collisions: 216.1067ms
 Reset flags: 11.6227ms
       Build islands: 29.4178ms
       Apply gravity: 7.2393ms
  Solve: 0.0011ms
       Tangent impulse: 0.0003ms
       Integrate: 4.8383ms
 Island solver: 42.4533ms
 Synchronize proxies: 22.2908ms
 Find new contacts: 0.1943ms
Step: 293.6067ms
====================================
Loop: 50
 Update pairs: 0.0004ms
 Test collisions: 209.1767ms
 Reset flags: 11.1627ms
       Build islands: 29.3250ms
       Apply gravity: 7.1089ms
  Solve: 0.0014ms
       Tangent impulse: 0.0004ms
       Integrate: 4.7598ms
 Island solver: 42.1237ms
 Synchronize proxies: 22.8795ms
 Find new contacts: 0.1970ms
Step: 286.4825ms
====================================
Loop: 51
 Update pairs: 0.0004ms
 Test collisions: 217.7776ms
 Reset flags: 11.3337ms
       Build islands: 29.1765ms
       Apply gravity: 7.1637ms
  Solve: 0.0010ms
       Tangent impulse: 0.0004ms
       Integrate: 4.8075ms
 Island solver: 42.1505ms
 Synchronize proxies: 173.2074ms
 Find new contacts: 253.4770ms
Step: 698.8460ms
====================================
Loop: 52
 Update pairs: 0.0004ms
 Test collisions: 208.8376ms
 Reset flags: 11.3350ms
       Build islands: 29.0696ms
       Apply gravity: 7.1669ms
  Solve: 0.0011ms
       Tangent impulse: 0.0004ms
       Integrate: 4.6064ms
 Island solver: 41.7292ms
 Synchronize proxies: 22.1536ms
 Find new contacts: 0.2070ms
Step: 285.1839ms
====================================
Loop: 53
 Update pairs: 0.0004ms
 Test collisions: 218.8397ms
 Reset flags: 11.4647ms
       Build islands: 29.3436ms
       Apply gravity: 7.3100ms
  Solve: 0.0010ms
       Tangent impulse: 0.0004ms
       Integrate: 4.7711ms
 Island solver: 42.4216ms
 Synchronize proxies: 22.9422ms
 Find new contacts: 0.1904ms
Step: 296.7769ms
====================================
Loop: 54
 Update pairs: 0.0004ms
 Test collisions: 225.1613ms
 Reset flags: 11.8496ms
       Build islands: 29.7454ms
       Apply gravity: 7.6090ms
                      Presolve: (256) 0.0329ms
                      Presolve: (256) 0.0379ms
                      Presolve: (256) 0.0404ms
                      Presolve: (256) 0.0327ms
                      Presolve total: 1.5386ms
  Solve: 7.0104ms
       Tangent impulse: 0.0214ms
       Integrate: 4.7266ms
 Island solver: 50.5154ms
 Synchronize proxies: 22.7655ms
 Find new contacts: 0.1869ms
Step: 311.4031ms
====================================
Loop: 55
